[2024-03-10T18:33:00.985+0000] {processor.py:161} INFO - Started process (PID=241) to work on /home/airflow/.local/lib/python3.8/site-packages/airflow/example_dags/example_kubernetes_executor.py
[2024-03-10T18:33:00.989+0000] {processor.py:830} INFO - Processing file /home/airflow/.local/lib/python3.8/site-packages/airflow/example_dags/example_kubernetes_executor.py for tasks to queue
[2024-03-10T18:33:00.992+0000] {logging_mixin.py:188} INFO - [2024-03-10T18:33:00.991+0000] {dagbag.py:540} INFO - Filling up the DagBag from /home/airflow/.local/lib/python3.8/site-packages/airflow/example_dags/example_kubernetes_executor.py
[2024-03-10T18:33:01.135+0000] {processor.py:840} INFO - DAG(s) 'example_kubernetes_executor' retrieved from /home/airflow/.local/lib/python3.8/site-packages/airflow/example_dags/example_kubernetes_executor.py
[2024-03-10T18:33:01.837+0000] {logging_mixin.py:188} INFO - [2024-03-10T18:33:01.835+0000] {override.py:1769} INFO - Created Permission View: can delete on DAG:example_kubernetes_executor
[2024-03-10T18:33:01.846+0000] {logging_mixin.py:188} INFO - [2024-03-10T18:33:01.845+0000] {override.py:1769} INFO - Created Permission View: can edit on DAG:example_kubernetes_executor
[2024-03-10T18:33:01.852+0000] {logging_mixin.py:188} INFO - [2024-03-10T18:33:01.852+0000] {override.py:1769} INFO - Created Permission View: can read on DAG:example_kubernetes_executor
[2024-03-10T18:33:01.860+0000] {logging_mixin.py:188} INFO - [2024-03-10T18:33:01.859+0000] {dag.py:3047} INFO - Sync 1 DAGs
[2024-03-10T18:33:01.880+0000] {logging_mixin.py:188} INFO - [2024-03-10T18:33:01.879+0000] {dag.py:3069} INFO - Creating ORM DAG for example_kubernetes_executor
[2024-03-10T18:33:01.882+0000] {logging_mixin.py:188} INFO - [2024-03-10T18:33:01.882+0000] {dag.py:3834} INFO - Setting next_dagrun for example_kubernetes_executor to None, run_after=None
[2024-03-10T18:33:01.905+0000] {processor.py:183} INFO - Processing /home/airflow/.local/lib/python3.8/site-packages/airflow/example_dags/example_kubernetes_executor.py took 0.932 seconds
[2024-03-10T18:33:44.123+0000] {processor.py:161} INFO - Started process (PID=488) to work on /home/airflow/.local/lib/python3.8/site-packages/airflow/example_dags/example_kubernetes_executor.py
[2024-03-10T18:33:44.127+0000] {processor.py:830} INFO - Processing file /home/airflow/.local/lib/python3.8/site-packages/airflow/example_dags/example_kubernetes_executor.py for tasks to queue
[2024-03-10T18:33:44.132+0000] {logging_mixin.py:188} INFO - [2024-03-10T18:33:44.130+0000] {dagbag.py:540} INFO - Filling up the DagBag from /home/airflow/.local/lib/python3.8/site-packages/airflow/example_dags/example_kubernetes_executor.py
[2024-03-10T18:33:44.342+0000] {processor.py:840} INFO - DAG(s) 'example_kubernetes_executor' retrieved from /home/airflow/.local/lib/python3.8/site-packages/airflow/example_dags/example_kubernetes_executor.py
[2024-03-10T18:33:44.853+0000] {logging_mixin.py:188} INFO - [2024-03-10T18:33:44.852+0000] {dag.py:3047} INFO - Sync 1 DAGs
[2024-03-10T18:33:44.941+0000] {logging_mixin.py:188} INFO - [2024-03-10T18:33:44.940+0000] {dag.py:3834} INFO - Setting next_dagrun for example_kubernetes_executor to None, run_after=None
[2024-03-10T18:33:45.115+0000] {processor.py:183} INFO - Processing /home/airflow/.local/lib/python3.8/site-packages/airflow/example_dags/example_kubernetes_executor.py took 1.053 seconds
[2024-03-10T18:34:15.303+0000] {processor.py:161} INFO - Started process (PID=737) to work on /home/airflow/.local/lib/python3.8/site-packages/airflow/example_dags/example_kubernetes_executor.py
[2024-03-10T18:34:15.312+0000] {processor.py:830} INFO - Processing file /home/airflow/.local/lib/python3.8/site-packages/airflow/example_dags/example_kubernetes_executor.py for tasks to queue
[2024-03-10T18:34:15.327+0000] {logging_mixin.py:188} INFO - [2024-03-10T18:34:15.321+0000] {dagbag.py:540} INFO - Filling up the DagBag from /home/airflow/.local/lib/python3.8/site-packages/airflow/example_dags/example_kubernetes_executor.py
[2024-03-10T18:34:15.415+0000] {processor.py:840} INFO - DAG(s) 'example_kubernetes_executor' retrieved from /home/airflow/.local/lib/python3.8/site-packages/airflow/example_dags/example_kubernetes_executor.py
[2024-03-10T18:34:15.580+0000] {logging_mixin.py:188} INFO - [2024-03-10T18:34:15.579+0000] {dag.py:3047} INFO - Sync 1 DAGs
[2024-03-10T18:34:15.603+0000] {logging_mixin.py:188} INFO - [2024-03-10T18:34:15.603+0000] {dag.py:3834} INFO - Setting next_dagrun for example_kubernetes_executor to None, run_after=None
[2024-03-10T18:34:15.634+0000] {processor.py:183} INFO - Processing /home/airflow/.local/lib/python3.8/site-packages/airflow/example_dags/example_kubernetes_executor.py took 0.342 seconds
[2024-03-10T18:34:46.502+0000] {processor.py:161} INFO - Started process (PID=985) to work on /home/airflow/.local/lib/python3.8/site-packages/airflow/example_dags/example_kubernetes_executor.py
[2024-03-10T18:34:46.513+0000] {processor.py:830} INFO - Processing file /home/airflow/.local/lib/python3.8/site-packages/airflow/example_dags/example_kubernetes_executor.py for tasks to queue
[2024-03-10T18:34:46.521+0000] {logging_mixin.py:188} INFO - [2024-03-10T18:34:46.518+0000] {dagbag.py:540} INFO - Filling up the DagBag from /home/airflow/.local/lib/python3.8/site-packages/airflow/example_dags/example_kubernetes_executor.py
[2024-03-10T18:34:46.772+0000] {processor.py:840} INFO - DAG(s) 'example_kubernetes_executor' retrieved from /home/airflow/.local/lib/python3.8/site-packages/airflow/example_dags/example_kubernetes_executor.py
[2024-03-10T18:34:47.578+0000] {logging_mixin.py:188} INFO - [2024-03-10T18:34:47.568+0000] {dag.py:3047} INFO - Sync 1 DAGs
[2024-03-10T18:34:47.680+0000] {logging_mixin.py:188} INFO - [2024-03-10T18:34:47.679+0000] {dag.py:3834} INFO - Setting next_dagrun for example_kubernetes_executor to None, run_after=None
[2024-03-10T18:34:47.803+0000] {processor.py:183} INFO - Processing /home/airflow/.local/lib/python3.8/site-packages/airflow/example_dags/example_kubernetes_executor.py took 1.358 seconds
[2024-03-10T18:35:18.682+0000] {processor.py:161} INFO - Started process (PID=1230) to work on /home/airflow/.local/lib/python3.8/site-packages/airflow/example_dags/example_kubernetes_executor.py
[2024-03-10T18:35:18.690+0000] {processor.py:830} INFO - Processing file /home/airflow/.local/lib/python3.8/site-packages/airflow/example_dags/example_kubernetes_executor.py for tasks to queue
[2024-03-10T18:35:18.696+0000] {logging_mixin.py:188} INFO - [2024-03-10T18:35:18.695+0000] {dagbag.py:540} INFO - Filling up the DagBag from /home/airflow/.local/lib/python3.8/site-packages/airflow/example_dags/example_kubernetes_executor.py
[2024-03-10T18:35:19.038+0000] {processor.py:840} INFO - DAG(s) 'example_kubernetes_executor' retrieved from /home/airflow/.local/lib/python3.8/site-packages/airflow/example_dags/example_kubernetes_executor.py
[2024-03-10T18:35:19.680+0000] {logging_mixin.py:188} INFO - [2024-03-10T18:35:19.679+0000] {dag.py:3047} INFO - Sync 1 DAGs
[2024-03-10T18:35:19.744+0000] {logging_mixin.py:188} INFO - [2024-03-10T18:35:19.744+0000] {dag.py:3834} INFO - Setting next_dagrun for example_kubernetes_executor to None, run_after=None
[2024-03-10T18:35:19.789+0000] {processor.py:183} INFO - Processing /home/airflow/.local/lib/python3.8/site-packages/airflow/example_dags/example_kubernetes_executor.py took 1.111 seconds
[2024-03-10T18:35:51.178+0000] {processor.py:161} INFO - Started process (PID=1471) to work on /home/airflow/.local/lib/python3.8/site-packages/airflow/example_dags/example_kubernetes_executor.py
[2024-03-10T18:35:51.184+0000] {processor.py:830} INFO - Processing file /home/airflow/.local/lib/python3.8/site-packages/airflow/example_dags/example_kubernetes_executor.py for tasks to queue
[2024-03-10T18:35:51.196+0000] {logging_mixin.py:188} INFO - [2024-03-10T18:35:51.194+0000] {dagbag.py:540} INFO - Filling up the DagBag from /home/airflow/.local/lib/python3.8/site-packages/airflow/example_dags/example_kubernetes_executor.py
[2024-03-10T18:35:51.313+0000] {processor.py:840} INFO - DAG(s) 'example_kubernetes_executor' retrieved from /home/airflow/.local/lib/python3.8/site-packages/airflow/example_dags/example_kubernetes_executor.py
[2024-03-10T18:35:51.535+0000] {logging_mixin.py:188} INFO - [2024-03-10T18:35:51.534+0000] {dag.py:3047} INFO - Sync 1 DAGs
[2024-03-10T18:35:51.555+0000] {logging_mixin.py:188} INFO - [2024-03-10T18:35:51.554+0000] {dag.py:3834} INFO - Setting next_dagrun for example_kubernetes_executor to None, run_after=None
[2024-03-10T18:35:51.583+0000] {processor.py:183} INFO - Processing /home/airflow/.local/lib/python3.8/site-packages/airflow/example_dags/example_kubernetes_executor.py took 0.413 seconds
[2024-03-10T18:36:22.303+0000] {processor.py:161} INFO - Started process (PID=1718) to work on /home/airflow/.local/lib/python3.8/site-packages/airflow/example_dags/example_kubernetes_executor.py
[2024-03-10T18:36:22.339+0000] {processor.py:830} INFO - Processing file /home/airflow/.local/lib/python3.8/site-packages/airflow/example_dags/example_kubernetes_executor.py for tasks to queue
[2024-03-10T18:36:22.575+0000] {logging_mixin.py:188} INFO - [2024-03-10T18:36:22.522+0000] {dagbag.py:540} INFO - Filling up the DagBag from /home/airflow/.local/lib/python3.8/site-packages/airflow/example_dags/example_kubernetes_executor.py
[2024-03-10T18:36:22.869+0000] {processor.py:840} INFO - DAG(s) 'example_kubernetes_executor' retrieved from /home/airflow/.local/lib/python3.8/site-packages/airflow/example_dags/example_kubernetes_executor.py
[2024-03-10T18:36:23.082+0000] {logging_mixin.py:188} INFO - [2024-03-10T18:36:23.081+0000] {dag.py:3047} INFO - Sync 1 DAGs
[2024-03-10T18:36:23.113+0000] {logging_mixin.py:188} INFO - [2024-03-10T18:36:23.113+0000] {dag.py:3834} INFO - Setting next_dagrun for example_kubernetes_executor to None, run_after=None
[2024-03-10T18:36:23.196+0000] {processor.py:183} INFO - Processing /home/airflow/.local/lib/python3.8/site-packages/airflow/example_dags/example_kubernetes_executor.py took 0.928 seconds
[2024-03-10T18:36:56.730+0000] {processor.py:161} INFO - Started process (PID=1967) to work on /home/airflow/.local/lib/python3.8/site-packages/airflow/example_dags/example_kubernetes_executor.py
[2024-03-10T18:36:56.742+0000] {processor.py:830} INFO - Processing file /home/airflow/.local/lib/python3.8/site-packages/airflow/example_dags/example_kubernetes_executor.py for tasks to queue
[2024-03-10T18:36:56.750+0000] {logging_mixin.py:188} INFO - [2024-03-10T18:36:56.748+0000] {dagbag.py:540} INFO - Filling up the DagBag from /home/airflow/.local/lib/python3.8/site-packages/airflow/example_dags/example_kubernetes_executor.py
[2024-03-10T18:36:56.888+0000] {processor.py:840} INFO - DAG(s) 'example_kubernetes_executor' retrieved from /home/airflow/.local/lib/python3.8/site-packages/airflow/example_dags/example_kubernetes_executor.py
[2024-03-10T18:36:57.133+0000] {logging_mixin.py:188} INFO - [2024-03-10T18:36:57.131+0000] {dag.py:3047} INFO - Sync 1 DAGs
[2024-03-10T18:36:57.207+0000] {logging_mixin.py:188} INFO - [2024-03-10T18:36:57.206+0000] {dag.py:3834} INFO - Setting next_dagrun for example_kubernetes_executor to None, run_after=None
[2024-03-10T18:36:57.377+0000] {processor.py:183} INFO - Processing /home/airflow/.local/lib/python3.8/site-packages/airflow/example_dags/example_kubernetes_executor.py took 0.656 seconds
[2024-03-10T18:37:27.774+0000] {processor.py:161} INFO - Started process (PID=2217) to work on /home/airflow/.local/lib/python3.8/site-packages/airflow/example_dags/example_kubernetes_executor.py
[2024-03-10T18:37:27.788+0000] {processor.py:830} INFO - Processing file /home/airflow/.local/lib/python3.8/site-packages/airflow/example_dags/example_kubernetes_executor.py for tasks to queue
[2024-03-10T18:37:27.806+0000] {logging_mixin.py:188} INFO - [2024-03-10T18:37:27.804+0000] {dagbag.py:540} INFO - Filling up the DagBag from /home/airflow/.local/lib/python3.8/site-packages/airflow/example_dags/example_kubernetes_executor.py
[2024-03-10T18:37:28.119+0000] {processor.py:840} INFO - DAG(s) 'example_kubernetes_executor' retrieved from /home/airflow/.local/lib/python3.8/site-packages/airflow/example_dags/example_kubernetes_executor.py
[2024-03-10T18:37:28.760+0000] {logging_mixin.py:188} INFO - [2024-03-10T18:37:28.759+0000] {dag.py:3047} INFO - Sync 1 DAGs
[2024-03-10T18:37:28.790+0000] {logging_mixin.py:188} INFO - [2024-03-10T18:37:28.790+0000] {dag.py:3834} INFO - Setting next_dagrun for example_kubernetes_executor to None, run_after=None
[2024-03-10T18:37:28.977+0000] {processor.py:183} INFO - Processing /home/airflow/.local/lib/python3.8/site-packages/airflow/example_dags/example_kubernetes_executor.py took 1.235 seconds
[2024-03-10T18:37:59.417+0000] {processor.py:161} INFO - Started process (PID=2467) to work on /home/airflow/.local/lib/python3.8/site-packages/airflow/example_dags/example_kubernetes_executor.py
[2024-03-10T18:37:59.433+0000] {processor.py:830} INFO - Processing file /home/airflow/.local/lib/python3.8/site-packages/airflow/example_dags/example_kubernetes_executor.py for tasks to queue
[2024-03-10T18:37:59.445+0000] {logging_mixin.py:188} INFO - [2024-03-10T18:37:59.442+0000] {dagbag.py:540} INFO - Filling up the DagBag from /home/airflow/.local/lib/python3.8/site-packages/airflow/example_dags/example_kubernetes_executor.py
[2024-03-10T18:37:59.610+0000] {processor.py:840} INFO - DAG(s) 'example_kubernetes_executor' retrieved from /home/airflow/.local/lib/python3.8/site-packages/airflow/example_dags/example_kubernetes_executor.py
[2024-03-10T18:37:59.883+0000] {logging_mixin.py:188} INFO - [2024-03-10T18:37:59.882+0000] {dag.py:3047} INFO - Sync 1 DAGs
[2024-03-10T18:37:59.955+0000] {logging_mixin.py:188} INFO - [2024-03-10T18:37:59.953+0000] {dag.py:3834} INFO - Setting next_dagrun for example_kubernetes_executor to None, run_after=None
[2024-03-10T18:38:00.047+0000] {processor.py:183} INFO - Processing /home/airflow/.local/lib/python3.8/site-packages/airflow/example_dags/example_kubernetes_executor.py took 0.648 seconds
[2024-03-10T18:38:31.431+0000] {processor.py:161} INFO - Started process (PID=2717) to work on /home/airflow/.local/lib/python3.8/site-packages/airflow/example_dags/example_kubernetes_executor.py
[2024-03-10T18:38:31.439+0000] {processor.py:830} INFO - Processing file /home/airflow/.local/lib/python3.8/site-packages/airflow/example_dags/example_kubernetes_executor.py for tasks to queue
[2024-03-10T18:38:31.447+0000] {logging_mixin.py:188} INFO - [2024-03-10T18:38:31.444+0000] {dagbag.py:540} INFO - Filling up the DagBag from /home/airflow/.local/lib/python3.8/site-packages/airflow/example_dags/example_kubernetes_executor.py
[2024-03-10T18:38:31.554+0000] {processor.py:840} INFO - DAG(s) 'example_kubernetes_executor' retrieved from /home/airflow/.local/lib/python3.8/site-packages/airflow/example_dags/example_kubernetes_executor.py
[2024-03-10T18:38:31.755+0000] {logging_mixin.py:188} INFO - [2024-03-10T18:38:31.754+0000] {dag.py:3047} INFO - Sync 1 DAGs
[2024-03-10T18:38:31.790+0000] {logging_mixin.py:188} INFO - [2024-03-10T18:38:31.789+0000] {dag.py:3834} INFO - Setting next_dagrun for example_kubernetes_executor to None, run_after=None
[2024-03-10T18:38:31.848+0000] {processor.py:183} INFO - Processing /home/airflow/.local/lib/python3.8/site-packages/airflow/example_dags/example_kubernetes_executor.py took 0.437 seconds
[2024-03-10T18:39:02.510+0000] {processor.py:161} INFO - Started process (PID=2966) to work on /home/airflow/.local/lib/python3.8/site-packages/airflow/example_dags/example_kubernetes_executor.py
[2024-03-10T18:39:02.515+0000] {processor.py:830} INFO - Processing file /home/airflow/.local/lib/python3.8/site-packages/airflow/example_dags/example_kubernetes_executor.py for tasks to queue
[2024-03-10T18:39:02.517+0000] {logging_mixin.py:188} INFO - [2024-03-10T18:39:02.516+0000] {dagbag.py:540} INFO - Filling up the DagBag from /home/airflow/.local/lib/python3.8/site-packages/airflow/example_dags/example_kubernetes_executor.py
[2024-03-10T18:39:02.869+0000] {processor.py:840} INFO - DAG(s) 'example_kubernetes_executor' retrieved from /home/airflow/.local/lib/python3.8/site-packages/airflow/example_dags/example_kubernetes_executor.py
[2024-03-10T18:39:03.009+0000] {logging_mixin.py:188} INFO - [2024-03-10T18:39:03.008+0000] {dag.py:3047} INFO - Sync 1 DAGs
[2024-03-10T18:39:03.056+0000] {logging_mixin.py:188} INFO - [2024-03-10T18:39:03.055+0000] {dag.py:3834} INFO - Setting next_dagrun for example_kubernetes_executor to None, run_after=None
[2024-03-10T18:39:03.081+0000] {processor.py:183} INFO - Processing /home/airflow/.local/lib/python3.8/site-packages/airflow/example_dags/example_kubernetes_executor.py took 0.578 seconds
[2024-03-10T18:39:37.410+0000] {processor.py:161} INFO - Started process (PID=3208) to work on /home/airflow/.local/lib/python3.8/site-packages/airflow/example_dags/example_kubernetes_executor.py
[2024-03-10T18:39:37.415+0000] {processor.py:830} INFO - Processing file /home/airflow/.local/lib/python3.8/site-packages/airflow/example_dags/example_kubernetes_executor.py for tasks to queue
[2024-03-10T18:39:37.419+0000] {logging_mixin.py:188} INFO - [2024-03-10T18:39:37.418+0000] {dagbag.py:540} INFO - Filling up the DagBag from /home/airflow/.local/lib/python3.8/site-packages/airflow/example_dags/example_kubernetes_executor.py
[2024-03-10T18:39:37.564+0000] {processor.py:840} INFO - DAG(s) 'example_kubernetes_executor' retrieved from /home/airflow/.local/lib/python3.8/site-packages/airflow/example_dags/example_kubernetes_executor.py
[2024-03-10T18:39:38.668+0000] {logging_mixin.py:188} INFO - [2024-03-10T18:39:38.660+0000] {dag.py:3047} INFO - Sync 1 DAGs
[2024-03-10T18:39:38.851+0000] {logging_mixin.py:188} INFO - [2024-03-10T18:39:38.850+0000] {dag.py:3834} INFO - Setting next_dagrun for example_kubernetes_executor to None, run_after=None
[2024-03-10T18:39:38.952+0000] {processor.py:183} INFO - Processing /home/airflow/.local/lib/python3.8/site-packages/airflow/example_dags/example_kubernetes_executor.py took 1.556 seconds
[2024-03-10T18:40:10.328+0000] {processor.py:161} INFO - Started process (PID=3456) to work on /home/airflow/.local/lib/python3.8/site-packages/airflow/example_dags/example_kubernetes_executor.py
[2024-03-10T18:40:10.348+0000] {processor.py:830} INFO - Processing file /home/airflow/.local/lib/python3.8/site-packages/airflow/example_dags/example_kubernetes_executor.py for tasks to queue
[2024-03-10T18:40:10.358+0000] {logging_mixin.py:188} INFO - [2024-03-10T18:40:10.357+0000] {dagbag.py:540} INFO - Filling up the DagBag from /home/airflow/.local/lib/python3.8/site-packages/airflow/example_dags/example_kubernetes_executor.py
[2024-03-10T18:40:10.452+0000] {processor.py:840} INFO - DAG(s) 'example_kubernetes_executor' retrieved from /home/airflow/.local/lib/python3.8/site-packages/airflow/example_dags/example_kubernetes_executor.py
[2024-03-10T18:40:10.571+0000] {logging_mixin.py:188} INFO - [2024-03-10T18:40:10.570+0000] {dag.py:3047} INFO - Sync 1 DAGs
[2024-03-10T18:40:10.608+0000] {logging_mixin.py:188} INFO - [2024-03-10T18:40:10.607+0000] {dag.py:3834} INFO - Setting next_dagrun for example_kubernetes_executor to None, run_after=None
[2024-03-10T18:40:10.657+0000] {processor.py:183} INFO - Processing /home/airflow/.local/lib/python3.8/site-packages/airflow/example_dags/example_kubernetes_executor.py took 0.349 seconds
[2024-03-10T18:40:41.453+0000] {processor.py:161} INFO - Started process (PID=3700) to work on /home/airflow/.local/lib/python3.8/site-packages/airflow/example_dags/example_kubernetes_executor.py
[2024-03-10T18:40:41.472+0000] {processor.py:830} INFO - Processing file /home/airflow/.local/lib/python3.8/site-packages/airflow/example_dags/example_kubernetes_executor.py for tasks to queue
[2024-03-10T18:40:41.479+0000] {logging_mixin.py:188} INFO - [2024-03-10T18:40:41.478+0000] {dagbag.py:540} INFO - Filling up the DagBag from /home/airflow/.local/lib/python3.8/site-packages/airflow/example_dags/example_kubernetes_executor.py
[2024-03-10T18:40:41.771+0000] {processor.py:840} INFO - DAG(s) 'example_kubernetes_executor' retrieved from /home/airflow/.local/lib/python3.8/site-packages/airflow/example_dags/example_kubernetes_executor.py
[2024-03-10T18:40:42.072+0000] {logging_mixin.py:188} INFO - [2024-03-10T18:40:42.069+0000] {dag.py:3047} INFO - Sync 1 DAGs
[2024-03-10T18:40:42.173+0000] {logging_mixin.py:188} INFO - [2024-03-10T18:40:42.172+0000] {dag.py:3834} INFO - Setting next_dagrun for example_kubernetes_executor to None, run_after=None
[2024-03-10T18:40:42.348+0000] {processor.py:183} INFO - Processing /home/airflow/.local/lib/python3.8/site-packages/airflow/example_dags/example_kubernetes_executor.py took 0.917 seconds
[2024-03-10T18:41:12.907+0000] {processor.py:161} INFO - Started process (PID=3948) to work on /home/airflow/.local/lib/python3.8/site-packages/airflow/example_dags/example_kubernetes_executor.py
[2024-03-10T18:41:12.914+0000] {processor.py:830} INFO - Processing file /home/airflow/.local/lib/python3.8/site-packages/airflow/example_dags/example_kubernetes_executor.py for tasks to queue
[2024-03-10T18:41:12.918+0000] {logging_mixin.py:188} INFO - [2024-03-10T18:41:12.917+0000] {dagbag.py:540} INFO - Filling up the DagBag from /home/airflow/.local/lib/python3.8/site-packages/airflow/example_dags/example_kubernetes_executor.py
[2024-03-10T18:41:13.055+0000] {processor.py:840} INFO - DAG(s) 'example_kubernetes_executor' retrieved from /home/airflow/.local/lib/python3.8/site-packages/airflow/example_dags/example_kubernetes_executor.py
[2024-03-10T18:41:13.113+0000] {logging_mixin.py:188} INFO - [2024-03-10T18:41:13.113+0000] {dag.py:3047} INFO - Sync 1 DAGs
[2024-03-10T18:41:13.172+0000] {logging_mixin.py:188} INFO - [2024-03-10T18:41:13.171+0000] {dag.py:3834} INFO - Setting next_dagrun for example_kubernetes_executor to None, run_after=None
[2024-03-10T18:41:13.216+0000] {processor.py:183} INFO - Processing /home/airflow/.local/lib/python3.8/site-packages/airflow/example_dags/example_kubernetes_executor.py took 0.325 seconds
[2024-03-10T18:41:43.831+0000] {processor.py:161} INFO - Started process (PID=4197) to work on /home/airflow/.local/lib/python3.8/site-packages/airflow/example_dags/example_kubernetes_executor.py
[2024-03-10T18:41:43.842+0000] {processor.py:830} INFO - Processing file /home/airflow/.local/lib/python3.8/site-packages/airflow/example_dags/example_kubernetes_executor.py for tasks to queue
[2024-03-10T18:41:43.847+0000] {logging_mixin.py:188} INFO - [2024-03-10T18:41:43.845+0000] {dagbag.py:540} INFO - Filling up the DagBag from /home/airflow/.local/lib/python3.8/site-packages/airflow/example_dags/example_kubernetes_executor.py
[2024-03-10T18:41:43.938+0000] {processor.py:840} INFO - DAG(s) 'example_kubernetes_executor' retrieved from /home/airflow/.local/lib/python3.8/site-packages/airflow/example_dags/example_kubernetes_executor.py
[2024-03-10T18:41:44.551+0000] {logging_mixin.py:188} INFO - [2024-03-10T18:41:44.549+0000] {dag.py:3047} INFO - Sync 1 DAGs
[2024-03-10T18:41:44.577+0000] {logging_mixin.py:188} INFO - [2024-03-10T18:41:44.576+0000] {dag.py:3834} INFO - Setting next_dagrun for example_kubernetes_executor to None, run_after=None
[2024-03-10T18:41:44.653+0000] {processor.py:183} INFO - Processing /home/airflow/.local/lib/python3.8/site-packages/airflow/example_dags/example_kubernetes_executor.py took 0.864 seconds
[2024-03-10T18:42:18.082+0000] {processor.py:161} INFO - Started process (PID=4444) to work on /home/airflow/.local/lib/python3.8/site-packages/airflow/example_dags/example_kubernetes_executor.py
[2024-03-10T18:42:18.101+0000] {processor.py:830} INFO - Processing file /home/airflow/.local/lib/python3.8/site-packages/airflow/example_dags/example_kubernetes_executor.py for tasks to queue
[2024-03-10T18:42:18.239+0000] {logging_mixin.py:188} INFO - [2024-03-10T18:42:18.154+0000] {dagbag.py:540} INFO - Filling up the DagBag from /home/airflow/.local/lib/python3.8/site-packages/airflow/example_dags/example_kubernetes_executor.py
[2024-03-10T18:42:19.064+0000] {processor.py:840} INFO - DAG(s) 'example_kubernetes_executor' retrieved from /home/airflow/.local/lib/python3.8/site-packages/airflow/example_dags/example_kubernetes_executor.py
[2024-03-10T18:42:19.811+0000] {logging_mixin.py:188} INFO - [2024-03-10T18:42:19.810+0000] {dag.py:3047} INFO - Sync 1 DAGs
[2024-03-10T18:42:20.249+0000] {logging_mixin.py:188} INFO - [2024-03-10T18:42:20.247+0000] {dag.py:3834} INFO - Setting next_dagrun for example_kubernetes_executor to None, run_after=None
[2024-03-10T18:42:20.441+0000] {processor.py:183} INFO - Processing /home/airflow/.local/lib/python3.8/site-packages/airflow/example_dags/example_kubernetes_executor.py took 2.764 seconds
[2024-03-10T18:43:17.826+0000] {processor.py:161} INFO - Started process (PID=4686) to work on /home/airflow/.local/lib/python3.8/site-packages/airflow/example_dags/example_kubernetes_executor.py
[2024-03-10T18:43:17.863+0000] {processor.py:830} INFO - Processing file /home/airflow/.local/lib/python3.8/site-packages/airflow/example_dags/example_kubernetes_executor.py for tasks to queue
[2024-03-10T18:43:17.912+0000] {logging_mixin.py:188} INFO - [2024-03-10T18:43:17.904+0000] {dagbag.py:540} INFO - Filling up the DagBag from /home/airflow/.local/lib/python3.8/site-packages/airflow/example_dags/example_kubernetes_executor.py
[2024-03-10T18:43:19.378+0000] {processor.py:840} INFO - DAG(s) 'example_kubernetes_executor' retrieved from /home/airflow/.local/lib/python3.8/site-packages/airflow/example_dags/example_kubernetes_executor.py
[2024-03-10T18:43:19.969+0000] {logging_mixin.py:188} INFO - [2024-03-10T18:43:19.968+0000] {dag.py:3047} INFO - Sync 1 DAGs
[2024-03-10T18:43:20.067+0000] {logging_mixin.py:188} INFO - [2024-03-10T18:43:20.066+0000] {dag.py:3834} INFO - Setting next_dagrun for example_kubernetes_executor to None, run_after=None
[2024-03-10T18:43:20.215+0000] {processor.py:183} INFO - Processing /home/airflow/.local/lib/python3.8/site-packages/airflow/example_dags/example_kubernetes_executor.py took 2.453 seconds
[2024-03-10T18:45:36.462+0000] {processor.py:161} INFO - Started process (PID=4932) to work on /home/airflow/.local/lib/python3.8/site-packages/airflow/example_dags/example_kubernetes_executor.py
[2024-03-10T18:45:36.501+0000] {processor.py:830} INFO - Processing file /home/airflow/.local/lib/python3.8/site-packages/airflow/example_dags/example_kubernetes_executor.py for tasks to queue
[2024-03-10T18:45:36.585+0000] {logging_mixin.py:188} INFO - [2024-03-10T18:45:36.553+0000] {dagbag.py:540} INFO - Filling up the DagBag from /home/airflow/.local/lib/python3.8/site-packages/airflow/example_dags/example_kubernetes_executor.py
[2024-03-10T18:45:37.194+0000] {processor.py:840} INFO - DAG(s) 'example_kubernetes_executor' retrieved from /home/airflow/.local/lib/python3.8/site-packages/airflow/example_dags/example_kubernetes_executor.py
[2024-03-10T18:45:40.290+0000] {logging_mixin.py:188} INFO - [2024-03-10T18:45:40.262+0000] {dag.py:3047} INFO - Sync 1 DAGs
[2024-03-10T18:45:40.664+0000] {logging_mixin.py:188} INFO - [2024-03-10T18:45:40.655+0000] {dag.py:3834} INFO - Setting next_dagrun for example_kubernetes_executor to None, run_after=None
[2024-03-10T18:45:41.135+0000] {processor.py:183} INFO - Processing /home/airflow/.local/lib/python3.8/site-packages/airflow/example_dags/example_kubernetes_executor.py took 4.987 seconds
