[2024-03-10T18:32:58.366+0000] {processor.py:161} INFO - Started process (PID=216) to work on /home/airflow/.local/lib/python3.8/site-packages/airflow/example_dags/example_xcom.py
[2024-03-10T18:32:58.484+0000] {processor.py:830} INFO - Processing file /home/airflow/.local/lib/python3.8/site-packages/airflow/example_dags/example_xcom.py for tasks to queue
[2024-03-10T18:32:58.517+0000] {logging_mixin.py:188} INFO - [2024-03-10T18:32:58.514+0000] {dagbag.py:540} INFO - Filling up the DagBag from /home/airflow/.local/lib/python3.8/site-packages/airflow/example_dags/example_xcom.py
[2024-03-10T18:32:58.756+0000] {processor.py:840} INFO - DAG(s) 'example_xcom' retrieved from /home/airflow/.local/lib/python3.8/site-packages/airflow/example_dags/example_xcom.py
[2024-03-10T18:32:59.444+0000] {logging_mixin.py:188} INFO - [2024-03-10T18:32:59.443+0000] {override.py:1769} INFO - Created Permission View: can delete on DAG:example_xcom
[2024-03-10T18:32:59.474+0000] {logging_mixin.py:188} INFO - [2024-03-10T18:32:59.473+0000] {override.py:1769} INFO - Created Permission View: can edit on DAG:example_xcom
[2024-03-10T18:32:59.487+0000] {logging_mixin.py:188} INFO - [2024-03-10T18:32:59.486+0000] {override.py:1769} INFO - Created Permission View: can read on DAG:example_xcom
[2024-03-10T18:32:59.489+0000] {logging_mixin.py:188} INFO - [2024-03-10T18:32:59.489+0000] {dag.py:3047} INFO - Sync 1 DAGs
[2024-03-10T18:32:59.525+0000] {logging_mixin.py:188} INFO - [2024-03-10T18:32:59.525+0000] {dag.py:3069} INFO - Creating ORM DAG for example_xcom
[2024-03-10T18:32:59.564+0000] {logging_mixin.py:188} INFO - [2024-03-10T18:32:59.563+0000] {dag.py:3834} INFO - Setting next_dagrun for example_xcom to 2021-01-01 00:00:00+00:00, run_after=2021-01-01 00:00:00+00:00
[2024-03-10T18:32:59.606+0000] {processor.py:183} INFO - Processing /home/airflow/.local/lib/python3.8/site-packages/airflow/example_dags/example_xcom.py took 1.291 seconds
[2024-03-10T18:33:30.824+0000] {processor.py:161} INFO - Started process (PID=463) to work on /home/airflow/.local/lib/python3.8/site-packages/airflow/example_dags/example_xcom.py
[2024-03-10T18:33:31.027+0000] {processor.py:830} INFO - Processing file /home/airflow/.local/lib/python3.8/site-packages/airflow/example_dags/example_xcom.py for tasks to queue
[2024-03-10T18:33:31.475+0000] {logging_mixin.py:188} INFO - [2024-03-10T18:33:31.441+0000] {dagbag.py:540} INFO - Filling up the DagBag from /home/airflow/.local/lib/python3.8/site-packages/airflow/example_dags/example_xcom.py
[2024-03-10T18:33:36.751+0000] {processor.py:840} INFO - DAG(s) 'example_xcom' retrieved from /home/airflow/.local/lib/python3.8/site-packages/airflow/example_dags/example_xcom.py
[2024-03-10T18:33:37.959+0000] {logging_mixin.py:188} INFO - [2024-03-10T18:33:37.944+0000] {dag.py:3047} INFO - Sync 1 DAGs
[2024-03-10T18:33:38.673+0000] {logging_mixin.py:188} INFO - [2024-03-10T18:33:38.672+0000] {dag.py:3834} INFO - Setting next_dagrun for example_xcom to 2021-01-01 00:00:00+00:00, run_after=2021-01-01 00:00:00+00:00
[2024-03-10T18:33:39.850+0000] {processor.py:183} INFO - Processing /home/airflow/.local/lib/python3.8/site-packages/airflow/example_dags/example_xcom.py took 9.064 seconds
[2024-03-10T18:34:10.896+0000] {processor.py:161} INFO - Started process (PID=710) to work on /home/airflow/.local/lib/python3.8/site-packages/airflow/example_dags/example_xcom.py
[2024-03-10T18:34:10.907+0000] {processor.py:830} INFO - Processing file /home/airflow/.local/lib/python3.8/site-packages/airflow/example_dags/example_xcom.py for tasks to queue
[2024-03-10T18:34:10.925+0000] {logging_mixin.py:188} INFO - [2024-03-10T18:34:10.913+0000] {dagbag.py:540} INFO - Filling up the DagBag from /home/airflow/.local/lib/python3.8/site-packages/airflow/example_dags/example_xcom.py
[2024-03-10T18:34:11.175+0000] {processor.py:840} INFO - DAG(s) 'example_xcom' retrieved from /home/airflow/.local/lib/python3.8/site-packages/airflow/example_dags/example_xcom.py
[2024-03-10T18:34:11.659+0000] {logging_mixin.py:188} INFO - [2024-03-10T18:34:11.659+0000] {dag.py:3047} INFO - Sync 1 DAGs
[2024-03-10T18:34:11.784+0000] {logging_mixin.py:188} INFO - [2024-03-10T18:34:11.784+0000] {dag.py:3834} INFO - Setting next_dagrun for example_xcom to 2021-01-01 00:00:00+00:00, run_after=2021-01-01 00:00:00+00:00
[2024-03-10T18:34:11.869+0000] {processor.py:183} INFO - Processing /home/airflow/.local/lib/python3.8/site-packages/airflow/example_dags/example_xcom.py took 1.023 seconds
[2024-03-10T18:34:43.907+0000] {processor.py:161} INFO - Started process (PID=956) to work on /home/airflow/.local/lib/python3.8/site-packages/airflow/example_dags/example_xcom.py
[2024-03-10T18:34:43.919+0000] {processor.py:830} INFO - Processing file /home/airflow/.local/lib/python3.8/site-packages/airflow/example_dags/example_xcom.py for tasks to queue
[2024-03-10T18:34:43.941+0000] {logging_mixin.py:188} INFO - [2024-03-10T18:34:43.935+0000] {dagbag.py:540} INFO - Filling up the DagBag from /home/airflow/.local/lib/python3.8/site-packages/airflow/example_dags/example_xcom.py
[2024-03-10T18:34:44.057+0000] {processor.py:840} INFO - DAG(s) 'example_xcom' retrieved from /home/airflow/.local/lib/python3.8/site-packages/airflow/example_dags/example_xcom.py
[2024-03-10T18:34:44.348+0000] {logging_mixin.py:188} INFO - [2024-03-10T18:34:44.347+0000] {dag.py:3047} INFO - Sync 1 DAGs
[2024-03-10T18:34:44.433+0000] {logging_mixin.py:188} INFO - [2024-03-10T18:34:44.432+0000] {dag.py:3834} INFO - Setting next_dagrun for example_xcom to 2021-01-01 00:00:00+00:00, run_after=2021-01-01 00:00:00+00:00
[2024-03-10T18:34:44.515+0000] {processor.py:183} INFO - Processing /home/airflow/.local/lib/python3.8/site-packages/airflow/example_dags/example_xcom.py took 0.729 seconds
[2024-03-10T18:35:17.007+0000] {processor.py:161} INFO - Started process (PID=1204) to work on /home/airflow/.local/lib/python3.8/site-packages/airflow/example_dags/example_xcom.py
[2024-03-10T18:35:17.019+0000] {processor.py:830} INFO - Processing file /home/airflow/.local/lib/python3.8/site-packages/airflow/example_dags/example_xcom.py for tasks to queue
[2024-03-10T18:35:17.027+0000] {logging_mixin.py:188} INFO - [2024-03-10T18:35:17.026+0000] {dagbag.py:540} INFO - Filling up the DagBag from /home/airflow/.local/lib/python3.8/site-packages/airflow/example_dags/example_xcom.py
[2024-03-10T18:35:17.050+0000] {processor.py:840} INFO - DAG(s) 'example_xcom' retrieved from /home/airflow/.local/lib/python3.8/site-packages/airflow/example_dags/example_xcom.py
[2024-03-10T18:35:17.112+0000] {logging_mixin.py:188} INFO - [2024-03-10T18:35:17.112+0000] {dag.py:3047} INFO - Sync 1 DAGs
[2024-03-10T18:35:17.156+0000] {logging_mixin.py:188} INFO - [2024-03-10T18:35:17.156+0000] {dag.py:3834} INFO - Setting next_dagrun for example_xcom to 2021-01-01 00:00:00+00:00, run_after=2021-01-01 00:00:00+00:00
[2024-03-10T18:35:17.178+0000] {processor.py:183} INFO - Processing /home/airflow/.local/lib/python3.8/site-packages/airflow/example_dags/example_xcom.py took 0.183 seconds
[2024-03-10T18:35:47.401+0000] {processor.py:161} INFO - Started process (PID=1446) to work on /home/airflow/.local/lib/python3.8/site-packages/airflow/example_dags/example_xcom.py
[2024-03-10T18:35:47.420+0000] {processor.py:830} INFO - Processing file /home/airflow/.local/lib/python3.8/site-packages/airflow/example_dags/example_xcom.py for tasks to queue
[2024-03-10T18:35:47.423+0000] {logging_mixin.py:188} INFO - [2024-03-10T18:35:47.422+0000] {dagbag.py:540} INFO - Filling up the DagBag from /home/airflow/.local/lib/python3.8/site-packages/airflow/example_dags/example_xcom.py
[2024-03-10T18:35:47.471+0000] {processor.py:840} INFO - DAG(s) 'example_xcom' retrieved from /home/airflow/.local/lib/python3.8/site-packages/airflow/example_dags/example_xcom.py
[2024-03-10T18:35:47.722+0000] {logging_mixin.py:188} INFO - [2024-03-10T18:35:47.721+0000] {dag.py:3047} INFO - Sync 1 DAGs
[2024-03-10T18:35:47.920+0000] {logging_mixin.py:188} INFO - [2024-03-10T18:35:47.920+0000] {dag.py:3834} INFO - Setting next_dagrun for example_xcom to 2021-01-01 00:00:00+00:00, run_after=2021-01-01 00:00:00+00:00
[2024-03-10T18:35:48.377+0000] {processor.py:183} INFO - Processing /home/airflow/.local/lib/python3.8/site-packages/airflow/example_dags/example_xcom.py took 1.008 seconds
[2024-03-10T18:36:20.265+0000] {processor.py:161} INFO - Started process (PID=1693) to work on /home/airflow/.local/lib/python3.8/site-packages/airflow/example_dags/example_xcom.py
[2024-03-10T18:36:20.280+0000] {processor.py:830} INFO - Processing file /home/airflow/.local/lib/python3.8/site-packages/airflow/example_dags/example_xcom.py for tasks to queue
[2024-03-10T18:36:20.308+0000] {logging_mixin.py:188} INFO - [2024-03-10T18:36:20.290+0000] {dagbag.py:540} INFO - Filling up the DagBag from /home/airflow/.local/lib/python3.8/site-packages/airflow/example_dags/example_xcom.py
[2024-03-10T18:36:20.448+0000] {processor.py:840} INFO - DAG(s) 'example_xcom' retrieved from /home/airflow/.local/lib/python3.8/site-packages/airflow/example_dags/example_xcom.py
[2024-03-10T18:36:20.620+0000] {logging_mixin.py:188} INFO - [2024-03-10T18:36:20.619+0000] {dag.py:3047} INFO - Sync 1 DAGs
[2024-03-10T18:36:20.742+0000] {logging_mixin.py:188} INFO - [2024-03-10T18:36:20.741+0000] {dag.py:3834} INFO - Setting next_dagrun for example_xcom to 2021-01-01 00:00:00+00:00, run_after=2021-01-01 00:00:00+00:00
[2024-03-10T18:36:20.855+0000] {processor.py:183} INFO - Processing /home/airflow/.local/lib/python3.8/site-packages/airflow/example_dags/example_xcom.py took 0.674 seconds
[2024-03-10T18:36:52.060+0000] {processor.py:161} INFO - Started process (PID=1940) to work on /home/airflow/.local/lib/python3.8/site-packages/airflow/example_dags/example_xcom.py
[2024-03-10T18:36:52.074+0000] {processor.py:830} INFO - Processing file /home/airflow/.local/lib/python3.8/site-packages/airflow/example_dags/example_xcom.py for tasks to queue
[2024-03-10T18:36:52.084+0000] {logging_mixin.py:188} INFO - [2024-03-10T18:36:52.081+0000] {dagbag.py:540} INFO - Filling up the DagBag from /home/airflow/.local/lib/python3.8/site-packages/airflow/example_dags/example_xcom.py
[2024-03-10T18:36:52.131+0000] {processor.py:840} INFO - DAG(s) 'example_xcom' retrieved from /home/airflow/.local/lib/python3.8/site-packages/airflow/example_dags/example_xcom.py
[2024-03-10T18:36:52.327+0000] {logging_mixin.py:188} INFO - [2024-03-10T18:36:52.312+0000] {dag.py:3047} INFO - Sync 1 DAGs
[2024-03-10T18:36:52.460+0000] {logging_mixin.py:188} INFO - [2024-03-10T18:36:52.456+0000] {dag.py:3834} INFO - Setting next_dagrun for example_xcom to 2021-01-01 00:00:00+00:00, run_after=2021-01-01 00:00:00+00:00
[2024-03-10T18:36:52.592+0000] {processor.py:183} INFO - Processing /home/airflow/.local/lib/python3.8/site-packages/airflow/example_dags/example_xcom.py took 0.564 seconds
[2024-03-10T18:37:23.337+0000] {processor.py:161} INFO - Started process (PID=2187) to work on /home/airflow/.local/lib/python3.8/site-packages/airflow/example_dags/example_xcom.py
[2024-03-10T18:37:23.777+0000] {processor.py:830} INFO - Processing file /home/airflow/.local/lib/python3.8/site-packages/airflow/example_dags/example_xcom.py for tasks to queue
[2024-03-10T18:37:23.956+0000] {logging_mixin.py:188} INFO - [2024-03-10T18:37:23.928+0000] {dagbag.py:540} INFO - Filling up the DagBag from /home/airflow/.local/lib/python3.8/site-packages/airflow/example_dags/example_xcom.py
[2024-03-10T18:37:24.565+0000] {processor.py:840} INFO - DAG(s) 'example_xcom' retrieved from /home/airflow/.local/lib/python3.8/site-packages/airflow/example_dags/example_xcom.py
[2024-03-10T18:37:24.904+0000] {logging_mixin.py:188} INFO - [2024-03-10T18:37:24.902+0000] {dag.py:3047} INFO - Sync 1 DAGs
[2024-03-10T18:37:25.055+0000] {logging_mixin.py:188} INFO - [2024-03-10T18:37:25.054+0000] {dag.py:3834} INFO - Setting next_dagrun for example_xcom to 2021-01-01 00:00:00+00:00, run_after=2021-01-01 00:00:00+00:00
[2024-03-10T18:37:25.166+0000] {processor.py:183} INFO - Processing /home/airflow/.local/lib/python3.8/site-packages/airflow/example_dags/example_xcom.py took 1.972 seconds
[2024-03-10T18:37:56.029+0000] {processor.py:161} INFO - Started process (PID=2432) to work on /home/airflow/.local/lib/python3.8/site-packages/airflow/example_dags/example_xcom.py
[2024-03-10T18:37:56.045+0000] {processor.py:830} INFO - Processing file /home/airflow/.local/lib/python3.8/site-packages/airflow/example_dags/example_xcom.py for tasks to queue
[2024-03-10T18:37:56.049+0000] {logging_mixin.py:188} INFO - [2024-03-10T18:37:56.048+0000] {dagbag.py:540} INFO - Filling up the DagBag from /home/airflow/.local/lib/python3.8/site-packages/airflow/example_dags/example_xcom.py
[2024-03-10T18:37:56.155+0000] {processor.py:840} INFO - DAG(s) 'example_xcom' retrieved from /home/airflow/.local/lib/python3.8/site-packages/airflow/example_dags/example_xcom.py
[2024-03-10T18:37:56.379+0000] {logging_mixin.py:188} INFO - [2024-03-10T18:37:56.378+0000] {dag.py:3047} INFO - Sync 1 DAGs
[2024-03-10T18:37:56.519+0000] {logging_mixin.py:188} INFO - [2024-03-10T18:37:56.516+0000] {dag.py:3834} INFO - Setting next_dagrun for example_xcom to 2021-01-01 00:00:00+00:00, run_after=2021-01-01 00:00:00+00:00
[2024-03-10T18:37:56.727+0000] {processor.py:183} INFO - Processing /home/airflow/.local/lib/python3.8/site-packages/airflow/example_dags/example_xcom.py took 0.913 seconds
[2024-03-10T18:38:28.088+0000] {processor.py:161} INFO - Started process (PID=2682) to work on /home/airflow/.local/lib/python3.8/site-packages/airflow/example_dags/example_xcom.py
[2024-03-10T18:38:28.098+0000] {processor.py:830} INFO - Processing file /home/airflow/.local/lib/python3.8/site-packages/airflow/example_dags/example_xcom.py for tasks to queue
[2024-03-10T18:38:28.103+0000] {logging_mixin.py:188} INFO - [2024-03-10T18:38:28.102+0000] {dagbag.py:540} INFO - Filling up the DagBag from /home/airflow/.local/lib/python3.8/site-packages/airflow/example_dags/example_xcom.py
[2024-03-10T18:38:28.135+0000] {processor.py:840} INFO - DAG(s) 'example_xcom' retrieved from /home/airflow/.local/lib/python3.8/site-packages/airflow/example_dags/example_xcom.py
[2024-03-10T18:38:28.252+0000] {logging_mixin.py:188} INFO - [2024-03-10T18:38:28.251+0000] {dag.py:3047} INFO - Sync 1 DAGs
[2024-03-10T18:38:28.338+0000] {logging_mixin.py:188} INFO - [2024-03-10T18:38:28.337+0000] {dag.py:3834} INFO - Setting next_dagrun for example_xcom to 2021-01-01 00:00:00+00:00, run_after=2021-01-01 00:00:00+00:00
[2024-03-10T18:38:28.415+0000] {processor.py:183} INFO - Processing /home/airflow/.local/lib/python3.8/site-packages/airflow/example_dags/example_xcom.py took 0.338 seconds
[2024-03-10T18:38:59.253+0000] {processor.py:161} INFO - Started process (PID=2929) to work on /home/airflow/.local/lib/python3.8/site-packages/airflow/example_dags/example_xcom.py
[2024-03-10T18:38:59.258+0000] {processor.py:830} INFO - Processing file /home/airflow/.local/lib/python3.8/site-packages/airflow/example_dags/example_xcom.py for tasks to queue
[2024-03-10T18:38:59.262+0000] {logging_mixin.py:188} INFO - [2024-03-10T18:38:59.261+0000] {dagbag.py:540} INFO - Filling up the DagBag from /home/airflow/.local/lib/python3.8/site-packages/airflow/example_dags/example_xcom.py
[2024-03-10T18:38:59.296+0000] {processor.py:840} INFO - DAG(s) 'example_xcom' retrieved from /home/airflow/.local/lib/python3.8/site-packages/airflow/example_dags/example_xcom.py
[2024-03-10T18:38:59.436+0000] {logging_mixin.py:188} INFO - [2024-03-10T18:38:59.436+0000] {dag.py:3047} INFO - Sync 1 DAGs
[2024-03-10T18:38:59.496+0000] {logging_mixin.py:188} INFO - [2024-03-10T18:38:59.496+0000] {dag.py:3834} INFO - Setting next_dagrun for example_xcom to 2021-01-01 00:00:00+00:00, run_after=2021-01-01 00:00:00+00:00
[2024-03-10T18:38:59.575+0000] {processor.py:183} INFO - Processing /home/airflow/.local/lib/python3.8/site-packages/airflow/example_dags/example_xcom.py took 0.332 seconds
[2024-03-10T18:39:31.020+0000] {processor.py:161} INFO - Started process (PID=3178) to work on /home/airflow/.local/lib/python3.8/site-packages/airflow/example_dags/example_xcom.py
[2024-03-10T18:39:31.033+0000] {processor.py:830} INFO - Processing file /home/airflow/.local/lib/python3.8/site-packages/airflow/example_dags/example_xcom.py for tasks to queue
[2024-03-10T18:39:31.073+0000] {logging_mixin.py:188} INFO - [2024-03-10T18:39:31.070+0000] {dagbag.py:540} INFO - Filling up the DagBag from /home/airflow/.local/lib/python3.8/site-packages/airflow/example_dags/example_xcom.py
[2024-03-10T18:39:31.215+0000] {processor.py:840} INFO - DAG(s) 'example_xcom' retrieved from /home/airflow/.local/lib/python3.8/site-packages/airflow/example_dags/example_xcom.py
[2024-03-10T18:39:32.091+0000] {logging_mixin.py:188} INFO - [2024-03-10T18:39:32.068+0000] {dag.py:3047} INFO - Sync 1 DAGs
[2024-03-10T18:39:32.245+0000] {logging_mixin.py:188} INFO - [2024-03-10T18:39:32.244+0000] {dag.py:3834} INFO - Setting next_dagrun for example_xcom to 2021-01-01 00:00:00+00:00, run_after=2021-01-01 00:00:00+00:00
[2024-03-10T18:39:32.366+0000] {processor.py:183} INFO - Processing /home/airflow/.local/lib/python3.8/site-packages/airflow/example_dags/example_xcom.py took 1.402 seconds
[2024-03-10T18:40:03.949+0000] {processor.py:161} INFO - Started process (PID=3420) to work on /home/airflow/.local/lib/python3.8/site-packages/airflow/example_dags/example_xcom.py
[2024-03-10T18:40:04.014+0000] {processor.py:830} INFO - Processing file /home/airflow/.local/lib/python3.8/site-packages/airflow/example_dags/example_xcom.py for tasks to queue
[2024-03-10T18:40:04.027+0000] {logging_mixin.py:188} INFO - [2024-03-10T18:40:04.025+0000] {dagbag.py:540} INFO - Filling up the DagBag from /home/airflow/.local/lib/python3.8/site-packages/airflow/example_dags/example_xcom.py
[2024-03-10T18:40:04.121+0000] {processor.py:840} INFO - DAG(s) 'example_xcom' retrieved from /home/airflow/.local/lib/python3.8/site-packages/airflow/example_dags/example_xcom.py
[2024-03-10T18:40:04.597+0000] {logging_mixin.py:188} INFO - [2024-03-10T18:40:04.594+0000] {dag.py:3047} INFO - Sync 1 DAGs
[2024-03-10T18:40:04.905+0000] {logging_mixin.py:188} INFO - [2024-03-10T18:40:04.903+0000] {dag.py:3834} INFO - Setting next_dagrun for example_xcom to 2021-01-01 00:00:00+00:00, run_after=2021-01-01 00:00:00+00:00
[2024-03-10T18:40:05.083+0000] {processor.py:183} INFO - Processing /home/airflow/.local/lib/python3.8/site-packages/airflow/example_dags/example_xcom.py took 1.156 seconds
[2024-03-10T18:40:36.196+0000] {processor.py:161} INFO - Started process (PID=3669) to work on /home/airflow/.local/lib/python3.8/site-packages/airflow/example_dags/example_xcom.py
[2024-03-10T18:40:36.204+0000] {processor.py:830} INFO - Processing file /home/airflow/.local/lib/python3.8/site-packages/airflow/example_dags/example_xcom.py for tasks to queue
[2024-03-10T18:40:36.212+0000] {logging_mixin.py:188} INFO - [2024-03-10T18:40:36.211+0000] {dagbag.py:540} INFO - Filling up the DagBag from /home/airflow/.local/lib/python3.8/site-packages/airflow/example_dags/example_xcom.py
[2024-03-10T18:40:36.286+0000] {processor.py:840} INFO - DAG(s) 'example_xcom' retrieved from /home/airflow/.local/lib/python3.8/site-packages/airflow/example_dags/example_xcom.py
[2024-03-10T18:40:36.468+0000] {logging_mixin.py:188} INFO - [2024-03-10T18:40:36.467+0000] {dag.py:3047} INFO - Sync 1 DAGs
[2024-03-10T18:40:36.593+0000] {logging_mixin.py:188} INFO - [2024-03-10T18:40:36.590+0000] {dag.py:3834} INFO - Setting next_dagrun for example_xcom to 2021-01-01 00:00:00+00:00, run_after=2021-01-01 00:00:00+00:00
[2024-03-10T18:40:36.683+0000] {processor.py:183} INFO - Processing /home/airflow/.local/lib/python3.8/site-packages/airflow/example_dags/example_xcom.py took 0.516 seconds
[2024-03-10T18:41:07.633+0000] {processor.py:161} INFO - Started process (PID=3923) to work on /home/airflow/.local/lib/python3.8/site-packages/airflow/example_dags/example_xcom.py
[2024-03-10T18:41:07.643+0000] {processor.py:830} INFO - Processing file /home/airflow/.local/lib/python3.8/site-packages/airflow/example_dags/example_xcom.py for tasks to queue
[2024-03-10T18:41:07.652+0000] {logging_mixin.py:188} INFO - [2024-03-10T18:41:07.650+0000] {dagbag.py:540} INFO - Filling up the DagBag from /home/airflow/.local/lib/python3.8/site-packages/airflow/example_dags/example_xcom.py
[2024-03-10T18:41:07.707+0000] {processor.py:840} INFO - DAG(s) 'example_xcom' retrieved from /home/airflow/.local/lib/python3.8/site-packages/airflow/example_dags/example_xcom.py
[2024-03-10T18:41:07.829+0000] {logging_mixin.py:188} INFO - [2024-03-10T18:41:07.826+0000] {dag.py:3047} INFO - Sync 1 DAGs
[2024-03-10T18:41:07.953+0000] {logging_mixin.py:188} INFO - [2024-03-10T18:41:07.952+0000] {dag.py:3834} INFO - Setting next_dagrun for example_xcom to 2021-01-01 00:00:00+00:00, run_after=2021-01-01 00:00:00+00:00
[2024-03-10T18:41:08.144+0000] {processor.py:183} INFO - Processing /home/airflow/.local/lib/python3.8/site-packages/airflow/example_dags/example_xcom.py took 0.521 seconds
[2024-03-10T18:41:38.995+0000] {processor.py:161} INFO - Started process (PID=4172) to work on /home/airflow/.local/lib/python3.8/site-packages/airflow/example_dags/example_xcom.py
[2024-03-10T18:41:38.999+0000] {processor.py:830} INFO - Processing file /home/airflow/.local/lib/python3.8/site-packages/airflow/example_dags/example_xcom.py for tasks to queue
[2024-03-10T18:41:39.002+0000] {logging_mixin.py:188} INFO - [2024-03-10T18:41:39.001+0000] {dagbag.py:540} INFO - Filling up the DagBag from /home/airflow/.local/lib/python3.8/site-packages/airflow/example_dags/example_xcom.py
[2024-03-10T18:41:39.018+0000] {processor.py:840} INFO - DAG(s) 'example_xcom' retrieved from /home/airflow/.local/lib/python3.8/site-packages/airflow/example_dags/example_xcom.py
[2024-03-10T18:41:39.487+0000] {logging_mixin.py:188} INFO - [2024-03-10T18:41:39.486+0000] {dag.py:3047} INFO - Sync 1 DAGs
[2024-03-10T18:41:39.546+0000] {logging_mixin.py:188} INFO - [2024-03-10T18:41:39.545+0000] {dag.py:3834} INFO - Setting next_dagrun for example_xcom to 2021-01-01 00:00:00+00:00, run_after=2021-01-01 00:00:00+00:00
[2024-03-10T18:41:39.587+0000] {processor.py:183} INFO - Processing /home/airflow/.local/lib/python3.8/site-packages/airflow/example_dags/example_xcom.py took 0.601 seconds
[2024-03-10T18:42:11.033+0000] {processor.py:161} INFO - Started process (PID=4418) to work on /home/airflow/.local/lib/python3.8/site-packages/airflow/example_dags/example_xcom.py
[2024-03-10T18:42:11.043+0000] {processor.py:830} INFO - Processing file /home/airflow/.local/lib/python3.8/site-packages/airflow/example_dags/example_xcom.py for tasks to queue
[2024-03-10T18:42:11.050+0000] {logging_mixin.py:188} INFO - [2024-03-10T18:42:11.048+0000] {dagbag.py:540} INFO - Filling up the DagBag from /home/airflow/.local/lib/python3.8/site-packages/airflow/example_dags/example_xcom.py
[2024-03-10T18:42:11.131+0000] {processor.py:840} INFO - DAG(s) 'example_xcom' retrieved from /home/airflow/.local/lib/python3.8/site-packages/airflow/example_dags/example_xcom.py
[2024-03-10T18:42:11.367+0000] {logging_mixin.py:188} INFO - [2024-03-10T18:42:11.366+0000] {dag.py:3047} INFO - Sync 1 DAGs
[2024-03-10T18:42:11.585+0000] {logging_mixin.py:188} INFO - [2024-03-10T18:42:11.584+0000] {dag.py:3834} INFO - Setting next_dagrun for example_xcom to 2021-01-01 00:00:00+00:00, run_after=2021-01-01 00:00:00+00:00
[2024-03-10T18:42:11.714+0000] {processor.py:183} INFO - Processing /home/airflow/.local/lib/python3.8/site-packages/airflow/example_dags/example_xcom.py took 0.716 seconds
[2024-03-10T18:43:07.436+0000] {processor.py:161} INFO - Started process (PID=4659) to work on /home/airflow/.local/lib/python3.8/site-packages/airflow/example_dags/example_xcom.py
[2024-03-10T18:43:07.565+0000] {processor.py:830} INFO - Processing file /home/airflow/.local/lib/python3.8/site-packages/airflow/example_dags/example_xcom.py for tasks to queue
[2024-03-10T18:43:07.618+0000] {logging_mixin.py:188} INFO - [2024-03-10T18:43:07.616+0000] {dagbag.py:540} INFO - Filling up the DagBag from /home/airflow/.local/lib/python3.8/site-packages/airflow/example_dags/example_xcom.py
[2024-03-10T18:43:07.882+0000] {processor.py:840} INFO - DAG(s) 'example_xcom' retrieved from /home/airflow/.local/lib/python3.8/site-packages/airflow/example_dags/example_xcom.py
[2024-03-10T18:43:08.268+0000] {logging_mixin.py:188} INFO - [2024-03-10T18:43:08.250+0000] {dag.py:3047} INFO - Sync 1 DAGs
[2024-03-10T18:43:09.336+0000] {logging_mixin.py:188} INFO - [2024-03-10T18:43:09.323+0000] {dag.py:3834} INFO - Setting next_dagrun for example_xcom to 2021-01-01 00:00:00+00:00, run_after=2021-01-01 00:00:00+00:00
[2024-03-10T18:43:10.040+0000] {processor.py:183} INFO - Processing /home/airflow/.local/lib/python3.8/site-packages/airflow/example_dags/example_xcom.py took 2.766 seconds
[2024-03-10T18:45:20.533+0000] {processor.py:161} INFO - Started process (PID=4903) to work on /home/airflow/.local/lib/python3.8/site-packages/airflow/example_dags/example_xcom.py
[2024-03-10T18:45:20.906+0000] {processor.py:830} INFO - Processing file /home/airflow/.local/lib/python3.8/site-packages/airflow/example_dags/example_xcom.py for tasks to queue
[2024-03-10T18:45:21.199+0000] {logging_mixin.py:188} INFO - [2024-03-10T18:45:21.123+0000] {dagbag.py:540} INFO - Filling up the DagBag from /home/airflow/.local/lib/python3.8/site-packages/airflow/example_dags/example_xcom.py
[2024-03-10T18:45:22.854+0000] {processor.py:840} INFO - DAG(s) 'example_xcom' retrieved from /home/airflow/.local/lib/python3.8/site-packages/airflow/example_dags/example_xcom.py
[2024-03-10T18:45:24.619+0000] {logging_mixin.py:188} INFO - [2024-03-10T18:45:24.609+0000] {dag.py:3047} INFO - Sync 1 DAGs
[2024-03-10T18:45:25.944+0000] {logging_mixin.py:188} INFO - [2024-03-10T18:45:25.917+0000] {dag.py:3834} INFO - Setting next_dagrun for example_xcom to 2021-01-01 00:00:00+00:00, run_after=2021-01-01 00:00:00+00:00
[2024-03-10T18:45:26.742+0000] {processor.py:183} INFO - Processing /home/airflow/.local/lib/python3.8/site-packages/airflow/example_dags/example_xcom.py took 6.790 seconds
