[2024-03-10T18:33:12.181+0000] {processor.py:161} INFO - Started process (PID=328) to work on /home/airflow/.local/lib/python3.8/site-packages/airflow/example_dags/example_params_trigger_ui.py
[2024-03-10T18:33:12.185+0000] {processor.py:830} INFO - Processing file /home/airflow/.local/lib/python3.8/site-packages/airflow/example_dags/example_params_trigger_ui.py for tasks to queue
[2024-03-10T18:33:12.187+0000] {logging_mixin.py:188} INFO - [2024-03-10T18:33:12.186+0000] {dagbag.py:540} INFO - Filling up the DagBag from /home/airflow/.local/lib/python3.8/site-packages/airflow/example_dags/example_params_trigger_ui.py
[2024-03-10T18:33:12.228+0000] {processor.py:840} INFO - DAG(s) 'example_params_trigger_ui' retrieved from /home/airflow/.local/lib/python3.8/site-packages/airflow/example_dags/example_params_trigger_ui.py
[2024-03-10T18:33:12.442+0000] {logging_mixin.py:188} INFO - [2024-03-10T18:33:12.441+0000] {override.py:1769} INFO - Created Permission View: can delete on DAG:example_params_trigger_ui
[2024-03-10T18:33:12.456+0000] {logging_mixin.py:188} INFO - [2024-03-10T18:33:12.455+0000] {override.py:1769} INFO - Created Permission View: can edit on DAG:example_params_trigger_ui
[2024-03-10T18:33:12.502+0000] {logging_mixin.py:188} INFO - [2024-03-10T18:33:12.501+0000] {override.py:1769} INFO - Created Permission View: can read on DAG:example_params_trigger_ui
[2024-03-10T18:33:12.509+0000] {logging_mixin.py:188} INFO - [2024-03-10T18:33:12.509+0000] {dag.py:3047} INFO - Sync 1 DAGs
[2024-03-10T18:33:12.538+0000] {logging_mixin.py:188} INFO - [2024-03-10T18:33:12.538+0000] {dag.py:3069} INFO - Creating ORM DAG for example_params_trigger_ui
[2024-03-10T18:33:12.543+0000] {logging_mixin.py:188} INFO - [2024-03-10T18:33:12.543+0000] {dag.py:3834} INFO - Setting next_dagrun for example_params_trigger_ui to None, run_after=None
[2024-03-10T18:33:12.606+0000] {processor.py:183} INFO - Processing /home/airflow/.local/lib/python3.8/site-packages/airflow/example_dags/example_params_trigger_ui.py took 0.430 seconds
[2024-03-10T18:33:47.364+0000] {processor.py:161} INFO - Started process (PID=573) to work on /home/airflow/.local/lib/python3.8/site-packages/airflow/example_dags/example_params_trigger_ui.py
[2024-03-10T18:33:47.370+0000] {processor.py:830} INFO - Processing file /home/airflow/.local/lib/python3.8/site-packages/airflow/example_dags/example_params_trigger_ui.py for tasks to queue
[2024-03-10T18:33:47.372+0000] {logging_mixin.py:188} INFO - [2024-03-10T18:33:47.371+0000] {dagbag.py:540} INFO - Filling up the DagBag from /home/airflow/.local/lib/python3.8/site-packages/airflow/example_dags/example_params_trigger_ui.py
[2024-03-10T18:33:47.421+0000] {processor.py:840} INFO - DAG(s) 'example_params_trigger_ui' retrieved from /home/airflow/.local/lib/python3.8/site-packages/airflow/example_dags/example_params_trigger_ui.py
[2024-03-10T18:33:47.595+0000] {logging_mixin.py:188} INFO - [2024-03-10T18:33:47.595+0000] {dag.py:3047} INFO - Sync 1 DAGs
[2024-03-10T18:33:48.039+0000] {logging_mixin.py:188} INFO - [2024-03-10T18:33:48.033+0000] {dag.py:3834} INFO - Setting next_dagrun for example_params_trigger_ui to None, run_after=None
[2024-03-10T18:33:48.168+0000] {processor.py:183} INFO - Processing /home/airflow/.local/lib/python3.8/site-packages/airflow/example_dags/example_params_trigger_ui.py took 0.811 seconds
[2024-03-10T18:34:18.853+0000] {processor.py:161} INFO - Started process (PID=822) to work on /home/airflow/.local/lib/python3.8/site-packages/airflow/example_dags/example_params_trigger_ui.py
[2024-03-10T18:34:18.865+0000] {processor.py:830} INFO - Processing file /home/airflow/.local/lib/python3.8/site-packages/airflow/example_dags/example_params_trigger_ui.py for tasks to queue
[2024-03-10T18:34:18.887+0000] {logging_mixin.py:188} INFO - [2024-03-10T18:34:18.883+0000] {dagbag.py:540} INFO - Filling up the DagBag from /home/airflow/.local/lib/python3.8/site-packages/airflow/example_dags/example_params_trigger_ui.py
[2024-03-10T18:34:18.960+0000] {processor.py:840} INFO - DAG(s) 'example_params_trigger_ui' retrieved from /home/airflow/.local/lib/python3.8/site-packages/airflow/example_dags/example_params_trigger_ui.py
[2024-03-10T18:34:19.141+0000] {logging_mixin.py:188} INFO - [2024-03-10T18:34:19.140+0000] {dag.py:3047} INFO - Sync 1 DAGs
[2024-03-10T18:34:19.285+0000] {logging_mixin.py:188} INFO - [2024-03-10T18:34:19.283+0000] {dag.py:3834} INFO - Setting next_dagrun for example_params_trigger_ui to None, run_after=None
[2024-03-10T18:34:19.396+0000] {processor.py:183} INFO - Processing /home/airflow/.local/lib/python3.8/site-packages/airflow/example_dags/example_params_trigger_ui.py took 0.551 seconds
[2024-03-10T18:34:52.605+0000] {processor.py:161} INFO - Started process (PID=1068) to work on /home/airflow/.local/lib/python3.8/site-packages/airflow/example_dags/example_params_trigger_ui.py
[2024-03-10T18:34:52.617+0000] {processor.py:830} INFO - Processing file /home/airflow/.local/lib/python3.8/site-packages/airflow/example_dags/example_params_trigger_ui.py for tasks to queue
[2024-03-10T18:34:52.619+0000] {logging_mixin.py:188} INFO - [2024-03-10T18:34:52.618+0000] {dagbag.py:540} INFO - Filling up the DagBag from /home/airflow/.local/lib/python3.8/site-packages/airflow/example_dags/example_params_trigger_ui.py
[2024-03-10T18:34:52.669+0000] {processor.py:840} INFO - DAG(s) 'example_params_trigger_ui' retrieved from /home/airflow/.local/lib/python3.8/site-packages/airflow/example_dags/example_params_trigger_ui.py
[2024-03-10T18:34:52.848+0000] {logging_mixin.py:188} INFO - [2024-03-10T18:34:52.847+0000] {dag.py:3047} INFO - Sync 1 DAGs
[2024-03-10T18:34:52.868+0000] {logging_mixin.py:188} INFO - [2024-03-10T18:34:52.868+0000] {dag.py:3834} INFO - Setting next_dagrun for example_params_trigger_ui to None, run_after=None
[2024-03-10T18:34:52.905+0000] {processor.py:183} INFO - Processing /home/airflow/.local/lib/python3.8/site-packages/airflow/example_dags/example_params_trigger_ui.py took 0.304 seconds
[2024-03-10T18:35:25.826+0000] {processor.py:161} INFO - Started process (PID=1315) to work on /home/airflow/.local/lib/python3.8/site-packages/airflow/example_dags/example_params_trigger_ui.py
[2024-03-10T18:35:25.836+0000] {processor.py:830} INFO - Processing file /home/airflow/.local/lib/python3.8/site-packages/airflow/example_dags/example_params_trigger_ui.py for tasks to queue
[2024-03-10T18:35:25.839+0000] {logging_mixin.py:188} INFO - [2024-03-10T18:35:25.838+0000] {dagbag.py:540} INFO - Filling up the DagBag from /home/airflow/.local/lib/python3.8/site-packages/airflow/example_dags/example_params_trigger_ui.py
[2024-03-10T18:35:25.930+0000] {processor.py:840} INFO - DAG(s) 'example_params_trigger_ui' retrieved from /home/airflow/.local/lib/python3.8/site-packages/airflow/example_dags/example_params_trigger_ui.py
[2024-03-10T18:35:26.315+0000] {logging_mixin.py:188} INFO - [2024-03-10T18:35:26.314+0000] {dag.py:3047} INFO - Sync 1 DAGs
[2024-03-10T18:35:26.376+0000] {logging_mixin.py:188} INFO - [2024-03-10T18:35:26.375+0000] {dag.py:3834} INFO - Setting next_dagrun for example_params_trigger_ui to None, run_after=None
[2024-03-10T18:35:26.550+0000] {processor.py:183} INFO - Processing /home/airflow/.local/lib/python3.8/site-packages/airflow/example_dags/example_params_trigger_ui.py took 0.755 seconds
[2024-03-10T18:35:58.130+0000] {processor.py:161} INFO - Started process (PID=1562) to work on /home/airflow/.local/lib/python3.8/site-packages/airflow/example_dags/example_params_trigger_ui.py
[2024-03-10T18:35:58.147+0000] {processor.py:830} INFO - Processing file /home/airflow/.local/lib/python3.8/site-packages/airflow/example_dags/example_params_trigger_ui.py for tasks to queue
[2024-03-10T18:35:58.156+0000] {logging_mixin.py:188} INFO - [2024-03-10T18:35:58.154+0000] {dagbag.py:540} INFO - Filling up the DagBag from /home/airflow/.local/lib/python3.8/site-packages/airflow/example_dags/example_params_trigger_ui.py
[2024-03-10T18:35:58.196+0000] {processor.py:840} INFO - DAG(s) 'example_params_trigger_ui' retrieved from /home/airflow/.local/lib/python3.8/site-packages/airflow/example_dags/example_params_trigger_ui.py
[2024-03-10T18:35:58.338+0000] {logging_mixin.py:188} INFO - [2024-03-10T18:35:58.337+0000] {dag.py:3047} INFO - Sync 1 DAGs
[2024-03-10T18:35:58.355+0000] {logging_mixin.py:188} INFO - [2024-03-10T18:35:58.355+0000] {dag.py:3834} INFO - Setting next_dagrun for example_params_trigger_ui to None, run_after=None
[2024-03-10T18:35:58.386+0000] {processor.py:183} INFO - Processing /home/airflow/.local/lib/python3.8/site-packages/airflow/example_dags/example_params_trigger_ui.py took 0.262 seconds
[2024-03-10T18:36:33.312+0000] {processor.py:161} INFO - Started process (PID=1816) to work on /home/airflow/.local/lib/python3.8/site-packages/airflow/example_dags/example_params_trigger_ui.py
[2024-03-10T18:36:33.319+0000] {processor.py:830} INFO - Processing file /home/airflow/.local/lib/python3.8/site-packages/airflow/example_dags/example_params_trigger_ui.py for tasks to queue
[2024-03-10T18:36:33.325+0000] {logging_mixin.py:188} INFO - [2024-03-10T18:36:33.323+0000] {dagbag.py:540} INFO - Filling up the DagBag from /home/airflow/.local/lib/python3.8/site-packages/airflow/example_dags/example_params_trigger_ui.py
[2024-03-10T18:36:33.410+0000] {processor.py:840} INFO - DAG(s) 'example_params_trigger_ui' retrieved from /home/airflow/.local/lib/python3.8/site-packages/airflow/example_dags/example_params_trigger_ui.py
[2024-03-10T18:36:33.656+0000] {logging_mixin.py:188} INFO - [2024-03-10T18:36:33.654+0000] {dag.py:3047} INFO - Sync 1 DAGs
[2024-03-10T18:36:33.714+0000] {logging_mixin.py:188} INFO - [2024-03-10T18:36:33.714+0000] {dag.py:3834} INFO - Setting next_dagrun for example_params_trigger_ui to None, run_after=None
[2024-03-10T18:36:33.842+0000] {processor.py:183} INFO - Processing /home/airflow/.local/lib/python3.8/site-packages/airflow/example_dags/example_params_trigger_ui.py took 0.545 seconds
[2024-03-10T18:37:04.651+0000] {processor.py:161} INFO - Started process (PID=2061) to work on /home/airflow/.local/lib/python3.8/site-packages/airflow/example_dags/example_params_trigger_ui.py
[2024-03-10T18:37:04.659+0000] {processor.py:830} INFO - Processing file /home/airflow/.local/lib/python3.8/site-packages/airflow/example_dags/example_params_trigger_ui.py for tasks to queue
[2024-03-10T18:37:04.662+0000] {logging_mixin.py:188} INFO - [2024-03-10T18:37:04.661+0000] {dagbag.py:540} INFO - Filling up the DagBag from /home/airflow/.local/lib/python3.8/site-packages/airflow/example_dags/example_params_trigger_ui.py
[2024-03-10T18:37:04.734+0000] {processor.py:840} INFO - DAG(s) 'example_params_trigger_ui' retrieved from /home/airflow/.local/lib/python3.8/site-packages/airflow/example_dags/example_params_trigger_ui.py
[2024-03-10T18:37:05.039+0000] {logging_mixin.py:188} INFO - [2024-03-10T18:37:05.039+0000] {dag.py:3047} INFO - Sync 1 DAGs
[2024-03-10T18:37:05.104+0000] {logging_mixin.py:188} INFO - [2024-03-10T18:37:05.103+0000] {dag.py:3834} INFO - Setting next_dagrun for example_params_trigger_ui to None, run_after=None
[2024-03-10T18:37:05.218+0000] {processor.py:183} INFO - Processing /home/airflow/.local/lib/python3.8/site-packages/airflow/example_dags/example_params_trigger_ui.py took 0.581 seconds
[2024-03-10T18:37:35.407+0000] {processor.py:161} INFO - Started process (PID=2304) to work on /home/airflow/.local/lib/python3.8/site-packages/airflow/example_dags/example_params_trigger_ui.py
[2024-03-10T18:37:35.419+0000] {processor.py:830} INFO - Processing file /home/airflow/.local/lib/python3.8/site-packages/airflow/example_dags/example_params_trigger_ui.py for tasks to queue
[2024-03-10T18:37:35.427+0000] {logging_mixin.py:188} INFO - [2024-03-10T18:37:35.426+0000] {dagbag.py:540} INFO - Filling up the DagBag from /home/airflow/.local/lib/python3.8/site-packages/airflow/example_dags/example_params_trigger_ui.py
[2024-03-10T18:37:35.475+0000] {processor.py:840} INFO - DAG(s) 'example_params_trigger_ui' retrieved from /home/airflow/.local/lib/python3.8/site-packages/airflow/example_dags/example_params_trigger_ui.py
[2024-03-10T18:37:35.634+0000] {logging_mixin.py:188} INFO - [2024-03-10T18:37:35.634+0000] {dag.py:3047} INFO - Sync 1 DAGs
[2024-03-10T18:37:35.688+0000] {logging_mixin.py:188} INFO - [2024-03-10T18:37:35.688+0000] {dag.py:3834} INFO - Setting next_dagrun for example_params_trigger_ui to None, run_after=None
[2024-03-10T18:37:35.758+0000] {processor.py:183} INFO - Processing /home/airflow/.local/lib/python3.8/site-packages/airflow/example_dags/example_params_trigger_ui.py took 0.359 seconds
[2024-03-10T18:38:06.454+0000] {processor.py:161} INFO - Started process (PID=2550) to work on /home/airflow/.local/lib/python3.8/site-packages/airflow/example_dags/example_params_trigger_ui.py
[2024-03-10T18:38:06.463+0000] {processor.py:830} INFO - Processing file /home/airflow/.local/lib/python3.8/site-packages/airflow/example_dags/example_params_trigger_ui.py for tasks to queue
[2024-03-10T18:38:06.469+0000] {logging_mixin.py:188} INFO - [2024-03-10T18:38:06.467+0000] {dagbag.py:540} INFO - Filling up the DagBag from /home/airflow/.local/lib/python3.8/site-packages/airflow/example_dags/example_params_trigger_ui.py
[2024-03-10T18:38:06.530+0000] {processor.py:840} INFO - DAG(s) 'example_params_trigger_ui' retrieved from /home/airflow/.local/lib/python3.8/site-packages/airflow/example_dags/example_params_trigger_ui.py
[2024-03-10T18:38:06.860+0000] {logging_mixin.py:188} INFO - [2024-03-10T18:38:06.856+0000] {dag.py:3047} INFO - Sync 1 DAGs
[2024-03-10T18:38:07.103+0000] {logging_mixin.py:188} INFO - [2024-03-10T18:38:07.103+0000] {dag.py:3834} INFO - Setting next_dagrun for example_params_trigger_ui to None, run_after=None
[2024-03-10T18:38:07.202+0000] {processor.py:183} INFO - Processing /home/airflow/.local/lib/python3.8/site-packages/airflow/example_dags/example_params_trigger_ui.py took 0.788 seconds
[2024-03-10T18:38:37.567+0000] {processor.py:161} INFO - Started process (PID=2797) to work on /home/airflow/.local/lib/python3.8/site-packages/airflow/example_dags/example_params_trigger_ui.py
[2024-03-10T18:38:37.595+0000] {processor.py:830} INFO - Processing file /home/airflow/.local/lib/python3.8/site-packages/airflow/example_dags/example_params_trigger_ui.py for tasks to queue
[2024-03-10T18:38:37.627+0000] {logging_mixin.py:188} INFO - [2024-03-10T18:38:37.622+0000] {dagbag.py:540} INFO - Filling up the DagBag from /home/airflow/.local/lib/python3.8/site-packages/airflow/example_dags/example_params_trigger_ui.py
[2024-03-10T18:38:37.917+0000] {processor.py:840} INFO - DAG(s) 'example_params_trigger_ui' retrieved from /home/airflow/.local/lib/python3.8/site-packages/airflow/example_dags/example_params_trigger_ui.py
[2024-03-10T18:38:38.218+0000] {logging_mixin.py:188} INFO - [2024-03-10T18:38:38.217+0000] {dag.py:3047} INFO - Sync 1 DAGs
[2024-03-10T18:38:38.338+0000] {logging_mixin.py:188} INFO - [2024-03-10T18:38:38.337+0000] {dag.py:3834} INFO - Setting next_dagrun for example_params_trigger_ui to None, run_after=None
[2024-03-10T18:38:38.674+0000] {processor.py:183} INFO - Processing /home/airflow/.local/lib/python3.8/site-packages/airflow/example_dags/example_params_trigger_ui.py took 1.141 seconds
[2024-03-10T18:39:10.417+0000] {processor.py:161} INFO - Started process (PID=3046) to work on /home/airflow/.local/lib/python3.8/site-packages/airflow/example_dags/example_params_trigger_ui.py
[2024-03-10T18:39:10.423+0000] {processor.py:830} INFO - Processing file /home/airflow/.local/lib/python3.8/site-packages/airflow/example_dags/example_params_trigger_ui.py for tasks to queue
[2024-03-10T18:39:10.432+0000] {logging_mixin.py:188} INFO - [2024-03-10T18:39:10.427+0000] {dagbag.py:540} INFO - Filling up the DagBag from /home/airflow/.local/lib/python3.8/site-packages/airflow/example_dags/example_params_trigger_ui.py
[2024-03-10T18:39:10.573+0000] {processor.py:840} INFO - DAG(s) 'example_params_trigger_ui' retrieved from /home/airflow/.local/lib/python3.8/site-packages/airflow/example_dags/example_params_trigger_ui.py
[2024-03-10T18:39:10.794+0000] {logging_mixin.py:188} INFO - [2024-03-10T18:39:10.794+0000] {dag.py:3047} INFO - Sync 1 DAGs
[2024-03-10T18:39:10.860+0000] {logging_mixin.py:188} INFO - [2024-03-10T18:39:10.859+0000] {dag.py:3834} INFO - Setting next_dagrun for example_params_trigger_ui to None, run_after=None
[2024-03-10T18:39:10.936+0000] {processor.py:183} INFO - Processing /home/airflow/.local/lib/python3.8/site-packages/airflow/example_dags/example_params_trigger_ui.py took 0.534 seconds
[2024-03-10T18:39:45.558+0000] {processor.py:161} INFO - Started process (PID=3298) to work on /home/airflow/.local/lib/python3.8/site-packages/airflow/example_dags/example_params_trigger_ui.py
[2024-03-10T18:39:45.563+0000] {processor.py:830} INFO - Processing file /home/airflow/.local/lib/python3.8/site-packages/airflow/example_dags/example_params_trigger_ui.py for tasks to queue
[2024-03-10T18:39:45.568+0000] {logging_mixin.py:188} INFO - [2024-03-10T18:39:45.567+0000] {dagbag.py:540} INFO - Filling up the DagBag from /home/airflow/.local/lib/python3.8/site-packages/airflow/example_dags/example_params_trigger_ui.py
[2024-03-10T18:39:45.634+0000] {processor.py:840} INFO - DAG(s) 'example_params_trigger_ui' retrieved from /home/airflow/.local/lib/python3.8/site-packages/airflow/example_dags/example_params_trigger_ui.py
[2024-03-10T18:39:46.140+0000] {logging_mixin.py:188} INFO - [2024-03-10T18:39:46.137+0000] {dag.py:3047} INFO - Sync 1 DAGs
[2024-03-10T18:39:46.241+0000] {logging_mixin.py:188} INFO - [2024-03-10T18:39:46.239+0000] {dag.py:3834} INFO - Setting next_dagrun for example_params_trigger_ui to None, run_after=None
[2024-03-10T18:39:47.438+0000] {processor.py:183} INFO - Processing /home/airflow/.local/lib/python3.8/site-packages/airflow/example_dags/example_params_trigger_ui.py took 1.890 seconds
[2024-03-10T18:40:18.279+0000] {processor.py:161} INFO - Started process (PID=3550) to work on /home/airflow/.local/lib/python3.8/site-packages/airflow/example_dags/example_params_trigger_ui.py
[2024-03-10T18:40:18.283+0000] {processor.py:830} INFO - Processing file /home/airflow/.local/lib/python3.8/site-packages/airflow/example_dags/example_params_trigger_ui.py for tasks to queue
[2024-03-10T18:40:18.286+0000] {logging_mixin.py:188} INFO - [2024-03-10T18:40:18.285+0000] {dagbag.py:540} INFO - Filling up the DagBag from /home/airflow/.local/lib/python3.8/site-packages/airflow/example_dags/example_params_trigger_ui.py
[2024-03-10T18:40:18.319+0000] {processor.py:840} INFO - DAG(s) 'example_params_trigger_ui' retrieved from /home/airflow/.local/lib/python3.8/site-packages/airflow/example_dags/example_params_trigger_ui.py
[2024-03-10T18:40:18.526+0000] {logging_mixin.py:188} INFO - [2024-03-10T18:40:18.525+0000] {dag.py:3047} INFO - Sync 1 DAGs
[2024-03-10T18:40:18.593+0000] {logging_mixin.py:188} INFO - [2024-03-10T18:40:18.592+0000] {dag.py:3834} INFO - Setting next_dagrun for example_params_trigger_ui to None, run_after=None
[2024-03-10T18:40:18.687+0000] {processor.py:183} INFO - Processing /home/airflow/.local/lib/python3.8/site-packages/airflow/example_dags/example_params_trigger_ui.py took 0.419 seconds
[2024-03-10T18:40:52.484+0000] {processor.py:161} INFO - Started process (PID=3808) to work on /home/airflow/.local/lib/python3.8/site-packages/airflow/example_dags/example_params_trigger_ui.py
[2024-03-10T18:40:52.491+0000] {processor.py:830} INFO - Processing file /home/airflow/.local/lib/python3.8/site-packages/airflow/example_dags/example_params_trigger_ui.py for tasks to queue
[2024-03-10T18:40:52.497+0000] {logging_mixin.py:188} INFO - [2024-03-10T18:40:52.496+0000] {dagbag.py:540} INFO - Filling up the DagBag from /home/airflow/.local/lib/python3.8/site-packages/airflow/example_dags/example_params_trigger_ui.py
[2024-03-10T18:40:52.566+0000] {processor.py:840} INFO - DAG(s) 'example_params_trigger_ui' retrieved from /home/airflow/.local/lib/python3.8/site-packages/airflow/example_dags/example_params_trigger_ui.py
[2024-03-10T18:40:52.626+0000] {logging_mixin.py:188} INFO - [2024-03-10T18:40:52.625+0000] {dag.py:3047} INFO - Sync 1 DAGs
[2024-03-10T18:40:52.698+0000] {logging_mixin.py:188} INFO - [2024-03-10T18:40:52.697+0000] {dag.py:3834} INFO - Setting next_dagrun for example_params_trigger_ui to None, run_after=None
[2024-03-10T18:40:52.787+0000] {processor.py:183} INFO - Processing /home/airflow/.local/lib/python3.8/site-packages/airflow/example_dags/example_params_trigger_ui.py took 0.322 seconds
[2024-03-10T18:41:24.144+0000] {processor.py:161} INFO - Started process (PID=4057) to work on /home/airflow/.local/lib/python3.8/site-packages/airflow/example_dags/example_params_trigger_ui.py
[2024-03-10T18:41:24.151+0000] {processor.py:830} INFO - Processing file /home/airflow/.local/lib/python3.8/site-packages/airflow/example_dags/example_params_trigger_ui.py for tasks to queue
[2024-03-10T18:41:24.158+0000] {logging_mixin.py:188} INFO - [2024-03-10T18:41:24.157+0000] {dagbag.py:540} INFO - Filling up the DagBag from /home/airflow/.local/lib/python3.8/site-packages/airflow/example_dags/example_params_trigger_ui.py
[2024-03-10T18:41:24.220+0000] {processor.py:840} INFO - DAG(s) 'example_params_trigger_ui' retrieved from /home/airflow/.local/lib/python3.8/site-packages/airflow/example_dags/example_params_trigger_ui.py
[2024-03-10T18:41:24.579+0000] {logging_mixin.py:188} INFO - [2024-03-10T18:41:24.578+0000] {dag.py:3047} INFO - Sync 1 DAGs
[2024-03-10T18:41:24.605+0000] {logging_mixin.py:188} INFO - [2024-03-10T18:41:24.604+0000] {dag.py:3834} INFO - Setting next_dagrun for example_params_trigger_ui to None, run_after=None
[2024-03-10T18:41:24.739+0000] {processor.py:183} INFO - Processing /home/airflow/.local/lib/python3.8/site-packages/airflow/example_dags/example_params_trigger_ui.py took 0.608 seconds
[2024-03-10T18:41:56.907+0000] {processor.py:161} INFO - Started process (PID=4314) to work on /home/airflow/.local/lib/python3.8/site-packages/airflow/example_dags/example_params_trigger_ui.py
[2024-03-10T18:41:56.912+0000] {processor.py:830} INFO - Processing file /home/airflow/.local/lib/python3.8/site-packages/airflow/example_dags/example_params_trigger_ui.py for tasks to queue
[2024-03-10T18:41:56.917+0000] {logging_mixin.py:188} INFO - [2024-03-10T18:41:56.915+0000] {dagbag.py:540} INFO - Filling up the DagBag from /home/airflow/.local/lib/python3.8/site-packages/airflow/example_dags/example_params_trigger_ui.py
[2024-03-10T18:41:56.986+0000] {processor.py:840} INFO - DAG(s) 'example_params_trigger_ui' retrieved from /home/airflow/.local/lib/python3.8/site-packages/airflow/example_dags/example_params_trigger_ui.py
[2024-03-10T18:41:57.104+0000] {logging_mixin.py:188} INFO - [2024-03-10T18:41:57.103+0000] {dag.py:3047} INFO - Sync 1 DAGs
[2024-03-10T18:41:57.162+0000] {logging_mixin.py:188} INFO - [2024-03-10T18:41:57.161+0000] {dag.py:3834} INFO - Setting next_dagrun for example_params_trigger_ui to None, run_after=None
[2024-03-10T18:41:57.216+0000] {processor.py:183} INFO - Processing /home/airflow/.local/lib/python3.8/site-packages/airflow/example_dags/example_params_trigger_ui.py took 0.322 seconds
[2024-03-10T18:42:48.901+0000] {processor.py:161} INFO - Started process (PID=4582) to work on /home/airflow/.local/lib/python3.8/site-packages/airflow/example_dags/example_params_trigger_ui.py
[2024-03-10T18:42:48.948+0000] {processor.py:830} INFO - Processing file /home/airflow/.local/lib/python3.8/site-packages/airflow/example_dags/example_params_trigger_ui.py for tasks to queue
[2024-03-10T18:42:48.961+0000] {logging_mixin.py:188} INFO - [2024-03-10T18:42:48.960+0000] {dagbag.py:540} INFO - Filling up the DagBag from /home/airflow/.local/lib/python3.8/site-packages/airflow/example_dags/example_params_trigger_ui.py
[2024-03-10T18:42:49.081+0000] {processor.py:840} INFO - DAG(s) 'example_params_trigger_ui' retrieved from /home/airflow/.local/lib/python3.8/site-packages/airflow/example_dags/example_params_trigger_ui.py
[2024-03-10T18:42:49.942+0000] {logging_mixin.py:188} INFO - [2024-03-10T18:42:49.940+0000] {dag.py:3047} INFO - Sync 1 DAGs
[2024-03-10T18:42:50.107+0000] {logging_mixin.py:188} INFO - [2024-03-10T18:42:50.106+0000] {dag.py:3834} INFO - Setting next_dagrun for example_params_trigger_ui to None, run_after=None
[2024-03-10T18:42:50.314+0000] {processor.py:183} INFO - Processing /home/airflow/.local/lib/python3.8/site-packages/airflow/example_dags/example_params_trigger_ui.py took 1.437 seconds
[2024-03-10T18:43:58.444+0000] {processor.py:161} INFO - Started process (PID=4833) to work on /home/airflow/.local/lib/python3.8/site-packages/airflow/example_dags/example_params_trigger_ui.py
[2024-03-10T18:43:58.527+0000] {processor.py:830} INFO - Processing file /home/airflow/.local/lib/python3.8/site-packages/airflow/example_dags/example_params_trigger_ui.py for tasks to queue
[2024-03-10T18:43:58.534+0000] {logging_mixin.py:188} INFO - [2024-03-10T18:43:58.533+0000] {dagbag.py:540} INFO - Filling up the DagBag from /home/airflow/.local/lib/python3.8/site-packages/airflow/example_dags/example_params_trigger_ui.py
[2024-03-10T18:43:58.725+0000] {processor.py:840} INFO - DAG(s) 'example_params_trigger_ui' retrieved from /home/airflow/.local/lib/python3.8/site-packages/airflow/example_dags/example_params_trigger_ui.py
[2024-03-10T18:43:59.242+0000] {logging_mixin.py:188} INFO - [2024-03-10T18:43:59.240+0000] {dag.py:3047} INFO - Sync 1 DAGs
[2024-03-10T18:43:59.348+0000] {logging_mixin.py:188} INFO - [2024-03-10T18:43:59.347+0000] {dag.py:3834} INFO - Setting next_dagrun for example_params_trigger_ui to None, run_after=None
[2024-03-10T18:43:59.550+0000] {processor.py:183} INFO - Processing /home/airflow/.local/lib/python3.8/site-packages/airflow/example_dags/example_params_trigger_ui.py took 1.143 seconds
