[2024-03-10T18:33:13.768+0000] {processor.py:161} INFO - Started process (PID=351) to work on /home/airflow/.local/lib/python3.8/site-packages/airflow/example_dags/example_latest_only.py
[2024-03-10T18:33:13.772+0000] {processor.py:830} INFO - Processing file /home/airflow/.local/lib/python3.8/site-packages/airflow/example_dags/example_latest_only.py for tasks to queue
[2024-03-10T18:33:13.776+0000] {logging_mixin.py:188} INFO - [2024-03-10T18:33:13.776+0000] {dagbag.py:540} INFO - Filling up the DagBag from /home/airflow/.local/lib/python3.8/site-packages/airflow/example_dags/example_latest_only.py
[2024-03-10T18:33:13.831+0000] {processor.py:840} INFO - DAG(s) 'latest_only' retrieved from /home/airflow/.local/lib/python3.8/site-packages/airflow/example_dags/example_latest_only.py
[2024-03-10T18:33:14.129+0000] {logging_mixin.py:188} INFO - [2024-03-10T18:33:14.128+0000] {override.py:1769} INFO - Created Permission View: can delete on DAG:latest_only
[2024-03-10T18:33:14.146+0000] {logging_mixin.py:188} INFO - [2024-03-10T18:33:14.146+0000] {override.py:1769} INFO - Created Permission View: can edit on DAG:latest_only
[2024-03-10T18:33:14.157+0000] {logging_mixin.py:188} INFO - [2024-03-10T18:33:14.156+0000] {override.py:1769} INFO - Created Permission View: can read on DAG:latest_only
[2024-03-10T18:33:14.161+0000] {logging_mixin.py:188} INFO - [2024-03-10T18:33:14.160+0000] {dag.py:3047} INFO - Sync 1 DAGs
[2024-03-10T18:33:14.174+0000] {logging_mixin.py:188} INFO - [2024-03-10T18:33:14.174+0000] {dag.py:3069} INFO - Creating ORM DAG for latest_only
[2024-03-10T18:33:14.199+0000] {logging_mixin.py:188} INFO - [2024-03-10T18:33:14.199+0000] {dag.py:3834} INFO - Setting next_dagrun for latest_only to 2024-03-10 12:00:00+00:00, run_after=2024-03-10 16:00:00+00:00
[2024-03-10T18:33:14.232+0000] {processor.py:183} INFO - Processing /home/airflow/.local/lib/python3.8/site-packages/airflow/example_dags/example_latest_only.py took 0.471 seconds
[2024-03-10T18:33:53.651+0000] {processor.py:161} INFO - Started process (PID=604) to work on /home/airflow/.local/lib/python3.8/site-packages/airflow/example_dags/example_latest_only.py
[2024-03-10T18:33:53.655+0000] {processor.py:830} INFO - Processing file /home/airflow/.local/lib/python3.8/site-packages/airflow/example_dags/example_latest_only.py for tasks to queue
[2024-03-10T18:33:53.659+0000] {logging_mixin.py:188} INFO - [2024-03-10T18:33:53.658+0000] {dagbag.py:540} INFO - Filling up the DagBag from /home/airflow/.local/lib/python3.8/site-packages/airflow/example_dags/example_latest_only.py
[2024-03-10T18:33:53.707+0000] {processor.py:840} INFO - DAG(s) 'latest_only' retrieved from /home/airflow/.local/lib/python3.8/site-packages/airflow/example_dags/example_latest_only.py
[2024-03-10T18:33:53.938+0000] {logging_mixin.py:188} INFO - [2024-03-10T18:33:53.935+0000] {dag.py:3047} INFO - Sync 1 DAGs
[2024-03-10T18:33:54.498+0000] {logging_mixin.py:188} INFO - [2024-03-10T18:33:54.495+0000] {dag.py:3834} INFO - Setting next_dagrun for latest_only to 2024-03-10 12:00:00+00:00, run_after=2024-03-10 16:00:00+00:00
[2024-03-10T18:33:54.612+0000] {processor.py:183} INFO - Processing /home/airflow/.local/lib/python3.8/site-packages/airflow/example_dags/example_latest_only.py took 0.970 seconds
[2024-03-10T18:34:25.746+0000] {processor.py:161} INFO - Started process (PID=852) to work on /home/airflow/.local/lib/python3.8/site-packages/airflow/example_dags/example_latest_only.py
[2024-03-10T18:34:25.758+0000] {processor.py:830} INFO - Processing file /home/airflow/.local/lib/python3.8/site-packages/airflow/example_dags/example_latest_only.py for tasks to queue
[2024-03-10T18:34:25.771+0000] {logging_mixin.py:188} INFO - [2024-03-10T18:34:25.770+0000] {dagbag.py:540} INFO - Filling up the DagBag from /home/airflow/.local/lib/python3.8/site-packages/airflow/example_dags/example_latest_only.py
[2024-03-10T18:34:25.791+0000] {processor.py:840} INFO - DAG(s) 'latest_only' retrieved from /home/airflow/.local/lib/python3.8/site-packages/airflow/example_dags/example_latest_only.py
[2024-03-10T18:34:25.825+0000] {logging_mixin.py:188} INFO - [2024-03-10T18:34:25.824+0000] {dag.py:3047} INFO - Sync 1 DAGs
[2024-03-10T18:34:25.850+0000] {logging_mixin.py:188} INFO - [2024-03-10T18:34:25.850+0000] {dag.py:3834} INFO - Setting next_dagrun for latest_only to 2024-03-10 12:00:00+00:00, run_after=2024-03-10 16:00:00+00:00
[2024-03-10T18:34:25.885+0000] {processor.py:183} INFO - Processing /home/airflow/.local/lib/python3.8/site-packages/airflow/example_dags/example_latest_only.py took 0.150 seconds
[2024-03-10T18:34:57.936+0000] {processor.py:161} INFO - Started process (PID=1094) to work on /home/airflow/.local/lib/python3.8/site-packages/airflow/example_dags/example_latest_only.py
[2024-03-10T18:34:57.944+0000] {processor.py:830} INFO - Processing file /home/airflow/.local/lib/python3.8/site-packages/airflow/example_dags/example_latest_only.py for tasks to queue
[2024-03-10T18:34:57.950+0000] {logging_mixin.py:188} INFO - [2024-03-10T18:34:57.947+0000] {dagbag.py:540} INFO - Filling up the DagBag from /home/airflow/.local/lib/python3.8/site-packages/airflow/example_dags/example_latest_only.py
[2024-03-10T18:34:57.995+0000] {processor.py:840} INFO - DAG(s) 'latest_only' retrieved from /home/airflow/.local/lib/python3.8/site-packages/airflow/example_dags/example_latest_only.py
[2024-03-10T18:34:58.109+0000] {logging_mixin.py:188} INFO - [2024-03-10T18:34:58.108+0000] {dag.py:3047} INFO - Sync 1 DAGs
[2024-03-10T18:34:58.184+0000] {logging_mixin.py:188} INFO - [2024-03-10T18:34:58.182+0000] {dag.py:3834} INFO - Setting next_dagrun for latest_only to 2024-03-10 12:00:00+00:00, run_after=2024-03-10 16:00:00+00:00
[2024-03-10T18:34:58.292+0000] {processor.py:183} INFO - Processing /home/airflow/.local/lib/python3.8/site-packages/airflow/example_dags/example_latest_only.py took 0.366 seconds
[2024-03-10T18:35:29.460+0000] {processor.py:161} INFO - Started process (PID=1346) to work on /home/airflow/.local/lib/python3.8/site-packages/airflow/example_dags/example_latest_only.py
[2024-03-10T18:35:29.465+0000] {processor.py:830} INFO - Processing file /home/airflow/.local/lib/python3.8/site-packages/airflow/example_dags/example_latest_only.py for tasks to queue
[2024-03-10T18:35:29.480+0000] {logging_mixin.py:188} INFO - [2024-03-10T18:35:29.477+0000] {dagbag.py:540} INFO - Filling up the DagBag from /home/airflow/.local/lib/python3.8/site-packages/airflow/example_dags/example_latest_only.py
[2024-03-10T18:35:29.509+0000] {processor.py:840} INFO - DAG(s) 'latest_only' retrieved from /home/airflow/.local/lib/python3.8/site-packages/airflow/example_dags/example_latest_only.py
[2024-03-10T18:35:29.598+0000] {logging_mixin.py:188} INFO - [2024-03-10T18:35:29.597+0000] {dag.py:3047} INFO - Sync 1 DAGs
[2024-03-10T18:35:29.701+0000] {logging_mixin.py:188} INFO - [2024-03-10T18:35:29.700+0000] {dag.py:3834} INFO - Setting next_dagrun for latest_only to 2024-03-10 12:00:00+00:00, run_after=2024-03-10 16:00:00+00:00
[2024-03-10T18:35:29.773+0000] {processor.py:183} INFO - Processing /home/airflow/.local/lib/python3.8/site-packages/airflow/example_dags/example_latest_only.py took 0.320 seconds
[2024-03-10T18:36:00.323+0000] {processor.py:161} INFO - Started process (PID=1589) to work on /home/airflow/.local/lib/python3.8/site-packages/airflow/example_dags/example_latest_only.py
[2024-03-10T18:36:00.329+0000] {processor.py:830} INFO - Processing file /home/airflow/.local/lib/python3.8/site-packages/airflow/example_dags/example_latest_only.py for tasks to queue
[2024-03-10T18:36:00.331+0000] {logging_mixin.py:188} INFO - [2024-03-10T18:36:00.330+0000] {dagbag.py:540} INFO - Filling up the DagBag from /home/airflow/.local/lib/python3.8/site-packages/airflow/example_dags/example_latest_only.py
[2024-03-10T18:36:00.369+0000] {processor.py:840} INFO - DAG(s) 'latest_only' retrieved from /home/airflow/.local/lib/python3.8/site-packages/airflow/example_dags/example_latest_only.py
[2024-03-10T18:36:00.404+0000] {logging_mixin.py:188} INFO - [2024-03-10T18:36:00.403+0000] {dag.py:3047} INFO - Sync 1 DAGs
[2024-03-10T18:36:00.423+0000] {logging_mixin.py:188} INFO - [2024-03-10T18:36:00.423+0000] {dag.py:3834} INFO - Setting next_dagrun for latest_only to 2024-03-10 12:00:00+00:00, run_after=2024-03-10 16:00:00+00:00
[2024-03-10T18:36:00.438+0000] {processor.py:183} INFO - Processing /home/airflow/.local/lib/python3.8/site-packages/airflow/example_dags/example_latest_only.py took 0.120 seconds
[2024-03-10T18:36:35.859+0000] {processor.py:161} INFO - Started process (PID=1834) to work on /home/airflow/.local/lib/python3.8/site-packages/airflow/example_dags/example_latest_only.py
[2024-03-10T18:36:35.989+0000] {processor.py:830} INFO - Processing file /home/airflow/.local/lib/python3.8/site-packages/airflow/example_dags/example_latest_only.py for tasks to queue
[2024-03-10T18:36:36.074+0000] {logging_mixin.py:188} INFO - [2024-03-10T18:36:36.034+0000] {dagbag.py:540} INFO - Filling up the DagBag from /home/airflow/.local/lib/python3.8/site-packages/airflow/example_dags/example_latest_only.py
[2024-03-10T18:36:36.604+0000] {processor.py:840} INFO - DAG(s) 'latest_only' retrieved from /home/airflow/.local/lib/python3.8/site-packages/airflow/example_dags/example_latest_only.py
[2024-03-10T18:36:36.946+0000] {logging_mixin.py:188} INFO - [2024-03-10T18:36:36.942+0000] {dag.py:3047} INFO - Sync 1 DAGs
[2024-03-10T18:36:37.093+0000] {logging_mixin.py:188} INFO - [2024-03-10T18:36:37.093+0000] {dag.py:3834} INFO - Setting next_dagrun for latest_only to 2024-03-10 12:00:00+00:00, run_after=2024-03-10 16:00:00+00:00
[2024-03-10T18:36:37.164+0000] {processor.py:183} INFO - Processing /home/airflow/.local/lib/python3.8/site-packages/airflow/example_dags/example_latest_only.py took 1.815 seconds
[2024-03-10T18:37:10.539+0000] {processor.py:161} INFO - Started process (PID=2097) to work on /home/airflow/.local/lib/python3.8/site-packages/airflow/example_dags/example_latest_only.py
[2024-03-10T18:37:10.544+0000] {processor.py:830} INFO - Processing file /home/airflow/.local/lib/python3.8/site-packages/airflow/example_dags/example_latest_only.py for tasks to queue
[2024-03-10T18:37:10.546+0000] {logging_mixin.py:188} INFO - [2024-03-10T18:37:10.545+0000] {dagbag.py:540} INFO - Filling up the DagBag from /home/airflow/.local/lib/python3.8/site-packages/airflow/example_dags/example_latest_only.py
[2024-03-10T18:37:10.584+0000] {processor.py:840} INFO - DAG(s) 'latest_only' retrieved from /home/airflow/.local/lib/python3.8/site-packages/airflow/example_dags/example_latest_only.py
[2024-03-10T18:37:10.648+0000] {logging_mixin.py:188} INFO - [2024-03-10T18:37:10.647+0000] {dag.py:3047} INFO - Sync 1 DAGs
[2024-03-10T18:37:10.705+0000] {logging_mixin.py:188} INFO - [2024-03-10T18:37:10.704+0000] {dag.py:3834} INFO - Setting next_dagrun for latest_only to 2024-03-10 12:00:00+00:00, run_after=2024-03-10 16:00:00+00:00
[2024-03-10T18:37:10.772+0000] {processor.py:183} INFO - Processing /home/airflow/.local/lib/python3.8/site-packages/airflow/example_dags/example_latest_only.py took 0.238 seconds
[2024-03-10T18:37:42.206+0000] {processor.py:161} INFO - Started process (PID=2334) to work on /home/airflow/.local/lib/python3.8/site-packages/airflow/example_dags/example_latest_only.py
[2024-03-10T18:37:42.216+0000] {processor.py:830} INFO - Processing file /home/airflow/.local/lib/python3.8/site-packages/airflow/example_dags/example_latest_only.py for tasks to queue
[2024-03-10T18:37:42.224+0000] {logging_mixin.py:188} INFO - [2024-03-10T18:37:42.224+0000] {dagbag.py:540} INFO - Filling up the DagBag from /home/airflow/.local/lib/python3.8/site-packages/airflow/example_dags/example_latest_only.py
[2024-03-10T18:37:42.237+0000] {processor.py:840} INFO - DAG(s) 'latest_only' retrieved from /home/airflow/.local/lib/python3.8/site-packages/airflow/example_dags/example_latest_only.py
[2024-03-10T18:37:42.290+0000] {logging_mixin.py:188} INFO - [2024-03-10T18:37:42.290+0000] {dag.py:3047} INFO - Sync 1 DAGs
[2024-03-10T18:37:42.338+0000] {logging_mixin.py:188} INFO - [2024-03-10T18:37:42.336+0000] {dag.py:3834} INFO - Setting next_dagrun for latest_only to 2024-03-10 12:00:00+00:00, run_after=2024-03-10 16:00:00+00:00
[2024-03-10T18:37:42.459+0000] {processor.py:183} INFO - Processing /home/airflow/.local/lib/python3.8/site-packages/airflow/example_dags/example_latest_only.py took 0.263 seconds
[2024-03-10T18:38:14.410+0000] {processor.py:161} INFO - Started process (PID=2586) to work on /home/airflow/.local/lib/python3.8/site-packages/airflow/example_dags/example_latest_only.py
[2024-03-10T18:38:14.414+0000] {processor.py:830} INFO - Processing file /home/airflow/.local/lib/python3.8/site-packages/airflow/example_dags/example_latest_only.py for tasks to queue
[2024-03-10T18:38:14.418+0000] {logging_mixin.py:188} INFO - [2024-03-10T18:38:14.417+0000] {dagbag.py:540} INFO - Filling up the DagBag from /home/airflow/.local/lib/python3.8/site-packages/airflow/example_dags/example_latest_only.py
[2024-03-10T18:38:14.431+0000] {processor.py:840} INFO - DAG(s) 'latest_only' retrieved from /home/airflow/.local/lib/python3.8/site-packages/airflow/example_dags/example_latest_only.py
[2024-03-10T18:38:14.536+0000] {logging_mixin.py:188} INFO - [2024-03-10T18:38:14.535+0000] {dag.py:3047} INFO - Sync 1 DAGs
[2024-03-10T18:38:14.604+0000] {logging_mixin.py:188} INFO - [2024-03-10T18:38:14.603+0000] {dag.py:3834} INFO - Setting next_dagrun for latest_only to 2024-03-10 12:00:00+00:00, run_after=2024-03-10 16:00:00+00:00
[2024-03-10T18:38:14.683+0000] {processor.py:183} INFO - Processing /home/airflow/.local/lib/python3.8/site-packages/airflow/example_dags/example_latest_only.py took 0.281 seconds
[2024-03-10T18:38:49.091+0000] {processor.py:161} INFO - Started process (PID=2838) to work on /home/airflow/.local/lib/python3.8/site-packages/airflow/example_dags/example_latest_only.py
[2024-03-10T18:38:49.097+0000] {processor.py:830} INFO - Processing file /home/airflow/.local/lib/python3.8/site-packages/airflow/example_dags/example_latest_only.py for tasks to queue
[2024-03-10T18:38:49.108+0000] {logging_mixin.py:188} INFO - [2024-03-10T18:38:49.102+0000] {dagbag.py:540} INFO - Filling up the DagBag from /home/airflow/.local/lib/python3.8/site-packages/airflow/example_dags/example_latest_only.py
[2024-03-10T18:38:49.165+0000] {processor.py:840} INFO - DAG(s) 'latest_only' retrieved from /home/airflow/.local/lib/python3.8/site-packages/airflow/example_dags/example_latest_only.py
[2024-03-10T18:38:49.636+0000] {logging_mixin.py:188} INFO - [2024-03-10T18:38:49.635+0000] {dag.py:3047} INFO - Sync 1 DAGs
[2024-03-10T18:38:49.833+0000] {logging_mixin.py:188} INFO - [2024-03-10T18:38:49.832+0000] {dag.py:3834} INFO - Setting next_dagrun for latest_only to 2024-03-10 12:00:00+00:00, run_after=2024-03-10 16:00:00+00:00
[2024-03-10T18:38:49.978+0000] {processor.py:183} INFO - Processing /home/airflow/.local/lib/python3.8/site-packages/airflow/example_dags/example_latest_only.py took 0.924 seconds
[2024-03-10T18:39:20.719+0000] {processor.py:161} INFO - Started process (PID=3092) to work on /home/airflow/.local/lib/python3.8/site-packages/airflow/example_dags/example_latest_only.py
[2024-03-10T18:39:20.727+0000] {processor.py:830} INFO - Processing file /home/airflow/.local/lib/python3.8/site-packages/airflow/example_dags/example_latest_only.py for tasks to queue
[2024-03-10T18:39:20.734+0000] {logging_mixin.py:188} INFO - [2024-03-10T18:39:20.732+0000] {dagbag.py:540} INFO - Filling up the DagBag from /home/airflow/.local/lib/python3.8/site-packages/airflow/example_dags/example_latest_only.py
[2024-03-10T18:39:20.787+0000] {processor.py:840} INFO - DAG(s) 'latest_only' retrieved from /home/airflow/.local/lib/python3.8/site-packages/airflow/example_dags/example_latest_only.py
[2024-03-10T18:39:21.392+0000] {logging_mixin.py:188} INFO - [2024-03-10T18:39:21.386+0000] {dag.py:3047} INFO - Sync 1 DAGs
[2024-03-10T18:39:21.851+0000] {logging_mixin.py:188} INFO - [2024-03-10T18:39:21.850+0000] {dag.py:3834} INFO - Setting next_dagrun for latest_only to 2024-03-10 12:00:00+00:00, run_after=2024-03-10 16:00:00+00:00
[2024-03-10T18:39:21.986+0000] {processor.py:183} INFO - Processing /home/airflow/.local/lib/python3.8/site-packages/airflow/example_dags/example_latest_only.py took 1.293 seconds
[2024-03-10T18:39:52.623+0000] {processor.py:161} INFO - Started process (PID=3340) to work on /home/airflow/.local/lib/python3.8/site-packages/airflow/example_dags/example_latest_only.py
[2024-03-10T18:39:52.628+0000] {processor.py:830} INFO - Processing file /home/airflow/.local/lib/python3.8/site-packages/airflow/example_dags/example_latest_only.py for tasks to queue
[2024-03-10T18:39:52.634+0000] {logging_mixin.py:188} INFO - [2024-03-10T18:39:52.634+0000] {dagbag.py:540} INFO - Filling up the DagBag from /home/airflow/.local/lib/python3.8/site-packages/airflow/example_dags/example_latest_only.py
[2024-03-10T18:39:52.659+0000] {processor.py:840} INFO - DAG(s) 'latest_only' retrieved from /home/airflow/.local/lib/python3.8/site-packages/airflow/example_dags/example_latest_only.py
[2024-03-10T18:39:52.758+0000] {logging_mixin.py:188} INFO - [2024-03-10T18:39:52.757+0000] {dag.py:3047} INFO - Sync 1 DAGs
[2024-03-10T18:39:52.869+0000] {logging_mixin.py:188} INFO - [2024-03-10T18:39:52.869+0000] {dag.py:3834} INFO - Setting next_dagrun for latest_only to 2024-03-10 12:00:00+00:00, run_after=2024-03-10 16:00:00+00:00
[2024-03-10T18:39:53.185+0000] {processor.py:183} INFO - Processing /home/airflow/.local/lib/python3.8/site-packages/airflow/example_dags/example_latest_only.py took 0.570 seconds
[2024-03-10T18:40:23.918+0000] {processor.py:161} INFO - Started process (PID=3589) to work on /home/airflow/.local/lib/python3.8/site-packages/airflow/example_dags/example_latest_only.py
[2024-03-10T18:40:23.924+0000] {processor.py:830} INFO - Processing file /home/airflow/.local/lib/python3.8/site-packages/airflow/example_dags/example_latest_only.py for tasks to queue
[2024-03-10T18:40:23.930+0000] {logging_mixin.py:188} INFO - [2024-03-10T18:40:23.929+0000] {dagbag.py:540} INFO - Filling up the DagBag from /home/airflow/.local/lib/python3.8/site-packages/airflow/example_dags/example_latest_only.py
[2024-03-10T18:40:23.958+0000] {processor.py:840} INFO - DAG(s) 'latest_only' retrieved from /home/airflow/.local/lib/python3.8/site-packages/airflow/example_dags/example_latest_only.py
[2024-03-10T18:40:24.084+0000] {logging_mixin.py:188} INFO - [2024-03-10T18:40:24.082+0000] {dag.py:3047} INFO - Sync 1 DAGs
[2024-03-10T18:40:24.191+0000] {logging_mixin.py:188} INFO - [2024-03-10T18:40:24.191+0000] {dag.py:3834} INFO - Setting next_dagrun for latest_only to 2024-03-10 12:00:00+00:00, run_after=2024-03-10 16:00:00+00:00
[2024-03-10T18:40:24.244+0000] {processor.py:183} INFO - Processing /home/airflow/.local/lib/python3.8/site-packages/airflow/example_dags/example_latest_only.py took 0.342 seconds
[2024-03-10T18:40:56.147+0000] {processor.py:161} INFO - Started process (PID=3845) to work on /home/airflow/.local/lib/python3.8/site-packages/airflow/example_dags/example_latest_only.py
[2024-03-10T18:40:56.171+0000] {processor.py:830} INFO - Processing file /home/airflow/.local/lib/python3.8/site-packages/airflow/example_dags/example_latest_only.py for tasks to queue
[2024-03-10T18:40:56.181+0000] {logging_mixin.py:188} INFO - [2024-03-10T18:40:56.179+0000] {dagbag.py:540} INFO - Filling up the DagBag from /home/airflow/.local/lib/python3.8/site-packages/airflow/example_dags/example_latest_only.py
[2024-03-10T18:40:56.250+0000] {processor.py:840} INFO - DAG(s) 'latest_only' retrieved from /home/airflow/.local/lib/python3.8/site-packages/airflow/example_dags/example_latest_only.py
[2024-03-10T18:40:56.373+0000] {logging_mixin.py:188} INFO - [2024-03-10T18:40:56.372+0000] {dag.py:3047} INFO - Sync 1 DAGs
[2024-03-10T18:40:56.436+0000] {logging_mixin.py:188} INFO - [2024-03-10T18:40:56.435+0000] {dag.py:3834} INFO - Setting next_dagrun for latest_only to 2024-03-10 12:00:00+00:00, run_after=2024-03-10 16:00:00+00:00
[2024-03-10T18:40:56.520+0000] {processor.py:183} INFO - Processing /home/airflow/.local/lib/python3.8/site-packages/airflow/example_dags/example_latest_only.py took 0.415 seconds
[2024-03-10T18:41:27.024+0000] {processor.py:161} INFO - Started process (PID=4092) to work on /home/airflow/.local/lib/python3.8/site-packages/airflow/example_dags/example_latest_only.py
[2024-03-10T18:41:27.030+0000] {processor.py:830} INFO - Processing file /home/airflow/.local/lib/python3.8/site-packages/airflow/example_dags/example_latest_only.py for tasks to queue
[2024-03-10T18:41:27.034+0000] {logging_mixin.py:188} INFO - [2024-03-10T18:41:27.033+0000] {dagbag.py:540} INFO - Filling up the DagBag from /home/airflow/.local/lib/python3.8/site-packages/airflow/example_dags/example_latest_only.py
[2024-03-10T18:41:27.054+0000] {processor.py:840} INFO - DAG(s) 'latest_only' retrieved from /home/airflow/.local/lib/python3.8/site-packages/airflow/example_dags/example_latest_only.py
[2024-03-10T18:41:27.338+0000] {logging_mixin.py:188} INFO - [2024-03-10T18:41:27.336+0000] {dag.py:3047} INFO - Sync 1 DAGs
[2024-03-10T18:41:27.412+0000] {logging_mixin.py:188} INFO - [2024-03-10T18:41:27.411+0000] {dag.py:3834} INFO - Setting next_dagrun for latest_only to 2024-03-10 12:00:00+00:00, run_after=2024-03-10 16:00:00+00:00
[2024-03-10T18:41:27.457+0000] {processor.py:183} INFO - Processing /home/airflow/.local/lib/python3.8/site-packages/airflow/example_dags/example_latest_only.py took 0.452 seconds
[2024-03-10T18:41:57.841+0000] {processor.py:161} INFO - Started process (PID=4339) to work on /home/airflow/.local/lib/python3.8/site-packages/airflow/example_dags/example_latest_only.py
[2024-03-10T18:41:57.848+0000] {processor.py:830} INFO - Processing file /home/airflow/.local/lib/python3.8/site-packages/airflow/example_dags/example_latest_only.py for tasks to queue
[2024-03-10T18:41:57.854+0000] {logging_mixin.py:188} INFO - [2024-03-10T18:41:57.852+0000] {dagbag.py:540} INFO - Filling up the DagBag from /home/airflow/.local/lib/python3.8/site-packages/airflow/example_dags/example_latest_only.py
[2024-03-10T18:41:57.881+0000] {processor.py:840} INFO - DAG(s) 'latest_only' retrieved from /home/airflow/.local/lib/python3.8/site-packages/airflow/example_dags/example_latest_only.py
[2024-03-10T18:41:57.972+0000] {logging_mixin.py:188} INFO - [2024-03-10T18:41:57.972+0000] {dag.py:3047} INFO - Sync 1 DAGs
[2024-03-10T18:41:58.031+0000] {logging_mixin.py:188} INFO - [2024-03-10T18:41:58.030+0000] {dag.py:3834} INFO - Setting next_dagrun for latest_only to 2024-03-10 12:00:00+00:00, run_after=2024-03-10 16:00:00+00:00
[2024-03-10T18:41:58.198+0000] {processor.py:183} INFO - Processing /home/airflow/.local/lib/python3.8/site-packages/airflow/example_dags/example_latest_only.py took 0.366 seconds
[2024-03-10T18:42:55.049+0000] {processor.py:161} INFO - Started process (PID=4603) to work on /home/airflow/.local/lib/python3.8/site-packages/airflow/example_dags/example_latest_only.py
[2024-03-10T18:42:55.056+0000] {processor.py:830} INFO - Processing file /home/airflow/.local/lib/python3.8/site-packages/airflow/example_dags/example_latest_only.py for tasks to queue
[2024-03-10T18:42:55.307+0000] {logging_mixin.py:188} INFO - [2024-03-10T18:42:55.251+0000] {dagbag.py:540} INFO - Filling up the DagBag from /home/airflow/.local/lib/python3.8/site-packages/airflow/example_dags/example_latest_only.py
[2024-03-10T18:42:56.384+0000] {processor.py:840} INFO - DAG(s) 'latest_only' retrieved from /home/airflow/.local/lib/python3.8/site-packages/airflow/example_dags/example_latest_only.py
[2024-03-10T18:42:57.581+0000] {logging_mixin.py:188} INFO - [2024-03-10T18:42:57.575+0000] {dag.py:3047} INFO - Sync 1 DAGs
[2024-03-10T18:42:58.012+0000] {logging_mixin.py:188} INFO - [2024-03-10T18:42:58.012+0000] {dag.py:3834} INFO - Setting next_dagrun for latest_only to 2024-03-10 12:00:00+00:00, run_after=2024-03-10 16:00:00+00:00
[2024-03-10T18:42:58.248+0000] {processor.py:183} INFO - Processing /home/airflow/.local/lib/python3.8/site-packages/airflow/example_dags/example_latest_only.py took 3.236 seconds
[2024-03-10T18:44:02.410+0000] {processor.py:161} INFO - Started process (PID=4863) to work on /home/airflow/.local/lib/python3.8/site-packages/airflow/example_dags/example_latest_only.py
[2024-03-10T18:44:02.416+0000] {processor.py:830} INFO - Processing file /home/airflow/.local/lib/python3.8/site-packages/airflow/example_dags/example_latest_only.py for tasks to queue
[2024-03-10T18:44:02.431+0000] {logging_mixin.py:188} INFO - [2024-03-10T18:44:02.431+0000] {dagbag.py:540} INFO - Filling up the DagBag from /home/airflow/.local/lib/python3.8/site-packages/airflow/example_dags/example_latest_only.py
[2024-03-10T18:44:02.458+0000] {processor.py:840} INFO - DAG(s) 'latest_only' retrieved from /home/airflow/.local/lib/python3.8/site-packages/airflow/example_dags/example_latest_only.py
[2024-03-10T18:44:02.568+0000] {logging_mixin.py:188} INFO - [2024-03-10T18:44:02.565+0000] {dag.py:3047} INFO - Sync 1 DAGs
[2024-03-10T18:44:02.708+0000] {logging_mixin.py:188} INFO - [2024-03-10T18:44:02.708+0000] {dag.py:3834} INFO - Setting next_dagrun for latest_only to 2024-03-10 12:00:00+00:00, run_after=2024-03-10 16:00:00+00:00
[2024-03-10T18:44:02.855+0000] {processor.py:183} INFO - Processing /home/airflow/.local/lib/python3.8/site-packages/airflow/example_dags/example_latest_only.py took 0.500 seconds
