[2024-03-10T18:33:00.406+0000] {processor.py:161} INFO - Started process (PID=233) to work on /home/airflow/.local/lib/python3.8/site-packages/airflow/example_dags/example_datasets.py
[2024-03-10T18:33:00.410+0000] {processor.py:830} INFO - Processing file /home/airflow/.local/lib/python3.8/site-packages/airflow/example_dags/example_datasets.py for tasks to queue
[2024-03-10T18:33:00.415+0000] {logging_mixin.py:188} INFO - [2024-03-10T18:33:00.414+0000] {dagbag.py:540} INFO - Filling up the DagBag from /home/airflow/.local/lib/python3.8/site-packages/airflow/example_dags/example_datasets.py
[2024-03-10T18:33:00.466+0000] {processor.py:840} INFO - DAG(s) 'dataset_produces_1', 'dataset_consumes_unknown_never_scheduled', 'dataset_produces_2', 'dataset_consumes_1_and_2', 'dataset_consumes_1', 'dataset_consumes_1_never_scheduled' retrieved from /home/airflow/.local/lib/python3.8/site-packages/airflow/example_dags/example_datasets.py
[2024-03-10T18:33:00.659+0000] {logging_mixin.py:188} INFO - [2024-03-10T18:33:00.658+0000] {override.py:1769} INFO - Created Permission View: can delete on DAG:dataset_produces_1
[2024-03-10T18:33:00.681+0000] {logging_mixin.py:188} INFO - [2024-03-10T18:33:00.681+0000] {override.py:1769} INFO - Created Permission View: can edit on DAG:dataset_produces_1
[2024-03-10T18:33:00.699+0000] {logging_mixin.py:188} INFO - [2024-03-10T18:33:00.699+0000] {override.py:1769} INFO - Created Permission View: can read on DAG:dataset_produces_1
[2024-03-10T18:33:00.788+0000] {logging_mixin.py:188} INFO - [2024-03-10T18:33:00.787+0000] {override.py:1769} INFO - Created Permission View: can delete on DAG:dataset_consumes_unknown_never_scheduled
[2024-03-10T18:33:00.806+0000] {logging_mixin.py:188} INFO - [2024-03-10T18:33:00.805+0000] {override.py:1769} INFO - Created Permission View: can edit on DAG:dataset_consumes_unknown_never_scheduled
[2024-03-10T18:33:00.840+0000] {logging_mixin.py:188} INFO - [2024-03-10T18:33:00.840+0000] {override.py:1769} INFO - Created Permission View: can read on DAG:dataset_consumes_unknown_never_scheduled
[2024-03-10T18:33:00.864+0000] {logging_mixin.py:188} INFO - [2024-03-10T18:33:00.864+0000] {override.py:1769} INFO - Created Permission View: can delete on DAG:dataset_produces_2
[2024-03-10T18:33:00.899+0000] {logging_mixin.py:188} INFO - [2024-03-10T18:33:00.898+0000] {override.py:1769} INFO - Created Permission View: can edit on DAG:dataset_produces_2
[2024-03-10T18:33:00.915+0000] {logging_mixin.py:188} INFO - [2024-03-10T18:33:00.914+0000] {override.py:1769} INFO - Created Permission View: can read on DAG:dataset_produces_2
[2024-03-10T18:33:00.935+0000] {logging_mixin.py:188} INFO - [2024-03-10T18:33:00.935+0000] {override.py:1769} INFO - Created Permission View: can delete on DAG:dataset_consumes_1_and_2
[2024-03-10T18:33:00.941+0000] {logging_mixin.py:188} INFO - [2024-03-10T18:33:00.941+0000] {override.py:1769} INFO - Created Permission View: can edit on DAG:dataset_consumes_1_and_2
[2024-03-10T18:33:00.957+0000] {logging_mixin.py:188} INFO - [2024-03-10T18:33:00.956+0000] {override.py:1769} INFO - Created Permission View: can read on DAG:dataset_consumes_1_and_2
[2024-03-10T18:33:00.985+0000] {logging_mixin.py:188} INFO - [2024-03-10T18:33:00.984+0000] {override.py:1769} INFO - Created Permission View: can delete on DAG:dataset_consumes_1
[2024-03-10T18:33:00.999+0000] {logging_mixin.py:188} INFO - [2024-03-10T18:33:00.999+0000] {override.py:1769} INFO - Created Permission View: can edit on DAG:dataset_consumes_1
[2024-03-10T18:33:01.025+0000] {logging_mixin.py:188} INFO - [2024-03-10T18:33:01.024+0000] {override.py:1769} INFO - Created Permission View: can read on DAG:dataset_consumes_1
[2024-03-10T18:33:01.038+0000] {logging_mixin.py:188} INFO - [2024-03-10T18:33:01.038+0000] {override.py:1769} INFO - Created Permission View: can delete on DAG:dataset_consumes_1_never_scheduled
[2024-03-10T18:33:01.044+0000] {logging_mixin.py:188} INFO - [2024-03-10T18:33:01.044+0000] {override.py:1769} INFO - Created Permission View: can edit on DAG:dataset_consumes_1_never_scheduled
[2024-03-10T18:33:01.053+0000] {logging_mixin.py:188} INFO - [2024-03-10T18:33:01.053+0000] {override.py:1769} INFO - Created Permission View: can read on DAG:dataset_consumes_1_never_scheduled
[2024-03-10T18:33:01.054+0000] {logging_mixin.py:188} INFO - [2024-03-10T18:33:01.054+0000] {dag.py:3047} INFO - Sync 6 DAGs
[2024-03-10T18:33:01.069+0000] {logging_mixin.py:188} INFO - [2024-03-10T18:33:01.069+0000] {dag.py:3069} INFO - Creating ORM DAG for dataset_consumes_1_and_2
[2024-03-10T18:33:01.075+0000] {logging_mixin.py:188} INFO - [2024-03-10T18:33:01.073+0000] {dag.py:3069} INFO - Creating ORM DAG for dataset_consumes_1
[2024-03-10T18:33:01.079+0000] {logging_mixin.py:188} INFO - [2024-03-10T18:33:01.078+0000] {dag.py:3069} INFO - Creating ORM DAG for dataset_produces_2
[2024-03-10T18:33:01.084+0000] {logging_mixin.py:188} INFO - [2024-03-10T18:33:01.084+0000] {dag.py:3069} INFO - Creating ORM DAG for dataset_consumes_1_never_scheduled
[2024-03-10T18:33:01.086+0000] {logging_mixin.py:188} INFO - [2024-03-10T18:33:01.086+0000] {dag.py:3069} INFO - Creating ORM DAG for dataset_consumes_unknown_never_scheduled
[2024-03-10T18:33:01.087+0000] {logging_mixin.py:188} INFO - [2024-03-10T18:33:01.087+0000] {dag.py:3069} INFO - Creating ORM DAG for dataset_produces_1
[2024-03-10T18:33:01.100+0000] {logging_mixin.py:188} INFO - [2024-03-10T18:33:01.100+0000] {dag.py:3834} INFO - Setting next_dagrun for dataset_consumes_1 to None, run_after=None
[2024-03-10T18:33:01.103+0000] {logging_mixin.py:188} INFO - [2024-03-10T18:33:01.102+0000] {dag.py:3834} INFO - Setting next_dagrun for dataset_consumes_1_and_2 to None, run_after=None
[2024-03-10T18:33:01.108+0000] {logging_mixin.py:188} INFO - [2024-03-10T18:33:01.108+0000] {dag.py:3834} INFO - Setting next_dagrun for dataset_consumes_1_never_scheduled to None, run_after=None
[2024-03-10T18:33:01.110+0000] {logging_mixin.py:188} INFO - [2024-03-10T18:33:01.110+0000] {dag.py:3834} INFO - Setting next_dagrun for dataset_consumes_unknown_never_scheduled to None, run_after=None
[2024-03-10T18:33:01.114+0000] {logging_mixin.py:188} INFO - [2024-03-10T18:33:01.114+0000] {dag.py:3834} INFO - Setting next_dagrun for dataset_produces_1 to 2024-03-09 00:00:00+00:00, run_after=2024-03-10 00:00:00+00:00
[2024-03-10T18:33:01.125+0000] {logging_mixin.py:188} INFO - [2024-03-10T18:33:01.124+0000] {dag.py:3834} INFO - Setting next_dagrun for dataset_produces_2 to None, run_after=None
[2024-03-10T18:33:01.304+0000] {processor.py:183} INFO - Processing /home/airflow/.local/lib/python3.8/site-packages/airflow/example_dags/example_datasets.py took 0.912 seconds
[2024-03-10T18:33:41.972+0000] {processor.py:161} INFO - Started process (PID=480) to work on /home/airflow/.local/lib/python3.8/site-packages/airflow/example_dags/example_datasets.py
[2024-03-10T18:33:41.996+0000] {processor.py:830} INFO - Processing file /home/airflow/.local/lib/python3.8/site-packages/airflow/example_dags/example_datasets.py for tasks to queue
[2024-03-10T18:33:42.003+0000] {logging_mixin.py:188} INFO - [2024-03-10T18:33:42.001+0000] {dagbag.py:540} INFO - Filling up the DagBag from /home/airflow/.local/lib/python3.8/site-packages/airflow/example_dags/example_datasets.py
[2024-03-10T18:33:42.128+0000] {processor.py:840} INFO - DAG(s) 'dataset_consumes_1', 'dataset_produces_1', 'dataset_consumes_unknown_never_scheduled', 'dataset_consumes_1_and_2', 'dataset_produces_2', 'dataset_consumes_1_never_scheduled' retrieved from /home/airflow/.local/lib/python3.8/site-packages/airflow/example_dags/example_datasets.py
[2024-03-10T18:33:42.331+0000] {logging_mixin.py:188} INFO - [2024-03-10T18:33:42.323+0000] {dag.py:3047} INFO - Sync 6 DAGs
[2024-03-10T18:33:42.509+0000] {logging_mixin.py:188} INFO - [2024-03-10T18:33:42.508+0000] {dag.py:3834} INFO - Setting next_dagrun for dataset_consumes_1 to None, run_after=None
[2024-03-10T18:33:42.523+0000] {logging_mixin.py:188} INFO - [2024-03-10T18:33:42.523+0000] {dag.py:3834} INFO - Setting next_dagrun for dataset_consumes_1_and_2 to None, run_after=None
[2024-03-10T18:33:42.526+0000] {logging_mixin.py:188} INFO - [2024-03-10T18:33:42.526+0000] {dag.py:3834} INFO - Setting next_dagrun for dataset_consumes_1_never_scheduled to None, run_after=None
[2024-03-10T18:33:42.562+0000] {logging_mixin.py:188} INFO - [2024-03-10T18:33:42.561+0000] {dag.py:3834} INFO - Setting next_dagrun for dataset_consumes_unknown_never_scheduled to None, run_after=None
[2024-03-10T18:33:42.575+0000] {logging_mixin.py:188} INFO - [2024-03-10T18:33:42.575+0000] {dag.py:3834} INFO - Setting next_dagrun for dataset_produces_1 to 2024-03-09 00:00:00+00:00, run_after=2024-03-10 00:00:00+00:00
[2024-03-10T18:33:42.581+0000] {logging_mixin.py:188} INFO - [2024-03-10T18:33:42.580+0000] {dag.py:3834} INFO - Setting next_dagrun for dataset_produces_2 to None, run_after=None
[2024-03-10T18:33:42.886+0000] {processor.py:183} INFO - Processing /home/airflow/.local/lib/python3.8/site-packages/airflow/example_dags/example_datasets.py took 0.927 seconds
[2024-03-10T18:34:13.801+0000] {processor.py:161} INFO - Started process (PID=727) to work on /home/airflow/.local/lib/python3.8/site-packages/airflow/example_dags/example_datasets.py
[2024-03-10T18:34:13.818+0000] {processor.py:830} INFO - Processing file /home/airflow/.local/lib/python3.8/site-packages/airflow/example_dags/example_datasets.py for tasks to queue
[2024-03-10T18:34:13.828+0000] {logging_mixin.py:188} INFO - [2024-03-10T18:34:13.825+0000] {dagbag.py:540} INFO - Filling up the DagBag from /home/airflow/.local/lib/python3.8/site-packages/airflow/example_dags/example_datasets.py
[2024-03-10T18:34:13.889+0000] {processor.py:840} INFO - DAG(s) 'dataset_produces_1', 'dataset_consumes_unknown_never_scheduled', 'dataset_produces_2', 'dataset_consumes_1_and_2', 'dataset_consumes_1_never_scheduled', 'dataset_consumes_1' retrieved from /home/airflow/.local/lib/python3.8/site-packages/airflow/example_dags/example_datasets.py
[2024-03-10T18:34:14.020+0000] {logging_mixin.py:188} INFO - [2024-03-10T18:34:14.020+0000] {dag.py:3047} INFO - Sync 6 DAGs
[2024-03-10T18:34:14.078+0000] {logging_mixin.py:188} INFO - [2024-03-10T18:34:14.078+0000] {dag.py:3834} INFO - Setting next_dagrun for dataset_consumes_1 to None, run_after=None
[2024-03-10T18:34:14.088+0000] {logging_mixin.py:188} INFO - [2024-03-10T18:34:14.088+0000] {dag.py:3834} INFO - Setting next_dagrun for dataset_consumes_1_and_2 to None, run_after=None
[2024-03-10T18:34:14.094+0000] {logging_mixin.py:188} INFO - [2024-03-10T18:34:14.094+0000] {dag.py:3834} INFO - Setting next_dagrun for dataset_consumes_1_never_scheduled to None, run_after=None
[2024-03-10T18:34:14.099+0000] {logging_mixin.py:188} INFO - [2024-03-10T18:34:14.099+0000] {dag.py:3834} INFO - Setting next_dagrun for dataset_consumes_unknown_never_scheduled to None, run_after=None
[2024-03-10T18:34:14.105+0000] {logging_mixin.py:188} INFO - [2024-03-10T18:34:14.105+0000] {dag.py:3834} INFO - Setting next_dagrun for dataset_produces_1 to 2024-03-09 00:00:00+00:00, run_after=2024-03-10 00:00:00+00:00
[2024-03-10T18:34:14.108+0000] {logging_mixin.py:188} INFO - [2024-03-10T18:34:14.108+0000] {dag.py:3834} INFO - Setting next_dagrun for dataset_produces_2 to None, run_after=None
[2024-03-10T18:34:14.167+0000] {processor.py:183} INFO - Processing /home/airflow/.local/lib/python3.8/site-packages/airflow/example_dags/example_datasets.py took 0.395 seconds
[2024-03-10T18:34:44.985+0000] {processor.py:161} INFO - Started process (PID=975) to work on /home/airflow/.local/lib/python3.8/site-packages/airflow/example_dags/example_datasets.py
[2024-03-10T18:34:44.987+0000] {processor.py:830} INFO - Processing file /home/airflow/.local/lib/python3.8/site-packages/airflow/example_dags/example_datasets.py for tasks to queue
[2024-03-10T18:34:44.989+0000] {logging_mixin.py:188} INFO - [2024-03-10T18:34:44.989+0000] {dagbag.py:540} INFO - Filling up the DagBag from /home/airflow/.local/lib/python3.8/site-packages/airflow/example_dags/example_datasets.py
[2024-03-10T18:34:45.008+0000] {processor.py:840} INFO - DAG(s) 'dataset_produces_2', 'dataset_consumes_1_and_2', 'dataset_produces_1', 'dataset_consumes_unknown_never_scheduled', 'dataset_consumes_1', 'dataset_consumes_1_never_scheduled' retrieved from /home/airflow/.local/lib/python3.8/site-packages/airflow/example_dags/example_datasets.py
[2024-03-10T18:34:45.116+0000] {logging_mixin.py:188} INFO - [2024-03-10T18:34:45.115+0000] {dag.py:3047} INFO - Sync 6 DAGs
[2024-03-10T18:34:45.169+0000] {logging_mixin.py:188} INFO - [2024-03-10T18:34:45.169+0000] {dag.py:3834} INFO - Setting next_dagrun for dataset_consumes_1 to None, run_after=None
[2024-03-10T18:34:45.180+0000] {logging_mixin.py:188} INFO - [2024-03-10T18:34:45.180+0000] {dag.py:3834} INFO - Setting next_dagrun for dataset_consumes_1_and_2 to None, run_after=None
[2024-03-10T18:34:45.186+0000] {logging_mixin.py:188} INFO - [2024-03-10T18:34:45.185+0000] {dag.py:3834} INFO - Setting next_dagrun for dataset_consumes_1_never_scheduled to None, run_after=None
[2024-03-10T18:34:45.190+0000] {logging_mixin.py:188} INFO - [2024-03-10T18:34:45.190+0000] {dag.py:3834} INFO - Setting next_dagrun for dataset_consumes_unknown_never_scheduled to None, run_after=None
[2024-03-10T18:34:45.196+0000] {logging_mixin.py:188} INFO - [2024-03-10T18:34:45.195+0000] {dag.py:3834} INFO - Setting next_dagrun for dataset_produces_1 to 2024-03-09 00:00:00+00:00, run_after=2024-03-10 00:00:00+00:00
[2024-03-10T18:34:45.198+0000] {logging_mixin.py:188} INFO - [2024-03-10T18:34:45.198+0000] {dag.py:3834} INFO - Setting next_dagrun for dataset_produces_2 to None, run_after=None
[2024-03-10T18:34:45.240+0000] {processor.py:183} INFO - Processing /home/airflow/.local/lib/python3.8/site-packages/airflow/example_dags/example_datasets.py took 0.259 seconds
[2024-03-10T18:35:17.764+0000] {processor.py:161} INFO - Started process (PID=1220) to work on /home/airflow/.local/lib/python3.8/site-packages/airflow/example_dags/example_datasets.py
[2024-03-10T18:35:17.775+0000] {processor.py:830} INFO - Processing file /home/airflow/.local/lib/python3.8/site-packages/airflow/example_dags/example_datasets.py for tasks to queue
[2024-03-10T18:35:17.781+0000] {logging_mixin.py:188} INFO - [2024-03-10T18:35:17.781+0000] {dagbag.py:540} INFO - Filling up the DagBag from /home/airflow/.local/lib/python3.8/site-packages/airflow/example_dags/example_datasets.py
[2024-03-10T18:35:17.884+0000] {processor.py:840} INFO - DAG(s) 'dataset_consumes_1_and_2', 'dataset_produces_2', 'dataset_consumes_1_never_scheduled', 'dataset_consumes_unknown_never_scheduled', 'dataset_produces_1', 'dataset_consumes_1' retrieved from /home/airflow/.local/lib/python3.8/site-packages/airflow/example_dags/example_datasets.py
[2024-03-10T18:35:17.964+0000] {logging_mixin.py:188} INFO - [2024-03-10T18:35:17.964+0000] {dag.py:3047} INFO - Sync 6 DAGs
[2024-03-10T18:35:17.992+0000] {logging_mixin.py:188} INFO - [2024-03-10T18:35:17.992+0000] {dag.py:3834} INFO - Setting next_dagrun for dataset_consumes_1 to None, run_after=None
[2024-03-10T18:35:17.996+0000] {logging_mixin.py:188} INFO - [2024-03-10T18:35:17.995+0000] {dag.py:3834} INFO - Setting next_dagrun for dataset_consumes_1_and_2 to None, run_after=None
[2024-03-10T18:35:17.997+0000] {logging_mixin.py:188} INFO - [2024-03-10T18:35:17.997+0000] {dag.py:3834} INFO - Setting next_dagrun for dataset_consumes_1_never_scheduled to None, run_after=None
[2024-03-10T18:35:18.001+0000] {logging_mixin.py:188} INFO - [2024-03-10T18:35:18.001+0000] {dag.py:3834} INFO - Setting next_dagrun for dataset_consumes_unknown_never_scheduled to None, run_after=None
[2024-03-10T18:35:18.012+0000] {logging_mixin.py:188} INFO - [2024-03-10T18:35:18.012+0000] {dag.py:3834} INFO - Setting next_dagrun for dataset_produces_1 to 2024-03-09 00:00:00+00:00, run_after=2024-03-10 00:00:00+00:00
[2024-03-10T18:35:18.040+0000] {logging_mixin.py:188} INFO - [2024-03-10T18:35:18.039+0000] {dag.py:3834} INFO - Setting next_dagrun for dataset_produces_2 to None, run_after=None
[2024-03-10T18:35:18.200+0000] {processor.py:183} INFO - Processing /home/airflow/.local/lib/python3.8/site-packages/airflow/example_dags/example_datasets.py took 0.441 seconds
[2024-03-10T18:35:50.509+0000] {processor.py:161} INFO - Started process (PID=1463) to work on /home/airflow/.local/lib/python3.8/site-packages/airflow/example_dags/example_datasets.py
[2024-03-10T18:35:50.515+0000] {processor.py:830} INFO - Processing file /home/airflow/.local/lib/python3.8/site-packages/airflow/example_dags/example_datasets.py for tasks to queue
[2024-03-10T18:35:50.519+0000] {logging_mixin.py:188} INFO - [2024-03-10T18:35:50.518+0000] {dagbag.py:540} INFO - Filling up the DagBag from /home/airflow/.local/lib/python3.8/site-packages/airflow/example_dags/example_datasets.py
[2024-03-10T18:35:50.604+0000] {processor.py:840} INFO - DAG(s) 'dataset_produces_2', 'dataset_consumes_unknown_never_scheduled', 'dataset_produces_1', 'dataset_consumes_1_and_2', 'dataset_consumes_1', 'dataset_consumes_1_never_scheduled' retrieved from /home/airflow/.local/lib/python3.8/site-packages/airflow/example_dags/example_datasets.py
[2024-03-10T18:35:50.743+0000] {logging_mixin.py:188} INFO - [2024-03-10T18:35:50.742+0000] {dag.py:3047} INFO - Sync 6 DAGs
[2024-03-10T18:35:50.832+0000] {logging_mixin.py:188} INFO - [2024-03-10T18:35:50.831+0000] {dag.py:3834} INFO - Setting next_dagrun for dataset_consumes_1 to None, run_after=None
[2024-03-10T18:35:50.844+0000] {logging_mixin.py:188} INFO - [2024-03-10T18:35:50.844+0000] {dag.py:3834} INFO - Setting next_dagrun for dataset_consumes_1_and_2 to None, run_after=None
[2024-03-10T18:35:50.851+0000] {logging_mixin.py:188} INFO - [2024-03-10T18:35:50.851+0000] {dag.py:3834} INFO - Setting next_dagrun for dataset_consumes_1_never_scheduled to None, run_after=None
[2024-03-10T18:35:50.858+0000] {logging_mixin.py:188} INFO - [2024-03-10T18:35:50.857+0000] {dag.py:3834} INFO - Setting next_dagrun for dataset_consumes_unknown_never_scheduled to None, run_after=None
[2024-03-10T18:35:50.875+0000] {logging_mixin.py:188} INFO - [2024-03-10T18:35:50.875+0000] {dag.py:3834} INFO - Setting next_dagrun for dataset_produces_1 to 2024-03-09 00:00:00+00:00, run_after=2024-03-10 00:00:00+00:00
[2024-03-10T18:35:50.880+0000] {logging_mixin.py:188} INFO - [2024-03-10T18:35:50.880+0000] {dag.py:3834} INFO - Setting next_dagrun for dataset_produces_2 to None, run_after=None
[2024-03-10T18:35:51.032+0000] {processor.py:183} INFO - Processing /home/airflow/.local/lib/python3.8/site-packages/airflow/example_dags/example_datasets.py took 0.533 seconds
[2024-03-10T18:36:21.714+0000] {processor.py:161} INFO - Started process (PID=1710) to work on /home/airflow/.local/lib/python3.8/site-packages/airflow/example_dags/example_datasets.py
[2024-03-10T18:36:21.720+0000] {processor.py:830} INFO - Processing file /home/airflow/.local/lib/python3.8/site-packages/airflow/example_dags/example_datasets.py for tasks to queue
[2024-03-10T18:36:21.724+0000] {logging_mixin.py:188} INFO - [2024-03-10T18:36:21.723+0000] {dagbag.py:540} INFO - Filling up the DagBag from /home/airflow/.local/lib/python3.8/site-packages/airflow/example_dags/example_datasets.py
[2024-03-10T18:36:21.744+0000] {processor.py:840} INFO - DAG(s) 'dataset_consumes_unknown_never_scheduled', 'dataset_produces_2', 'dataset_consumes_1_never_scheduled', 'dataset_produces_1', 'dataset_consumes_1_and_2', 'dataset_consumes_1' retrieved from /home/airflow/.local/lib/python3.8/site-packages/airflow/example_dags/example_datasets.py
[2024-03-10T18:36:21.864+0000] {logging_mixin.py:188} INFO - [2024-03-10T18:36:21.863+0000] {dag.py:3047} INFO - Sync 6 DAGs
[2024-03-10T18:36:21.952+0000] {logging_mixin.py:188} INFO - [2024-03-10T18:36:21.951+0000] {dag.py:3834} INFO - Setting next_dagrun for dataset_consumes_1 to None, run_after=None
[2024-03-10T18:36:21.961+0000] {logging_mixin.py:188} INFO - [2024-03-10T18:36:21.961+0000] {dag.py:3834} INFO - Setting next_dagrun for dataset_consumes_1_and_2 to None, run_after=None
[2024-03-10T18:36:21.967+0000] {logging_mixin.py:188} INFO - [2024-03-10T18:36:21.966+0000] {dag.py:3834} INFO - Setting next_dagrun for dataset_consumes_1_never_scheduled to None, run_after=None
[2024-03-10T18:36:21.972+0000] {logging_mixin.py:188} INFO - [2024-03-10T18:36:21.972+0000] {dag.py:3834} INFO - Setting next_dagrun for dataset_consumes_unknown_never_scheduled to None, run_after=None
[2024-03-10T18:36:21.983+0000] {logging_mixin.py:188} INFO - [2024-03-10T18:36:21.982+0000] {dag.py:3834} INFO - Setting next_dagrun for dataset_produces_1 to 2024-03-09 00:00:00+00:00, run_after=2024-03-10 00:00:00+00:00
[2024-03-10T18:36:21.987+0000] {logging_mixin.py:188} INFO - [2024-03-10T18:36:21.987+0000] {dag.py:3834} INFO - Setting next_dagrun for dataset_produces_2 to None, run_after=None
[2024-03-10T18:36:22.106+0000] {processor.py:183} INFO - Processing /home/airflow/.local/lib/python3.8/site-packages/airflow/example_dags/example_datasets.py took 0.399 seconds
[2024-03-10T18:36:55.555+0000] {processor.py:161} INFO - Started process (PID=1955) to work on /home/airflow/.local/lib/python3.8/site-packages/airflow/example_dags/example_datasets.py
[2024-03-10T18:36:55.572+0000] {processor.py:830} INFO - Processing file /home/airflow/.local/lib/python3.8/site-packages/airflow/example_dags/example_datasets.py for tasks to queue
[2024-03-10T18:36:55.606+0000] {logging_mixin.py:188} INFO - [2024-03-10T18:36:55.591+0000] {dagbag.py:540} INFO - Filling up the DagBag from /home/airflow/.local/lib/python3.8/site-packages/airflow/example_dags/example_datasets.py
[2024-03-10T18:36:55.770+0000] {processor.py:840} INFO - DAG(s) 'dataset_consumes_1', 'dataset_consumes_1_and_2', 'dataset_produces_1', 'dataset_consumes_1_never_scheduled', 'dataset_produces_2', 'dataset_consumes_unknown_never_scheduled' retrieved from /home/airflow/.local/lib/python3.8/site-packages/airflow/example_dags/example_datasets.py
[2024-03-10T18:36:55.976+0000] {logging_mixin.py:188} INFO - [2024-03-10T18:36:55.975+0000] {dag.py:3047} INFO - Sync 6 DAGs
[2024-03-10T18:36:56.109+0000] {logging_mixin.py:188} INFO - [2024-03-10T18:36:56.105+0000] {dag.py:3834} INFO - Setting next_dagrun for dataset_consumes_1 to None, run_after=None
[2024-03-10T18:36:56.128+0000] {logging_mixin.py:188} INFO - [2024-03-10T18:36:56.127+0000] {dag.py:3834} INFO - Setting next_dagrun for dataset_consumes_1_and_2 to None, run_after=None
[2024-03-10T18:36:56.155+0000] {logging_mixin.py:188} INFO - [2024-03-10T18:36:56.155+0000] {dag.py:3834} INFO - Setting next_dagrun for dataset_consumes_1_never_scheduled to None, run_after=None
[2024-03-10T18:36:56.164+0000] {logging_mixin.py:188} INFO - [2024-03-10T18:36:56.164+0000] {dag.py:3834} INFO - Setting next_dagrun for dataset_consumes_unknown_never_scheduled to None, run_after=None
[2024-03-10T18:36:56.178+0000] {logging_mixin.py:188} INFO - [2024-03-10T18:36:56.178+0000] {dag.py:3834} INFO - Setting next_dagrun for dataset_produces_1 to 2024-03-09 00:00:00+00:00, run_after=2024-03-10 00:00:00+00:00
[2024-03-10T18:36:56.193+0000] {logging_mixin.py:188} INFO - [2024-03-10T18:36:56.189+0000] {dag.py:3834} INFO - Setting next_dagrun for dataset_produces_2 to None, run_after=None
[2024-03-10T18:36:56.488+0000] {processor.py:183} INFO - Processing /home/airflow/.local/lib/python3.8/site-packages/airflow/example_dags/example_datasets.py took 0.977 seconds
[2024-03-10T18:37:26.775+0000] {processor.py:161} INFO - Started process (PID=2202) to work on /home/airflow/.local/lib/python3.8/site-packages/airflow/example_dags/example_datasets.py
[2024-03-10T18:37:26.786+0000] {processor.py:830} INFO - Processing file /home/airflow/.local/lib/python3.8/site-packages/airflow/example_dags/example_datasets.py for tasks to queue
[2024-03-10T18:37:26.793+0000] {logging_mixin.py:188} INFO - [2024-03-10T18:37:26.792+0000] {dagbag.py:540} INFO - Filling up the DagBag from /home/airflow/.local/lib/python3.8/site-packages/airflow/example_dags/example_datasets.py
[2024-03-10T18:37:26.825+0000] {processor.py:840} INFO - DAG(s) 'dataset_consumes_unknown_never_scheduled', 'dataset_produces_1', 'dataset_consumes_1', 'dataset_consumes_1_never_scheduled', 'dataset_consumes_1_and_2', 'dataset_produces_2' retrieved from /home/airflow/.local/lib/python3.8/site-packages/airflow/example_dags/example_datasets.py
[2024-03-10T18:37:26.999+0000] {logging_mixin.py:188} INFO - [2024-03-10T18:37:26.998+0000] {dag.py:3047} INFO - Sync 6 DAGs
[2024-03-10T18:37:27.090+0000] {logging_mixin.py:188} INFO - [2024-03-10T18:37:27.090+0000] {dag.py:3834} INFO - Setting next_dagrun for dataset_consumes_1 to None, run_after=None
[2024-03-10T18:37:27.101+0000] {logging_mixin.py:188} INFO - [2024-03-10T18:37:27.100+0000] {dag.py:3834} INFO - Setting next_dagrun for dataset_consumes_1_and_2 to None, run_after=None
[2024-03-10T18:37:27.105+0000] {logging_mixin.py:188} INFO - [2024-03-10T18:37:27.105+0000] {dag.py:3834} INFO - Setting next_dagrun for dataset_consumes_1_never_scheduled to None, run_after=None
[2024-03-10T18:37:27.109+0000] {logging_mixin.py:188} INFO - [2024-03-10T18:37:27.109+0000] {dag.py:3834} INFO - Setting next_dagrun for dataset_consumes_unknown_never_scheduled to None, run_after=None
[2024-03-10T18:37:27.121+0000] {logging_mixin.py:188} INFO - [2024-03-10T18:37:27.121+0000] {dag.py:3834} INFO - Setting next_dagrun for dataset_produces_1 to 2024-03-09 00:00:00+00:00, run_after=2024-03-10 00:00:00+00:00
[2024-03-10T18:37:27.126+0000] {logging_mixin.py:188} INFO - [2024-03-10T18:37:27.126+0000] {dag.py:3834} INFO - Setting next_dagrun for dataset_produces_2 to None, run_after=None
[2024-03-10T18:37:27.247+0000] {processor.py:183} INFO - Processing /home/airflow/.local/lib/python3.8/site-packages/airflow/example_dags/example_datasets.py took 0.479 seconds
[2024-03-10T18:37:57.589+0000] {processor.py:161} INFO - Started process (PID=2450) to work on /home/airflow/.local/lib/python3.8/site-packages/airflow/example_dags/example_datasets.py
[2024-03-10T18:37:57.594+0000] {processor.py:830} INFO - Processing file /home/airflow/.local/lib/python3.8/site-packages/airflow/example_dags/example_datasets.py for tasks to queue
[2024-03-10T18:37:57.601+0000] {logging_mixin.py:188} INFO - [2024-03-10T18:37:57.600+0000] {dagbag.py:540} INFO - Filling up the DagBag from /home/airflow/.local/lib/python3.8/site-packages/airflow/example_dags/example_datasets.py
[2024-03-10T18:37:57.632+0000] {processor.py:840} INFO - DAG(s) 'dataset_consumes_1', 'dataset_consumes_unknown_never_scheduled', 'dataset_consumes_1_never_scheduled', 'dataset_produces_1', 'dataset_consumes_1_and_2', 'dataset_produces_2' retrieved from /home/airflow/.local/lib/python3.8/site-packages/airflow/example_dags/example_datasets.py
[2024-03-10T18:37:57.742+0000] {logging_mixin.py:188} INFO - [2024-03-10T18:37:57.741+0000] {dag.py:3047} INFO - Sync 6 DAGs
[2024-03-10T18:37:57.881+0000] {logging_mixin.py:188} INFO - [2024-03-10T18:37:57.880+0000] {dag.py:3834} INFO - Setting next_dagrun for dataset_consumes_1 to None, run_after=None
[2024-03-10T18:37:57.983+0000] {logging_mixin.py:188} INFO - [2024-03-10T18:37:57.982+0000] {dag.py:3834} INFO - Setting next_dagrun for dataset_consumes_1_and_2 to None, run_after=None
[2024-03-10T18:37:57.998+0000] {logging_mixin.py:188} INFO - [2024-03-10T18:37:57.996+0000] {dag.py:3834} INFO - Setting next_dagrun for dataset_consumes_1_never_scheduled to None, run_after=None
[2024-03-10T18:37:58.013+0000] {logging_mixin.py:188} INFO - [2024-03-10T18:37:58.011+0000] {dag.py:3834} INFO - Setting next_dagrun for dataset_consumes_unknown_never_scheduled to None, run_after=None
[2024-03-10T18:37:58.044+0000] {logging_mixin.py:188} INFO - [2024-03-10T18:37:58.044+0000] {dag.py:3834} INFO - Setting next_dagrun for dataset_produces_1 to 2024-03-09 00:00:00+00:00, run_after=2024-03-10 00:00:00+00:00
[2024-03-10T18:37:58.048+0000] {logging_mixin.py:188} INFO - [2024-03-10T18:37:58.048+0000] {dag.py:3834} INFO - Setting next_dagrun for dataset_produces_2 to None, run_after=None
[2024-03-10T18:37:58.179+0000] {processor.py:183} INFO - Processing /home/airflow/.local/lib/python3.8/site-packages/airflow/example_dags/example_datasets.py took 0.598 seconds
[2024-03-10T18:38:28.917+0000] {processor.py:161} INFO - Started process (PID=2697) to work on /home/airflow/.local/lib/python3.8/site-packages/airflow/example_dags/example_datasets.py
[2024-03-10T18:38:28.921+0000] {processor.py:830} INFO - Processing file /home/airflow/.local/lib/python3.8/site-packages/airflow/example_dags/example_datasets.py for tasks to queue
[2024-03-10T18:38:28.925+0000] {logging_mixin.py:188} INFO - [2024-03-10T18:38:28.924+0000] {dagbag.py:540} INFO - Filling up the DagBag from /home/airflow/.local/lib/python3.8/site-packages/airflow/example_dags/example_datasets.py
[2024-03-10T18:38:28.953+0000] {processor.py:840} INFO - DAG(s) 'dataset_produces_1', 'dataset_consumes_1_and_2', 'dataset_consumes_1_never_scheduled', 'dataset_produces_2', 'dataset_consumes_unknown_never_scheduled', 'dataset_consumes_1' retrieved from /home/airflow/.local/lib/python3.8/site-packages/airflow/example_dags/example_datasets.py
[2024-03-10T18:38:29.076+0000] {logging_mixin.py:188} INFO - [2024-03-10T18:38:29.076+0000] {dag.py:3047} INFO - Sync 6 DAGs
[2024-03-10T18:38:29.150+0000] {logging_mixin.py:188} INFO - [2024-03-10T18:38:29.149+0000] {dag.py:3834} INFO - Setting next_dagrun for dataset_consumes_1 to None, run_after=None
[2024-03-10T18:38:29.191+0000] {logging_mixin.py:188} INFO - [2024-03-10T18:38:29.190+0000] {dag.py:3834} INFO - Setting next_dagrun for dataset_consumes_1_and_2 to None, run_after=None
[2024-03-10T18:38:29.201+0000] {logging_mixin.py:188} INFO - [2024-03-10T18:38:29.200+0000] {dag.py:3834} INFO - Setting next_dagrun for dataset_consumes_1_never_scheduled to None, run_after=None
[2024-03-10T18:38:29.206+0000] {logging_mixin.py:188} INFO - [2024-03-10T18:38:29.206+0000] {dag.py:3834} INFO - Setting next_dagrun for dataset_consumes_unknown_never_scheduled to None, run_after=None
[2024-03-10T18:38:29.223+0000] {logging_mixin.py:188} INFO - [2024-03-10T18:38:29.223+0000] {dag.py:3834} INFO - Setting next_dagrun for dataset_produces_1 to 2024-03-09 00:00:00+00:00, run_after=2024-03-10 00:00:00+00:00
[2024-03-10T18:38:29.237+0000] {logging_mixin.py:188} INFO - [2024-03-10T18:38:29.236+0000] {dag.py:3834} INFO - Setting next_dagrun for dataset_produces_2 to None, run_after=None
[2024-03-10T18:38:29.422+0000] {processor.py:183} INFO - Processing /home/airflow/.local/lib/python3.8/site-packages/airflow/example_dags/example_datasets.py took 0.512 seconds
[2024-03-10T18:39:00.274+0000] {processor.py:161} INFO - Started process (PID=2944) to work on /home/airflow/.local/lib/python3.8/site-packages/airflow/example_dags/example_datasets.py
[2024-03-10T18:39:00.285+0000] {processor.py:830} INFO - Processing file /home/airflow/.local/lib/python3.8/site-packages/airflow/example_dags/example_datasets.py for tasks to queue
[2024-03-10T18:39:00.288+0000] {logging_mixin.py:188} INFO - [2024-03-10T18:39:00.287+0000] {dagbag.py:540} INFO - Filling up the DagBag from /home/airflow/.local/lib/python3.8/site-packages/airflow/example_dags/example_datasets.py
[2024-03-10T18:39:00.325+0000] {processor.py:840} INFO - DAG(s) 'dataset_consumes_1_and_2', 'dataset_consumes_1', 'dataset_produces_1', 'dataset_produces_2', 'dataset_consumes_1_never_scheduled', 'dataset_consumes_unknown_never_scheduled' retrieved from /home/airflow/.local/lib/python3.8/site-packages/airflow/example_dags/example_datasets.py
[2024-03-10T18:39:00.453+0000] {logging_mixin.py:188} INFO - [2024-03-10T18:39:00.452+0000] {dag.py:3047} INFO - Sync 6 DAGs
[2024-03-10T18:39:00.502+0000] {logging_mixin.py:188} INFO - [2024-03-10T18:39:00.502+0000] {dag.py:3834} INFO - Setting next_dagrun for dataset_consumes_1 to None, run_after=None
[2024-03-10T18:39:00.521+0000] {logging_mixin.py:188} INFO - [2024-03-10T18:39:00.520+0000] {dag.py:3834} INFO - Setting next_dagrun for dataset_consumes_1_and_2 to None, run_after=None
[2024-03-10T18:39:00.530+0000] {logging_mixin.py:188} INFO - [2024-03-10T18:39:00.530+0000] {dag.py:3834} INFO - Setting next_dagrun for dataset_consumes_1_never_scheduled to None, run_after=None
[2024-03-10T18:39:00.535+0000] {logging_mixin.py:188} INFO - [2024-03-10T18:39:00.535+0000] {dag.py:3834} INFO - Setting next_dagrun for dataset_consumes_unknown_never_scheduled to None, run_after=None
[2024-03-10T18:39:00.547+0000] {logging_mixin.py:188} INFO - [2024-03-10T18:39:00.546+0000] {dag.py:3834} INFO - Setting next_dagrun for dataset_produces_1 to 2024-03-09 00:00:00+00:00, run_after=2024-03-10 00:00:00+00:00
[2024-03-10T18:39:00.552+0000] {logging_mixin.py:188} INFO - [2024-03-10T18:39:00.552+0000] {dag.py:3834} INFO - Setting next_dagrun for dataset_produces_2 to None, run_after=None
[2024-03-10T18:39:00.646+0000] {processor.py:183} INFO - Processing /home/airflow/.local/lib/python3.8/site-packages/airflow/example_dags/example_datasets.py took 0.387 seconds
[2024-03-10T18:39:35.218+0000] {processor.py:161} INFO - Started process (PID=3198) to work on /home/airflow/.local/lib/python3.8/site-packages/airflow/example_dags/example_datasets.py
[2024-03-10T18:39:35.228+0000] {processor.py:830} INFO - Processing file /home/airflow/.local/lib/python3.8/site-packages/airflow/example_dags/example_datasets.py for tasks to queue
[2024-03-10T18:39:35.246+0000] {logging_mixin.py:188} INFO - [2024-03-10T18:39:35.241+0000] {dagbag.py:540} INFO - Filling up the DagBag from /home/airflow/.local/lib/python3.8/site-packages/airflow/example_dags/example_datasets.py
[2024-03-10T18:39:35.340+0000] {processor.py:840} INFO - DAG(s) 'dataset_consumes_unknown_never_scheduled', 'dataset_consumes_1_never_scheduled', 'dataset_produces_1', 'dataset_consumes_1', 'dataset_consumes_1_and_2', 'dataset_produces_2' retrieved from /home/airflow/.local/lib/python3.8/site-packages/airflow/example_dags/example_datasets.py
[2024-03-10T18:39:35.592+0000] {logging_mixin.py:188} INFO - [2024-03-10T18:39:35.590+0000] {dag.py:3047} INFO - Sync 6 DAGs
[2024-03-10T18:39:35.704+0000] {logging_mixin.py:188} INFO - [2024-03-10T18:39:35.704+0000] {dag.py:3834} INFO - Setting next_dagrun for dataset_consumes_1 to None, run_after=None
[2024-03-10T18:39:35.723+0000] {logging_mixin.py:188} INFO - [2024-03-10T18:39:35.722+0000] {dag.py:3834} INFO - Setting next_dagrun for dataset_consumes_1_and_2 to None, run_after=None
[2024-03-10T18:39:35.747+0000] {logging_mixin.py:188} INFO - [2024-03-10T18:39:35.746+0000] {dag.py:3834} INFO - Setting next_dagrun for dataset_consumes_1_never_scheduled to None, run_after=None
[2024-03-10T18:39:35.758+0000] {logging_mixin.py:188} INFO - [2024-03-10T18:39:35.758+0000] {dag.py:3834} INFO - Setting next_dagrun for dataset_consumes_unknown_never_scheduled to None, run_after=None
[2024-03-10T18:39:35.766+0000] {logging_mixin.py:188} INFO - [2024-03-10T18:39:35.766+0000] {dag.py:3834} INFO - Setting next_dagrun for dataset_produces_1 to 2024-03-09 00:00:00+00:00, run_after=2024-03-10 00:00:00+00:00
[2024-03-10T18:39:35.771+0000] {logging_mixin.py:188} INFO - [2024-03-10T18:39:35.771+0000] {dag.py:3834} INFO - Setting next_dagrun for dataset_produces_2 to None, run_after=None
[2024-03-10T18:39:36.122+0000] {processor.py:183} INFO - Processing /home/airflow/.local/lib/python3.8/site-packages/airflow/example_dags/example_datasets.py took 0.915 seconds
[2024-03-10T18:40:07.786+0000] {processor.py:161} INFO - Started process (PID=3440) to work on /home/airflow/.local/lib/python3.8/site-packages/airflow/example_dags/example_datasets.py
[2024-03-10T18:40:07.810+0000] {processor.py:830} INFO - Processing file /home/airflow/.local/lib/python3.8/site-packages/airflow/example_dags/example_datasets.py for tasks to queue
[2024-03-10T18:40:07.817+0000] {logging_mixin.py:188} INFO - [2024-03-10T18:40:07.815+0000] {dagbag.py:540} INFO - Filling up the DagBag from /home/airflow/.local/lib/python3.8/site-packages/airflow/example_dags/example_datasets.py
[2024-03-10T18:40:07.905+0000] {processor.py:840} INFO - DAG(s) 'dataset_produces_2', 'dataset_consumes_1', 'dataset_produces_1', 'dataset_consumes_1_and_2', 'dataset_consumes_1_never_scheduled', 'dataset_consumes_unknown_never_scheduled' retrieved from /home/airflow/.local/lib/python3.8/site-packages/airflow/example_dags/example_datasets.py
[2024-03-10T18:40:08.984+0000] {logging_mixin.py:188} INFO - [2024-03-10T18:40:08.906+0000] {dag.py:3047} INFO - Sync 6 DAGs
[2024-03-10T18:40:09.230+0000] {logging_mixin.py:188} INFO - [2024-03-10T18:40:09.230+0000] {dag.py:3834} INFO - Setting next_dagrun for dataset_consumes_1 to None, run_after=None
[2024-03-10T18:40:09.247+0000] {logging_mixin.py:188} INFO - [2024-03-10T18:40:09.246+0000] {dag.py:3834} INFO - Setting next_dagrun for dataset_consumes_1_and_2 to None, run_after=None
[2024-03-10T18:40:09.253+0000] {logging_mixin.py:188} INFO - [2024-03-10T18:40:09.253+0000] {dag.py:3834} INFO - Setting next_dagrun for dataset_consumes_1_never_scheduled to None, run_after=None
[2024-03-10T18:40:09.269+0000] {logging_mixin.py:188} INFO - [2024-03-10T18:40:09.268+0000] {dag.py:3834} INFO - Setting next_dagrun for dataset_consumes_unknown_never_scheduled to None, run_after=None
[2024-03-10T18:40:09.288+0000] {logging_mixin.py:188} INFO - [2024-03-10T18:40:09.287+0000] {dag.py:3834} INFO - Setting next_dagrun for dataset_produces_1 to 2024-03-09 00:00:00+00:00, run_after=2024-03-10 00:00:00+00:00
[2024-03-10T18:40:09.294+0000] {logging_mixin.py:188} INFO - [2024-03-10T18:40:09.293+0000] {dag.py:3834} INFO - Setting next_dagrun for dataset_produces_2 to None, run_after=None
[2024-03-10T18:40:09.443+0000] {processor.py:183} INFO - Processing /home/airflow/.local/lib/python3.8/site-packages/airflow/example_dags/example_datasets.py took 1.676 seconds
[2024-03-10T18:40:40.097+0000] {processor.py:161} INFO - Started process (PID=3692) to work on /home/airflow/.local/lib/python3.8/site-packages/airflow/example_dags/example_datasets.py
[2024-03-10T18:40:40.104+0000] {processor.py:830} INFO - Processing file /home/airflow/.local/lib/python3.8/site-packages/airflow/example_dags/example_datasets.py for tasks to queue
[2024-03-10T18:40:40.110+0000] {logging_mixin.py:188} INFO - [2024-03-10T18:40:40.108+0000] {dagbag.py:540} INFO - Filling up the DagBag from /home/airflow/.local/lib/python3.8/site-packages/airflow/example_dags/example_datasets.py
[2024-03-10T18:40:40.188+0000] {processor.py:840} INFO - DAG(s) 'dataset_consumes_unknown_never_scheduled', 'dataset_produces_1', 'dataset_produces_2', 'dataset_consumes_1_and_2', 'dataset_consumes_1_never_scheduled', 'dataset_consumes_1' retrieved from /home/airflow/.local/lib/python3.8/site-packages/airflow/example_dags/example_datasets.py
[2024-03-10T18:40:40.460+0000] {logging_mixin.py:188} INFO - [2024-03-10T18:40:40.458+0000] {dag.py:3047} INFO - Sync 6 DAGs
[2024-03-10T18:40:40.533+0000] {logging_mixin.py:188} INFO - [2024-03-10T18:40:40.533+0000] {dag.py:3834} INFO - Setting next_dagrun for dataset_consumes_1 to None, run_after=None
[2024-03-10T18:40:40.543+0000] {logging_mixin.py:188} INFO - [2024-03-10T18:40:40.542+0000] {dag.py:3834} INFO - Setting next_dagrun for dataset_consumes_1_and_2 to None, run_after=None
[2024-03-10T18:40:40.548+0000] {logging_mixin.py:188} INFO - [2024-03-10T18:40:40.548+0000] {dag.py:3834} INFO - Setting next_dagrun for dataset_consumes_1_never_scheduled to None, run_after=None
[2024-03-10T18:40:40.553+0000] {logging_mixin.py:188} INFO - [2024-03-10T18:40:40.553+0000] {dag.py:3834} INFO - Setting next_dagrun for dataset_consumes_unknown_never_scheduled to None, run_after=None
[2024-03-10T18:40:40.575+0000] {logging_mixin.py:188} INFO - [2024-03-10T18:40:40.574+0000] {dag.py:3834} INFO - Setting next_dagrun for dataset_produces_1 to 2024-03-09 00:00:00+00:00, run_after=2024-03-10 00:00:00+00:00
[2024-03-10T18:40:40.589+0000] {logging_mixin.py:188} INFO - [2024-03-10T18:40:40.587+0000] {dag.py:3834} INFO - Setting next_dagrun for dataset_produces_2 to None, run_after=None
[2024-03-10T18:40:40.755+0000] {processor.py:183} INFO - Processing /home/airflow/.local/lib/python3.8/site-packages/airflow/example_dags/example_datasets.py took 0.686 seconds
[2024-03-10T18:41:11.818+0000] {processor.py:161} INFO - Started process (PID=3940) to work on /home/airflow/.local/lib/python3.8/site-packages/airflow/example_dags/example_datasets.py
[2024-03-10T18:41:11.828+0000] {processor.py:830} INFO - Processing file /home/airflow/.local/lib/python3.8/site-packages/airflow/example_dags/example_datasets.py for tasks to queue
[2024-03-10T18:41:11.836+0000] {logging_mixin.py:188} INFO - [2024-03-10T18:41:11.833+0000] {dagbag.py:540} INFO - Filling up the DagBag from /home/airflow/.local/lib/python3.8/site-packages/airflow/example_dags/example_datasets.py
[2024-03-10T18:41:11.967+0000] {processor.py:840} INFO - DAG(s) 'dataset_consumes_unknown_never_scheduled', 'dataset_consumes_1_and_2', 'dataset_produces_1', 'dataset_consumes_1_never_scheduled', 'dataset_consumes_1', 'dataset_produces_2' retrieved from /home/airflow/.local/lib/python3.8/site-packages/airflow/example_dags/example_datasets.py
[2024-03-10T18:41:12.107+0000] {logging_mixin.py:188} INFO - [2024-03-10T18:41:12.106+0000] {dag.py:3047} INFO - Sync 6 DAGs
[2024-03-10T18:41:12.252+0000] {logging_mixin.py:188} INFO - [2024-03-10T18:41:12.251+0000] {dag.py:3834} INFO - Setting next_dagrun for dataset_consumes_1 to None, run_after=None
[2024-03-10T18:41:12.264+0000] {logging_mixin.py:188} INFO - [2024-03-10T18:41:12.264+0000] {dag.py:3834} INFO - Setting next_dagrun for dataset_consumes_1_and_2 to None, run_after=None
[2024-03-10T18:41:12.269+0000] {logging_mixin.py:188} INFO - [2024-03-10T18:41:12.269+0000] {dag.py:3834} INFO - Setting next_dagrun for dataset_consumes_1_never_scheduled to None, run_after=None
[2024-03-10T18:41:12.273+0000] {logging_mixin.py:188} INFO - [2024-03-10T18:41:12.273+0000] {dag.py:3834} INFO - Setting next_dagrun for dataset_consumes_unknown_never_scheduled to None, run_after=None
[2024-03-10T18:41:12.282+0000] {logging_mixin.py:188} INFO - [2024-03-10T18:41:12.282+0000] {dag.py:3834} INFO - Setting next_dagrun for dataset_produces_1 to 2024-03-09 00:00:00+00:00, run_after=2024-03-10 00:00:00+00:00
[2024-03-10T18:41:12.286+0000] {logging_mixin.py:188} INFO - [2024-03-10T18:41:12.286+0000] {dag.py:3834} INFO - Setting next_dagrun for dataset_produces_2 to None, run_after=None
[2024-03-10T18:41:12.419+0000] {processor.py:183} INFO - Processing /home/airflow/.local/lib/python3.8/site-packages/airflow/example_dags/example_datasets.py took 0.634 seconds
[2024-03-10T18:41:42.876+0000] {processor.py:161} INFO - Started process (PID=4189) to work on /home/airflow/.local/lib/python3.8/site-packages/airflow/example_dags/example_datasets.py
[2024-03-10T18:41:42.883+0000] {processor.py:830} INFO - Processing file /home/airflow/.local/lib/python3.8/site-packages/airflow/example_dags/example_datasets.py for tasks to queue
[2024-03-10T18:41:42.887+0000] {logging_mixin.py:188} INFO - [2024-03-10T18:41:42.885+0000] {dagbag.py:540} INFO - Filling up the DagBag from /home/airflow/.local/lib/python3.8/site-packages/airflow/example_dags/example_datasets.py
[2024-03-10T18:41:42.944+0000] {processor.py:840} INFO - DAG(s) 'dataset_produces_2', 'dataset_consumes_1', 'dataset_consumes_1_never_scheduled', 'dataset_produces_1', 'dataset_consumes_1_and_2', 'dataset_consumes_unknown_never_scheduled' retrieved from /home/airflow/.local/lib/python3.8/site-packages/airflow/example_dags/example_datasets.py
[2024-03-10T18:41:43.434+0000] {logging_mixin.py:188} INFO - [2024-03-10T18:41:43.433+0000] {dag.py:3047} INFO - Sync 6 DAGs
[2024-03-10T18:41:43.476+0000] {logging_mixin.py:188} INFO - [2024-03-10T18:41:43.476+0000] {dag.py:3834} INFO - Setting next_dagrun for dataset_consumes_1 to None, run_after=None
[2024-03-10T18:41:43.483+0000] {logging_mixin.py:188} INFO - [2024-03-10T18:41:43.483+0000] {dag.py:3834} INFO - Setting next_dagrun for dataset_consumes_1_and_2 to None, run_after=None
[2024-03-10T18:41:43.487+0000] {logging_mixin.py:188} INFO - [2024-03-10T18:41:43.486+0000] {dag.py:3834} INFO - Setting next_dagrun for dataset_consumes_1_never_scheduled to None, run_after=None
[2024-03-10T18:41:43.493+0000] {logging_mixin.py:188} INFO - [2024-03-10T18:41:43.492+0000] {dag.py:3834} INFO - Setting next_dagrun for dataset_consumes_unknown_never_scheduled to None, run_after=None
[2024-03-10T18:41:43.512+0000] {logging_mixin.py:188} INFO - [2024-03-10T18:41:43.512+0000] {dag.py:3834} INFO - Setting next_dagrun for dataset_produces_1 to 2024-03-09 00:00:00+00:00, run_after=2024-03-10 00:00:00+00:00
[2024-03-10T18:41:43.517+0000] {logging_mixin.py:188} INFO - [2024-03-10T18:41:43.517+0000] {dag.py:3834} INFO - Setting next_dagrun for dataset_produces_2 to None, run_after=None
[2024-03-10T18:41:43.593+0000] {processor.py:183} INFO - Processing /home/airflow/.local/lib/python3.8/site-packages/airflow/example_dags/example_datasets.py took 0.739 seconds
[2024-03-10T18:42:14.145+0000] {processor.py:161} INFO - Started process (PID=4436) to work on /home/airflow/.local/lib/python3.8/site-packages/airflow/example_dags/example_datasets.py
[2024-03-10T18:42:14.161+0000] {processor.py:830} INFO - Processing file /home/airflow/.local/lib/python3.8/site-packages/airflow/example_dags/example_datasets.py for tasks to queue
[2024-03-10T18:42:14.174+0000] {logging_mixin.py:188} INFO - [2024-03-10T18:42:14.171+0000] {dagbag.py:540} INFO - Filling up the DagBag from /home/airflow/.local/lib/python3.8/site-packages/airflow/example_dags/example_datasets.py
[2024-03-10T18:42:14.306+0000] {processor.py:840} INFO - DAG(s) 'dataset_consumes_unknown_never_scheduled', 'dataset_consumes_1_never_scheduled', 'dataset_produces_1', 'dataset_consumes_1', 'dataset_produces_2', 'dataset_consumes_1_and_2' retrieved from /home/airflow/.local/lib/python3.8/site-packages/airflow/example_dags/example_datasets.py
[2024-03-10T18:42:14.851+0000] {logging_mixin.py:188} INFO - [2024-03-10T18:42:14.846+0000] {dag.py:3047} INFO - Sync 6 DAGs
[2024-03-10T18:42:15.137+0000] {logging_mixin.py:188} INFO - [2024-03-10T18:42:15.136+0000] {dag.py:3834} INFO - Setting next_dagrun for dataset_consumes_1 to None, run_after=None
[2024-03-10T18:42:15.219+0000] {logging_mixin.py:188} INFO - [2024-03-10T18:42:15.216+0000] {dag.py:3834} INFO - Setting next_dagrun for dataset_consumes_1_and_2 to None, run_after=None
[2024-03-10T18:42:15.268+0000] {logging_mixin.py:188} INFO - [2024-03-10T18:42:15.267+0000] {dag.py:3834} INFO - Setting next_dagrun for dataset_consumes_1_never_scheduled to None, run_after=None
[2024-03-10T18:42:15.415+0000] {logging_mixin.py:188} INFO - [2024-03-10T18:42:15.415+0000] {dag.py:3834} INFO - Setting next_dagrun for dataset_consumes_unknown_never_scheduled to None, run_after=None
[2024-03-10T18:42:15.432+0000] {logging_mixin.py:188} INFO - [2024-03-10T18:42:15.432+0000] {dag.py:3834} INFO - Setting next_dagrun for dataset_produces_1 to 2024-03-09 00:00:00+00:00, run_after=2024-03-10 00:00:00+00:00
[2024-03-10T18:42:15.439+0000] {logging_mixin.py:188} INFO - [2024-03-10T18:42:15.439+0000] {dag.py:3834} INFO - Setting next_dagrun for dataset_produces_2 to None, run_after=None
[2024-03-10T18:42:16.364+0000] {processor.py:183} INFO - Processing /home/airflow/.local/lib/python3.8/site-packages/airflow/example_dags/example_datasets.py took 2.229 seconds
[2024-03-10T18:43:14.730+0000] {processor.py:161} INFO - Started process (PID=4676) to work on /home/airflow/.local/lib/python3.8/site-packages/airflow/example_dags/example_datasets.py
[2024-03-10T18:43:14.745+0000] {processor.py:830} INFO - Processing file /home/airflow/.local/lib/python3.8/site-packages/airflow/example_dags/example_datasets.py for tasks to queue
[2024-03-10T18:43:14.751+0000] {logging_mixin.py:188} INFO - [2024-03-10T18:43:14.749+0000] {dagbag.py:540} INFO - Filling up the DagBag from /home/airflow/.local/lib/python3.8/site-packages/airflow/example_dags/example_datasets.py
[2024-03-10T18:43:14.922+0000] {processor.py:840} INFO - DAG(s) 'dataset_consumes_1_and_2', 'dataset_consumes_1_never_scheduled', 'dataset_produces_2', 'dataset_produces_1', 'dataset_consumes_unknown_never_scheduled', 'dataset_consumes_1' retrieved from /home/airflow/.local/lib/python3.8/site-packages/airflow/example_dags/example_datasets.py
[2024-03-10T18:43:16.210+0000] {logging_mixin.py:188} INFO - [2024-03-10T18:43:16.205+0000] {dag.py:3047} INFO - Sync 6 DAGs
[2024-03-10T18:43:16.613+0000] {logging_mixin.py:188} INFO - [2024-03-10T18:43:16.607+0000] {dag.py:3834} INFO - Setting next_dagrun for dataset_consumes_1 to None, run_after=None
[2024-03-10T18:43:16.724+0000] {logging_mixin.py:188} INFO - [2024-03-10T18:43:16.724+0000] {dag.py:3834} INFO - Setting next_dagrun for dataset_consumes_1_and_2 to None, run_after=None
[2024-03-10T18:43:16.777+0000] {logging_mixin.py:188} INFO - [2024-03-10T18:43:16.776+0000] {dag.py:3834} INFO - Setting next_dagrun for dataset_consumes_1_never_scheduled to None, run_after=None
[2024-03-10T18:43:16.801+0000] {logging_mixin.py:188} INFO - [2024-03-10T18:43:16.801+0000] {dag.py:3834} INFO - Setting next_dagrun for dataset_consumes_unknown_never_scheduled to None, run_after=None
[2024-03-10T18:43:16.868+0000] {logging_mixin.py:188} INFO - [2024-03-10T18:43:16.862+0000] {dag.py:3834} INFO - Setting next_dagrun for dataset_produces_1 to 2024-03-09 00:00:00+00:00, run_after=2024-03-10 00:00:00+00:00
[2024-03-10T18:43:16.916+0000] {logging_mixin.py:188} INFO - [2024-03-10T18:43:16.915+0000] {dag.py:3834} INFO - Setting next_dagrun for dataset_produces_2 to None, run_after=None
[2024-03-10T18:43:17.187+0000] {processor.py:183} INFO - Processing /home/airflow/.local/lib/python3.8/site-packages/airflow/example_dags/example_datasets.py took 2.562 seconds
[2024-03-10T18:45:31.793+0000] {processor.py:161} INFO - Started process (PID=4922) to work on /home/airflow/.local/lib/python3.8/site-packages/airflow/example_dags/example_datasets.py
[2024-03-10T18:45:31.865+0000] {processor.py:830} INFO - Processing file /home/airflow/.local/lib/python3.8/site-packages/airflow/example_dags/example_datasets.py for tasks to queue
[2024-03-10T18:45:31.920+0000] {logging_mixin.py:188} INFO - [2024-03-10T18:45:31.897+0000] {dagbag.py:540} INFO - Filling up the DagBag from /home/airflow/.local/lib/python3.8/site-packages/airflow/example_dags/example_datasets.py
[2024-03-10T18:45:32.297+0000] {processor.py:840} INFO - DAG(s) 'dataset_consumes_unknown_never_scheduled', 'dataset_produces_1', 'dataset_produces_2', 'dataset_consumes_1_and_2', 'dataset_consumes_1_never_scheduled', 'dataset_consumes_1' retrieved from /home/airflow/.local/lib/python3.8/site-packages/airflow/example_dags/example_datasets.py
[2024-03-10T18:45:33.162+0000] {logging_mixin.py:188} INFO - [2024-03-10T18:45:33.156+0000] {dag.py:3047} INFO - Sync 6 DAGs
[2024-03-10T18:45:33.691+0000] {logging_mixin.py:188} INFO - [2024-03-10T18:45:33.674+0000] {dag.py:3834} INFO - Setting next_dagrun for dataset_consumes_1 to None, run_after=None
[2024-03-10T18:45:33.808+0000] {logging_mixin.py:188} INFO - [2024-03-10T18:45:33.800+0000] {dag.py:3834} INFO - Setting next_dagrun for dataset_consumes_1_and_2 to None, run_after=None
[2024-03-10T18:45:33.833+0000] {logging_mixin.py:188} INFO - [2024-03-10T18:45:33.832+0000] {dag.py:3834} INFO - Setting next_dagrun for dataset_consumes_1_never_scheduled to None, run_after=None
[2024-03-10T18:45:33.851+0000] {logging_mixin.py:188} INFO - [2024-03-10T18:45:33.851+0000] {dag.py:3834} INFO - Setting next_dagrun for dataset_consumes_unknown_never_scheduled to None, run_after=None
[2024-03-10T18:45:33.927+0000] {logging_mixin.py:188} INFO - [2024-03-10T18:45:33.926+0000] {dag.py:3834} INFO - Setting next_dagrun for dataset_produces_1 to 2024-03-09 00:00:00+00:00, run_after=2024-03-10 00:00:00+00:00
[2024-03-10T18:45:33.942+0000] {logging_mixin.py:188} INFO - [2024-03-10T18:45:33.941+0000] {dag.py:3834} INFO - Setting next_dagrun for dataset_produces_2 to None, run_after=None
[2024-03-10T18:45:34.397+0000] {processor.py:183} INFO - Processing /home/airflow/.local/lib/python3.8/site-packages/airflow/example_dags/example_datasets.py took 2.969 seconds
