[2024-03-10T18:33:03.817+0000] {processor.py:161} INFO - Started process (PID=273) to work on /home/airflow/.local/lib/python3.8/site-packages/airflow/example_dags/example_trigger_target_dag.py
[2024-03-10T18:33:03.820+0000] {processor.py:830} INFO - Processing file /home/airflow/.local/lib/python3.8/site-packages/airflow/example_dags/example_trigger_target_dag.py for tasks to queue
[2024-03-10T18:33:03.823+0000] {logging_mixin.py:188} INFO - [2024-03-10T18:33:03.822+0000] {dagbag.py:540} INFO - Filling up the DagBag from /home/airflow/.local/lib/python3.8/site-packages/airflow/example_dags/example_trigger_target_dag.py
[2024-03-10T18:33:03.847+0000] {processor.py:840} INFO - DAG(s) 'example_trigger_target_dag' retrieved from /home/airflow/.local/lib/python3.8/site-packages/airflow/example_dags/example_trigger_target_dag.py
[2024-03-10T18:33:04.337+0000] {logging_mixin.py:188} INFO - [2024-03-10T18:33:04.334+0000] {override.py:1769} INFO - Created Permission View: can delete on DAG:example_trigger_target_dag
[2024-03-10T18:33:04.388+0000] {logging_mixin.py:188} INFO - [2024-03-10T18:33:04.387+0000] {override.py:1769} INFO - Created Permission View: can edit on DAG:example_trigger_target_dag
[2024-03-10T18:33:04.407+0000] {logging_mixin.py:188} INFO - [2024-03-10T18:33:04.406+0000] {override.py:1769} INFO - Created Permission View: can read on DAG:example_trigger_target_dag
[2024-03-10T18:33:04.410+0000] {logging_mixin.py:188} INFO - [2024-03-10T18:33:04.409+0000] {dag.py:3047} INFO - Sync 1 DAGs
[2024-03-10T18:33:04.496+0000] {logging_mixin.py:188} INFO - [2024-03-10T18:33:04.496+0000] {dag.py:3069} INFO - Creating ORM DAG for example_trigger_target_dag
[2024-03-10T18:33:04.503+0000] {logging_mixin.py:188} INFO - [2024-03-10T18:33:04.502+0000] {dag.py:3834} INFO - Setting next_dagrun for example_trigger_target_dag to None, run_after=None
[2024-03-10T18:33:04.639+0000] {processor.py:183} INFO - Processing /home/airflow/.local/lib/python3.8/site-packages/airflow/example_dags/example_trigger_target_dag.py took 0.829 seconds
[2024-03-10T18:33:45.581+0000] {processor.py:161} INFO - Started process (PID=520) to work on /home/airflow/.local/lib/python3.8/site-packages/airflow/example_dags/example_trigger_target_dag.py
[2024-03-10T18:33:45.586+0000] {processor.py:830} INFO - Processing file /home/airflow/.local/lib/python3.8/site-packages/airflow/example_dags/example_trigger_target_dag.py for tasks to queue
[2024-03-10T18:33:45.587+0000] {logging_mixin.py:188} INFO - [2024-03-10T18:33:45.587+0000] {dagbag.py:540} INFO - Filling up the DagBag from /home/airflow/.local/lib/python3.8/site-packages/airflow/example_dags/example_trigger_target_dag.py
[2024-03-10T18:33:45.597+0000] {processor.py:840} INFO - DAG(s) 'example_trigger_target_dag' retrieved from /home/airflow/.local/lib/python3.8/site-packages/airflow/example_dags/example_trigger_target_dag.py
[2024-03-10T18:33:45.629+0000] {logging_mixin.py:188} INFO - [2024-03-10T18:33:45.629+0000] {dag.py:3047} INFO - Sync 1 DAGs
[2024-03-10T18:33:45.640+0000] {logging_mixin.py:188} INFO - [2024-03-10T18:33:45.640+0000] {dag.py:3834} INFO - Setting next_dagrun for example_trigger_target_dag to None, run_after=None
[2024-03-10T18:33:45.662+0000] {processor.py:183} INFO - Processing /home/airflow/.local/lib/python3.8/site-packages/airflow/example_dags/example_trigger_target_dag.py took 0.084 seconds
[2024-03-10T18:34:17.087+0000] {processor.py:161} INFO - Started process (PID=765) to work on /home/airflow/.local/lib/python3.8/site-packages/airflow/example_dags/example_trigger_target_dag.py
[2024-03-10T18:34:17.094+0000] {processor.py:830} INFO - Processing file /home/airflow/.local/lib/python3.8/site-packages/airflow/example_dags/example_trigger_target_dag.py for tasks to queue
[2024-03-10T18:34:17.097+0000] {logging_mixin.py:188} INFO - [2024-03-10T18:34:17.096+0000] {dagbag.py:540} INFO - Filling up the DagBag from /home/airflow/.local/lib/python3.8/site-packages/airflow/example_dags/example_trigger_target_dag.py
[2024-03-10T18:34:17.114+0000] {processor.py:840} INFO - DAG(s) 'example_trigger_target_dag' retrieved from /home/airflow/.local/lib/python3.8/site-packages/airflow/example_dags/example_trigger_target_dag.py
[2024-03-10T18:34:17.170+0000] {logging_mixin.py:188} INFO - [2024-03-10T18:34:17.170+0000] {dag.py:3047} INFO - Sync 1 DAGs
[2024-03-10T18:34:17.184+0000] {logging_mixin.py:188} INFO - [2024-03-10T18:34:17.184+0000] {dag.py:3834} INFO - Setting next_dagrun for example_trigger_target_dag to None, run_after=None
[2024-03-10T18:34:17.227+0000] {processor.py:183} INFO - Processing /home/airflow/.local/lib/python3.8/site-packages/airflow/example_dags/example_trigger_target_dag.py took 0.147 seconds
[2024-03-10T18:34:49.729+0000] {processor.py:161} INFO - Started process (PID=1013) to work on /home/airflow/.local/lib/python3.8/site-packages/airflow/example_dags/example_trigger_target_dag.py
[2024-03-10T18:34:49.739+0000] {processor.py:830} INFO - Processing file /home/airflow/.local/lib/python3.8/site-packages/airflow/example_dags/example_trigger_target_dag.py for tasks to queue
[2024-03-10T18:34:49.742+0000] {logging_mixin.py:188} INFO - [2024-03-10T18:34:49.742+0000] {dagbag.py:540} INFO - Filling up the DagBag from /home/airflow/.local/lib/python3.8/site-packages/airflow/example_dags/example_trigger_target_dag.py
[2024-03-10T18:34:49.759+0000] {processor.py:840} INFO - DAG(s) 'example_trigger_target_dag' retrieved from /home/airflow/.local/lib/python3.8/site-packages/airflow/example_dags/example_trigger_target_dag.py
[2024-03-10T18:34:49.845+0000] {logging_mixin.py:188} INFO - [2024-03-10T18:34:49.845+0000] {dag.py:3047} INFO - Sync 1 DAGs
[2024-03-10T18:34:49.908+0000] {logging_mixin.py:188} INFO - [2024-03-10T18:34:49.907+0000] {dag.py:3834} INFO - Setting next_dagrun for example_trigger_target_dag to None, run_after=None
[2024-03-10T18:34:49.963+0000] {processor.py:183} INFO - Processing /home/airflow/.local/lib/python3.8/site-packages/airflow/example_dags/example_trigger_target_dag.py took 0.261 seconds
[2024-03-10T18:35:23.211+0000] {processor.py:161} INFO - Started process (PID=1260) to work on /home/airflow/.local/lib/python3.8/site-packages/airflow/example_dags/example_trigger_target_dag.py
[2024-03-10T18:35:23.215+0000] {processor.py:830} INFO - Processing file /home/airflow/.local/lib/python3.8/site-packages/airflow/example_dags/example_trigger_target_dag.py for tasks to queue
[2024-03-10T18:35:23.219+0000] {logging_mixin.py:188} INFO - [2024-03-10T18:35:23.218+0000] {dagbag.py:540} INFO - Filling up the DagBag from /home/airflow/.local/lib/python3.8/site-packages/airflow/example_dags/example_trigger_target_dag.py
[2024-03-10T18:35:23.232+0000] {processor.py:840} INFO - DAG(s) 'example_trigger_target_dag' retrieved from /home/airflow/.local/lib/python3.8/site-packages/airflow/example_dags/example_trigger_target_dag.py
[2024-03-10T18:35:23.388+0000] {logging_mixin.py:188} INFO - [2024-03-10T18:35:23.386+0000] {dag.py:3047} INFO - Sync 1 DAGs
[2024-03-10T18:35:23.465+0000] {logging_mixin.py:188} INFO - [2024-03-10T18:35:23.465+0000] {dag.py:3834} INFO - Setting next_dagrun for example_trigger_target_dag to None, run_after=None
[2024-03-10T18:35:23.559+0000] {processor.py:183} INFO - Processing /home/airflow/.local/lib/python3.8/site-packages/airflow/example_dags/example_trigger_target_dag.py took 0.360 seconds
[2024-03-10T18:35:54.266+0000] {processor.py:161} INFO - Started process (PID=1506) to work on /home/airflow/.local/lib/python3.8/site-packages/airflow/example_dags/example_trigger_target_dag.py
[2024-03-10T18:35:54.270+0000] {processor.py:830} INFO - Processing file /home/airflow/.local/lib/python3.8/site-packages/airflow/example_dags/example_trigger_target_dag.py for tasks to queue
[2024-03-10T18:35:54.275+0000] {logging_mixin.py:188} INFO - [2024-03-10T18:35:54.274+0000] {dagbag.py:540} INFO - Filling up the DagBag from /home/airflow/.local/lib/python3.8/site-packages/airflow/example_dags/example_trigger_target_dag.py
[2024-03-10T18:35:54.293+0000] {processor.py:840} INFO - DAG(s) 'example_trigger_target_dag' retrieved from /home/airflow/.local/lib/python3.8/site-packages/airflow/example_dags/example_trigger_target_dag.py
[2024-03-10T18:35:54.362+0000] {logging_mixin.py:188} INFO - [2024-03-10T18:35:54.362+0000] {dag.py:3047} INFO - Sync 1 DAGs
[2024-03-10T18:35:54.402+0000] {logging_mixin.py:188} INFO - [2024-03-10T18:35:54.401+0000] {dag.py:3834} INFO - Setting next_dagrun for example_trigger_target_dag to None, run_after=None
[2024-03-10T18:35:54.432+0000] {processor.py:183} INFO - Processing /home/airflow/.local/lib/python3.8/site-packages/airflow/example_dags/example_trigger_target_dag.py took 0.172 seconds
[2024-03-10T18:36:25.197+0000] {processor.py:161} INFO - Started process (PID=1750) to work on /home/airflow/.local/lib/python3.8/site-packages/airflow/example_dags/example_trigger_target_dag.py
[2024-03-10T18:36:25.201+0000] {processor.py:830} INFO - Processing file /home/airflow/.local/lib/python3.8/site-packages/airflow/example_dags/example_trigger_target_dag.py for tasks to queue
[2024-03-10T18:36:25.206+0000] {logging_mixin.py:188} INFO - [2024-03-10T18:36:25.204+0000] {dagbag.py:540} INFO - Filling up the DagBag from /home/airflow/.local/lib/python3.8/site-packages/airflow/example_dags/example_trigger_target_dag.py
[2024-03-10T18:36:25.230+0000] {processor.py:840} INFO - DAG(s) 'example_trigger_target_dag' retrieved from /home/airflow/.local/lib/python3.8/site-packages/airflow/example_dags/example_trigger_target_dag.py
[2024-03-10T18:36:25.651+0000] {logging_mixin.py:188} INFO - [2024-03-10T18:36:25.649+0000] {dag.py:3047} INFO - Sync 1 DAGs
[2024-03-10T18:36:25.728+0000] {logging_mixin.py:188} INFO - [2024-03-10T18:36:25.728+0000] {dag.py:3834} INFO - Setting next_dagrun for example_trigger_target_dag to None, run_after=None
[2024-03-10T18:36:25.919+0000] {processor.py:183} INFO - Processing /home/airflow/.local/lib/python3.8/site-packages/airflow/example_dags/example_trigger_target_dag.py took 0.732 seconds
[2024-03-10T18:36:59.135+0000] {processor.py:161} INFO - Started process (PID=1995) to work on /home/airflow/.local/lib/python3.8/site-packages/airflow/example_dags/example_trigger_target_dag.py
[2024-03-10T18:36:59.143+0000] {processor.py:830} INFO - Processing file /home/airflow/.local/lib/python3.8/site-packages/airflow/example_dags/example_trigger_target_dag.py for tasks to queue
[2024-03-10T18:36:59.154+0000] {logging_mixin.py:188} INFO - [2024-03-10T18:36:59.152+0000] {dagbag.py:540} INFO - Filling up the DagBag from /home/airflow/.local/lib/python3.8/site-packages/airflow/example_dags/example_trigger_target_dag.py
[2024-03-10T18:36:59.273+0000] {processor.py:840} INFO - DAG(s) 'example_trigger_target_dag' retrieved from /home/airflow/.local/lib/python3.8/site-packages/airflow/example_dags/example_trigger_target_dag.py
[2024-03-10T18:36:59.471+0000] {logging_mixin.py:188} INFO - [2024-03-10T18:36:59.470+0000] {dag.py:3047} INFO - Sync 1 DAGs
[2024-03-10T18:36:59.527+0000] {logging_mixin.py:188} INFO - [2024-03-10T18:36:59.527+0000] {dag.py:3834} INFO - Setting next_dagrun for example_trigger_target_dag to None, run_after=None
[2024-03-10T18:36:59.583+0000] {processor.py:183} INFO - Processing /home/airflow/.local/lib/python3.8/site-packages/airflow/example_dags/example_trigger_target_dag.py took 0.474 seconds
[2024-03-10T18:37:29.730+0000] {processor.py:161} INFO - Started process (PID=2242) to work on /home/airflow/.local/lib/python3.8/site-packages/airflow/example_dags/example_trigger_target_dag.py
[2024-03-10T18:37:29.733+0000] {processor.py:830} INFO - Processing file /home/airflow/.local/lib/python3.8/site-packages/airflow/example_dags/example_trigger_target_dag.py for tasks to queue
[2024-03-10T18:37:29.735+0000] {logging_mixin.py:188} INFO - [2024-03-10T18:37:29.735+0000] {dagbag.py:540} INFO - Filling up the DagBag from /home/airflow/.local/lib/python3.8/site-packages/airflow/example_dags/example_trigger_target_dag.py
[2024-03-10T18:37:29.757+0000] {processor.py:840} INFO - DAG(s) 'example_trigger_target_dag' retrieved from /home/airflow/.local/lib/python3.8/site-packages/airflow/example_dags/example_trigger_target_dag.py
[2024-03-10T18:37:29.798+0000] {logging_mixin.py:188} INFO - [2024-03-10T18:37:29.798+0000] {dag.py:3047} INFO - Sync 1 DAGs
[2024-03-10T18:37:29.813+0000] {logging_mixin.py:188} INFO - [2024-03-10T18:37:29.813+0000] {dag.py:3834} INFO - Setting next_dagrun for example_trigger_target_dag to None, run_after=None
[2024-03-10T18:37:29.831+0000] {processor.py:183} INFO - Processing /home/airflow/.local/lib/python3.8/site-packages/airflow/example_dags/example_trigger_target_dag.py took 0.106 seconds
[2024-03-10T18:38:00.546+0000] {processor.py:161} INFO - Started process (PID=2490) to work on /home/airflow/.local/lib/python3.8/site-packages/airflow/example_dags/example_trigger_target_dag.py
[2024-03-10T18:38:00.550+0000] {processor.py:830} INFO - Processing file /home/airflow/.local/lib/python3.8/site-packages/airflow/example_dags/example_trigger_target_dag.py for tasks to queue
[2024-03-10T18:38:00.554+0000] {logging_mixin.py:188} INFO - [2024-03-10T18:38:00.553+0000] {dagbag.py:540} INFO - Filling up the DagBag from /home/airflow/.local/lib/python3.8/site-packages/airflow/example_dags/example_trigger_target_dag.py
[2024-03-10T18:38:00.578+0000] {processor.py:840} INFO - DAG(s) 'example_trigger_target_dag' retrieved from /home/airflow/.local/lib/python3.8/site-packages/airflow/example_dags/example_trigger_target_dag.py
[2024-03-10T18:38:00.631+0000] {logging_mixin.py:188} INFO - [2024-03-10T18:38:00.631+0000] {dag.py:3047} INFO - Sync 1 DAGs
[2024-03-10T18:38:00.654+0000] {logging_mixin.py:188} INFO - [2024-03-10T18:38:00.654+0000] {dag.py:3834} INFO - Setting next_dagrun for example_trigger_target_dag to None, run_after=None
[2024-03-10T18:38:00.696+0000] {processor.py:183} INFO - Processing /home/airflow/.local/lib/python3.8/site-packages/airflow/example_dags/example_trigger_target_dag.py took 0.158 seconds
[2024-03-10T18:38:32.414+0000] {processor.py:161} INFO - Started process (PID=2739) to work on /home/airflow/.local/lib/python3.8/site-packages/airflow/example_dags/example_trigger_target_dag.py
[2024-03-10T18:38:32.423+0000] {processor.py:830} INFO - Processing file /home/airflow/.local/lib/python3.8/site-packages/airflow/example_dags/example_trigger_target_dag.py for tasks to queue
[2024-03-10T18:38:32.433+0000] {logging_mixin.py:188} INFO - [2024-03-10T18:38:32.431+0000] {dagbag.py:540} INFO - Filling up the DagBag from /home/airflow/.local/lib/python3.8/site-packages/airflow/example_dags/example_trigger_target_dag.py
[2024-03-10T18:38:32.481+0000] {processor.py:840} INFO - DAG(s) 'example_trigger_target_dag' retrieved from /home/airflow/.local/lib/python3.8/site-packages/airflow/example_dags/example_trigger_target_dag.py
[2024-03-10T18:38:32.554+0000] {logging_mixin.py:188} INFO - [2024-03-10T18:38:32.553+0000] {dag.py:3047} INFO - Sync 1 DAGs
[2024-03-10T18:38:32.577+0000] {logging_mixin.py:188} INFO - [2024-03-10T18:38:32.576+0000] {dag.py:3834} INFO - Setting next_dagrun for example_trigger_target_dag to None, run_after=None
[2024-03-10T18:38:32.605+0000] {processor.py:183} INFO - Processing /home/airflow/.local/lib/python3.8/site-packages/airflow/example_dags/example_trigger_target_dag.py took 0.255 seconds
[2024-03-10T18:39:03.413+0000] {processor.py:161} INFO - Started process (PID=2984) to work on /home/airflow/.local/lib/python3.8/site-packages/airflow/example_dags/example_trigger_target_dag.py
[2024-03-10T18:39:03.427+0000] {processor.py:830} INFO - Processing file /home/airflow/.local/lib/python3.8/site-packages/airflow/example_dags/example_trigger_target_dag.py for tasks to queue
[2024-03-10T18:39:03.441+0000] {logging_mixin.py:188} INFO - [2024-03-10T18:39:03.440+0000] {dagbag.py:540} INFO - Filling up the DagBag from /home/airflow/.local/lib/python3.8/site-packages/airflow/example_dags/example_trigger_target_dag.py
[2024-03-10T18:39:03.458+0000] {processor.py:840} INFO - DAG(s) 'example_trigger_target_dag' retrieved from /home/airflow/.local/lib/python3.8/site-packages/airflow/example_dags/example_trigger_target_dag.py
[2024-03-10T18:39:03.504+0000] {logging_mixin.py:188} INFO - [2024-03-10T18:39:03.504+0000] {dag.py:3047} INFO - Sync 1 DAGs
[2024-03-10T18:39:03.535+0000] {logging_mixin.py:188} INFO - [2024-03-10T18:39:03.535+0000] {dag.py:3834} INFO - Setting next_dagrun for example_trigger_target_dag to None, run_after=None
[2024-03-10T18:39:03.562+0000] {processor.py:183} INFO - Processing /home/airflow/.local/lib/python3.8/site-packages/airflow/example_dags/example_trigger_target_dag.py took 0.157 seconds
[2024-03-10T18:39:41.551+0000] {processor.py:161} INFO - Started process (PID=3240) to work on /home/airflow/.local/lib/python3.8/site-packages/airflow/example_dags/example_trigger_target_dag.py
[2024-03-10T18:39:41.558+0000] {processor.py:830} INFO - Processing file /home/airflow/.local/lib/python3.8/site-packages/airflow/example_dags/example_trigger_target_dag.py for tasks to queue
[2024-03-10T18:39:41.565+0000] {logging_mixin.py:188} INFO - [2024-03-10T18:39:41.563+0000] {dagbag.py:540} INFO - Filling up the DagBag from /home/airflow/.local/lib/python3.8/site-packages/airflow/example_dags/example_trigger_target_dag.py
[2024-03-10T18:39:41.601+0000] {processor.py:840} INFO - DAG(s) 'example_trigger_target_dag' retrieved from /home/airflow/.local/lib/python3.8/site-packages/airflow/example_dags/example_trigger_target_dag.py
[2024-03-10T18:39:41.687+0000] {logging_mixin.py:188} INFO - [2024-03-10T18:39:41.686+0000] {dag.py:3047} INFO - Sync 1 DAGs
[2024-03-10T18:39:41.720+0000] {logging_mixin.py:188} INFO - [2024-03-10T18:39:41.720+0000] {dag.py:3834} INFO - Setting next_dagrun for example_trigger_target_dag to None, run_after=None
[2024-03-10T18:39:41.764+0000] {processor.py:183} INFO - Processing /home/airflow/.local/lib/python3.8/site-packages/airflow/example_dags/example_trigger_target_dag.py took 0.244 seconds
[2024-03-10T18:40:12.545+0000] {processor.py:161} INFO - Started process (PID=3486) to work on /home/airflow/.local/lib/python3.8/site-packages/airflow/example_dags/example_trigger_target_dag.py
[2024-03-10T18:40:12.578+0000] {processor.py:830} INFO - Processing file /home/airflow/.local/lib/python3.8/site-packages/airflow/example_dags/example_trigger_target_dag.py for tasks to queue
[2024-03-10T18:40:12.586+0000] {logging_mixin.py:188} INFO - [2024-03-10T18:40:12.585+0000] {dagbag.py:540} INFO - Filling up the DagBag from /home/airflow/.local/lib/python3.8/site-packages/airflow/example_dags/example_trigger_target_dag.py
[2024-03-10T18:40:12.610+0000] {processor.py:840} INFO - DAG(s) 'example_trigger_target_dag' retrieved from /home/airflow/.local/lib/python3.8/site-packages/airflow/example_dags/example_trigger_target_dag.py
[2024-03-10T18:40:12.687+0000] {logging_mixin.py:188} INFO - [2024-03-10T18:40:12.686+0000] {dag.py:3047} INFO - Sync 1 DAGs
[2024-03-10T18:40:12.747+0000] {logging_mixin.py:188} INFO - [2024-03-10T18:40:12.746+0000] {dag.py:3834} INFO - Setting next_dagrun for example_trigger_target_dag to None, run_after=None
[2024-03-10T18:40:12.843+0000] {processor.py:183} INFO - Processing /home/airflow/.local/lib/python3.8/site-packages/airflow/example_dags/example_trigger_target_dag.py took 0.313 seconds
[2024-03-10T18:40:45.995+0000] {processor.py:161} INFO - Started process (PID=3736) to work on /home/airflow/.local/lib/python3.8/site-packages/airflow/example_dags/example_trigger_target_dag.py
[2024-03-10T18:40:46.001+0000] {processor.py:830} INFO - Processing file /home/airflow/.local/lib/python3.8/site-packages/airflow/example_dags/example_trigger_target_dag.py for tasks to queue
[2024-03-10T18:40:46.024+0000] {logging_mixin.py:188} INFO - [2024-03-10T18:40:46.007+0000] {dagbag.py:540} INFO - Filling up the DagBag from /home/airflow/.local/lib/python3.8/site-packages/airflow/example_dags/example_trigger_target_dag.py
[2024-03-10T18:40:46.149+0000] {processor.py:840} INFO - DAG(s) 'example_trigger_target_dag' retrieved from /home/airflow/.local/lib/python3.8/site-packages/airflow/example_dags/example_trigger_target_dag.py
[2024-03-10T18:40:46.355+0000] {logging_mixin.py:188} INFO - [2024-03-10T18:40:46.354+0000] {dag.py:3047} INFO - Sync 1 DAGs
[2024-03-10T18:40:46.408+0000] {logging_mixin.py:188} INFO - [2024-03-10T18:40:46.407+0000] {dag.py:3834} INFO - Setting next_dagrun for example_trigger_target_dag to None, run_after=None
[2024-03-10T18:40:46.458+0000] {processor.py:183} INFO - Processing /home/airflow/.local/lib/python3.8/site-packages/airflow/example_dags/example_trigger_target_dag.py took 0.472 seconds
[2024-03-10T18:41:18.044+0000] {processor.py:161} INFO - Started process (PID=3986) to work on /home/airflow/.local/lib/python3.8/site-packages/airflow/example_dags/example_trigger_target_dag.py
[2024-03-10T18:41:18.047+0000] {processor.py:830} INFO - Processing file /home/airflow/.local/lib/python3.8/site-packages/airflow/example_dags/example_trigger_target_dag.py for tasks to queue
[2024-03-10T18:41:18.050+0000] {logging_mixin.py:188} INFO - [2024-03-10T18:41:18.049+0000] {dagbag.py:540} INFO - Filling up the DagBag from /home/airflow/.local/lib/python3.8/site-packages/airflow/example_dags/example_trigger_target_dag.py
[2024-03-10T18:41:18.063+0000] {processor.py:840} INFO - DAG(s) 'example_trigger_target_dag' retrieved from /home/airflow/.local/lib/python3.8/site-packages/airflow/example_dags/example_trigger_target_dag.py
[2024-03-10T18:41:18.347+0000] {logging_mixin.py:188} INFO - [2024-03-10T18:41:18.346+0000] {dag.py:3047} INFO - Sync 1 DAGs
[2024-03-10T18:41:18.367+0000] {logging_mixin.py:188} INFO - [2024-03-10T18:41:18.367+0000] {dag.py:3834} INFO - Setting next_dagrun for example_trigger_target_dag to None, run_after=None
[2024-03-10T18:41:18.398+0000] {processor.py:183} INFO - Processing /home/airflow/.local/lib/python3.8/site-packages/airflow/example_dags/example_trigger_target_dag.py took 0.361 seconds
[2024-03-10T18:41:49.203+0000] {processor.py:161} INFO - Started process (PID=4229) to work on /home/airflow/.local/lib/python3.8/site-packages/airflow/example_dags/example_trigger_target_dag.py
[2024-03-10T18:41:49.212+0000] {processor.py:830} INFO - Processing file /home/airflow/.local/lib/python3.8/site-packages/airflow/example_dags/example_trigger_target_dag.py for tasks to queue
[2024-03-10T18:41:49.217+0000] {logging_mixin.py:188} INFO - [2024-03-10T18:41:49.216+0000] {dagbag.py:540} INFO - Filling up the DagBag from /home/airflow/.local/lib/python3.8/site-packages/airflow/example_dags/example_trigger_target_dag.py
[2024-03-10T18:41:49.230+0000] {processor.py:840} INFO - DAG(s) 'example_trigger_target_dag' retrieved from /home/airflow/.local/lib/python3.8/site-packages/airflow/example_dags/example_trigger_target_dag.py
[2024-03-10T18:41:49.283+0000] {logging_mixin.py:188} INFO - [2024-03-10T18:41:49.283+0000] {dag.py:3047} INFO - Sync 1 DAGs
[2024-03-10T18:41:49.302+0000] {logging_mixin.py:188} INFO - [2024-03-10T18:41:49.302+0000] {dag.py:3834} INFO - Setting next_dagrun for example_trigger_target_dag to None, run_after=None
[2024-03-10T18:41:49.328+0000] {processor.py:183} INFO - Processing /home/airflow/.local/lib/python3.8/site-packages/airflow/example_dags/example_trigger_target_dag.py took 0.132 seconds
[2024-03-10T18:42:28.625+0000] {processor.py:161} INFO - Started process (PID=4485) to work on /home/airflow/.local/lib/python3.8/site-packages/airflow/example_dags/example_trigger_target_dag.py
[2024-03-10T18:42:28.646+0000] {processor.py:830} INFO - Processing file /home/airflow/.local/lib/python3.8/site-packages/airflow/example_dags/example_trigger_target_dag.py for tasks to queue
[2024-03-10T18:42:28.690+0000] {logging_mixin.py:188} INFO - [2024-03-10T18:42:28.687+0000] {dagbag.py:540} INFO - Filling up the DagBag from /home/airflow/.local/lib/python3.8/site-packages/airflow/example_dags/example_trigger_target_dag.py
[2024-03-10T18:42:28.892+0000] {processor.py:840} INFO - DAG(s) 'example_trigger_target_dag' retrieved from /home/airflow/.local/lib/python3.8/site-packages/airflow/example_dags/example_trigger_target_dag.py
[2024-03-10T18:42:29.389+0000] {logging_mixin.py:188} INFO - [2024-03-10T18:42:29.385+0000] {dag.py:3047} INFO - Sync 1 DAGs
[2024-03-10T18:42:29.585+0000] {logging_mixin.py:188} INFO - [2024-03-10T18:42:29.584+0000] {dag.py:3834} INFO - Setting next_dagrun for example_trigger_target_dag to None, run_after=None
[2024-03-10T18:42:30.194+0000] {processor.py:183} INFO - Processing /home/airflow/.local/lib/python3.8/site-packages/airflow/example_dags/example_trigger_target_dag.py took 1.787 seconds
[2024-03-10T18:43:23.357+0000] {processor.py:161} INFO - Started process (PID=4716) to work on /home/airflow/.local/lib/python3.8/site-packages/airflow/example_dags/example_trigger_target_dag.py
[2024-03-10T18:43:23.364+0000] {processor.py:830} INFO - Processing file /home/airflow/.local/lib/python3.8/site-packages/airflow/example_dags/example_trigger_target_dag.py for tasks to queue
[2024-03-10T18:43:23.370+0000] {logging_mixin.py:188} INFO - [2024-03-10T18:43:23.368+0000] {dagbag.py:540} INFO - Filling up the DagBag from /home/airflow/.local/lib/python3.8/site-packages/airflow/example_dags/example_trigger_target_dag.py
[2024-03-10T18:43:23.423+0000] {processor.py:840} INFO - DAG(s) 'example_trigger_target_dag' retrieved from /home/airflow/.local/lib/python3.8/site-packages/airflow/example_dags/example_trigger_target_dag.py
[2024-03-10T18:43:23.745+0000] {logging_mixin.py:188} INFO - [2024-03-10T18:43:23.744+0000] {dag.py:3047} INFO - Sync 1 DAGs
[2024-03-10T18:43:23.815+0000] {logging_mixin.py:188} INFO - [2024-03-10T18:43:23.815+0000] {dag.py:3834} INFO - Setting next_dagrun for example_trigger_target_dag to None, run_after=None
[2024-03-10T18:43:23.959+0000] {processor.py:183} INFO - Processing /home/airflow/.local/lib/python3.8/site-packages/airflow/example_dags/example_trigger_target_dag.py took 0.633 seconds
[2024-03-10T18:46:20.188+0000] {processor.py:161} INFO - Started process (PID=4968) to work on /home/airflow/.local/lib/python3.8/site-packages/airflow/example_dags/example_trigger_target_dag.py
[2024-03-10T18:46:22.978+0000] {processor.py:830} INFO - Processing file /home/airflow/.local/lib/python3.8/site-packages/airflow/example_dags/example_trigger_target_dag.py for tasks to queue
[2024-03-10T18:46:23.454+0000] {logging_mixin.py:188} INFO - [2024-03-10T18:46:23.348+0000] {dagbag.py:540} INFO - Filling up the DagBag from /home/airflow/.local/lib/python3.8/site-packages/airflow/example_dags/example_trigger_target_dag.py
[2024-03-10T18:46:24.598+0000] {processor.py:840} INFO - DAG(s) 'example_trigger_target_dag' retrieved from /home/airflow/.local/lib/python3.8/site-packages/airflow/example_dags/example_trigger_target_dag.py
[2024-03-10T18:46:27.705+0000] {logging_mixin.py:188} INFO - [2024-03-10T18:46:27.635+0000] {dag.py:3047} INFO - Sync 1 DAGs
[2024-03-10T18:46:28.376+0000] {logging_mixin.py:188} INFO - [2024-03-10T18:46:28.340+0000] {dag.py:3834} INFO - Setting next_dagrun for example_trigger_target_dag to None, run_after=None
[2024-03-10T18:46:29.863+0000] {processor.py:183} INFO - Processing /home/airflow/.local/lib/python3.8/site-packages/airflow/example_dags/example_trigger_target_dag.py took 12.292 seconds
