[2024-03-10T18:33:08.890+0000] {processor.py:161} INFO - Started process (PID=293) to work on /home/airflow/.local/lib/python3.8/site-packages/airflow/example_dags/example_branch_python_dop_operator_3.py
[2024-03-10T18:33:08.894+0000] {processor.py:830} INFO - Processing file /home/airflow/.local/lib/python3.8/site-packages/airflow/example_dags/example_branch_python_dop_operator_3.py for tasks to queue
[2024-03-10T18:33:08.898+0000] {logging_mixin.py:188} INFO - [2024-03-10T18:33:08.897+0000] {dagbag.py:540} INFO - Filling up the DagBag from /home/airflow/.local/lib/python3.8/site-packages/airflow/example_dags/example_branch_python_dop_operator_3.py
[2024-03-10T18:33:08.963+0000] {processor.py:840} INFO - DAG(s) 'example_branch_dop_operator_v3' retrieved from /home/airflow/.local/lib/python3.8/site-packages/airflow/example_dags/example_branch_python_dop_operator_3.py
[2024-03-10T18:33:09.378+0000] {logging_mixin.py:188} INFO - [2024-03-10T18:33:09.377+0000] {override.py:1769} INFO - Created Permission View: can delete on DAG:example_branch_dop_operator_v3
[2024-03-10T18:33:09.418+0000] {logging_mixin.py:188} INFO - [2024-03-10T18:33:09.418+0000] {override.py:1769} INFO - Created Permission View: can edit on DAG:example_branch_dop_operator_v3
[2024-03-10T18:33:09.456+0000] {logging_mixin.py:188} INFO - [2024-03-10T18:33:09.453+0000] {override.py:1769} INFO - Created Permission View: can read on DAG:example_branch_dop_operator_v3
[2024-03-10T18:33:09.487+0000] {logging_mixin.py:188} INFO - [2024-03-10T18:33:09.480+0000] {dag.py:3047} INFO - Sync 1 DAGs
[2024-03-10T18:33:09.530+0000] {logging_mixin.py:188} INFO - [2024-03-10T18:33:09.530+0000] {dag.py:3069} INFO - Creating ORM DAG for example_branch_dop_operator_v3
[2024-03-10T18:33:09.630+0000] {logging_mixin.py:188} INFO - [2024-03-10T18:33:09.629+0000] {dag.py:3834} INFO - Setting next_dagrun for example_branch_dop_operator_v3 to 2024-03-10 18:32:00+00:00, run_after=2024-03-10 18:33:00+00:00
[2024-03-10T18:33:09.718+0000] {processor.py:183} INFO - Processing /home/airflow/.local/lib/python3.8/site-packages/airflow/example_dags/example_branch_python_dop_operator_3.py took 0.841 seconds
[2024-03-10T18:33:45.995+0000] {processor.py:161} INFO - Started process (PID=538) to work on /home/airflow/.local/lib/python3.8/site-packages/airflow/example_dags/example_branch_python_dop_operator_3.py
[2024-03-10T18:33:46.025+0000] {processor.py:830} INFO - Processing file /home/airflow/.local/lib/python3.8/site-packages/airflow/example_dags/example_branch_python_dop_operator_3.py for tasks to queue
[2024-03-10T18:33:46.032+0000] {logging_mixin.py:188} INFO - [2024-03-10T18:33:46.031+0000] {dagbag.py:540} INFO - Filling up the DagBag from /home/airflow/.local/lib/python3.8/site-packages/airflow/example_dags/example_branch_python_dop_operator_3.py
[2024-03-10T18:33:46.041+0000] {processor.py:840} INFO - DAG(s) 'example_branch_dop_operator_v3' retrieved from /home/airflow/.local/lib/python3.8/site-packages/airflow/example_dags/example_branch_python_dop_operator_3.py
[2024-03-10T18:33:46.091+0000] {logging_mixin.py:188} INFO - [2024-03-10T18:33:46.090+0000] {dag.py:3047} INFO - Sync 1 DAGs
[2024-03-10T18:33:46.123+0000] {logging_mixin.py:188} INFO - [2024-03-10T18:33:46.123+0000] {dag.py:3834} INFO - Setting next_dagrun for example_branch_dop_operator_v3 to 2024-03-10 18:32:00+00:00, run_after=2024-03-10 18:33:00+00:00
[2024-03-10T18:33:46.192+0000] {processor.py:183} INFO - Processing /home/airflow/.local/lib/python3.8/site-packages/airflow/example_dags/example_branch_python_dop_operator_3.py took 0.200 seconds
[2024-03-10T18:34:17.517+0000] {processor.py:161} INFO - Started process (PID=785) to work on /home/airflow/.local/lib/python3.8/site-packages/airflow/example_dags/example_branch_python_dop_operator_3.py
[2024-03-10T18:34:17.525+0000] {processor.py:830} INFO - Processing file /home/airflow/.local/lib/python3.8/site-packages/airflow/example_dags/example_branch_python_dop_operator_3.py for tasks to queue
[2024-03-10T18:34:17.534+0000] {logging_mixin.py:188} INFO - [2024-03-10T18:34:17.533+0000] {dagbag.py:540} INFO - Filling up the DagBag from /home/airflow/.local/lib/python3.8/site-packages/airflow/example_dags/example_branch_python_dop_operator_3.py
[2024-03-10T18:34:17.554+0000] {processor.py:840} INFO - DAG(s) 'example_branch_dop_operator_v3' retrieved from /home/airflow/.local/lib/python3.8/site-packages/airflow/example_dags/example_branch_python_dop_operator_3.py
[2024-03-10T18:34:17.607+0000] {logging_mixin.py:188} INFO - [2024-03-10T18:34:17.607+0000] {dag.py:3047} INFO - Sync 1 DAGs
[2024-03-10T18:34:17.655+0000] {logging_mixin.py:188} INFO - [2024-03-10T18:34:17.654+0000] {dag.py:3834} INFO - Setting next_dagrun for example_branch_dop_operator_v3 to 2024-03-10 18:33:00+00:00, run_after=2024-03-10 18:34:00+00:00
[2024-03-10T18:34:17.682+0000] {processor.py:183} INFO - Processing /home/airflow/.local/lib/python3.8/site-packages/airflow/example_dags/example_branch_python_dop_operator_3.py took 0.170 seconds
[2024-03-10T18:34:51.435+0000] {processor.py:161} INFO - Started process (PID=1033) to work on /home/airflow/.local/lib/python3.8/site-packages/airflow/example_dags/example_branch_python_dop_operator_3.py
[2024-03-10T18:34:51.443+0000] {processor.py:830} INFO - Processing file /home/airflow/.local/lib/python3.8/site-packages/airflow/example_dags/example_branch_python_dop_operator_3.py for tasks to queue
[2024-03-10T18:34:51.450+0000] {logging_mixin.py:188} INFO - [2024-03-10T18:34:51.448+0000] {dagbag.py:540} INFO - Filling up the DagBag from /home/airflow/.local/lib/python3.8/site-packages/airflow/example_dags/example_branch_python_dop_operator_3.py
[2024-03-10T18:34:51.478+0000] {processor.py:840} INFO - DAG(s) 'example_branch_dop_operator_v3' retrieved from /home/airflow/.local/lib/python3.8/site-packages/airflow/example_dags/example_branch_python_dop_operator_3.py
[2024-03-10T18:34:51.574+0000] {logging_mixin.py:188} INFO - [2024-03-10T18:34:51.574+0000] {dag.py:3047} INFO - Sync 1 DAGs
[2024-03-10T18:34:51.648+0000] {logging_mixin.py:188} INFO - [2024-03-10T18:34:51.648+0000] {dag.py:3834} INFO - Setting next_dagrun for example_branch_dop_operator_v3 to 2024-03-10 18:33:00+00:00, run_after=2024-03-10 18:34:00+00:00
[2024-03-10T18:34:51.726+0000] {processor.py:183} INFO - Processing /home/airflow/.local/lib/python3.8/site-packages/airflow/example_dags/example_branch_python_dop_operator_3.py took 0.308 seconds
[2024-03-10T18:35:24.438+0000] {processor.py:161} INFO - Started process (PID=1282) to work on /home/airflow/.local/lib/python3.8/site-packages/airflow/example_dags/example_branch_python_dop_operator_3.py
[2024-03-10T18:35:24.442+0000] {processor.py:830} INFO - Processing file /home/airflow/.local/lib/python3.8/site-packages/airflow/example_dags/example_branch_python_dop_operator_3.py for tasks to queue
[2024-03-10T18:35:24.457+0000] {logging_mixin.py:188} INFO - [2024-03-10T18:35:24.453+0000] {dagbag.py:540} INFO - Filling up the DagBag from /home/airflow/.local/lib/python3.8/site-packages/airflow/example_dags/example_branch_python_dop_operator_3.py
[2024-03-10T18:35:24.480+0000] {processor.py:840} INFO - DAG(s) 'example_branch_dop_operator_v3' retrieved from /home/airflow/.local/lib/python3.8/site-packages/airflow/example_dags/example_branch_python_dop_operator_3.py
[2024-03-10T18:35:24.527+0000] {logging_mixin.py:188} INFO - [2024-03-10T18:35:24.526+0000] {dag.py:3047} INFO - Sync 1 DAGs
[2024-03-10T18:35:24.581+0000] {logging_mixin.py:188} INFO - [2024-03-10T18:35:24.580+0000] {dag.py:3834} INFO - Setting next_dagrun for example_branch_dop_operator_v3 to 2024-03-10 18:34:00+00:00, run_after=2024-03-10 18:35:00+00:00
[2024-03-10T18:35:24.614+0000] {processor.py:183} INFO - Processing /home/airflow/.local/lib/python3.8/site-packages/airflow/example_dags/example_branch_python_dop_operator_3.py took 0.182 seconds
[2024-03-10T18:35:56.204+0000] {processor.py:161} INFO - Started process (PID=1527) to work on /home/airflow/.local/lib/python3.8/site-packages/airflow/example_dags/example_branch_python_dop_operator_3.py
[2024-03-10T18:35:56.216+0000] {processor.py:830} INFO - Processing file /home/airflow/.local/lib/python3.8/site-packages/airflow/example_dags/example_branch_python_dop_operator_3.py for tasks to queue
[2024-03-10T18:35:56.227+0000] {logging_mixin.py:188} INFO - [2024-03-10T18:35:56.226+0000] {dagbag.py:540} INFO - Filling up the DagBag from /home/airflow/.local/lib/python3.8/site-packages/airflow/example_dags/example_branch_python_dop_operator_3.py
[2024-03-10T18:35:56.307+0000] {processor.py:840} INFO - DAG(s) 'example_branch_dop_operator_v3' retrieved from /home/airflow/.local/lib/python3.8/site-packages/airflow/example_dags/example_branch_python_dop_operator_3.py
[2024-03-10T18:35:56.523+0000] {logging_mixin.py:188} INFO - [2024-03-10T18:35:56.523+0000] {dag.py:3047} INFO - Sync 1 DAGs
[2024-03-10T18:35:56.584+0000] {logging_mixin.py:188} INFO - [2024-03-10T18:35:56.583+0000] {dag.py:3834} INFO - Setting next_dagrun for example_branch_dop_operator_v3 to 2024-03-10 18:34:00+00:00, run_after=2024-03-10 18:35:00+00:00
[2024-03-10T18:35:56.645+0000] {processor.py:183} INFO - Processing /home/airflow/.local/lib/python3.8/site-packages/airflow/example_dags/example_branch_python_dop_operator_3.py took 0.471 seconds
[2024-03-10T18:36:27.271+0000] {processor.py:161} INFO - Started process (PID=1770) to work on /home/airflow/.local/lib/python3.8/site-packages/airflow/example_dags/example_branch_python_dop_operator_3.py
[2024-03-10T18:36:27.276+0000] {processor.py:830} INFO - Processing file /home/airflow/.local/lib/python3.8/site-packages/airflow/example_dags/example_branch_python_dop_operator_3.py for tasks to queue
[2024-03-10T18:36:27.284+0000] {logging_mixin.py:188} INFO - [2024-03-10T18:36:27.281+0000] {dagbag.py:540} INFO - Filling up the DagBag from /home/airflow/.local/lib/python3.8/site-packages/airflow/example_dags/example_branch_python_dop_operator_3.py
[2024-03-10T18:36:27.336+0000] {processor.py:840} INFO - DAG(s) 'example_branch_dop_operator_v3' retrieved from /home/airflow/.local/lib/python3.8/site-packages/airflow/example_dags/example_branch_python_dop_operator_3.py
[2024-03-10T18:36:27.462+0000] {logging_mixin.py:188} INFO - [2024-03-10T18:36:27.461+0000] {dag.py:3047} INFO - Sync 1 DAGs
[2024-03-10T18:36:27.555+0000] {logging_mixin.py:188} INFO - [2024-03-10T18:36:27.555+0000] {dag.py:3834} INFO - Setting next_dagrun for example_branch_dop_operator_v3 to 2024-03-10 18:35:00+00:00, run_after=2024-03-10 18:36:00+00:00
[2024-03-10T18:36:27.655+0000] {processor.py:183} INFO - Processing /home/airflow/.local/lib/python3.8/site-packages/airflow/example_dags/example_branch_python_dop_operator_3.py took 0.397 seconds
[2024-03-10T18:37:00.083+0000] {processor.py:161} INFO - Started process (PID=2015) to work on /home/airflow/.local/lib/python3.8/site-packages/airflow/example_dags/example_branch_python_dop_operator_3.py
[2024-03-10T18:37:00.091+0000] {processor.py:830} INFO - Processing file /home/airflow/.local/lib/python3.8/site-packages/airflow/example_dags/example_branch_python_dop_operator_3.py for tasks to queue
[2024-03-10T18:37:00.095+0000] {logging_mixin.py:188} INFO - [2024-03-10T18:37:00.094+0000] {dagbag.py:540} INFO - Filling up the DagBag from /home/airflow/.local/lib/python3.8/site-packages/airflow/example_dags/example_branch_python_dop_operator_3.py
[2024-03-10T18:37:00.124+0000] {processor.py:840} INFO - DAG(s) 'example_branch_dop_operator_v3' retrieved from /home/airflow/.local/lib/python3.8/site-packages/airflow/example_dags/example_branch_python_dop_operator_3.py
[2024-03-10T18:37:00.253+0000] {logging_mixin.py:188} INFO - [2024-03-10T18:37:00.252+0000] {dag.py:3047} INFO - Sync 1 DAGs
[2024-03-10T18:37:00.351+0000] {logging_mixin.py:188} INFO - [2024-03-10T18:37:00.351+0000] {dag.py:3834} INFO - Setting next_dagrun for example_branch_dop_operator_v3 to 2024-03-10 18:36:00+00:00, run_after=2024-03-10 18:37:00+00:00
[2024-03-10T18:37:00.434+0000] {processor.py:183} INFO - Processing /home/airflow/.local/lib/python3.8/site-packages/airflow/example_dags/example_branch_python_dop_operator_3.py took 0.372 seconds
[2024-03-10T18:37:31.105+0000] {processor.py:161} INFO - Started process (PID=2262) to work on /home/airflow/.local/lib/python3.8/site-packages/airflow/example_dags/example_branch_python_dop_operator_3.py
[2024-03-10T18:37:31.113+0000] {processor.py:830} INFO - Processing file /home/airflow/.local/lib/python3.8/site-packages/airflow/example_dags/example_branch_python_dop_operator_3.py for tasks to queue
[2024-03-10T18:37:31.120+0000] {logging_mixin.py:188} INFO - [2024-03-10T18:37:31.117+0000] {dagbag.py:540} INFO - Filling up the DagBag from /home/airflow/.local/lib/python3.8/site-packages/airflow/example_dags/example_branch_python_dop_operator_3.py
[2024-03-10T18:37:31.143+0000] {processor.py:840} INFO - DAG(s) 'example_branch_dop_operator_v3' retrieved from /home/airflow/.local/lib/python3.8/site-packages/airflow/example_dags/example_branch_python_dop_operator_3.py
[2024-03-10T18:37:31.218+0000] {logging_mixin.py:188} INFO - [2024-03-10T18:37:31.216+0000] {dag.py:3047} INFO - Sync 1 DAGs
[2024-03-10T18:37:31.290+0000] {logging_mixin.py:188} INFO - [2024-03-10T18:37:31.290+0000] {dag.py:3834} INFO - Setting next_dagrun for example_branch_dop_operator_v3 to 2024-03-10 18:36:00+00:00, run_after=2024-03-10 18:37:00+00:00
[2024-03-10T18:37:31.331+0000] {processor.py:183} INFO - Processing /home/airflow/.local/lib/python3.8/site-packages/airflow/example_dags/example_branch_python_dop_operator_3.py took 0.232 seconds
[2024-03-10T18:38:01.736+0000] {processor.py:161} INFO - Started process (PID=2510) to work on /home/airflow/.local/lib/python3.8/site-packages/airflow/example_dags/example_branch_python_dop_operator_3.py
[2024-03-10T18:38:01.741+0000] {processor.py:830} INFO - Processing file /home/airflow/.local/lib/python3.8/site-packages/airflow/example_dags/example_branch_python_dop_operator_3.py for tasks to queue
[2024-03-10T18:38:01.744+0000] {logging_mixin.py:188} INFO - [2024-03-10T18:38:01.743+0000] {dagbag.py:540} INFO - Filling up the DagBag from /home/airflow/.local/lib/python3.8/site-packages/airflow/example_dags/example_branch_python_dop_operator_3.py
[2024-03-10T18:38:01.765+0000] {processor.py:840} INFO - DAG(s) 'example_branch_dop_operator_v3' retrieved from /home/airflow/.local/lib/python3.8/site-packages/airflow/example_dags/example_branch_python_dop_operator_3.py
[2024-03-10T18:38:01.915+0000] {logging_mixin.py:188} INFO - [2024-03-10T18:38:01.914+0000] {dag.py:3047} INFO - Sync 1 DAGs
[2024-03-10T18:38:02.103+0000] {logging_mixin.py:188} INFO - [2024-03-10T18:38:02.102+0000] {dag.py:3834} INFO - Setting next_dagrun for example_branch_dop_operator_v3 to 2024-03-10 18:37:00+00:00, run_after=2024-03-10 18:38:00+00:00
[2024-03-10T18:38:02.163+0000] {processor.py:183} INFO - Processing /home/airflow/.local/lib/python3.8/site-packages/airflow/example_dags/example_branch_python_dop_operator_3.py took 0.446 seconds
[2024-03-10T18:38:33.661+0000] {processor.py:161} INFO - Started process (PID=2759) to work on /home/airflow/.local/lib/python3.8/site-packages/airflow/example_dags/example_branch_python_dop_operator_3.py
[2024-03-10T18:38:33.669+0000] {processor.py:830} INFO - Processing file /home/airflow/.local/lib/python3.8/site-packages/airflow/example_dags/example_branch_python_dop_operator_3.py for tasks to queue
[2024-03-10T18:38:33.689+0000] {logging_mixin.py:188} INFO - [2024-03-10T18:38:33.686+0000] {dagbag.py:540} INFO - Filling up the DagBag from /home/airflow/.local/lib/python3.8/site-packages/airflow/example_dags/example_branch_python_dop_operator_3.py
[2024-03-10T18:38:33.728+0000] {processor.py:840} INFO - DAG(s) 'example_branch_dop_operator_v3' retrieved from /home/airflow/.local/lib/python3.8/site-packages/airflow/example_dags/example_branch_python_dop_operator_3.py
[2024-03-10T18:38:33.813+0000] {logging_mixin.py:188} INFO - [2024-03-10T18:38:33.813+0000] {dag.py:3047} INFO - Sync 1 DAGs
[2024-03-10T18:38:33.856+0000] {logging_mixin.py:188} INFO - [2024-03-10T18:38:33.856+0000] {dag.py:3834} INFO - Setting next_dagrun for example_branch_dop_operator_v3 to 2024-03-10 18:37:00+00:00, run_after=2024-03-10 18:38:00+00:00
[2024-03-10T18:38:33.887+0000] {processor.py:183} INFO - Processing /home/airflow/.local/lib/python3.8/site-packages/airflow/example_dags/example_branch_python_dop_operator_3.py took 0.241 seconds
[2024-03-10T18:39:04.137+0000] {processor.py:161} INFO - Started process (PID=3004) to work on /home/airflow/.local/lib/python3.8/site-packages/airflow/example_dags/example_branch_python_dop_operator_3.py
[2024-03-10T18:39:04.143+0000] {processor.py:830} INFO - Processing file /home/airflow/.local/lib/python3.8/site-packages/airflow/example_dags/example_branch_python_dop_operator_3.py for tasks to queue
[2024-03-10T18:39:04.163+0000] {logging_mixin.py:188} INFO - [2024-03-10T18:39:04.161+0000] {dagbag.py:540} INFO - Filling up the DagBag from /home/airflow/.local/lib/python3.8/site-packages/airflow/example_dags/example_branch_python_dop_operator_3.py
[2024-03-10T18:39:04.207+0000] {processor.py:840} INFO - DAG(s) 'example_branch_dop_operator_v3' retrieved from /home/airflow/.local/lib/python3.8/site-packages/airflow/example_dags/example_branch_python_dop_operator_3.py
[2024-03-10T18:39:04.508+0000] {logging_mixin.py:188} INFO - [2024-03-10T18:39:04.505+0000] {dag.py:3047} INFO - Sync 1 DAGs
[2024-03-10T18:39:04.891+0000] {logging_mixin.py:188} INFO - [2024-03-10T18:39:04.882+0000] {dag.py:3834} INFO - Setting next_dagrun for example_branch_dop_operator_v3 to 2024-03-10 18:38:00+00:00, run_after=2024-03-10 18:39:00+00:00
[2024-03-10T18:39:05.026+0000] {processor.py:183} INFO - Processing /home/airflow/.local/lib/python3.8/site-packages/airflow/example_dags/example_branch_python_dop_operator_3.py took 0.899 seconds
[2024-03-10T18:39:42.881+0000] {processor.py:161} INFO - Started process (PID=3263) to work on /home/airflow/.local/lib/python3.8/site-packages/airflow/example_dags/example_branch_python_dop_operator_3.py
[2024-03-10T18:39:42.885+0000] {processor.py:830} INFO - Processing file /home/airflow/.local/lib/python3.8/site-packages/airflow/example_dags/example_branch_python_dop_operator_3.py for tasks to queue
[2024-03-10T18:39:42.889+0000] {logging_mixin.py:188} INFO - [2024-03-10T18:39:42.888+0000] {dagbag.py:540} INFO - Filling up the DagBag from /home/airflow/.local/lib/python3.8/site-packages/airflow/example_dags/example_branch_python_dop_operator_3.py
[2024-03-10T18:39:42.915+0000] {processor.py:840} INFO - DAG(s) 'example_branch_dop_operator_v3' retrieved from /home/airflow/.local/lib/python3.8/site-packages/airflow/example_dags/example_branch_python_dop_operator_3.py
[2024-03-10T18:39:43.061+0000] {logging_mixin.py:188} INFO - [2024-03-10T18:39:43.060+0000] {dag.py:3047} INFO - Sync 1 DAGs
[2024-03-10T18:39:43.272+0000] {logging_mixin.py:188} INFO - [2024-03-10T18:39:43.271+0000] {dag.py:3834} INFO - Setting next_dagrun for example_branch_dop_operator_v3 to 2024-03-10 18:38:00+00:00, run_after=2024-03-10 18:39:00+00:00
[2024-03-10T18:39:43.408+0000] {processor.py:183} INFO - Processing /home/airflow/.local/lib/python3.8/site-packages/airflow/example_dags/example_branch_python_dop_operator_3.py took 0.537 seconds
[2024-03-10T18:40:13.841+0000] {processor.py:161} INFO - Started process (PID=3514) to work on /home/airflow/.local/lib/python3.8/site-packages/airflow/example_dags/example_branch_python_dop_operator_3.py
[2024-03-10T18:40:13.846+0000] {processor.py:830} INFO - Processing file /home/airflow/.local/lib/python3.8/site-packages/airflow/example_dags/example_branch_python_dop_operator_3.py for tasks to queue
[2024-03-10T18:40:13.849+0000] {logging_mixin.py:188} INFO - [2024-03-10T18:40:13.848+0000] {dagbag.py:540} INFO - Filling up the DagBag from /home/airflow/.local/lib/python3.8/site-packages/airflow/example_dags/example_branch_python_dop_operator_3.py
[2024-03-10T18:40:13.885+0000] {processor.py:840} INFO - DAG(s) 'example_branch_dop_operator_v3' retrieved from /home/airflow/.local/lib/python3.8/site-packages/airflow/example_dags/example_branch_python_dop_operator_3.py
[2024-03-10T18:40:14.182+0000] {logging_mixin.py:188} INFO - [2024-03-10T18:40:14.179+0000] {dag.py:3047} INFO - Sync 1 DAGs
[2024-03-10T18:40:14.292+0000] {logging_mixin.py:188} INFO - [2024-03-10T18:40:14.291+0000] {dag.py:3834} INFO - Setting next_dagrun for example_branch_dop_operator_v3 to 2024-03-10 18:39:00+00:00, run_after=2024-03-10 18:40:00+00:00
[2024-03-10T18:40:14.337+0000] {processor.py:183} INFO - Processing /home/airflow/.local/lib/python3.8/site-packages/airflow/example_dags/example_branch_python_dop_operator_3.py took 0.504 seconds
[2024-03-10T18:40:49.102+0000] {processor.py:161} INFO - Started process (PID=3766) to work on /home/airflow/.local/lib/python3.8/site-packages/airflow/example_dags/example_branch_python_dop_operator_3.py
[2024-03-10T18:40:49.116+0000] {processor.py:830} INFO - Processing file /home/airflow/.local/lib/python3.8/site-packages/airflow/example_dags/example_branch_python_dop_operator_3.py for tasks to queue
[2024-03-10T18:40:49.130+0000] {logging_mixin.py:188} INFO - [2024-03-10T18:40:49.124+0000] {dagbag.py:540} INFO - Filling up the DagBag from /home/airflow/.local/lib/python3.8/site-packages/airflow/example_dags/example_branch_python_dop_operator_3.py
[2024-03-10T18:40:49.184+0000] {processor.py:840} INFO - DAG(s) 'example_branch_dop_operator_v3' retrieved from /home/airflow/.local/lib/python3.8/site-packages/airflow/example_dags/example_branch_python_dop_operator_3.py
[2024-03-10T18:40:49.253+0000] {logging_mixin.py:188} INFO - [2024-03-10T18:40:49.250+0000] {dag.py:3047} INFO - Sync 1 DAGs
[2024-03-10T18:40:49.328+0000] {logging_mixin.py:188} INFO - [2024-03-10T18:40:49.328+0000] {dag.py:3834} INFO - Setting next_dagrun for example_branch_dop_operator_v3 to 2024-03-10 18:39:00+00:00, run_after=2024-03-10 18:40:00+00:00
[2024-03-10T18:40:49.441+0000] {processor.py:183} INFO - Processing /home/airflow/.local/lib/python3.8/site-packages/airflow/example_dags/example_branch_python_dop_operator_3.py took 0.354 seconds
[2024-03-10T18:41:19.559+0000] {processor.py:161} INFO - Started process (PID=4014) to work on /home/airflow/.local/lib/python3.8/site-packages/airflow/example_dags/example_branch_python_dop_operator_3.py
[2024-03-10T18:41:19.563+0000] {processor.py:830} INFO - Processing file /home/airflow/.local/lib/python3.8/site-packages/airflow/example_dags/example_branch_python_dop_operator_3.py for tasks to queue
[2024-03-10T18:41:19.566+0000] {logging_mixin.py:188} INFO - [2024-03-10T18:41:19.566+0000] {dagbag.py:540} INFO - Filling up the DagBag from /home/airflow/.local/lib/python3.8/site-packages/airflow/example_dags/example_branch_python_dop_operator_3.py
[2024-03-10T18:41:19.587+0000] {processor.py:840} INFO - DAG(s) 'example_branch_dop_operator_v3' retrieved from /home/airflow/.local/lib/python3.8/site-packages/airflow/example_dags/example_branch_python_dop_operator_3.py
[2024-03-10T18:41:20.303+0000] {logging_mixin.py:188} INFO - [2024-03-10T18:41:20.281+0000] {dag.py:3047} INFO - Sync 1 DAGs
[2024-03-10T18:41:20.459+0000] {logging_mixin.py:188} INFO - [2024-03-10T18:41:20.459+0000] {dag.py:3834} INFO - Setting next_dagrun for example_branch_dop_operator_v3 to 2024-03-10 18:40:00+00:00, run_after=2024-03-10 18:41:00+00:00
[2024-03-10T18:41:20.535+0000] {processor.py:183} INFO - Processing /home/airflow/.local/lib/python3.8/site-packages/airflow/example_dags/example_branch_python_dop_operator_3.py took 0.986 seconds
[2024-03-10T18:41:51.386+0000] {processor.py:161} INFO - Started process (PID=4263) to work on /home/airflow/.local/lib/python3.8/site-packages/airflow/example_dags/example_branch_python_dop_operator_3.py
[2024-03-10T18:41:51.392+0000] {processor.py:830} INFO - Processing file /home/airflow/.local/lib/python3.8/site-packages/airflow/example_dags/example_branch_python_dop_operator_3.py for tasks to queue
[2024-03-10T18:41:51.396+0000] {logging_mixin.py:188} INFO - [2024-03-10T18:41:51.395+0000] {dagbag.py:540} INFO - Filling up the DagBag from /home/airflow/.local/lib/python3.8/site-packages/airflow/example_dags/example_branch_python_dop_operator_3.py
[2024-03-10T18:41:51.440+0000] {processor.py:840} INFO - DAG(s) 'example_branch_dop_operator_v3' retrieved from /home/airflow/.local/lib/python3.8/site-packages/airflow/example_dags/example_branch_python_dop_operator_3.py
[2024-03-10T18:41:51.532+0000] {logging_mixin.py:188} INFO - [2024-03-10T18:41:51.531+0000] {dag.py:3047} INFO - Sync 1 DAGs
[2024-03-10T18:41:51.595+0000] {logging_mixin.py:188} INFO - [2024-03-10T18:41:51.595+0000] {dag.py:3834} INFO - Setting next_dagrun for example_branch_dop_operator_v3 to 2024-03-10 18:40:00+00:00, run_after=2024-03-10 18:41:00+00:00
[2024-03-10T18:41:51.635+0000] {processor.py:183} INFO - Processing /home/airflow/.local/lib/python3.8/site-packages/airflow/example_dags/example_branch_python_dop_operator_3.py took 0.259 seconds
[2024-03-10T18:42:33.451+0000] {processor.py:161} INFO - Started process (PID=4503) to work on /home/airflow/.local/lib/python3.8/site-packages/airflow/example_dags/example_branch_python_dop_operator_3.py
[2024-03-10T18:42:33.484+0000] {processor.py:830} INFO - Processing file /home/airflow/.local/lib/python3.8/site-packages/airflow/example_dags/example_branch_python_dop_operator_3.py for tasks to queue
[2024-03-10T18:42:33.496+0000] {logging_mixin.py:188} INFO - [2024-03-10T18:42:33.494+0000] {dagbag.py:540} INFO - Filling up the DagBag from /home/airflow/.local/lib/python3.8/site-packages/airflow/example_dags/example_branch_python_dop_operator_3.py
[2024-03-10T18:42:33.551+0000] {processor.py:840} INFO - DAG(s) 'example_branch_dop_operator_v3' retrieved from /home/airflow/.local/lib/python3.8/site-packages/airflow/example_dags/example_branch_python_dop_operator_3.py
[2024-03-10T18:42:34.709+0000] {logging_mixin.py:188} INFO - [2024-03-10T18:42:34.673+0000] {dag.py:3047} INFO - Sync 1 DAGs
[2024-03-10T18:42:35.206+0000] {logging_mixin.py:188} INFO - [2024-03-10T18:42:35.205+0000] {dag.py:3834} INFO - Setting next_dagrun for example_branch_dop_operator_v3 to 2024-03-10 18:41:00+00:00, run_after=2024-03-10 18:42:00+00:00
[2024-03-10T18:42:35.409+0000] {processor.py:183} INFO - Processing /home/airflow/.local/lib/python3.8/site-packages/airflow/example_dags/example_branch_python_dop_operator_3.py took 2.002 seconds
[2024-03-10T18:43:42.148+0000] {processor.py:161} INFO - Started process (PID=4791) to work on /home/airflow/.local/lib/python3.8/site-packages/airflow/example_dags/example_branch_python_dop_operator_3.py
[2024-03-10T18:43:42.305+0000] {processor.py:830} INFO - Processing file /home/airflow/.local/lib/python3.8/site-packages/airflow/example_dags/example_branch_python_dop_operator_3.py for tasks to queue
[2024-03-10T18:43:42.830+0000] {logging_mixin.py:188} INFO - [2024-03-10T18:43:42.765+0000] {dagbag.py:540} INFO - Filling up the DagBag from /home/airflow/.local/lib/python3.8/site-packages/airflow/example_dags/example_branch_python_dop_operator_3.py
[2024-03-10T18:43:43.941+0000] {processor.py:840} INFO - DAG(s) 'example_branch_dop_operator_v3' retrieved from /home/airflow/.local/lib/python3.8/site-packages/airflow/example_dags/example_branch_python_dop_operator_3.py
[2024-03-10T18:43:46.506+0000] {logging_mixin.py:188} INFO - [2024-03-10T18:43:46.496+0000] {dag.py:3047} INFO - Sync 1 DAGs
[2024-03-10T18:43:46.861+0000] {logging_mixin.py:188} INFO - [2024-03-10T18:43:46.860+0000] {dag.py:3834} INFO - Setting next_dagrun for example_branch_dop_operator_v3 to 2024-03-10 18:42:00+00:00, run_after=2024-03-10 18:43:00+00:00
[2024-03-10T18:43:47.113+0000] {processor.py:183} INFO - Processing /home/airflow/.local/lib/python3.8/site-packages/airflow/example_dags/example_branch_python_dop_operator_3.py took 5.292 seconds
