[2024-03-10T18:33:02.914+0000] {processor.py:161} INFO - Started process (PID=263) to work on /home/airflow/.local/lib/python3.8/site-packages/airflow/example_dags/example_local_kubernetes_executor.py
[2024-03-10T18:33:02.916+0000] {processor.py:830} INFO - Processing file /home/airflow/.local/lib/python3.8/site-packages/airflow/example_dags/example_local_kubernetes_executor.py for tasks to queue
[2024-03-10T18:33:02.918+0000] {logging_mixin.py:188} INFO - [2024-03-10T18:33:02.917+0000] {dagbag.py:540} INFO - Filling up the DagBag from /home/airflow/.local/lib/python3.8/site-packages/airflow/example_dags/example_local_kubernetes_executor.py
[2024-03-10T18:33:02.938+0000] {processor.py:840} INFO - DAG(s) 'example_local_kubernetes_executor' retrieved from /home/airflow/.local/lib/python3.8/site-packages/airflow/example_dags/example_local_kubernetes_executor.py
[2024-03-10T18:33:03.123+0000] {logging_mixin.py:188} INFO - [2024-03-10T18:33:03.122+0000] {override.py:1769} INFO - Created Permission View: can delete on DAG:example_local_kubernetes_executor
[2024-03-10T18:33:03.138+0000] {logging_mixin.py:188} INFO - [2024-03-10T18:33:03.137+0000] {override.py:1769} INFO - Created Permission View: can edit on DAG:example_local_kubernetes_executor
[2024-03-10T18:33:03.149+0000] {logging_mixin.py:188} INFO - [2024-03-10T18:33:03.147+0000] {override.py:1769} INFO - Created Permission View: can read on DAG:example_local_kubernetes_executor
[2024-03-10T18:33:03.151+0000] {logging_mixin.py:188} INFO - [2024-03-10T18:33:03.151+0000] {dag.py:3047} INFO - Sync 1 DAGs
[2024-03-10T18:33:03.163+0000] {logging_mixin.py:188} INFO - [2024-03-10T18:33:03.163+0000] {dag.py:3069} INFO - Creating ORM DAG for example_local_kubernetes_executor
[2024-03-10T18:33:03.165+0000] {logging_mixin.py:188} INFO - [2024-03-10T18:33:03.165+0000] {dag.py:3834} INFO - Setting next_dagrun for example_local_kubernetes_executor to None, run_after=None
[2024-03-10T18:33:03.179+0000] {processor.py:183} INFO - Processing /home/airflow/.local/lib/python3.8/site-packages/airflow/example_dags/example_local_kubernetes_executor.py took 0.269 seconds
[2024-03-10T18:33:45.191+0000] {processor.py:161} INFO - Started process (PID=508) to work on /home/airflow/.local/lib/python3.8/site-packages/airflow/example_dags/example_local_kubernetes_executor.py
[2024-03-10T18:33:45.196+0000] {processor.py:830} INFO - Processing file /home/airflow/.local/lib/python3.8/site-packages/airflow/example_dags/example_local_kubernetes_executor.py for tasks to queue
[2024-03-10T18:33:45.203+0000] {logging_mixin.py:188} INFO - [2024-03-10T18:33:45.202+0000] {dagbag.py:540} INFO - Filling up the DagBag from /home/airflow/.local/lib/python3.8/site-packages/airflow/example_dags/example_local_kubernetes_executor.py
[2024-03-10T18:33:45.228+0000] {processor.py:840} INFO - DAG(s) 'example_local_kubernetes_executor' retrieved from /home/airflow/.local/lib/python3.8/site-packages/airflow/example_dags/example_local_kubernetes_executor.py
[2024-03-10T18:33:45.277+0000] {logging_mixin.py:188} INFO - [2024-03-10T18:33:45.277+0000] {dag.py:3047} INFO - Sync 1 DAGs
[2024-03-10T18:33:45.290+0000] {logging_mixin.py:188} INFO - [2024-03-10T18:33:45.290+0000] {dag.py:3834} INFO - Setting next_dagrun for example_local_kubernetes_executor to None, run_after=None
[2024-03-10T18:33:45.372+0000] {processor.py:183} INFO - Processing /home/airflow/.local/lib/python3.8/site-packages/airflow/example_dags/example_local_kubernetes_executor.py took 0.185 seconds
[2024-03-10T18:34:16.716+0000] {processor.py:161} INFO - Started process (PID=757) to work on /home/airflow/.local/lib/python3.8/site-packages/airflow/example_dags/example_local_kubernetes_executor.py
[2024-03-10T18:34:16.728+0000] {processor.py:830} INFO - Processing file /home/airflow/.local/lib/python3.8/site-packages/airflow/example_dags/example_local_kubernetes_executor.py for tasks to queue
[2024-03-10T18:34:16.739+0000] {logging_mixin.py:188} INFO - [2024-03-10T18:34:16.732+0000] {dagbag.py:540} INFO - Filling up the DagBag from /home/airflow/.local/lib/python3.8/site-packages/airflow/example_dags/example_local_kubernetes_executor.py
[2024-03-10T18:34:16.874+0000] {processor.py:840} INFO - DAG(s) 'example_local_kubernetes_executor' retrieved from /home/airflow/.local/lib/python3.8/site-packages/airflow/example_dags/example_local_kubernetes_executor.py
[2024-03-10T18:34:17.127+0000] {logging_mixin.py:188} INFO - [2024-03-10T18:34:17.127+0000] {dag.py:3047} INFO - Sync 1 DAGs
[2024-03-10T18:34:17.145+0000] {logging_mixin.py:188} INFO - [2024-03-10T18:34:17.144+0000] {dag.py:3834} INFO - Setting next_dagrun for example_local_kubernetes_executor to None, run_after=None
[2024-03-10T18:34:17.166+0000] {processor.py:183} INFO - Processing /home/airflow/.local/lib/python3.8/site-packages/airflow/example_dags/example_local_kubernetes_executor.py took 0.465 seconds
[2024-03-10T18:34:49.041+0000] {processor.py:161} INFO - Started process (PID=1003) to work on /home/airflow/.local/lib/python3.8/site-packages/airflow/example_dags/example_local_kubernetes_executor.py
[2024-03-10T18:34:49.050+0000] {processor.py:830} INFO - Processing file /home/airflow/.local/lib/python3.8/site-packages/airflow/example_dags/example_local_kubernetes_executor.py for tasks to queue
[2024-03-10T18:34:49.087+0000] {logging_mixin.py:188} INFO - [2024-03-10T18:34:49.084+0000] {dagbag.py:540} INFO - Filling up the DagBag from /home/airflow/.local/lib/python3.8/site-packages/airflow/example_dags/example_local_kubernetes_executor.py
[2024-03-10T18:34:49.173+0000] {processor.py:840} INFO - DAG(s) 'example_local_kubernetes_executor' retrieved from /home/airflow/.local/lib/python3.8/site-packages/airflow/example_dags/example_local_kubernetes_executor.py
[2024-03-10T18:34:49.375+0000] {logging_mixin.py:188} INFO - [2024-03-10T18:34:49.375+0000] {dag.py:3047} INFO - Sync 1 DAGs
[2024-03-10T18:34:49.433+0000] {logging_mixin.py:188} INFO - [2024-03-10T18:34:49.432+0000] {dag.py:3834} INFO - Setting next_dagrun for example_local_kubernetes_executor to None, run_after=None
[2024-03-10T18:34:49.518+0000] {processor.py:183} INFO - Processing /home/airflow/.local/lib/python3.8/site-packages/airflow/example_dags/example_local_kubernetes_executor.py took 0.559 seconds
[2024-03-10T18:35:22.964+0000] {processor.py:161} INFO - Started process (PID=1252) to work on /home/airflow/.local/lib/python3.8/site-packages/airflow/example_dags/example_local_kubernetes_executor.py
[2024-03-10T18:35:22.967+0000] {processor.py:830} INFO - Processing file /home/airflow/.local/lib/python3.8/site-packages/airflow/example_dags/example_local_kubernetes_executor.py for tasks to queue
[2024-03-10T18:35:22.971+0000] {logging_mixin.py:188} INFO - [2024-03-10T18:35:22.969+0000] {dagbag.py:540} INFO - Filling up the DagBag from /home/airflow/.local/lib/python3.8/site-packages/airflow/example_dags/example_local_kubernetes_executor.py
[2024-03-10T18:35:23.006+0000] {processor.py:840} INFO - DAG(s) 'example_local_kubernetes_executor' retrieved from /home/airflow/.local/lib/python3.8/site-packages/airflow/example_dags/example_local_kubernetes_executor.py
[2024-03-10T18:35:23.086+0000] {logging_mixin.py:188} INFO - [2024-03-10T18:35:23.085+0000] {dag.py:3047} INFO - Sync 1 DAGs
[2024-03-10T18:35:23.108+0000] {logging_mixin.py:188} INFO - [2024-03-10T18:35:23.108+0000] {dag.py:3834} INFO - Setting next_dagrun for example_local_kubernetes_executor to None, run_after=None
[2024-03-10T18:35:23.133+0000] {processor.py:183} INFO - Processing /home/airflow/.local/lib/python3.8/site-packages/airflow/example_dags/example_local_kubernetes_executor.py took 0.176 seconds
[2024-03-10T18:35:53.675+0000] {processor.py:161} INFO - Started process (PID=1493) to work on /home/airflow/.local/lib/python3.8/site-packages/airflow/example_dags/example_local_kubernetes_executor.py
[2024-03-10T18:35:53.680+0000] {processor.py:830} INFO - Processing file /home/airflow/.local/lib/python3.8/site-packages/airflow/example_dags/example_local_kubernetes_executor.py for tasks to queue
[2024-03-10T18:35:53.685+0000] {logging_mixin.py:188} INFO - [2024-03-10T18:35:53.684+0000] {dagbag.py:540} INFO - Filling up the DagBag from /home/airflow/.local/lib/python3.8/site-packages/airflow/example_dags/example_local_kubernetes_executor.py
[2024-03-10T18:35:53.723+0000] {processor.py:840} INFO - DAG(s) 'example_local_kubernetes_executor' retrieved from /home/airflow/.local/lib/python3.8/site-packages/airflow/example_dags/example_local_kubernetes_executor.py
[2024-03-10T18:35:53.806+0000] {logging_mixin.py:188} INFO - [2024-03-10T18:35:53.806+0000] {dag.py:3047} INFO - Sync 1 DAGs
[2024-03-10T18:35:53.825+0000] {logging_mixin.py:188} INFO - [2024-03-10T18:35:53.825+0000] {dag.py:3834} INFO - Setting next_dagrun for example_local_kubernetes_executor to None, run_after=None
[2024-03-10T18:35:53.884+0000] {processor.py:183} INFO - Processing /home/airflow/.local/lib/python3.8/site-packages/airflow/example_dags/example_local_kubernetes_executor.py took 0.216 seconds
[2024-03-10T18:36:24.298+0000] {processor.py:161} INFO - Started process (PID=1740) to work on /home/airflow/.local/lib/python3.8/site-packages/airflow/example_dags/example_local_kubernetes_executor.py
[2024-03-10T18:36:24.303+0000] {processor.py:830} INFO - Processing file /home/airflow/.local/lib/python3.8/site-packages/airflow/example_dags/example_local_kubernetes_executor.py for tasks to queue
[2024-03-10T18:36:24.308+0000] {logging_mixin.py:188} INFO - [2024-03-10T18:36:24.307+0000] {dagbag.py:540} INFO - Filling up the DagBag from /home/airflow/.local/lib/python3.8/site-packages/airflow/example_dags/example_local_kubernetes_executor.py
[2024-03-10T18:36:24.339+0000] {processor.py:840} INFO - DAG(s) 'example_local_kubernetes_executor' retrieved from /home/airflow/.local/lib/python3.8/site-packages/airflow/example_dags/example_local_kubernetes_executor.py
[2024-03-10T18:36:24.440+0000] {logging_mixin.py:188} INFO - [2024-03-10T18:36:24.439+0000] {dag.py:3047} INFO - Sync 1 DAGs
[2024-03-10T18:36:24.472+0000] {logging_mixin.py:188} INFO - [2024-03-10T18:36:24.471+0000] {dag.py:3834} INFO - Setting next_dagrun for example_local_kubernetes_executor to None, run_after=None
[2024-03-10T18:36:24.524+0000] {processor.py:183} INFO - Processing /home/airflow/.local/lib/python3.8/site-packages/airflow/example_dags/example_local_kubernetes_executor.py took 0.235 seconds
[2024-03-10T18:36:58.018+0000] {processor.py:161} INFO - Started process (PID=1985) to work on /home/airflow/.local/lib/python3.8/site-packages/airflow/example_dags/example_local_kubernetes_executor.py
[2024-03-10T18:36:58.097+0000] {processor.py:830} INFO - Processing file /home/airflow/.local/lib/python3.8/site-packages/airflow/example_dags/example_local_kubernetes_executor.py for tasks to queue
[2024-03-10T18:36:58.213+0000] {logging_mixin.py:188} INFO - [2024-03-10T18:36:58.197+0000] {dagbag.py:540} INFO - Filling up the DagBag from /home/airflow/.local/lib/python3.8/site-packages/airflow/example_dags/example_local_kubernetes_executor.py
[2024-03-10T18:36:58.384+0000] {processor.py:840} INFO - DAG(s) 'example_local_kubernetes_executor' retrieved from /home/airflow/.local/lib/python3.8/site-packages/airflow/example_dags/example_local_kubernetes_executor.py
[2024-03-10T18:36:58.768+0000] {logging_mixin.py:188} INFO - [2024-03-10T18:36:58.762+0000] {dag.py:3047} INFO - Sync 1 DAGs
[2024-03-10T18:36:58.860+0000] {logging_mixin.py:188} INFO - [2024-03-10T18:36:58.858+0000] {dag.py:3834} INFO - Setting next_dagrun for example_local_kubernetes_executor to None, run_after=None
[2024-03-10T18:36:58.986+0000] {processor.py:183} INFO - Processing /home/airflow/.local/lib/python3.8/site-packages/airflow/example_dags/example_local_kubernetes_executor.py took 1.035 seconds
[2024-03-10T18:37:29.412+0000] {processor.py:161} INFO - Started process (PID=2234) to work on /home/airflow/.local/lib/python3.8/site-packages/airflow/example_dags/example_local_kubernetes_executor.py
[2024-03-10T18:37:29.426+0000] {processor.py:830} INFO - Processing file /home/airflow/.local/lib/python3.8/site-packages/airflow/example_dags/example_local_kubernetes_executor.py for tasks to queue
[2024-03-10T18:37:29.448+0000] {logging_mixin.py:188} INFO - [2024-03-10T18:37:29.448+0000] {dagbag.py:540} INFO - Filling up the DagBag from /home/airflow/.local/lib/python3.8/site-packages/airflow/example_dags/example_local_kubernetes_executor.py
[2024-03-10T18:37:29.567+0000] {processor.py:840} INFO - DAG(s) 'example_local_kubernetes_executor' retrieved from /home/airflow/.local/lib/python3.8/site-packages/airflow/example_dags/example_local_kubernetes_executor.py
[2024-03-10T18:37:29.668+0000] {logging_mixin.py:188} INFO - [2024-03-10T18:37:29.667+0000] {dag.py:3047} INFO - Sync 1 DAGs
[2024-03-10T18:37:29.701+0000] {logging_mixin.py:188} INFO - [2024-03-10T18:37:29.701+0000] {dag.py:3834} INFO - Setting next_dagrun for example_local_kubernetes_executor to None, run_after=None
[2024-03-10T18:37:29.726+0000] {processor.py:183} INFO - Processing /home/airflow/.local/lib/python3.8/site-packages/airflow/example_dags/example_local_kubernetes_executor.py took 0.330 seconds
[2024-03-10T18:38:00.351+0000] {processor.py:161} INFO - Started process (PID=2485) to work on /home/airflow/.local/lib/python3.8/site-packages/airflow/example_dags/example_local_kubernetes_executor.py
[2024-03-10T18:38:00.357+0000] {processor.py:830} INFO - Processing file /home/airflow/.local/lib/python3.8/site-packages/airflow/example_dags/example_local_kubernetes_executor.py for tasks to queue
[2024-03-10T18:38:00.361+0000] {logging_mixin.py:188} INFO - [2024-03-10T18:38:00.360+0000] {dagbag.py:540} INFO - Filling up the DagBag from /home/airflow/.local/lib/python3.8/site-packages/airflow/example_dags/example_local_kubernetes_executor.py
[2024-03-10T18:38:00.394+0000] {processor.py:840} INFO - DAG(s) 'example_local_kubernetes_executor' retrieved from /home/airflow/.local/lib/python3.8/site-packages/airflow/example_dags/example_local_kubernetes_executor.py
[2024-03-10T18:38:00.518+0000] {logging_mixin.py:188} INFO - [2024-03-10T18:38:00.517+0000] {dag.py:3047} INFO - Sync 1 DAGs
[2024-03-10T18:38:00.541+0000] {logging_mixin.py:188} INFO - [2024-03-10T18:38:00.541+0000] {dag.py:3834} INFO - Setting next_dagrun for example_local_kubernetes_executor to None, run_after=None
[2024-03-10T18:38:00.579+0000] {processor.py:183} INFO - Processing /home/airflow/.local/lib/python3.8/site-packages/airflow/example_dags/example_local_kubernetes_executor.py took 0.239 seconds
[2024-03-10T18:38:31.909+0000] {processor.py:161} INFO - Started process (PID=2729) to work on /home/airflow/.local/lib/python3.8/site-packages/airflow/example_dags/example_local_kubernetes_executor.py
[2024-03-10T18:38:31.914+0000] {processor.py:830} INFO - Processing file /home/airflow/.local/lib/python3.8/site-packages/airflow/example_dags/example_local_kubernetes_executor.py for tasks to queue
[2024-03-10T18:38:31.918+0000] {logging_mixin.py:188} INFO - [2024-03-10T18:38:31.917+0000] {dagbag.py:540} INFO - Filling up the DagBag from /home/airflow/.local/lib/python3.8/site-packages/airflow/example_dags/example_local_kubernetes_executor.py
[2024-03-10T18:38:31.944+0000] {processor.py:840} INFO - DAG(s) 'example_local_kubernetes_executor' retrieved from /home/airflow/.local/lib/python3.8/site-packages/airflow/example_dags/example_local_kubernetes_executor.py
[2024-03-10T18:38:32.074+0000] {logging_mixin.py:188} INFO - [2024-03-10T18:38:32.071+0000] {dag.py:3047} INFO - Sync 1 DAGs
[2024-03-10T18:38:32.108+0000] {logging_mixin.py:188} INFO - [2024-03-10T18:38:32.108+0000] {dag.py:3834} INFO - Setting next_dagrun for example_local_kubernetes_executor to None, run_after=None
[2024-03-10T18:38:32.144+0000] {processor.py:183} INFO - Processing /home/airflow/.local/lib/python3.8/site-packages/airflow/example_dags/example_local_kubernetes_executor.py took 0.245 seconds
[2024-03-10T18:39:03.150+0000] {processor.py:161} INFO - Started process (PID=2974) to work on /home/airflow/.local/lib/python3.8/site-packages/airflow/example_dags/example_local_kubernetes_executor.py
[2024-03-10T18:39:03.155+0000] {processor.py:830} INFO - Processing file /home/airflow/.local/lib/python3.8/site-packages/airflow/example_dags/example_local_kubernetes_executor.py for tasks to queue
[2024-03-10T18:39:03.159+0000] {logging_mixin.py:188} INFO - [2024-03-10T18:39:03.158+0000] {dagbag.py:540} INFO - Filling up the DagBag from /home/airflow/.local/lib/python3.8/site-packages/airflow/example_dags/example_local_kubernetes_executor.py
[2024-03-10T18:39:03.176+0000] {processor.py:840} INFO - DAG(s) 'example_local_kubernetes_executor' retrieved from /home/airflow/.local/lib/python3.8/site-packages/airflow/example_dags/example_local_kubernetes_executor.py
[2024-03-10T18:39:03.248+0000] {logging_mixin.py:188} INFO - [2024-03-10T18:39:03.247+0000] {dag.py:3047} INFO - Sync 1 DAGs
[2024-03-10T18:39:03.277+0000] {logging_mixin.py:188} INFO - [2024-03-10T18:39:03.276+0000] {dag.py:3834} INFO - Setting next_dagrun for example_local_kubernetes_executor to None, run_after=None
[2024-03-10T18:39:03.324+0000] {processor.py:183} INFO - Processing /home/airflow/.local/lib/python3.8/site-packages/airflow/example_dags/example_local_kubernetes_executor.py took 0.179 seconds
[2024-03-10T18:39:40.283+0000] {processor.py:161} INFO - Started process (PID=3228) to work on /home/airflow/.local/lib/python3.8/site-packages/airflow/example_dags/example_local_kubernetes_executor.py
[2024-03-10T18:39:40.290+0000] {processor.py:830} INFO - Processing file /home/airflow/.local/lib/python3.8/site-packages/airflow/example_dags/example_local_kubernetes_executor.py for tasks to queue
[2024-03-10T18:39:40.295+0000] {logging_mixin.py:188} INFO - [2024-03-10T18:39:40.293+0000] {dagbag.py:540} INFO - Filling up the DagBag from /home/airflow/.local/lib/python3.8/site-packages/airflow/example_dags/example_local_kubernetes_executor.py
[2024-03-10T18:39:40.348+0000] {processor.py:840} INFO - DAG(s) 'example_local_kubernetes_executor' retrieved from /home/airflow/.local/lib/python3.8/site-packages/airflow/example_dags/example_local_kubernetes_executor.py
[2024-03-10T18:39:40.978+0000] {logging_mixin.py:188} INFO - [2024-03-10T18:39:40.975+0000] {dag.py:3047} INFO - Sync 1 DAGs
[2024-03-10T18:39:41.133+0000] {logging_mixin.py:188} INFO - [2024-03-10T18:39:41.132+0000] {dag.py:3834} INFO - Setting next_dagrun for example_local_kubernetes_executor to None, run_after=None
[2024-03-10T18:39:41.310+0000] {processor.py:183} INFO - Processing /home/airflow/.local/lib/python3.8/site-packages/airflow/example_dags/example_local_kubernetes_executor.py took 1.050 seconds
[2024-03-10T18:40:12.190+0000] {processor.py:161} INFO - Started process (PID=3476) to work on /home/airflow/.local/lib/python3.8/site-packages/airflow/example_dags/example_local_kubernetes_executor.py
[2024-03-10T18:40:12.194+0000] {processor.py:830} INFO - Processing file /home/airflow/.local/lib/python3.8/site-packages/airflow/example_dags/example_local_kubernetes_executor.py for tasks to queue
[2024-03-10T18:40:12.197+0000] {logging_mixin.py:188} INFO - [2024-03-10T18:40:12.196+0000] {dagbag.py:540} INFO - Filling up the DagBag from /home/airflow/.local/lib/python3.8/site-packages/airflow/example_dags/example_local_kubernetes_executor.py
[2024-03-10T18:40:12.238+0000] {processor.py:840} INFO - DAG(s) 'example_local_kubernetes_executor' retrieved from /home/airflow/.local/lib/python3.8/site-packages/airflow/example_dags/example_local_kubernetes_executor.py
[2024-03-10T18:40:12.330+0000] {logging_mixin.py:188} INFO - [2024-03-10T18:40:12.330+0000] {dag.py:3047} INFO - Sync 1 DAGs
[2024-03-10T18:40:12.356+0000] {logging_mixin.py:188} INFO - [2024-03-10T18:40:12.355+0000] {dag.py:3834} INFO - Setting next_dagrun for example_local_kubernetes_executor to None, run_after=None
[2024-03-10T18:40:12.395+0000] {processor.py:183} INFO - Processing /home/airflow/.local/lib/python3.8/site-packages/airflow/example_dags/example_local_kubernetes_executor.py took 0.213 seconds
[2024-03-10T18:40:45.569+0000] {processor.py:161} INFO - Started process (PID=3726) to work on /home/airflow/.local/lib/python3.8/site-packages/airflow/example_dags/example_local_kubernetes_executor.py
[2024-03-10T18:40:45.573+0000] {processor.py:830} INFO - Processing file /home/airflow/.local/lib/python3.8/site-packages/airflow/example_dags/example_local_kubernetes_executor.py for tasks to queue
[2024-03-10T18:40:45.577+0000] {logging_mixin.py:188} INFO - [2024-03-10T18:40:45.576+0000] {dagbag.py:540} INFO - Filling up the DagBag from /home/airflow/.local/lib/python3.8/site-packages/airflow/example_dags/example_local_kubernetes_executor.py
[2024-03-10T18:40:45.597+0000] {processor.py:840} INFO - DAG(s) 'example_local_kubernetes_executor' retrieved from /home/airflow/.local/lib/python3.8/site-packages/airflow/example_dags/example_local_kubernetes_executor.py
[2024-03-10T18:40:45.723+0000] {logging_mixin.py:188} INFO - [2024-03-10T18:40:45.722+0000] {dag.py:3047} INFO - Sync 1 DAGs
[2024-03-10T18:40:45.772+0000] {logging_mixin.py:188} INFO - [2024-03-10T18:40:45.771+0000] {dag.py:3834} INFO - Setting next_dagrun for example_local_kubernetes_executor to None, run_after=None
[2024-03-10T18:40:45.834+0000] {processor.py:183} INFO - Processing /home/airflow/.local/lib/python3.8/site-packages/airflow/example_dags/example_local_kubernetes_executor.py took 0.271 seconds
[2024-03-10T18:41:16.726+0000] {processor.py:161} INFO - Started process (PID=3970) to work on /home/airflow/.local/lib/python3.8/site-packages/airflow/example_dags/example_local_kubernetes_executor.py
[2024-03-10T18:41:16.731+0000] {processor.py:830} INFO - Processing file /home/airflow/.local/lib/python3.8/site-packages/airflow/example_dags/example_local_kubernetes_executor.py for tasks to queue
[2024-03-10T18:41:16.734+0000] {logging_mixin.py:188} INFO - [2024-03-10T18:41:16.733+0000] {dagbag.py:540} INFO - Filling up the DagBag from /home/airflow/.local/lib/python3.8/site-packages/airflow/example_dags/example_local_kubernetes_executor.py
[2024-03-10T18:41:16.751+0000] {processor.py:840} INFO - DAG(s) 'example_local_kubernetes_executor' retrieved from /home/airflow/.local/lib/python3.8/site-packages/airflow/example_dags/example_local_kubernetes_executor.py
[2024-03-10T18:41:17.222+0000] {logging_mixin.py:188} INFO - [2024-03-10T18:41:17.220+0000] {dag.py:3047} INFO - Sync 1 DAGs
[2024-03-10T18:41:17.299+0000] {logging_mixin.py:188} INFO - [2024-03-10T18:41:17.299+0000] {dag.py:3834} INFO - Setting next_dagrun for example_local_kubernetes_executor to None, run_after=None
[2024-03-10T18:41:17.381+0000] {processor.py:183} INFO - Processing /home/airflow/.local/lib/python3.8/site-packages/airflow/example_dags/example_local_kubernetes_executor.py took 0.661 seconds
[2024-03-10T18:41:48.798+0000] {processor.py:161} INFO - Started process (PID=4217) to work on /home/airflow/.local/lib/python3.8/site-packages/airflow/example_dags/example_local_kubernetes_executor.py
[2024-03-10T18:41:48.805+0000] {processor.py:830} INFO - Processing file /home/airflow/.local/lib/python3.8/site-packages/airflow/example_dags/example_local_kubernetes_executor.py for tasks to queue
[2024-03-10T18:41:48.810+0000] {logging_mixin.py:188} INFO - [2024-03-10T18:41:48.808+0000] {dagbag.py:540} INFO - Filling up the DagBag from /home/airflow/.local/lib/python3.8/site-packages/airflow/example_dags/example_local_kubernetes_executor.py
[2024-03-10T18:41:48.886+0000] {processor.py:840} INFO - DAG(s) 'example_local_kubernetes_executor' retrieved from /home/airflow/.local/lib/python3.8/site-packages/airflow/example_dags/example_local_kubernetes_executor.py
[2024-03-10T18:41:49.029+0000] {logging_mixin.py:188} INFO - [2024-03-10T18:41:49.028+0000] {dag.py:3047} INFO - Sync 1 DAGs
[2024-03-10T18:41:49.068+0000] {logging_mixin.py:188} INFO - [2024-03-10T18:41:49.067+0000] {dag.py:3834} INFO - Setting next_dagrun for example_local_kubernetes_executor to None, run_after=None
[2024-03-10T18:41:49.135+0000] {processor.py:183} INFO - Processing /home/airflow/.local/lib/python3.8/site-packages/airflow/example_dags/example_local_kubernetes_executor.py took 0.349 seconds
[2024-03-10T18:42:26.547+0000] {processor.py:161} INFO - Started process (PID=4475) to work on /home/airflow/.local/lib/python3.8/site-packages/airflow/example_dags/example_local_kubernetes_executor.py
[2024-03-10T18:42:26.552+0000] {processor.py:830} INFO - Processing file /home/airflow/.local/lib/python3.8/site-packages/airflow/example_dags/example_local_kubernetes_executor.py for tasks to queue
[2024-03-10T18:42:26.618+0000] {logging_mixin.py:188} INFO - [2024-03-10T18:42:26.616+0000] {dagbag.py:540} INFO - Filling up the DagBag from /home/airflow/.local/lib/python3.8/site-packages/airflow/example_dags/example_local_kubernetes_executor.py
[2024-03-10T18:42:26.750+0000] {processor.py:840} INFO - DAG(s) 'example_local_kubernetes_executor' retrieved from /home/airflow/.local/lib/python3.8/site-packages/airflow/example_dags/example_local_kubernetes_executor.py
[2024-03-10T18:42:27.154+0000] {logging_mixin.py:188} INFO - [2024-03-10T18:42:27.153+0000] {dag.py:3047} INFO - Sync 1 DAGs
[2024-03-10T18:42:27.265+0000] {logging_mixin.py:188} INFO - [2024-03-10T18:42:27.264+0000] {dag.py:3834} INFO - Setting next_dagrun for example_local_kubernetes_executor to None, run_after=None
[2024-03-10T18:42:27.448+0000] {processor.py:183} INFO - Processing /home/airflow/.local/lib/python3.8/site-packages/airflow/example_dags/example_local_kubernetes_executor.py took 0.930 seconds
[2024-03-10T18:43:21.511+0000] {processor.py:161} INFO - Started process (PID=4706) to work on /home/airflow/.local/lib/python3.8/site-packages/airflow/example_dags/example_local_kubernetes_executor.py
[2024-03-10T18:43:21.517+0000] {processor.py:830} INFO - Processing file /home/airflow/.local/lib/python3.8/site-packages/airflow/example_dags/example_local_kubernetes_executor.py for tasks to queue
[2024-03-10T18:43:21.521+0000] {logging_mixin.py:188} INFO - [2024-03-10T18:43:21.519+0000] {dagbag.py:540} INFO - Filling up the DagBag from /home/airflow/.local/lib/python3.8/site-packages/airflow/example_dags/example_local_kubernetes_executor.py
[2024-03-10T18:43:21.632+0000] {processor.py:840} INFO - DAG(s) 'example_local_kubernetes_executor' retrieved from /home/airflow/.local/lib/python3.8/site-packages/airflow/example_dags/example_local_kubernetes_executor.py
[2024-03-10T18:43:22.294+0000] {logging_mixin.py:188} INFO - [2024-03-10T18:43:22.291+0000] {dag.py:3047} INFO - Sync 1 DAGs
[2024-03-10T18:43:22.613+0000] {logging_mixin.py:188} INFO - [2024-03-10T18:43:22.612+0000] {dag.py:3834} INFO - Setting next_dagrun for example_local_kubernetes_executor to None, run_after=None
[2024-03-10T18:43:22.859+0000] {processor.py:183} INFO - Processing /home/airflow/.local/lib/python3.8/site-packages/airflow/example_dags/example_local_kubernetes_executor.py took 1.426 seconds
[2024-03-10T18:46:03.199+0000] {processor.py:161} INFO - Started process (PID=4958) to work on /home/airflow/.local/lib/python3.8/site-packages/airflow/example_dags/example_local_kubernetes_executor.py
[2024-03-10T18:46:03.358+0000] {processor.py:830} INFO - Processing file /home/airflow/.local/lib/python3.8/site-packages/airflow/example_dags/example_local_kubernetes_executor.py for tasks to queue
[2024-03-10T18:46:03.384+0000] {logging_mixin.py:188} INFO - [2024-03-10T18:46:03.379+0000] {dagbag.py:540} INFO - Filling up the DagBag from /home/airflow/.local/lib/python3.8/site-packages/airflow/example_dags/example_local_kubernetes_executor.py
[2024-03-10T18:46:05.168+0000] {processor.py:840} INFO - DAG(s) 'example_local_kubernetes_executor' retrieved from /home/airflow/.local/lib/python3.8/site-packages/airflow/example_dags/example_local_kubernetes_executor.py
[2024-03-10T18:46:09.813+0000] {logging_mixin.py:188} INFO - [2024-03-10T18:46:09.774+0000] {dag.py:3047} INFO - Sync 1 DAGs
[2024-03-10T18:46:10.186+0000] {logging_mixin.py:188} INFO - [2024-03-10T18:46:10.185+0000] {dag.py:3834} INFO - Setting next_dagrun for example_local_kubernetes_executor to None, run_after=None
[2024-03-10T18:46:10.925+0000] {processor.py:183} INFO - Processing /home/airflow/.local/lib/python3.8/site-packages/airflow/example_dags/example_local_kubernetes_executor.py took 8.110 seconds
