[2024-03-10T18:32:59.738+0000] {processor.py:161} INFO - Started process (PID=226) to work on /home/airflow/.local/lib/python3.8/site-packages/airflow/example_dags/example_setup_teardown.py
[2024-03-10T18:32:59.742+0000] {processor.py:830} INFO - Processing file /home/airflow/.local/lib/python3.8/site-packages/airflow/example_dags/example_setup_teardown.py for tasks to queue
[2024-03-10T18:32:59.747+0000] {logging_mixin.py:188} INFO - [2024-03-10T18:32:59.746+0000] {dagbag.py:540} INFO - Filling up the DagBag from /home/airflow/.local/lib/python3.8/site-packages/airflow/example_dags/example_setup_teardown.py
[2024-03-10T18:32:59.770+0000] {processor.py:840} INFO - DAG(s) 'example_setup_teardown' retrieved from /home/airflow/.local/lib/python3.8/site-packages/airflow/example_dags/example_setup_teardown.py
[2024-03-10T18:32:59.975+0000] {logging_mixin.py:188} INFO - [2024-03-10T18:32:59.974+0000] {override.py:1769} INFO - Created Permission View: can delete on DAG:example_setup_teardown
[2024-03-10T18:33:00.005+0000] {logging_mixin.py:188} INFO - [2024-03-10T18:33:00.004+0000] {override.py:1769} INFO - Created Permission View: can edit on DAG:example_setup_teardown
[2024-03-10T18:33:00.026+0000] {logging_mixin.py:188} INFO - [2024-03-10T18:33:00.025+0000] {override.py:1769} INFO - Created Permission View: can read on DAG:example_setup_teardown
[2024-03-10T18:33:00.032+0000] {logging_mixin.py:188} INFO - [2024-03-10T18:33:00.031+0000] {dag.py:3047} INFO - Sync 1 DAGs
[2024-03-10T18:33:00.072+0000] {logging_mixin.py:188} INFO - [2024-03-10T18:33:00.072+0000] {dag.py:3069} INFO - Creating ORM DAG for example_setup_teardown
[2024-03-10T18:33:00.130+0000] {logging_mixin.py:188} INFO - [2024-03-10T18:33:00.130+0000] {dag.py:3834} INFO - Setting next_dagrun for example_setup_teardown to 2024-03-09 00:00:00+00:00, run_after=2024-03-10 00:00:00+00:00
[2024-03-10T18:33:00.190+0000] {processor.py:183} INFO - Processing /home/airflow/.local/lib/python3.8/site-packages/airflow/example_dags/example_setup_teardown.py took 0.474 seconds
[2024-03-10T18:33:40.669+0000] {processor.py:161} INFO - Started process (PID=471) to work on /home/airflow/.local/lib/python3.8/site-packages/airflow/example_dags/example_setup_teardown.py
[2024-03-10T18:33:40.679+0000] {processor.py:830} INFO - Processing file /home/airflow/.local/lib/python3.8/site-packages/airflow/example_dags/example_setup_teardown.py for tasks to queue
[2024-03-10T18:33:40.706+0000] {logging_mixin.py:188} INFO - [2024-03-10T18:33:40.699+0000] {dagbag.py:540} INFO - Filling up the DagBag from /home/airflow/.local/lib/python3.8/site-packages/airflow/example_dags/example_setup_teardown.py
[2024-03-10T18:33:40.828+0000] {processor.py:840} INFO - DAG(s) 'example_setup_teardown' retrieved from /home/airflow/.local/lib/python3.8/site-packages/airflow/example_dags/example_setup_teardown.py
[2024-03-10T18:33:41.120+0000] {logging_mixin.py:188} INFO - [2024-03-10T18:33:41.120+0000] {dag.py:3047} INFO - Sync 1 DAGs
[2024-03-10T18:33:41.266+0000] {logging_mixin.py:188} INFO - [2024-03-10T18:33:41.265+0000] {dag.py:3834} INFO - Setting next_dagrun for example_setup_teardown to 2024-03-09 00:00:00+00:00, run_after=2024-03-10 00:00:00+00:00
[2024-03-10T18:33:41.396+0000] {processor.py:183} INFO - Processing /home/airflow/.local/lib/python3.8/site-packages/airflow/example_dags/example_setup_teardown.py took 0.767 seconds
[2024-03-10T18:34:12.005+0000] {processor.py:161} INFO - Started process (PID=717) to work on /home/airflow/.local/lib/python3.8/site-packages/airflow/example_dags/example_setup_teardown.py
[2024-03-10T18:34:12.047+0000] {processor.py:830} INFO - Processing file /home/airflow/.local/lib/python3.8/site-packages/airflow/example_dags/example_setup_teardown.py for tasks to queue
[2024-03-10T18:34:12.069+0000] {logging_mixin.py:188} INFO - [2024-03-10T18:34:12.069+0000] {dagbag.py:540} INFO - Filling up the DagBag from /home/airflow/.local/lib/python3.8/site-packages/airflow/example_dags/example_setup_teardown.py
[2024-03-10T18:34:12.115+0000] {processor.py:840} INFO - DAG(s) 'example_setup_teardown' retrieved from /home/airflow/.local/lib/python3.8/site-packages/airflow/example_dags/example_setup_teardown.py
[2024-03-10T18:34:12.165+0000] {logging_mixin.py:188} INFO - [2024-03-10T18:34:12.165+0000] {dag.py:3047} INFO - Sync 1 DAGs
[2024-03-10T18:34:12.236+0000] {logging_mixin.py:188} INFO - [2024-03-10T18:34:12.236+0000] {dag.py:3834} INFO - Setting next_dagrun for example_setup_teardown to 2024-03-09 00:00:00+00:00, run_after=2024-03-10 00:00:00+00:00
[2024-03-10T18:34:12.265+0000] {processor.py:183} INFO - Processing /home/airflow/.local/lib/python3.8/site-packages/airflow/example_dags/example_setup_teardown.py took 0.266 seconds
[2024-03-10T18:34:44.816+0000] {processor.py:161} INFO - Started process (PID=970) to work on /home/airflow/.local/lib/python3.8/site-packages/airflow/example_dags/example_setup_teardown.py
[2024-03-10T18:34:44.822+0000] {processor.py:830} INFO - Processing file /home/airflow/.local/lib/python3.8/site-packages/airflow/example_dags/example_setup_teardown.py for tasks to queue
[2024-03-10T18:34:44.826+0000] {logging_mixin.py:188} INFO - [2024-03-10T18:34:44.825+0000] {dagbag.py:540} INFO - Filling up the DagBag from /home/airflow/.local/lib/python3.8/site-packages/airflow/example_dags/example_setup_teardown.py
[2024-03-10T18:34:44.841+0000] {processor.py:840} INFO - DAG(s) 'example_setup_teardown' retrieved from /home/airflow/.local/lib/python3.8/site-packages/airflow/example_dags/example_setup_teardown.py
[2024-03-10T18:34:44.882+0000] {logging_mixin.py:188} INFO - [2024-03-10T18:34:44.882+0000] {dag.py:3047} INFO - Sync 1 DAGs
[2024-03-10T18:34:44.903+0000] {logging_mixin.py:188} INFO - [2024-03-10T18:34:44.903+0000] {dag.py:3834} INFO - Setting next_dagrun for example_setup_teardown to 2024-03-09 00:00:00+00:00, run_after=2024-03-10 00:00:00+00:00
[2024-03-10T18:34:44.936+0000] {processor.py:183} INFO - Processing /home/airflow/.local/lib/python3.8/site-packages/airflow/example_dags/example_setup_teardown.py took 0.126 seconds
[2024-03-10T18:35:17.481+0000] {processor.py:161} INFO - Started process (PID=1214) to work on /home/airflow/.local/lib/python3.8/site-packages/airflow/example_dags/example_setup_teardown.py
[2024-03-10T18:35:17.487+0000] {processor.py:830} INFO - Processing file /home/airflow/.local/lib/python3.8/site-packages/airflow/example_dags/example_setup_teardown.py for tasks to queue
[2024-03-10T18:35:17.488+0000] {logging_mixin.py:188} INFO - [2024-03-10T18:35:17.488+0000] {dagbag.py:540} INFO - Filling up the DagBag from /home/airflow/.local/lib/python3.8/site-packages/airflow/example_dags/example_setup_teardown.py
[2024-03-10T18:35:17.519+0000] {processor.py:840} INFO - DAG(s) 'example_setup_teardown' retrieved from /home/airflow/.local/lib/python3.8/site-packages/airflow/example_dags/example_setup_teardown.py
[2024-03-10T18:35:17.576+0000] {logging_mixin.py:188} INFO - [2024-03-10T18:35:17.576+0000] {dag.py:3047} INFO - Sync 1 DAGs
[2024-03-10T18:35:17.626+0000] {logging_mixin.py:188} INFO - [2024-03-10T18:35:17.625+0000] {dag.py:3834} INFO - Setting next_dagrun for example_setup_teardown to 2024-03-09 00:00:00+00:00, run_after=2024-03-10 00:00:00+00:00
[2024-03-10T18:35:17.661+0000] {processor.py:183} INFO - Processing /home/airflow/.local/lib/python3.8/site-packages/airflow/example_dags/example_setup_teardown.py took 0.186 seconds
[2024-03-10T18:35:49.549+0000] {processor.py:161} INFO - Started process (PID=1456) to work on /home/airflow/.local/lib/python3.8/site-packages/airflow/example_dags/example_setup_teardown.py
[2024-03-10T18:35:49.561+0000] {processor.py:830} INFO - Processing file /home/airflow/.local/lib/python3.8/site-packages/airflow/example_dags/example_setup_teardown.py for tasks to queue
[2024-03-10T18:35:49.569+0000] {logging_mixin.py:188} INFO - [2024-03-10T18:35:49.568+0000] {dagbag.py:540} INFO - Filling up the DagBag from /home/airflow/.local/lib/python3.8/site-packages/airflow/example_dags/example_setup_teardown.py
[2024-03-10T18:35:49.657+0000] {processor.py:840} INFO - DAG(s) 'example_setup_teardown' retrieved from /home/airflow/.local/lib/python3.8/site-packages/airflow/example_dags/example_setup_teardown.py
[2024-03-10T18:35:49.971+0000] {logging_mixin.py:188} INFO - [2024-03-10T18:35:49.970+0000] {dag.py:3047} INFO - Sync 1 DAGs
[2024-03-10T18:35:50.151+0000] {logging_mixin.py:188} INFO - [2024-03-10T18:35:50.150+0000] {dag.py:3834} INFO - Setting next_dagrun for example_setup_teardown to 2024-03-09 00:00:00+00:00, run_after=2024-03-10 00:00:00+00:00
[2024-03-10T18:35:50.234+0000] {processor.py:183} INFO - Processing /home/airflow/.local/lib/python3.8/site-packages/airflow/example_dags/example_setup_teardown.py took 0.693 seconds
[2024-03-10T18:36:21.359+0000] {processor.py:161} INFO - Started process (PID=1703) to work on /home/airflow/.local/lib/python3.8/site-packages/airflow/example_dags/example_setup_teardown.py
[2024-03-10T18:36:21.366+0000] {processor.py:830} INFO - Processing file /home/airflow/.local/lib/python3.8/site-packages/airflow/example_dags/example_setup_teardown.py for tasks to queue
[2024-03-10T18:36:21.372+0000] {logging_mixin.py:188} INFO - [2024-03-10T18:36:21.371+0000] {dagbag.py:540} INFO - Filling up the DagBag from /home/airflow/.local/lib/python3.8/site-packages/airflow/example_dags/example_setup_teardown.py
[2024-03-10T18:36:21.413+0000] {processor.py:840} INFO - DAG(s) 'example_setup_teardown' retrieved from /home/airflow/.local/lib/python3.8/site-packages/airflow/example_dags/example_setup_teardown.py
[2024-03-10T18:36:21.478+0000] {logging_mixin.py:188} INFO - [2024-03-10T18:36:21.477+0000] {dag.py:3047} INFO - Sync 1 DAGs
[2024-03-10T18:36:21.570+0000] {logging_mixin.py:188} INFO - [2024-03-10T18:36:21.569+0000] {dag.py:3834} INFO - Setting next_dagrun for example_setup_teardown to 2024-03-09 00:00:00+00:00, run_after=2024-03-10 00:00:00+00:00
[2024-03-10T18:36:21.657+0000] {processor.py:183} INFO - Processing /home/airflow/.local/lib/python3.8/site-packages/airflow/example_dags/example_setup_teardown.py took 0.310 seconds
[2024-03-10T18:36:54.238+0000] {processor.py:161} INFO - Started process (PID=1950) to work on /home/airflow/.local/lib/python3.8/site-packages/airflow/example_dags/example_setup_teardown.py
[2024-03-10T18:36:54.268+0000] {processor.py:830} INFO - Processing file /home/airflow/.local/lib/python3.8/site-packages/airflow/example_dags/example_setup_teardown.py for tasks to queue
[2024-03-10T18:36:54.277+0000] {logging_mixin.py:188} INFO - [2024-03-10T18:36:54.275+0000] {dagbag.py:540} INFO - Filling up the DagBag from /home/airflow/.local/lib/python3.8/site-packages/airflow/example_dags/example_setup_teardown.py
[2024-03-10T18:36:54.471+0000] {processor.py:840} INFO - DAG(s) 'example_setup_teardown' retrieved from /home/airflow/.local/lib/python3.8/site-packages/airflow/example_dags/example_setup_teardown.py
[2024-03-10T18:36:55.428+0000] {logging_mixin.py:188} INFO - [2024-03-10T18:36:55.421+0000] {dag.py:3047} INFO - Sync 1 DAGs
[2024-03-10T18:36:55.639+0000] {logging_mixin.py:188} INFO - [2024-03-10T18:36:55.638+0000] {dag.py:3834} INFO - Setting next_dagrun for example_setup_teardown to 2024-03-09 00:00:00+00:00, run_after=2024-03-10 00:00:00+00:00
[2024-03-10T18:36:55.742+0000] {processor.py:183} INFO - Processing /home/airflow/.local/lib/python3.8/site-packages/airflow/example_dags/example_setup_teardown.py took 1.559 seconds
[2024-03-10T18:37:26.775+0000] {processor.py:161} INFO - Started process (PID=2199) to work on /home/airflow/.local/lib/python3.8/site-packages/airflow/example_dags/example_setup_teardown.py
[2024-03-10T18:37:26.788+0000] {processor.py:830} INFO - Processing file /home/airflow/.local/lib/python3.8/site-packages/airflow/example_dags/example_setup_teardown.py for tasks to queue
[2024-03-10T18:37:26.793+0000] {logging_mixin.py:188} INFO - [2024-03-10T18:37:26.792+0000] {dagbag.py:540} INFO - Filling up the DagBag from /home/airflow/.local/lib/python3.8/site-packages/airflow/example_dags/example_setup_teardown.py
[2024-03-10T18:37:26.820+0000] {processor.py:840} INFO - DAG(s) 'example_setup_teardown' retrieved from /home/airflow/.local/lib/python3.8/site-packages/airflow/example_dags/example_setup_teardown.py
[2024-03-10T18:37:26.977+0000] {logging_mixin.py:188} INFO - [2024-03-10T18:37:26.976+0000] {dag.py:3047} INFO - Sync 1 DAGs
[2024-03-10T18:37:27.023+0000] {logging_mixin.py:188} INFO - [2024-03-10T18:37:27.022+0000] {dag.py:3834} INFO - Setting next_dagrun for example_setup_teardown to 2024-03-09 00:00:00+00:00, run_after=2024-03-10 00:00:00+00:00
[2024-03-10T18:37:27.115+0000] {processor.py:183} INFO - Processing /home/airflow/.local/lib/python3.8/site-packages/airflow/example_dags/example_setup_teardown.py took 0.352 seconds
[2024-03-10T18:37:57.579+0000] {processor.py:161} INFO - Started process (PID=2447) to work on /home/airflow/.local/lib/python3.8/site-packages/airflow/example_dags/example_setup_teardown.py
[2024-03-10T18:37:57.584+0000] {processor.py:830} INFO - Processing file /home/airflow/.local/lib/python3.8/site-packages/airflow/example_dags/example_setup_teardown.py for tasks to queue
[2024-03-10T18:37:57.588+0000] {logging_mixin.py:188} INFO - [2024-03-10T18:37:57.587+0000] {dagbag.py:540} INFO - Filling up the DagBag from /home/airflow/.local/lib/python3.8/site-packages/airflow/example_dags/example_setup_teardown.py
[2024-03-10T18:37:57.613+0000] {processor.py:840} INFO - DAG(s) 'example_setup_teardown' retrieved from /home/airflow/.local/lib/python3.8/site-packages/airflow/example_dags/example_setup_teardown.py
[2024-03-10T18:37:57.672+0000] {logging_mixin.py:188} INFO - [2024-03-10T18:37:57.671+0000] {dag.py:3047} INFO - Sync 1 DAGs
[2024-03-10T18:37:57.770+0000] {logging_mixin.py:188} INFO - [2024-03-10T18:37:57.766+0000] {dag.py:3834} INFO - Setting next_dagrun for example_setup_teardown to 2024-03-09 00:00:00+00:00, run_after=2024-03-10 00:00:00+00:00
[2024-03-10T18:37:57.861+0000] {processor.py:183} INFO - Processing /home/airflow/.local/lib/python3.8/site-packages/airflow/example_dags/example_setup_teardown.py took 0.291 seconds
[2024-03-10T18:38:28.903+0000] {processor.py:161} INFO - Started process (PID=2694) to work on /home/airflow/.local/lib/python3.8/site-packages/airflow/example_dags/example_setup_teardown.py
[2024-03-10T18:38:28.907+0000] {processor.py:830} INFO - Processing file /home/airflow/.local/lib/python3.8/site-packages/airflow/example_dags/example_setup_teardown.py for tasks to queue
[2024-03-10T18:38:28.910+0000] {logging_mixin.py:188} INFO - [2024-03-10T18:38:28.909+0000] {dagbag.py:540} INFO - Filling up the DagBag from /home/airflow/.local/lib/python3.8/site-packages/airflow/example_dags/example_setup_teardown.py
[2024-03-10T18:38:28.925+0000] {processor.py:840} INFO - DAG(s) 'example_setup_teardown' retrieved from /home/airflow/.local/lib/python3.8/site-packages/airflow/example_dags/example_setup_teardown.py
[2024-03-10T18:38:28.997+0000] {logging_mixin.py:188} INFO - [2024-03-10T18:38:28.997+0000] {dag.py:3047} INFO - Sync 1 DAGs
[2024-03-10T18:38:29.061+0000] {logging_mixin.py:188} INFO - [2024-03-10T18:38:29.060+0000] {dag.py:3834} INFO - Setting next_dagrun for example_setup_teardown to 2024-03-09 00:00:00+00:00, run_after=2024-03-10 00:00:00+00:00
[2024-03-10T18:38:29.104+0000] {processor.py:183} INFO - Processing /home/airflow/.local/lib/python3.8/site-packages/airflow/example_dags/example_setup_teardown.py took 0.208 seconds
[2024-03-10T18:39:00.228+0000] {processor.py:161} INFO - Started process (PID=2941) to work on /home/airflow/.local/lib/python3.8/site-packages/airflow/example_dags/example_setup_teardown.py
[2024-03-10T18:39:00.236+0000] {processor.py:830} INFO - Processing file /home/airflow/.local/lib/python3.8/site-packages/airflow/example_dags/example_setup_teardown.py for tasks to queue
[2024-03-10T18:39:00.240+0000] {logging_mixin.py:188} INFO - [2024-03-10T18:39:00.239+0000] {dagbag.py:540} INFO - Filling up the DagBag from /home/airflow/.local/lib/python3.8/site-packages/airflow/example_dags/example_setup_teardown.py
[2024-03-10T18:39:00.283+0000] {processor.py:840} INFO - DAG(s) 'example_setup_teardown' retrieved from /home/airflow/.local/lib/python3.8/site-packages/airflow/example_dags/example_setup_teardown.py
[2024-03-10T18:39:00.366+0000] {logging_mixin.py:188} INFO - [2024-03-10T18:39:00.365+0000] {dag.py:3047} INFO - Sync 1 DAGs
[2024-03-10T18:39:00.452+0000] {logging_mixin.py:188} INFO - [2024-03-10T18:39:00.452+0000] {dag.py:3834} INFO - Setting next_dagrun for example_setup_teardown to 2024-03-09 00:00:00+00:00, run_after=2024-03-10 00:00:00+00:00
[2024-03-10T18:39:00.497+0000] {processor.py:183} INFO - Processing /home/airflow/.local/lib/python3.8/site-packages/airflow/example_dags/example_setup_teardown.py took 0.295 seconds
[2024-03-10T18:39:34.551+0000] {processor.py:161} INFO - Started process (PID=3190) to work on /home/airflow/.local/lib/python3.8/site-packages/airflow/example_dags/example_setup_teardown.py
[2024-03-10T18:39:34.558+0000] {processor.py:830} INFO - Processing file /home/airflow/.local/lib/python3.8/site-packages/airflow/example_dags/example_setup_teardown.py for tasks to queue
[2024-03-10T18:39:34.561+0000] {logging_mixin.py:188} INFO - [2024-03-10T18:39:34.560+0000] {dagbag.py:540} INFO - Filling up the DagBag from /home/airflow/.local/lib/python3.8/site-packages/airflow/example_dags/example_setup_teardown.py
[2024-03-10T18:39:34.623+0000] {processor.py:840} INFO - DAG(s) 'example_setup_teardown' retrieved from /home/airflow/.local/lib/python3.8/site-packages/airflow/example_dags/example_setup_teardown.py
[2024-03-10T18:39:34.785+0000] {logging_mixin.py:188} INFO - [2024-03-10T18:39:34.784+0000] {dag.py:3047} INFO - Sync 1 DAGs
[2024-03-10T18:39:34.857+0000] {logging_mixin.py:188} INFO - [2024-03-10T18:39:34.857+0000] {dag.py:3834} INFO - Setting next_dagrun for example_setup_teardown to 2024-03-09 00:00:00+00:00, run_after=2024-03-10 00:00:00+00:00
[2024-03-10T18:39:34.961+0000] {processor.py:183} INFO - Processing /home/airflow/.local/lib/python3.8/site-packages/airflow/example_dags/example_setup_teardown.py took 0.425 seconds
[2024-03-10T18:40:06.003+0000] {processor.py:161} INFO - Started process (PID=3430) to work on /home/airflow/.local/lib/python3.8/site-packages/airflow/example_dags/example_setup_teardown.py
[2024-03-10T18:40:06.014+0000] {processor.py:830} INFO - Processing file /home/airflow/.local/lib/python3.8/site-packages/airflow/example_dags/example_setup_teardown.py for tasks to queue
[2024-03-10T18:40:06.019+0000] {logging_mixin.py:188} INFO - [2024-03-10T18:40:06.018+0000] {dagbag.py:540} INFO - Filling up the DagBag from /home/airflow/.local/lib/python3.8/site-packages/airflow/example_dags/example_setup_teardown.py
[2024-03-10T18:40:06.092+0000] {processor.py:840} INFO - DAG(s) 'example_setup_teardown' retrieved from /home/airflow/.local/lib/python3.8/site-packages/airflow/example_dags/example_setup_teardown.py
[2024-03-10T18:40:06.463+0000] {logging_mixin.py:188} INFO - [2024-03-10T18:40:06.462+0000] {dag.py:3047} INFO - Sync 1 DAGs
[2024-03-10T18:40:06.605+0000] {logging_mixin.py:188} INFO - [2024-03-10T18:40:06.604+0000] {dag.py:3834} INFO - Setting next_dagrun for example_setup_teardown to 2024-03-09 00:00:00+00:00, run_after=2024-03-10 00:00:00+00:00
[2024-03-10T18:40:06.712+0000] {processor.py:183} INFO - Processing /home/airflow/.local/lib/python3.8/site-packages/airflow/example_dags/example_setup_teardown.py took 0.723 seconds
[2024-03-10T18:40:37.929+0000] {processor.py:161} INFO - Started process (PID=3684) to work on /home/airflow/.local/lib/python3.8/site-packages/airflow/example_dags/example_setup_teardown.py
[2024-03-10T18:40:37.935+0000] {processor.py:830} INFO - Processing file /home/airflow/.local/lib/python3.8/site-packages/airflow/example_dags/example_setup_teardown.py for tasks to queue
[2024-03-10T18:40:37.941+0000] {logging_mixin.py:188} INFO - [2024-03-10T18:40:37.940+0000] {dagbag.py:540} INFO - Filling up the DagBag from /home/airflow/.local/lib/python3.8/site-packages/airflow/example_dags/example_setup_teardown.py
[2024-03-10T18:40:38.138+0000] {processor.py:840} INFO - DAG(s) 'example_setup_teardown' retrieved from /home/airflow/.local/lib/python3.8/site-packages/airflow/example_dags/example_setup_teardown.py
[2024-03-10T18:40:38.680+0000] {logging_mixin.py:188} INFO - [2024-03-10T18:40:38.661+0000] {dag.py:3047} INFO - Sync 1 DAGs
[2024-03-10T18:40:38.838+0000] {logging_mixin.py:188} INFO - [2024-03-10T18:40:38.838+0000] {dag.py:3834} INFO - Setting next_dagrun for example_setup_teardown to 2024-03-09 00:00:00+00:00, run_after=2024-03-10 00:00:00+00:00
[2024-03-10T18:40:38.941+0000] {processor.py:183} INFO - Processing /home/airflow/.local/lib/python3.8/site-packages/airflow/example_dags/example_setup_teardown.py took 1.045 seconds
[2024-03-10T18:41:10.144+0000] {processor.py:161} INFO - Started process (PID=3933) to work on /home/airflow/.local/lib/python3.8/site-packages/airflow/example_dags/example_setup_teardown.py
[2024-03-10T18:41:10.166+0000] {processor.py:830} INFO - Processing file /home/airflow/.local/lib/python3.8/site-packages/airflow/example_dags/example_setup_teardown.py for tasks to queue
[2024-03-10T18:41:10.175+0000] {logging_mixin.py:188} INFO - [2024-03-10T18:41:10.172+0000] {dagbag.py:540} INFO - Filling up the DagBag from /home/airflow/.local/lib/python3.8/site-packages/airflow/example_dags/example_setup_teardown.py
[2024-03-10T18:41:10.270+0000] {processor.py:840} INFO - DAG(s) 'example_setup_teardown' retrieved from /home/airflow/.local/lib/python3.8/site-packages/airflow/example_dags/example_setup_teardown.py
[2024-03-10T18:41:10.416+0000] {logging_mixin.py:188} INFO - [2024-03-10T18:41:10.415+0000] {dag.py:3047} INFO - Sync 1 DAGs
[2024-03-10T18:41:10.572+0000] {logging_mixin.py:188} INFO - [2024-03-10T18:41:10.572+0000] {dag.py:3834} INFO - Setting next_dagrun for example_setup_teardown to 2024-03-09 00:00:00+00:00, run_after=2024-03-10 00:00:00+00:00
[2024-03-10T18:41:10.649+0000] {processor.py:183} INFO - Processing /home/airflow/.local/lib/python3.8/site-packages/airflow/example_dags/example_setup_teardown.py took 0.538 seconds
[2024-03-10T18:41:41.154+0000] {processor.py:161} INFO - Started process (PID=4182) to work on /home/airflow/.local/lib/python3.8/site-packages/airflow/example_dags/example_setup_teardown.py
[2024-03-10T18:41:41.162+0000] {processor.py:830} INFO - Processing file /home/airflow/.local/lib/python3.8/site-packages/airflow/example_dags/example_setup_teardown.py for tasks to queue
[2024-03-10T18:41:41.167+0000] {logging_mixin.py:188} INFO - [2024-03-10T18:41:41.165+0000] {dagbag.py:540} INFO - Filling up the DagBag from /home/airflow/.local/lib/python3.8/site-packages/airflow/example_dags/example_setup_teardown.py
[2024-03-10T18:41:41.224+0000] {processor.py:840} INFO - DAG(s) 'example_setup_teardown' retrieved from /home/airflow/.local/lib/python3.8/site-packages/airflow/example_dags/example_setup_teardown.py
[2024-03-10T18:41:41.594+0000] {logging_mixin.py:188} INFO - [2024-03-10T18:41:41.594+0000] {dag.py:3047} INFO - Sync 1 DAGs
[2024-03-10T18:41:41.705+0000] {logging_mixin.py:188} INFO - [2024-03-10T18:41:41.704+0000] {dag.py:3834} INFO - Setting next_dagrun for example_setup_teardown to 2024-03-09 00:00:00+00:00, run_after=2024-03-10 00:00:00+00:00
[2024-03-10T18:41:41.783+0000] {processor.py:183} INFO - Processing /home/airflow/.local/lib/python3.8/site-packages/airflow/example_dags/example_setup_teardown.py took 0.649 seconds
[2024-03-10T18:42:12.079+0000] {processor.py:161} INFO - Started process (PID=4429) to work on /home/airflow/.local/lib/python3.8/site-packages/airflow/example_dags/example_setup_teardown.py
[2024-03-10T18:42:12.083+0000] {processor.py:830} INFO - Processing file /home/airflow/.local/lib/python3.8/site-packages/airflow/example_dags/example_setup_teardown.py for tasks to queue
[2024-03-10T18:42:12.086+0000] {logging_mixin.py:188} INFO - [2024-03-10T18:42:12.086+0000] {dagbag.py:540} INFO - Filling up the DagBag from /home/airflow/.local/lib/python3.8/site-packages/airflow/example_dags/example_setup_teardown.py
[2024-03-10T18:42:12.125+0000] {processor.py:840} INFO - DAG(s) 'example_setup_teardown' retrieved from /home/airflow/.local/lib/python3.8/site-packages/airflow/example_dags/example_setup_teardown.py
[2024-03-10T18:42:12.259+0000] {logging_mixin.py:188} INFO - [2024-03-10T18:42:12.258+0000] {dag.py:3047} INFO - Sync 1 DAGs
[2024-03-10T18:42:12.378+0000] {logging_mixin.py:188} INFO - [2024-03-10T18:42:12.377+0000] {dag.py:3834} INFO - Setting next_dagrun for example_setup_teardown to 2024-03-09 00:00:00+00:00, run_after=2024-03-10 00:00:00+00:00
[2024-03-10T18:42:12.495+0000] {processor.py:183} INFO - Processing /home/airflow/.local/lib/python3.8/site-packages/airflow/example_dags/example_setup_teardown.py took 0.423 seconds
[2024-03-10T18:43:11.363+0000] {processor.py:161} INFO - Started process (PID=4668) to work on /home/airflow/.local/lib/python3.8/site-packages/airflow/example_dags/example_setup_teardown.py
[2024-03-10T18:43:11.373+0000] {processor.py:830} INFO - Processing file /home/airflow/.local/lib/python3.8/site-packages/airflow/example_dags/example_setup_teardown.py for tasks to queue
[2024-03-10T18:43:11.382+0000] {logging_mixin.py:188} INFO - [2024-03-10T18:43:11.380+0000] {dagbag.py:540} INFO - Filling up the DagBag from /home/airflow/.local/lib/python3.8/site-packages/airflow/example_dags/example_setup_teardown.py
[2024-03-10T18:43:11.691+0000] {processor.py:840} INFO - DAG(s) 'example_setup_teardown' retrieved from /home/airflow/.local/lib/python3.8/site-packages/airflow/example_dags/example_setup_teardown.py
[2024-03-10T18:43:12.763+0000] {logging_mixin.py:188} INFO - [2024-03-10T18:43:12.744+0000] {dag.py:3047} INFO - Sync 1 DAGs
[2024-03-10T18:43:13.122+0000] {logging_mixin.py:188} INFO - [2024-03-10T18:43:13.122+0000] {dag.py:3834} INFO - Setting next_dagrun for example_setup_teardown to 2024-03-09 00:00:00+00:00, run_after=2024-03-10 00:00:00+00:00
[2024-03-10T18:43:13.461+0000] {processor.py:183} INFO - Processing /home/airflow/.local/lib/python3.8/site-packages/airflow/example_dags/example_setup_teardown.py took 2.120 seconds
[2024-03-10T18:45:28.499+0000] {processor.py:161} INFO - Started process (PID=4914) to work on /home/airflow/.local/lib/python3.8/site-packages/airflow/example_dags/example_setup_teardown.py
[2024-03-10T18:45:28.522+0000] {processor.py:830} INFO - Processing file /home/airflow/.local/lib/python3.8/site-packages/airflow/example_dags/example_setup_teardown.py for tasks to queue
[2024-03-10T18:45:28.552+0000] {logging_mixin.py:188} INFO - [2024-03-10T18:45:28.537+0000] {dagbag.py:540} INFO - Filling up the DagBag from /home/airflow/.local/lib/python3.8/site-packages/airflow/example_dags/example_setup_teardown.py
[2024-03-10T18:45:28.851+0000] {processor.py:840} INFO - DAG(s) 'example_setup_teardown' retrieved from /home/airflow/.local/lib/python3.8/site-packages/airflow/example_dags/example_setup_teardown.py
[2024-03-10T18:45:29.418+0000] {logging_mixin.py:188} INFO - [2024-03-10T18:45:29.417+0000] {dag.py:3047} INFO - Sync 1 DAGs
[2024-03-10T18:45:29.697+0000] {logging_mixin.py:188} INFO - [2024-03-10T18:45:29.697+0000] {dag.py:3834} INFO - Setting next_dagrun for example_setup_teardown to 2024-03-09 00:00:00+00:00, run_after=2024-03-10 00:00:00+00:00
[2024-03-10T18:45:29.943+0000] {processor.py:183} INFO - Processing /home/airflow/.local/lib/python3.8/site-packages/airflow/example_dags/example_setup_teardown.py took 1.491 seconds
