[2024-03-10T18:32:46.726+0000] {processor.py:161} INFO - Started process (PID=172) to work on /home/airflow/.local/lib/python3.8/site-packages/airflow/example_dags/example_branch_labels.py
[2024-03-10T18:32:46.732+0000] {processor.py:830} INFO - Processing file /home/airflow/.local/lib/python3.8/site-packages/airflow/example_dags/example_branch_labels.py for tasks to queue
[2024-03-10T18:32:46.755+0000] {logging_mixin.py:188} INFO - [2024-03-10T18:32:46.752+0000] {dagbag.py:540} INFO - Filling up the DagBag from /home/airflow/.local/lib/python3.8/site-packages/airflow/example_dags/example_branch_labels.py
[2024-03-10T18:32:47.123+0000] {processor.py:840} INFO - DAG(s) 'example_branch_labels' retrieved from /home/airflow/.local/lib/python3.8/site-packages/airflow/example_dags/example_branch_labels.py
[2024-03-10T18:32:50.144+0000] {logging_mixin.py:188} INFO - [2024-03-10T18:32:50.125+0000] {override.py:1769} INFO - Created Permission View: can delete on DAG:example_branch_labels
[2024-03-10T18:32:50.453+0000] {logging_mixin.py:188} INFO - [2024-03-10T18:32:50.452+0000] {override.py:1769} INFO - Created Permission View: can edit on DAG:example_branch_labels
[2024-03-10T18:32:50.465+0000] {logging_mixin.py:188} INFO - [2024-03-10T18:32:50.464+0000] {override.py:1769} INFO - Created Permission View: can read on DAG:example_branch_labels
[2024-03-10T18:32:50.472+0000] {logging_mixin.py:188} INFO - [2024-03-10T18:32:50.471+0000] {dag.py:3047} INFO - Sync 1 DAGs
[2024-03-10T18:32:50.579+0000] {logging_mixin.py:188} INFO - [2024-03-10T18:32:50.579+0000] {dag.py:3069} INFO - Creating ORM DAG for example_branch_labels
[2024-03-10T18:32:50.698+0000] {logging_mixin.py:188} INFO - [2024-03-10T18:32:50.698+0000] {dag.py:3834} INFO - Setting next_dagrun for example_branch_labels to 2024-03-09 00:00:00+00:00, run_after=2024-03-10 00:00:00+00:00
[2024-03-10T18:32:50.773+0000] {processor.py:183} INFO - Processing /home/airflow/.local/lib/python3.8/site-packages/airflow/example_dags/example_branch_labels.py took 4.071 seconds
[2024-03-10T18:33:21.566+0000] {processor.py:161} INFO - Started process (PID=425) to work on /home/airflow/.local/lib/python3.8/site-packages/airflow/example_dags/example_branch_labels.py
[2024-03-10T18:33:21.570+0000] {processor.py:830} INFO - Processing file /home/airflow/.local/lib/python3.8/site-packages/airflow/example_dags/example_branch_labels.py for tasks to queue
[2024-03-10T18:33:21.577+0000] {logging_mixin.py:188} INFO - [2024-03-10T18:33:21.571+0000] {dagbag.py:540} INFO - Filling up the DagBag from /home/airflow/.local/lib/python3.8/site-packages/airflow/example_dags/example_branch_labels.py
[2024-03-10T18:33:21.616+0000] {processor.py:840} INFO - DAG(s) 'example_branch_labels' retrieved from /home/airflow/.local/lib/python3.8/site-packages/airflow/example_dags/example_branch_labels.py
[2024-03-10T18:33:21.675+0000] {logging_mixin.py:188} INFO - [2024-03-10T18:33:21.675+0000] {dag.py:3047} INFO - Sync 1 DAGs
[2024-03-10T18:33:21.720+0000] {logging_mixin.py:188} INFO - [2024-03-10T18:33:21.720+0000] {dag.py:3834} INFO - Setting next_dagrun for example_branch_labels to 2024-03-09 00:00:00+00:00, run_after=2024-03-10 00:00:00+00:00
[2024-03-10T18:33:21.742+0000] {processor.py:183} INFO - Processing /home/airflow/.local/lib/python3.8/site-packages/airflow/example_dags/example_branch_labels.py took 0.197 seconds
[2024-03-10T18:33:56.494+0000] {processor.py:161} INFO - Started process (PID=659) to work on /home/airflow/.local/lib/python3.8/site-packages/airflow/example_dags/example_branch_labels.py
[2024-03-10T18:33:56.500+0000] {processor.py:830} INFO - Processing file /home/airflow/.local/lib/python3.8/site-packages/airflow/example_dags/example_branch_labels.py for tasks to queue
[2024-03-10T18:33:56.516+0000] {logging_mixin.py:188} INFO - [2024-03-10T18:33:56.513+0000] {dagbag.py:540} INFO - Filling up the DagBag from /home/airflow/.local/lib/python3.8/site-packages/airflow/example_dags/example_branch_labels.py
[2024-03-10T18:33:56.555+0000] {processor.py:840} INFO - DAG(s) 'example_branch_labels' retrieved from /home/airflow/.local/lib/python3.8/site-packages/airflow/example_dags/example_branch_labels.py
[2024-03-10T18:33:56.686+0000] {logging_mixin.py:188} INFO - [2024-03-10T18:33:56.686+0000] {dag.py:3047} INFO - Sync 1 DAGs
[2024-03-10T18:33:56.785+0000] {logging_mixin.py:188} INFO - [2024-03-10T18:33:56.785+0000] {dag.py:3834} INFO - Setting next_dagrun for example_branch_labels to 2024-03-09 00:00:00+00:00, run_after=2024-03-10 00:00:00+00:00
[2024-03-10T18:33:56.908+0000] {processor.py:183} INFO - Processing /home/airflow/.local/lib/python3.8/site-packages/airflow/example_dags/example_branch_labels.py took 0.422 seconds
[2024-03-10T18:34:27.593+0000] {processor.py:161} INFO - Started process (PID=882) to work on /home/airflow/.local/lib/python3.8/site-packages/airflow/example_dags/example_branch_labels.py
[2024-03-10T18:34:27.597+0000] {processor.py:830} INFO - Processing file /home/airflow/.local/lib/python3.8/site-packages/airflow/example_dags/example_branch_labels.py for tasks to queue
[2024-03-10T18:34:27.599+0000] {logging_mixin.py:188} INFO - [2024-03-10T18:34:27.598+0000] {dagbag.py:540} INFO - Filling up the DagBag from /home/airflow/.local/lib/python3.8/site-packages/airflow/example_dags/example_branch_labels.py
[2024-03-10T18:34:27.614+0000] {processor.py:840} INFO - DAG(s) 'example_branch_labels' retrieved from /home/airflow/.local/lib/python3.8/site-packages/airflow/example_dags/example_branch_labels.py
[2024-03-10T18:34:27.706+0000] {logging_mixin.py:188} INFO - [2024-03-10T18:34:27.705+0000] {dag.py:3047} INFO - Sync 1 DAGs
[2024-03-10T18:34:27.790+0000] {logging_mixin.py:188} INFO - [2024-03-10T18:34:27.790+0000] {dag.py:3834} INFO - Setting next_dagrun for example_branch_labels to 2024-03-09 00:00:00+00:00, run_after=2024-03-10 00:00:00+00:00
[2024-03-10T18:34:27.842+0000] {processor.py:183} INFO - Processing /home/airflow/.local/lib/python3.8/site-packages/airflow/example_dags/example_branch_labels.py took 0.253 seconds
[2024-03-10T18:34:58.100+0000] {processor.py:161} INFO - Started process (PID=1099) to work on /home/airflow/.local/lib/python3.8/site-packages/airflow/example_dags/example_branch_labels.py
[2024-03-10T18:34:58.107+0000] {processor.py:830} INFO - Processing file /home/airflow/.local/lib/python3.8/site-packages/airflow/example_dags/example_branch_labels.py for tasks to queue
[2024-03-10T18:34:58.115+0000] {logging_mixin.py:188} INFO - [2024-03-10T18:34:58.114+0000] {dagbag.py:540} INFO - Filling up the DagBag from /home/airflow/.local/lib/python3.8/site-packages/airflow/example_dags/example_branch_labels.py
[2024-03-10T18:34:58.135+0000] {processor.py:840} INFO - DAG(s) 'example_branch_labels' retrieved from /home/airflow/.local/lib/python3.8/site-packages/airflow/example_dags/example_branch_labels.py
[2024-03-10T18:34:58.375+0000] {logging_mixin.py:188} INFO - [2024-03-10T18:34:58.374+0000] {dag.py:3047} INFO - Sync 1 DAGs
[2024-03-10T18:34:58.440+0000] {logging_mixin.py:188} INFO - [2024-03-10T18:34:58.440+0000] {dag.py:3834} INFO - Setting next_dagrun for example_branch_labels to 2024-03-09 00:00:00+00:00, run_after=2024-03-10 00:00:00+00:00
[2024-03-10T18:34:58.519+0000] {processor.py:183} INFO - Processing /home/airflow/.local/lib/python3.8/site-packages/airflow/example_dags/example_branch_labels.py took 0.428 seconds
[2024-03-10T18:35:28.756+0000] {processor.py:161} INFO - Started process (PID=1330) to work on /home/airflow/.local/lib/python3.8/site-packages/airflow/example_dags/example_branch_labels.py
[2024-03-10T18:35:28.843+0000] {processor.py:830} INFO - Processing file /home/airflow/.local/lib/python3.8/site-packages/airflow/example_dags/example_branch_labels.py for tasks to queue
[2024-03-10T18:35:28.848+0000] {logging_mixin.py:188} INFO - [2024-03-10T18:35:28.847+0000] {dagbag.py:540} INFO - Filling up the DagBag from /home/airflow/.local/lib/python3.8/site-packages/airflow/example_dags/example_branch_labels.py
[2024-03-10T18:35:28.915+0000] {processor.py:840} INFO - DAG(s) 'example_branch_labels' retrieved from /home/airflow/.local/lib/python3.8/site-packages/airflow/example_dags/example_branch_labels.py
[2024-03-10T18:35:29.116+0000] {logging_mixin.py:188} INFO - [2024-03-10T18:35:29.115+0000] {dag.py:3047} INFO - Sync 1 DAGs
[2024-03-10T18:35:29.220+0000] {logging_mixin.py:188} INFO - [2024-03-10T18:35:29.219+0000] {dag.py:3834} INFO - Setting next_dagrun for example_branch_labels to 2024-03-09 00:00:00+00:00, run_after=2024-03-10 00:00:00+00:00
[2024-03-10T18:35:29.275+0000] {processor.py:183} INFO - Processing /home/airflow/.local/lib/python3.8/site-packages/airflow/example_dags/example_branch_labels.py took 0.559 seconds
[2024-03-10T18:35:59.623+0000] {processor.py:161} INFO - Started process (PID=1574) to work on /home/airflow/.local/lib/python3.8/site-packages/airflow/example_dags/example_branch_labels.py
[2024-03-10T18:35:59.662+0000] {processor.py:830} INFO - Processing file /home/airflow/.local/lib/python3.8/site-packages/airflow/example_dags/example_branch_labels.py for tasks to queue
[2024-03-10T18:35:59.665+0000] {logging_mixin.py:188} INFO - [2024-03-10T18:35:59.664+0000] {dagbag.py:540} INFO - Filling up the DagBag from /home/airflow/.local/lib/python3.8/site-packages/airflow/example_dags/example_branch_labels.py
[2024-03-10T18:35:59.707+0000] {processor.py:840} INFO - DAG(s) 'example_branch_labels' retrieved from /home/airflow/.local/lib/python3.8/site-packages/airflow/example_dags/example_branch_labels.py
[2024-03-10T18:35:59.815+0000] {logging_mixin.py:188} INFO - [2024-03-10T18:35:59.814+0000] {dag.py:3047} INFO - Sync 1 DAGs
[2024-03-10T18:35:59.868+0000] {logging_mixin.py:188} INFO - [2024-03-10T18:35:59.867+0000] {dag.py:3834} INFO - Setting next_dagrun for example_branch_labels to 2024-03-09 00:00:00+00:00, run_after=2024-03-10 00:00:00+00:00
[2024-03-10T18:35:59.899+0000] {processor.py:183} INFO - Processing /home/airflow/.local/lib/python3.8/site-packages/airflow/example_dags/example_branch_labels.py took 0.308 seconds
[2024-03-10T18:36:30.536+0000] {processor.py:161} INFO - Started process (PID=1804) to work on /home/airflow/.local/lib/python3.8/site-packages/airflow/example_dags/example_branch_labels.py
[2024-03-10T18:36:30.548+0000] {processor.py:830} INFO - Processing file /home/airflow/.local/lib/python3.8/site-packages/airflow/example_dags/example_branch_labels.py for tasks to queue
[2024-03-10T18:36:30.567+0000] {logging_mixin.py:188} INFO - [2024-03-10T18:36:30.565+0000] {dagbag.py:540} INFO - Filling up the DagBag from /home/airflow/.local/lib/python3.8/site-packages/airflow/example_dags/example_branch_labels.py
[2024-03-10T18:36:30.637+0000] {processor.py:840} INFO - DAG(s) 'example_branch_labels' retrieved from /home/airflow/.local/lib/python3.8/site-packages/airflow/example_dags/example_branch_labels.py
[2024-03-10T18:36:30.831+0000] {logging_mixin.py:188} INFO - [2024-03-10T18:36:30.829+0000] {dag.py:3047} INFO - Sync 1 DAGs
[2024-03-10T18:36:31.082+0000] {logging_mixin.py:188} INFO - [2024-03-10T18:36:31.080+0000] {dag.py:3834} INFO - Setting next_dagrun for example_branch_labels to 2024-03-09 00:00:00+00:00, run_after=2024-03-10 00:00:00+00:00
[2024-03-10T18:36:31.176+0000] {processor.py:183} INFO - Processing /home/airflow/.local/lib/python3.8/site-packages/airflow/example_dags/example_branch_labels.py took 0.682 seconds
[2024-03-10T18:37:01.955+0000] {processor.py:161} INFO - Started process (PID=2040) to work on /home/airflow/.local/lib/python3.8/site-packages/airflow/example_dags/example_branch_labels.py
[2024-03-10T18:37:01.959+0000] {processor.py:830} INFO - Processing file /home/airflow/.local/lib/python3.8/site-packages/airflow/example_dags/example_branch_labels.py for tasks to queue
[2024-03-10T18:37:01.962+0000] {logging_mixin.py:188} INFO - [2024-03-10T18:37:01.961+0000] {dagbag.py:540} INFO - Filling up the DagBag from /home/airflow/.local/lib/python3.8/site-packages/airflow/example_dags/example_branch_labels.py
[2024-03-10T18:37:01.988+0000] {processor.py:840} INFO - DAG(s) 'example_branch_labels' retrieved from /home/airflow/.local/lib/python3.8/site-packages/airflow/example_dags/example_branch_labels.py
[2024-03-10T18:37:02.041+0000] {logging_mixin.py:188} INFO - [2024-03-10T18:37:02.041+0000] {dag.py:3047} INFO - Sync 1 DAGs
[2024-03-10T18:37:02.098+0000] {logging_mixin.py:188} INFO - [2024-03-10T18:37:02.097+0000] {dag.py:3834} INFO - Setting next_dagrun for example_branch_labels to 2024-03-09 00:00:00+00:00, run_after=2024-03-10 00:00:00+00:00
[2024-03-10T18:37:02.151+0000] {processor.py:183} INFO - Processing /home/airflow/.local/lib/python3.8/site-packages/airflow/example_dags/example_branch_labels.py took 0.204 seconds
[2024-03-10T18:37:33.625+0000] {processor.py:161} INFO - Started process (PID=2284) to work on /home/airflow/.local/lib/python3.8/site-packages/airflow/example_dags/example_branch_labels.py
[2024-03-10T18:37:33.645+0000] {processor.py:830} INFO - Processing file /home/airflow/.local/lib/python3.8/site-packages/airflow/example_dags/example_branch_labels.py for tasks to queue
[2024-03-10T18:37:33.657+0000] {logging_mixin.py:188} INFO - [2024-03-10T18:37:33.655+0000] {dagbag.py:540} INFO - Filling up the DagBag from /home/airflow/.local/lib/python3.8/site-packages/airflow/example_dags/example_branch_labels.py
[2024-03-10T18:37:33.771+0000] {processor.py:840} INFO - DAG(s) 'example_branch_labels' retrieved from /home/airflow/.local/lib/python3.8/site-packages/airflow/example_dags/example_branch_labels.py
[2024-03-10T18:37:33.938+0000] {logging_mixin.py:188} INFO - [2024-03-10T18:37:33.937+0000] {dag.py:3047} INFO - Sync 1 DAGs
[2024-03-10T18:37:33.983+0000] {logging_mixin.py:188} INFO - [2024-03-10T18:37:33.983+0000] {dag.py:3834} INFO - Setting next_dagrun for example_branch_labels to 2024-03-09 00:00:00+00:00, run_after=2024-03-10 00:00:00+00:00
[2024-03-10T18:37:34.109+0000] {processor.py:183} INFO - Processing /home/airflow/.local/lib/python3.8/site-packages/airflow/example_dags/example_branch_labels.py took 0.560 seconds
[2024-03-10T18:38:05.188+0000] {processor.py:161} INFO - Started process (PID=2532) to work on /home/airflow/.local/lib/python3.8/site-packages/airflow/example_dags/example_branch_labels.py
[2024-03-10T18:38:05.205+0000] {processor.py:830} INFO - Processing file /home/airflow/.local/lib/python3.8/site-packages/airflow/example_dags/example_branch_labels.py for tasks to queue
[2024-03-10T18:38:05.232+0000] {logging_mixin.py:188} INFO - [2024-03-10T18:38:05.220+0000] {dagbag.py:540} INFO - Filling up the DagBag from /home/airflow/.local/lib/python3.8/site-packages/airflow/example_dags/example_branch_labels.py
[2024-03-10T18:38:05.323+0000] {processor.py:840} INFO - DAG(s) 'example_branch_labels' retrieved from /home/airflow/.local/lib/python3.8/site-packages/airflow/example_dags/example_branch_labels.py
[2024-03-10T18:38:05.461+0000] {logging_mixin.py:188} INFO - [2024-03-10T18:38:05.460+0000] {dag.py:3047} INFO - Sync 1 DAGs
[2024-03-10T18:38:05.594+0000] {logging_mixin.py:188} INFO - [2024-03-10T18:38:05.591+0000] {dag.py:3834} INFO - Setting next_dagrun for example_branch_labels to 2024-03-09 00:00:00+00:00, run_after=2024-03-10 00:00:00+00:00
[2024-03-10T18:38:05.659+0000] {processor.py:183} INFO - Processing /home/airflow/.local/lib/python3.8/site-packages/airflow/example_dags/example_branch_labels.py took 0.531 seconds
[2024-03-10T18:38:36.547+0000] {processor.py:161} INFO - Started process (PID=2779) to work on /home/airflow/.local/lib/python3.8/site-packages/airflow/example_dags/example_branch_labels.py
[2024-03-10T18:38:36.552+0000] {processor.py:830} INFO - Processing file /home/airflow/.local/lib/python3.8/site-packages/airflow/example_dags/example_branch_labels.py for tasks to queue
[2024-03-10T18:38:36.571+0000] {logging_mixin.py:188} INFO - [2024-03-10T18:38:36.569+0000] {dagbag.py:540} INFO - Filling up the DagBag from /home/airflow/.local/lib/python3.8/site-packages/airflow/example_dags/example_branch_labels.py
[2024-03-10T18:38:36.603+0000] {processor.py:840} INFO - DAG(s) 'example_branch_labels' retrieved from /home/airflow/.local/lib/python3.8/site-packages/airflow/example_dags/example_branch_labels.py
[2024-03-10T18:38:36.709+0000] {logging_mixin.py:188} INFO - [2024-03-10T18:38:36.708+0000] {dag.py:3047} INFO - Sync 1 DAGs
[2024-03-10T18:38:36.788+0000] {logging_mixin.py:188} INFO - [2024-03-10T18:38:36.787+0000] {dag.py:3834} INFO - Setting next_dagrun for example_branch_labels to 2024-03-09 00:00:00+00:00, run_after=2024-03-10 00:00:00+00:00
[2024-03-10T18:38:36.821+0000] {processor.py:183} INFO - Processing /home/airflow/.local/lib/python3.8/site-packages/airflow/example_dags/example_branch_labels.py took 0.287 seconds
[2024-03-10T18:39:07.289+0000] {processor.py:161} INFO - Started process (PID=3026) to work on /home/airflow/.local/lib/python3.8/site-packages/airflow/example_dags/example_branch_labels.py
[2024-03-10T18:39:07.300+0000] {processor.py:830} INFO - Processing file /home/airflow/.local/lib/python3.8/site-packages/airflow/example_dags/example_branch_labels.py for tasks to queue
[2024-03-10T18:39:07.312+0000] {logging_mixin.py:188} INFO - [2024-03-10T18:39:07.309+0000] {dagbag.py:540} INFO - Filling up the DagBag from /home/airflow/.local/lib/python3.8/site-packages/airflow/example_dags/example_branch_labels.py
[2024-03-10T18:39:07.400+0000] {processor.py:840} INFO - DAG(s) 'example_branch_labels' retrieved from /home/airflow/.local/lib/python3.8/site-packages/airflow/example_dags/example_branch_labels.py
[2024-03-10T18:39:07.605+0000] {logging_mixin.py:188} INFO - [2024-03-10T18:39:07.605+0000] {dag.py:3047} INFO - Sync 1 DAGs
[2024-03-10T18:39:07.704+0000] {logging_mixin.py:188} INFO - [2024-03-10T18:39:07.703+0000] {dag.py:3834} INFO - Setting next_dagrun for example_branch_labels to 2024-03-09 00:00:00+00:00, run_after=2024-03-10 00:00:00+00:00
[2024-03-10T18:39:07.802+0000] {processor.py:183} INFO - Processing /home/airflow/.local/lib/python3.8/site-packages/airflow/example_dags/example_branch_labels.py took 0.544 seconds
[2024-03-10T18:39:42.870+0000] {processor.py:161} INFO - Started process (PID=3260) to work on /home/airflow/.local/lib/python3.8/site-packages/airflow/example_dags/example_branch_labels.py
[2024-03-10T18:39:42.873+0000] {processor.py:830} INFO - Processing file /home/airflow/.local/lib/python3.8/site-packages/airflow/example_dags/example_branch_labels.py for tasks to queue
[2024-03-10T18:39:42.877+0000] {logging_mixin.py:188} INFO - [2024-03-10T18:39:42.876+0000] {dagbag.py:540} INFO - Filling up the DagBag from /home/airflow/.local/lib/python3.8/site-packages/airflow/example_dags/example_branch_labels.py
[2024-03-10T18:39:42.908+0000] {processor.py:840} INFO - DAG(s) 'example_branch_labels' retrieved from /home/airflow/.local/lib/python3.8/site-packages/airflow/example_dags/example_branch_labels.py
[2024-03-10T18:39:43.021+0000] {logging_mixin.py:188} INFO - [2024-03-10T18:39:43.020+0000] {dag.py:3047} INFO - Sync 1 DAGs
[2024-03-10T18:39:43.176+0000] {logging_mixin.py:188} INFO - [2024-03-10T18:39:43.175+0000] {dag.py:3834} INFO - Setting next_dagrun for example_branch_labels to 2024-03-09 00:00:00+00:00, run_after=2024-03-10 00:00:00+00:00
[2024-03-10T18:39:43.296+0000] {processor.py:183} INFO - Processing /home/airflow/.local/lib/python3.8/site-packages/airflow/example_dags/example_branch_labels.py took 0.434 seconds
[2024-03-10T18:40:13.612+0000] {processor.py:161} INFO - Started process (PID=3509) to work on /home/airflow/.local/lib/python3.8/site-packages/airflow/example_dags/example_branch_labels.py
[2024-03-10T18:40:13.616+0000] {processor.py:830} INFO - Processing file /home/airflow/.local/lib/python3.8/site-packages/airflow/example_dags/example_branch_labels.py for tasks to queue
[2024-03-10T18:40:13.621+0000] {logging_mixin.py:188} INFO - [2024-03-10T18:40:13.620+0000] {dagbag.py:540} INFO - Filling up the DagBag from /home/airflow/.local/lib/python3.8/site-packages/airflow/example_dags/example_branch_labels.py
[2024-03-10T18:40:13.635+0000] {processor.py:840} INFO - DAG(s) 'example_branch_labels' retrieved from /home/airflow/.local/lib/python3.8/site-packages/airflow/example_dags/example_branch_labels.py
[2024-03-10T18:40:13.678+0000] {logging_mixin.py:188} INFO - [2024-03-10T18:40:13.677+0000] {dag.py:3047} INFO - Sync 1 DAGs
[2024-03-10T18:40:13.727+0000] {logging_mixin.py:188} INFO - [2024-03-10T18:40:13.727+0000] {dag.py:3834} INFO - Setting next_dagrun for example_branch_labels to 2024-03-09 00:00:00+00:00, run_after=2024-03-10 00:00:00+00:00
[2024-03-10T18:40:13.763+0000] {processor.py:183} INFO - Processing /home/airflow/.local/lib/python3.8/site-packages/airflow/example_dags/example_branch_labels.py took 0.158 seconds
[2024-03-10T18:40:47.056+0000] {processor.py:161} INFO - Started process (PID=3756) to work on /home/airflow/.local/lib/python3.8/site-packages/airflow/example_dags/example_branch_labels.py
[2024-03-10T18:40:47.063+0000] {processor.py:830} INFO - Processing file /home/airflow/.local/lib/python3.8/site-packages/airflow/example_dags/example_branch_labels.py for tasks to queue
[2024-03-10T18:40:47.074+0000] {logging_mixin.py:188} INFO - [2024-03-10T18:40:47.072+0000] {dagbag.py:540} INFO - Filling up the DagBag from /home/airflow/.local/lib/python3.8/site-packages/airflow/example_dags/example_branch_labels.py
[2024-03-10T18:40:47.129+0000] {processor.py:840} INFO - DAG(s) 'example_branch_labels' retrieved from /home/airflow/.local/lib/python3.8/site-packages/airflow/example_dags/example_branch_labels.py
[2024-03-10T18:40:47.622+0000] {logging_mixin.py:188} INFO - [2024-03-10T18:40:47.620+0000] {dag.py:3047} INFO - Sync 1 DAGs
[2024-03-10T18:40:48.474+0000] {logging_mixin.py:188} INFO - [2024-03-10T18:40:48.471+0000] {dag.py:3834} INFO - Setting next_dagrun for example_branch_labels to 2024-03-09 00:00:00+00:00, run_after=2024-03-10 00:00:00+00:00
[2024-03-10T18:40:48.569+0000] {processor.py:183} INFO - Processing /home/airflow/.local/lib/python3.8/site-packages/airflow/example_dags/example_branch_labels.py took 1.520 seconds
[2024-03-10T18:41:18.867+0000] {processor.py:161} INFO - Started process (PID=4001) to work on /home/airflow/.local/lib/python3.8/site-packages/airflow/example_dags/example_branch_labels.py
[2024-03-10T18:41:18.875+0000] {processor.py:830} INFO - Processing file /home/airflow/.local/lib/python3.8/site-packages/airflow/example_dags/example_branch_labels.py for tasks to queue
[2024-03-10T18:41:18.886+0000] {logging_mixin.py:188} INFO - [2024-03-10T18:41:18.883+0000] {dagbag.py:540} INFO - Filling up the DagBag from /home/airflow/.local/lib/python3.8/site-packages/airflow/example_dags/example_branch_labels.py
[2024-03-10T18:41:18.921+0000] {processor.py:840} INFO - DAG(s) 'example_branch_labels' retrieved from /home/airflow/.local/lib/python3.8/site-packages/airflow/example_dags/example_branch_labels.py
[2024-03-10T18:41:19.217+0000] {logging_mixin.py:188} INFO - [2024-03-10T18:41:19.216+0000] {dag.py:3047} INFO - Sync 1 DAGs
[2024-03-10T18:41:19.262+0000] {logging_mixin.py:188} INFO - [2024-03-10T18:41:19.262+0000] {dag.py:3834} INFO - Setting next_dagrun for example_branch_labels to 2024-03-09 00:00:00+00:00, run_after=2024-03-10 00:00:00+00:00
[2024-03-10T18:41:19.317+0000] {processor.py:183} INFO - Processing /home/airflow/.local/lib/python3.8/site-packages/airflow/example_dags/example_branch_labels.py took 0.466 seconds
[2024-03-10T18:41:49.411+0000] {processor.py:161} INFO - Started process (PID=4237) to work on /home/airflow/.local/lib/python3.8/site-packages/airflow/example_dags/example_branch_labels.py
[2024-03-10T18:41:49.415+0000] {processor.py:830} INFO - Processing file /home/airflow/.local/lib/python3.8/site-packages/airflow/example_dags/example_branch_labels.py for tasks to queue
[2024-03-10T18:41:49.418+0000] {logging_mixin.py:188} INFO - [2024-03-10T18:41:49.417+0000] {dagbag.py:540} INFO - Filling up the DagBag from /home/airflow/.local/lib/python3.8/site-packages/airflow/example_dags/example_branch_labels.py
[2024-03-10T18:41:49.436+0000] {processor.py:840} INFO - DAG(s) 'example_branch_labels' retrieved from /home/airflow/.local/lib/python3.8/site-packages/airflow/example_dags/example_branch_labels.py
[2024-03-10T18:41:49.499+0000] {logging_mixin.py:188} INFO - [2024-03-10T18:41:49.499+0000] {dag.py:3047} INFO - Sync 1 DAGs
[2024-03-10T18:41:49.535+0000] {logging_mixin.py:188} INFO - [2024-03-10T18:41:49.535+0000] {dag.py:3834} INFO - Setting next_dagrun for example_branch_labels to 2024-03-09 00:00:00+00:00, run_after=2024-03-10 00:00:00+00:00
[2024-03-10T18:41:49.568+0000] {processor.py:183} INFO - Processing /home/airflow/.local/lib/python3.8/site-packages/airflow/example_dags/example_branch_labels.py took 0.164 seconds
[2024-03-10T18:42:23.899+0000] {processor.py:161} INFO - Started process (PID=4459) to work on /home/airflow/.local/lib/python3.8/site-packages/airflow/example_dags/example_branch_labels.py
[2024-03-10T18:42:23.928+0000] {processor.py:830} INFO - Processing file /home/airflow/.local/lib/python3.8/site-packages/airflow/example_dags/example_branch_labels.py for tasks to queue
[2024-03-10T18:42:23.950+0000] {logging_mixin.py:188} INFO - [2024-03-10T18:42:23.946+0000] {dagbag.py:540} INFO - Filling up the DagBag from /home/airflow/.local/lib/python3.8/site-packages/airflow/example_dags/example_branch_labels.py
[2024-03-10T18:42:24.146+0000] {processor.py:840} INFO - DAG(s) 'example_branch_labels' retrieved from /home/airflow/.local/lib/python3.8/site-packages/airflow/example_dags/example_branch_labels.py
[2024-03-10T18:42:24.643+0000] {logging_mixin.py:188} INFO - [2024-03-10T18:42:24.636+0000] {dag.py:3047} INFO - Sync 1 DAGs
[2024-03-10T18:42:25.502+0000] {logging_mixin.py:188} INFO - [2024-03-10T18:42:25.498+0000] {dag.py:3834} INFO - Setting next_dagrun for example_branch_labels to 2024-03-09 00:00:00+00:00, run_after=2024-03-10 00:00:00+00:00
[2024-03-10T18:42:25.970+0000] {processor.py:183} INFO - Processing /home/airflow/.local/lib/python3.8/site-packages/airflow/example_dags/example_branch_labels.py took 2.124 seconds
[2024-03-10T18:43:03.661+0000] {processor.py:161} INFO - Started process (PID=4649) to work on /home/airflow/.local/lib/python3.8/site-packages/airflow/example_dags/example_branch_labels.py
[2024-03-10T18:43:03.692+0000] {processor.py:830} INFO - Processing file /home/airflow/.local/lib/python3.8/site-packages/airflow/example_dags/example_branch_labels.py for tasks to queue
[2024-03-10T18:43:03.723+0000] {logging_mixin.py:188} INFO - [2024-03-10T18:43:03.721+0000] {dagbag.py:540} INFO - Filling up the DagBag from /home/airflow/.local/lib/python3.8/site-packages/airflow/example_dags/example_branch_labels.py
[2024-03-10T18:43:03.789+0000] {processor.py:840} INFO - DAG(s) 'example_branch_labels' retrieved from /home/airflow/.local/lib/python3.8/site-packages/airflow/example_dags/example_branch_labels.py
[2024-03-10T18:43:04.084+0000] {logging_mixin.py:188} INFO - [2024-03-10T18:43:04.082+0000] {dag.py:3047} INFO - Sync 1 DAGs
[2024-03-10T18:43:05.756+0000] {logging_mixin.py:188} INFO - [2024-03-10T18:43:05.748+0000] {dag.py:3834} INFO - Setting next_dagrun for example_branch_labels to 2024-03-09 00:00:00+00:00, run_after=2024-03-10 00:00:00+00:00
[2024-03-10T18:43:06.041+0000] {processor.py:183} INFO - Processing /home/airflow/.local/lib/python3.8/site-packages/airflow/example_dags/example_branch_labels.py took 2.399 seconds
[2024-03-10T18:44:34.267+0000] {processor.py:161} INFO - Started process (PID=4874) to work on /home/airflow/.local/lib/python3.8/site-packages/airflow/example_dags/example_branch_labels.py
[2024-03-10T18:44:34.644+0000] {processor.py:830} INFO - Processing file /home/airflow/.local/lib/python3.8/site-packages/airflow/example_dags/example_branch_labels.py for tasks to queue
[2024-03-10T18:44:35.063+0000] {logging_mixin.py:188} INFO - [2024-03-10T18:44:34.939+0000] {dagbag.py:540} INFO - Filling up the DagBag from /home/airflow/.local/lib/python3.8/site-packages/airflow/example_dags/example_branch_labels.py
[2024-03-10T18:44:39.781+0000] {processor.py:840} INFO - DAG(s) 'example_branch_labels' retrieved from /home/airflow/.local/lib/python3.8/site-packages/airflow/example_dags/example_branch_labels.py
[2024-03-10T18:44:41.717+0000] {logging_mixin.py:188} INFO - [2024-03-10T18:44:41.701+0000] {dag.py:3047} INFO - Sync 1 DAGs
[2024-03-10T18:44:42.308+0000] {logging_mixin.py:188} INFO - [2024-03-10T18:44:42.303+0000] {dag.py:3834} INFO - Setting next_dagrun for example_branch_labels to 2024-03-09 00:00:00+00:00, run_after=2024-03-10 00:00:00+00:00
[2024-03-10T18:44:44.183+0000] {processor.py:183} INFO - Processing /home/airflow/.local/lib/python3.8/site-packages/airflow/example_dags/example_branch_labels.py took 12.214 seconds
