[2024-03-10T18:33:14.864+0000] {processor.py:161} INFO - Started process (PID=366) to work on /home/airflow/.local/lib/python3.8/site-packages/airflow/example_dags/example_external_task_marker_dag.py
[2024-03-10T18:33:14.867+0000] {processor.py:830} INFO - Processing file /home/airflow/.local/lib/python3.8/site-packages/airflow/example_dags/example_external_task_marker_dag.py for tasks to queue
[2024-03-10T18:33:14.869+0000] {logging_mixin.py:188} INFO - [2024-03-10T18:33:14.869+0000] {dagbag.py:540} INFO - Filling up the DagBag from /home/airflow/.local/lib/python3.8/site-packages/airflow/example_dags/example_external_task_marker_dag.py
[2024-03-10T18:33:14.884+0000] {processor.py:840} INFO - DAG(s) 'example_external_task_marker_child', 'example_external_task_marker_parent' retrieved from /home/airflow/.local/lib/python3.8/site-packages/airflow/example_dags/example_external_task_marker_dag.py
[2024-03-10T18:33:15.027+0000] {logging_mixin.py:188} INFO - [2024-03-10T18:33:15.026+0000] {override.py:1769} INFO - Created Permission View: can delete on DAG:example_external_task_marker_child
[2024-03-10T18:33:15.044+0000] {logging_mixin.py:188} INFO - [2024-03-10T18:33:15.044+0000] {override.py:1769} INFO - Created Permission View: can edit on DAG:example_external_task_marker_child
[2024-03-10T18:33:15.055+0000] {logging_mixin.py:188} INFO - [2024-03-10T18:33:15.055+0000] {override.py:1769} INFO - Created Permission View: can read on DAG:example_external_task_marker_child
[2024-03-10T18:33:15.085+0000] {logging_mixin.py:188} INFO - [2024-03-10T18:33:15.085+0000] {override.py:1769} INFO - Created Permission View: can delete on DAG:example_external_task_marker_parent
[2024-03-10T18:33:15.097+0000] {logging_mixin.py:188} INFO - [2024-03-10T18:33:15.096+0000] {override.py:1769} INFO - Created Permission View: can edit on DAG:example_external_task_marker_parent
[2024-03-10T18:33:15.103+0000] {logging_mixin.py:188} INFO - [2024-03-10T18:33:15.103+0000] {override.py:1769} INFO - Created Permission View: can read on DAG:example_external_task_marker_parent
[2024-03-10T18:33:15.105+0000] {logging_mixin.py:188} INFO - [2024-03-10T18:33:15.105+0000] {dag.py:3047} INFO - Sync 2 DAGs
[2024-03-10T18:33:15.124+0000] {logging_mixin.py:188} INFO - [2024-03-10T18:33:15.124+0000] {dag.py:3069} INFO - Creating ORM DAG for example_external_task_marker_child
[2024-03-10T18:33:15.126+0000] {logging_mixin.py:188} INFO - [2024-03-10T18:33:15.125+0000] {dag.py:3069} INFO - Creating ORM DAG for example_external_task_marker_parent
[2024-03-10T18:33:15.129+0000] {logging_mixin.py:188} INFO - [2024-03-10T18:33:15.129+0000] {dag.py:3834} INFO - Setting next_dagrun for example_external_task_marker_child to None, run_after=None
[2024-03-10T18:33:15.131+0000] {logging_mixin.py:188} INFO - [2024-03-10T18:33:15.131+0000] {dag.py:3834} INFO - Setting next_dagrun for example_external_task_marker_parent to None, run_after=None
[2024-03-10T18:33:15.155+0000] {processor.py:183} INFO - Processing /home/airflow/.local/lib/python3.8/site-packages/airflow/example_dags/example_external_task_marker_dag.py took 0.298 seconds
[2024-03-10T18:33:55.331+0000] {processor.py:161} INFO - Started process (PID=619) to work on /home/airflow/.local/lib/python3.8/site-packages/airflow/example_dags/example_external_task_marker_dag.py
[2024-03-10T18:33:55.336+0000] {processor.py:830} INFO - Processing file /home/airflow/.local/lib/python3.8/site-packages/airflow/example_dags/example_external_task_marker_dag.py for tasks to queue
[2024-03-10T18:33:55.339+0000] {logging_mixin.py:188} INFO - [2024-03-10T18:33:55.338+0000] {dagbag.py:540} INFO - Filling up the DagBag from /home/airflow/.local/lib/python3.8/site-packages/airflow/example_dags/example_external_task_marker_dag.py
[2024-03-10T18:33:55.351+0000] {processor.py:840} INFO - DAG(s) 'example_external_task_marker_child', 'example_external_task_marker_parent' retrieved from /home/airflow/.local/lib/python3.8/site-packages/airflow/example_dags/example_external_task_marker_dag.py
[2024-03-10T18:33:55.418+0000] {logging_mixin.py:188} INFO - [2024-03-10T18:33:55.418+0000] {dag.py:3047} INFO - Sync 2 DAGs
[2024-03-10T18:33:55.446+0000] {logging_mixin.py:188} INFO - [2024-03-10T18:33:55.445+0000] {dag.py:3834} INFO - Setting next_dagrun for example_external_task_marker_child to None, run_after=None
[2024-03-10T18:33:55.452+0000] {logging_mixin.py:188} INFO - [2024-03-10T18:33:55.452+0000] {dag.py:3834} INFO - Setting next_dagrun for example_external_task_marker_parent to None, run_after=None
[2024-03-10T18:33:55.486+0000] {processor.py:183} INFO - Processing /home/airflow/.local/lib/python3.8/site-packages/airflow/example_dags/example_external_task_marker_dag.py took 0.165 seconds
[2024-03-10T18:34:26.421+0000] {processor.py:161} INFO - Started process (PID=867) to work on /home/airflow/.local/lib/python3.8/site-packages/airflow/example_dags/example_external_task_marker_dag.py
[2024-03-10T18:34:26.431+0000] {processor.py:830} INFO - Processing file /home/airflow/.local/lib/python3.8/site-packages/airflow/example_dags/example_external_task_marker_dag.py for tasks to queue
[2024-03-10T18:34:26.434+0000] {logging_mixin.py:188} INFO - [2024-03-10T18:34:26.433+0000] {dagbag.py:540} INFO - Filling up the DagBag from /home/airflow/.local/lib/python3.8/site-packages/airflow/example_dags/example_external_task_marker_dag.py
[2024-03-10T18:34:26.448+0000] {processor.py:840} INFO - DAG(s) 'example_external_task_marker_parent', 'example_external_task_marker_child' retrieved from /home/airflow/.local/lib/python3.8/site-packages/airflow/example_dags/example_external_task_marker_dag.py
[2024-03-10T18:34:26.522+0000] {logging_mixin.py:188} INFO - [2024-03-10T18:34:26.522+0000] {dag.py:3047} INFO - Sync 2 DAGs
[2024-03-10T18:34:26.555+0000] {logging_mixin.py:188} INFO - [2024-03-10T18:34:26.554+0000] {dag.py:3834} INFO - Setting next_dagrun for example_external_task_marker_child to None, run_after=None
[2024-03-10T18:34:26.571+0000] {logging_mixin.py:188} INFO - [2024-03-10T18:34:26.570+0000] {dag.py:3834} INFO - Setting next_dagrun for example_external_task_marker_parent to None, run_after=None
[2024-03-10T18:34:26.597+0000] {processor.py:183} INFO - Processing /home/airflow/.local/lib/python3.8/site-packages/airflow/example_dags/example_external_task_marker_dag.py took 0.188 seconds
[2024-03-10T18:34:58.911+0000] {processor.py:161} INFO - Started process (PID=1114) to work on /home/airflow/.local/lib/python3.8/site-packages/airflow/example_dags/example_external_task_marker_dag.py
[2024-03-10T18:34:58.917+0000] {processor.py:830} INFO - Processing file /home/airflow/.local/lib/python3.8/site-packages/airflow/example_dags/example_external_task_marker_dag.py for tasks to queue
[2024-03-10T18:34:58.924+0000] {logging_mixin.py:188} INFO - [2024-03-10T18:34:58.923+0000] {dagbag.py:540} INFO - Filling up the DagBag from /home/airflow/.local/lib/python3.8/site-packages/airflow/example_dags/example_external_task_marker_dag.py
[2024-03-10T18:34:58.940+0000] {processor.py:840} INFO - DAG(s) 'example_external_task_marker_child', 'example_external_task_marker_parent' retrieved from /home/airflow/.local/lib/python3.8/site-packages/airflow/example_dags/example_external_task_marker_dag.py
[2024-03-10T18:34:59.055+0000] {logging_mixin.py:188} INFO - [2024-03-10T18:34:59.055+0000] {dag.py:3047} INFO - Sync 2 DAGs
[2024-03-10T18:34:59.089+0000] {logging_mixin.py:188} INFO - [2024-03-10T18:34:59.087+0000] {dag.py:3834} INFO - Setting next_dagrun for example_external_task_marker_child to None, run_after=None
[2024-03-10T18:34:59.101+0000] {logging_mixin.py:188} INFO - [2024-03-10T18:34:59.101+0000] {dag.py:3834} INFO - Setting next_dagrun for example_external_task_marker_parent to None, run_after=None
[2024-03-10T18:34:59.160+0000] {processor.py:183} INFO - Processing /home/airflow/.local/lib/python3.8/site-packages/airflow/example_dags/example_external_task_marker_dag.py took 0.257 seconds
[2024-03-10T18:35:31.081+0000] {processor.py:161} INFO - Started process (PID=1361) to work on /home/airflow/.local/lib/python3.8/site-packages/airflow/example_dags/example_external_task_marker_dag.py
[2024-03-10T18:35:31.655+0000] {processor.py:830} INFO - Processing file /home/airflow/.local/lib/python3.8/site-packages/airflow/example_dags/example_external_task_marker_dag.py for tasks to queue
[2024-03-10T18:35:31.694+0000] {logging_mixin.py:188} INFO - [2024-03-10T18:35:31.687+0000] {dagbag.py:540} INFO - Filling up the DagBag from /home/airflow/.local/lib/python3.8/site-packages/airflow/example_dags/example_external_task_marker_dag.py
[2024-03-10T18:35:31.985+0000] {processor.py:840} INFO - DAG(s) 'example_external_task_marker_child', 'example_external_task_marker_parent' retrieved from /home/airflow/.local/lib/python3.8/site-packages/airflow/example_dags/example_external_task_marker_dag.py
[2024-03-10T18:35:32.768+0000] {logging_mixin.py:188} INFO - [2024-03-10T18:35:32.757+0000] {dag.py:3047} INFO - Sync 2 DAGs
[2024-03-10T18:35:33.524+0000] {logging_mixin.py:188} INFO - [2024-03-10T18:35:33.515+0000] {dag.py:3834} INFO - Setting next_dagrun for example_external_task_marker_child to None, run_after=None
[2024-03-10T18:35:33.590+0000] {logging_mixin.py:188} INFO - [2024-03-10T18:35:33.588+0000] {dag.py:3834} INFO - Setting next_dagrun for example_external_task_marker_parent to None, run_after=None
[2024-03-10T18:35:33.725+0000] {processor.py:183} INFO - Processing /home/airflow/.local/lib/python3.8/site-packages/airflow/example_dags/example_external_task_marker_dag.py took 2.657 seconds
[2024-03-10T18:36:09.303+0000] {processor.py:161} INFO - Started process (PID=1620) to work on /home/airflow/.local/lib/python3.8/site-packages/airflow/example_dags/example_external_task_marker_dag.py
[2024-03-10T18:36:09.324+0000] {processor.py:830} INFO - Processing file /home/airflow/.local/lib/python3.8/site-packages/airflow/example_dags/example_external_task_marker_dag.py for tasks to queue
[2024-03-10T18:36:09.327+0000] {logging_mixin.py:188} INFO - [2024-03-10T18:36:09.326+0000] {dagbag.py:540} INFO - Filling up the DagBag from /home/airflow/.local/lib/python3.8/site-packages/airflow/example_dags/example_external_task_marker_dag.py
[2024-03-10T18:36:09.362+0000] {processor.py:840} INFO - DAG(s) 'example_external_task_marker_parent', 'example_external_task_marker_child' retrieved from /home/airflow/.local/lib/python3.8/site-packages/airflow/example_dags/example_external_task_marker_dag.py
[2024-03-10T18:36:09.493+0000] {logging_mixin.py:188} INFO - [2024-03-10T18:36:09.492+0000] {dag.py:3047} INFO - Sync 2 DAGs
[2024-03-10T18:36:09.616+0000] {logging_mixin.py:188} INFO - [2024-03-10T18:36:09.612+0000] {dag.py:3834} INFO - Setting next_dagrun for example_external_task_marker_child to None, run_after=None
[2024-03-10T18:36:09.666+0000] {logging_mixin.py:188} INFO - [2024-03-10T18:36:09.665+0000] {dag.py:3834} INFO - Setting next_dagrun for example_external_task_marker_parent to None, run_after=None
[2024-03-10T18:36:09.775+0000] {processor.py:183} INFO - Processing /home/airflow/.local/lib/python3.8/site-packages/airflow/example_dags/example_external_task_marker_dag.py took 0.489 seconds
[2024-03-10T18:36:39.939+0000] {processor.py:161} INFO - Started process (PID=1867) to work on /home/airflow/.local/lib/python3.8/site-packages/airflow/example_dags/example_external_task_marker_dag.py
[2024-03-10T18:36:39.948+0000] {processor.py:830} INFO - Processing file /home/airflow/.local/lib/python3.8/site-packages/airflow/example_dags/example_external_task_marker_dag.py for tasks to queue
[2024-03-10T18:36:39.950+0000] {logging_mixin.py:188} INFO - [2024-03-10T18:36:39.949+0000] {dagbag.py:540} INFO - Filling up the DagBag from /home/airflow/.local/lib/python3.8/site-packages/airflow/example_dags/example_external_task_marker_dag.py
[2024-03-10T18:36:39.970+0000] {processor.py:840} INFO - DAG(s) 'example_external_task_marker_child', 'example_external_task_marker_parent' retrieved from /home/airflow/.local/lib/python3.8/site-packages/airflow/example_dags/example_external_task_marker_dag.py
[2024-03-10T18:36:40.018+0000] {logging_mixin.py:188} INFO - [2024-03-10T18:36:40.018+0000] {dag.py:3047} INFO - Sync 2 DAGs
[2024-03-10T18:36:40.044+0000] {logging_mixin.py:188} INFO - [2024-03-10T18:36:40.043+0000] {dag.py:3834} INFO - Setting next_dagrun for example_external_task_marker_child to None, run_after=None
[2024-03-10T18:36:40.080+0000] {logging_mixin.py:188} INFO - [2024-03-10T18:36:40.077+0000] {dag.py:3834} INFO - Setting next_dagrun for example_external_task_marker_parent to None, run_after=None
[2024-03-10T18:36:40.109+0000] {processor.py:183} INFO - Processing /home/airflow/.local/lib/python3.8/site-packages/airflow/example_dags/example_external_task_marker_dag.py took 0.177 seconds
[2024-03-10T18:37:11.386+0000] {processor.py:161} INFO - Started process (PID=2114) to work on /home/airflow/.local/lib/python3.8/site-packages/airflow/example_dags/example_external_task_marker_dag.py
[2024-03-10T18:37:11.399+0000] {processor.py:830} INFO - Processing file /home/airflow/.local/lib/python3.8/site-packages/airflow/example_dags/example_external_task_marker_dag.py for tasks to queue
[2024-03-10T18:37:11.402+0000] {logging_mixin.py:188} INFO - [2024-03-10T18:37:11.401+0000] {dagbag.py:540} INFO - Filling up the DagBag from /home/airflow/.local/lib/python3.8/site-packages/airflow/example_dags/example_external_task_marker_dag.py
[2024-03-10T18:37:11.457+0000] {processor.py:840} INFO - DAG(s) 'example_external_task_marker_parent', 'example_external_task_marker_child' retrieved from /home/airflow/.local/lib/python3.8/site-packages/airflow/example_dags/example_external_task_marker_dag.py
[2024-03-10T18:37:11.570+0000] {logging_mixin.py:188} INFO - [2024-03-10T18:37:11.570+0000] {dag.py:3047} INFO - Sync 2 DAGs
[2024-03-10T18:37:11.632+0000] {logging_mixin.py:188} INFO - [2024-03-10T18:37:11.632+0000] {dag.py:3834} INFO - Setting next_dagrun for example_external_task_marker_child to None, run_after=None
[2024-03-10T18:37:11.640+0000] {logging_mixin.py:188} INFO - [2024-03-10T18:37:11.639+0000] {dag.py:3834} INFO - Setting next_dagrun for example_external_task_marker_parent to None, run_after=None
[2024-03-10T18:37:11.655+0000] {processor.py:183} INFO - Processing /home/airflow/.local/lib/python3.8/site-packages/airflow/example_dags/example_external_task_marker_dag.py took 0.283 seconds
[2024-03-10T18:37:43.174+0000] {processor.py:161} INFO - Started process (PID=2359) to work on /home/airflow/.local/lib/python3.8/site-packages/airflow/example_dags/example_external_task_marker_dag.py
[2024-03-10T18:37:43.178+0000] {processor.py:830} INFO - Processing file /home/airflow/.local/lib/python3.8/site-packages/airflow/example_dags/example_external_task_marker_dag.py for tasks to queue
[2024-03-10T18:37:43.181+0000] {logging_mixin.py:188} INFO - [2024-03-10T18:37:43.180+0000] {dagbag.py:540} INFO - Filling up the DagBag from /home/airflow/.local/lib/python3.8/site-packages/airflow/example_dags/example_external_task_marker_dag.py
[2024-03-10T18:37:43.191+0000] {processor.py:840} INFO - DAG(s) 'example_external_task_marker_parent', 'example_external_task_marker_child' retrieved from /home/airflow/.local/lib/python3.8/site-packages/airflow/example_dags/example_external_task_marker_dag.py
[2024-03-10T18:37:43.291+0000] {logging_mixin.py:188} INFO - [2024-03-10T18:37:43.289+0000] {dag.py:3047} INFO - Sync 2 DAGs
[2024-03-10T18:37:43.598+0000] {logging_mixin.py:188} INFO - [2024-03-10T18:37:43.598+0000] {dag.py:3834} INFO - Setting next_dagrun for example_external_task_marker_child to None, run_after=None
[2024-03-10T18:37:43.622+0000] {logging_mixin.py:188} INFO - [2024-03-10T18:37:43.622+0000] {dag.py:3834} INFO - Setting next_dagrun for example_external_task_marker_parent to None, run_after=None
[2024-03-10T18:37:43.762+0000] {processor.py:183} INFO - Processing /home/airflow/.local/lib/python3.8/site-packages/airflow/example_dags/example_external_task_marker_dag.py took 0.593 seconds
[2024-03-10T18:38:14.850+0000] {processor.py:161} INFO - Started process (PID=2601) to work on /home/airflow/.local/lib/python3.8/site-packages/airflow/example_dags/example_external_task_marker_dag.py
[2024-03-10T18:38:14.857+0000] {processor.py:830} INFO - Processing file /home/airflow/.local/lib/python3.8/site-packages/airflow/example_dags/example_external_task_marker_dag.py for tasks to queue
[2024-03-10T18:38:14.875+0000] {logging_mixin.py:188} INFO - [2024-03-10T18:38:14.874+0000] {dagbag.py:540} INFO - Filling up the DagBag from /home/airflow/.local/lib/python3.8/site-packages/airflow/example_dags/example_external_task_marker_dag.py
[2024-03-10T18:38:14.896+0000] {processor.py:840} INFO - DAG(s) 'example_external_task_marker_parent', 'example_external_task_marker_child' retrieved from /home/airflow/.local/lib/python3.8/site-packages/airflow/example_dags/example_external_task_marker_dag.py
[2024-03-10T18:38:15.453+0000] {logging_mixin.py:188} INFO - [2024-03-10T18:38:15.452+0000] {dag.py:3047} INFO - Sync 2 DAGs
[2024-03-10T18:38:15.527+0000] {logging_mixin.py:188} INFO - [2024-03-10T18:38:15.527+0000] {dag.py:3834} INFO - Setting next_dagrun for example_external_task_marker_child to None, run_after=None
[2024-03-10T18:38:15.554+0000] {logging_mixin.py:188} INFO - [2024-03-10T18:38:15.548+0000] {dag.py:3834} INFO - Setting next_dagrun for example_external_task_marker_parent to None, run_after=None
[2024-03-10T18:38:15.688+0000] {processor.py:183} INFO - Processing /home/airflow/.local/lib/python3.8/site-packages/airflow/example_dags/example_external_task_marker_dag.py took 0.847 seconds
[2024-03-10T18:38:50.240+0000] {processor.py:161} INFO - Started process (PID=2853) to work on /home/airflow/.local/lib/python3.8/site-packages/airflow/example_dags/example_external_task_marker_dag.py
[2024-03-10T18:38:50.244+0000] {processor.py:830} INFO - Processing file /home/airflow/.local/lib/python3.8/site-packages/airflow/example_dags/example_external_task_marker_dag.py for tasks to queue
[2024-03-10T18:38:50.248+0000] {logging_mixin.py:188} INFO - [2024-03-10T18:38:50.247+0000] {dagbag.py:540} INFO - Filling up the DagBag from /home/airflow/.local/lib/python3.8/site-packages/airflow/example_dags/example_external_task_marker_dag.py
[2024-03-10T18:38:50.278+0000] {processor.py:840} INFO - DAG(s) 'example_external_task_marker_child', 'example_external_task_marker_parent' retrieved from /home/airflow/.local/lib/python3.8/site-packages/airflow/example_dags/example_external_task_marker_dag.py
[2024-03-10T18:38:50.378+0000] {logging_mixin.py:188} INFO - [2024-03-10T18:38:50.378+0000] {dag.py:3047} INFO - Sync 2 DAGs
[2024-03-10T18:38:50.438+0000] {logging_mixin.py:188} INFO - [2024-03-10T18:38:50.438+0000] {dag.py:3834} INFO - Setting next_dagrun for example_external_task_marker_child to None, run_after=None
[2024-03-10T18:38:50.451+0000] {logging_mixin.py:188} INFO - [2024-03-10T18:38:50.450+0000] {dag.py:3834} INFO - Setting next_dagrun for example_external_task_marker_parent to None, run_after=None
[2024-03-10T18:38:50.551+0000] {processor.py:183} INFO - Processing /home/airflow/.local/lib/python3.8/site-packages/airflow/example_dags/example_external_task_marker_dag.py took 0.319 seconds
[2024-03-10T18:39:24.986+0000] {processor.py:161} INFO - Started process (PID=3117) to work on /home/airflow/.local/lib/python3.8/site-packages/airflow/example_dags/example_external_task_marker_dag.py
[2024-03-10T18:39:24.995+0000] {processor.py:830} INFO - Processing file /home/airflow/.local/lib/python3.8/site-packages/airflow/example_dags/example_external_task_marker_dag.py for tasks to queue
[2024-03-10T18:39:25.000+0000] {logging_mixin.py:188} INFO - [2024-03-10T18:39:24.999+0000] {dagbag.py:540} INFO - Filling up the DagBag from /home/airflow/.local/lib/python3.8/site-packages/airflow/example_dags/example_external_task_marker_dag.py
[2024-03-10T18:39:25.061+0000] {processor.py:840} INFO - DAG(s) 'example_external_task_marker_child', 'example_external_task_marker_parent' retrieved from /home/airflow/.local/lib/python3.8/site-packages/airflow/example_dags/example_external_task_marker_dag.py
[2024-03-10T18:39:25.326+0000] {logging_mixin.py:188} INFO - [2024-03-10T18:39:25.325+0000] {dag.py:3047} INFO - Sync 2 DAGs
[2024-03-10T18:39:25.390+0000] {logging_mixin.py:188} INFO - [2024-03-10T18:39:25.389+0000] {dag.py:3834} INFO - Setting next_dagrun for example_external_task_marker_child to None, run_after=None
[2024-03-10T18:39:25.414+0000] {logging_mixin.py:188} INFO - [2024-03-10T18:39:25.414+0000] {dag.py:3834} INFO - Setting next_dagrun for example_external_task_marker_parent to None, run_after=None
[2024-03-10T18:39:25.477+0000] {processor.py:183} INFO - Processing /home/airflow/.local/lib/python3.8/site-packages/airflow/example_dags/example_external_task_marker_dag.py took 0.501 seconds
[2024-03-10T18:39:56.322+0000] {processor.py:161} INFO - Started process (PID=3365) to work on /home/airflow/.local/lib/python3.8/site-packages/airflow/example_dags/example_external_task_marker_dag.py
[2024-03-10T18:39:56.326+0000] {processor.py:830} INFO - Processing file /home/airflow/.local/lib/python3.8/site-packages/airflow/example_dags/example_external_task_marker_dag.py for tasks to queue
[2024-03-10T18:39:56.330+0000] {logging_mixin.py:188} INFO - [2024-03-10T18:39:56.329+0000] {dagbag.py:540} INFO - Filling up the DagBag from /home/airflow/.local/lib/python3.8/site-packages/airflow/example_dags/example_external_task_marker_dag.py
[2024-03-10T18:39:56.375+0000] {processor.py:840} INFO - DAG(s) 'example_external_task_marker_child', 'example_external_task_marker_parent' retrieved from /home/airflow/.local/lib/python3.8/site-packages/airflow/example_dags/example_external_task_marker_dag.py
[2024-03-10T18:39:56.565+0000] {logging_mixin.py:188} INFO - [2024-03-10T18:39:56.559+0000] {dag.py:3047} INFO - Sync 2 DAGs
[2024-03-10T18:39:56.657+0000] {logging_mixin.py:188} INFO - [2024-03-10T18:39:56.656+0000] {dag.py:3834} INFO - Setting next_dagrun for example_external_task_marker_child to None, run_after=None
[2024-03-10T18:39:56.698+0000] {logging_mixin.py:188} INFO - [2024-03-10T18:39:56.697+0000] {dag.py:3834} INFO - Setting next_dagrun for example_external_task_marker_parent to None, run_after=None
[2024-03-10T18:39:56.822+0000] {processor.py:183} INFO - Processing /home/airflow/.local/lib/python3.8/site-packages/airflow/example_dags/example_external_task_marker_dag.py took 0.511 seconds
[2024-03-10T18:40:27.278+0000] {processor.py:161} INFO - Started process (PID=3611) to work on /home/airflow/.local/lib/python3.8/site-packages/airflow/example_dags/example_external_task_marker_dag.py
[2024-03-10T18:40:27.301+0000] {processor.py:830} INFO - Processing file /home/airflow/.local/lib/python3.8/site-packages/airflow/example_dags/example_external_task_marker_dag.py for tasks to queue
[2024-03-10T18:40:27.317+0000] {logging_mixin.py:188} INFO - [2024-03-10T18:40:27.314+0000] {dagbag.py:540} INFO - Filling up the DagBag from /home/airflow/.local/lib/python3.8/site-packages/airflow/example_dags/example_external_task_marker_dag.py
[2024-03-10T18:40:27.474+0000] {processor.py:840} INFO - DAG(s) 'example_external_task_marker_parent', 'example_external_task_marker_child' retrieved from /home/airflow/.local/lib/python3.8/site-packages/airflow/example_dags/example_external_task_marker_dag.py
[2024-03-10T18:40:27.962+0000] {logging_mixin.py:188} INFO - [2024-03-10T18:40:27.958+0000] {dag.py:3047} INFO - Sync 2 DAGs
[2024-03-10T18:40:28.217+0000] {logging_mixin.py:188} INFO - [2024-03-10T18:40:28.215+0000] {dag.py:3834} INFO - Setting next_dagrun for example_external_task_marker_child to None, run_after=None
[2024-03-10T18:40:28.311+0000] {logging_mixin.py:188} INFO - [2024-03-10T18:40:28.310+0000] {dag.py:3834} INFO - Setting next_dagrun for example_external_task_marker_parent to None, run_after=None
[2024-03-10T18:40:28.480+0000] {processor.py:183} INFO - Processing /home/airflow/.local/lib/python3.8/site-packages/airflow/example_dags/example_external_task_marker_dag.py took 1.236 seconds
[2024-03-10T18:40:59.581+0000] {processor.py:161} INFO - Started process (PID=3865) to work on /home/airflow/.local/lib/python3.8/site-packages/airflow/example_dags/example_external_task_marker_dag.py
[2024-03-10T18:40:59.595+0000] {processor.py:830} INFO - Processing file /home/airflow/.local/lib/python3.8/site-packages/airflow/example_dags/example_external_task_marker_dag.py for tasks to queue
[2024-03-10T18:40:59.604+0000] {logging_mixin.py:188} INFO - [2024-03-10T18:40:59.602+0000] {dagbag.py:540} INFO - Filling up the DagBag from /home/airflow/.local/lib/python3.8/site-packages/airflow/example_dags/example_external_task_marker_dag.py
[2024-03-10T18:40:59.636+0000] {processor.py:840} INFO - DAG(s) 'example_external_task_marker_child', 'example_external_task_marker_parent' retrieved from /home/airflow/.local/lib/python3.8/site-packages/airflow/example_dags/example_external_task_marker_dag.py
[2024-03-10T18:40:59.694+0000] {logging_mixin.py:188} INFO - [2024-03-10T18:40:59.693+0000] {dag.py:3047} INFO - Sync 2 DAGs
[2024-03-10T18:40:59.748+0000] {logging_mixin.py:188} INFO - [2024-03-10T18:40:59.748+0000] {dag.py:3834} INFO - Setting next_dagrun for example_external_task_marker_child to None, run_after=None
[2024-03-10T18:40:59.756+0000] {logging_mixin.py:188} INFO - [2024-03-10T18:40:59.756+0000] {dag.py:3834} INFO - Setting next_dagrun for example_external_task_marker_parent to None, run_after=None
[2024-03-10T18:40:59.797+0000] {processor.py:183} INFO - Processing /home/airflow/.local/lib/python3.8/site-packages/airflow/example_dags/example_external_task_marker_dag.py took 0.271 seconds
[2024-03-10T18:41:30.291+0000] {processor.py:161} INFO - Started process (PID=4117) to work on /home/airflow/.local/lib/python3.8/site-packages/airflow/example_dags/example_external_task_marker_dag.py
[2024-03-10T18:41:30.294+0000] {processor.py:830} INFO - Processing file /home/airflow/.local/lib/python3.8/site-packages/airflow/example_dags/example_external_task_marker_dag.py for tasks to queue
[2024-03-10T18:41:30.297+0000] {logging_mixin.py:188} INFO - [2024-03-10T18:41:30.296+0000] {dagbag.py:540} INFO - Filling up the DagBag from /home/airflow/.local/lib/python3.8/site-packages/airflow/example_dags/example_external_task_marker_dag.py
[2024-03-10T18:41:30.314+0000] {processor.py:840} INFO - DAG(s) 'example_external_task_marker_parent', 'example_external_task_marker_child' retrieved from /home/airflow/.local/lib/python3.8/site-packages/airflow/example_dags/example_external_task_marker_dag.py
[2024-03-10T18:41:30.455+0000] {logging_mixin.py:188} INFO - [2024-03-10T18:41:30.455+0000] {dag.py:3047} INFO - Sync 2 DAGs
[2024-03-10T18:41:30.470+0000] {logging_mixin.py:188} INFO - [2024-03-10T18:41:30.470+0000] {dag.py:3834} INFO - Setting next_dagrun for example_external_task_marker_child to None, run_after=None
[2024-03-10T18:41:30.475+0000] {logging_mixin.py:188} INFO - [2024-03-10T18:41:30.475+0000] {dag.py:3834} INFO - Setting next_dagrun for example_external_task_marker_parent to None, run_after=None
[2024-03-10T18:41:30.498+0000] {processor.py:183} INFO - Processing /home/airflow/.local/lib/python3.8/site-packages/airflow/example_dags/example_external_task_marker_dag.py took 0.212 seconds
[2024-03-10T18:42:01.190+0000] {processor.py:161} INFO - Started process (PID=4364) to work on /home/airflow/.local/lib/python3.8/site-packages/airflow/example_dags/example_external_task_marker_dag.py
[2024-03-10T18:42:01.198+0000] {processor.py:830} INFO - Processing file /home/airflow/.local/lib/python3.8/site-packages/airflow/example_dags/example_external_task_marker_dag.py for tasks to queue
[2024-03-10T18:42:01.213+0000] {logging_mixin.py:188} INFO - [2024-03-10T18:42:01.208+0000] {dagbag.py:540} INFO - Filling up the DagBag from /home/airflow/.local/lib/python3.8/site-packages/airflow/example_dags/example_external_task_marker_dag.py
[2024-03-10T18:42:01.255+0000] {processor.py:840} INFO - DAG(s) 'example_external_task_marker_child', 'example_external_task_marker_parent' retrieved from /home/airflow/.local/lib/python3.8/site-packages/airflow/example_dags/example_external_task_marker_dag.py
[2024-03-10T18:42:01.390+0000] {logging_mixin.py:188} INFO - [2024-03-10T18:42:01.390+0000] {dag.py:3047} INFO - Sync 2 DAGs
[2024-03-10T18:42:01.427+0000] {logging_mixin.py:188} INFO - [2024-03-10T18:42:01.427+0000] {dag.py:3834} INFO - Setting next_dagrun for example_external_task_marker_child to None, run_after=None
[2024-03-10T18:42:01.435+0000] {logging_mixin.py:188} INFO - [2024-03-10T18:42:01.434+0000] {dag.py:3834} INFO - Setting next_dagrun for example_external_task_marker_parent to None, run_after=None
[2024-03-10T18:42:01.482+0000] {processor.py:183} INFO - Processing /home/airflow/.local/lib/python3.8/site-packages/airflow/example_dags/example_external_task_marker_dag.py took 0.304 seconds
[2024-03-10T18:43:00.455+0000] {processor.py:161} INFO - Started process (PID=4624) to work on /home/airflow/.local/lib/python3.8/site-packages/airflow/example_dags/example_external_task_marker_dag.py
[2024-03-10T18:43:00.485+0000] {processor.py:830} INFO - Processing file /home/airflow/.local/lib/python3.8/site-packages/airflow/example_dags/example_external_task_marker_dag.py for tasks to queue
[2024-03-10T18:43:00.509+0000] {logging_mixin.py:188} INFO - [2024-03-10T18:43:00.503+0000] {dagbag.py:540} INFO - Filling up the DagBag from /home/airflow/.local/lib/python3.8/site-packages/airflow/example_dags/example_external_task_marker_dag.py
[2024-03-10T18:43:00.659+0000] {processor.py:840} INFO - DAG(s) 'example_external_task_marker_child', 'example_external_task_marker_parent' retrieved from /home/airflow/.local/lib/python3.8/site-packages/airflow/example_dags/example_external_task_marker_dag.py
[2024-03-10T18:43:01.065+0000] {logging_mixin.py:188} INFO - [2024-03-10T18:43:01.064+0000] {dag.py:3047} INFO - Sync 2 DAGs
[2024-03-10T18:43:01.148+0000] {logging_mixin.py:188} INFO - [2024-03-10T18:43:01.147+0000] {dag.py:3834} INFO - Setting next_dagrun for example_external_task_marker_child to None, run_after=None
[2024-03-10T18:43:01.164+0000] {logging_mixin.py:188} INFO - [2024-03-10T18:43:01.163+0000] {dag.py:3834} INFO - Setting next_dagrun for example_external_task_marker_parent to None, run_after=None
[2024-03-10T18:43:01.390+0000] {processor.py:183} INFO - Processing /home/airflow/.local/lib/python3.8/site-packages/airflow/example_dags/example_external_task_marker_dag.py took 1.002 seconds
[2024-03-10T18:47:15.981+0000] {processor.py:161} INFO - Started process (PID=5001) to work on /home/airflow/.local/lib/python3.8/site-packages/airflow/example_dags/example_external_task_marker_dag.py
[2024-03-10T18:47:16.987+0000] {processor.py:830} INFO - Processing file /home/airflow/.local/lib/python3.8/site-packages/airflow/example_dags/example_external_task_marker_dag.py for tasks to queue
[2024-03-10T18:47:17.804+0000] {logging_mixin.py:188} INFO - [2024-03-10T18:47:17.461+0000] {dagbag.py:540} INFO - Filling up the DagBag from /home/airflow/.local/lib/python3.8/site-packages/airflow/example_dags/example_external_task_marker_dag.py
[2024-03-10T18:47:19.612+0000] {processor.py:840} INFO - DAG(s) 'example_external_task_marker_parent', 'example_external_task_marker_child' retrieved from /home/airflow/.local/lib/python3.8/site-packages/airflow/example_dags/example_external_task_marker_dag.py
[2024-03-10T18:47:26.058+0000] {logging_mixin.py:188} INFO - [2024-03-10T18:47:26.018+0000] {dag.py:3047} INFO - Sync 2 DAGs
[2024-03-10T18:47:27.365+0000] {logging_mixin.py:188} INFO - [2024-03-10T18:47:27.356+0000] {dag.py:3834} INFO - Setting next_dagrun for example_external_task_marker_child to None, run_after=None
[2024-03-10T18:47:27.493+0000] {logging_mixin.py:188} INFO - [2024-03-10T18:47:27.490+0000] {dag.py:3834} INFO - Setting next_dagrun for example_external_task_marker_parent to None, run_after=None
[2024-03-10T18:47:29.135+0000] {processor.py:183} INFO - Processing /home/airflow/.local/lib/python3.8/site-packages/airflow/example_dags/example_external_task_marker_dag.py took 15.408 seconds
