[2024-03-10T18:32:52.080+0000] {processor.py:161} INFO - Started process (PID=196) to work on /home/airflow/.local/lib/python3.8/site-packages/airflow/example_dags/example_trigger_controller_dag.py
[2024-03-10T18:32:52.086+0000] {processor.py:830} INFO - Processing file /home/airflow/.local/lib/python3.8/site-packages/airflow/example_dags/example_trigger_controller_dag.py for tasks to queue
[2024-03-10T18:32:52.093+0000] {logging_mixin.py:188} INFO - [2024-03-10T18:32:52.091+0000] {dagbag.py:540} INFO - Filling up the DagBag from /home/airflow/.local/lib/python3.8/site-packages/airflow/example_dags/example_trigger_controller_dag.py
[2024-03-10T18:32:52.138+0000] {processor.py:840} INFO - DAG(s) 'example_trigger_controller_dag' retrieved from /home/airflow/.local/lib/python3.8/site-packages/airflow/example_dags/example_trigger_controller_dag.py
[2024-03-10T18:32:52.584+0000] {logging_mixin.py:188} INFO - [2024-03-10T18:32:52.575+0000] {override.py:1769} INFO - Created Permission View: can delete on DAG:example_trigger_controller_dag
[2024-03-10T18:32:52.611+0000] {logging_mixin.py:188} INFO - [2024-03-10T18:32:52.611+0000] {override.py:1769} INFO - Created Permission View: can edit on DAG:example_trigger_controller_dag
[2024-03-10T18:32:52.674+0000] {logging_mixin.py:188} INFO - [2024-03-10T18:32:52.673+0000] {override.py:1769} INFO - Created Permission View: can read on DAG:example_trigger_controller_dag
[2024-03-10T18:32:52.677+0000] {logging_mixin.py:188} INFO - [2024-03-10T18:32:52.677+0000] {dag.py:3047} INFO - Sync 1 DAGs
[2024-03-10T18:32:52.703+0000] {logging_mixin.py:188} INFO - [2024-03-10T18:32:52.703+0000] {dag.py:3069} INFO - Creating ORM DAG for example_trigger_controller_dag
[2024-03-10T18:32:52.749+0000] {logging_mixin.py:188} INFO - [2024-03-10T18:32:52.746+0000] {dag.py:3834} INFO - Setting next_dagrun for example_trigger_controller_dag to 2021-01-01 00:00:00+00:00, run_after=2021-01-01 00:00:00+00:00
[2024-03-10T18:32:52.794+0000] {processor.py:183} INFO - Processing /home/airflow/.local/lib/python3.8/site-packages/airflow/example_dags/example_trigger_controller_dag.py took 0.729 seconds
[2024-03-10T18:33:23.876+0000] {processor.py:161} INFO - Started process (PID=443) to work on /home/airflow/.local/lib/python3.8/site-packages/airflow/example_dags/example_trigger_controller_dag.py
[2024-03-10T18:33:23.880+0000] {processor.py:830} INFO - Processing file /home/airflow/.local/lib/python3.8/site-packages/airflow/example_dags/example_trigger_controller_dag.py for tasks to queue
[2024-03-10T18:33:23.883+0000] {logging_mixin.py:188} INFO - [2024-03-10T18:33:23.882+0000] {dagbag.py:540} INFO - Filling up the DagBag from /home/airflow/.local/lib/python3.8/site-packages/airflow/example_dags/example_trigger_controller_dag.py
[2024-03-10T18:33:23.897+0000] {processor.py:840} INFO - DAG(s) 'example_trigger_controller_dag' retrieved from /home/airflow/.local/lib/python3.8/site-packages/airflow/example_dags/example_trigger_controller_dag.py
[2024-03-10T18:33:23.974+0000] {logging_mixin.py:188} INFO - [2024-03-10T18:33:23.974+0000] {dag.py:3047} INFO - Sync 1 DAGs
[2024-03-10T18:33:24.050+0000] {logging_mixin.py:188} INFO - [2024-03-10T18:33:24.050+0000] {dag.py:3834} INFO - Setting next_dagrun for example_trigger_controller_dag to 2021-01-01 00:00:00+00:00, run_after=2021-01-01 00:00:00+00:00
[2024-03-10T18:33:24.136+0000] {processor.py:183} INFO - Processing /home/airflow/.local/lib/python3.8/site-packages/airflow/example_dags/example_trigger_controller_dag.py took 0.254 seconds
[2024-03-10T18:33:57.496+0000] {processor.py:161} INFO - Started process (PID=679) to work on /home/airflow/.local/lib/python3.8/site-packages/airflow/example_dags/example_trigger_controller_dag.py
[2024-03-10T18:33:57.502+0000] {processor.py:830} INFO - Processing file /home/airflow/.local/lib/python3.8/site-packages/airflow/example_dags/example_trigger_controller_dag.py for tasks to queue
[2024-03-10T18:33:57.506+0000] {logging_mixin.py:188} INFO - [2024-03-10T18:33:57.505+0000] {dagbag.py:540} INFO - Filling up the DagBag from /home/airflow/.local/lib/python3.8/site-packages/airflow/example_dags/example_trigger_controller_dag.py
[2024-03-10T18:33:57.524+0000] {processor.py:840} INFO - DAG(s) 'example_trigger_controller_dag' retrieved from /home/airflow/.local/lib/python3.8/site-packages/airflow/example_dags/example_trigger_controller_dag.py
[2024-03-10T18:33:57.581+0000] {logging_mixin.py:188} INFO - [2024-03-10T18:33:57.581+0000] {dag.py:3047} INFO - Sync 1 DAGs
[2024-03-10T18:33:57.612+0000] {logging_mixin.py:188} INFO - [2024-03-10T18:33:57.611+0000] {dag.py:3834} INFO - Setting next_dagrun for example_trigger_controller_dag to 2021-01-01 00:00:00+00:00, run_after=2021-01-01 00:00:00+00:00
[2024-03-10T18:33:57.651+0000] {processor.py:183} INFO - Processing /home/airflow/.local/lib/python3.8/site-packages/airflow/example_dags/example_trigger_controller_dag.py took 0.164 seconds
[2024-03-10T18:34:30.172+0000] {processor.py:161} INFO - Started process (PID=929) to work on /home/airflow/.local/lib/python3.8/site-packages/airflow/example_dags/example_trigger_controller_dag.py
[2024-03-10T18:34:30.238+0000] {processor.py:830} INFO - Processing file /home/airflow/.local/lib/python3.8/site-packages/airflow/example_dags/example_trigger_controller_dag.py for tasks to queue
[2024-03-10T18:34:30.274+0000] {logging_mixin.py:188} INFO - [2024-03-10T18:34:30.257+0000] {dagbag.py:540} INFO - Filling up the DagBag from /home/airflow/.local/lib/python3.8/site-packages/airflow/example_dags/example_trigger_controller_dag.py
[2024-03-10T18:34:30.367+0000] {processor.py:840} INFO - DAG(s) 'example_trigger_controller_dag' retrieved from /home/airflow/.local/lib/python3.8/site-packages/airflow/example_dags/example_trigger_controller_dag.py
[2024-03-10T18:34:30.522+0000] {logging_mixin.py:188} INFO - [2024-03-10T18:34:30.521+0000] {dag.py:3047} INFO - Sync 1 DAGs
[2024-03-10T18:34:30.604+0000] {logging_mixin.py:188} INFO - [2024-03-10T18:34:30.603+0000] {dag.py:3834} INFO - Setting next_dagrun for example_trigger_controller_dag to 2021-01-01 00:00:00+00:00, run_after=2021-01-01 00:00:00+00:00
[2024-03-10T18:34:30.685+0000] {processor.py:183} INFO - Processing /home/airflow/.local/lib/python3.8/site-packages/airflow/example_dags/example_trigger_controller_dag.py took 0.555 seconds
[2024-03-10T18:35:02.693+0000] {processor.py:161} INFO - Started process (PID=1169) to work on /home/airflow/.local/lib/python3.8/site-packages/airflow/example_dags/example_trigger_controller_dag.py
[2024-03-10T18:35:02.702+0000] {processor.py:830} INFO - Processing file /home/airflow/.local/lib/python3.8/site-packages/airflow/example_dags/example_trigger_controller_dag.py for tasks to queue
[2024-03-10T18:35:02.705+0000] {logging_mixin.py:188} INFO - [2024-03-10T18:35:02.704+0000] {dagbag.py:540} INFO - Filling up the DagBag from /home/airflow/.local/lib/python3.8/site-packages/airflow/example_dags/example_trigger_controller_dag.py
[2024-03-10T18:35:02.721+0000] {processor.py:840} INFO - DAG(s) 'example_trigger_controller_dag' retrieved from /home/airflow/.local/lib/python3.8/site-packages/airflow/example_dags/example_trigger_controller_dag.py
[2024-03-10T18:35:02.807+0000] {logging_mixin.py:188} INFO - [2024-03-10T18:35:02.807+0000] {dag.py:3047} INFO - Sync 1 DAGs
[2024-03-10T18:35:02.991+0000] {logging_mixin.py:188} INFO - [2024-03-10T18:35:02.990+0000] {dag.py:3834} INFO - Setting next_dagrun for example_trigger_controller_dag to 2021-01-01 00:00:00+00:00, run_after=2021-01-01 00:00:00+00:00
[2024-03-10T18:35:03.165+0000] {processor.py:183} INFO - Processing /home/airflow/.local/lib/python3.8/site-packages/airflow/example_dags/example_trigger_controller_dag.py took 0.495 seconds
[2024-03-10T18:35:34.748+0000] {processor.py:161} INFO - Started process (PID=1391) to work on /home/airflow/.local/lib/python3.8/site-packages/airflow/example_dags/example_trigger_controller_dag.py
[2024-03-10T18:35:34.757+0000] {processor.py:830} INFO - Processing file /home/airflow/.local/lib/python3.8/site-packages/airflow/example_dags/example_trigger_controller_dag.py for tasks to queue
[2024-03-10T18:35:34.762+0000] {logging_mixin.py:188} INFO - [2024-03-10T18:35:34.762+0000] {dagbag.py:540} INFO - Filling up the DagBag from /home/airflow/.local/lib/python3.8/site-packages/airflow/example_dags/example_trigger_controller_dag.py
[2024-03-10T18:35:34.785+0000] {processor.py:840} INFO - DAG(s) 'example_trigger_controller_dag' retrieved from /home/airflow/.local/lib/python3.8/site-packages/airflow/example_dags/example_trigger_controller_dag.py
[2024-03-10T18:35:34.977+0000] {logging_mixin.py:188} INFO - [2024-03-10T18:35:34.974+0000] {dag.py:3047} INFO - Sync 1 DAGs
[2024-03-10T18:35:35.052+0000] {logging_mixin.py:188} INFO - [2024-03-10T18:35:35.050+0000] {dag.py:3834} INFO - Setting next_dagrun for example_trigger_controller_dag to 2021-01-01 00:00:00+00:00, run_after=2021-01-01 00:00:00+00:00
[2024-03-10T18:35:35.100+0000] {processor.py:183} INFO - Processing /home/airflow/.local/lib/python3.8/site-packages/airflow/example_dags/example_trigger_controller_dag.py took 0.376 seconds
[2024-03-10T18:36:11.078+0000] {processor.py:161} INFO - Started process (PID=1638) to work on /home/airflow/.local/lib/python3.8/site-packages/airflow/example_dags/example_trigger_controller_dag.py
[2024-03-10T18:36:11.139+0000] {processor.py:830} INFO - Processing file /home/airflow/.local/lib/python3.8/site-packages/airflow/example_dags/example_trigger_controller_dag.py for tasks to queue
[2024-03-10T18:36:11.157+0000] {logging_mixin.py:188} INFO - [2024-03-10T18:36:11.152+0000] {dagbag.py:540} INFO - Filling up the DagBag from /home/airflow/.local/lib/python3.8/site-packages/airflow/example_dags/example_trigger_controller_dag.py
[2024-03-10T18:36:11.233+0000] {processor.py:840} INFO - DAG(s) 'example_trigger_controller_dag' retrieved from /home/airflow/.local/lib/python3.8/site-packages/airflow/example_dags/example_trigger_controller_dag.py
[2024-03-10T18:36:11.660+0000] {logging_mixin.py:188} INFO - [2024-03-10T18:36:11.657+0000] {dag.py:3047} INFO - Sync 1 DAGs
[2024-03-10T18:36:11.833+0000] {logging_mixin.py:188} INFO - [2024-03-10T18:36:11.832+0000] {dag.py:3834} INFO - Setting next_dagrun for example_trigger_controller_dag to 2021-01-01 00:00:00+00:00, run_after=2021-01-01 00:00:00+00:00
[2024-03-10T18:36:11.939+0000] {processor.py:183} INFO - Processing /home/airflow/.local/lib/python3.8/site-packages/airflow/example_dags/example_trigger_controller_dag.py took 0.926 seconds
[2024-03-10T18:36:42.749+0000] {processor.py:161} INFO - Started process (PID=1885) to work on /home/airflow/.local/lib/python3.8/site-packages/airflow/example_dags/example_trigger_controller_dag.py
[2024-03-10T18:36:42.754+0000] {processor.py:830} INFO - Processing file /home/airflow/.local/lib/python3.8/site-packages/airflow/example_dags/example_trigger_controller_dag.py for tasks to queue
[2024-03-10T18:36:42.764+0000] {logging_mixin.py:188} INFO - [2024-03-10T18:36:42.764+0000] {dagbag.py:540} INFO - Filling up the DagBag from /home/airflow/.local/lib/python3.8/site-packages/airflow/example_dags/example_trigger_controller_dag.py
[2024-03-10T18:36:42.802+0000] {processor.py:840} INFO - DAG(s) 'example_trigger_controller_dag' retrieved from /home/airflow/.local/lib/python3.8/site-packages/airflow/example_dags/example_trigger_controller_dag.py
[2024-03-10T18:36:42.897+0000] {logging_mixin.py:188} INFO - [2024-03-10T18:36:42.897+0000] {dag.py:3047} INFO - Sync 1 DAGs
[2024-03-10T18:36:43.007+0000] {logging_mixin.py:188} INFO - [2024-03-10T18:36:43.005+0000] {dag.py:3834} INFO - Setting next_dagrun for example_trigger_controller_dag to 2021-01-01 00:00:00+00:00, run_after=2021-01-01 00:00:00+00:00
[2024-03-10T18:36:43.121+0000] {processor.py:183} INFO - Processing /home/airflow/.local/lib/python3.8/site-packages/airflow/example_dags/example_trigger_controller_dag.py took 0.383 seconds
[2024-03-10T18:37:14.183+0000] {processor.py:161} INFO - Started process (PID=2131) to work on /home/airflow/.local/lib/python3.8/site-packages/airflow/example_dags/example_trigger_controller_dag.py
[2024-03-10T18:37:14.190+0000] {processor.py:830} INFO - Processing file /home/airflow/.local/lib/python3.8/site-packages/airflow/example_dags/example_trigger_controller_dag.py for tasks to queue
[2024-03-10T18:37:14.200+0000] {logging_mixin.py:188} INFO - [2024-03-10T18:37:14.199+0000] {dagbag.py:540} INFO - Filling up the DagBag from /home/airflow/.local/lib/python3.8/site-packages/airflow/example_dags/example_trigger_controller_dag.py
[2024-03-10T18:37:14.261+0000] {processor.py:840} INFO - DAG(s) 'example_trigger_controller_dag' retrieved from /home/airflow/.local/lib/python3.8/site-packages/airflow/example_dags/example_trigger_controller_dag.py
[2024-03-10T18:37:14.451+0000] {logging_mixin.py:188} INFO - [2024-03-10T18:37:14.450+0000] {dag.py:3047} INFO - Sync 1 DAGs
[2024-03-10T18:37:14.543+0000] {logging_mixin.py:188} INFO - [2024-03-10T18:37:14.542+0000] {dag.py:3834} INFO - Setting next_dagrun for example_trigger_controller_dag to 2021-01-01 00:00:00+00:00, run_after=2021-01-01 00:00:00+00:00
[2024-03-10T18:37:14.671+0000] {processor.py:183} INFO - Processing /home/airflow/.local/lib/python3.8/site-packages/airflow/example_dags/example_trigger_controller_dag.py took 0.545 seconds
[2024-03-10T18:37:45.208+0000] {processor.py:161} INFO - Started process (PID=2380) to work on /home/airflow/.local/lib/python3.8/site-packages/airflow/example_dags/example_trigger_controller_dag.py
[2024-03-10T18:37:45.221+0000] {processor.py:830} INFO - Processing file /home/airflow/.local/lib/python3.8/site-packages/airflow/example_dags/example_trigger_controller_dag.py for tasks to queue
[2024-03-10T18:37:45.224+0000] {logging_mixin.py:188} INFO - [2024-03-10T18:37:45.224+0000] {dagbag.py:540} INFO - Filling up the DagBag from /home/airflow/.local/lib/python3.8/site-packages/airflow/example_dags/example_trigger_controller_dag.py
[2024-03-10T18:37:45.244+0000] {processor.py:840} INFO - DAG(s) 'example_trigger_controller_dag' retrieved from /home/airflow/.local/lib/python3.8/site-packages/airflow/example_dags/example_trigger_controller_dag.py
[2024-03-10T18:37:45.449+0000] {logging_mixin.py:188} INFO - [2024-03-10T18:37:45.449+0000] {dag.py:3047} INFO - Sync 1 DAGs
[2024-03-10T18:37:45.597+0000] {logging_mixin.py:188} INFO - [2024-03-10T18:37:45.597+0000] {dag.py:3834} INFO - Setting next_dagrun for example_trigger_controller_dag to 2021-01-01 00:00:00+00:00, run_after=2021-01-01 00:00:00+00:00
[2024-03-10T18:37:45.687+0000] {processor.py:183} INFO - Processing /home/airflow/.local/lib/python3.8/site-packages/airflow/example_dags/example_trigger_controller_dag.py took 0.499 seconds
[2024-03-10T18:38:17.530+0000] {processor.py:161} INFO - Started process (PID=2623) to work on /home/airflow/.local/lib/python3.8/site-packages/airflow/example_dags/example_trigger_controller_dag.py
[2024-03-10T18:38:17.536+0000] {processor.py:830} INFO - Processing file /home/airflow/.local/lib/python3.8/site-packages/airflow/example_dags/example_trigger_controller_dag.py for tasks to queue
[2024-03-10T18:38:17.541+0000] {logging_mixin.py:188} INFO - [2024-03-10T18:38:17.539+0000] {dagbag.py:540} INFO - Filling up the DagBag from /home/airflow/.local/lib/python3.8/site-packages/airflow/example_dags/example_trigger_controller_dag.py
[2024-03-10T18:38:17.619+0000] {processor.py:840} INFO - DAG(s) 'example_trigger_controller_dag' retrieved from /home/airflow/.local/lib/python3.8/site-packages/airflow/example_dags/example_trigger_controller_dag.py
[2024-03-10T18:38:17.977+0000] {logging_mixin.py:188} INFO - [2024-03-10T18:38:17.976+0000] {dag.py:3047} INFO - Sync 1 DAGs
[2024-03-10T18:38:18.296+0000] {logging_mixin.py:188} INFO - [2024-03-10T18:38:18.294+0000] {dag.py:3834} INFO - Setting next_dagrun for example_trigger_controller_dag to 2021-01-01 00:00:00+00:00, run_after=2021-01-01 00:00:00+00:00
[2024-03-10T18:38:18.793+0000] {processor.py:183} INFO - Processing /home/airflow/.local/lib/python3.8/site-packages/airflow/example_dags/example_trigger_controller_dag.py took 1.292 seconds
[2024-03-10T18:38:51.398+0000] {processor.py:161} INFO - Started process (PID=2868) to work on /home/airflow/.local/lib/python3.8/site-packages/airflow/example_dags/example_trigger_controller_dag.py
[2024-03-10T18:38:51.417+0000] {processor.py:830} INFO - Processing file /home/airflow/.local/lib/python3.8/site-packages/airflow/example_dags/example_trigger_controller_dag.py for tasks to queue
[2024-03-10T18:38:51.425+0000] {logging_mixin.py:188} INFO - [2024-03-10T18:38:51.423+0000] {dagbag.py:540} INFO - Filling up the DagBag from /home/airflow/.local/lib/python3.8/site-packages/airflow/example_dags/example_trigger_controller_dag.py
[2024-03-10T18:38:51.468+0000] {processor.py:840} INFO - DAG(s) 'example_trigger_controller_dag' retrieved from /home/airflow/.local/lib/python3.8/site-packages/airflow/example_dags/example_trigger_controller_dag.py
[2024-03-10T18:38:51.584+0000] {logging_mixin.py:188} INFO - [2024-03-10T18:38:51.584+0000] {dag.py:3047} INFO - Sync 1 DAGs
[2024-03-10T18:38:51.658+0000] {logging_mixin.py:188} INFO - [2024-03-10T18:38:51.656+0000] {dag.py:3834} INFO - Setting next_dagrun for example_trigger_controller_dag to 2021-01-01 00:00:00+00:00, run_after=2021-01-01 00:00:00+00:00
[2024-03-10T18:38:51.732+0000] {processor.py:183} INFO - Processing /home/airflow/.local/lib/python3.8/site-packages/airflow/example_dags/example_trigger_controller_dag.py took 0.350 seconds
[2024-03-10T18:39:23.181+0000] {processor.py:161} INFO - Started process (PID=3107) to work on /home/airflow/.local/lib/python3.8/site-packages/airflow/example_dags/example_trigger_controller_dag.py
[2024-03-10T18:39:23.199+0000] {processor.py:830} INFO - Processing file /home/airflow/.local/lib/python3.8/site-packages/airflow/example_dags/example_trigger_controller_dag.py for tasks to queue
[2024-03-10T18:39:23.208+0000] {logging_mixin.py:188} INFO - [2024-03-10T18:39:23.207+0000] {dagbag.py:540} INFO - Filling up the DagBag from /home/airflow/.local/lib/python3.8/site-packages/airflow/example_dags/example_trigger_controller_dag.py
[2024-03-10T18:39:23.275+0000] {processor.py:840} INFO - DAG(s) 'example_trigger_controller_dag' retrieved from /home/airflow/.local/lib/python3.8/site-packages/airflow/example_dags/example_trigger_controller_dag.py
[2024-03-10T18:39:23.887+0000] {logging_mixin.py:188} INFO - [2024-03-10T18:39:23.884+0000] {dag.py:3047} INFO - Sync 1 DAGs
[2024-03-10T18:39:24.552+0000] {logging_mixin.py:188} INFO - [2024-03-10T18:39:24.545+0000] {dag.py:3834} INFO - Setting next_dagrun for example_trigger_controller_dag to 2021-01-01 00:00:00+00:00, run_after=2021-01-01 00:00:00+00:00
[2024-03-10T18:39:24.707+0000] {processor.py:183} INFO - Processing /home/airflow/.local/lib/python3.8/site-packages/airflow/example_dags/example_trigger_controller_dag.py took 1.585 seconds
[2024-03-10T18:39:54.954+0000] {processor.py:161} INFO - Started process (PID=3355) to work on /home/airflow/.local/lib/python3.8/site-packages/airflow/example_dags/example_trigger_controller_dag.py
[2024-03-10T18:39:54.958+0000] {processor.py:830} INFO - Processing file /home/airflow/.local/lib/python3.8/site-packages/airflow/example_dags/example_trigger_controller_dag.py for tasks to queue
[2024-03-10T18:39:54.962+0000] {logging_mixin.py:188} INFO - [2024-03-10T18:39:54.961+0000] {dagbag.py:540} INFO - Filling up the DagBag from /home/airflow/.local/lib/python3.8/site-packages/airflow/example_dags/example_trigger_controller_dag.py
[2024-03-10T18:39:54.983+0000] {processor.py:840} INFO - DAG(s) 'example_trigger_controller_dag' retrieved from /home/airflow/.local/lib/python3.8/site-packages/airflow/example_dags/example_trigger_controller_dag.py
[2024-03-10T18:39:55.029+0000] {logging_mixin.py:188} INFO - [2024-03-10T18:39:55.028+0000] {dag.py:3047} INFO - Sync 1 DAGs
[2024-03-10T18:39:55.065+0000] {logging_mixin.py:188} INFO - [2024-03-10T18:39:55.064+0000] {dag.py:3834} INFO - Setting next_dagrun for example_trigger_controller_dag to 2021-01-01 00:00:00+00:00, run_after=2021-01-01 00:00:00+00:00
[2024-03-10T18:39:55.086+0000] {processor.py:183} INFO - Processing /home/airflow/.local/lib/python3.8/site-packages/airflow/example_dags/example_trigger_controller_dag.py took 0.142 seconds
[2024-03-10T18:40:26.444+0000] {processor.py:161} INFO - Started process (PID=3601) to work on /home/airflow/.local/lib/python3.8/site-packages/airflow/example_dags/example_trigger_controller_dag.py
[2024-03-10T18:40:26.471+0000] {processor.py:830} INFO - Processing file /home/airflow/.local/lib/python3.8/site-packages/airflow/example_dags/example_trigger_controller_dag.py for tasks to queue
[2024-03-10T18:40:26.496+0000] {logging_mixin.py:188} INFO - [2024-03-10T18:40:26.486+0000] {dagbag.py:540} INFO - Filling up the DagBag from /home/airflow/.local/lib/python3.8/site-packages/airflow/example_dags/example_trigger_controller_dag.py
[2024-03-10T18:40:26.609+0000] {processor.py:840} INFO - DAG(s) 'example_trigger_controller_dag' retrieved from /home/airflow/.local/lib/python3.8/site-packages/airflow/example_dags/example_trigger_controller_dag.py
[2024-03-10T18:40:26.853+0000] {logging_mixin.py:188} INFO - [2024-03-10T18:40:26.852+0000] {dag.py:3047} INFO - Sync 1 DAGs
[2024-03-10T18:40:26.941+0000] {logging_mixin.py:188} INFO - [2024-03-10T18:40:26.940+0000] {dag.py:3834} INFO - Setting next_dagrun for example_trigger_controller_dag to 2021-01-01 00:00:00+00:00, run_after=2021-01-01 00:00:00+00:00
[2024-03-10T18:40:27.032+0000] {processor.py:183} INFO - Processing /home/airflow/.local/lib/python3.8/site-packages/airflow/example_dags/example_trigger_controller_dag.py took 0.655 seconds
[2024-03-10T18:40:57.498+0000] {processor.py:161} INFO - Started process (PID=3855) to work on /home/airflow/.local/lib/python3.8/site-packages/airflow/example_dags/example_trigger_controller_dag.py
[2024-03-10T18:40:57.506+0000] {processor.py:830} INFO - Processing file /home/airflow/.local/lib/python3.8/site-packages/airflow/example_dags/example_trigger_controller_dag.py for tasks to queue
[2024-03-10T18:40:57.514+0000] {logging_mixin.py:188} INFO - [2024-03-10T18:40:57.512+0000] {dagbag.py:540} INFO - Filling up the DagBag from /home/airflow/.local/lib/python3.8/site-packages/airflow/example_dags/example_trigger_controller_dag.py
[2024-03-10T18:40:57.569+0000] {processor.py:840} INFO - DAG(s) 'example_trigger_controller_dag' retrieved from /home/airflow/.local/lib/python3.8/site-packages/airflow/example_dags/example_trigger_controller_dag.py
[2024-03-10T18:40:57.672+0000] {logging_mixin.py:188} INFO - [2024-03-10T18:40:57.671+0000] {dag.py:3047} INFO - Sync 1 DAGs
[2024-03-10T18:40:58.178+0000] {logging_mixin.py:188} INFO - [2024-03-10T18:40:58.176+0000] {dag.py:3834} INFO - Setting next_dagrun for example_trigger_controller_dag to 2021-01-01 00:00:00+00:00, run_after=2021-01-01 00:00:00+00:00
[2024-03-10T18:40:58.300+0000] {processor.py:183} INFO - Processing /home/airflow/.local/lib/python3.8/site-packages/airflow/example_dags/example_trigger_controller_dag.py took 0.827 seconds
[2024-03-10T18:41:28.658+0000] {processor.py:161} INFO - Started process (PID=4104) to work on /home/airflow/.local/lib/python3.8/site-packages/airflow/example_dags/example_trigger_controller_dag.py
[2024-03-10T18:41:28.662+0000] {processor.py:830} INFO - Processing file /home/airflow/.local/lib/python3.8/site-packages/airflow/example_dags/example_trigger_controller_dag.py for tasks to queue
[2024-03-10T18:41:28.666+0000] {logging_mixin.py:188} INFO - [2024-03-10T18:41:28.665+0000] {dagbag.py:540} INFO - Filling up the DagBag from /home/airflow/.local/lib/python3.8/site-packages/airflow/example_dags/example_trigger_controller_dag.py
[2024-03-10T18:41:28.685+0000] {processor.py:840} INFO - DAG(s) 'example_trigger_controller_dag' retrieved from /home/airflow/.local/lib/python3.8/site-packages/airflow/example_dags/example_trigger_controller_dag.py
[2024-03-10T18:41:28.980+0000] {logging_mixin.py:188} INFO - [2024-03-10T18:41:28.979+0000] {dag.py:3047} INFO - Sync 1 DAGs
[2024-03-10T18:41:29.168+0000] {logging_mixin.py:188} INFO - [2024-03-10T18:41:29.167+0000] {dag.py:3834} INFO - Setting next_dagrun for example_trigger_controller_dag to 2021-01-01 00:00:00+00:00, run_after=2021-01-01 00:00:00+00:00
[2024-03-10T18:41:29.218+0000] {processor.py:183} INFO - Processing /home/airflow/.local/lib/python3.8/site-packages/airflow/example_dags/example_trigger_controller_dag.py took 0.570 seconds
[2024-03-10T18:41:59.658+0000] {processor.py:161} INFO - Started process (PID=4351) to work on /home/airflow/.local/lib/python3.8/site-packages/airflow/example_dags/example_trigger_controller_dag.py
[2024-03-10T18:41:59.663+0000] {processor.py:830} INFO - Processing file /home/airflow/.local/lib/python3.8/site-packages/airflow/example_dags/example_trigger_controller_dag.py for tasks to queue
[2024-03-10T18:41:59.667+0000] {logging_mixin.py:188} INFO - [2024-03-10T18:41:59.666+0000] {dagbag.py:540} INFO - Filling up the DagBag from /home/airflow/.local/lib/python3.8/site-packages/airflow/example_dags/example_trigger_controller_dag.py
[2024-03-10T18:41:59.691+0000] {processor.py:840} INFO - DAG(s) 'example_trigger_controller_dag' retrieved from /home/airflow/.local/lib/python3.8/site-packages/airflow/example_dags/example_trigger_controller_dag.py
[2024-03-10T18:41:59.810+0000] {logging_mixin.py:188} INFO - [2024-03-10T18:41:59.810+0000] {dag.py:3047} INFO - Sync 1 DAGs
[2024-03-10T18:41:59.904+0000] {logging_mixin.py:188} INFO - [2024-03-10T18:41:59.903+0000] {dag.py:3834} INFO - Setting next_dagrun for example_trigger_controller_dag to 2021-01-01 00:00:00+00:00, run_after=2021-01-01 00:00:00+00:00
[2024-03-10T18:41:59.967+0000] {processor.py:183} INFO - Processing /home/airflow/.local/lib/python3.8/site-packages/airflow/example_dags/example_trigger_controller_dag.py took 0.360 seconds
[2024-03-10T18:42:43.954+0000] {processor.py:161} INFO - Started process (PID=4536) to work on /home/airflow/.local/lib/python3.8/site-packages/airflow/example_dags/example_trigger_controller_dag.py
[2024-03-10T18:42:43.992+0000] {processor.py:830} INFO - Processing file /home/airflow/.local/lib/python3.8/site-packages/airflow/example_dags/example_trigger_controller_dag.py for tasks to queue
[2024-03-10T18:42:44.006+0000] {logging_mixin.py:188} INFO - [2024-03-10T18:42:44.004+0000] {dagbag.py:540} INFO - Filling up the DagBag from /home/airflow/.local/lib/python3.8/site-packages/airflow/example_dags/example_trigger_controller_dag.py
[2024-03-10T18:42:44.034+0000] {processor.py:840} INFO - DAG(s) 'example_trigger_controller_dag' retrieved from /home/airflow/.local/lib/python3.8/site-packages/airflow/example_dags/example_trigger_controller_dag.py
[2024-03-10T18:42:44.129+0000] {logging_mixin.py:188} INFO - [2024-03-10T18:42:44.129+0000] {dag.py:3047} INFO - Sync 1 DAGs
[2024-03-10T18:42:44.230+0000] {logging_mixin.py:188} INFO - [2024-03-10T18:42:44.229+0000] {dag.py:3834} INFO - Setting next_dagrun for example_trigger_controller_dag to 2021-01-01 00:00:00+00:00, run_after=2021-01-01 00:00:00+00:00
[2024-03-10T18:42:44.353+0000] {processor.py:183} INFO - Processing /home/airflow/.local/lib/python3.8/site-packages/airflow/example_dags/example_trigger_controller_dag.py took 0.415 seconds
[2024-03-10T18:43:33.579+0000] {processor.py:161} INFO - Started process (PID=4771) to work on /home/airflow/.local/lib/python3.8/site-packages/airflow/example_dags/example_trigger_controller_dag.py
[2024-03-10T18:43:33.599+0000] {processor.py:830} INFO - Processing file /home/airflow/.local/lib/python3.8/site-packages/airflow/example_dags/example_trigger_controller_dag.py for tasks to queue
[2024-03-10T18:43:33.608+0000] {logging_mixin.py:188} INFO - [2024-03-10T18:43:33.605+0000] {dagbag.py:540} INFO - Filling up the DagBag from /home/airflow/.local/lib/python3.8/site-packages/airflow/example_dags/example_trigger_controller_dag.py
[2024-03-10T18:43:33.811+0000] {processor.py:840} INFO - DAG(s) 'example_trigger_controller_dag' retrieved from /home/airflow/.local/lib/python3.8/site-packages/airflow/example_dags/example_trigger_controller_dag.py
[2024-03-10T18:43:35.326+0000] {logging_mixin.py:188} INFO - [2024-03-10T18:43:35.321+0000] {dag.py:3047} INFO - Sync 1 DAGs
[2024-03-10T18:43:35.661+0000] {logging_mixin.py:188} INFO - [2024-03-10T18:43:35.659+0000] {dag.py:3834} INFO - Setting next_dagrun for example_trigger_controller_dag to 2021-01-01 00:00:00+00:00, run_after=2021-01-01 00:00:00+00:00
[2024-03-10T18:43:35.815+0000] {processor.py:183} INFO - Processing /home/airflow/.local/lib/python3.8/site-packages/airflow/example_dags/example_trigger_controller_dag.py took 2.399 seconds
