[2024-03-10T18:33:10.075+0000] {processor.py:161} INFO - Started process (PID=306) to work on /home/airflow/.local/lib/python3.8/site-packages/airflow/example_dags/example_complex.py
[2024-03-10T18:33:10.079+0000] {processor.py:830} INFO - Processing file /home/airflow/.local/lib/python3.8/site-packages/airflow/example_dags/example_complex.py for tasks to queue
[2024-03-10T18:33:10.082+0000] {logging_mixin.py:188} INFO - [2024-03-10T18:33:10.081+0000] {dagbag.py:540} INFO - Filling up the DagBag from /home/airflow/.local/lib/python3.8/site-packages/airflow/example_dags/example_complex.py
[2024-03-10T18:33:10.105+0000] {processor.py:840} INFO - DAG(s) 'example_complex' retrieved from /home/airflow/.local/lib/python3.8/site-packages/airflow/example_dags/example_complex.py
[2024-03-10T18:33:10.281+0000] {logging_mixin.py:188} INFO - [2024-03-10T18:33:10.280+0000] {override.py:1769} INFO - Created Permission View: can delete on DAG:example_complex
[2024-03-10T18:33:10.306+0000] {logging_mixin.py:188} INFO - [2024-03-10T18:33:10.303+0000] {override.py:1769} INFO - Created Permission View: can edit on DAG:example_complex
[2024-03-10T18:33:10.340+0000] {logging_mixin.py:188} INFO - [2024-03-10T18:33:10.339+0000] {override.py:1769} INFO - Created Permission View: can read on DAG:example_complex
[2024-03-10T18:33:10.342+0000] {logging_mixin.py:188} INFO - [2024-03-10T18:33:10.342+0000] {dag.py:3047} INFO - Sync 1 DAGs
[2024-03-10T18:33:10.376+0000] {logging_mixin.py:188} INFO - [2024-03-10T18:33:10.375+0000] {dag.py:3069} INFO - Creating ORM DAG for example_complex
[2024-03-10T18:33:10.380+0000] {logging_mixin.py:188} INFO - [2024-03-10T18:33:10.380+0000] {dag.py:3834} INFO - Setting next_dagrun for example_complex to None, run_after=None
[2024-03-10T18:33:10.409+0000] {processor.py:183} INFO - Processing /home/airflow/.local/lib/python3.8/site-packages/airflow/example_dags/example_complex.py took 0.342 seconds
[2024-03-10T18:33:46.801+0000] {processor.py:161} INFO - Started process (PID=553) to work on /home/airflow/.local/lib/python3.8/site-packages/airflow/example_dags/example_complex.py
[2024-03-10T18:33:46.810+0000] {processor.py:830} INFO - Processing file /home/airflow/.local/lib/python3.8/site-packages/airflow/example_dags/example_complex.py for tasks to queue
[2024-03-10T18:33:46.817+0000] {logging_mixin.py:188} INFO - [2024-03-10T18:33:46.817+0000] {dagbag.py:540} INFO - Filling up the DagBag from /home/airflow/.local/lib/python3.8/site-packages/airflow/example_dags/example_complex.py
[2024-03-10T18:33:46.842+0000] {processor.py:840} INFO - DAG(s) 'example_complex' retrieved from /home/airflow/.local/lib/python3.8/site-packages/airflow/example_dags/example_complex.py
[2024-03-10T18:33:46.925+0000] {logging_mixin.py:188} INFO - [2024-03-10T18:33:46.925+0000] {dag.py:3047} INFO - Sync 1 DAGs
[2024-03-10T18:33:46.951+0000] {logging_mixin.py:188} INFO - [2024-03-10T18:33:46.950+0000] {dag.py:3834} INFO - Setting next_dagrun for example_complex to None, run_after=None
[2024-03-10T18:33:46.991+0000] {processor.py:183} INFO - Processing /home/airflow/.local/lib/python3.8/site-packages/airflow/example_dags/example_complex.py took 0.197 seconds
[2024-03-10T18:34:17.922+0000] {processor.py:161} INFO - Started process (PID=800) to work on /home/airflow/.local/lib/python3.8/site-packages/airflow/example_dags/example_complex.py
[2024-03-10T18:34:17.925+0000] {processor.py:830} INFO - Processing file /home/airflow/.local/lib/python3.8/site-packages/airflow/example_dags/example_complex.py for tasks to queue
[2024-03-10T18:34:17.927+0000] {logging_mixin.py:188} INFO - [2024-03-10T18:34:17.927+0000] {dagbag.py:540} INFO - Filling up the DagBag from /home/airflow/.local/lib/python3.8/site-packages/airflow/example_dags/example_complex.py
[2024-03-10T18:34:17.942+0000] {processor.py:840} INFO - DAG(s) 'example_complex' retrieved from /home/airflow/.local/lib/python3.8/site-packages/airflow/example_dags/example_complex.py
[2024-03-10T18:34:17.998+0000] {logging_mixin.py:188} INFO - [2024-03-10T18:34:17.998+0000] {dag.py:3047} INFO - Sync 1 DAGs
[2024-03-10T18:34:18.025+0000] {logging_mixin.py:188} INFO - [2024-03-10T18:34:18.025+0000] {dag.py:3834} INFO - Setting next_dagrun for example_complex to None, run_after=None
[2024-03-10T18:34:18.071+0000] {processor.py:183} INFO - Processing /home/airflow/.local/lib/python3.8/site-packages/airflow/example_dags/example_complex.py took 0.158 seconds
[2024-03-10T18:34:52.067+0000] {processor.py:161} INFO - Started process (PID=1048) to work on /home/airflow/.local/lib/python3.8/site-packages/airflow/example_dags/example_complex.py
[2024-03-10T18:34:52.078+0000] {processor.py:830} INFO - Processing file /home/airflow/.local/lib/python3.8/site-packages/airflow/example_dags/example_complex.py for tasks to queue
[2024-03-10T18:34:52.082+0000] {logging_mixin.py:188} INFO - [2024-03-10T18:34:52.081+0000] {dagbag.py:540} INFO - Filling up the DagBag from /home/airflow/.local/lib/python3.8/site-packages/airflow/example_dags/example_complex.py
[2024-03-10T18:34:52.102+0000] {processor.py:840} INFO - DAG(s) 'example_complex' retrieved from /home/airflow/.local/lib/python3.8/site-packages/airflow/example_dags/example_complex.py
[2024-03-10T18:34:52.183+0000] {logging_mixin.py:188} INFO - [2024-03-10T18:34:52.183+0000] {dag.py:3047} INFO - Sync 1 DAGs
[2024-03-10T18:34:52.211+0000] {logging_mixin.py:188} INFO - [2024-03-10T18:34:52.210+0000] {dag.py:3834} INFO - Setting next_dagrun for example_complex to None, run_after=None
[2024-03-10T18:34:52.261+0000] {processor.py:183} INFO - Processing /home/airflow/.local/lib/python3.8/site-packages/airflow/example_dags/example_complex.py took 0.203 seconds
[2024-03-10T18:35:24.939+0000] {processor.py:161} INFO - Started process (PID=1295) to work on /home/airflow/.local/lib/python3.8/site-packages/airflow/example_dags/example_complex.py
[2024-03-10T18:35:24.947+0000] {processor.py:830} INFO - Processing file /home/airflow/.local/lib/python3.8/site-packages/airflow/example_dags/example_complex.py for tasks to queue
[2024-03-10T18:35:24.953+0000] {logging_mixin.py:188} INFO - [2024-03-10T18:35:24.952+0000] {dagbag.py:540} INFO - Filling up the DagBag from /home/airflow/.local/lib/python3.8/site-packages/airflow/example_dags/example_complex.py
[2024-03-10T18:35:24.998+0000] {processor.py:840} INFO - DAG(s) 'example_complex' retrieved from /home/airflow/.local/lib/python3.8/site-packages/airflow/example_dags/example_complex.py
[2024-03-10T18:35:25.152+0000] {logging_mixin.py:188} INFO - [2024-03-10T18:35:25.152+0000] {dag.py:3047} INFO - Sync 1 DAGs
[2024-03-10T18:35:25.182+0000] {logging_mixin.py:188} INFO - [2024-03-10T18:35:25.181+0000] {dag.py:3834} INFO - Setting next_dagrun for example_complex to None, run_after=None
[2024-03-10T18:35:25.229+0000] {processor.py:183} INFO - Processing /home/airflow/.local/lib/python3.8/site-packages/airflow/example_dags/example_complex.py took 0.304 seconds
[2024-03-10T18:35:57.427+0000] {processor.py:161} INFO - Started process (PID=1542) to work on /home/airflow/.local/lib/python3.8/site-packages/airflow/example_dags/example_complex.py
[2024-03-10T18:35:57.437+0000] {processor.py:830} INFO - Processing file /home/airflow/.local/lib/python3.8/site-packages/airflow/example_dags/example_complex.py for tasks to queue
[2024-03-10T18:35:57.441+0000] {logging_mixin.py:188} INFO - [2024-03-10T18:35:57.440+0000] {dagbag.py:540} INFO - Filling up the DagBag from /home/airflow/.local/lib/python3.8/site-packages/airflow/example_dags/example_complex.py
[2024-03-10T18:35:57.462+0000] {processor.py:840} INFO - DAG(s) 'example_complex' retrieved from /home/airflow/.local/lib/python3.8/site-packages/airflow/example_dags/example_complex.py
[2024-03-10T18:35:57.553+0000] {logging_mixin.py:188} INFO - [2024-03-10T18:35:57.552+0000] {dag.py:3047} INFO - Sync 1 DAGs
[2024-03-10T18:35:57.575+0000] {logging_mixin.py:188} INFO - [2024-03-10T18:35:57.574+0000] {dag.py:3834} INFO - Setting next_dagrun for example_complex to None, run_after=None
[2024-03-10T18:35:57.623+0000] {processor.py:183} INFO - Processing /home/airflow/.local/lib/python3.8/site-packages/airflow/example_dags/example_complex.py took 0.208 seconds
[2024-03-10T18:36:27.857+0000] {processor.py:161} INFO - Started process (PID=1783) to work on /home/airflow/.local/lib/python3.8/site-packages/airflow/example_dags/example_complex.py
[2024-03-10T18:36:27.862+0000] {processor.py:830} INFO - Processing file /home/airflow/.local/lib/python3.8/site-packages/airflow/example_dags/example_complex.py for tasks to queue
[2024-03-10T18:36:27.867+0000] {logging_mixin.py:188} INFO - [2024-03-10T18:36:27.866+0000] {dagbag.py:540} INFO - Filling up the DagBag from /home/airflow/.local/lib/python3.8/site-packages/airflow/example_dags/example_complex.py
[2024-03-10T18:36:27.900+0000] {processor.py:840} INFO - DAG(s) 'example_complex' retrieved from /home/airflow/.local/lib/python3.8/site-packages/airflow/example_dags/example_complex.py
[2024-03-10T18:36:28.016+0000] {logging_mixin.py:188} INFO - [2024-03-10T18:36:28.016+0000] {dag.py:3047} INFO - Sync 1 DAGs
[2024-03-10T18:36:28.062+0000] {logging_mixin.py:188} INFO - [2024-03-10T18:36:28.061+0000] {dag.py:3834} INFO - Setting next_dagrun for example_complex to None, run_after=None
[2024-03-10T18:36:28.135+0000] {processor.py:183} INFO - Processing /home/airflow/.local/lib/python3.8/site-packages/airflow/example_dags/example_complex.py took 0.301 seconds
[2024-03-10T18:37:00.984+0000] {processor.py:161} INFO - Started process (PID=2030) to work on /home/airflow/.local/lib/python3.8/site-packages/airflow/example_dags/example_complex.py
[2024-03-10T18:37:00.995+0000] {processor.py:830} INFO - Processing file /home/airflow/.local/lib/python3.8/site-packages/airflow/example_dags/example_complex.py for tasks to queue
[2024-03-10T18:37:01.005+0000] {logging_mixin.py:188} INFO - [2024-03-10T18:37:01.003+0000] {dagbag.py:540} INFO - Filling up the DagBag from /home/airflow/.local/lib/python3.8/site-packages/airflow/example_dags/example_complex.py
[2024-03-10T18:37:01.068+0000] {processor.py:840} INFO - DAG(s) 'example_complex' retrieved from /home/airflow/.local/lib/python3.8/site-packages/airflow/example_dags/example_complex.py
[2024-03-10T18:37:01.237+0000] {logging_mixin.py:188} INFO - [2024-03-10T18:37:01.236+0000] {dag.py:3047} INFO - Sync 1 DAGs
[2024-03-10T18:37:01.312+0000] {logging_mixin.py:188} INFO - [2024-03-10T18:37:01.311+0000] {dag.py:3834} INFO - Setting next_dagrun for example_complex to None, run_after=None
[2024-03-10T18:37:01.425+0000] {processor.py:183} INFO - Processing /home/airflow/.local/lib/python3.8/site-packages/airflow/example_dags/example_complex.py took 0.457 seconds
[2024-03-10T18:37:31.599+0000] {processor.py:161} INFO - Started process (PID=2274) to work on /home/airflow/.local/lib/python3.8/site-packages/airflow/example_dags/example_complex.py
[2024-03-10T18:37:31.604+0000] {processor.py:830} INFO - Processing file /home/airflow/.local/lib/python3.8/site-packages/airflow/example_dags/example_complex.py for tasks to queue
[2024-03-10T18:37:31.610+0000] {logging_mixin.py:188} INFO - [2024-03-10T18:37:31.610+0000] {dagbag.py:540} INFO - Filling up the DagBag from /home/airflow/.local/lib/python3.8/site-packages/airflow/example_dags/example_complex.py
[2024-03-10T18:37:31.626+0000] {processor.py:840} INFO - DAG(s) 'example_complex' retrieved from /home/airflow/.local/lib/python3.8/site-packages/airflow/example_dags/example_complex.py
[2024-03-10T18:37:31.697+0000] {logging_mixin.py:188} INFO - [2024-03-10T18:37:31.697+0000] {dag.py:3047} INFO - Sync 1 DAGs
[2024-03-10T18:37:31.718+0000] {logging_mixin.py:188} INFO - [2024-03-10T18:37:31.718+0000] {dag.py:3834} INFO - Setting next_dagrun for example_complex to None, run_after=None
[2024-03-10T18:37:31.744+0000] {processor.py:183} INFO - Processing /home/airflow/.local/lib/python3.8/site-packages/airflow/example_dags/example_complex.py took 0.151 seconds
[2024-03-10T18:38:02.329+0000] {processor.py:161} INFO - Started process (PID=2520) to work on /home/airflow/.local/lib/python3.8/site-packages/airflow/example_dags/example_complex.py
[2024-03-10T18:38:02.333+0000] {processor.py:830} INFO - Processing file /home/airflow/.local/lib/python3.8/site-packages/airflow/example_dags/example_complex.py for tasks to queue
[2024-03-10T18:38:02.341+0000] {logging_mixin.py:188} INFO - [2024-03-10T18:38:02.340+0000] {dagbag.py:540} INFO - Filling up the DagBag from /home/airflow/.local/lib/python3.8/site-packages/airflow/example_dags/example_complex.py
[2024-03-10T18:38:02.404+0000] {processor.py:840} INFO - DAG(s) 'example_complex' retrieved from /home/airflow/.local/lib/python3.8/site-packages/airflow/example_dags/example_complex.py
[2024-03-10T18:38:02.520+0000] {logging_mixin.py:188} INFO - [2024-03-10T18:38:02.519+0000] {dag.py:3047} INFO - Sync 1 DAGs
[2024-03-10T18:38:02.550+0000] {logging_mixin.py:188} INFO - [2024-03-10T18:38:02.550+0000] {dag.py:3834} INFO - Setting next_dagrun for example_complex to None, run_after=None
[2024-03-10T18:38:02.604+0000] {processor.py:183} INFO - Processing /home/airflow/.local/lib/python3.8/site-packages/airflow/example_dags/example_complex.py took 0.291 seconds
[2024-03-10T18:38:34.172+0000] {processor.py:161} INFO - Started process (PID=2772) to work on /home/airflow/.local/lib/python3.8/site-packages/airflow/example_dags/example_complex.py
[2024-03-10T18:38:34.175+0000] {processor.py:830} INFO - Processing file /home/airflow/.local/lib/python3.8/site-packages/airflow/example_dags/example_complex.py for tasks to queue
[2024-03-10T18:38:34.178+0000] {logging_mixin.py:188} INFO - [2024-03-10T18:38:34.177+0000] {dagbag.py:540} INFO - Filling up the DagBag from /home/airflow/.local/lib/python3.8/site-packages/airflow/example_dags/example_complex.py
[2024-03-10T18:38:34.195+0000] {processor.py:840} INFO - DAG(s) 'example_complex' retrieved from /home/airflow/.local/lib/python3.8/site-packages/airflow/example_dags/example_complex.py
[2024-03-10T18:38:34.247+0000] {logging_mixin.py:188} INFO - [2024-03-10T18:38:34.247+0000] {dag.py:3047} INFO - Sync 1 DAGs
[2024-03-10T18:38:34.264+0000] {logging_mixin.py:188} INFO - [2024-03-10T18:38:34.263+0000] {dag.py:3834} INFO - Setting next_dagrun for example_complex to None, run_after=None
[2024-03-10T18:38:34.294+0000] {processor.py:183} INFO - Processing /home/airflow/.local/lib/python3.8/site-packages/airflow/example_dags/example_complex.py took 0.129 seconds
[2024-03-10T18:39:05.653+0000] {processor.py:161} INFO - Started process (PID=3019) to work on /home/airflow/.local/lib/python3.8/site-packages/airflow/example_dags/example_complex.py
[2024-03-10T18:39:05.669+0000] {processor.py:830} INFO - Processing file /home/airflow/.local/lib/python3.8/site-packages/airflow/example_dags/example_complex.py for tasks to queue
[2024-03-10T18:39:05.676+0000] {logging_mixin.py:188} INFO - [2024-03-10T18:39:05.673+0000] {dagbag.py:540} INFO - Filling up the DagBag from /home/airflow/.local/lib/python3.8/site-packages/airflow/example_dags/example_complex.py
[2024-03-10T18:39:05.729+0000] {processor.py:840} INFO - DAG(s) 'example_complex' retrieved from /home/airflow/.local/lib/python3.8/site-packages/airflow/example_dags/example_complex.py
[2024-03-10T18:39:06.023+0000] {logging_mixin.py:188} INFO - [2024-03-10T18:39:06.021+0000] {dag.py:3047} INFO - Sync 1 DAGs
[2024-03-10T18:39:06.120+0000] {logging_mixin.py:188} INFO - [2024-03-10T18:39:06.117+0000] {dag.py:3834} INFO - Setting next_dagrun for example_complex to None, run_after=None
[2024-03-10T18:39:06.404+0000] {processor.py:183} INFO - Processing /home/airflow/.local/lib/python3.8/site-packages/airflow/example_dags/example_complex.py took 0.765 seconds
[2024-03-10T18:39:44.240+0000] {processor.py:161} INFO - Started process (PID=3278) to work on /home/airflow/.local/lib/python3.8/site-packages/airflow/example_dags/example_complex.py
[2024-03-10T18:39:44.245+0000] {processor.py:830} INFO - Processing file /home/airflow/.local/lib/python3.8/site-packages/airflow/example_dags/example_complex.py for tasks to queue
[2024-03-10T18:39:44.252+0000] {logging_mixin.py:188} INFO - [2024-03-10T18:39:44.250+0000] {dagbag.py:540} INFO - Filling up the DagBag from /home/airflow/.local/lib/python3.8/site-packages/airflow/example_dags/example_complex.py
[2024-03-10T18:39:44.322+0000] {processor.py:840} INFO - DAG(s) 'example_complex' retrieved from /home/airflow/.local/lib/python3.8/site-packages/airflow/example_dags/example_complex.py
[2024-03-10T18:39:44.525+0000] {logging_mixin.py:188} INFO - [2024-03-10T18:39:44.524+0000] {dag.py:3047} INFO - Sync 1 DAGs
[2024-03-10T18:39:44.593+0000] {logging_mixin.py:188} INFO - [2024-03-10T18:39:44.590+0000] {dag.py:3834} INFO - Setting next_dagrun for example_complex to None, run_after=None
[2024-03-10T18:39:44.747+0000] {processor.py:183} INFO - Processing /home/airflow/.local/lib/python3.8/site-packages/airflow/example_dags/example_complex.py took 0.517 seconds
[2024-03-10T18:40:15.132+0000] {processor.py:161} INFO - Started process (PID=3529) to work on /home/airflow/.local/lib/python3.8/site-packages/airflow/example_dags/example_complex.py
[2024-03-10T18:40:15.135+0000] {processor.py:830} INFO - Processing file /home/airflow/.local/lib/python3.8/site-packages/airflow/example_dags/example_complex.py for tasks to queue
[2024-03-10T18:40:15.138+0000] {logging_mixin.py:188} INFO - [2024-03-10T18:40:15.137+0000] {dagbag.py:540} INFO - Filling up the DagBag from /home/airflow/.local/lib/python3.8/site-packages/airflow/example_dags/example_complex.py
[2024-03-10T18:40:15.167+0000] {processor.py:840} INFO - DAG(s) 'example_complex' retrieved from /home/airflow/.local/lib/python3.8/site-packages/airflow/example_dags/example_complex.py
[2024-03-10T18:40:15.224+0000] {logging_mixin.py:188} INFO - [2024-03-10T18:40:15.224+0000] {dag.py:3047} INFO - Sync 1 DAGs
[2024-03-10T18:40:15.239+0000] {logging_mixin.py:188} INFO - [2024-03-10T18:40:15.239+0000] {dag.py:3834} INFO - Setting next_dagrun for example_complex to None, run_after=None
[2024-03-10T18:40:15.258+0000] {processor.py:183} INFO - Processing /home/airflow/.local/lib/python3.8/site-packages/airflow/example_dags/example_complex.py took 0.135 seconds
[2024-03-10T18:40:49.811+0000] {processor.py:161} INFO - Started process (PID=3781) to work on /home/airflow/.local/lib/python3.8/site-packages/airflow/example_dags/example_complex.py
[2024-03-10T18:40:49.823+0000] {processor.py:830} INFO - Processing file /home/airflow/.local/lib/python3.8/site-packages/airflow/example_dags/example_complex.py for tasks to queue
[2024-03-10T18:40:49.833+0000] {logging_mixin.py:188} INFO - [2024-03-10T18:40:49.830+0000] {dagbag.py:540} INFO - Filling up the DagBag from /home/airflow/.local/lib/python3.8/site-packages/airflow/example_dags/example_complex.py
[2024-03-10T18:40:49.866+0000] {processor.py:840} INFO - DAG(s) 'example_complex' retrieved from /home/airflow/.local/lib/python3.8/site-packages/airflow/example_dags/example_complex.py
[2024-03-10T18:40:49.938+0000] {logging_mixin.py:188} INFO - [2024-03-10T18:40:49.938+0000] {dag.py:3047} INFO - Sync 1 DAGs
[2024-03-10T18:40:50.012+0000] {logging_mixin.py:188} INFO - [2024-03-10T18:40:50.011+0000] {dag.py:3834} INFO - Setting next_dagrun for example_complex to None, run_after=None
[2024-03-10T18:40:50.086+0000] {processor.py:183} INFO - Processing /home/airflow/.local/lib/python3.8/site-packages/airflow/example_dags/example_complex.py took 0.287 seconds
[2024-03-10T18:41:21.186+0000] {processor.py:161} INFO - Started process (PID=4030) to work on /home/airflow/.local/lib/python3.8/site-packages/airflow/example_dags/example_complex.py
[2024-03-10T18:41:21.191+0000] {processor.py:830} INFO - Processing file /home/airflow/.local/lib/python3.8/site-packages/airflow/example_dags/example_complex.py for tasks to queue
[2024-03-10T18:41:21.195+0000] {logging_mixin.py:188} INFO - [2024-03-10T18:41:21.194+0000] {dagbag.py:540} INFO - Filling up the DagBag from /home/airflow/.local/lib/python3.8/site-packages/airflow/example_dags/example_complex.py
[2024-03-10T18:41:21.226+0000] {processor.py:840} INFO - DAG(s) 'example_complex' retrieved from /home/airflow/.local/lib/python3.8/site-packages/airflow/example_dags/example_complex.py
[2024-03-10T18:41:21.476+0000] {logging_mixin.py:188} INFO - [2024-03-10T18:41:21.475+0000] {dag.py:3047} INFO - Sync 1 DAGs
[2024-03-10T18:41:21.496+0000] {logging_mixin.py:188} INFO - [2024-03-10T18:41:21.496+0000] {dag.py:3834} INFO - Setting next_dagrun for example_complex to None, run_after=None
[2024-03-10T18:41:21.580+0000] {processor.py:183} INFO - Processing /home/airflow/.local/lib/python3.8/site-packages/airflow/example_dags/example_complex.py took 0.401 seconds
[2024-03-10T18:41:51.873+0000] {processor.py:161} INFO - Started process (PID=4278) to work on /home/airflow/.local/lib/python3.8/site-packages/airflow/example_dags/example_complex.py
[2024-03-10T18:41:51.877+0000] {processor.py:830} INFO - Processing file /home/airflow/.local/lib/python3.8/site-packages/airflow/example_dags/example_complex.py for tasks to queue
[2024-03-10T18:41:51.881+0000] {logging_mixin.py:188} INFO - [2024-03-10T18:41:51.880+0000] {dagbag.py:540} INFO - Filling up the DagBag from /home/airflow/.local/lib/python3.8/site-packages/airflow/example_dags/example_complex.py
[2024-03-10T18:41:51.908+0000] {processor.py:840} INFO - DAG(s) 'example_complex' retrieved from /home/airflow/.local/lib/python3.8/site-packages/airflow/example_dags/example_complex.py
[2024-03-10T18:41:51.967+0000] {logging_mixin.py:188} INFO - [2024-03-10T18:41:51.967+0000] {dag.py:3047} INFO - Sync 1 DAGs
[2024-03-10T18:41:51.984+0000] {logging_mixin.py:188} INFO - [2024-03-10T18:41:51.983+0000] {dag.py:3834} INFO - Setting next_dagrun for example_complex to None, run_after=None
[2024-03-10T18:41:52.007+0000] {processor.py:183} INFO - Processing /home/airflow/.local/lib/python3.8/site-packages/airflow/example_dags/example_complex.py took 0.148 seconds
[2024-03-10T18:42:45.407+0000] {processor.py:161} INFO - Started process (PID=4561) to work on /home/airflow/.local/lib/python3.8/site-packages/airflow/example_dags/example_complex.py
[2024-03-10T18:42:45.422+0000] {processor.py:830} INFO - Processing file /home/airflow/.local/lib/python3.8/site-packages/airflow/example_dags/example_complex.py for tasks to queue
[2024-03-10T18:42:45.434+0000] {logging_mixin.py:188} INFO - [2024-03-10T18:42:45.432+0000] {dagbag.py:540} INFO - Filling up the DagBag from /home/airflow/.local/lib/python3.8/site-packages/airflow/example_dags/example_complex.py
[2024-03-10T18:42:45.524+0000] {processor.py:840} INFO - DAG(s) 'example_complex' retrieved from /home/airflow/.local/lib/python3.8/site-packages/airflow/example_dags/example_complex.py
[2024-03-10T18:42:45.619+0000] {logging_mixin.py:188} INFO - [2024-03-10T18:42:45.619+0000] {dag.py:3047} INFO - Sync 1 DAGs
[2024-03-10T18:42:45.689+0000] {logging_mixin.py:188} INFO - [2024-03-10T18:42:45.688+0000] {dag.py:3834} INFO - Setting next_dagrun for example_complex to None, run_after=None
[2024-03-10T18:42:45.817+0000] {processor.py:183} INFO - Processing /home/airflow/.local/lib/python3.8/site-packages/airflow/example_dags/example_complex.py took 0.427 seconds
[2024-03-10T18:43:51.741+0000] {processor.py:161} INFO - Started process (PID=4813) to work on /home/airflow/.local/lib/python3.8/site-packages/airflow/example_dags/example_complex.py
[2024-03-10T18:43:51.801+0000] {processor.py:830} INFO - Processing file /home/airflow/.local/lib/python3.8/site-packages/airflow/example_dags/example_complex.py for tasks to queue
[2024-03-10T18:43:51.866+0000] {logging_mixin.py:188} INFO - [2024-03-10T18:43:51.845+0000] {dagbag.py:540} INFO - Filling up the DagBag from /home/airflow/.local/lib/python3.8/site-packages/airflow/example_dags/example_complex.py
[2024-03-10T18:43:52.466+0000] {processor.py:840} INFO - DAG(s) 'example_complex' retrieved from /home/airflow/.local/lib/python3.8/site-packages/airflow/example_dags/example_complex.py
[2024-03-10T18:43:53.200+0000] {logging_mixin.py:188} INFO - [2024-03-10T18:43:53.198+0000] {dag.py:3047} INFO - Sync 1 DAGs
[2024-03-10T18:43:53.526+0000] {logging_mixin.py:188} INFO - [2024-03-10T18:43:53.524+0000] {dag.py:3834} INFO - Setting next_dagrun for example_complex to None, run_after=None
[2024-03-10T18:43:55.049+0000] {processor.py:183} INFO - Processing /home/airflow/.local/lib/python3.8/site-packages/airflow/example_dags/example_complex.py took 3.571 seconds
