[2024-03-10T18:32:59.738+0000] {processor.py:161} INFO - Started process (PID=223) to work on /home/airflow/.local/lib/python3.8/site-packages/airflow/example_dags/example_sla_dag.py
[2024-03-10T18:32:59.743+0000] {processor.py:830} INFO - Processing file /home/airflow/.local/lib/python3.8/site-packages/airflow/example_dags/example_sla_dag.py for tasks to queue
[2024-03-10T18:32:59.747+0000] {logging_mixin.py:188} INFO - [2024-03-10T18:32:59.746+0000] {dagbag.py:540} INFO - Filling up the DagBag from /home/airflow/.local/lib/python3.8/site-packages/airflow/example_dags/example_sla_dag.py
[2024-03-10T18:32:59.770+0000] {processor.py:840} INFO - DAG(s) 'example_sla_dag' retrieved from /home/airflow/.local/lib/python3.8/site-packages/airflow/example_dags/example_sla_dag.py
[2024-03-10T18:32:59.975+0000] {logging_mixin.py:188} INFO - [2024-03-10T18:32:59.973+0000] {override.py:1769} INFO - Created Permission View: can delete on DAG:example_sla_dag
[2024-03-10T18:33:00.015+0000] {logging_mixin.py:188} INFO - [2024-03-10T18:33:00.014+0000] {override.py:1769} INFO - Created Permission View: can edit on DAG:example_sla_dag
[2024-03-10T18:33:00.045+0000] {logging_mixin.py:188} INFO - [2024-03-10T18:33:00.039+0000] {override.py:1769} INFO - Created Permission View: can read on DAG:example_sla_dag
[2024-03-10T18:33:00.053+0000] {logging_mixin.py:188} INFO - [2024-03-10T18:33:00.052+0000] {dag.py:3047} INFO - Sync 1 DAGs
[2024-03-10T18:33:00.074+0000] {logging_mixin.py:188} INFO - [2024-03-10T18:33:00.074+0000] {dag.py:3069} INFO - Creating ORM DAG for example_sla_dag
[2024-03-10T18:33:00.137+0000] {logging_mixin.py:188} INFO - [2024-03-10T18:33:00.137+0000] {dag.py:3834} INFO - Setting next_dagrun for example_sla_dag to 2024-03-10 18:30:00+00:00, run_after=2024-03-10 18:32:00+00:00
[2024-03-10T18:33:00.190+0000] {processor.py:183} INFO - Processing /home/airflow/.local/lib/python3.8/site-packages/airflow/example_dags/example_sla_dag.py took 0.474 seconds
[2024-03-10T18:33:40.669+0000] {processor.py:161} INFO - Started process (PID=470) to work on /home/airflow/.local/lib/python3.8/site-packages/airflow/example_dags/example_sla_dag.py
[2024-03-10T18:33:40.681+0000] {processor.py:830} INFO - Processing file /home/airflow/.local/lib/python3.8/site-packages/airflow/example_dags/example_sla_dag.py for tasks to queue
[2024-03-10T18:33:40.706+0000] {logging_mixin.py:188} INFO - [2024-03-10T18:33:40.703+0000] {dagbag.py:540} INFO - Filling up the DagBag from /home/airflow/.local/lib/python3.8/site-packages/airflow/example_dags/example_sla_dag.py
[2024-03-10T18:33:40.828+0000] {processor.py:840} INFO - DAG(s) 'example_sla_dag' retrieved from /home/airflow/.local/lib/python3.8/site-packages/airflow/example_dags/example_sla_dag.py
[2024-03-10T18:33:41.120+0000] {logging_mixin.py:188} INFO - [2024-03-10T18:33:41.120+0000] {dag.py:3047} INFO - Sync 1 DAGs
[2024-03-10T18:33:41.279+0000] {logging_mixin.py:188} INFO - [2024-03-10T18:33:41.277+0000] {dag.py:3834} INFO - Setting next_dagrun for example_sla_dag to 2024-03-10 18:30:00+00:00, run_after=2024-03-10 18:32:00+00:00
[2024-03-10T18:33:41.396+0000] {processor.py:183} INFO - Processing /home/airflow/.local/lib/python3.8/site-packages/airflow/example_dags/example_sla_dag.py took 0.774 seconds
[2024-03-10T18:34:12.053+0000] {processor.py:161} INFO - Started process (PID=720) to work on /home/airflow/.local/lib/python3.8/site-packages/airflow/example_dags/example_sla_dag.py
[2024-03-10T18:34:12.084+0000] {processor.py:830} INFO - Processing file /home/airflow/.local/lib/python3.8/site-packages/airflow/example_dags/example_sla_dag.py for tasks to queue
[2024-03-10T18:34:12.108+0000] {logging_mixin.py:188} INFO - [2024-03-10T18:34:12.100+0000] {dagbag.py:540} INFO - Filling up the DagBag from /home/airflow/.local/lib/python3.8/site-packages/airflow/example_dags/example_sla_dag.py
[2024-03-10T18:34:12.152+0000] {processor.py:840} INFO - DAG(s) 'example_sla_dag' retrieved from /home/airflow/.local/lib/python3.8/site-packages/airflow/example_dags/example_sla_dag.py
[2024-03-10T18:34:12.197+0000] {logging_mixin.py:188} INFO - [2024-03-10T18:34:12.196+0000] {dag.py:3047} INFO - Sync 1 DAGs
[2024-03-10T18:34:12.237+0000] {logging_mixin.py:188} INFO - [2024-03-10T18:34:12.237+0000] {dag.py:3834} INFO - Setting next_dagrun for example_sla_dag to 2024-03-10 18:32:00+00:00, run_after=2024-03-10 18:34:00+00:00
[2024-03-10T18:34:12.356+0000] {processor.py:183} INFO - Processing /home/airflow/.local/lib/python3.8/site-packages/airflow/example_dags/example_sla_dag.py took 0.309 seconds
[2024-03-10T18:34:44.631+0000] {processor.py:161} INFO - Started process (PID=965) to work on /home/airflow/.local/lib/python3.8/site-packages/airflow/example_dags/example_sla_dag.py
[2024-03-10T18:34:44.635+0000] {processor.py:830} INFO - Processing file /home/airflow/.local/lib/python3.8/site-packages/airflow/example_dags/example_sla_dag.py for tasks to queue
[2024-03-10T18:34:44.637+0000] {logging_mixin.py:188} INFO - [2024-03-10T18:34:44.636+0000] {dagbag.py:540} INFO - Filling up the DagBag from /home/airflow/.local/lib/python3.8/site-packages/airflow/example_dags/example_sla_dag.py
[2024-03-10T18:34:44.653+0000] {processor.py:840} INFO - DAG(s) 'example_sla_dag' retrieved from /home/airflow/.local/lib/python3.8/site-packages/airflow/example_dags/example_sla_dag.py
[2024-03-10T18:34:44.695+0000] {logging_mixin.py:188} INFO - [2024-03-10T18:34:44.694+0000] {dag.py:3047} INFO - Sync 1 DAGs
[2024-03-10T18:34:44.731+0000] {logging_mixin.py:188} INFO - [2024-03-10T18:34:44.731+0000] {dag.py:3834} INFO - Setting next_dagrun for example_sla_dag to 2024-03-10 18:32:00+00:00, run_after=2024-03-10 18:34:00+00:00
[2024-03-10T18:34:44.756+0000] {processor.py:183} INFO - Processing /home/airflow/.local/lib/python3.8/site-packages/airflow/example_dags/example_sla_dag.py took 0.133 seconds
[2024-03-10T18:35:17.244+0000] {processor.py:161} INFO - Started process (PID=1209) to work on /home/airflow/.local/lib/python3.8/site-packages/airflow/example_dags/example_sla_dag.py
[2024-03-10T18:35:17.257+0000] {processor.py:830} INFO - Processing file /home/airflow/.local/lib/python3.8/site-packages/airflow/example_dags/example_sla_dag.py for tasks to queue
[2024-03-10T18:35:17.263+0000] {logging_mixin.py:188} INFO - [2024-03-10T18:35:17.263+0000] {dagbag.py:540} INFO - Filling up the DagBag from /home/airflow/.local/lib/python3.8/site-packages/airflow/example_dags/example_sla_dag.py
[2024-03-10T18:35:17.288+0000] {processor.py:840} INFO - DAG(s) 'example_sla_dag' retrieved from /home/airflow/.local/lib/python3.8/site-packages/airflow/example_dags/example_sla_dag.py
[2024-03-10T18:35:17.333+0000] {logging_mixin.py:188} INFO - [2024-03-10T18:35:17.333+0000] {dag.py:3047} INFO - Sync 1 DAGs
[2024-03-10T18:35:17.386+0000] {logging_mixin.py:188} INFO - [2024-03-10T18:35:17.385+0000] {dag.py:3834} INFO - Setting next_dagrun for example_sla_dag to 2024-03-10 18:32:00+00:00, run_after=2024-03-10 18:34:00+00:00
[2024-03-10T18:35:17.407+0000] {processor.py:183} INFO - Processing /home/airflow/.local/lib/python3.8/site-packages/airflow/example_dags/example_sla_dag.py took 0.170 seconds
[2024-03-10T18:35:49.424+0000] {processor.py:161} INFO - Started process (PID=1453) to work on /home/airflow/.local/lib/python3.8/site-packages/airflow/example_dags/example_sla_dag.py
[2024-03-10T18:35:49.436+0000] {processor.py:830} INFO - Processing file /home/airflow/.local/lib/python3.8/site-packages/airflow/example_dags/example_sla_dag.py for tasks to queue
[2024-03-10T18:35:49.451+0000] {logging_mixin.py:188} INFO - [2024-03-10T18:35:49.450+0000] {dagbag.py:540} INFO - Filling up the DagBag from /home/airflow/.local/lib/python3.8/site-packages/airflow/example_dags/example_sla_dag.py
[2024-03-10T18:35:49.608+0000] {processor.py:840} INFO - DAG(s) 'example_sla_dag' retrieved from /home/airflow/.local/lib/python3.8/site-packages/airflow/example_dags/example_sla_dag.py
[2024-03-10T18:35:49.945+0000] {logging_mixin.py:188} INFO - [2024-03-10T18:35:49.943+0000] {dag.py:3047} INFO - Sync 1 DAGs
[2024-03-10T18:35:50.185+0000] {logging_mixin.py:188} INFO - [2024-03-10T18:35:50.185+0000] {dag.py:3834} INFO - Setting next_dagrun for example_sla_dag to 2024-03-10 18:32:00+00:00, run_after=2024-03-10 18:34:00+00:00
[2024-03-10T18:35:50.315+0000] {processor.py:183} INFO - Processing /home/airflow/.local/lib/python3.8/site-packages/airflow/example_dags/example_sla_dag.py took 0.908 seconds
[2024-03-10T18:36:21.188+0000] {processor.py:161} INFO - Started process (PID=1700) to work on /home/airflow/.local/lib/python3.8/site-packages/airflow/example_dags/example_sla_dag.py
[2024-03-10T18:36:21.194+0000] {processor.py:830} INFO - Processing file /home/airflow/.local/lib/python3.8/site-packages/airflow/example_dags/example_sla_dag.py for tasks to queue
[2024-03-10T18:36:21.205+0000] {logging_mixin.py:188} INFO - [2024-03-10T18:36:21.203+0000] {dagbag.py:540} INFO - Filling up the DagBag from /home/airflow/.local/lib/python3.8/site-packages/airflow/example_dags/example_sla_dag.py
[2024-03-10T18:36:21.273+0000] {processor.py:840} INFO - DAG(s) 'example_sla_dag' retrieved from /home/airflow/.local/lib/python3.8/site-packages/airflow/example_dags/example_sla_dag.py
[2024-03-10T18:36:21.404+0000] {logging_mixin.py:188} INFO - [2024-03-10T18:36:21.402+0000] {dag.py:3047} INFO - Sync 1 DAGs
[2024-03-10T18:36:21.468+0000] {logging_mixin.py:188} INFO - [2024-03-10T18:36:21.468+0000] {dag.py:3834} INFO - Setting next_dagrun for example_sla_dag to 2024-03-10 18:34:00+00:00, run_after=2024-03-10 18:36:00+00:00
[2024-03-10T18:36:21.566+0000] {processor.py:183} INFO - Processing /home/airflow/.local/lib/python3.8/site-packages/airflow/example_dags/example_sla_dag.py took 0.400 seconds
[2024-03-10T18:36:52.698+0000] {processor.py:161} INFO - Started process (PID=1947) to work on /home/airflow/.local/lib/python3.8/site-packages/airflow/example_dags/example_sla_dag.py
[2024-03-10T18:36:52.702+0000] {processor.py:830} INFO - Processing file /home/airflow/.local/lib/python3.8/site-packages/airflow/example_dags/example_sla_dag.py for tasks to queue
[2024-03-10T18:36:52.744+0000] {logging_mixin.py:188} INFO - [2024-03-10T18:36:52.726+0000] {dagbag.py:540} INFO - Filling up the DagBag from /home/airflow/.local/lib/python3.8/site-packages/airflow/example_dags/example_sla_dag.py
[2024-03-10T18:36:52.880+0000] {processor.py:840} INFO - DAG(s) 'example_sla_dag' retrieved from /home/airflow/.local/lib/python3.8/site-packages/airflow/example_dags/example_sla_dag.py
[2024-03-10T18:36:53.091+0000] {logging_mixin.py:188} INFO - [2024-03-10T18:36:53.090+0000] {dag.py:3047} INFO - Sync 1 DAGs
[2024-03-10T18:36:53.490+0000] {logging_mixin.py:188} INFO - [2024-03-10T18:36:53.478+0000] {dag.py:3834} INFO - Setting next_dagrun for example_sla_dag to 2024-03-10 18:34:00+00:00, run_after=2024-03-10 18:36:00+00:00
[2024-03-10T18:36:53.906+0000] {processor.py:183} INFO - Processing /home/airflow/.local/lib/python3.8/site-packages/airflow/example_dags/example_sla_dag.py took 1.214 seconds
[2024-03-10T18:37:25.443+0000] {processor.py:161} INFO - Started process (PID=2194) to work on /home/airflow/.local/lib/python3.8/site-packages/airflow/example_dags/example_sla_dag.py
[2024-03-10T18:37:25.474+0000] {processor.py:830} INFO - Processing file /home/airflow/.local/lib/python3.8/site-packages/airflow/example_dags/example_sla_dag.py for tasks to queue
[2024-03-10T18:37:25.482+0000] {logging_mixin.py:188} INFO - [2024-03-10T18:37:25.481+0000] {dagbag.py:540} INFO - Filling up the DagBag from /home/airflow/.local/lib/python3.8/site-packages/airflow/example_dags/example_sla_dag.py
[2024-03-10T18:37:25.517+0000] {processor.py:840} INFO - DAG(s) 'example_sla_dag' retrieved from /home/airflow/.local/lib/python3.8/site-packages/airflow/example_dags/example_sla_dag.py
[2024-03-10T18:37:25.583+0000] {logging_mixin.py:188} INFO - [2024-03-10T18:37:25.582+0000] {dag.py:3047} INFO - Sync 1 DAGs
[2024-03-10T18:37:25.626+0000] {logging_mixin.py:188} INFO - [2024-03-10T18:37:25.626+0000] {dag.py:3834} INFO - Setting next_dagrun for example_sla_dag to 2024-03-10 18:34:00+00:00, run_after=2024-03-10 18:36:00+00:00
[2024-03-10T18:37:25.685+0000] {processor.py:183} INFO - Processing /home/airflow/.local/lib/python3.8/site-packages/airflow/example_dags/example_sla_dag.py took 0.262 seconds
[2024-03-10T18:37:56.934+0000] {processor.py:161} INFO - Started process (PID=2442) to work on /home/airflow/.local/lib/python3.8/site-packages/airflow/example_dags/example_sla_dag.py
[2024-03-10T18:37:56.944+0000] {processor.py:830} INFO - Processing file /home/airflow/.local/lib/python3.8/site-packages/airflow/example_dags/example_sla_dag.py for tasks to queue
[2024-03-10T18:37:56.948+0000] {logging_mixin.py:188} INFO - [2024-03-10T18:37:56.946+0000] {dagbag.py:540} INFO - Filling up the DagBag from /home/airflow/.local/lib/python3.8/site-packages/airflow/example_dags/example_sla_dag.py
[2024-03-10T18:37:57.001+0000] {processor.py:840} INFO - DAG(s) 'example_sla_dag' retrieved from /home/airflow/.local/lib/python3.8/site-packages/airflow/example_dags/example_sla_dag.py
[2024-03-10T18:37:57.115+0000] {logging_mixin.py:188} INFO - [2024-03-10T18:37:57.114+0000] {dag.py:3047} INFO - Sync 1 DAGs
[2024-03-10T18:37:57.304+0000] {logging_mixin.py:188} INFO - [2024-03-10T18:37:57.303+0000] {dag.py:3834} INFO - Setting next_dagrun for example_sla_dag to 2024-03-10 18:34:00+00:00, run_after=2024-03-10 18:36:00+00:00
[2024-03-10T18:37:57.408+0000] {processor.py:183} INFO - Processing /home/airflow/.local/lib/python3.8/site-packages/airflow/example_dags/example_sla_dag.py took 0.490 seconds
[2024-03-10T18:38:28.574+0000] {processor.py:161} INFO - Started process (PID=2689) to work on /home/airflow/.local/lib/python3.8/site-packages/airflow/example_dags/example_sla_dag.py
[2024-03-10T18:38:28.580+0000] {processor.py:830} INFO - Processing file /home/airflow/.local/lib/python3.8/site-packages/airflow/example_dags/example_sla_dag.py for tasks to queue
[2024-03-10T18:38:28.587+0000] {logging_mixin.py:188} INFO - [2024-03-10T18:38:28.584+0000] {dagbag.py:540} INFO - Filling up the DagBag from /home/airflow/.local/lib/python3.8/site-packages/airflow/example_dags/example_sla_dag.py
[2024-03-10T18:38:28.625+0000] {processor.py:840} INFO - DAG(s) 'example_sla_dag' retrieved from /home/airflow/.local/lib/python3.8/site-packages/airflow/example_dags/example_sla_dag.py
[2024-03-10T18:38:28.735+0000] {logging_mixin.py:188} INFO - [2024-03-10T18:38:28.734+0000] {dag.py:3047} INFO - Sync 1 DAGs
[2024-03-10T18:38:28.803+0000] {logging_mixin.py:188} INFO - [2024-03-10T18:38:28.803+0000] {dag.py:3834} INFO - Setting next_dagrun for example_sla_dag to 2024-03-10 18:36:00+00:00, run_after=2024-03-10 18:38:00+00:00
[2024-03-10T18:38:28.839+0000] {processor.py:183} INFO - Processing /home/airflow/.local/lib/python3.8/site-packages/airflow/example_dags/example_sla_dag.py took 0.289 seconds
[2024-03-10T18:38:59.739+0000] {processor.py:161} INFO - Started process (PID=2936) to work on /home/airflow/.local/lib/python3.8/site-packages/airflow/example_dags/example_sla_dag.py
[2024-03-10T18:38:59.801+0000] {processor.py:830} INFO - Processing file /home/airflow/.local/lib/python3.8/site-packages/airflow/example_dags/example_sla_dag.py for tasks to queue
[2024-03-10T18:38:59.837+0000] {logging_mixin.py:188} INFO - [2024-03-10T18:38:59.835+0000] {dagbag.py:540} INFO - Filling up the DagBag from /home/airflow/.local/lib/python3.8/site-packages/airflow/example_dags/example_sla_dag.py
[2024-03-10T18:38:59.910+0000] {processor.py:840} INFO - DAG(s) 'example_sla_dag' retrieved from /home/airflow/.local/lib/python3.8/site-packages/airflow/example_dags/example_sla_dag.py
[2024-03-10T18:38:59.990+0000] {logging_mixin.py:188} INFO - [2024-03-10T18:38:59.990+0000] {dag.py:3047} INFO - Sync 1 DAGs
[2024-03-10T18:39:00.082+0000] {logging_mixin.py:188} INFO - [2024-03-10T18:39:00.081+0000] {dag.py:3834} INFO - Setting next_dagrun for example_sla_dag to 2024-03-10 18:36:00+00:00, run_after=2024-03-10 18:38:00+00:00
[2024-03-10T18:39:00.114+0000] {processor.py:183} INFO - Processing /home/airflow/.local/lib/python3.8/site-packages/airflow/example_dags/example_sla_dag.py took 0.401 seconds
[2024-03-10T18:39:32.720+0000] {processor.py:161} INFO - Started process (PID=3183) to work on /home/airflow/.local/lib/python3.8/site-packages/airflow/example_dags/example_sla_dag.py
[2024-03-10T18:39:32.757+0000] {processor.py:830} INFO - Processing file /home/airflow/.local/lib/python3.8/site-packages/airflow/example_dags/example_sla_dag.py for tasks to queue
[2024-03-10T18:39:32.767+0000] {logging_mixin.py:188} INFO - [2024-03-10T18:39:32.766+0000] {dagbag.py:540} INFO - Filling up the DagBag from /home/airflow/.local/lib/python3.8/site-packages/airflow/example_dags/example_sla_dag.py
[2024-03-10T18:39:32.903+0000] {processor.py:840} INFO - DAG(s) 'example_sla_dag' retrieved from /home/airflow/.local/lib/python3.8/site-packages/airflow/example_dags/example_sla_dag.py
[2024-03-10T18:39:33.846+0000] {logging_mixin.py:188} INFO - [2024-03-10T18:39:33.845+0000] {dag.py:3047} INFO - Sync 1 DAGs
[2024-03-10T18:39:34.135+0000] {logging_mixin.py:188} INFO - [2024-03-10T18:39:34.132+0000] {dag.py:3834} INFO - Setting next_dagrun for example_sla_dag to 2024-03-10 18:36:00+00:00, run_after=2024-03-10 18:38:00+00:00
[2024-03-10T18:39:34.280+0000] {processor.py:183} INFO - Processing /home/airflow/.local/lib/python3.8/site-packages/airflow/example_dags/example_sla_dag.py took 1.582 seconds
[2024-03-10T18:40:05.689+0000] {processor.py:161} INFO - Started process (PID=3425) to work on /home/airflow/.local/lib/python3.8/site-packages/airflow/example_dags/example_sla_dag.py
[2024-03-10T18:40:05.719+0000] {processor.py:830} INFO - Processing file /home/airflow/.local/lib/python3.8/site-packages/airflow/example_dags/example_sla_dag.py for tasks to queue
[2024-03-10T18:40:05.825+0000] {logging_mixin.py:188} INFO - [2024-03-10T18:40:05.793+0000] {dagbag.py:540} INFO - Filling up the DagBag from /home/airflow/.local/lib/python3.8/site-packages/airflow/example_dags/example_sla_dag.py
[2024-03-10T18:40:05.961+0000] {processor.py:840} INFO - DAG(s) 'example_sla_dag' retrieved from /home/airflow/.local/lib/python3.8/site-packages/airflow/example_dags/example_sla_dag.py
[2024-03-10T18:40:06.310+0000] {logging_mixin.py:188} INFO - [2024-03-10T18:40:06.307+0000] {dag.py:3047} INFO - Sync 1 DAGs
[2024-03-10T18:40:06.562+0000] {logging_mixin.py:188} INFO - [2024-03-10T18:40:06.559+0000] {dag.py:3834} INFO - Setting next_dagrun for example_sla_dag to 2024-03-10 18:38:00+00:00, run_after=2024-03-10 18:40:00+00:00
[2024-03-10T18:40:06.675+0000] {processor.py:183} INFO - Processing /home/airflow/.local/lib/python3.8/site-packages/airflow/example_dags/example_sla_dag.py took 1.031 seconds
[2024-03-10T18:40:37.928+0000] {processor.py:161} INFO - Started process (PID=3681) to work on /home/airflow/.local/lib/python3.8/site-packages/airflow/example_dags/example_sla_dag.py
[2024-03-10T18:40:37.935+0000] {processor.py:830} INFO - Processing file /home/airflow/.local/lib/python3.8/site-packages/airflow/example_dags/example_sla_dag.py for tasks to queue
[2024-03-10T18:40:37.941+0000] {logging_mixin.py:188} INFO - [2024-03-10T18:40:37.940+0000] {dagbag.py:540} INFO - Filling up the DagBag from /home/airflow/.local/lib/python3.8/site-packages/airflow/example_dags/example_sla_dag.py
[2024-03-10T18:40:38.142+0000] {processor.py:840} INFO - DAG(s) 'example_sla_dag' retrieved from /home/airflow/.local/lib/python3.8/site-packages/airflow/example_dags/example_sla_dag.py
[2024-03-10T18:40:38.680+0000] {logging_mixin.py:188} INFO - [2024-03-10T18:40:38.662+0000] {dag.py:3047} INFO - Sync 1 DAGs
[2024-03-10T18:40:38.854+0000] {logging_mixin.py:188} INFO - [2024-03-10T18:40:38.853+0000] {dag.py:3834} INFO - Setting next_dagrun for example_sla_dag to 2024-03-10 18:38:00+00:00, run_after=2024-03-10 18:40:00+00:00
[2024-03-10T18:40:38.941+0000] {processor.py:183} INFO - Processing /home/airflow/.local/lib/python3.8/site-packages/airflow/example_dags/example_sla_dag.py took 1.074 seconds
[2024-03-10T18:41:10.144+0000] {processor.py:161} INFO - Started process (PID=3930) to work on /home/airflow/.local/lib/python3.8/site-packages/airflow/example_dags/example_sla_dag.py
[2024-03-10T18:41:10.166+0000] {processor.py:830} INFO - Processing file /home/airflow/.local/lib/python3.8/site-packages/airflow/example_dags/example_sla_dag.py for tasks to queue
[2024-03-10T18:41:10.187+0000] {logging_mixin.py:188} INFO - [2024-03-10T18:41:10.185+0000] {dagbag.py:540} INFO - Filling up the DagBag from /home/airflow/.local/lib/python3.8/site-packages/airflow/example_dags/example_sla_dag.py
[2024-03-10T18:41:10.270+0000] {processor.py:840} INFO - DAG(s) 'example_sla_dag' retrieved from /home/airflow/.local/lib/python3.8/site-packages/airflow/example_dags/example_sla_dag.py
[2024-03-10T18:41:10.415+0000] {logging_mixin.py:188} INFO - [2024-03-10T18:41:10.415+0000] {dag.py:3047} INFO - Sync 1 DAGs
[2024-03-10T18:41:10.579+0000] {logging_mixin.py:188} INFO - [2024-03-10T18:41:10.578+0000] {dag.py:3834} INFO - Setting next_dagrun for example_sla_dag to 2024-03-10 18:38:00+00:00, run_after=2024-03-10 18:40:00+00:00
[2024-03-10T18:41:10.649+0000] {processor.py:183} INFO - Processing /home/airflow/.local/lib/python3.8/site-packages/airflow/example_dags/example_sla_dag.py took 0.564 seconds
[2024-03-10T18:41:41.142+0000] {processor.py:161} INFO - Started process (PID=4179) to work on /home/airflow/.local/lib/python3.8/site-packages/airflow/example_dags/example_sla_dag.py
[2024-03-10T18:41:41.150+0000] {processor.py:830} INFO - Processing file /home/airflow/.local/lib/python3.8/site-packages/airflow/example_dags/example_sla_dag.py for tasks to queue
[2024-03-10T18:41:41.157+0000] {logging_mixin.py:188} INFO - [2024-03-10T18:41:41.154+0000] {dagbag.py:540} INFO - Filling up the DagBag from /home/airflow/.local/lib/python3.8/site-packages/airflow/example_dags/example_sla_dag.py
[2024-03-10T18:41:41.224+0000] {processor.py:840} INFO - DAG(s) 'example_sla_dag' retrieved from /home/airflow/.local/lib/python3.8/site-packages/airflow/example_dags/example_sla_dag.py
[2024-03-10T18:41:41.594+0000] {logging_mixin.py:188} INFO - [2024-03-10T18:41:41.593+0000] {dag.py:3047} INFO - Sync 1 DAGs
[2024-03-10T18:41:41.728+0000] {logging_mixin.py:188} INFO - [2024-03-10T18:41:41.726+0000] {dag.py:3834} INFO - Setting next_dagrun for example_sla_dag to 2024-03-10 18:38:00+00:00, run_after=2024-03-10 18:40:00+00:00
[2024-03-10T18:41:41.787+0000] {processor.py:183} INFO - Processing /home/airflow/.local/lib/python3.8/site-packages/airflow/example_dags/example_sla_dag.py took 0.685 seconds
[2024-03-10T18:42:12.075+0000] {processor.py:161} INFO - Started process (PID=4426) to work on /home/airflow/.local/lib/python3.8/site-packages/airflow/example_dags/example_sla_dag.py
[2024-03-10T18:42:12.080+0000] {processor.py:830} INFO - Processing file /home/airflow/.local/lib/python3.8/site-packages/airflow/example_dags/example_sla_dag.py for tasks to queue
[2024-03-10T18:42:12.085+0000] {logging_mixin.py:188} INFO - [2024-03-10T18:42:12.084+0000] {dagbag.py:540} INFO - Filling up the DagBag from /home/airflow/.local/lib/python3.8/site-packages/airflow/example_dags/example_sla_dag.py
[2024-03-10T18:42:12.124+0000] {processor.py:840} INFO - DAG(s) 'example_sla_dag' retrieved from /home/airflow/.local/lib/python3.8/site-packages/airflow/example_dags/example_sla_dag.py
[2024-03-10T18:42:12.258+0000] {logging_mixin.py:188} INFO - [2024-03-10T18:42:12.258+0000] {dag.py:3047} INFO - Sync 1 DAGs
[2024-03-10T18:42:12.366+0000] {logging_mixin.py:188} INFO - [2024-03-10T18:42:12.365+0000] {dag.py:3834} INFO - Setting next_dagrun for example_sla_dag to 2024-03-10 18:40:00+00:00, run_after=2024-03-10 18:42:00+00:00
[2024-03-10T18:42:12.483+0000] {processor.py:183} INFO - Processing /home/airflow/.local/lib/python3.8/site-packages/airflow/example_dags/example_sla_dag.py took 0.418 seconds
[2024-03-10T18:43:11.341+0000] {processor.py:161} INFO - Started process (PID=4666) to work on /home/airflow/.local/lib/python3.8/site-packages/airflow/example_dags/example_sla_dag.py
[2024-03-10T18:43:11.371+0000] {processor.py:830} INFO - Processing file /home/airflow/.local/lib/python3.8/site-packages/airflow/example_dags/example_sla_dag.py for tasks to queue
[2024-03-10T18:43:11.378+0000] {logging_mixin.py:188} INFO - [2024-03-10T18:43:11.375+0000] {dagbag.py:540} INFO - Filling up the DagBag from /home/airflow/.local/lib/python3.8/site-packages/airflow/example_dags/example_sla_dag.py
[2024-03-10T18:43:11.637+0000] {processor.py:840} INFO - DAG(s) 'example_sla_dag' retrieved from /home/airflow/.local/lib/python3.8/site-packages/airflow/example_dags/example_sla_dag.py
[2024-03-10T18:43:12.781+0000] {logging_mixin.py:188} INFO - [2024-03-10T18:43:12.771+0000] {dag.py:3047} INFO - Sync 1 DAGs
[2024-03-10T18:43:13.181+0000] {logging_mixin.py:188} INFO - [2024-03-10T18:43:13.177+0000] {dag.py:3834} INFO - Setting next_dagrun for example_sla_dag to 2024-03-10 18:40:00+00:00, run_after=2024-03-10 18:42:00+00:00
[2024-03-10T18:43:13.460+0000] {processor.py:183} INFO - Processing /home/airflow/.local/lib/python3.8/site-packages/airflow/example_dags/example_sla_dag.py took 2.196 seconds
[2024-03-10T18:45:28.499+0000] {processor.py:161} INFO - Started process (PID=4912) to work on /home/airflow/.local/lib/python3.8/site-packages/airflow/example_dags/example_sla_dag.py
[2024-03-10T18:45:28.523+0000] {processor.py:830} INFO - Processing file /home/airflow/.local/lib/python3.8/site-packages/airflow/example_dags/example_sla_dag.py for tasks to queue
[2024-03-10T18:45:28.552+0000] {logging_mixin.py:188} INFO - [2024-03-10T18:45:28.538+0000] {dagbag.py:540} INFO - Filling up the DagBag from /home/airflow/.local/lib/python3.8/site-packages/airflow/example_dags/example_sla_dag.py
[2024-03-10T18:45:28.851+0000] {processor.py:840} INFO - DAG(s) 'example_sla_dag' retrieved from /home/airflow/.local/lib/python3.8/site-packages/airflow/example_dags/example_sla_dag.py
[2024-03-10T18:45:29.418+0000] {logging_mixin.py:188} INFO - [2024-03-10T18:45:29.417+0000] {dag.py:3047} INFO - Sync 1 DAGs
[2024-03-10T18:45:29.751+0000] {logging_mixin.py:188} INFO - [2024-03-10T18:45:29.746+0000] {dag.py:3834} INFO - Setting next_dagrun for example_sla_dag to 2024-03-10 18:42:00+00:00, run_after=2024-03-10 18:44:00+00:00
[2024-03-10T18:45:30.102+0000] {processor.py:183} INFO - Processing /home/airflow/.local/lib/python3.8/site-packages/airflow/example_dags/example_sla_dag.py took 1.657 seconds
