[2024-03-10T18:32:51.300+0000] {processor.py:161} INFO - Started process (PID=188) to work on /home/airflow/.local/lib/python3.8/site-packages/airflow/example_dags/example_sensors.py
[2024-03-10T18:32:51.314+0000] {processor.py:830} INFO - Processing file /home/airflow/.local/lib/python3.8/site-packages/airflow/example_dags/example_sensors.py for tasks to queue
[2024-03-10T18:32:51.318+0000] {logging_mixin.py:188} INFO - [2024-03-10T18:32:51.317+0000] {dagbag.py:540} INFO - Filling up the DagBag from /home/airflow/.local/lib/python3.8/site-packages/airflow/example_dags/example_sensors.py
[2024-03-10T18:32:51.405+0000] {processor.py:840} INFO - DAG(s) 'example_sensors' retrieved from /home/airflow/.local/lib/python3.8/site-packages/airflow/example_dags/example_sensors.py
[2024-03-10T18:32:51.744+0000] {logging_mixin.py:188} INFO - [2024-03-10T18:32:51.742+0000] {override.py:1769} INFO - Created Permission View: can delete on DAG:example_sensors
[2024-03-10T18:32:51.755+0000] {logging_mixin.py:188} INFO - [2024-03-10T18:32:51.755+0000] {override.py:1769} INFO - Created Permission View: can edit on DAG:example_sensors
[2024-03-10T18:32:51.767+0000] {logging_mixin.py:188} INFO - [2024-03-10T18:32:51.766+0000] {override.py:1769} INFO - Created Permission View: can read on DAG:example_sensors
[2024-03-10T18:32:51.768+0000] {logging_mixin.py:188} INFO - [2024-03-10T18:32:51.768+0000] {dag.py:3047} INFO - Sync 1 DAGs
[2024-03-10T18:32:51.780+0000] {logging_mixin.py:188} INFO - [2024-03-10T18:32:51.780+0000] {dag.py:3069} INFO - Creating ORM DAG for example_sensors
[2024-03-10T18:32:51.786+0000] {logging_mixin.py:188} INFO - [2024-03-10T18:32:51.786+0000] {dag.py:3834} INFO - Setting next_dagrun for example_sensors to None, run_after=None
[2024-03-10T18:32:51.869+0000] {processor.py:183} INFO - Processing /home/airflow/.local/lib/python3.8/site-packages/airflow/example_dags/example_sensors.py took 0.587 seconds
[2024-03-10T18:33:22.664+0000] {processor.py:161} INFO - Started process (PID=435) to work on /home/airflow/.local/lib/python3.8/site-packages/airflow/example_dags/example_sensors.py
[2024-03-10T18:33:22.671+0000] {processor.py:830} INFO - Processing file /home/airflow/.local/lib/python3.8/site-packages/airflow/example_dags/example_sensors.py for tasks to queue
[2024-03-10T18:33:22.675+0000] {logging_mixin.py:188} INFO - [2024-03-10T18:33:22.674+0000] {dagbag.py:540} INFO - Filling up the DagBag from /home/airflow/.local/lib/python3.8/site-packages/airflow/example_dags/example_sensors.py
[2024-03-10T18:33:22.726+0000] {processor.py:840} INFO - DAG(s) 'example_sensors' retrieved from /home/airflow/.local/lib/python3.8/site-packages/airflow/example_dags/example_sensors.py
[2024-03-10T18:33:22.800+0000] {logging_mixin.py:188} INFO - [2024-03-10T18:33:22.799+0000] {dag.py:3047} INFO - Sync 1 DAGs
[2024-03-10T18:33:22.828+0000] {logging_mixin.py:188} INFO - [2024-03-10T18:33:22.828+0000] {dag.py:3834} INFO - Setting next_dagrun for example_sensors to None, run_after=None
[2024-03-10T18:33:22.884+0000] {processor.py:183} INFO - Processing /home/airflow/.local/lib/python3.8/site-packages/airflow/example_dags/example_sensors.py took 0.232 seconds
[2024-03-10T18:33:57.065+0000] {processor.py:161} INFO - Started process (PID=669) to work on /home/airflow/.local/lib/python3.8/site-packages/airflow/example_dags/example_sensors.py
[2024-03-10T18:33:57.070+0000] {processor.py:830} INFO - Processing file /home/airflow/.local/lib/python3.8/site-packages/airflow/example_dags/example_sensors.py for tasks to queue
[2024-03-10T18:33:57.073+0000] {logging_mixin.py:188} INFO - [2024-03-10T18:33:57.072+0000] {dagbag.py:540} INFO - Filling up the DagBag from /home/airflow/.local/lib/python3.8/site-packages/airflow/example_dags/example_sensors.py
[2024-03-10T18:33:57.116+0000] {processor.py:840} INFO - DAG(s) 'example_sensors' retrieved from /home/airflow/.local/lib/python3.8/site-packages/airflow/example_dags/example_sensors.py
[2024-03-10T18:33:57.194+0000] {logging_mixin.py:188} INFO - [2024-03-10T18:33:57.193+0000] {dag.py:3047} INFO - Sync 1 DAGs
[2024-03-10T18:33:57.239+0000] {logging_mixin.py:188} INFO - [2024-03-10T18:33:57.238+0000] {dag.py:3834} INFO - Setting next_dagrun for example_sensors to None, run_after=None
[2024-03-10T18:33:57.334+0000] {processor.py:183} INFO - Processing /home/airflow/.local/lib/python3.8/site-packages/airflow/example_dags/example_sensors.py took 0.272 seconds
[2024-03-10T18:34:28.180+0000] {processor.py:161} INFO - Started process (PID=892) to work on /home/airflow/.local/lib/python3.8/site-packages/airflow/example_dags/example_sensors.py
[2024-03-10T18:34:28.185+0000] {processor.py:830} INFO - Processing file /home/airflow/.local/lib/python3.8/site-packages/airflow/example_dags/example_sensors.py for tasks to queue
[2024-03-10T18:34:28.201+0000] {logging_mixin.py:188} INFO - [2024-03-10T18:34:28.200+0000] {dagbag.py:540} INFO - Filling up the DagBag from /home/airflow/.local/lib/python3.8/site-packages/airflow/example_dags/example_sensors.py
[2024-03-10T18:34:28.240+0000] {processor.py:840} INFO - DAG(s) 'example_sensors' retrieved from /home/airflow/.local/lib/python3.8/site-packages/airflow/example_dags/example_sensors.py
[2024-03-10T18:34:28.320+0000] {logging_mixin.py:188} INFO - [2024-03-10T18:34:28.319+0000] {dag.py:3047} INFO - Sync 1 DAGs
[2024-03-10T18:34:28.372+0000] {logging_mixin.py:188} INFO - [2024-03-10T18:34:28.371+0000] {dag.py:3834} INFO - Setting next_dagrun for example_sensors to None, run_after=None
[2024-03-10T18:34:28.413+0000] {processor.py:183} INFO - Processing /home/airflow/.local/lib/python3.8/site-packages/airflow/example_dags/example_sensors.py took 0.243 seconds
[2024-03-10T18:34:59.702+0000] {processor.py:161} INFO - Started process (PID=1134) to work on /home/airflow/.local/lib/python3.8/site-packages/airflow/example_dags/example_sensors.py
[2024-03-10T18:34:59.751+0000] {processor.py:830} INFO - Processing file /home/airflow/.local/lib/python3.8/site-packages/airflow/example_dags/example_sensors.py for tasks to queue
[2024-03-10T18:34:59.771+0000] {logging_mixin.py:188} INFO - [2024-03-10T18:34:59.770+0000] {dagbag.py:540} INFO - Filling up the DagBag from /home/airflow/.local/lib/python3.8/site-packages/airflow/example_dags/example_sensors.py
[2024-03-10T18:34:59.837+0000] {processor.py:840} INFO - DAG(s) 'example_sensors' retrieved from /home/airflow/.local/lib/python3.8/site-packages/airflow/example_dags/example_sensors.py
[2024-03-10T18:35:00.279+0000] {logging_mixin.py:188} INFO - [2024-03-10T18:35:00.278+0000] {dag.py:3047} INFO - Sync 1 DAGs
[2024-03-10T18:35:00.391+0000] {logging_mixin.py:188} INFO - [2024-03-10T18:35:00.390+0000] {dag.py:3834} INFO - Setting next_dagrun for example_sensors to None, run_after=None
[2024-03-10T18:35:00.501+0000] {processor.py:183} INFO - Processing /home/airflow/.local/lib/python3.8/site-packages/airflow/example_dags/example_sensors.py took 0.813 seconds
[2024-03-10T18:35:34.296+0000] {processor.py:161} INFO - Started process (PID=1381) to work on /home/airflow/.local/lib/python3.8/site-packages/airflow/example_dags/example_sensors.py
[2024-03-10T18:35:34.305+0000] {processor.py:830} INFO - Processing file /home/airflow/.local/lib/python3.8/site-packages/airflow/example_dags/example_sensors.py for tasks to queue
[2024-03-10T18:35:34.309+0000] {logging_mixin.py:188} INFO - [2024-03-10T18:35:34.308+0000] {dagbag.py:540} INFO - Filling up the DagBag from /home/airflow/.local/lib/python3.8/site-packages/airflow/example_dags/example_sensors.py
[2024-03-10T18:35:34.356+0000] {processor.py:840} INFO - DAG(s) 'example_sensors' retrieved from /home/airflow/.local/lib/python3.8/site-packages/airflow/example_dags/example_sensors.py
[2024-03-10T18:35:34.456+0000] {logging_mixin.py:188} INFO - [2024-03-10T18:35:34.455+0000] {dag.py:3047} INFO - Sync 1 DAGs
[2024-03-10T18:35:34.548+0000] {logging_mixin.py:188} INFO - [2024-03-10T18:35:34.547+0000] {dag.py:3834} INFO - Setting next_dagrun for example_sensors to None, run_after=None
[2024-03-10T18:35:34.608+0000] {processor.py:183} INFO - Processing /home/airflow/.local/lib/python3.8/site-packages/airflow/example_dags/example_sensors.py took 0.325 seconds
[2024-03-10T18:36:05.225+0000] {processor.py:161} INFO - Started process (PID=1613) to work on /home/airflow/.local/lib/python3.8/site-packages/airflow/example_dags/example_sensors.py
[2024-03-10T18:36:05.256+0000] {processor.py:830} INFO - Processing file /home/airflow/.local/lib/python3.8/site-packages/airflow/example_dags/example_sensors.py for tasks to queue
[2024-03-10T18:36:05.286+0000] {logging_mixin.py:188} INFO - [2024-03-10T18:36:05.276+0000] {dagbag.py:540} INFO - Filling up the DagBag from /home/airflow/.local/lib/python3.8/site-packages/airflow/example_dags/example_sensors.py
[2024-03-10T18:36:06.052+0000] {processor.py:840} INFO - DAG(s) 'example_sensors' retrieved from /home/airflow/.local/lib/python3.8/site-packages/airflow/example_dags/example_sensors.py
[2024-03-10T18:36:07.899+0000] {logging_mixin.py:188} INFO - [2024-03-10T18:36:07.887+0000] {dag.py:3047} INFO - Sync 1 DAGs
[2024-03-10T18:36:08.626+0000] {logging_mixin.py:188} INFO - [2024-03-10T18:36:08.625+0000] {dag.py:3834} INFO - Setting next_dagrun for example_sensors to None, run_after=None
[2024-03-10T18:36:08.836+0000] {processor.py:183} INFO - Processing /home/airflow/.local/lib/python3.8/site-packages/airflow/example_dags/example_sensors.py took 3.623 seconds
[2024-03-10T18:36:39.449+0000] {processor.py:161} INFO - Started process (PID=1860) to work on /home/airflow/.local/lib/python3.8/site-packages/airflow/example_dags/example_sensors.py
[2024-03-10T18:36:39.462+0000] {processor.py:830} INFO - Processing file /home/airflow/.local/lib/python3.8/site-packages/airflow/example_dags/example_sensors.py for tasks to queue
[2024-03-10T18:36:39.467+0000] {logging_mixin.py:188} INFO - [2024-03-10T18:36:39.466+0000] {dagbag.py:540} INFO - Filling up the DagBag from /home/airflow/.local/lib/python3.8/site-packages/airflow/example_dags/example_sensors.py
[2024-03-10T18:36:39.537+0000] {processor.py:840} INFO - DAG(s) 'example_sensors' retrieved from /home/airflow/.local/lib/python3.8/site-packages/airflow/example_dags/example_sensors.py
[2024-03-10T18:36:39.679+0000] {logging_mixin.py:188} INFO - [2024-03-10T18:36:39.679+0000] {dag.py:3047} INFO - Sync 1 DAGs
[2024-03-10T18:36:39.756+0000] {logging_mixin.py:188} INFO - [2024-03-10T18:36:39.756+0000] {dag.py:3834} INFO - Setting next_dagrun for example_sensors to None, run_after=None
[2024-03-10T18:36:39.822+0000] {processor.py:183} INFO - Processing /home/airflow/.local/lib/python3.8/site-packages/airflow/example_dags/example_sensors.py took 0.405 seconds
[2024-03-10T18:37:10.538+0000] {processor.py:161} INFO - Started process (PID=2094) to work on /home/airflow/.local/lib/python3.8/site-packages/airflow/example_dags/example_sensors.py
[2024-03-10T18:37:10.544+0000] {processor.py:830} INFO - Processing file /home/airflow/.local/lib/python3.8/site-packages/airflow/example_dags/example_sensors.py for tasks to queue
[2024-03-10T18:37:10.568+0000] {logging_mixin.py:188} INFO - [2024-03-10T18:37:10.567+0000] {dagbag.py:540} INFO - Filling up the DagBag from /home/airflow/.local/lib/python3.8/site-packages/airflow/example_dags/example_sensors.py
[2024-03-10T18:37:10.594+0000] {processor.py:840} INFO - DAG(s) 'example_sensors' retrieved from /home/airflow/.local/lib/python3.8/site-packages/airflow/example_dags/example_sensors.py
[2024-03-10T18:37:10.652+0000] {logging_mixin.py:188} INFO - [2024-03-10T18:37:10.652+0000] {dag.py:3047} INFO - Sync 1 DAGs
[2024-03-10T18:37:10.696+0000] {logging_mixin.py:188} INFO - [2024-03-10T18:37:10.696+0000] {dag.py:3834} INFO - Setting next_dagrun for example_sensors to None, run_after=None
[2024-03-10T18:37:10.744+0000] {processor.py:183} INFO - Processing /home/airflow/.local/lib/python3.8/site-packages/airflow/example_dags/example_sensors.py took 0.212 seconds
[2024-03-10T18:37:41.770+0000] {processor.py:161} INFO - Started process (PID=2327) to work on /home/airflow/.local/lib/python3.8/site-packages/airflow/example_dags/example_sensors.py
[2024-03-10T18:37:41.778+0000] {processor.py:830} INFO - Processing file /home/airflow/.local/lib/python3.8/site-packages/airflow/example_dags/example_sensors.py for tasks to queue
[2024-03-10T18:37:41.783+0000] {logging_mixin.py:188} INFO - [2024-03-10T18:37:41.782+0000] {dagbag.py:540} INFO - Filling up the DagBag from /home/airflow/.local/lib/python3.8/site-packages/airflow/example_dags/example_sensors.py
[2024-03-10T18:37:41.815+0000] {processor.py:840} INFO - DAG(s) 'example_sensors' retrieved from /home/airflow/.local/lib/python3.8/site-packages/airflow/example_dags/example_sensors.py
[2024-03-10T18:37:41.891+0000] {logging_mixin.py:188} INFO - [2024-03-10T18:37:41.890+0000] {dag.py:3047} INFO - Sync 1 DAGs
[2024-03-10T18:37:41.948+0000] {logging_mixin.py:188} INFO - [2024-03-10T18:37:41.948+0000] {dag.py:3834} INFO - Setting next_dagrun for example_sensors to None, run_after=None
[2024-03-10T18:37:42.108+0000] {processor.py:183} INFO - Processing /home/airflow/.local/lib/python3.8/site-packages/airflow/example_dags/example_sensors.py took 0.344 seconds
[2024-03-10T18:38:13.017+0000] {processor.py:161} INFO - Started process (PID=2565) to work on /home/airflow/.local/lib/python3.8/site-packages/airflow/example_dags/example_sensors.py
[2024-03-10T18:38:13.058+0000] {processor.py:830} INFO - Processing file /home/airflow/.local/lib/python3.8/site-packages/airflow/example_dags/example_sensors.py for tasks to queue
[2024-03-10T18:38:13.073+0000] {logging_mixin.py:188} INFO - [2024-03-10T18:38:13.071+0000] {dagbag.py:540} INFO - Filling up the DagBag from /home/airflow/.local/lib/python3.8/site-packages/airflow/example_dags/example_sensors.py
[2024-03-10T18:38:13.180+0000] {processor.py:840} INFO - DAG(s) 'example_sensors' retrieved from /home/airflow/.local/lib/python3.8/site-packages/airflow/example_dags/example_sensors.py
[2024-03-10T18:38:13.588+0000] {logging_mixin.py:188} INFO - [2024-03-10T18:38:13.586+0000] {dag.py:3047} INFO - Sync 1 DAGs
[2024-03-10T18:38:13.704+0000] {logging_mixin.py:188} INFO - [2024-03-10T18:38:13.703+0000] {dag.py:3834} INFO - Setting next_dagrun for example_sensors to None, run_after=None
[2024-03-10T18:38:13.824+0000] {processor.py:183} INFO - Processing /home/airflow/.local/lib/python3.8/site-packages/airflow/example_dags/example_sensors.py took 0.833 seconds
[2024-03-10T18:38:44.409+0000] {processor.py:161} INFO - Started process (PID=2811) to work on /home/airflow/.local/lib/python3.8/site-packages/airflow/example_dags/example_sensors.py
[2024-03-10T18:38:44.419+0000] {processor.py:830} INFO - Processing file /home/airflow/.local/lib/python3.8/site-packages/airflow/example_dags/example_sensors.py for tasks to queue
[2024-03-10T18:38:44.438+0000] {logging_mixin.py:188} INFO - [2024-03-10T18:38:44.436+0000] {dagbag.py:540} INFO - Filling up the DagBag from /home/airflow/.local/lib/python3.8/site-packages/airflow/example_dags/example_sensors.py
[2024-03-10T18:38:44.697+0000] {processor.py:840} INFO - DAG(s) 'example_sensors' retrieved from /home/airflow/.local/lib/python3.8/site-packages/airflow/example_dags/example_sensors.py
[2024-03-10T18:38:47.175+0000] {logging_mixin.py:188} INFO - [2024-03-10T18:38:47.166+0000] {dag.py:3047} INFO - Sync 1 DAGs
[2024-03-10T18:38:47.404+0000] {logging_mixin.py:188} INFO - [2024-03-10T18:38:47.402+0000] {dag.py:3834} INFO - Setting next_dagrun for example_sensors to None, run_after=None
[2024-03-10T18:38:47.600+0000] {processor.py:183} INFO - Processing /home/airflow/.local/lib/python3.8/site-packages/airflow/example_dags/example_sensors.py took 3.174 seconds
[2024-03-10T18:39:18.556+0000] {processor.py:161} INFO - Started process (PID=3071) to work on /home/airflow/.local/lib/python3.8/site-packages/airflow/example_dags/example_sensors.py
[2024-03-10T18:39:18.561+0000] {processor.py:830} INFO - Processing file /home/airflow/.local/lib/python3.8/site-packages/airflow/example_dags/example_sensors.py for tasks to queue
[2024-03-10T18:39:18.576+0000] {logging_mixin.py:188} INFO - [2024-03-10T18:39:18.570+0000] {dagbag.py:540} INFO - Filling up the DagBag from /home/airflow/.local/lib/python3.8/site-packages/airflow/example_dags/example_sensors.py
[2024-03-10T18:39:18.630+0000] {processor.py:840} INFO - DAG(s) 'example_sensors' retrieved from /home/airflow/.local/lib/python3.8/site-packages/airflow/example_dags/example_sensors.py
[2024-03-10T18:39:18.918+0000] {logging_mixin.py:188} INFO - [2024-03-10T18:39:18.918+0000] {dag.py:3047} INFO - Sync 1 DAGs
[2024-03-10T18:39:19.048+0000] {logging_mixin.py:188} INFO - [2024-03-10T18:39:19.047+0000] {dag.py:3834} INFO - Setting next_dagrun for example_sensors to None, run_after=None
[2024-03-10T18:39:19.172+0000] {processor.py:183} INFO - Processing /home/airflow/.local/lib/python3.8/site-packages/airflow/example_dags/example_sensors.py took 0.634 seconds
[2024-03-10T18:39:50.084+0000] {processor.py:161} INFO - Started process (PID=3320) to work on /home/airflow/.local/lib/python3.8/site-packages/airflow/example_dags/example_sensors.py
[2024-03-10T18:39:50.114+0000] {processor.py:830} INFO - Processing file /home/airflow/.local/lib/python3.8/site-packages/airflow/example_dags/example_sensors.py for tasks to queue
[2024-03-10T18:39:50.134+0000] {logging_mixin.py:188} INFO - [2024-03-10T18:39:50.131+0000] {dagbag.py:540} INFO - Filling up the DagBag from /home/airflow/.local/lib/python3.8/site-packages/airflow/example_dags/example_sensors.py
[2024-03-10T18:39:50.327+0000] {processor.py:840} INFO - DAG(s) 'example_sensors' retrieved from /home/airflow/.local/lib/python3.8/site-packages/airflow/example_dags/example_sensors.py
[2024-03-10T18:39:50.989+0000] {logging_mixin.py:188} INFO - [2024-03-10T18:39:50.986+0000] {dag.py:3047} INFO - Sync 1 DAGs
[2024-03-10T18:39:51.101+0000] {logging_mixin.py:188} INFO - [2024-03-10T18:39:51.101+0000] {dag.py:3834} INFO - Setting next_dagrun for example_sensors to None, run_after=None
[2024-03-10T18:39:51.259+0000] {processor.py:183} INFO - Processing /home/airflow/.local/lib/python3.8/site-packages/airflow/example_dags/example_sensors.py took 1.258 seconds
[2024-03-10T18:40:21.680+0000] {processor.py:161} INFO - Started process (PID=3566) to work on /home/airflow/.local/lib/python3.8/site-packages/airflow/example_dags/example_sensors.py
[2024-03-10T18:40:21.691+0000] {processor.py:830} INFO - Processing file /home/airflow/.local/lib/python3.8/site-packages/airflow/example_dags/example_sensors.py for tasks to queue
[2024-03-10T18:40:21.700+0000] {logging_mixin.py:188} INFO - [2024-03-10T18:40:21.697+0000] {dagbag.py:540} INFO - Filling up the DagBag from /home/airflow/.local/lib/python3.8/site-packages/airflow/example_dags/example_sensors.py
[2024-03-10T18:40:21.843+0000] {processor.py:840} INFO - DAG(s) 'example_sensors' retrieved from /home/airflow/.local/lib/python3.8/site-packages/airflow/example_dags/example_sensors.py
[2024-03-10T18:40:22.047+0000] {logging_mixin.py:188} INFO - [2024-03-10T18:40:22.046+0000] {dag.py:3047} INFO - Sync 1 DAGs
[2024-03-10T18:40:22.095+0000] {logging_mixin.py:188} INFO - [2024-03-10T18:40:22.095+0000] {dag.py:3834} INFO - Setting next_dagrun for example_sensors to None, run_after=None
[2024-03-10T18:40:22.170+0000] {processor.py:183} INFO - Processing /home/airflow/.local/lib/python3.8/site-packages/airflow/example_dags/example_sensors.py took 0.523 seconds
[2024-03-10T18:40:54.082+0000] {processor.py:161} INFO - Started process (PID=3825) to work on /home/airflow/.local/lib/python3.8/site-packages/airflow/example_dags/example_sensors.py
[2024-03-10T18:40:54.091+0000] {processor.py:830} INFO - Processing file /home/airflow/.local/lib/python3.8/site-packages/airflow/example_dags/example_sensors.py for tasks to queue
[2024-03-10T18:40:54.122+0000] {logging_mixin.py:188} INFO - [2024-03-10T18:40:54.117+0000] {dagbag.py:540} INFO - Filling up the DagBag from /home/airflow/.local/lib/python3.8/site-packages/airflow/example_dags/example_sensors.py
[2024-03-10T18:40:54.214+0000] {processor.py:840} INFO - DAG(s) 'example_sensors' retrieved from /home/airflow/.local/lib/python3.8/site-packages/airflow/example_dags/example_sensors.py
[2024-03-10T18:40:54.322+0000] {logging_mixin.py:188} INFO - [2024-03-10T18:40:54.322+0000] {dag.py:3047} INFO - Sync 1 DAGs
[2024-03-10T18:40:54.406+0000] {logging_mixin.py:188} INFO - [2024-03-10T18:40:54.405+0000] {dag.py:3834} INFO - Setting next_dagrun for example_sensors to None, run_after=None
[2024-03-10T18:40:54.473+0000] {processor.py:183} INFO - Processing /home/airflow/.local/lib/python3.8/site-packages/airflow/example_dags/example_sensors.py took 0.460 seconds
[2024-03-10T18:41:24.907+0000] {processor.py:161} INFO - Started process (PID=4067) to work on /home/airflow/.local/lib/python3.8/site-packages/airflow/example_dags/example_sensors.py
[2024-03-10T18:41:24.912+0000] {processor.py:830} INFO - Processing file /home/airflow/.local/lib/python3.8/site-packages/airflow/example_dags/example_sensors.py for tasks to queue
[2024-03-10T18:41:24.915+0000] {logging_mixin.py:188} INFO - [2024-03-10T18:41:24.914+0000] {dagbag.py:540} INFO - Filling up the DagBag from /home/airflow/.local/lib/python3.8/site-packages/airflow/example_dags/example_sensors.py
[2024-03-10T18:41:24.942+0000] {processor.py:840} INFO - DAG(s) 'example_sensors' retrieved from /home/airflow/.local/lib/python3.8/site-packages/airflow/example_dags/example_sensors.py
[2024-03-10T18:41:25.168+0000] {logging_mixin.py:188} INFO - [2024-03-10T18:41:25.167+0000] {dag.py:3047} INFO - Sync 1 DAGs
[2024-03-10T18:41:25.196+0000] {logging_mixin.py:188} INFO - [2024-03-10T18:41:25.195+0000] {dag.py:3834} INFO - Setting next_dagrun for example_sensors to None, run_after=None
[2024-03-10T18:41:25.239+0000] {processor.py:183} INFO - Processing /home/airflow/.local/lib/python3.8/site-packages/airflow/example_dags/example_sensors.py took 0.340 seconds
[2024-03-10T18:41:55.636+0000] {processor.py:161} INFO - Started process (PID=4304) to work on /home/airflow/.local/lib/python3.8/site-packages/airflow/example_dags/example_sensors.py
[2024-03-10T18:41:55.639+0000] {processor.py:830} INFO - Processing file /home/airflow/.local/lib/python3.8/site-packages/airflow/example_dags/example_sensors.py for tasks to queue
[2024-03-10T18:41:55.646+0000] {logging_mixin.py:188} INFO - [2024-03-10T18:41:55.643+0000] {dagbag.py:540} INFO - Filling up the DagBag from /home/airflow/.local/lib/python3.8/site-packages/airflow/example_dags/example_sensors.py
[2024-03-10T18:41:55.684+0000] {processor.py:840} INFO - DAG(s) 'example_sensors' retrieved from /home/airflow/.local/lib/python3.8/site-packages/airflow/example_dags/example_sensors.py
[2024-03-10T18:41:55.877+0000] {logging_mixin.py:188} INFO - [2024-03-10T18:41:55.877+0000] {dag.py:3047} INFO - Sync 1 DAGs
[2024-03-10T18:41:55.934+0000] {logging_mixin.py:188} INFO - [2024-03-10T18:41:55.934+0000] {dag.py:3834} INFO - Setting next_dagrun for example_sensors to None, run_after=None
[2024-03-10T18:41:55.973+0000] {processor.py:183} INFO - Processing /home/airflow/.local/lib/python3.8/site-packages/airflow/example_dags/example_sensors.py took 0.344 seconds
[2024-03-10T18:42:42.057+0000] {processor.py:161} INFO - Started process (PID=4526) to work on /home/airflow/.local/lib/python3.8/site-packages/airflow/example_dags/example_sensors.py
[2024-03-10T18:42:42.067+0000] {processor.py:830} INFO - Processing file /home/airflow/.local/lib/python3.8/site-packages/airflow/example_dags/example_sensors.py for tasks to queue
[2024-03-10T18:42:42.076+0000] {logging_mixin.py:188} INFO - [2024-03-10T18:42:42.073+0000] {dagbag.py:540} INFO - Filling up the DagBag from /home/airflow/.local/lib/python3.8/site-packages/airflow/example_dags/example_sensors.py
[2024-03-10T18:42:42.127+0000] {processor.py:840} INFO - DAG(s) 'example_sensors' retrieved from /home/airflow/.local/lib/python3.8/site-packages/airflow/example_dags/example_sensors.py
[2024-03-10T18:42:42.571+0000] {logging_mixin.py:188} INFO - [2024-03-10T18:42:42.569+0000] {dag.py:3047} INFO - Sync 1 DAGs
[2024-03-10T18:42:42.737+0000] {logging_mixin.py:188} INFO - [2024-03-10T18:42:42.734+0000] {dag.py:3834} INFO - Setting next_dagrun for example_sensors to None, run_after=None
[2024-03-10T18:42:43.031+0000] {processor.py:183} INFO - Processing /home/airflow/.local/lib/python3.8/site-packages/airflow/example_dags/example_sensors.py took 0.998 seconds
[2024-03-10T18:43:29.532+0000] {processor.py:161} INFO - Started process (PID=4761) to work on /home/airflow/.local/lib/python3.8/site-packages/airflow/example_dags/example_sensors.py
[2024-03-10T18:43:29.559+0000] {processor.py:830} INFO - Processing file /home/airflow/.local/lib/python3.8/site-packages/airflow/example_dags/example_sensors.py for tasks to queue
[2024-03-10T18:43:29.585+0000] {logging_mixin.py:188} INFO - [2024-03-10T18:43:29.584+0000] {dagbag.py:540} INFO - Filling up the DagBag from /home/airflow/.local/lib/python3.8/site-packages/airflow/example_dags/example_sensors.py
[2024-03-10T18:43:29.745+0000] {processor.py:840} INFO - DAG(s) 'example_sensors' retrieved from /home/airflow/.local/lib/python3.8/site-packages/airflow/example_dags/example_sensors.py
[2024-03-10T18:43:30.172+0000] {logging_mixin.py:188} INFO - [2024-03-10T18:43:30.171+0000] {dag.py:3047} INFO - Sync 1 DAGs
[2024-03-10T18:43:30.336+0000] {logging_mixin.py:188} INFO - [2024-03-10T18:43:30.335+0000] {dag.py:3834} INFO - Setting next_dagrun for example_sensors to None, run_after=None
[2024-03-10T18:43:30.901+0000] {processor.py:183} INFO - Processing /home/airflow/.local/lib/python3.8/site-packages/airflow/example_dags/example_sensors.py took 1.461 seconds
[2024-03-10T18:45:01.212+0000] {processor.py:161} INFO - Started process (PID=4890) to work on /home/airflow/.local/lib/python3.8/site-packages/airflow/example_dags/example_sensors.py
[2024-03-10T18:45:01.598+0000] {processor.py:830} INFO - Processing file /home/airflow/.local/lib/python3.8/site-packages/airflow/example_dags/example_sensors.py for tasks to queue
[2024-03-10T18:45:02.031+0000] {logging_mixin.py:188} INFO - [2024-03-10T18:45:01.968+0000] {dagbag.py:540} INFO - Filling up the DagBag from /home/airflow/.local/lib/python3.8/site-packages/airflow/example_dags/example_sensors.py
[2024-03-10T18:45:04.323+0000] {processor.py:840} INFO - DAG(s) 'example_sensors' retrieved from /home/airflow/.local/lib/python3.8/site-packages/airflow/example_dags/example_sensors.py
[2024-03-10T18:45:09.878+0000] {logging_mixin.py:188} INFO - [2024-03-10T18:45:09.754+0000] {dag.py:3047} INFO - Sync 1 DAGs
[2024-03-10T18:45:10.492+0000] {logging_mixin.py:188} INFO - [2024-03-10T18:45:10.491+0000] {dag.py:3834} INFO - Setting next_dagrun for example_sensors to None, run_after=None
[2024-03-10T18:45:12.380+0000] {processor.py:183} INFO - Processing /home/airflow/.local/lib/python3.8/site-packages/airflow/example_dags/example_sensors.py took 11.581 seconds
