[2024-03-10T18:33:01.743+0000] {processor.py:161} INFO - Started process (PID=246) to work on /home/airflow/.local/lib/python3.8/site-packages/airflow/example_dags/example_bash_operator.py
[2024-03-10T18:33:01.745+0000] {processor.py:830} INFO - Processing file /home/airflow/.local/lib/python3.8/site-packages/airflow/example_dags/example_bash_operator.py for tasks to queue
[2024-03-10T18:33:01.746+0000] {logging_mixin.py:188} INFO - [2024-03-10T18:33:01.746+0000] {dagbag.py:540} INFO - Filling up the DagBag from /home/airflow/.local/lib/python3.8/site-packages/airflow/example_dags/example_bash_operator.py
[2024-03-10T18:33:01.824+0000] {processor.py:840} INFO - DAG(s) 'example_bash_operator' retrieved from /home/airflow/.local/lib/python3.8/site-packages/airflow/example_dags/example_bash_operator.py
[2024-03-10T18:33:01.979+0000] {logging_mixin.py:188} INFO - [2024-03-10T18:33:01.978+0000] {override.py:1769} INFO - Created Permission View: can delete on DAG:example_bash_operator
[2024-03-10T18:33:01.985+0000] {logging_mixin.py:188} INFO - [2024-03-10T18:33:01.985+0000] {override.py:1769} INFO - Created Permission View: can edit on DAG:example_bash_operator
[2024-03-10T18:33:01.990+0000] {logging_mixin.py:188} INFO - [2024-03-10T18:33:01.990+0000] {override.py:1769} INFO - Created Permission View: can read on DAG:example_bash_operator
[2024-03-10T18:33:01.991+0000] {logging_mixin.py:188} INFO - [2024-03-10T18:33:01.991+0000] {dag.py:3047} INFO - Sync 1 DAGs
[2024-03-10T18:33:01.999+0000] {logging_mixin.py:188} INFO - [2024-03-10T18:33:01.998+0000] {dag.py:3069} INFO - Creating ORM DAG for example_bash_operator
[2024-03-10T18:33:02.008+0000] {logging_mixin.py:188} INFO - [2024-03-10T18:33:02.008+0000] {dag.py:3834} INFO - Setting next_dagrun for example_bash_operator to 2024-03-09 00:00:00+00:00, run_after=2024-03-10 00:00:00+00:00
[2024-03-10T18:33:02.020+0000] {processor.py:183} INFO - Processing /home/airflow/.local/lib/python3.8/site-packages/airflow/example_dags/example_bash_operator.py took 0.283 seconds
[2024-03-10T18:33:44.175+0000] {processor.py:161} INFO - Started process (PID=493) to work on /home/airflow/.local/lib/python3.8/site-packages/airflow/example_dags/example_bash_operator.py
[2024-03-10T18:33:44.179+0000] {processor.py:830} INFO - Processing file /home/airflow/.local/lib/python3.8/site-packages/airflow/example_dags/example_bash_operator.py for tasks to queue
[2024-03-10T18:33:44.181+0000] {logging_mixin.py:188} INFO - [2024-03-10T18:33:44.180+0000] {dagbag.py:540} INFO - Filling up the DagBag from /home/airflow/.local/lib/python3.8/site-packages/airflow/example_dags/example_bash_operator.py
[2024-03-10T18:33:44.229+0000] {processor.py:840} INFO - DAG(s) 'example_bash_operator' retrieved from /home/airflow/.local/lib/python3.8/site-packages/airflow/example_dags/example_bash_operator.py
[2024-03-10T18:33:44.364+0000] {logging_mixin.py:188} INFO - [2024-03-10T18:33:44.364+0000] {dag.py:3047} INFO - Sync 1 DAGs
[2024-03-10T18:33:44.446+0000] {logging_mixin.py:188} INFO - [2024-03-10T18:33:44.446+0000] {dag.py:3834} INFO - Setting next_dagrun for example_bash_operator to 2024-03-09 00:00:00+00:00, run_after=2024-03-10 00:00:00+00:00
[2024-03-10T18:33:44.518+0000] {processor.py:183} INFO - Processing /home/airflow/.local/lib/python3.8/site-packages/airflow/example_dags/example_bash_operator.py took 0.397 seconds
[2024-03-10T18:34:15.325+0000] {processor.py:161} INFO - Started process (PID=740) to work on /home/airflow/.local/lib/python3.8/site-packages/airflow/example_dags/example_bash_operator.py
[2024-03-10T18:34:15.332+0000] {processor.py:830} INFO - Processing file /home/airflow/.local/lib/python3.8/site-packages/airflow/example_dags/example_bash_operator.py for tasks to queue
[2024-03-10T18:34:15.338+0000] {logging_mixin.py:188} INFO - [2024-03-10T18:34:15.338+0000] {dagbag.py:540} INFO - Filling up the DagBag from /home/airflow/.local/lib/python3.8/site-packages/airflow/example_dags/example_bash_operator.py
[2024-03-10T18:34:15.383+0000] {processor.py:840} INFO - DAG(s) 'example_bash_operator' retrieved from /home/airflow/.local/lib/python3.8/site-packages/airflow/example_dags/example_bash_operator.py
[2024-03-10T18:34:15.510+0000] {logging_mixin.py:188} INFO - [2024-03-10T18:34:15.509+0000] {dag.py:3047} INFO - Sync 1 DAGs
[2024-03-10T18:34:15.550+0000] {logging_mixin.py:188} INFO - [2024-03-10T18:34:15.549+0000] {dag.py:3834} INFO - Setting next_dagrun for example_bash_operator to 2024-03-09 00:00:00+00:00, run_after=2024-03-10 00:00:00+00:00
[2024-03-10T18:34:15.597+0000] {processor.py:183} INFO - Processing /home/airflow/.local/lib/python3.8/site-packages/airflow/example_dags/example_bash_operator.py took 0.293 seconds
[2024-03-10T18:34:46.513+0000] {processor.py:161} INFO - Started process (PID=988) to work on /home/airflow/.local/lib/python3.8/site-packages/airflow/example_dags/example_bash_operator.py
[2024-03-10T18:34:46.523+0000] {processor.py:830} INFO - Processing file /home/airflow/.local/lib/python3.8/site-packages/airflow/example_dags/example_bash_operator.py for tasks to queue
[2024-03-10T18:34:46.544+0000] {logging_mixin.py:188} INFO - [2024-03-10T18:34:46.542+0000] {dagbag.py:540} INFO - Filling up the DagBag from /home/airflow/.local/lib/python3.8/site-packages/airflow/example_dags/example_bash_operator.py
[2024-03-10T18:34:46.682+0000] {processor.py:840} INFO - DAG(s) 'example_bash_operator' retrieved from /home/airflow/.local/lib/python3.8/site-packages/airflow/example_dags/example_bash_operator.py
[2024-03-10T18:34:46.902+0000] {logging_mixin.py:188} INFO - [2024-03-10T18:34:46.901+0000] {dag.py:3047} INFO - Sync 1 DAGs
[2024-03-10T18:34:47.478+0000] {logging_mixin.py:188} INFO - [2024-03-10T18:34:47.460+0000] {dag.py:3834} INFO - Setting next_dagrun for example_bash_operator to 2024-03-09 00:00:00+00:00, run_after=2024-03-10 00:00:00+00:00
[2024-03-10T18:34:47.761+0000] {processor.py:183} INFO - Processing /home/airflow/.local/lib/python3.8/site-packages/airflow/example_dags/example_bash_operator.py took 1.285 seconds
[2024-03-10T18:35:20.159+0000] {processor.py:161} INFO - Started process (PID=1235) to work on /home/airflow/.local/lib/python3.8/site-packages/airflow/example_dags/example_bash_operator.py
[2024-03-10T18:35:20.251+0000] {processor.py:830} INFO - Processing file /home/airflow/.local/lib/python3.8/site-packages/airflow/example_dags/example_bash_operator.py for tasks to queue
[2024-03-10T18:35:20.277+0000] {logging_mixin.py:188} INFO - [2024-03-10T18:35:20.269+0000] {dagbag.py:540} INFO - Filling up the DagBag from /home/airflow/.local/lib/python3.8/site-packages/airflow/example_dags/example_bash_operator.py
[2024-03-10T18:35:20.735+0000] {processor.py:840} INFO - DAG(s) 'example_bash_operator' retrieved from /home/airflow/.local/lib/python3.8/site-packages/airflow/example_dags/example_bash_operator.py
[2024-03-10T18:35:21.809+0000] {logging_mixin.py:188} INFO - [2024-03-10T18:35:21.804+0000] {dag.py:3047} INFO - Sync 1 DAGs
[2024-03-10T18:35:22.237+0000] {logging_mixin.py:188} INFO - [2024-03-10T18:35:22.235+0000] {dag.py:3834} INFO - Setting next_dagrun for example_bash_operator to 2024-03-09 00:00:00+00:00, run_after=2024-03-10 00:00:00+00:00
[2024-03-10T18:35:22.462+0000] {processor.py:183} INFO - Processing /home/airflow/.local/lib/python3.8/site-packages/airflow/example_dags/example_bash_operator.py took 2.322 seconds
[2024-03-10T18:35:52.903+0000] {processor.py:161} INFO - Started process (PID=1478) to work on /home/airflow/.local/lib/python3.8/site-packages/airflow/example_dags/example_bash_operator.py
[2024-03-10T18:35:52.914+0000] {processor.py:830} INFO - Processing file /home/airflow/.local/lib/python3.8/site-packages/airflow/example_dags/example_bash_operator.py for tasks to queue
[2024-03-10T18:35:52.933+0000] {logging_mixin.py:188} INFO - [2024-03-10T18:35:52.930+0000] {dagbag.py:540} INFO - Filling up the DagBag from /home/airflow/.local/lib/python3.8/site-packages/airflow/example_dags/example_bash_operator.py
[2024-03-10T18:35:53.052+0000] {processor.py:840} INFO - DAG(s) 'example_bash_operator' retrieved from /home/airflow/.local/lib/python3.8/site-packages/airflow/example_dags/example_bash_operator.py
[2024-03-10T18:35:53.179+0000] {logging_mixin.py:188} INFO - [2024-03-10T18:35:53.179+0000] {dag.py:3047} INFO - Sync 1 DAGs
[2024-03-10T18:35:53.239+0000] {logging_mixin.py:188} INFO - [2024-03-10T18:35:53.239+0000] {dag.py:3834} INFO - Setting next_dagrun for example_bash_operator to 2024-03-09 00:00:00+00:00, run_after=2024-03-10 00:00:00+00:00
[2024-03-10T18:35:53.271+0000] {processor.py:183} INFO - Processing /home/airflow/.local/lib/python3.8/site-packages/airflow/example_dags/example_bash_operator.py took 0.420 seconds
[2024-03-10T18:36:23.382+0000] {processor.py:161} INFO - Started process (PID=1725) to work on /home/airflow/.local/lib/python3.8/site-packages/airflow/example_dags/example_bash_operator.py
[2024-03-10T18:36:23.396+0000] {processor.py:830} INFO - Processing file /home/airflow/.local/lib/python3.8/site-packages/airflow/example_dags/example_bash_operator.py for tasks to queue
[2024-03-10T18:36:23.402+0000] {logging_mixin.py:188} INFO - [2024-03-10T18:36:23.401+0000] {dagbag.py:540} INFO - Filling up the DagBag from /home/airflow/.local/lib/python3.8/site-packages/airflow/example_dags/example_bash_operator.py
[2024-03-10T18:36:23.437+0000] {processor.py:840} INFO - DAG(s) 'example_bash_operator' retrieved from /home/airflow/.local/lib/python3.8/site-packages/airflow/example_dags/example_bash_operator.py
[2024-03-10T18:36:23.527+0000] {logging_mixin.py:188} INFO - [2024-03-10T18:36:23.527+0000] {dag.py:3047} INFO - Sync 1 DAGs
[2024-03-10T18:36:23.623+0000] {logging_mixin.py:188} INFO - [2024-03-10T18:36:23.622+0000] {dag.py:3834} INFO - Setting next_dagrun for example_bash_operator to 2024-03-09 00:00:00+00:00, run_after=2024-03-10 00:00:00+00:00
[2024-03-10T18:36:23.667+0000] {processor.py:183} INFO - Processing /home/airflow/.local/lib/python3.8/site-packages/airflow/example_dags/example_bash_operator.py took 0.307 seconds
[2024-03-10T18:36:56.777+0000] {processor.py:161} INFO - Started process (PID=1970) to work on /home/airflow/.local/lib/python3.8/site-packages/airflow/example_dags/example_bash_operator.py
[2024-03-10T18:36:56.782+0000] {processor.py:830} INFO - Processing file /home/airflow/.local/lib/python3.8/site-packages/airflow/example_dags/example_bash_operator.py for tasks to queue
[2024-03-10T18:36:56.786+0000] {logging_mixin.py:188} INFO - [2024-03-10T18:36:56.785+0000] {dagbag.py:540} INFO - Filling up the DagBag from /home/airflow/.local/lib/python3.8/site-packages/airflow/example_dags/example_bash_operator.py
[2024-03-10T18:36:56.847+0000] {processor.py:840} INFO - DAG(s) 'example_bash_operator' retrieved from /home/airflow/.local/lib/python3.8/site-packages/airflow/example_dags/example_bash_operator.py
[2024-03-10T18:36:56.957+0000] {logging_mixin.py:188} INFO - [2024-03-10T18:36:56.956+0000] {dag.py:3047} INFO - Sync 1 DAGs
[2024-03-10T18:36:57.031+0000] {logging_mixin.py:188} INFO - [2024-03-10T18:36:57.030+0000] {dag.py:3834} INFO - Setting next_dagrun for example_bash_operator to 2024-03-09 00:00:00+00:00, run_after=2024-03-10 00:00:00+00:00
[2024-03-10T18:36:57.148+0000] {processor.py:183} INFO - Processing /home/airflow/.local/lib/python3.8/site-packages/airflow/example_dags/example_bash_operator.py took 0.385 seconds
[2024-03-10T18:37:27.366+0000] {processor.py:161} INFO - Started process (PID=2212) to work on /home/airflow/.local/lib/python3.8/site-packages/airflow/example_dags/example_bash_operator.py
[2024-03-10T18:37:27.376+0000] {processor.py:830} INFO - Processing file /home/airflow/.local/lib/python3.8/site-packages/airflow/example_dags/example_bash_operator.py for tasks to queue
[2024-03-10T18:37:27.381+0000] {logging_mixin.py:188} INFO - [2024-03-10T18:37:27.380+0000] {dagbag.py:540} INFO - Filling up the DagBag from /home/airflow/.local/lib/python3.8/site-packages/airflow/example_dags/example_bash_operator.py
[2024-03-10T18:37:27.424+0000] {processor.py:840} INFO - DAG(s) 'example_bash_operator' retrieved from /home/airflow/.local/lib/python3.8/site-packages/airflow/example_dags/example_bash_operator.py
[2024-03-10T18:37:27.623+0000] {logging_mixin.py:188} INFO - [2024-03-10T18:37:27.622+0000] {dag.py:3047} INFO - Sync 1 DAGs
[2024-03-10T18:37:27.771+0000] {logging_mixin.py:188} INFO - [2024-03-10T18:37:27.770+0000] {dag.py:3834} INFO - Setting next_dagrun for example_bash_operator to 2024-03-09 00:00:00+00:00, run_after=2024-03-10 00:00:00+00:00
[2024-03-10T18:37:27.933+0000] {processor.py:183} INFO - Processing /home/airflow/.local/lib/python3.8/site-packages/airflow/example_dags/example_bash_operator.py took 0.575 seconds
[2024-03-10T18:37:58.626+0000] {processor.py:161} INFO - Started process (PID=2460) to work on /home/airflow/.local/lib/python3.8/site-packages/airflow/example_dags/example_bash_operator.py
[2024-03-10T18:37:58.643+0000] {processor.py:830} INFO - Processing file /home/airflow/.local/lib/python3.8/site-packages/airflow/example_dags/example_bash_operator.py for tasks to queue
[2024-03-10T18:37:58.658+0000] {logging_mixin.py:188} INFO - [2024-03-10T18:37:58.652+0000] {dagbag.py:540} INFO - Filling up the DagBag from /home/airflow/.local/lib/python3.8/site-packages/airflow/example_dags/example_bash_operator.py
[2024-03-10T18:37:58.780+0000] {processor.py:840} INFO - DAG(s) 'example_bash_operator' retrieved from /home/airflow/.local/lib/python3.8/site-packages/airflow/example_dags/example_bash_operator.py
[2024-03-10T18:37:58.980+0000] {logging_mixin.py:188} INFO - [2024-03-10T18:37:58.980+0000] {dag.py:3047} INFO - Sync 1 DAGs
[2024-03-10T18:37:59.091+0000] {logging_mixin.py:188} INFO - [2024-03-10T18:37:59.091+0000] {dag.py:3834} INFO - Setting next_dagrun for example_bash_operator to 2024-03-09 00:00:00+00:00, run_after=2024-03-10 00:00:00+00:00
[2024-03-10T18:37:59.159+0000] {processor.py:183} INFO - Processing /home/airflow/.local/lib/python3.8/site-packages/airflow/example_dags/example_bash_operator.py took 0.545 seconds
[2024-03-10T18:38:29.823+0000] {processor.py:161} INFO - Started process (PID=2707) to work on /home/airflow/.local/lib/python3.8/site-packages/airflow/example_dags/example_bash_operator.py
[2024-03-10T18:38:29.830+0000] {processor.py:830} INFO - Processing file /home/airflow/.local/lib/python3.8/site-packages/airflow/example_dags/example_bash_operator.py for tasks to queue
[2024-03-10T18:38:29.849+0000] {logging_mixin.py:188} INFO - [2024-03-10T18:38:29.845+0000] {dagbag.py:540} INFO - Filling up the DagBag from /home/airflow/.local/lib/python3.8/site-packages/airflow/example_dags/example_bash_operator.py
[2024-03-10T18:38:29.951+0000] {processor.py:840} INFO - DAG(s) 'example_bash_operator' retrieved from /home/airflow/.local/lib/python3.8/site-packages/airflow/example_dags/example_bash_operator.py
[2024-03-10T18:38:30.691+0000] {logging_mixin.py:188} INFO - [2024-03-10T18:38:30.689+0000] {dag.py:3047} INFO - Sync 1 DAGs
[2024-03-10T18:38:30.826+0000] {logging_mixin.py:188} INFO - [2024-03-10T18:38:30.822+0000] {dag.py:3834} INFO - Setting next_dagrun for example_bash_operator to 2024-03-09 00:00:00+00:00, run_after=2024-03-10 00:00:00+00:00
[2024-03-10T18:38:30.930+0000] {processor.py:183} INFO - Processing /home/airflow/.local/lib/python3.8/site-packages/airflow/example_dags/example_bash_operator.py took 1.174 seconds
[2024-03-10T18:39:01.791+0000] {processor.py:161} INFO - Started process (PID=2956) to work on /home/airflow/.local/lib/python3.8/site-packages/airflow/example_dags/example_bash_operator.py
[2024-03-10T18:39:01.798+0000] {processor.py:830} INFO - Processing file /home/airflow/.local/lib/python3.8/site-packages/airflow/example_dags/example_bash_operator.py for tasks to queue
[2024-03-10T18:39:01.802+0000] {logging_mixin.py:188} INFO - [2024-03-10T18:39:01.801+0000] {dagbag.py:540} INFO - Filling up the DagBag from /home/airflow/.local/lib/python3.8/site-packages/airflow/example_dags/example_bash_operator.py
[2024-03-10T18:39:01.870+0000] {processor.py:840} INFO - DAG(s) 'example_bash_operator' retrieved from /home/airflow/.local/lib/python3.8/site-packages/airflow/example_dags/example_bash_operator.py
[2024-03-10T18:39:02.091+0000] {logging_mixin.py:188} INFO - [2024-03-10T18:39:02.090+0000] {dag.py:3047} INFO - Sync 1 DAGs
[2024-03-10T18:39:02.301+0000] {logging_mixin.py:188} INFO - [2024-03-10T18:39:02.301+0000] {dag.py:3834} INFO - Setting next_dagrun for example_bash_operator to 2024-03-09 00:00:00+00:00, run_after=2024-03-10 00:00:00+00:00
[2024-03-10T18:39:02.362+0000] {processor.py:183} INFO - Processing /home/airflow/.local/lib/python3.8/site-packages/airflow/example_dags/example_bash_operator.py took 0.584 seconds
[2024-03-10T18:39:37.630+0000] {processor.py:161} INFO - Started process (PID=3213) to work on /home/airflow/.local/lib/python3.8/site-packages/airflow/example_dags/example_bash_operator.py
[2024-03-10T18:39:37.640+0000] {processor.py:830} INFO - Processing file /home/airflow/.local/lib/python3.8/site-packages/airflow/example_dags/example_bash_operator.py for tasks to queue
[2024-03-10T18:39:37.645+0000] {logging_mixin.py:188} INFO - [2024-03-10T18:39:37.644+0000] {dagbag.py:540} INFO - Filling up the DagBag from /home/airflow/.local/lib/python3.8/site-packages/airflow/example_dags/example_bash_operator.py
[2024-03-10T18:39:38.030+0000] {processor.py:840} INFO - DAG(s) 'example_bash_operator' retrieved from /home/airflow/.local/lib/python3.8/site-packages/airflow/example_dags/example_bash_operator.py
[2024-03-10T18:39:38.668+0000] {logging_mixin.py:188} INFO - [2024-03-10T18:39:38.663+0000] {dag.py:3047} INFO - Sync 1 DAGs
[2024-03-10T18:39:38.906+0000] {logging_mixin.py:188} INFO - [2024-03-10T18:39:38.905+0000] {dag.py:3834} INFO - Setting next_dagrun for example_bash_operator to 2024-03-09 00:00:00+00:00, run_after=2024-03-10 00:00:00+00:00
[2024-03-10T18:39:39.007+0000] {processor.py:183} INFO - Processing /home/airflow/.local/lib/python3.8/site-packages/airflow/example_dags/example_bash_operator.py took 1.410 seconds
[2024-03-10T18:40:10.818+0000] {processor.py:161} INFO - Started process (PID=3461) to work on /home/airflow/.local/lib/python3.8/site-packages/airflow/example_dags/example_bash_operator.py
[2024-03-10T18:40:10.825+0000] {processor.py:830} INFO - Processing file /home/airflow/.local/lib/python3.8/site-packages/airflow/example_dags/example_bash_operator.py for tasks to queue
[2024-03-10T18:40:10.833+0000] {logging_mixin.py:188} INFO - [2024-03-10T18:40:10.830+0000] {dagbag.py:540} INFO - Filling up the DagBag from /home/airflow/.local/lib/python3.8/site-packages/airflow/example_dags/example_bash_operator.py
[2024-03-10T18:40:10.890+0000] {processor.py:840} INFO - DAG(s) 'example_bash_operator' retrieved from /home/airflow/.local/lib/python3.8/site-packages/airflow/example_dags/example_bash_operator.py
[2024-03-10T18:40:11.054+0000] {logging_mixin.py:188} INFO - [2024-03-10T18:40:11.053+0000] {dag.py:3047} INFO - Sync 1 DAGs
[2024-03-10T18:40:11.401+0000] {logging_mixin.py:188} INFO - [2024-03-10T18:40:11.395+0000] {dag.py:3834} INFO - Setting next_dagrun for example_bash_operator to 2024-03-09 00:00:00+00:00, run_after=2024-03-10 00:00:00+00:00
[2024-03-10T18:40:11.654+0000] {processor.py:183} INFO - Processing /home/airflow/.local/lib/python3.8/site-packages/airflow/example_dags/example_bash_operator.py took 0.851 seconds
[2024-03-10T18:40:43.894+0000] {processor.py:161} INFO - Started process (PID=3711) to work on /home/airflow/.local/lib/python3.8/site-packages/airflow/example_dags/example_bash_operator.py
[2024-03-10T18:40:43.909+0000] {processor.py:830} INFO - Processing file /home/airflow/.local/lib/python3.8/site-packages/airflow/example_dags/example_bash_operator.py for tasks to queue
[2024-03-10T18:40:43.951+0000] {logging_mixin.py:188} INFO - [2024-03-10T18:40:43.949+0000] {dagbag.py:540} INFO - Filling up the DagBag from /home/airflow/.local/lib/python3.8/site-packages/airflow/example_dags/example_bash_operator.py
[2024-03-10T18:40:44.115+0000] {processor.py:840} INFO - DAG(s) 'example_bash_operator' retrieved from /home/airflow/.local/lib/python3.8/site-packages/airflow/example_dags/example_bash_operator.py
[2024-03-10T18:40:44.638+0000] {logging_mixin.py:188} INFO - [2024-03-10T18:40:44.635+0000] {dag.py:3047} INFO - Sync 1 DAGs
[2024-03-10T18:40:44.871+0000] {logging_mixin.py:188} INFO - [2024-03-10T18:40:44.870+0000] {dag.py:3834} INFO - Setting next_dagrun for example_bash_operator to 2024-03-09 00:00:00+00:00, run_after=2024-03-10 00:00:00+00:00
[2024-03-10T18:40:44.987+0000] {processor.py:183} INFO - Processing /home/airflow/.local/lib/python3.8/site-packages/airflow/example_dags/example_bash_operator.py took 1.160 seconds
[2024-03-10T18:41:15.387+0000] {processor.py:161} INFO - Started process (PID=3955) to work on /home/airflow/.local/lib/python3.8/site-packages/airflow/example_dags/example_bash_operator.py
[2024-03-10T18:41:15.392+0000] {processor.py:830} INFO - Processing file /home/airflow/.local/lib/python3.8/site-packages/airflow/example_dags/example_bash_operator.py for tasks to queue
[2024-03-10T18:41:15.395+0000] {logging_mixin.py:188} INFO - [2024-03-10T18:41:15.394+0000] {dagbag.py:540} INFO - Filling up the DagBag from /home/airflow/.local/lib/python3.8/site-packages/airflow/example_dags/example_bash_operator.py
[2024-03-10T18:41:15.428+0000] {processor.py:840} INFO - DAG(s) 'example_bash_operator' retrieved from /home/airflow/.local/lib/python3.8/site-packages/airflow/example_dags/example_bash_operator.py
[2024-03-10T18:41:15.858+0000] {logging_mixin.py:188} INFO - [2024-03-10T18:41:15.857+0000] {dag.py:3047} INFO - Sync 1 DAGs
[2024-03-10T18:41:15.943+0000] {logging_mixin.py:188} INFO - [2024-03-10T18:41:15.943+0000] {dag.py:3834} INFO - Setting next_dagrun for example_bash_operator to 2024-03-09 00:00:00+00:00, run_after=2024-03-10 00:00:00+00:00
[2024-03-10T18:41:16.066+0000] {processor.py:183} INFO - Processing /home/airflow/.local/lib/python3.8/site-packages/airflow/example_dags/example_bash_operator.py took 0.689 seconds
[2024-03-10T18:41:46.984+0000] {processor.py:161} INFO - Started process (PID=4204) to work on /home/airflow/.local/lib/python3.8/site-packages/airflow/example_dags/example_bash_operator.py
[2024-03-10T18:41:46.997+0000] {processor.py:830} INFO - Processing file /home/airflow/.local/lib/python3.8/site-packages/airflow/example_dags/example_bash_operator.py for tasks to queue
[2024-03-10T18:41:47.009+0000] {logging_mixin.py:188} INFO - [2024-03-10T18:41:47.004+0000] {dagbag.py:540} INFO - Filling up the DagBag from /home/airflow/.local/lib/python3.8/site-packages/airflow/example_dags/example_bash_operator.py
[2024-03-10T18:41:47.083+0000] {processor.py:840} INFO - DAG(s) 'example_bash_operator' retrieved from /home/airflow/.local/lib/python3.8/site-packages/airflow/example_dags/example_bash_operator.py
[2024-03-10T18:41:47.187+0000] {logging_mixin.py:188} INFO - [2024-03-10T18:41:47.187+0000] {dag.py:3047} INFO - Sync 1 DAGs
[2024-03-10T18:41:47.267+0000] {logging_mixin.py:188} INFO - [2024-03-10T18:41:47.267+0000] {dag.py:3834} INFO - Setting next_dagrun for example_bash_operator to 2024-03-09 00:00:00+00:00, run_after=2024-03-10 00:00:00+00:00
[2024-03-10T18:41:47.326+0000] {processor.py:183} INFO - Processing /home/airflow/.local/lib/python3.8/site-packages/airflow/example_dags/example_bash_operator.py took 0.368 seconds
[2024-03-10T18:42:19.690+0000] {processor.py:161} INFO - Started process (PID=4449) to work on /home/airflow/.local/lib/python3.8/site-packages/airflow/example_dags/example_bash_operator.py
[2024-03-10T18:42:19.764+0000] {processor.py:830} INFO - Processing file /home/airflow/.local/lib/python3.8/site-packages/airflow/example_dags/example_bash_operator.py for tasks to queue
[2024-03-10T18:42:19.805+0000] {logging_mixin.py:188} INFO - [2024-03-10T18:42:19.795+0000] {dagbag.py:540} INFO - Filling up the DagBag from /home/airflow/.local/lib/python3.8/site-packages/airflow/example_dags/example_bash_operator.py
[2024-03-10T18:42:19.988+0000] {processor.py:840} INFO - DAG(s) 'example_bash_operator' retrieved from /home/airflow/.local/lib/python3.8/site-packages/airflow/example_dags/example_bash_operator.py
[2024-03-10T18:42:20.716+0000] {logging_mixin.py:188} INFO - [2024-03-10T18:42:20.714+0000] {dag.py:3047} INFO - Sync 1 DAGs
[2024-03-10T18:42:20.907+0000] {logging_mixin.py:188} INFO - [2024-03-10T18:42:20.906+0000] {dag.py:3834} INFO - Setting next_dagrun for example_bash_operator to 2024-03-09 00:00:00+00:00, run_after=2024-03-10 00:00:00+00:00
[2024-03-10T18:42:21.077+0000] {processor.py:183} INFO - Processing /home/airflow/.local/lib/python3.8/site-packages/airflow/example_dags/example_bash_operator.py took 1.411 seconds
[2024-03-10T18:43:18.376+0000] {processor.py:161} INFO - Started process (PID=4689) to work on /home/airflow/.local/lib/python3.8/site-packages/airflow/example_dags/example_bash_operator.py
[2024-03-10T18:43:18.434+0000] {processor.py:830} INFO - Processing file /home/airflow/.local/lib/python3.8/site-packages/airflow/example_dags/example_bash_operator.py for tasks to queue
[2024-03-10T18:43:18.481+0000] {logging_mixin.py:188} INFO - [2024-03-10T18:43:18.478+0000] {dagbag.py:540} INFO - Filling up the DagBag from /home/airflow/.local/lib/python3.8/site-packages/airflow/example_dags/example_bash_operator.py
[2024-03-10T18:43:19.103+0000] {processor.py:840} INFO - DAG(s) 'example_bash_operator' retrieved from /home/airflow/.local/lib/python3.8/site-packages/airflow/example_dags/example_bash_operator.py
[2024-03-10T18:43:19.616+0000] {logging_mixin.py:188} INFO - [2024-03-10T18:43:19.598+0000] {dag.py:3047} INFO - Sync 1 DAGs
[2024-03-10T18:43:19.766+0000] {logging_mixin.py:188} INFO - [2024-03-10T18:43:19.765+0000] {dag.py:3834} INFO - Setting next_dagrun for example_bash_operator to 2024-03-09 00:00:00+00:00, run_after=2024-03-10 00:00:00+00:00
[2024-03-10T18:43:19.909+0000] {processor.py:183} INFO - Processing /home/airflow/.local/lib/python3.8/site-packages/airflow/example_dags/example_bash_operator.py took 1.601 seconds
[2024-03-10T18:45:36.652+0000] {processor.py:161} INFO - Started process (PID=4935) to work on /home/airflow/.local/lib/python3.8/site-packages/airflow/example_dags/example_bash_operator.py
[2024-03-10T18:45:36.666+0000] {processor.py:830} INFO - Processing file /home/airflow/.local/lib/python3.8/site-packages/airflow/example_dags/example_bash_operator.py for tasks to queue
[2024-03-10T18:45:36.674+0000] {logging_mixin.py:188} INFO - [2024-03-10T18:45:36.673+0000] {dagbag.py:540} INFO - Filling up the DagBag from /home/airflow/.local/lib/python3.8/site-packages/airflow/example_dags/example_bash_operator.py
[2024-03-10T18:45:37.032+0000] {processor.py:840} INFO - DAG(s) 'example_bash_operator' retrieved from /home/airflow/.local/lib/python3.8/site-packages/airflow/example_dags/example_bash_operator.py
[2024-03-10T18:45:38.584+0000] {logging_mixin.py:188} INFO - [2024-03-10T18:45:38.450+0000] {dag.py:3047} INFO - Sync 1 DAGs
[2024-03-10T18:45:40.380+0000] {logging_mixin.py:188} INFO - [2024-03-10T18:45:40.347+0000] {dag.py:3834} INFO - Setting next_dagrun for example_bash_operator to 2024-03-09 00:00:00+00:00, run_after=2024-03-10 00:00:00+00:00
[2024-03-10T18:45:41.186+0000] {processor.py:183} INFO - Processing /home/airflow/.local/lib/python3.8/site-packages/airflow/example_dags/example_bash_operator.py took 4.615 seconds
