[2024-03-10T18:33:10.495+0000] {processor.py:161} INFO - Started process (PID=313) to work on /home/airflow/.local/lib/python3.8/site-packages/airflow/example_dags/example_subdag_operator.py
[2024-03-10T18:33:10.497+0000] {processor.py:830} INFO - Processing file /home/airflow/.local/lib/python3.8/site-packages/airflow/example_dags/example_subdag_operator.py for tasks to queue
[2024-03-10T18:33:10.499+0000] {logging_mixin.py:188} INFO - [2024-03-10T18:33:10.499+0000] {dagbag.py:540} INFO - Filling up the DagBag from /home/airflow/.local/lib/python3.8/site-packages/airflow/example_dags/example_subdag_operator.py
[2024-03-10T18:33:10.553+0000] {processor.py:840} INFO - DAG(s) 'example_subdag_operator.section-1', 'example_subdag_operator.section-2', 'example_subdag_operator' retrieved from /home/airflow/.local/lib/python3.8/site-packages/airflow/example_dags/example_subdag_operator.py
[2024-03-10T18:33:10.694+0000] {logging_mixin.py:188} INFO - [2024-03-10T18:33:10.693+0000] {override.py:1769} INFO - Created Permission View: can delete on DAG:example_subdag_operator
[2024-03-10T18:33:10.706+0000] {logging_mixin.py:188} INFO - [2024-03-10T18:33:10.705+0000] {override.py:1769} INFO - Created Permission View: can edit on DAG:example_subdag_operator
[2024-03-10T18:33:10.717+0000] {logging_mixin.py:188} INFO - [2024-03-10T18:33:10.717+0000] {override.py:1769} INFO - Created Permission View: can read on DAG:example_subdag_operator
[2024-03-10T18:33:10.719+0000] {logging_mixin.py:188} INFO - [2024-03-10T18:33:10.719+0000] {dag.py:3047} INFO - Sync 3 DAGs
[2024-03-10T18:33:10.743+0000] {logging_mixin.py:188} INFO - [2024-03-10T18:33:10.742+0000] {dag.py:3069} INFO - Creating ORM DAG for example_subdag_operator
[2024-03-10T18:33:10.745+0000] {logging_mixin.py:188} INFO - [2024-03-10T18:33:10.745+0000] {dag.py:3069} INFO - Creating ORM DAG for example_subdag_operator.section-1
[2024-03-10T18:33:10.755+0000] {logging_mixin.py:188} INFO - [2024-03-10T18:33:10.754+0000] {dag.py:3069} INFO - Creating ORM DAG for example_subdag_operator.section-2
[2024-03-10T18:33:10.781+0000] {logging_mixin.py:188} INFO - [2024-03-10T18:33:10.780+0000] {dag.py:3834} INFO - Setting next_dagrun for example_subdag_operator to 2022-01-01 00:00:00+00:00, run_after=2022-01-01 00:00:00+00:00
[2024-03-10T18:33:10.788+0000] {logging_mixin.py:188} INFO - [2024-03-10T18:33:10.786+0000] {dag.py:3834} INFO - Setting next_dagrun for example_subdag_operator.section-1 to None, run_after=None
[2024-03-10T18:33:10.794+0000] {logging_mixin.py:188} INFO - [2024-03-10T18:33:10.794+0000] {dag.py:3834} INFO - Setting next_dagrun for example_subdag_operator.section-2 to None, run_after=None
[2024-03-10T18:33:10.819+0000] {logging_mixin.py:188} INFO - [2024-03-10T18:33:10.818+0000] {dag.py:3047} INFO - Sync 2 DAGs
[2024-03-10T18:33:10.839+0000] {logging_mixin.py:188} INFO - [2024-03-10T18:33:10.838+0000] {dag.py:3834} INFO - Setting next_dagrun for example_subdag_operator.section-1 to None, run_after=None
[2024-03-10T18:33:10.857+0000] {logging_mixin.py:188} INFO - [2024-03-10T18:33:10.857+0000] {dag.py:3834} INFO - Setting next_dagrun for example_subdag_operator.section-2 to None, run_after=None
[2024-03-10T18:33:10.874+0000] {processor.py:183} INFO - Processing /home/airflow/.local/lib/python3.8/site-packages/airflow/example_dags/example_subdag_operator.py took 0.385 seconds
[2024-03-10T18:33:46.922+0000] {processor.py:161} INFO - Started process (PID=558) to work on /home/airflow/.local/lib/python3.8/site-packages/airflow/example_dags/example_subdag_operator.py
[2024-03-10T18:33:46.926+0000] {processor.py:830} INFO - Processing file /home/airflow/.local/lib/python3.8/site-packages/airflow/example_dags/example_subdag_operator.py for tasks to queue
[2024-03-10T18:33:46.930+0000] {logging_mixin.py:188} INFO - [2024-03-10T18:33:46.929+0000] {dagbag.py:540} INFO - Filling up the DagBag from /home/airflow/.local/lib/python3.8/site-packages/airflow/example_dags/example_subdag_operator.py
[2024-03-10T18:33:47.016+0000] {processor.py:840} INFO - DAG(s) 'example_subdag_operator.section-1', 'example_subdag_operator.section-2', 'example_subdag_operator' retrieved from /home/airflow/.local/lib/python3.8/site-packages/airflow/example_dags/example_subdag_operator.py
[2024-03-10T18:33:47.047+0000] {logging_mixin.py:188} INFO - [2024-03-10T18:33:47.046+0000] {dag.py:3047} INFO - Sync 3 DAGs
[2024-03-10T18:33:47.108+0000] {logging_mixin.py:188} INFO - [2024-03-10T18:33:47.108+0000] {dag.py:3834} INFO - Setting next_dagrun for example_subdag_operator to 2022-01-01 00:00:00+00:00, run_after=2022-01-01 00:00:00+00:00
[2024-03-10T18:33:47.117+0000] {logging_mixin.py:188} INFO - [2024-03-10T18:33:47.117+0000] {dag.py:3834} INFO - Setting next_dagrun for example_subdag_operator.section-1 to None, run_after=None
[2024-03-10T18:33:47.123+0000] {logging_mixin.py:188} INFO - [2024-03-10T18:33:47.123+0000] {dag.py:3834} INFO - Setting next_dagrun for example_subdag_operator.section-2 to None, run_after=None
[2024-03-10T18:33:47.140+0000] {logging_mixin.py:188} INFO - [2024-03-10T18:33:47.140+0000] {dag.py:3047} INFO - Sync 2 DAGs
[2024-03-10T18:33:47.152+0000] {logging_mixin.py:188} INFO - [2024-03-10T18:33:47.152+0000] {dag.py:3834} INFO - Setting next_dagrun for example_subdag_operator.section-1 to None, run_after=None
[2024-03-10T18:33:47.153+0000] {logging_mixin.py:188} INFO - [2024-03-10T18:33:47.153+0000] {dag.py:3834} INFO - Setting next_dagrun for example_subdag_operator.section-2 to None, run_after=None
[2024-03-10T18:33:47.181+0000] {processor.py:183} INFO - Processing /home/airflow/.local/lib/python3.8/site-packages/airflow/example_dags/example_subdag_operator.py took 0.267 seconds
[2024-03-10T18:34:18.111+0000] {processor.py:161} INFO - Started process (PID=805) to work on /home/airflow/.local/lib/python3.8/site-packages/airflow/example_dags/example_subdag_operator.py
[2024-03-10T18:34:18.120+0000] {processor.py:830} INFO - Processing file /home/airflow/.local/lib/python3.8/site-packages/airflow/example_dags/example_subdag_operator.py for tasks to queue
[2024-03-10T18:34:18.125+0000] {logging_mixin.py:188} INFO - [2024-03-10T18:34:18.125+0000] {dagbag.py:540} INFO - Filling up the DagBag from /home/airflow/.local/lib/python3.8/site-packages/airflow/example_dags/example_subdag_operator.py
[2024-03-10T18:34:18.201+0000] {processor.py:840} INFO - DAG(s) 'example_subdag_operator.section-1', 'example_subdag_operator.section-2', 'example_subdag_operator' retrieved from /home/airflow/.local/lib/python3.8/site-packages/airflow/example_dags/example_subdag_operator.py
[2024-03-10T18:34:18.233+0000] {logging_mixin.py:188} INFO - [2024-03-10T18:34:18.233+0000] {dag.py:3047} INFO - Sync 3 DAGs
[2024-03-10T18:34:18.394+0000] {logging_mixin.py:188} INFO - [2024-03-10T18:34:18.393+0000] {dag.py:3834} INFO - Setting next_dagrun for example_subdag_operator to 2022-01-01 00:00:00+00:00, run_after=2022-01-01 00:00:00+00:00
[2024-03-10T18:34:18.406+0000] {logging_mixin.py:188} INFO - [2024-03-10T18:34:18.405+0000] {dag.py:3834} INFO - Setting next_dagrun for example_subdag_operator.section-1 to None, run_after=None
[2024-03-10T18:34:18.411+0000] {logging_mixin.py:188} INFO - [2024-03-10T18:34:18.410+0000] {dag.py:3834} INFO - Setting next_dagrun for example_subdag_operator.section-2 to None, run_after=None
[2024-03-10T18:34:18.424+0000] {logging_mixin.py:188} INFO - [2024-03-10T18:34:18.424+0000] {dag.py:3047} INFO - Sync 2 DAGs
[2024-03-10T18:34:18.431+0000] {logging_mixin.py:188} INFO - [2024-03-10T18:34:18.430+0000] {dag.py:3834} INFO - Setting next_dagrun for example_subdag_operator.section-1 to None, run_after=None
[2024-03-10T18:34:18.432+0000] {logging_mixin.py:188} INFO - [2024-03-10T18:34:18.432+0000] {dag.py:3834} INFO - Setting next_dagrun for example_subdag_operator.section-2 to None, run_after=None
[2024-03-10T18:34:18.453+0000] {processor.py:183} INFO - Processing /home/airflow/.local/lib/python3.8/site-packages/airflow/example_dags/example_subdag_operator.py took 0.352 seconds
[2024-03-10T18:34:52.231+0000] {processor.py:161} INFO - Started process (PID=1053) to work on /home/airflow/.local/lib/python3.8/site-packages/airflow/example_dags/example_subdag_operator.py
[2024-03-10T18:34:52.239+0000] {processor.py:830} INFO - Processing file /home/airflow/.local/lib/python3.8/site-packages/airflow/example_dags/example_subdag_operator.py for tasks to queue
[2024-03-10T18:34:52.252+0000] {logging_mixin.py:188} INFO - [2024-03-10T18:34:52.250+0000] {dagbag.py:540} INFO - Filling up the DagBag from /home/airflow/.local/lib/python3.8/site-packages/airflow/example_dags/example_subdag_operator.py
[2024-03-10T18:34:52.317+0000] {processor.py:840} INFO - DAG(s) 'example_subdag_operator.section-1', 'example_subdag_operator.section-2', 'example_subdag_operator' retrieved from /home/airflow/.local/lib/python3.8/site-packages/airflow/example_dags/example_subdag_operator.py
[2024-03-10T18:34:52.345+0000] {logging_mixin.py:188} INFO - [2024-03-10T18:34:52.345+0000] {dag.py:3047} INFO - Sync 3 DAGs
[2024-03-10T18:34:52.409+0000] {logging_mixin.py:188} INFO - [2024-03-10T18:34:52.408+0000] {dag.py:3834} INFO - Setting next_dagrun for example_subdag_operator to 2022-01-01 00:00:00+00:00, run_after=2022-01-01 00:00:00+00:00
[2024-03-10T18:34:52.415+0000] {logging_mixin.py:188} INFO - [2024-03-10T18:34:52.415+0000] {dag.py:3834} INFO - Setting next_dagrun for example_subdag_operator.section-1 to None, run_after=None
[2024-03-10T18:34:52.418+0000] {logging_mixin.py:188} INFO - [2024-03-10T18:34:52.418+0000] {dag.py:3834} INFO - Setting next_dagrun for example_subdag_operator.section-2 to None, run_after=None
[2024-03-10T18:34:52.429+0000] {logging_mixin.py:188} INFO - [2024-03-10T18:34:52.429+0000] {dag.py:3047} INFO - Sync 2 DAGs
[2024-03-10T18:34:52.437+0000] {logging_mixin.py:188} INFO - [2024-03-10T18:34:52.437+0000] {dag.py:3834} INFO - Setting next_dagrun for example_subdag_operator.section-1 to None, run_after=None
[2024-03-10T18:34:52.439+0000] {logging_mixin.py:188} INFO - [2024-03-10T18:34:52.439+0000] {dag.py:3834} INFO - Setting next_dagrun for example_subdag_operator.section-2 to None, run_after=None
[2024-03-10T18:34:52.460+0000] {processor.py:183} INFO - Processing /home/airflow/.local/lib/python3.8/site-packages/airflow/example_dags/example_subdag_operator.py took 0.235 seconds
[2024-03-10T18:35:25.232+0000] {processor.py:161} INFO - Started process (PID=1300) to work on /home/airflow/.local/lib/python3.8/site-packages/airflow/example_dags/example_subdag_operator.py
[2024-03-10T18:35:25.237+0000] {processor.py:830} INFO - Processing file /home/airflow/.local/lib/python3.8/site-packages/airflow/example_dags/example_subdag_operator.py for tasks to queue
[2024-03-10T18:35:25.241+0000] {logging_mixin.py:188} INFO - [2024-03-10T18:35:25.240+0000] {dagbag.py:540} INFO - Filling up the DagBag from /home/airflow/.local/lib/python3.8/site-packages/airflow/example_dags/example_subdag_operator.py
[2024-03-10T18:35:25.316+0000] {processor.py:840} INFO - DAG(s) 'example_subdag_operator.section-1', 'example_subdag_operator.section-2', 'example_subdag_operator' retrieved from /home/airflow/.local/lib/python3.8/site-packages/airflow/example_dags/example_subdag_operator.py
[2024-03-10T18:35:25.344+0000] {logging_mixin.py:188} INFO - [2024-03-10T18:35:25.344+0000] {dag.py:3047} INFO - Sync 3 DAGs
[2024-03-10T18:35:25.433+0000] {logging_mixin.py:188} INFO - [2024-03-10T18:35:25.431+0000] {dag.py:3834} INFO - Setting next_dagrun for example_subdag_operator to 2022-01-01 00:00:00+00:00, run_after=2022-01-01 00:00:00+00:00
[2024-03-10T18:35:25.445+0000] {logging_mixin.py:188} INFO - [2024-03-10T18:35:25.445+0000] {dag.py:3834} INFO - Setting next_dagrun for example_subdag_operator.section-1 to None, run_after=None
[2024-03-10T18:35:25.451+0000] {logging_mixin.py:188} INFO - [2024-03-10T18:35:25.451+0000] {dag.py:3834} INFO - Setting next_dagrun for example_subdag_operator.section-2 to None, run_after=None
[2024-03-10T18:35:25.491+0000] {logging_mixin.py:188} INFO - [2024-03-10T18:35:25.491+0000] {dag.py:3047} INFO - Sync 2 DAGs
[2024-03-10T18:35:25.517+0000] {logging_mixin.py:188} INFO - [2024-03-10T18:35:25.517+0000] {dag.py:3834} INFO - Setting next_dagrun for example_subdag_operator.section-1 to None, run_after=None
[2024-03-10T18:35:25.524+0000] {logging_mixin.py:188} INFO - [2024-03-10T18:35:25.524+0000] {dag.py:3834} INFO - Setting next_dagrun for example_subdag_operator.section-2 to None, run_after=None
[2024-03-10T18:35:25.579+0000] {processor.py:183} INFO - Processing /home/airflow/.local/lib/python3.8/site-packages/airflow/example_dags/example_subdag_operator.py took 0.355 seconds
[2024-03-10T18:35:57.504+0000] {processor.py:161} INFO - Started process (PID=1547) to work on /home/airflow/.local/lib/python3.8/site-packages/airflow/example_dags/example_subdag_operator.py
[2024-03-10T18:35:57.511+0000] {processor.py:830} INFO - Processing file /home/airflow/.local/lib/python3.8/site-packages/airflow/example_dags/example_subdag_operator.py for tasks to queue
[2024-03-10T18:35:57.515+0000] {logging_mixin.py:188} INFO - [2024-03-10T18:35:57.514+0000] {dagbag.py:540} INFO - Filling up the DagBag from /home/airflow/.local/lib/python3.8/site-packages/airflow/example_dags/example_subdag_operator.py
[2024-03-10T18:35:57.601+0000] {processor.py:840} INFO - DAG(s) 'example_subdag_operator.section-1', 'example_subdag_operator.section-2', 'example_subdag_operator' retrieved from /home/airflow/.local/lib/python3.8/site-packages/airflow/example_dags/example_subdag_operator.py
[2024-03-10T18:35:57.641+0000] {logging_mixin.py:188} INFO - [2024-03-10T18:35:57.640+0000] {dag.py:3047} INFO - Sync 3 DAGs
[2024-03-10T18:35:57.762+0000] {logging_mixin.py:188} INFO - [2024-03-10T18:35:57.762+0000] {dag.py:3834} INFO - Setting next_dagrun for example_subdag_operator to 2022-01-01 00:00:00+00:00, run_after=2022-01-01 00:00:00+00:00
[2024-03-10T18:35:57.780+0000] {logging_mixin.py:188} INFO - [2024-03-10T18:35:57.779+0000] {dag.py:3834} INFO - Setting next_dagrun for example_subdag_operator.section-1 to None, run_after=None
[2024-03-10T18:35:57.785+0000] {logging_mixin.py:188} INFO - [2024-03-10T18:35:57.785+0000] {dag.py:3834} INFO - Setting next_dagrun for example_subdag_operator.section-2 to None, run_after=None
[2024-03-10T18:35:57.806+0000] {logging_mixin.py:188} INFO - [2024-03-10T18:35:57.805+0000] {dag.py:3047} INFO - Sync 2 DAGs
[2024-03-10T18:35:57.827+0000] {logging_mixin.py:188} INFO - [2024-03-10T18:35:57.826+0000] {dag.py:3834} INFO - Setting next_dagrun for example_subdag_operator.section-1 to None, run_after=None
[2024-03-10T18:35:57.831+0000] {logging_mixin.py:188} INFO - [2024-03-10T18:35:57.830+0000] {dag.py:3834} INFO - Setting next_dagrun for example_subdag_operator.section-2 to None, run_after=None
[2024-03-10T18:35:57.900+0000] {processor.py:183} INFO - Processing /home/airflow/.local/lib/python3.8/site-packages/airflow/example_dags/example_subdag_operator.py took 0.404 seconds
[2024-03-10T18:36:28.322+0000] {processor.py:161} INFO - Started process (PID=1793) to work on /home/airflow/.local/lib/python3.8/site-packages/airflow/example_dags/example_subdag_operator.py
[2024-03-10T18:36:28.327+0000] {processor.py:830} INFO - Processing file /home/airflow/.local/lib/python3.8/site-packages/airflow/example_dags/example_subdag_operator.py for tasks to queue
[2024-03-10T18:36:28.330+0000] {logging_mixin.py:188} INFO - [2024-03-10T18:36:28.329+0000] {dagbag.py:540} INFO - Filling up the DagBag from /home/airflow/.local/lib/python3.8/site-packages/airflow/example_dags/example_subdag_operator.py
[2024-03-10T18:36:28.430+0000] {processor.py:840} INFO - DAG(s) 'example_subdag_operator.section-1', 'example_subdag_operator.section-2', 'example_subdag_operator' retrieved from /home/airflow/.local/lib/python3.8/site-packages/airflow/example_dags/example_subdag_operator.py
[2024-03-10T18:36:28.700+0000] {logging_mixin.py:188} INFO - [2024-03-10T18:36:28.662+0000] {dag.py:3047} INFO - Sync 3 DAGs
[2024-03-10T18:36:29.143+0000] {logging_mixin.py:188} INFO - [2024-03-10T18:36:29.141+0000] {dag.py:3834} INFO - Setting next_dagrun for example_subdag_operator to 2022-01-01 00:00:00+00:00, run_after=2022-01-01 00:00:00+00:00
[2024-03-10T18:36:29.181+0000] {logging_mixin.py:188} INFO - [2024-03-10T18:36:29.181+0000] {dag.py:3834} INFO - Setting next_dagrun for example_subdag_operator.section-1 to None, run_after=None
[2024-03-10T18:36:29.201+0000] {logging_mixin.py:188} INFO - [2024-03-10T18:36:29.200+0000] {dag.py:3834} INFO - Setting next_dagrun for example_subdag_operator.section-2 to None, run_after=None
[2024-03-10T18:36:29.354+0000] {logging_mixin.py:188} INFO - [2024-03-10T18:36:29.353+0000] {dag.py:3047} INFO - Sync 2 DAGs
[2024-03-10T18:36:29.408+0000] {logging_mixin.py:188} INFO - [2024-03-10T18:36:29.408+0000] {dag.py:3834} INFO - Setting next_dagrun for example_subdag_operator.section-1 to None, run_after=None
[2024-03-10T18:36:29.418+0000] {logging_mixin.py:188} INFO - [2024-03-10T18:36:29.417+0000] {dag.py:3834} INFO - Setting next_dagrun for example_subdag_operator.section-2 to None, run_after=None
[2024-03-10T18:36:29.512+0000] {processor.py:183} INFO - Processing /home/airflow/.local/lib/python3.8/site-packages/airflow/example_dags/example_subdag_operator.py took 1.205 seconds
[2024-03-10T18:37:01.674+0000] {processor.py:161} INFO - Started process (PID=2037) to work on /home/airflow/.local/lib/python3.8/site-packages/airflow/example_dags/example_subdag_operator.py
[2024-03-10T18:37:01.680+0000] {processor.py:830} INFO - Processing file /home/airflow/.local/lib/python3.8/site-packages/airflow/example_dags/example_subdag_operator.py for tasks to queue
[2024-03-10T18:37:01.686+0000] {logging_mixin.py:188} INFO - [2024-03-10T18:37:01.685+0000] {dagbag.py:540} INFO - Filling up the DagBag from /home/airflow/.local/lib/python3.8/site-packages/airflow/example_dags/example_subdag_operator.py
[2024-03-10T18:37:01.867+0000] {processor.py:840} INFO - DAG(s) 'example_subdag_operator.section-1', 'example_subdag_operator.section-2', 'example_subdag_operator' retrieved from /home/airflow/.local/lib/python3.8/site-packages/airflow/example_dags/example_subdag_operator.py
[2024-03-10T18:37:01.954+0000] {logging_mixin.py:188} INFO - [2024-03-10T18:37:01.953+0000] {dag.py:3047} INFO - Sync 3 DAGs
[2024-03-10T18:37:02.046+0000] {logging_mixin.py:188} INFO - [2024-03-10T18:37:02.046+0000] {dag.py:3834} INFO - Setting next_dagrun for example_subdag_operator to 2022-01-01 00:00:00+00:00, run_after=2022-01-01 00:00:00+00:00
[2024-03-10T18:37:02.054+0000] {logging_mixin.py:188} INFO - [2024-03-10T18:37:02.054+0000] {dag.py:3834} INFO - Setting next_dagrun for example_subdag_operator.section-1 to None, run_after=None
[2024-03-10T18:37:02.060+0000] {logging_mixin.py:188} INFO - [2024-03-10T18:37:02.058+0000] {dag.py:3834} INFO - Setting next_dagrun for example_subdag_operator.section-2 to None, run_after=None
[2024-03-10T18:37:02.084+0000] {logging_mixin.py:188} INFO - [2024-03-10T18:37:02.084+0000] {dag.py:3047} INFO - Sync 2 DAGs
[2024-03-10T18:37:02.096+0000] {logging_mixin.py:188} INFO - [2024-03-10T18:37:02.096+0000] {dag.py:3834} INFO - Setting next_dagrun for example_subdag_operator.section-1 to None, run_after=None
[2024-03-10T18:37:02.100+0000] {logging_mixin.py:188} INFO - [2024-03-10T18:37:02.099+0000] {dag.py:3834} INFO - Setting next_dagrun for example_subdag_operator.section-2 to None, run_after=None
[2024-03-10T18:37:02.138+0000] {processor.py:183} INFO - Processing /home/airflow/.local/lib/python3.8/site-packages/airflow/example_dags/example_subdag_operator.py took 0.512 seconds
[2024-03-10T18:37:33.625+0000] {processor.py:161} INFO - Started process (PID=2286) to work on /home/airflow/.local/lib/python3.8/site-packages/airflow/example_dags/example_subdag_operator.py
[2024-03-10T18:37:33.645+0000] {processor.py:830} INFO - Processing file /home/airflow/.local/lib/python3.8/site-packages/airflow/example_dags/example_subdag_operator.py for tasks to queue
[2024-03-10T18:37:33.657+0000] {logging_mixin.py:188} INFO - [2024-03-10T18:37:33.655+0000] {dagbag.py:540} INFO - Filling up the DagBag from /home/airflow/.local/lib/python3.8/site-packages/airflow/example_dags/example_subdag_operator.py
[2024-03-10T18:37:33.915+0000] {processor.py:840} INFO - DAG(s) 'example_subdag_operator.section-1', 'example_subdag_operator.section-2', 'example_subdag_operator' retrieved from /home/airflow/.local/lib/python3.8/site-packages/airflow/example_dags/example_subdag_operator.py
[2024-03-10T18:37:33.948+0000] {logging_mixin.py:188} INFO - [2024-03-10T18:37:33.948+0000] {dag.py:3047} INFO - Sync 3 DAGs
[2024-03-10T18:37:33.981+0000] {logging_mixin.py:188} INFO - [2024-03-10T18:37:33.980+0000] {dag.py:3834} INFO - Setting next_dagrun for example_subdag_operator to 2022-01-01 00:00:00+00:00, run_after=2022-01-01 00:00:00+00:00
[2024-03-10T18:37:33.986+0000] {logging_mixin.py:188} INFO - [2024-03-10T18:37:33.986+0000] {dag.py:3834} INFO - Setting next_dagrun for example_subdag_operator.section-1 to None, run_after=None
[2024-03-10T18:37:33.988+0000] {logging_mixin.py:188} INFO - [2024-03-10T18:37:33.988+0000] {dag.py:3834} INFO - Setting next_dagrun for example_subdag_operator.section-2 to None, run_after=None
[2024-03-10T18:37:34.068+0000] {logging_mixin.py:188} INFO - [2024-03-10T18:37:34.068+0000] {dag.py:3047} INFO - Sync 2 DAGs
[2024-03-10T18:37:34.091+0000] {logging_mixin.py:188} INFO - [2024-03-10T18:37:34.091+0000] {dag.py:3834} INFO - Setting next_dagrun for example_subdag_operator.section-1 to None, run_after=None
[2024-03-10T18:37:34.093+0000] {logging_mixin.py:188} INFO - [2024-03-10T18:37:34.093+0000] {dag.py:3834} INFO - Setting next_dagrun for example_subdag_operator.section-2 to None, run_after=None
[2024-03-10T18:37:34.111+0000] {processor.py:183} INFO - Processing /home/airflow/.local/lib/python3.8/site-packages/airflow/example_dags/example_subdag_operator.py took 0.563 seconds
[2024-03-10T18:38:05.188+0000] {processor.py:161} INFO - Started process (PID=2535) to work on /home/airflow/.local/lib/python3.8/site-packages/airflow/example_dags/example_subdag_operator.py
[2024-03-10T18:38:05.205+0000] {processor.py:830} INFO - Processing file /home/airflow/.local/lib/python3.8/site-packages/airflow/example_dags/example_subdag_operator.py for tasks to queue
[2024-03-10T18:38:05.232+0000] {logging_mixin.py:188} INFO - [2024-03-10T18:38:05.221+0000] {dagbag.py:540} INFO - Filling up the DagBag from /home/airflow/.local/lib/python3.8/site-packages/airflow/example_dags/example_subdag_operator.py
[2024-03-10T18:38:05.422+0000] {processor.py:840} INFO - DAG(s) 'example_subdag_operator.section-1', 'example_subdag_operator.section-2', 'example_subdag_operator' retrieved from /home/airflow/.local/lib/python3.8/site-packages/airflow/example_dags/example_subdag_operator.py
[2024-03-10T18:38:05.492+0000] {logging_mixin.py:188} INFO - [2024-03-10T18:38:05.491+0000] {dag.py:3047} INFO - Sync 3 DAGs
[2024-03-10T18:38:05.627+0000] {logging_mixin.py:188} INFO - [2024-03-10T18:38:05.626+0000] {dag.py:3834} INFO - Setting next_dagrun for example_subdag_operator to 2022-01-01 00:00:00+00:00, run_after=2022-01-01 00:00:00+00:00
[2024-03-10T18:38:05.638+0000] {logging_mixin.py:188} INFO - [2024-03-10T18:38:05.638+0000] {dag.py:3834} INFO - Setting next_dagrun for example_subdag_operator.section-1 to None, run_after=None
[2024-03-10T18:38:05.643+0000] {logging_mixin.py:188} INFO - [2024-03-10T18:38:05.643+0000] {dag.py:3834} INFO - Setting next_dagrun for example_subdag_operator.section-2 to None, run_after=None
[2024-03-10T18:38:05.665+0000] {logging_mixin.py:188} INFO - [2024-03-10T18:38:05.665+0000] {dag.py:3047} INFO - Sync 2 DAGs
[2024-03-10T18:38:05.683+0000] {logging_mixin.py:188} INFO - [2024-03-10T18:38:05.683+0000] {dag.py:3834} INFO - Setting next_dagrun for example_subdag_operator.section-1 to None, run_after=None
[2024-03-10T18:38:05.686+0000] {logging_mixin.py:188} INFO - [2024-03-10T18:38:05.686+0000] {dag.py:3834} INFO - Setting next_dagrun for example_subdag_operator.section-2 to None, run_after=None
[2024-03-10T18:38:05.725+0000] {processor.py:183} INFO - Processing /home/airflow/.local/lib/python3.8/site-packages/airflow/example_dags/example_subdag_operator.py took 0.597 seconds
[2024-03-10T18:38:36.547+0000] {processor.py:161} INFO - Started process (PID=2782) to work on /home/airflow/.local/lib/python3.8/site-packages/airflow/example_dags/example_subdag_operator.py
[2024-03-10T18:38:36.563+0000] {processor.py:830} INFO - Processing file /home/airflow/.local/lib/python3.8/site-packages/airflow/example_dags/example_subdag_operator.py for tasks to queue
[2024-03-10T18:38:36.572+0000] {logging_mixin.py:188} INFO - [2024-03-10T18:38:36.571+0000] {dagbag.py:540} INFO - Filling up the DagBag from /home/airflow/.local/lib/python3.8/site-packages/airflow/example_dags/example_subdag_operator.py
[2024-03-10T18:38:36.688+0000] {processor.py:840} INFO - DAG(s) 'example_subdag_operator.section-1', 'example_subdag_operator.section-2', 'example_subdag_operator' retrieved from /home/airflow/.local/lib/python3.8/site-packages/airflow/example_dags/example_subdag_operator.py
[2024-03-10T18:38:36.727+0000] {logging_mixin.py:188} INFO - [2024-03-10T18:38:36.726+0000] {dag.py:3047} INFO - Sync 3 DAGs
[2024-03-10T18:38:36.793+0000] {logging_mixin.py:188} INFO - [2024-03-10T18:38:36.793+0000] {dag.py:3834} INFO - Setting next_dagrun for example_subdag_operator to 2022-01-01 00:00:00+00:00, run_after=2022-01-01 00:00:00+00:00
[2024-03-10T18:38:36.800+0000] {logging_mixin.py:188} INFO - [2024-03-10T18:38:36.800+0000] {dag.py:3834} INFO - Setting next_dagrun for example_subdag_operator.section-1 to None, run_after=None
[2024-03-10T18:38:36.804+0000] {logging_mixin.py:188} INFO - [2024-03-10T18:38:36.803+0000] {dag.py:3834} INFO - Setting next_dagrun for example_subdag_operator.section-2 to None, run_after=None
[2024-03-10T18:38:36.817+0000] {logging_mixin.py:188} INFO - [2024-03-10T18:38:36.817+0000] {dag.py:3047} INFO - Sync 2 DAGs
[2024-03-10T18:38:36.828+0000] {logging_mixin.py:188} INFO - [2024-03-10T18:38:36.828+0000] {dag.py:3834} INFO - Setting next_dagrun for example_subdag_operator.section-1 to None, run_after=None
[2024-03-10T18:38:36.830+0000] {logging_mixin.py:188} INFO - [2024-03-10T18:38:36.830+0000] {dag.py:3834} INFO - Setting next_dagrun for example_subdag_operator.section-2 to None, run_after=None
[2024-03-10T18:38:36.858+0000] {processor.py:183} INFO - Processing /home/airflow/.local/lib/python3.8/site-packages/airflow/example_dags/example_subdag_operator.py took 0.324 seconds
[2024-03-10T18:39:07.306+0000] {processor.py:161} INFO - Started process (PID=3029) to work on /home/airflow/.local/lib/python3.8/site-packages/airflow/example_dags/example_subdag_operator.py
[2024-03-10T18:39:07.330+0000] {processor.py:830} INFO - Processing file /home/airflow/.local/lib/python3.8/site-packages/airflow/example_dags/example_subdag_operator.py for tasks to queue
[2024-03-10T18:39:07.336+0000] {logging_mixin.py:188} INFO - [2024-03-10T18:39:07.335+0000] {dagbag.py:540} INFO - Filling up the DagBag from /home/airflow/.local/lib/python3.8/site-packages/airflow/example_dags/example_subdag_operator.py
[2024-03-10T18:39:07.536+0000] {processor.py:840} INFO - DAG(s) 'example_subdag_operator.section-1', 'example_subdag_operator.section-2', 'example_subdag_operator' retrieved from /home/airflow/.local/lib/python3.8/site-packages/airflow/example_dags/example_subdag_operator.py
[2024-03-10T18:39:07.605+0000] {logging_mixin.py:188} INFO - [2024-03-10T18:39:07.605+0000] {dag.py:3047} INFO - Sync 3 DAGs
[2024-03-10T18:39:07.692+0000] {logging_mixin.py:188} INFO - [2024-03-10T18:39:07.692+0000] {dag.py:3834} INFO - Setting next_dagrun for example_subdag_operator to 2022-01-01 00:00:00+00:00, run_after=2022-01-01 00:00:00+00:00
[2024-03-10T18:39:07.714+0000] {logging_mixin.py:188} INFO - [2024-03-10T18:39:07.713+0000] {dag.py:3834} INFO - Setting next_dagrun for example_subdag_operator.section-1 to None, run_after=None
[2024-03-10T18:39:07.721+0000] {logging_mixin.py:188} INFO - [2024-03-10T18:39:07.721+0000] {dag.py:3834} INFO - Setting next_dagrun for example_subdag_operator.section-2 to None, run_after=None
[2024-03-10T18:39:07.759+0000] {logging_mixin.py:188} INFO - [2024-03-10T18:39:07.759+0000] {dag.py:3047} INFO - Sync 2 DAGs
[2024-03-10T18:39:07.773+0000] {logging_mixin.py:188} INFO - [2024-03-10T18:39:07.773+0000] {dag.py:3834} INFO - Setting next_dagrun for example_subdag_operator.section-1 to None, run_after=None
[2024-03-10T18:39:07.781+0000] {logging_mixin.py:188} INFO - [2024-03-10T18:39:07.781+0000] {dag.py:3834} INFO - Setting next_dagrun for example_subdag_operator.section-2 to None, run_after=None
[2024-03-10T18:39:07.802+0000] {processor.py:183} INFO - Processing /home/airflow/.local/lib/python3.8/site-packages/airflow/example_dags/example_subdag_operator.py took 0.526 seconds
[2024-03-10T18:39:44.840+0000] {processor.py:161} INFO - Started process (PID=3283) to work on /home/airflow/.local/lib/python3.8/site-packages/airflow/example_dags/example_subdag_operator.py
[2024-03-10T18:39:44.895+0000] {processor.py:830} INFO - Processing file /home/airflow/.local/lib/python3.8/site-packages/airflow/example_dags/example_subdag_operator.py for tasks to queue
[2024-03-10T18:39:44.916+0000] {logging_mixin.py:188} INFO - [2024-03-10T18:39:44.914+0000] {dagbag.py:540} INFO - Filling up the DagBag from /home/airflow/.local/lib/python3.8/site-packages/airflow/example_dags/example_subdag_operator.py
[2024-03-10T18:39:45.089+0000] {processor.py:840} INFO - DAG(s) 'example_subdag_operator.section-1', 'example_subdag_operator.section-2', 'example_subdag_operator' retrieved from /home/airflow/.local/lib/python3.8/site-packages/airflow/example_dags/example_subdag_operator.py
[2024-03-10T18:39:45.201+0000] {logging_mixin.py:188} INFO - [2024-03-10T18:39:45.198+0000] {dag.py:3047} INFO - Sync 3 DAGs
[2024-03-10T18:39:45.288+0000] {logging_mixin.py:188} INFO - [2024-03-10T18:39:45.287+0000] {dag.py:3834} INFO - Setting next_dagrun for example_subdag_operator to 2022-01-01 00:00:00+00:00, run_after=2022-01-01 00:00:00+00:00
[2024-03-10T18:39:45.298+0000] {logging_mixin.py:188} INFO - [2024-03-10T18:39:45.298+0000] {dag.py:3834} INFO - Setting next_dagrun for example_subdag_operator.section-1 to None, run_after=None
[2024-03-10T18:39:45.304+0000] {logging_mixin.py:188} INFO - [2024-03-10T18:39:45.303+0000] {dag.py:3834} INFO - Setting next_dagrun for example_subdag_operator.section-2 to None, run_after=None
[2024-03-10T18:39:45.323+0000] {logging_mixin.py:188} INFO - [2024-03-10T18:39:45.322+0000] {dag.py:3047} INFO - Sync 2 DAGs
[2024-03-10T18:39:45.344+0000] {logging_mixin.py:188} INFO - [2024-03-10T18:39:45.344+0000] {dag.py:3834} INFO - Setting next_dagrun for example_subdag_operator.section-1 to None, run_after=None
[2024-03-10T18:39:45.347+0000] {logging_mixin.py:188} INFO - [2024-03-10T18:39:45.346+0000] {dag.py:3834} INFO - Setting next_dagrun for example_subdag_operator.section-2 to None, run_after=None
[2024-03-10T18:39:45.372+0000] {processor.py:183} INFO - Processing /home/airflow/.local/lib/python3.8/site-packages/airflow/example_dags/example_subdag_operator.py took 0.572 seconds
[2024-03-10T18:40:16.228+0000] {processor.py:161} INFO - Started process (PID=3534) to work on /home/airflow/.local/lib/python3.8/site-packages/airflow/example_dags/example_subdag_operator.py
[2024-03-10T18:40:16.235+0000] {processor.py:830} INFO - Processing file /home/airflow/.local/lib/python3.8/site-packages/airflow/example_dags/example_subdag_operator.py for tasks to queue
[2024-03-10T18:40:16.239+0000] {logging_mixin.py:188} INFO - [2024-03-10T18:40:16.238+0000] {dagbag.py:540} INFO - Filling up the DagBag from /home/airflow/.local/lib/python3.8/site-packages/airflow/example_dags/example_subdag_operator.py
[2024-03-10T18:40:16.379+0000] {processor.py:840} INFO - DAG(s) 'example_subdag_operator.section-1', 'example_subdag_operator.section-2', 'example_subdag_operator' retrieved from /home/airflow/.local/lib/python3.8/site-packages/airflow/example_dags/example_subdag_operator.py
[2024-03-10T18:40:16.451+0000] {logging_mixin.py:188} INFO - [2024-03-10T18:40:16.450+0000] {dag.py:3047} INFO - Sync 3 DAGs
[2024-03-10T18:40:16.542+0000] {logging_mixin.py:188} INFO - [2024-03-10T18:40:16.541+0000] {dag.py:3834} INFO - Setting next_dagrun for example_subdag_operator to 2022-01-01 00:00:00+00:00, run_after=2022-01-01 00:00:00+00:00
[2024-03-10T18:40:16.551+0000] {logging_mixin.py:188} INFO - [2024-03-10T18:40:16.550+0000] {dag.py:3834} INFO - Setting next_dagrun for example_subdag_operator.section-1 to None, run_after=None
[2024-03-10T18:40:16.556+0000] {logging_mixin.py:188} INFO - [2024-03-10T18:40:16.555+0000] {dag.py:3834} INFO - Setting next_dagrun for example_subdag_operator.section-2 to None, run_after=None
[2024-03-10T18:40:16.584+0000] {logging_mixin.py:188} INFO - [2024-03-10T18:40:16.583+0000] {dag.py:3047} INFO - Sync 2 DAGs
[2024-03-10T18:40:16.601+0000] {logging_mixin.py:188} INFO - [2024-03-10T18:40:16.601+0000] {dag.py:3834} INFO - Setting next_dagrun for example_subdag_operator.section-1 to None, run_after=None
[2024-03-10T18:40:16.612+0000] {logging_mixin.py:188} INFO - [2024-03-10T18:40:16.612+0000] {dag.py:3834} INFO - Setting next_dagrun for example_subdag_operator.section-2 to None, run_after=None
[2024-03-10T18:40:17.132+0000] {processor.py:183} INFO - Processing /home/airflow/.local/lib/python3.8/site-packages/airflow/example_dags/example_subdag_operator.py took 0.935 seconds
[2024-03-10T18:40:50.934+0000] {processor.py:161} INFO - Started process (PID=3798) to work on /home/airflow/.local/lib/python3.8/site-packages/airflow/example_dags/example_subdag_operator.py
[2024-03-10T18:40:50.947+0000] {processor.py:830} INFO - Processing file /home/airflow/.local/lib/python3.8/site-packages/airflow/example_dags/example_subdag_operator.py for tasks to queue
[2024-03-10T18:40:50.978+0000] {logging_mixin.py:188} INFO - [2024-03-10T18:40:50.967+0000] {dagbag.py:540} INFO - Filling up the DagBag from /home/airflow/.local/lib/python3.8/site-packages/airflow/example_dags/example_subdag_operator.py
[2024-03-10T18:40:51.349+0000] {processor.py:840} INFO - DAG(s) 'example_subdag_operator.section-1', 'example_subdag_operator.section-2', 'example_subdag_operator' retrieved from /home/airflow/.local/lib/python3.8/site-packages/airflow/example_dags/example_subdag_operator.py
[2024-03-10T18:40:51.392+0000] {logging_mixin.py:188} INFO - [2024-03-10T18:40:51.391+0000] {dag.py:3047} INFO - Sync 3 DAGs
[2024-03-10T18:40:51.999+0000] {logging_mixin.py:188} INFO - [2024-03-10T18:40:51.995+0000] {dag.py:3834} INFO - Setting next_dagrun for example_subdag_operator to 2022-01-01 00:00:00+00:00, run_after=2022-01-01 00:00:00+00:00
[2024-03-10T18:40:52.022+0000] {logging_mixin.py:188} INFO - [2024-03-10T18:40:52.020+0000] {dag.py:3834} INFO - Setting next_dagrun for example_subdag_operator.section-1 to None, run_after=None
[2024-03-10T18:40:52.045+0000] {logging_mixin.py:188} INFO - [2024-03-10T18:40:52.043+0000] {dag.py:3834} INFO - Setting next_dagrun for example_subdag_operator.section-2 to None, run_after=None
[2024-03-10T18:40:52.105+0000] {logging_mixin.py:188} INFO - [2024-03-10T18:40:52.103+0000] {dag.py:3047} INFO - Sync 2 DAGs
[2024-03-10T18:40:52.131+0000] {logging_mixin.py:188} INFO - [2024-03-10T18:40:52.131+0000] {dag.py:3834} INFO - Setting next_dagrun for example_subdag_operator.section-1 to None, run_after=None
[2024-03-10T18:40:52.135+0000] {logging_mixin.py:188} INFO - [2024-03-10T18:40:52.134+0000] {dag.py:3834} INFO - Setting next_dagrun for example_subdag_operator.section-2 to None, run_after=None
[2024-03-10T18:40:52.212+0000] {processor.py:183} INFO - Processing /home/airflow/.local/lib/python3.8/site-packages/airflow/example_dags/example_subdag_operator.py took 1.338 seconds
[2024-03-10T18:41:22.564+0000] {processor.py:161} INFO - Started process (PID=4044) to work on /home/airflow/.local/lib/python3.8/site-packages/airflow/example_dags/example_subdag_operator.py
[2024-03-10T18:41:22.598+0000] {processor.py:830} INFO - Processing file /home/airflow/.local/lib/python3.8/site-packages/airflow/example_dags/example_subdag_operator.py for tasks to queue
[2024-03-10T18:41:22.609+0000] {logging_mixin.py:188} INFO - [2024-03-10T18:41:22.607+0000] {dagbag.py:540} INFO - Filling up the DagBag from /home/airflow/.local/lib/python3.8/site-packages/airflow/example_dags/example_subdag_operator.py
[2024-03-10T18:41:23.272+0000] {processor.py:840} INFO - DAG(s) 'example_subdag_operator.section-1', 'example_subdag_operator.section-2', 'example_subdag_operator' retrieved from /home/airflow/.local/lib/python3.8/site-packages/airflow/example_dags/example_subdag_operator.py
[2024-03-10T18:41:23.669+0000] {logging_mixin.py:188} INFO - [2024-03-10T18:41:23.667+0000] {dag.py:3047} INFO - Sync 3 DAGs
[2024-03-10T18:41:23.754+0000] {logging_mixin.py:188} INFO - [2024-03-10T18:41:23.753+0000] {dag.py:3834} INFO - Setting next_dagrun for example_subdag_operator to 2022-01-01 00:00:00+00:00, run_after=2022-01-01 00:00:00+00:00
[2024-03-10T18:41:23.771+0000] {logging_mixin.py:188} INFO - [2024-03-10T18:41:23.770+0000] {dag.py:3834} INFO - Setting next_dagrun for example_subdag_operator.section-1 to None, run_after=None
[2024-03-10T18:41:23.788+0000] {logging_mixin.py:188} INFO - [2024-03-10T18:41:23.787+0000] {dag.py:3834} INFO - Setting next_dagrun for example_subdag_operator.section-2 to None, run_after=None
[2024-03-10T18:41:23.883+0000] {logging_mixin.py:188} INFO - [2024-03-10T18:41:23.881+0000] {dag.py:3047} INFO - Sync 2 DAGs
[2024-03-10T18:41:23.914+0000] {logging_mixin.py:188} INFO - [2024-03-10T18:41:23.913+0000] {dag.py:3834} INFO - Setting next_dagrun for example_subdag_operator.section-1 to None, run_after=None
[2024-03-10T18:41:23.919+0000] {logging_mixin.py:188} INFO - [2024-03-10T18:41:23.917+0000] {dag.py:3834} INFO - Setting next_dagrun for example_subdag_operator.section-2 to None, run_after=None
[2024-03-10T18:41:23.977+0000] {processor.py:183} INFO - Processing /home/airflow/.local/lib/python3.8/site-packages/airflow/example_dags/example_subdag_operator.py took 1.492 seconds
[2024-03-10T18:41:54.131+0000] {processor.py:161} INFO - Started process (PID=4294) to work on /home/airflow/.local/lib/python3.8/site-packages/airflow/example_dags/example_subdag_operator.py
[2024-03-10T18:41:54.150+0000] {processor.py:830} INFO - Processing file /home/airflow/.local/lib/python3.8/site-packages/airflow/example_dags/example_subdag_operator.py for tasks to queue
[2024-03-10T18:41:54.160+0000] {logging_mixin.py:188} INFO - [2024-03-10T18:41:54.159+0000] {dagbag.py:540} INFO - Filling up the DagBag from /home/airflow/.local/lib/python3.8/site-packages/airflow/example_dags/example_subdag_operator.py
[2024-03-10T18:41:54.316+0000] {processor.py:840} INFO - DAG(s) 'example_subdag_operator.section-1', 'example_subdag_operator.section-2', 'example_subdag_operator' retrieved from /home/airflow/.local/lib/python3.8/site-packages/airflow/example_dags/example_subdag_operator.py
[2024-03-10T18:41:54.384+0000] {logging_mixin.py:188} INFO - [2024-03-10T18:41:54.384+0000] {dag.py:3047} INFO - Sync 3 DAGs
[2024-03-10T18:41:54.437+0000] {logging_mixin.py:188} INFO - [2024-03-10T18:41:54.437+0000] {dag.py:3834} INFO - Setting next_dagrun for example_subdag_operator to 2022-01-01 00:00:00+00:00, run_after=2022-01-01 00:00:00+00:00
[2024-03-10T18:41:54.445+0000] {logging_mixin.py:188} INFO - [2024-03-10T18:41:54.444+0000] {dag.py:3834} INFO - Setting next_dagrun for example_subdag_operator.section-1 to None, run_after=None
[2024-03-10T18:41:54.452+0000] {logging_mixin.py:188} INFO - [2024-03-10T18:41:54.451+0000] {dag.py:3834} INFO - Setting next_dagrun for example_subdag_operator.section-2 to None, run_after=None
[2024-03-10T18:41:54.466+0000] {logging_mixin.py:188} INFO - [2024-03-10T18:41:54.465+0000] {dag.py:3047} INFO - Sync 2 DAGs
[2024-03-10T18:41:54.480+0000] {logging_mixin.py:188} INFO - [2024-03-10T18:41:54.480+0000] {dag.py:3834} INFO - Setting next_dagrun for example_subdag_operator.section-1 to None, run_after=None
[2024-03-10T18:41:54.482+0000] {logging_mixin.py:188} INFO - [2024-03-10T18:41:54.482+0000] {dag.py:3834} INFO - Setting next_dagrun for example_subdag_operator.section-2 to None, run_after=None
[2024-03-10T18:41:54.494+0000] {processor.py:183} INFO - Processing /home/airflow/.local/lib/python3.8/site-packages/airflow/example_dags/example_subdag_operator.py took 0.374 seconds
[2024-03-10T18:42:46.163+0000] {processor.py:161} INFO - Started process (PID=4568) to work on /home/airflow/.local/lib/python3.8/site-packages/airflow/example_dags/example_subdag_operator.py
[2024-03-10T18:42:46.170+0000] {processor.py:830} INFO - Processing file /home/airflow/.local/lib/python3.8/site-packages/airflow/example_dags/example_subdag_operator.py for tasks to queue
[2024-03-10T18:42:46.175+0000] {logging_mixin.py:188} INFO - [2024-03-10T18:42:46.173+0000] {dagbag.py:540} INFO - Filling up the DagBag from /home/airflow/.local/lib/python3.8/site-packages/airflow/example_dags/example_subdag_operator.py
[2024-03-10T18:42:47.239+0000] {processor.py:840} INFO - DAG(s) 'example_subdag_operator.section-1', 'example_subdag_operator.section-2', 'example_subdag_operator' retrieved from /home/airflow/.local/lib/python3.8/site-packages/airflow/example_dags/example_subdag_operator.py
[2024-03-10T18:42:47.505+0000] {logging_mixin.py:188} INFO - [2024-03-10T18:42:47.504+0000] {dag.py:3047} INFO - Sync 3 DAGs
[2024-03-10T18:42:47.877+0000] {logging_mixin.py:188} INFO - [2024-03-10T18:42:47.867+0000] {dag.py:3834} INFO - Setting next_dagrun for example_subdag_operator to 2022-01-01 00:00:00+00:00, run_after=2022-01-01 00:00:00+00:00
[2024-03-10T18:42:47.940+0000] {logging_mixin.py:188} INFO - [2024-03-10T18:42:47.939+0000] {dag.py:3834} INFO - Setting next_dagrun for example_subdag_operator.section-1 to None, run_after=None
[2024-03-10T18:42:48.023+0000] {logging_mixin.py:188} INFO - [2024-03-10T18:42:48.020+0000] {dag.py:3834} INFO - Setting next_dagrun for example_subdag_operator.section-2 to None, run_after=None
[2024-03-10T18:42:48.069+0000] {logging_mixin.py:188} INFO - [2024-03-10T18:42:48.069+0000] {dag.py:3047} INFO - Sync 2 DAGs
[2024-03-10T18:42:48.169+0000] {logging_mixin.py:188} INFO - [2024-03-10T18:42:48.169+0000] {dag.py:3834} INFO - Setting next_dagrun for example_subdag_operator.section-1 to None, run_after=None
[2024-03-10T18:42:48.173+0000] {logging_mixin.py:188} INFO - [2024-03-10T18:42:48.173+0000] {dag.py:3834} INFO - Setting next_dagrun for example_subdag_operator.section-2 to None, run_after=None
[2024-03-10T18:42:48.264+0000] {processor.py:183} INFO - Processing /home/airflow/.local/lib/python3.8/site-packages/airflow/example_dags/example_subdag_operator.py took 2.130 seconds
[2024-03-10T18:43:51.756+0000] {processor.py:161} INFO - Started process (PID=4816) to work on /home/airflow/.local/lib/python3.8/site-packages/airflow/example_dags/example_subdag_operator.py
[2024-03-10T18:43:51.784+0000] {processor.py:830} INFO - Processing file /home/airflow/.local/lib/python3.8/site-packages/airflow/example_dags/example_subdag_operator.py for tasks to queue
[2024-03-10T18:43:51.866+0000] {logging_mixin.py:188} INFO - [2024-03-10T18:43:51.845+0000] {dagbag.py:540} INFO - Filling up the DagBag from /home/airflow/.local/lib/python3.8/site-packages/airflow/example_dags/example_subdag_operator.py
[2024-03-10T18:43:53.018+0000] {processor.py:840} INFO - DAG(s) 'example_subdag_operator.section-1', 'example_subdag_operator.section-2', 'example_subdag_operator' retrieved from /home/airflow/.local/lib/python3.8/site-packages/airflow/example_dags/example_subdag_operator.py
[2024-03-10T18:43:53.183+0000] {logging_mixin.py:188} INFO - [2024-03-10T18:43:53.175+0000] {dag.py:3047} INFO - Sync 3 DAGs
[2024-03-10T18:43:54.037+0000] {logging_mixin.py:188} INFO - [2024-03-10T18:43:53.990+0000] {dag.py:3834} INFO - Setting next_dagrun for example_subdag_operator to 2022-01-01 00:00:00+00:00, run_after=2022-01-01 00:00:00+00:00
[2024-03-10T18:43:54.125+0000] {logging_mixin.py:188} INFO - [2024-03-10T18:43:54.119+0000] {dag.py:3834} INFO - Setting next_dagrun for example_subdag_operator.section-1 to None, run_after=None
[2024-03-10T18:43:54.931+0000] {logging_mixin.py:188} INFO - [2024-03-10T18:43:54.929+0000] {dag.py:3834} INFO - Setting next_dagrun for example_subdag_operator.section-2 to None, run_after=None
[2024-03-10T18:43:55.038+0000] {logging_mixin.py:188} INFO - [2024-03-10T18:43:55.037+0000] {dag.py:3047} INFO - Sync 2 DAGs
[2024-03-10T18:43:55.138+0000] {logging_mixin.py:188} INFO - [2024-03-10T18:43:55.137+0000] {dag.py:3834} INFO - Setting next_dagrun for example_subdag_operator.section-1 to None, run_after=None
[2024-03-10T18:43:55.161+0000] {logging_mixin.py:188} INFO - [2024-03-10T18:43:55.159+0000] {dag.py:3834} INFO - Setting next_dagrun for example_subdag_operator.section-2 to None, run_after=None
[2024-03-10T18:43:55.243+0000] {processor.py:183} INFO - Processing /home/airflow/.local/lib/python3.8/site-packages/airflow/example_dags/example_subdag_operator.py took 3.535 seconds
