[2024-03-10T18:33:02.368+0000] {processor.py:161} INFO - Started process (PID=253) to work on /home/airflow/.local/lib/python3.8/site-packages/airflow/example_dags/example_setup_teardown_taskflow.py
[2024-03-10T18:33:02.371+0000] {processor.py:830} INFO - Processing file /home/airflow/.local/lib/python3.8/site-packages/airflow/example_dags/example_setup_teardown_taskflow.py for tasks to queue
[2024-03-10T18:33:02.375+0000] {logging_mixin.py:188} INFO - [2024-03-10T18:33:02.374+0000] {dagbag.py:540} INFO - Filling up the DagBag from /home/airflow/.local/lib/python3.8/site-packages/airflow/example_dags/example_setup_teardown_taskflow.py
[2024-03-10T18:33:02.410+0000] {processor.py:840} INFO - DAG(s) 'example_setup_teardown_taskflow' retrieved from /home/airflow/.local/lib/python3.8/site-packages/airflow/example_dags/example_setup_teardown_taskflow.py
[2024-03-10T18:33:02.616+0000] {logging_mixin.py:188} INFO - [2024-03-10T18:33:02.615+0000] {override.py:1769} INFO - Created Permission View: can delete on DAG:example_setup_teardown_taskflow
[2024-03-10T18:33:02.671+0000] {logging_mixin.py:188} INFO - [2024-03-10T18:33:02.670+0000] {override.py:1769} INFO - Created Permission View: can edit on DAG:example_setup_teardown_taskflow
[2024-03-10T18:33:02.687+0000] {logging_mixin.py:188} INFO - [2024-03-10T18:33:02.686+0000] {override.py:1769} INFO - Created Permission View: can read on DAG:example_setup_teardown_taskflow
[2024-03-10T18:33:02.690+0000] {logging_mixin.py:188} INFO - [2024-03-10T18:33:02.690+0000] {dag.py:3047} INFO - Sync 1 DAGs
[2024-03-10T18:33:02.744+0000] {logging_mixin.py:188} INFO - [2024-03-10T18:33:02.743+0000] {dag.py:3069} INFO - Creating ORM DAG for example_setup_teardown_taskflow
[2024-03-10T18:33:02.786+0000] {logging_mixin.py:188} INFO - [2024-03-10T18:33:02.786+0000] {dag.py:3834} INFO - Setting next_dagrun for example_setup_teardown_taskflow to 2024-03-09 00:00:00+00:00, run_after=2024-03-10 00:00:00+00:00
[2024-03-10T18:33:02.808+0000] {processor.py:183} INFO - Processing /home/airflow/.local/lib/python3.8/site-packages/airflow/example_dags/example_setup_teardown_taskflow.py took 0.446 seconds
[2024-03-10T18:33:44.671+0000] {processor.py:161} INFO - Started process (PID=498) to work on /home/airflow/.local/lib/python3.8/site-packages/airflow/example_dags/example_setup_teardown_taskflow.py
[2024-03-10T18:33:44.678+0000] {processor.py:830} INFO - Processing file /home/airflow/.local/lib/python3.8/site-packages/airflow/example_dags/example_setup_teardown_taskflow.py for tasks to queue
[2024-03-10T18:33:44.680+0000] {logging_mixin.py:188} INFO - [2024-03-10T18:33:44.679+0000] {dagbag.py:540} INFO - Filling up the DagBag from /home/airflow/.local/lib/python3.8/site-packages/airflow/example_dags/example_setup_teardown_taskflow.py
[2024-03-10T18:33:44.718+0000] {processor.py:840} INFO - DAG(s) 'example_setup_teardown_taskflow' retrieved from /home/airflow/.local/lib/python3.8/site-packages/airflow/example_dags/example_setup_teardown_taskflow.py
[2024-03-10T18:33:44.779+0000] {logging_mixin.py:188} INFO - [2024-03-10T18:33:44.779+0000] {dag.py:3047} INFO - Sync 1 DAGs
[2024-03-10T18:33:44.960+0000] {logging_mixin.py:188} INFO - [2024-03-10T18:33:44.960+0000] {dag.py:3834} INFO - Setting next_dagrun for example_setup_teardown_taskflow to 2024-03-09 00:00:00+00:00, run_after=2024-03-10 00:00:00+00:00
[2024-03-10T18:33:45.037+0000] {processor.py:183} INFO - Processing /home/airflow/.local/lib/python3.8/site-packages/airflow/example_dags/example_setup_teardown_taskflow.py took 0.371 seconds
[2024-03-10T18:34:15.665+0000] {processor.py:161} INFO - Started process (PID=745) to work on /home/airflow/.local/lib/python3.8/site-packages/airflow/example_dags/example_setup_teardown_taskflow.py
[2024-03-10T18:34:15.668+0000] {processor.py:830} INFO - Processing file /home/airflow/.local/lib/python3.8/site-packages/airflow/example_dags/example_setup_teardown_taskflow.py for tasks to queue
[2024-03-10T18:34:15.671+0000] {logging_mixin.py:188} INFO - [2024-03-10T18:34:15.670+0000] {dagbag.py:540} INFO - Filling up the DagBag from /home/airflow/.local/lib/python3.8/site-packages/airflow/example_dags/example_setup_teardown_taskflow.py
[2024-03-10T18:34:15.706+0000] {processor.py:840} INFO - DAG(s) 'example_setup_teardown_taskflow' retrieved from /home/airflow/.local/lib/python3.8/site-packages/airflow/example_dags/example_setup_teardown_taskflow.py
[2024-03-10T18:34:16.022+0000] {logging_mixin.py:188} INFO - [2024-03-10T18:34:16.016+0000] {dag.py:3047} INFO - Sync 1 DAGs
[2024-03-10T18:34:16.245+0000] {logging_mixin.py:188} INFO - [2024-03-10T18:34:16.244+0000] {dag.py:3834} INFO - Setting next_dagrun for example_setup_teardown_taskflow to 2024-03-09 00:00:00+00:00, run_after=2024-03-10 00:00:00+00:00
[2024-03-10T18:34:16.357+0000] {processor.py:183} INFO - Processing /home/airflow/.local/lib/python3.8/site-packages/airflow/example_dags/example_setup_teardown_taskflow.py took 0.696 seconds
[2024-03-10T18:34:48.157+0000] {processor.py:161} INFO - Started process (PID=995) to work on /home/airflow/.local/lib/python3.8/site-packages/airflow/example_dags/example_setup_teardown_taskflow.py
[2024-03-10T18:34:48.172+0000] {processor.py:830} INFO - Processing file /home/airflow/.local/lib/python3.8/site-packages/airflow/example_dags/example_setup_teardown_taskflow.py for tasks to queue
[2024-03-10T18:34:48.209+0000] {logging_mixin.py:188} INFO - [2024-03-10T18:34:48.198+0000] {dagbag.py:540} INFO - Filling up the DagBag from /home/airflow/.local/lib/python3.8/site-packages/airflow/example_dags/example_setup_teardown_taskflow.py
[2024-03-10T18:34:48.353+0000] {processor.py:840} INFO - DAG(s) 'example_setup_teardown_taskflow' retrieved from /home/airflow/.local/lib/python3.8/site-packages/airflow/example_dags/example_setup_teardown_taskflow.py
[2024-03-10T18:34:48.444+0000] {logging_mixin.py:188} INFO - [2024-03-10T18:34:48.443+0000] {dag.py:3047} INFO - Sync 1 DAGs
[2024-03-10T18:34:48.628+0000] {logging_mixin.py:188} INFO - [2024-03-10T18:34:48.626+0000] {dag.py:3834} INFO - Setting next_dagrun for example_setup_teardown_taskflow to 2024-03-09 00:00:00+00:00, run_after=2024-03-10 00:00:00+00:00
[2024-03-10T18:34:48.741+0000] {processor.py:183} INFO - Processing /home/airflow/.local/lib/python3.8/site-packages/airflow/example_dags/example_setup_teardown_taskflow.py took 0.639 seconds
[2024-03-10T18:35:22.655+0000] {processor.py:161} INFO - Started process (PID=1242) to work on /home/airflow/.local/lib/python3.8/site-packages/airflow/example_dags/example_setup_teardown_taskflow.py
[2024-03-10T18:35:22.661+0000] {processor.py:830} INFO - Processing file /home/airflow/.local/lib/python3.8/site-packages/airflow/example_dags/example_setup_teardown_taskflow.py for tasks to queue
[2024-03-10T18:35:22.668+0000] {logging_mixin.py:188} INFO - [2024-03-10T18:35:22.666+0000] {dagbag.py:540} INFO - Filling up the DagBag from /home/airflow/.local/lib/python3.8/site-packages/airflow/example_dags/example_setup_teardown_taskflow.py
[2024-03-10T18:35:22.725+0000] {processor.py:840} INFO - DAG(s) 'example_setup_teardown_taskflow' retrieved from /home/airflow/.local/lib/python3.8/site-packages/airflow/example_dags/example_setup_teardown_taskflow.py
[2024-03-10T18:35:22.786+0000] {logging_mixin.py:188} INFO - [2024-03-10T18:35:22.786+0000] {dag.py:3047} INFO - Sync 1 DAGs
[2024-03-10T18:35:22.839+0000] {logging_mixin.py:188} INFO - [2024-03-10T18:35:22.838+0000] {dag.py:3834} INFO - Setting next_dagrun for example_setup_teardown_taskflow to 2024-03-09 00:00:00+00:00, run_after=2024-03-10 00:00:00+00:00
[2024-03-10T18:35:22.893+0000] {processor.py:183} INFO - Processing /home/airflow/.local/lib/python3.8/site-packages/airflow/example_dags/example_setup_teardown_taskflow.py took 0.256 seconds
[2024-03-10T18:35:53.341+0000] {processor.py:161} INFO - Started process (PID=1483) to work on /home/airflow/.local/lib/python3.8/site-packages/airflow/example_dags/example_setup_teardown_taskflow.py
[2024-03-10T18:35:53.344+0000] {processor.py:830} INFO - Processing file /home/airflow/.local/lib/python3.8/site-packages/airflow/example_dags/example_setup_teardown_taskflow.py for tasks to queue
[2024-03-10T18:35:53.350+0000] {logging_mixin.py:188} INFO - [2024-03-10T18:35:53.349+0000] {dagbag.py:540} INFO - Filling up the DagBag from /home/airflow/.local/lib/python3.8/site-packages/airflow/example_dags/example_setup_teardown_taskflow.py
[2024-03-10T18:35:53.381+0000] {processor.py:840} INFO - DAG(s) 'example_setup_teardown_taskflow' retrieved from /home/airflow/.local/lib/python3.8/site-packages/airflow/example_dags/example_setup_teardown_taskflow.py
[2024-03-10T18:35:53.461+0000] {logging_mixin.py:188} INFO - [2024-03-10T18:35:53.460+0000] {dag.py:3047} INFO - Sync 1 DAGs
[2024-03-10T18:35:53.522+0000] {logging_mixin.py:188} INFO - [2024-03-10T18:35:53.521+0000] {dag.py:3834} INFO - Setting next_dagrun for example_setup_teardown_taskflow to 2024-03-09 00:00:00+00:00, run_after=2024-03-10 00:00:00+00:00
[2024-03-10T18:35:53.572+0000] {processor.py:183} INFO - Processing /home/airflow/.local/lib/python3.8/site-packages/airflow/example_dags/example_setup_teardown_taskflow.py took 0.237 seconds
[2024-03-10T18:36:23.846+0000] {processor.py:161} INFO - Started process (PID=1730) to work on /home/airflow/.local/lib/python3.8/site-packages/airflow/example_dags/example_setup_teardown_taskflow.py
[2024-03-10T18:36:23.851+0000] {processor.py:830} INFO - Processing file /home/airflow/.local/lib/python3.8/site-packages/airflow/example_dags/example_setup_teardown_taskflow.py for tasks to queue
[2024-03-10T18:36:23.854+0000] {logging_mixin.py:188} INFO - [2024-03-10T18:36:23.853+0000] {dagbag.py:540} INFO - Filling up the DagBag from /home/airflow/.local/lib/python3.8/site-packages/airflow/example_dags/example_setup_teardown_taskflow.py
[2024-03-10T18:36:23.916+0000] {processor.py:840} INFO - DAG(s) 'example_setup_teardown_taskflow' retrieved from /home/airflow/.local/lib/python3.8/site-packages/airflow/example_dags/example_setup_teardown_taskflow.py
[2024-03-10T18:36:24.053+0000] {logging_mixin.py:188} INFO - [2024-03-10T18:36:24.052+0000] {dag.py:3047} INFO - Sync 1 DAGs
[2024-03-10T18:36:24.133+0000] {logging_mixin.py:188} INFO - [2024-03-10T18:36:24.132+0000] {dag.py:3834} INFO - Setting next_dagrun for example_setup_teardown_taskflow to 2024-03-09 00:00:00+00:00, run_after=2024-03-10 00:00:00+00:00
[2024-03-10T18:36:24.190+0000] {processor.py:183} INFO - Processing /home/airflow/.local/lib/python3.8/site-packages/airflow/example_dags/example_setup_teardown_taskflow.py took 0.360 seconds
[2024-03-10T18:36:57.416+0000] {processor.py:161} INFO - Started process (PID=1975) to work on /home/airflow/.local/lib/python3.8/site-packages/airflow/example_dags/example_setup_teardown_taskflow.py
[2024-03-10T18:36:57.422+0000] {processor.py:830} INFO - Processing file /home/airflow/.local/lib/python3.8/site-packages/airflow/example_dags/example_setup_teardown_taskflow.py for tasks to queue
[2024-03-10T18:36:57.440+0000] {logging_mixin.py:188} INFO - [2024-03-10T18:36:57.433+0000] {dagbag.py:540} INFO - Filling up the DagBag from /home/airflow/.local/lib/python3.8/site-packages/airflow/example_dags/example_setup_teardown_taskflow.py
[2024-03-10T18:36:57.503+0000] {processor.py:840} INFO - DAG(s) 'example_setup_teardown_taskflow' retrieved from /home/airflow/.local/lib/python3.8/site-packages/airflow/example_dags/example_setup_teardown_taskflow.py
[2024-03-10T18:36:57.610+0000] {logging_mixin.py:188} INFO - [2024-03-10T18:36:57.608+0000] {dag.py:3047} INFO - Sync 1 DAGs
[2024-03-10T18:36:57.755+0000] {logging_mixin.py:188} INFO - [2024-03-10T18:36:57.755+0000] {dag.py:3834} INFO - Setting next_dagrun for example_setup_teardown_taskflow to 2024-03-09 00:00:00+00:00, run_after=2024-03-10 00:00:00+00:00
[2024-03-10T18:36:57.831+0000] {processor.py:183} INFO - Processing /home/airflow/.local/lib/python3.8/site-packages/airflow/example_dags/example_setup_teardown_taskflow.py took 0.427 seconds
[2024-03-10T18:37:28.445+0000] {processor.py:161} INFO - Started process (PID=2222) to work on /home/airflow/.local/lib/python3.8/site-packages/airflow/example_dags/example_setup_teardown_taskflow.py
[2024-03-10T18:37:28.491+0000] {processor.py:830} INFO - Processing file /home/airflow/.local/lib/python3.8/site-packages/airflow/example_dags/example_setup_teardown_taskflow.py for tasks to queue
[2024-03-10T18:37:28.501+0000] {logging_mixin.py:188} INFO - [2024-03-10T18:37:28.499+0000] {dagbag.py:540} INFO - Filling up the DagBag from /home/airflow/.local/lib/python3.8/site-packages/airflow/example_dags/example_setup_teardown_taskflow.py
[2024-03-10T18:37:28.571+0000] {processor.py:840} INFO - DAG(s) 'example_setup_teardown_taskflow' retrieved from /home/airflow/.local/lib/python3.8/site-packages/airflow/example_dags/example_setup_teardown_taskflow.py
[2024-03-10T18:37:28.741+0000] {logging_mixin.py:188} INFO - [2024-03-10T18:37:28.740+0000] {dag.py:3047} INFO - Sync 1 DAGs
[2024-03-10T18:37:28.803+0000] {logging_mixin.py:188} INFO - [2024-03-10T18:37:28.802+0000] {dag.py:3834} INFO - Setting next_dagrun for example_setup_teardown_taskflow to 2024-03-09 00:00:00+00:00, run_after=2024-03-10 00:00:00+00:00
[2024-03-10T18:37:28.963+0000] {processor.py:183} INFO - Processing /home/airflow/.local/lib/python3.8/site-packages/airflow/example_dags/example_setup_teardown_taskflow.py took 0.561 seconds
[2024-03-10T18:37:59.417+0000] {processor.py:161} INFO - Started process (PID=2470) to work on /home/airflow/.local/lib/python3.8/site-packages/airflow/example_dags/example_setup_teardown_taskflow.py
[2024-03-10T18:37:59.428+0000] {processor.py:830} INFO - Processing file /home/airflow/.local/lib/python3.8/site-packages/airflow/example_dags/example_setup_teardown_taskflow.py for tasks to queue
[2024-03-10T18:37:59.443+0000] {logging_mixin.py:188} INFO - [2024-03-10T18:37:59.437+0000] {dagbag.py:540} INFO - Filling up the DagBag from /home/airflow/.local/lib/python3.8/site-packages/airflow/example_dags/example_setup_teardown_taskflow.py
[2024-03-10T18:37:59.486+0000] {processor.py:840} INFO - DAG(s) 'example_setup_teardown_taskflow' retrieved from /home/airflow/.local/lib/python3.8/site-packages/airflow/example_dags/example_setup_teardown_taskflow.py
[2024-03-10T18:37:59.545+0000] {logging_mixin.py:188} INFO - [2024-03-10T18:37:59.545+0000] {dag.py:3047} INFO - Sync 1 DAGs
[2024-03-10T18:37:59.585+0000] {logging_mixin.py:188} INFO - [2024-03-10T18:37:59.584+0000] {dag.py:3834} INFO - Setting next_dagrun for example_setup_teardown_taskflow to 2024-03-09 00:00:00+00:00, run_after=2024-03-10 00:00:00+00:00
[2024-03-10T18:37:59.642+0000] {processor.py:183} INFO - Processing /home/airflow/.local/lib/python3.8/site-packages/airflow/example_dags/example_setup_teardown_taskflow.py took 0.243 seconds
[2024-03-10T18:38:30.524+0000] {processor.py:161} INFO - Started process (PID=2712) to work on /home/airflow/.local/lib/python3.8/site-packages/airflow/example_dags/example_setup_teardown_taskflow.py
[2024-03-10T18:38:30.544+0000] {processor.py:830} INFO - Processing file /home/airflow/.local/lib/python3.8/site-packages/airflow/example_dags/example_setup_teardown_taskflow.py for tasks to queue
[2024-03-10T18:38:30.574+0000] {logging_mixin.py:188} INFO - [2024-03-10T18:38:30.564+0000] {dagbag.py:540} INFO - Filling up the DagBag from /home/airflow/.local/lib/python3.8/site-packages/airflow/example_dags/example_setup_teardown_taskflow.py
[2024-03-10T18:38:30.702+0000] {processor.py:840} INFO - DAG(s) 'example_setup_teardown_taskflow' retrieved from /home/airflow/.local/lib/python3.8/site-packages/airflow/example_dags/example_setup_teardown_taskflow.py
[2024-03-10T18:38:30.875+0000] {logging_mixin.py:188} INFO - [2024-03-10T18:38:30.874+0000] {dag.py:3047} INFO - Sync 1 DAGs
[2024-03-10T18:38:31.077+0000] {logging_mixin.py:188} INFO - [2024-03-10T18:38:31.075+0000] {dag.py:3834} INFO - Setting next_dagrun for example_setup_teardown_taskflow to 2024-03-09 00:00:00+00:00, run_after=2024-03-10 00:00:00+00:00
[2024-03-10T18:38:31.286+0000] {processor.py:183} INFO - Processing /home/airflow/.local/lib/python3.8/site-packages/airflow/example_dags/example_setup_teardown_taskflow.py took 0.841 seconds
[2024-03-10T18:39:01.795+0000] {processor.py:161} INFO - Started process (PID=2959) to work on /home/airflow/.local/lib/python3.8/site-packages/airflow/example_dags/example_setup_teardown_taskflow.py
[2024-03-10T18:39:01.802+0000] {processor.py:830} INFO - Processing file /home/airflow/.local/lib/python3.8/site-packages/airflow/example_dags/example_setup_teardown_taskflow.py for tasks to queue
[2024-03-10T18:39:01.804+0000] {logging_mixin.py:188} INFO - [2024-03-10T18:39:01.803+0000] {dagbag.py:540} INFO - Filling up the DagBag from /home/airflow/.local/lib/python3.8/site-packages/airflow/example_dags/example_setup_teardown_taskflow.py
[2024-03-10T18:39:01.872+0000] {processor.py:840} INFO - DAG(s) 'example_setup_teardown_taskflow' retrieved from /home/airflow/.local/lib/python3.8/site-packages/airflow/example_dags/example_setup_teardown_taskflow.py
[2024-03-10T18:39:02.095+0000] {logging_mixin.py:188} INFO - [2024-03-10T18:39:02.095+0000] {dag.py:3047} INFO - Sync 1 DAGs
[2024-03-10T18:39:02.303+0000] {logging_mixin.py:188} INFO - [2024-03-10T18:39:02.303+0000] {dag.py:3834} INFO - Setting next_dagrun for example_setup_teardown_taskflow to 2024-03-09 00:00:00+00:00, run_after=2024-03-10 00:00:00+00:00
[2024-03-10T18:39:02.381+0000] {processor.py:183} INFO - Processing /home/airflow/.local/lib/python3.8/site-packages/airflow/example_dags/example_setup_teardown_taskflow.py took 0.594 seconds
[2024-03-10T18:39:39.341+0000] {processor.py:161} INFO - Started process (PID=3220) to work on /home/airflow/.local/lib/python3.8/site-packages/airflow/example_dags/example_setup_teardown_taskflow.py
[2024-03-10T18:39:39.353+0000] {processor.py:830} INFO - Processing file /home/airflow/.local/lib/python3.8/site-packages/airflow/example_dags/example_setup_teardown_taskflow.py for tasks to queue
[2024-03-10T18:39:39.370+0000] {logging_mixin.py:188} INFO - [2024-03-10T18:39:39.368+0000] {dagbag.py:540} INFO - Filling up the DagBag from /home/airflow/.local/lib/python3.8/site-packages/airflow/example_dags/example_setup_teardown_taskflow.py
[2024-03-10T18:39:39.486+0000] {processor.py:840} INFO - DAG(s) 'example_setup_teardown_taskflow' retrieved from /home/airflow/.local/lib/python3.8/site-packages/airflow/example_dags/example_setup_teardown_taskflow.py
[2024-03-10T18:39:39.756+0000] {logging_mixin.py:188} INFO - [2024-03-10T18:39:39.755+0000] {dag.py:3047} INFO - Sync 1 DAGs
[2024-03-10T18:39:39.938+0000] {logging_mixin.py:188} INFO - [2024-03-10T18:39:39.937+0000] {dag.py:3834} INFO - Setting next_dagrun for example_setup_teardown_taskflow to 2024-03-09 00:00:00+00:00, run_after=2024-03-10 00:00:00+00:00
[2024-03-10T18:39:40.048+0000] {processor.py:183} INFO - Processing /home/airflow/.local/lib/python3.8/site-packages/airflow/example_dags/example_setup_teardown_taskflow.py took 0.782 seconds
[2024-03-10T18:40:11.894+0000] {processor.py:161} INFO - Started process (PID=3468) to work on /home/airflow/.local/lib/python3.8/site-packages/airflow/example_dags/example_setup_teardown_taskflow.py
[2024-03-10T18:40:11.900+0000] {processor.py:830} INFO - Processing file /home/airflow/.local/lib/python3.8/site-packages/airflow/example_dags/example_setup_teardown_taskflow.py for tasks to queue
[2024-03-10T18:40:11.904+0000] {logging_mixin.py:188} INFO - [2024-03-10T18:40:11.903+0000] {dagbag.py:540} INFO - Filling up the DagBag from /home/airflow/.local/lib/python3.8/site-packages/airflow/example_dags/example_setup_teardown_taskflow.py
[2024-03-10T18:40:11.953+0000] {processor.py:840} INFO - DAG(s) 'example_setup_teardown_taskflow' retrieved from /home/airflow/.local/lib/python3.8/site-packages/airflow/example_dags/example_setup_teardown_taskflow.py
[2024-03-10T18:40:12.034+0000] {logging_mixin.py:188} INFO - [2024-03-10T18:40:12.033+0000] {dag.py:3047} INFO - Sync 1 DAGs
[2024-03-10T18:40:12.079+0000] {logging_mixin.py:188} INFO - [2024-03-10T18:40:12.079+0000] {dag.py:3834} INFO - Setting next_dagrun for example_setup_teardown_taskflow to 2024-03-09 00:00:00+00:00, run_after=2024-03-10 00:00:00+00:00
[2024-03-10T18:40:12.108+0000] {processor.py:183} INFO - Processing /home/airflow/.local/lib/python3.8/site-packages/airflow/example_dags/example_setup_teardown_taskflow.py took 0.227 seconds
[2024-03-10T18:40:45.192+0000] {processor.py:161} INFO - Started process (PID=3716) to work on /home/airflow/.local/lib/python3.8/site-packages/airflow/example_dags/example_setup_teardown_taskflow.py
[2024-03-10T18:40:45.198+0000] {processor.py:830} INFO - Processing file /home/airflow/.local/lib/python3.8/site-packages/airflow/example_dags/example_setup_teardown_taskflow.py for tasks to queue
[2024-03-10T18:40:45.215+0000] {logging_mixin.py:188} INFO - [2024-03-10T18:40:45.206+0000] {dagbag.py:540} INFO - Filling up the DagBag from /home/airflow/.local/lib/python3.8/site-packages/airflow/example_dags/example_setup_teardown_taskflow.py
[2024-03-10T18:40:45.283+0000] {processor.py:840} INFO - DAG(s) 'example_setup_teardown_taskflow' retrieved from /home/airflow/.local/lib/python3.8/site-packages/airflow/example_dags/example_setup_teardown_taskflow.py
[2024-03-10T18:40:45.390+0000] {logging_mixin.py:188} INFO - [2024-03-10T18:40:45.390+0000] {dag.py:3047} INFO - Sync 1 DAGs
[2024-03-10T18:40:45.444+0000] {logging_mixin.py:188} INFO - [2024-03-10T18:40:45.443+0000] {dag.py:3834} INFO - Setting next_dagrun for example_setup_teardown_taskflow to 2024-03-09 00:00:00+00:00, run_after=2024-03-10 00:00:00+00:00
[2024-03-10T18:40:45.480+0000] {processor.py:183} INFO - Processing /home/airflow/.local/lib/python3.8/site-packages/airflow/example_dags/example_setup_teardown_taskflow.py took 0.304 seconds
[2024-03-10T18:41:16.210+0000] {processor.py:161} INFO - Started process (PID=3960) to work on /home/airflow/.local/lib/python3.8/site-packages/airflow/example_dags/example_setup_teardown_taskflow.py
[2024-03-10T18:41:16.213+0000] {processor.py:830} INFO - Processing file /home/airflow/.local/lib/python3.8/site-packages/airflow/example_dags/example_setup_teardown_taskflow.py for tasks to queue
[2024-03-10T18:41:16.217+0000] {logging_mixin.py:188} INFO - [2024-03-10T18:41:16.216+0000] {dagbag.py:540} INFO - Filling up the DagBag from /home/airflow/.local/lib/python3.8/site-packages/airflow/example_dags/example_setup_teardown_taskflow.py
[2024-03-10T18:41:16.262+0000] {processor.py:840} INFO - DAG(s) 'example_setup_teardown_taskflow' retrieved from /home/airflow/.local/lib/python3.8/site-packages/airflow/example_dags/example_setup_teardown_taskflow.py
[2024-03-10T18:41:16.563+0000] {logging_mixin.py:188} INFO - [2024-03-10T18:41:16.561+0000] {dag.py:3047} INFO - Sync 1 DAGs
[2024-03-10T18:41:16.617+0000] {logging_mixin.py:188} INFO - [2024-03-10T18:41:16.616+0000] {dag.py:3834} INFO - Setting next_dagrun for example_setup_teardown_taskflow to 2024-03-09 00:00:00+00:00, run_after=2024-03-10 00:00:00+00:00
[2024-03-10T18:41:16.662+0000] {processor.py:183} INFO - Processing /home/airflow/.local/lib/python3.8/site-packages/airflow/example_dags/example_setup_teardown_taskflow.py took 0.463 seconds
[2024-03-10T18:41:47.018+0000] {processor.py:161} INFO - Started process (PID=4207) to work on /home/airflow/.local/lib/python3.8/site-packages/airflow/example_dags/example_setup_teardown_taskflow.py
[2024-03-10T18:41:47.029+0000] {processor.py:830} INFO - Processing file /home/airflow/.local/lib/python3.8/site-packages/airflow/example_dags/example_setup_teardown_taskflow.py for tasks to queue
[2024-03-10T18:41:47.037+0000] {logging_mixin.py:188} INFO - [2024-03-10T18:41:47.035+0000] {dagbag.py:540} INFO - Filling up the DagBag from /home/airflow/.local/lib/python3.8/site-packages/airflow/example_dags/example_setup_teardown_taskflow.py
[2024-03-10T18:41:47.084+0000] {processor.py:840} INFO - DAG(s) 'example_setup_teardown_taskflow' retrieved from /home/airflow/.local/lib/python3.8/site-packages/airflow/example_dags/example_setup_teardown_taskflow.py
[2024-03-10T18:41:47.185+0000] {logging_mixin.py:188} INFO - [2024-03-10T18:41:47.185+0000] {dag.py:3047} INFO - Sync 1 DAGs
[2024-03-10T18:41:47.266+0000] {logging_mixin.py:188} INFO - [2024-03-10T18:41:47.266+0000] {dag.py:3834} INFO - Setting next_dagrun for example_setup_teardown_taskflow to 2024-03-09 00:00:00+00:00, run_after=2024-03-10 00:00:00+00:00
[2024-03-10T18:41:47.326+0000] {processor.py:183} INFO - Processing /home/airflow/.local/lib/python3.8/site-packages/airflow/example_dags/example_setup_teardown_taskflow.py took 0.342 seconds
[2024-03-10T18:42:20.812+0000] {processor.py:161} INFO - Started process (PID=4454) to work on /home/airflow/.local/lib/python3.8/site-packages/airflow/example_dags/example_setup_teardown_taskflow.py
[2024-03-10T18:42:20.829+0000] {processor.py:830} INFO - Processing file /home/airflow/.local/lib/python3.8/site-packages/airflow/example_dags/example_setup_teardown_taskflow.py for tasks to queue
[2024-03-10T18:42:20.881+0000] {logging_mixin.py:188} INFO - [2024-03-10T18:42:20.873+0000] {dagbag.py:540} INFO - Filling up the DagBag from /home/airflow/.local/lib/python3.8/site-packages/airflow/example_dags/example_setup_teardown_taskflow.py
[2024-03-10T18:42:21.011+0000] {processor.py:840} INFO - DAG(s) 'example_setup_teardown_taskflow' retrieved from /home/airflow/.local/lib/python3.8/site-packages/airflow/example_dags/example_setup_teardown_taskflow.py
[2024-03-10T18:42:23.203+0000] {logging_mixin.py:188} INFO - [2024-03-10T18:42:23.198+0000] {dag.py:3047} INFO - Sync 1 DAGs
[2024-03-10T18:42:23.768+0000] {logging_mixin.py:188} INFO - [2024-03-10T18:42:23.768+0000] {dag.py:3834} INFO - Setting next_dagrun for example_setup_teardown_taskflow to 2024-03-09 00:00:00+00:00, run_after=2024-03-10 00:00:00+00:00
[2024-03-10T18:42:23.948+0000] {processor.py:183} INFO - Processing /home/airflow/.local/lib/python3.8/site-packages/airflow/example_dags/example_setup_teardown_taskflow.py took 3.153 seconds
[2024-03-10T18:43:20.344+0000] {processor.py:161} INFO - Started process (PID=4696) to work on /home/airflow/.local/lib/python3.8/site-packages/airflow/example_dags/example_setup_teardown_taskflow.py
[2024-03-10T18:43:20.356+0000] {processor.py:830} INFO - Processing file /home/airflow/.local/lib/python3.8/site-packages/airflow/example_dags/example_setup_teardown_taskflow.py for tasks to queue
[2024-03-10T18:43:20.371+0000] {logging_mixin.py:188} INFO - [2024-03-10T18:43:20.369+0000] {dagbag.py:540} INFO - Filling up the DagBag from /home/airflow/.local/lib/python3.8/site-packages/airflow/example_dags/example_setup_teardown_taskflow.py
[2024-03-10T18:43:20.465+0000] {processor.py:840} INFO - DAG(s) 'example_setup_teardown_taskflow' retrieved from /home/airflow/.local/lib/python3.8/site-packages/airflow/example_dags/example_setup_teardown_taskflow.py
[2024-03-10T18:43:20.876+0000] {logging_mixin.py:188} INFO - [2024-03-10T18:43:20.873+0000] {dag.py:3047} INFO - Sync 1 DAGs
[2024-03-10T18:43:20.997+0000] {logging_mixin.py:188} INFO - [2024-03-10T18:43:20.996+0000] {dag.py:3834} INFO - Setting next_dagrun for example_setup_teardown_taskflow to 2024-03-09 00:00:00+00:00, run_after=2024-03-10 00:00:00+00:00
[2024-03-10T18:43:21.088+0000] {processor.py:183} INFO - Processing /home/airflow/.local/lib/python3.8/site-packages/airflow/example_dags/example_setup_teardown_taskflow.py took 0.761 seconds
[2024-03-10T18:45:43.364+0000] {processor.py:161} INFO - Started process (PID=4942) to work on /home/airflow/.local/lib/python3.8/site-packages/airflow/example_dags/example_setup_teardown_taskflow.py
[2024-03-10T18:45:43.481+0000] {processor.py:830} INFO - Processing file /home/airflow/.local/lib/python3.8/site-packages/airflow/example_dags/example_setup_teardown_taskflow.py for tasks to queue
[2024-03-10T18:45:43.543+0000] {logging_mixin.py:188} INFO - [2024-03-10T18:45:43.506+0000] {dagbag.py:540} INFO - Filling up the DagBag from /home/airflow/.local/lib/python3.8/site-packages/airflow/example_dags/example_setup_teardown_taskflow.py
[2024-03-10T18:45:43.992+0000] {processor.py:840} INFO - DAG(s) 'example_setup_teardown_taskflow' retrieved from /home/airflow/.local/lib/python3.8/site-packages/airflow/example_dags/example_setup_teardown_taskflow.py
[2024-03-10T18:45:53.180+0000] {logging_mixin.py:188} INFO - [2024-03-10T18:45:52.849+0000] {dag.py:3047} INFO - Sync 1 DAGs
[2024-03-10T18:45:57.292+0000] {logging_mixin.py:188} INFO - [2024-03-10T18:45:57.259+0000] {dag.py:3834} INFO - Setting next_dagrun for example_setup_teardown_taskflow to 2024-03-09 00:00:00+00:00, run_after=2024-03-10 00:00:00+00:00
[2024-03-10T18:45:59.356+0000] {processor.py:183} INFO - Processing /home/airflow/.local/lib/python3.8/site-packages/airflow/example_dags/example_setup_teardown_taskflow.py took 16.329 seconds
