[2024-03-10T18:33:15.340+0000] {processor.py:161} INFO - Started process (PID=376) to work on /home/airflow/.local/lib/python3.8/site-packages/airflow/example_dags/example_sensor_decorator.py
[2024-03-10T18:33:15.345+0000] {processor.py:830} INFO - Processing file /home/airflow/.local/lib/python3.8/site-packages/airflow/example_dags/example_sensor_decorator.py for tasks to queue
[2024-03-10T18:33:15.356+0000] {logging_mixin.py:188} INFO - [2024-03-10T18:33:15.353+0000] {dagbag.py:540} INFO - Filling up the DagBag from /home/airflow/.local/lib/python3.8/site-packages/airflow/example_dags/example_sensor_decorator.py
[2024-03-10T18:33:15.375+0000] {processor.py:840} INFO - DAG(s) 'example_sensor_decorator' retrieved from /home/airflow/.local/lib/python3.8/site-packages/airflow/example_dags/example_sensor_decorator.py
[2024-03-10T18:33:15.623+0000] {logging_mixin.py:188} INFO - [2024-03-10T18:33:15.622+0000] {override.py:1769} INFO - Created Permission View: can delete on DAG:example_sensor_decorator
[2024-03-10T18:33:15.640+0000] {logging_mixin.py:188} INFO - [2024-03-10T18:33:15.640+0000] {override.py:1769} INFO - Created Permission View: can edit on DAG:example_sensor_decorator
[2024-03-10T18:33:15.657+0000] {logging_mixin.py:188} INFO - [2024-03-10T18:33:15.656+0000] {override.py:1769} INFO - Created Permission View: can read on DAG:example_sensor_decorator
[2024-03-10T18:33:15.660+0000] {logging_mixin.py:188} INFO - [2024-03-10T18:33:15.660+0000] {dag.py:3047} INFO - Sync 1 DAGs
[2024-03-10T18:33:15.684+0000] {logging_mixin.py:188} INFO - [2024-03-10T18:33:15.684+0000] {dag.py:3069} INFO - Creating ORM DAG for example_sensor_decorator
[2024-03-10T18:33:15.689+0000] {logging_mixin.py:188} INFO - [2024-03-10T18:33:15.689+0000] {dag.py:3834} INFO - Setting next_dagrun for example_sensor_decorator to None, run_after=None
[2024-03-10T18:33:15.712+0000] {processor.py:183} INFO - Processing /home/airflow/.local/lib/python3.8/site-packages/airflow/example_dags/example_sensor_decorator.py took 0.380 seconds
[2024-03-10T18:33:55.564+0000] {processor.py:161} INFO - Started process (PID=629) to work on /home/airflow/.local/lib/python3.8/site-packages/airflow/example_dags/example_sensor_decorator.py
[2024-03-10T18:33:55.567+0000] {processor.py:830} INFO - Processing file /home/airflow/.local/lib/python3.8/site-packages/airflow/example_dags/example_sensor_decorator.py for tasks to queue
[2024-03-10T18:33:55.569+0000] {logging_mixin.py:188} INFO - [2024-03-10T18:33:55.568+0000] {dagbag.py:540} INFO - Filling up the DagBag from /home/airflow/.local/lib/python3.8/site-packages/airflow/example_dags/example_sensor_decorator.py
[2024-03-10T18:33:55.587+0000] {processor.py:840} INFO - DAG(s) 'example_sensor_decorator' retrieved from /home/airflow/.local/lib/python3.8/site-packages/airflow/example_dags/example_sensor_decorator.py
[2024-03-10T18:33:55.639+0000] {logging_mixin.py:188} INFO - [2024-03-10T18:33:55.638+0000] {dag.py:3047} INFO - Sync 1 DAGs
[2024-03-10T18:33:55.667+0000] {logging_mixin.py:188} INFO - [2024-03-10T18:33:55.666+0000] {dag.py:3834} INFO - Setting next_dagrun for example_sensor_decorator to None, run_after=None
[2024-03-10T18:33:55.718+0000] {processor.py:183} INFO - Processing /home/airflow/.local/lib/python3.8/site-packages/airflow/example_dags/example_sensor_decorator.py took 0.160 seconds
[2024-03-10T18:34:26.914+0000] {processor.py:161} INFO - Started process (PID=877) to work on /home/airflow/.local/lib/python3.8/site-packages/airflow/example_dags/example_sensor_decorator.py
[2024-03-10T18:34:26.918+0000] {processor.py:830} INFO - Processing file /home/airflow/.local/lib/python3.8/site-packages/airflow/example_dags/example_sensor_decorator.py for tasks to queue
[2024-03-10T18:34:26.930+0000] {logging_mixin.py:188} INFO - [2024-03-10T18:34:26.928+0000] {dagbag.py:540} INFO - Filling up the DagBag from /home/airflow/.local/lib/python3.8/site-packages/airflow/example_dags/example_sensor_decorator.py
[2024-03-10T18:34:26.948+0000] {processor.py:840} INFO - DAG(s) 'example_sensor_decorator' retrieved from /home/airflow/.local/lib/python3.8/site-packages/airflow/example_dags/example_sensor_decorator.py
[2024-03-10T18:34:26.995+0000] {logging_mixin.py:188} INFO - [2024-03-10T18:34:26.995+0000] {dag.py:3047} INFO - Sync 1 DAGs
[2024-03-10T18:34:27.158+0000] {logging_mixin.py:188} INFO - [2024-03-10T18:34:27.152+0000] {dag.py:3834} INFO - Setting next_dagrun for example_sensor_decorator to None, run_after=None
[2024-03-10T18:34:27.420+0000] {processor.py:183} INFO - Processing /home/airflow/.local/lib/python3.8/site-packages/airflow/example_dags/example_sensor_decorator.py took 0.526 seconds
[2024-03-10T18:34:59.318+0000] {processor.py:161} INFO - Started process (PID=1124) to work on /home/airflow/.local/lib/python3.8/site-packages/airflow/example_dags/example_sensor_decorator.py
[2024-03-10T18:34:59.331+0000] {processor.py:830} INFO - Processing file /home/airflow/.local/lib/python3.8/site-packages/airflow/example_dags/example_sensor_decorator.py for tasks to queue
[2024-03-10T18:34:59.334+0000] {logging_mixin.py:188} INFO - [2024-03-10T18:34:59.333+0000] {dagbag.py:540} INFO - Filling up the DagBag from /home/airflow/.local/lib/python3.8/site-packages/airflow/example_dags/example_sensor_decorator.py
[2024-03-10T18:34:59.456+0000] {processor.py:840} INFO - DAG(s) 'example_sensor_decorator' retrieved from /home/airflow/.local/lib/python3.8/site-packages/airflow/example_dags/example_sensor_decorator.py
[2024-03-10T18:34:59.502+0000] {logging_mixin.py:188} INFO - [2024-03-10T18:34:59.502+0000] {dag.py:3047} INFO - Sync 1 DAGs
[2024-03-10T18:34:59.522+0000] {logging_mixin.py:188} INFO - [2024-03-10T18:34:59.521+0000] {dag.py:3834} INFO - Setting next_dagrun for example_sensor_decorator to None, run_after=None
[2024-03-10T18:34:59.579+0000] {processor.py:183} INFO - Processing /home/airflow/.local/lib/python3.8/site-packages/airflow/example_dags/example_sensor_decorator.py took 0.275 seconds
[2024-03-10T18:35:33.985+0000] {processor.py:161} INFO - Started process (PID=1371) to work on /home/airflow/.local/lib/python3.8/site-packages/airflow/example_dags/example_sensor_decorator.py
[2024-03-10T18:35:34.008+0000] {processor.py:830} INFO - Processing file /home/airflow/.local/lib/python3.8/site-packages/airflow/example_dags/example_sensor_decorator.py for tasks to queue
[2024-03-10T18:35:34.013+0000] {logging_mixin.py:188} INFO - [2024-03-10T18:35:34.013+0000] {dagbag.py:540} INFO - Filling up the DagBag from /home/airflow/.local/lib/python3.8/site-packages/airflow/example_dags/example_sensor_decorator.py
[2024-03-10T18:35:34.037+0000] {processor.py:840} INFO - DAG(s) 'example_sensor_decorator' retrieved from /home/airflow/.local/lib/python3.8/site-packages/airflow/example_dags/example_sensor_decorator.py
[2024-03-10T18:35:34.092+0000] {logging_mixin.py:188} INFO - [2024-03-10T18:35:34.092+0000] {dag.py:3047} INFO - Sync 1 DAGs
[2024-03-10T18:35:34.115+0000] {logging_mixin.py:188} INFO - [2024-03-10T18:35:34.115+0000] {dag.py:3834} INFO - Setting next_dagrun for example_sensor_decorator to None, run_after=None
[2024-03-10T18:35:34.162+0000] {processor.py:183} INFO - Processing /home/airflow/.local/lib/python3.8/site-packages/airflow/example_dags/example_sensor_decorator.py took 0.198 seconds
[2024-03-10T18:36:09.945+0000] {processor.py:161} INFO - Started process (PID=1628) to work on /home/airflow/.local/lib/python3.8/site-packages/airflow/example_dags/example_sensor_decorator.py
[2024-03-10T18:36:09.951+0000] {processor.py:830} INFO - Processing file /home/airflow/.local/lib/python3.8/site-packages/airflow/example_dags/example_sensor_decorator.py for tasks to queue
[2024-03-10T18:36:09.954+0000] {logging_mixin.py:188} INFO - [2024-03-10T18:36:09.953+0000] {dagbag.py:540} INFO - Filling up the DagBag from /home/airflow/.local/lib/python3.8/site-packages/airflow/example_dags/example_sensor_decorator.py
[2024-03-10T18:36:09.984+0000] {processor.py:840} INFO - DAG(s) 'example_sensor_decorator' retrieved from /home/airflow/.local/lib/python3.8/site-packages/airflow/example_dags/example_sensor_decorator.py
[2024-03-10T18:36:10.110+0000] {logging_mixin.py:188} INFO - [2024-03-10T18:36:10.109+0000] {dag.py:3047} INFO - Sync 1 DAGs
[2024-03-10T18:36:10.154+0000] {logging_mixin.py:188} INFO - [2024-03-10T18:36:10.154+0000] {dag.py:3834} INFO - Setting next_dagrun for example_sensor_decorator to None, run_after=None
[2024-03-10T18:36:10.229+0000] {processor.py:183} INFO - Processing /home/airflow/.local/lib/python3.8/site-packages/airflow/example_dags/example_sensor_decorator.py took 0.298 seconds
[2024-03-10T18:36:40.629+0000] {processor.py:161} INFO - Started process (PID=1877) to work on /home/airflow/.local/lib/python3.8/site-packages/airflow/example_dags/example_sensor_decorator.py
[2024-03-10T18:36:40.634+0000] {processor.py:830} INFO - Processing file /home/airflow/.local/lib/python3.8/site-packages/airflow/example_dags/example_sensor_decorator.py for tasks to queue
[2024-03-10T18:36:40.641+0000] {logging_mixin.py:188} INFO - [2024-03-10T18:36:40.639+0000] {dagbag.py:540} INFO - Filling up the DagBag from /home/airflow/.local/lib/python3.8/site-packages/airflow/example_dags/example_sensor_decorator.py
[2024-03-10T18:36:40.669+0000] {processor.py:840} INFO - DAG(s) 'example_sensor_decorator' retrieved from /home/airflow/.local/lib/python3.8/site-packages/airflow/example_dags/example_sensor_decorator.py
[2024-03-10T18:36:40.727+0000] {logging_mixin.py:188} INFO - [2024-03-10T18:36:40.727+0000] {dag.py:3047} INFO - Sync 1 DAGs
[2024-03-10T18:36:40.789+0000] {logging_mixin.py:188} INFO - [2024-03-10T18:36:40.788+0000] {dag.py:3834} INFO - Setting next_dagrun for example_sensor_decorator to None, run_after=None
[2024-03-10T18:36:40.911+0000] {processor.py:183} INFO - Processing /home/airflow/.local/lib/python3.8/site-packages/airflow/example_dags/example_sensor_decorator.py took 0.290 seconds
[2024-03-10T18:37:11.849+0000] {processor.py:161} INFO - Started process (PID=2124) to work on /home/airflow/.local/lib/python3.8/site-packages/airflow/example_dags/example_sensor_decorator.py
[2024-03-10T18:37:11.855+0000] {processor.py:830} INFO - Processing file /home/airflow/.local/lib/python3.8/site-packages/airflow/example_dags/example_sensor_decorator.py for tasks to queue
[2024-03-10T18:37:11.858+0000] {logging_mixin.py:188} INFO - [2024-03-10T18:37:11.857+0000] {dagbag.py:540} INFO - Filling up the DagBag from /home/airflow/.local/lib/python3.8/site-packages/airflow/example_dags/example_sensor_decorator.py
[2024-03-10T18:37:11.875+0000] {processor.py:840} INFO - DAG(s) 'example_sensor_decorator' retrieved from /home/airflow/.local/lib/python3.8/site-packages/airflow/example_dags/example_sensor_decorator.py
[2024-03-10T18:37:11.905+0000] {logging_mixin.py:188} INFO - [2024-03-10T18:37:11.905+0000] {dag.py:3047} INFO - Sync 1 DAGs
[2024-03-10T18:37:11.917+0000] {logging_mixin.py:188} INFO - [2024-03-10T18:37:11.916+0000] {dag.py:3834} INFO - Setting next_dagrun for example_sensor_decorator to None, run_after=None
[2024-03-10T18:37:11.934+0000] {processor.py:183} INFO - Processing /home/airflow/.local/lib/python3.8/site-packages/airflow/example_dags/example_sensor_decorator.py took 0.097 seconds
[2024-03-10T18:37:44.289+0000] {processor.py:161} INFO - Started process (PID=2370) to work on /home/airflow/.local/lib/python3.8/site-packages/airflow/example_dags/example_sensor_decorator.py
[2024-03-10T18:37:44.301+0000] {processor.py:830} INFO - Processing file /home/airflow/.local/lib/python3.8/site-packages/airflow/example_dags/example_sensor_decorator.py for tasks to queue
[2024-03-10T18:37:44.311+0000] {logging_mixin.py:188} INFO - [2024-03-10T18:37:44.311+0000] {dagbag.py:540} INFO - Filling up the DagBag from /home/airflow/.local/lib/python3.8/site-packages/airflow/example_dags/example_sensor_decorator.py
[2024-03-10T18:37:44.334+0000] {processor.py:840} INFO - DAG(s) 'example_sensor_decorator' retrieved from /home/airflow/.local/lib/python3.8/site-packages/airflow/example_dags/example_sensor_decorator.py
[2024-03-10T18:37:44.513+0000] {logging_mixin.py:188} INFO - [2024-03-10T18:37:44.512+0000] {dag.py:3047} INFO - Sync 1 DAGs
[2024-03-10T18:37:44.789+0000] {logging_mixin.py:188} INFO - [2024-03-10T18:37:44.788+0000] {dag.py:3834} INFO - Setting next_dagrun for example_sensor_decorator to None, run_after=None
[2024-03-10T18:37:44.833+0000] {processor.py:183} INFO - Processing /home/airflow/.local/lib/python3.8/site-packages/airflow/example_dags/example_sensor_decorator.py took 0.550 seconds
[2024-03-10T18:38:16.421+0000] {processor.py:161} INFO - Started process (PID=2616) to work on /home/airflow/.local/lib/python3.8/site-packages/airflow/example_dags/example_sensor_decorator.py
[2024-03-10T18:38:16.424+0000] {processor.py:830} INFO - Processing file /home/airflow/.local/lib/python3.8/site-packages/airflow/example_dags/example_sensor_decorator.py for tasks to queue
[2024-03-10T18:38:16.426+0000] {logging_mixin.py:188} INFO - [2024-03-10T18:38:16.426+0000] {dagbag.py:540} INFO - Filling up the DagBag from /home/airflow/.local/lib/python3.8/site-packages/airflow/example_dags/example_sensor_decorator.py
[2024-03-10T18:38:16.439+0000] {processor.py:840} INFO - DAG(s) 'example_sensor_decorator' retrieved from /home/airflow/.local/lib/python3.8/site-packages/airflow/example_dags/example_sensor_decorator.py
[2024-03-10T18:38:16.506+0000] {logging_mixin.py:188} INFO - [2024-03-10T18:38:16.505+0000] {dag.py:3047} INFO - Sync 1 DAGs
[2024-03-10T18:38:16.531+0000] {logging_mixin.py:188} INFO - [2024-03-10T18:38:16.531+0000] {dag.py:3834} INFO - Setting next_dagrun for example_sensor_decorator to None, run_after=None
[2024-03-10T18:38:16.576+0000] {processor.py:183} INFO - Processing /home/airflow/.local/lib/python3.8/site-packages/airflow/example_dags/example_sensor_decorator.py took 0.163 seconds
[2024-03-10T18:38:50.725+0000] {processor.py:161} INFO - Started process (PID=2863) to work on /home/airflow/.local/lib/python3.8/site-packages/airflow/example_dags/example_sensor_decorator.py
[2024-03-10T18:38:50.756+0000] {processor.py:830} INFO - Processing file /home/airflow/.local/lib/python3.8/site-packages/airflow/example_dags/example_sensor_decorator.py for tasks to queue
[2024-03-10T18:38:50.792+0000] {logging_mixin.py:188} INFO - [2024-03-10T18:38:50.789+0000] {dagbag.py:540} INFO - Filling up the DagBag from /home/airflow/.local/lib/python3.8/site-packages/airflow/example_dags/example_sensor_decorator.py
[2024-03-10T18:38:50.830+0000] {processor.py:840} INFO - DAG(s) 'example_sensor_decorator' retrieved from /home/airflow/.local/lib/python3.8/site-packages/airflow/example_dags/example_sensor_decorator.py
[2024-03-10T18:38:50.964+0000] {logging_mixin.py:188} INFO - [2024-03-10T18:38:50.963+0000] {dag.py:3047} INFO - Sync 1 DAGs
[2024-03-10T18:38:51.098+0000] {logging_mixin.py:188} INFO - [2024-03-10T18:38:51.096+0000] {dag.py:3834} INFO - Setting next_dagrun for example_sensor_decorator to None, run_after=None
[2024-03-10T18:38:51.375+0000] {processor.py:183} INFO - Processing /home/airflow/.local/lib/python3.8/site-packages/airflow/example_dags/example_sensor_decorator.py took 0.677 seconds
[2024-03-10T18:39:25.573+0000] {processor.py:161} INFO - Started process (PID=3127) to work on /home/airflow/.local/lib/python3.8/site-packages/airflow/example_dags/example_sensor_decorator.py
[2024-03-10T18:39:25.579+0000] {processor.py:830} INFO - Processing file /home/airflow/.local/lib/python3.8/site-packages/airflow/example_dags/example_sensor_decorator.py for tasks to queue
[2024-03-10T18:39:25.583+0000] {logging_mixin.py:188} INFO - [2024-03-10T18:39:25.582+0000] {dagbag.py:540} INFO - Filling up the DagBag from /home/airflow/.local/lib/python3.8/site-packages/airflow/example_dags/example_sensor_decorator.py
[2024-03-10T18:39:25.600+0000] {processor.py:840} INFO - DAG(s) 'example_sensor_decorator' retrieved from /home/airflow/.local/lib/python3.8/site-packages/airflow/example_dags/example_sensor_decorator.py
[2024-03-10T18:39:25.681+0000] {logging_mixin.py:188} INFO - [2024-03-10T18:39:25.681+0000] {dag.py:3047} INFO - Sync 1 DAGs
[2024-03-10T18:39:25.777+0000] {logging_mixin.py:188} INFO - [2024-03-10T18:39:25.775+0000] {dag.py:3834} INFO - Setting next_dagrun for example_sensor_decorator to None, run_after=None
[2024-03-10T18:39:25.878+0000] {processor.py:183} INFO - Processing /home/airflow/.local/lib/python3.8/site-packages/airflow/example_dags/example_sensor_decorator.py took 0.313 seconds
[2024-03-10T18:39:57.383+0000] {processor.py:161} INFO - Started process (PID=3375) to work on /home/airflow/.local/lib/python3.8/site-packages/airflow/example_dags/example_sensor_decorator.py
[2024-03-10T18:39:57.387+0000] {processor.py:830} INFO - Processing file /home/airflow/.local/lib/python3.8/site-packages/airflow/example_dags/example_sensor_decorator.py for tasks to queue
[2024-03-10T18:39:57.405+0000] {logging_mixin.py:188} INFO - [2024-03-10T18:39:57.403+0000] {dagbag.py:540} INFO - Filling up the DagBag from /home/airflow/.local/lib/python3.8/site-packages/airflow/example_dags/example_sensor_decorator.py
[2024-03-10T18:39:57.446+0000] {processor.py:840} INFO - DAG(s) 'example_sensor_decorator' retrieved from /home/airflow/.local/lib/python3.8/site-packages/airflow/example_dags/example_sensor_decorator.py
[2024-03-10T18:39:57.544+0000] {logging_mixin.py:188} INFO - [2024-03-10T18:39:57.543+0000] {dag.py:3047} INFO - Sync 1 DAGs
[2024-03-10T18:39:57.576+0000] {logging_mixin.py:188} INFO - [2024-03-10T18:39:57.575+0000] {dag.py:3834} INFO - Setting next_dagrun for example_sensor_decorator to None, run_after=None
[2024-03-10T18:39:57.615+0000] {processor.py:183} INFO - Processing /home/airflow/.local/lib/python3.8/site-packages/airflow/example_dags/example_sensor_decorator.py took 0.244 seconds
[2024-03-10T18:40:30.236+0000] {processor.py:161} INFO - Started process (PID=3629) to work on /home/airflow/.local/lib/python3.8/site-packages/airflow/example_dags/example_sensor_decorator.py
[2024-03-10T18:40:30.256+0000] {processor.py:830} INFO - Processing file /home/airflow/.local/lib/python3.8/site-packages/airflow/example_dags/example_sensor_decorator.py for tasks to queue
[2024-03-10T18:40:30.279+0000] {logging_mixin.py:188} INFO - [2024-03-10T18:40:30.276+0000] {dagbag.py:540} INFO - Filling up the DagBag from /home/airflow/.local/lib/python3.8/site-packages/airflow/example_dags/example_sensor_decorator.py
[2024-03-10T18:40:30.324+0000] {processor.py:840} INFO - DAG(s) 'example_sensor_decorator' retrieved from /home/airflow/.local/lib/python3.8/site-packages/airflow/example_dags/example_sensor_decorator.py
[2024-03-10T18:40:30.645+0000] {logging_mixin.py:188} INFO - [2024-03-10T18:40:30.644+0000] {dag.py:3047} INFO - Sync 1 DAGs
[2024-03-10T18:40:30.723+0000] {logging_mixin.py:188} INFO - [2024-03-10T18:40:30.722+0000] {dag.py:3834} INFO - Setting next_dagrun for example_sensor_decorator to None, run_after=None
[2024-03-10T18:40:30.832+0000] {processor.py:183} INFO - Processing /home/airflow/.local/lib/python3.8/site-packages/airflow/example_dags/example_sensor_decorator.py took 0.609 seconds
[2024-03-10T18:41:01.587+0000] {processor.py:161} INFO - Started process (PID=3884) to work on /home/airflow/.local/lib/python3.8/site-packages/airflow/example_dags/example_sensor_decorator.py
[2024-03-10T18:41:01.846+0000] {processor.py:830} INFO - Processing file /home/airflow/.local/lib/python3.8/site-packages/airflow/example_dags/example_sensor_decorator.py for tasks to queue
[2024-03-10T18:41:01.920+0000] {logging_mixin.py:188} INFO - [2024-03-10T18:41:01.917+0000] {dagbag.py:540} INFO - Filling up the DagBag from /home/airflow/.local/lib/python3.8/site-packages/airflow/example_dags/example_sensor_decorator.py
[2024-03-10T18:41:02.090+0000] {processor.py:840} INFO - DAG(s) 'example_sensor_decorator' retrieved from /home/airflow/.local/lib/python3.8/site-packages/airflow/example_dags/example_sensor_decorator.py
[2024-03-10T18:41:02.230+0000] {logging_mixin.py:188} INFO - [2024-03-10T18:41:02.229+0000] {dag.py:3047} INFO - Sync 1 DAGs
[2024-03-10T18:41:02.315+0000] {logging_mixin.py:188} INFO - [2024-03-10T18:41:02.314+0000] {dag.py:3834} INFO - Setting next_dagrun for example_sensor_decorator to None, run_after=None
[2024-03-10T18:41:02.397+0000] {processor.py:183} INFO - Processing /home/airflow/.local/lib/python3.8/site-packages/airflow/example_dags/example_sensor_decorator.py took 0.925 seconds
[2024-03-10T18:41:33.150+0000] {processor.py:161} INFO - Started process (PID=4134) to work on /home/airflow/.local/lib/python3.8/site-packages/airflow/example_dags/example_sensor_decorator.py
[2024-03-10T18:41:33.152+0000] {processor.py:830} INFO - Processing file /home/airflow/.local/lib/python3.8/site-packages/airflow/example_dags/example_sensor_decorator.py for tasks to queue
[2024-03-10T18:41:33.154+0000] {logging_mixin.py:188} INFO - [2024-03-10T18:41:33.153+0000] {dagbag.py:540} INFO - Filling up the DagBag from /home/airflow/.local/lib/python3.8/site-packages/airflow/example_dags/example_sensor_decorator.py
[2024-03-10T18:41:33.164+0000] {processor.py:840} INFO - DAG(s) 'example_sensor_decorator' retrieved from /home/airflow/.local/lib/python3.8/site-packages/airflow/example_dags/example_sensor_decorator.py
[2024-03-10T18:41:33.269+0000] {logging_mixin.py:188} INFO - [2024-03-10T18:41:33.269+0000] {dag.py:3047} INFO - Sync 1 DAGs
[2024-03-10T18:41:33.279+0000] {logging_mixin.py:188} INFO - [2024-03-10T18:41:33.279+0000] {dag.py:3834} INFO - Setting next_dagrun for example_sensor_decorator to None, run_after=None
[2024-03-10T18:41:33.299+0000] {processor.py:183} INFO - Processing /home/airflow/.local/lib/python3.8/site-packages/airflow/example_dags/example_sensor_decorator.py took 0.153 seconds
[2024-03-10T18:42:03.406+0000] {processor.py:161} INFO - Started process (PID=4381) to work on /home/airflow/.local/lib/python3.8/site-packages/airflow/example_dags/example_sensor_decorator.py
[2024-03-10T18:42:03.412+0000] {processor.py:830} INFO - Processing file /home/airflow/.local/lib/python3.8/site-packages/airflow/example_dags/example_sensor_decorator.py for tasks to queue
[2024-03-10T18:42:03.415+0000] {logging_mixin.py:188} INFO - [2024-03-10T18:42:03.414+0000] {dagbag.py:540} INFO - Filling up the DagBag from /home/airflow/.local/lib/python3.8/site-packages/airflow/example_dags/example_sensor_decorator.py
[2024-03-10T18:42:03.463+0000] {processor.py:840} INFO - DAG(s) 'example_sensor_decorator' retrieved from /home/airflow/.local/lib/python3.8/site-packages/airflow/example_dags/example_sensor_decorator.py
[2024-03-10T18:42:03.539+0000] {logging_mixin.py:188} INFO - [2024-03-10T18:42:03.539+0000] {dag.py:3047} INFO - Sync 1 DAGs
[2024-03-10T18:42:03.590+0000] {logging_mixin.py:188} INFO - [2024-03-10T18:42:03.589+0000] {dag.py:3834} INFO - Setting next_dagrun for example_sensor_decorator to None, run_after=None
[2024-03-10T18:42:03.644+0000] {processor.py:183} INFO - Processing /home/airflow/.local/lib/python3.8/site-packages/airflow/example_dags/example_sensor_decorator.py took 0.255 seconds
[2024-03-10T18:43:02.767+0000] {processor.py:161} INFO - Started process (PID=4636) to work on /home/airflow/.local/lib/python3.8/site-packages/airflow/example_dags/example_sensor_decorator.py
[2024-03-10T18:43:02.773+0000] {processor.py:830} INFO - Processing file /home/airflow/.local/lib/python3.8/site-packages/airflow/example_dags/example_sensor_decorator.py for tasks to queue
[2024-03-10T18:43:02.781+0000] {logging_mixin.py:188} INFO - [2024-03-10T18:43:02.780+0000] {dagbag.py:540} INFO - Filling up the DagBag from /home/airflow/.local/lib/python3.8/site-packages/airflow/example_dags/example_sensor_decorator.py
[2024-03-10T18:43:02.810+0000] {processor.py:840} INFO - DAG(s) 'example_sensor_decorator' retrieved from /home/airflow/.local/lib/python3.8/site-packages/airflow/example_dags/example_sensor_decorator.py
[2024-03-10T18:43:02.972+0000] {logging_mixin.py:188} INFO - [2024-03-10T18:43:02.971+0000] {dag.py:3047} INFO - Sync 1 DAGs
[2024-03-10T18:43:03.098+0000] {logging_mixin.py:188} INFO - [2024-03-10T18:43:03.097+0000] {dag.py:3834} INFO - Setting next_dagrun for example_sensor_decorator to None, run_after=None
[2024-03-10T18:43:03.214+0000] {processor.py:183} INFO - Processing /home/airflow/.local/lib/python3.8/site-packages/airflow/example_dags/example_sensor_decorator.py took 0.461 seconds
[2024-03-10T18:47:36.476+0000] {processor.py:161} INFO - Started process (PID=5011) to work on /home/airflow/.local/lib/python3.8/site-packages/airflow/example_dags/example_sensor_decorator.py
[2024-03-10T18:47:36.640+0000] {processor.py:830} INFO - Processing file /home/airflow/.local/lib/python3.8/site-packages/airflow/example_dags/example_sensor_decorator.py for tasks to queue
[2024-03-10T18:47:36.851+0000] {logging_mixin.py:188} INFO - [2024-03-10T18:47:36.722+0000] {dagbag.py:540} INFO - Filling up the DagBag from /home/airflow/.local/lib/python3.8/site-packages/airflow/example_dags/example_sensor_decorator.py
[2024-03-10T18:47:39.841+0000] {processor.py:840} INFO - DAG(s) 'example_sensor_decorator' retrieved from /home/airflow/.local/lib/python3.8/site-packages/airflow/example_dags/example_sensor_decorator.py
[2024-03-10T18:47:51.949+0000] {logging_mixin.py:188} INFO - [2024-03-10T18:47:50.561+0000] {dag.py:3047} INFO - Sync 1 DAGs
[2024-03-10T18:48:03.626+0000] {logging_mixin.py:188} INFO - [2024-03-10T18:48:03.467+0000] {dag.py:3834} INFO - Setting next_dagrun for example_sensor_decorator to None, run_after=None
[2024-03-10T18:48:10.868+0000] {processor.py:183} INFO - Processing /home/airflow/.local/lib/python3.8/site-packages/airflow/example_dags/example_sensor_decorator.py took 34.464 seconds
