[2024-03-10T18:33:16.234+0000] {processor.py:161} INFO - Started process (PID=388) to work on /home/airflow/.local/lib/python3.8/site-packages/airflow/example_dags/example_latest_only_with_trigger.py
[2024-03-10T18:33:16.237+0000] {processor.py:830} INFO - Processing file /home/airflow/.local/lib/python3.8/site-packages/airflow/example_dags/example_latest_only_with_trigger.py for tasks to queue
[2024-03-10T18:33:16.239+0000] {logging_mixin.py:188} INFO - [2024-03-10T18:33:16.238+0000] {dagbag.py:540} INFO - Filling up the DagBag from /home/airflow/.local/lib/python3.8/site-packages/airflow/example_dags/example_latest_only_with_trigger.py
[2024-03-10T18:33:16.257+0000] {processor.py:840} INFO - DAG(s) 'latest_only_with_trigger' retrieved from /home/airflow/.local/lib/python3.8/site-packages/airflow/example_dags/example_latest_only_with_trigger.py
[2024-03-10T18:33:16.434+0000] {logging_mixin.py:188} INFO - [2024-03-10T18:33:16.433+0000] {override.py:1769} INFO - Created Permission View: can delete on DAG:latest_only_with_trigger
[2024-03-10T18:33:16.449+0000] {logging_mixin.py:188} INFO - [2024-03-10T18:33:16.449+0000] {override.py:1769} INFO - Created Permission View: can edit on DAG:latest_only_with_trigger
[2024-03-10T18:33:16.461+0000] {logging_mixin.py:188} INFO - [2024-03-10T18:33:16.461+0000] {override.py:1769} INFO - Created Permission View: can read on DAG:latest_only_with_trigger
[2024-03-10T18:33:16.465+0000] {logging_mixin.py:188} INFO - [2024-03-10T18:33:16.464+0000] {dag.py:3047} INFO - Sync 1 DAGs
[2024-03-10T18:33:16.477+0000] {logging_mixin.py:188} INFO - [2024-03-10T18:33:16.476+0000] {dag.py:3069} INFO - Creating ORM DAG for latest_only_with_trigger
[2024-03-10T18:33:16.490+0000] {logging_mixin.py:188} INFO - [2024-03-10T18:33:16.489+0000] {dag.py:3834} INFO - Setting next_dagrun for latest_only_with_trigger to 2024-03-10 12:00:00+00:00, run_after=2024-03-10 16:00:00+00:00
[2024-03-10T18:33:16.516+0000] {processor.py:183} INFO - Processing /home/airflow/.local/lib/python3.8/site-packages/airflow/example_dags/example_latest_only_with_trigger.py took 0.287 seconds
[2024-03-10T18:33:55.816+0000] {processor.py:161} INFO - Started process (PID=639) to work on /home/airflow/.local/lib/python3.8/site-packages/airflow/example_dags/example_latest_only_with_trigger.py
[2024-03-10T18:33:55.820+0000] {processor.py:830} INFO - Processing file /home/airflow/.local/lib/python3.8/site-packages/airflow/example_dags/example_latest_only_with_trigger.py for tasks to queue
[2024-03-10T18:33:55.823+0000] {logging_mixin.py:188} INFO - [2024-03-10T18:33:55.822+0000] {dagbag.py:540} INFO - Filling up the DagBag from /home/airflow/.local/lib/python3.8/site-packages/airflow/example_dags/example_latest_only_with_trigger.py
[2024-03-10T18:33:55.842+0000] {processor.py:840} INFO - DAG(s) 'latest_only_with_trigger' retrieved from /home/airflow/.local/lib/python3.8/site-packages/airflow/example_dags/example_latest_only_with_trigger.py
[2024-03-10T18:33:55.930+0000] {logging_mixin.py:188} INFO - [2024-03-10T18:33:55.929+0000] {dag.py:3047} INFO - Sync 1 DAGs
[2024-03-10T18:33:56.016+0000] {logging_mixin.py:188} INFO - [2024-03-10T18:33:56.016+0000] {dag.py:3834} INFO - Setting next_dagrun for latest_only_with_trigger to 2024-03-10 12:00:00+00:00, run_after=2024-03-10 16:00:00+00:00
[2024-03-10T18:33:56.052+0000] {processor.py:183} INFO - Processing /home/airflow/.local/lib/python3.8/site-packages/airflow/example_dags/example_latest_only_with_trigger.py took 0.248 seconds
[2024-03-10T18:34:28.737+0000] {processor.py:161} INFO - Started process (PID=907) to work on /home/airflow/.local/lib/python3.8/site-packages/airflow/example_dags/example_latest_only_with_trigger.py
[2024-03-10T18:34:28.742+0000] {processor.py:830} INFO - Processing file /home/airflow/.local/lib/python3.8/site-packages/airflow/example_dags/example_latest_only_with_trigger.py for tasks to queue
[2024-03-10T18:34:28.746+0000] {logging_mixin.py:188} INFO - [2024-03-10T18:34:28.745+0000] {dagbag.py:540} INFO - Filling up the DagBag from /home/airflow/.local/lib/python3.8/site-packages/airflow/example_dags/example_latest_only_with_trigger.py
[2024-03-10T18:34:28.767+0000] {processor.py:840} INFO - DAG(s) 'latest_only_with_trigger' retrieved from /home/airflow/.local/lib/python3.8/site-packages/airflow/example_dags/example_latest_only_with_trigger.py
[2024-03-10T18:34:28.845+0000] {logging_mixin.py:188} INFO - [2024-03-10T18:34:28.844+0000] {dag.py:3047} INFO - Sync 1 DAGs
[2024-03-10T18:34:28.902+0000] {logging_mixin.py:188} INFO - [2024-03-10T18:34:28.901+0000] {dag.py:3834} INFO - Setting next_dagrun for latest_only_with_trigger to 2024-03-10 12:00:00+00:00, run_after=2024-03-10 16:00:00+00:00
[2024-03-10T18:34:28.942+0000] {processor.py:183} INFO - Processing /home/airflow/.local/lib/python3.8/site-packages/airflow/example_dags/example_latest_only_with_trigger.py took 0.217 seconds
[2024-03-10T18:35:01.380+0000] {processor.py:161} INFO - Started process (PID=1154) to work on /home/airflow/.local/lib/python3.8/site-packages/airflow/example_dags/example_latest_only_with_trigger.py
[2024-03-10T18:35:01.386+0000] {processor.py:830} INFO - Processing file /home/airflow/.local/lib/python3.8/site-packages/airflow/example_dags/example_latest_only_with_trigger.py for tasks to queue
[2024-03-10T18:35:01.397+0000] {logging_mixin.py:188} INFO - [2024-03-10T18:35:01.394+0000] {dagbag.py:540} INFO - Filling up the DagBag from /home/airflow/.local/lib/python3.8/site-packages/airflow/example_dags/example_latest_only_with_trigger.py
[2024-03-10T18:35:01.436+0000] {processor.py:840} INFO - DAG(s) 'latest_only_with_trigger' retrieved from /home/airflow/.local/lib/python3.8/site-packages/airflow/example_dags/example_latest_only_with_trigger.py
[2024-03-10T18:35:01.486+0000] {logging_mixin.py:188} INFO - [2024-03-10T18:35:01.486+0000] {dag.py:3047} INFO - Sync 1 DAGs
[2024-03-10T18:35:01.596+0000] {logging_mixin.py:188} INFO - [2024-03-10T18:35:01.583+0000] {dag.py:3834} INFO - Setting next_dagrun for latest_only_with_trigger to 2024-03-10 12:00:00+00:00, run_after=2024-03-10 16:00:00+00:00
[2024-03-10T18:35:01.892+0000] {processor.py:183} INFO - Processing /home/airflow/.local/lib/python3.8/site-packages/airflow/example_dags/example_latest_only_with_trigger.py took 0.516 seconds
[2024-03-10T18:35:35.248+0000] {processor.py:161} INFO - Started process (PID=1401) to work on /home/airflow/.local/lib/python3.8/site-packages/airflow/example_dags/example_latest_only_with_trigger.py
[2024-03-10T18:35:35.269+0000] {processor.py:830} INFO - Processing file /home/airflow/.local/lib/python3.8/site-packages/airflow/example_dags/example_latest_only_with_trigger.py for tasks to queue
[2024-03-10T18:35:35.277+0000] {logging_mixin.py:188} INFO - [2024-03-10T18:35:35.275+0000] {dagbag.py:540} INFO - Filling up the DagBag from /home/airflow/.local/lib/python3.8/site-packages/airflow/example_dags/example_latest_only_with_trigger.py
[2024-03-10T18:35:35.412+0000] {processor.py:840} INFO - DAG(s) 'latest_only_with_trigger' retrieved from /home/airflow/.local/lib/python3.8/site-packages/airflow/example_dags/example_latest_only_with_trigger.py
[2024-03-10T18:35:35.778+0000] {logging_mixin.py:188} INFO - [2024-03-10T18:35:35.777+0000] {dag.py:3047} INFO - Sync 1 DAGs
[2024-03-10T18:35:36.314+0000] {logging_mixin.py:188} INFO - [2024-03-10T18:35:36.311+0000] {dag.py:3834} INFO - Setting next_dagrun for latest_only_with_trigger to 2024-03-10 12:00:00+00:00, run_after=2024-03-10 16:00:00+00:00
[2024-03-10T18:35:36.550+0000] {processor.py:183} INFO - Processing /home/airflow/.local/lib/python3.8/site-packages/airflow/example_dags/example_latest_only_with_trigger.py took 1.309 seconds
[2024-03-10T18:36:14.687+0000] {processor.py:161} INFO - Started process (PID=1658) to work on /home/airflow/.local/lib/python3.8/site-packages/airflow/example_dags/example_latest_only_with_trigger.py
[2024-03-10T18:36:14.693+0000] {processor.py:830} INFO - Processing file /home/airflow/.local/lib/python3.8/site-packages/airflow/example_dags/example_latest_only_with_trigger.py for tasks to queue
[2024-03-10T18:36:14.710+0000] {logging_mixin.py:188} INFO - [2024-03-10T18:36:14.708+0000] {dagbag.py:540} INFO - Filling up the DagBag from /home/airflow/.local/lib/python3.8/site-packages/airflow/example_dags/example_latest_only_with_trigger.py
[2024-03-10T18:36:14.735+0000] {processor.py:840} INFO - DAG(s) 'latest_only_with_trigger' retrieved from /home/airflow/.local/lib/python3.8/site-packages/airflow/example_dags/example_latest_only_with_trigger.py
[2024-03-10T18:36:14.825+0000] {logging_mixin.py:188} INFO - [2024-03-10T18:36:14.824+0000] {dag.py:3047} INFO - Sync 1 DAGs
[2024-03-10T18:36:14.878+0000] {logging_mixin.py:188} INFO - [2024-03-10T18:36:14.878+0000] {dag.py:3834} INFO - Setting next_dagrun for latest_only_with_trigger to 2024-03-10 12:00:00+00:00, run_after=2024-03-10 16:00:00+00:00
[2024-03-10T18:36:14.904+0000] {processor.py:183} INFO - Processing /home/airflow/.local/lib/python3.8/site-packages/airflow/example_dags/example_latest_only_with_trigger.py took 0.224 seconds
[2024-03-10T18:36:46.099+0000] {processor.py:161} INFO - Started process (PID=1907) to work on /home/airflow/.local/lib/python3.8/site-packages/airflow/example_dags/example_latest_only_with_trigger.py
[2024-03-10T18:36:46.110+0000] {processor.py:830} INFO - Processing file /home/airflow/.local/lib/python3.8/site-packages/airflow/example_dags/example_latest_only_with_trigger.py for tasks to queue
[2024-03-10T18:36:46.130+0000] {logging_mixin.py:188} INFO - [2024-03-10T18:36:46.125+0000] {dagbag.py:540} INFO - Filling up the DagBag from /home/airflow/.local/lib/python3.8/site-packages/airflow/example_dags/example_latest_only_with_trigger.py
[2024-03-10T18:36:46.166+0000] {processor.py:840} INFO - DAG(s) 'latest_only_with_trigger' retrieved from /home/airflow/.local/lib/python3.8/site-packages/airflow/example_dags/example_latest_only_with_trigger.py
[2024-03-10T18:36:46.278+0000] {logging_mixin.py:188} INFO - [2024-03-10T18:36:46.277+0000] {dag.py:3047} INFO - Sync 1 DAGs
[2024-03-10T18:36:46.339+0000] {logging_mixin.py:188} INFO - [2024-03-10T18:36:46.339+0000] {dag.py:3834} INFO - Setting next_dagrun for latest_only_with_trigger to 2024-03-10 12:00:00+00:00, run_after=2024-03-10 16:00:00+00:00
[2024-03-10T18:36:46.407+0000] {processor.py:183} INFO - Processing /home/airflow/.local/lib/python3.8/site-packages/airflow/example_dags/example_latest_only_with_trigger.py took 0.321 seconds
[2024-03-10T18:37:17.467+0000] {processor.py:161} INFO - Started process (PID=2154) to work on /home/airflow/.local/lib/python3.8/site-packages/airflow/example_dags/example_latest_only_with_trigger.py
[2024-03-10T18:37:17.472+0000] {processor.py:830} INFO - Processing file /home/airflow/.local/lib/python3.8/site-packages/airflow/example_dags/example_latest_only_with_trigger.py for tasks to queue
[2024-03-10T18:37:17.473+0000] {logging_mixin.py:188} INFO - [2024-03-10T18:37:17.473+0000] {dagbag.py:540} INFO - Filling up the DagBag from /home/airflow/.local/lib/python3.8/site-packages/airflow/example_dags/example_latest_only_with_trigger.py
[2024-03-10T18:37:17.494+0000] {processor.py:840} INFO - DAG(s) 'latest_only_with_trigger' retrieved from /home/airflow/.local/lib/python3.8/site-packages/airflow/example_dags/example_latest_only_with_trigger.py
[2024-03-10T18:37:17.521+0000] {logging_mixin.py:188} INFO - [2024-03-10T18:37:17.520+0000] {dag.py:3047} INFO - Sync 1 DAGs
[2024-03-10T18:37:17.543+0000] {logging_mixin.py:188} INFO - [2024-03-10T18:37:17.543+0000] {dag.py:3834} INFO - Setting next_dagrun for latest_only_with_trigger to 2024-03-10 12:00:00+00:00, run_after=2024-03-10 16:00:00+00:00
[2024-03-10T18:37:17.570+0000] {processor.py:183} INFO - Processing /home/airflow/.local/lib/python3.8/site-packages/airflow/example_dags/example_latest_only_with_trigger.py took 0.110 seconds
[2024-03-10T18:37:47.734+0000] {processor.py:161} INFO - Started process (PID=2400) to work on /home/airflow/.local/lib/python3.8/site-packages/airflow/example_dags/example_latest_only_with_trigger.py
[2024-03-10T18:37:47.740+0000] {processor.py:830} INFO - Processing file /home/airflow/.local/lib/python3.8/site-packages/airflow/example_dags/example_latest_only_with_trigger.py for tasks to queue
[2024-03-10T18:37:47.761+0000] {logging_mixin.py:188} INFO - [2024-03-10T18:37:47.759+0000] {dagbag.py:540} INFO - Filling up the DagBag from /home/airflow/.local/lib/python3.8/site-packages/airflow/example_dags/example_latest_only_with_trigger.py
[2024-03-10T18:37:47.807+0000] {processor.py:840} INFO - DAG(s) 'latest_only_with_trigger' retrieved from /home/airflow/.local/lib/python3.8/site-packages/airflow/example_dags/example_latest_only_with_trigger.py
[2024-03-10T18:37:47.894+0000] {logging_mixin.py:188} INFO - [2024-03-10T18:37:47.893+0000] {dag.py:3047} INFO - Sync 1 DAGs
[2024-03-10T18:37:47.990+0000] {logging_mixin.py:188} INFO - [2024-03-10T18:37:47.989+0000] {dag.py:3834} INFO - Setting next_dagrun for latest_only_with_trigger to 2024-03-10 12:00:00+00:00, run_after=2024-03-10 16:00:00+00:00
[2024-03-10T18:37:48.053+0000] {processor.py:183} INFO - Processing /home/airflow/.local/lib/python3.8/site-packages/airflow/example_dags/example_latest_only_with_trigger.py took 0.327 seconds
[2024-03-10T18:38:22.268+0000] {processor.py:161} INFO - Started process (PID=2647) to work on /home/airflow/.local/lib/python3.8/site-packages/airflow/example_dags/example_latest_only_with_trigger.py
[2024-03-10T18:38:22.274+0000] {processor.py:830} INFO - Processing file /home/airflow/.local/lib/python3.8/site-packages/airflow/example_dags/example_latest_only_with_trigger.py for tasks to queue
[2024-03-10T18:38:22.279+0000] {logging_mixin.py:188} INFO - [2024-03-10T18:38:22.278+0000] {dagbag.py:540} INFO - Filling up the DagBag from /home/airflow/.local/lib/python3.8/site-packages/airflow/example_dags/example_latest_only_with_trigger.py
[2024-03-10T18:38:22.297+0000] {processor.py:840} INFO - DAG(s) 'latest_only_with_trigger' retrieved from /home/airflow/.local/lib/python3.8/site-packages/airflow/example_dags/example_latest_only_with_trigger.py
[2024-03-10T18:38:22.403+0000] {logging_mixin.py:188} INFO - [2024-03-10T18:38:22.403+0000] {dag.py:3047} INFO - Sync 1 DAGs
[2024-03-10T18:38:22.459+0000] {logging_mixin.py:188} INFO - [2024-03-10T18:38:22.458+0000] {dag.py:3834} INFO - Setting next_dagrun for latest_only_with_trigger to 2024-03-10 12:00:00+00:00, run_after=2024-03-10 16:00:00+00:00
[2024-03-10T18:38:22.525+0000] {processor.py:183} INFO - Processing /home/airflow/.local/lib/python3.8/site-packages/airflow/example_dags/example_latest_only_with_trigger.py took 0.272 seconds
[2024-03-10T18:38:54.227+0000] {processor.py:161} INFO - Started process (PID=2890) to work on /home/airflow/.local/lib/python3.8/site-packages/airflow/example_dags/example_latest_only_with_trigger.py
[2024-03-10T18:38:54.246+0000] {processor.py:830} INFO - Processing file /home/airflow/.local/lib/python3.8/site-packages/airflow/example_dags/example_latest_only_with_trigger.py for tasks to queue
[2024-03-10T18:38:54.260+0000] {logging_mixin.py:188} INFO - [2024-03-10T18:38:54.258+0000] {dagbag.py:540} INFO - Filling up the DagBag from /home/airflow/.local/lib/python3.8/site-packages/airflow/example_dags/example_latest_only_with_trigger.py
[2024-03-10T18:38:54.308+0000] {processor.py:840} INFO - DAG(s) 'latest_only_with_trigger' retrieved from /home/airflow/.local/lib/python3.8/site-packages/airflow/example_dags/example_latest_only_with_trigger.py
[2024-03-10T18:38:54.406+0000] {logging_mixin.py:188} INFO - [2024-03-10T18:38:54.405+0000] {dag.py:3047} INFO - Sync 1 DAGs
[2024-03-10T18:38:54.511+0000] {logging_mixin.py:188} INFO - [2024-03-10T18:38:54.510+0000] {dag.py:3834} INFO - Setting next_dagrun for latest_only_with_trigger to 2024-03-10 12:00:00+00:00, run_after=2024-03-10 16:00:00+00:00
[2024-03-10T18:38:54.588+0000] {processor.py:183} INFO - Processing /home/airflow/.local/lib/python3.8/site-packages/airflow/example_dags/example_latest_only_with_trigger.py took 0.374 seconds
[2024-03-10T18:39:26.346+0000] {processor.py:161} INFO - Started process (PID=3142) to work on /home/airflow/.local/lib/python3.8/site-packages/airflow/example_dags/example_latest_only_with_trigger.py
[2024-03-10T18:39:26.351+0000] {processor.py:830} INFO - Processing file /home/airflow/.local/lib/python3.8/site-packages/airflow/example_dags/example_latest_only_with_trigger.py for tasks to queue
[2024-03-10T18:39:26.356+0000] {logging_mixin.py:188} INFO - [2024-03-10T18:39:26.355+0000] {dagbag.py:540} INFO - Filling up the DagBag from /home/airflow/.local/lib/python3.8/site-packages/airflow/example_dags/example_latest_only_with_trigger.py
[2024-03-10T18:39:26.402+0000] {processor.py:840} INFO - DAG(s) 'latest_only_with_trigger' retrieved from /home/airflow/.local/lib/python3.8/site-packages/airflow/example_dags/example_latest_only_with_trigger.py
[2024-03-10T18:39:26.577+0000] {logging_mixin.py:188} INFO - [2024-03-10T18:39:26.576+0000] {dag.py:3047} INFO - Sync 1 DAGs
[2024-03-10T18:39:26.655+0000] {logging_mixin.py:188} INFO - [2024-03-10T18:39:26.655+0000] {dag.py:3834} INFO - Setting next_dagrun for latest_only_with_trigger to 2024-03-10 12:00:00+00:00, run_after=2024-03-10 16:00:00+00:00
[2024-03-10T18:39:26.707+0000] {processor.py:183} INFO - Processing /home/airflow/.local/lib/python3.8/site-packages/airflow/example_dags/example_latest_only_with_trigger.py took 0.387 seconds
[2024-03-10T18:39:57.926+0000] {processor.py:161} INFO - Started process (PID=3390) to work on /home/airflow/.local/lib/python3.8/site-packages/airflow/example_dags/example_latest_only_with_trigger.py
[2024-03-10T18:39:57.930+0000] {processor.py:830} INFO - Processing file /home/airflow/.local/lib/python3.8/site-packages/airflow/example_dags/example_latest_only_with_trigger.py for tasks to queue
[2024-03-10T18:39:57.933+0000] {logging_mixin.py:188} INFO - [2024-03-10T18:39:57.932+0000] {dagbag.py:540} INFO - Filling up the DagBag from /home/airflow/.local/lib/python3.8/site-packages/airflow/example_dags/example_latest_only_with_trigger.py
[2024-03-10T18:39:57.946+0000] {processor.py:840} INFO - DAG(s) 'latest_only_with_trigger' retrieved from /home/airflow/.local/lib/python3.8/site-packages/airflow/example_dags/example_latest_only_with_trigger.py
[2024-03-10T18:39:57.989+0000] {logging_mixin.py:188} INFO - [2024-03-10T18:39:57.989+0000] {dag.py:3047} INFO - Sync 1 DAGs
[2024-03-10T18:39:58.025+0000] {logging_mixin.py:188} INFO - [2024-03-10T18:39:58.025+0000] {dag.py:3834} INFO - Setting next_dagrun for latest_only_with_trigger to 2024-03-10 12:00:00+00:00, run_after=2024-03-10 16:00:00+00:00
[2024-03-10T18:39:58.051+0000] {processor.py:183} INFO - Processing /home/airflow/.local/lib/python3.8/site-packages/airflow/example_dags/example_latest_only_with_trigger.py took 0.132 seconds
[2024-03-10T18:40:31.123+0000] {processor.py:161} INFO - Started process (PID=3639) to work on /home/airflow/.local/lib/python3.8/site-packages/airflow/example_dags/example_latest_only_with_trigger.py
[2024-03-10T18:40:31.140+0000] {processor.py:830} INFO - Processing file /home/airflow/.local/lib/python3.8/site-packages/airflow/example_dags/example_latest_only_with_trigger.py for tasks to queue
[2024-03-10T18:40:31.167+0000] {logging_mixin.py:188} INFO - [2024-03-10T18:40:31.150+0000] {dagbag.py:540} INFO - Filling up the DagBag from /home/airflow/.local/lib/python3.8/site-packages/airflow/example_dags/example_latest_only_with_trigger.py
[2024-03-10T18:40:31.240+0000] {processor.py:840} INFO - DAG(s) 'latest_only_with_trigger' retrieved from /home/airflow/.local/lib/python3.8/site-packages/airflow/example_dags/example_latest_only_with_trigger.py
[2024-03-10T18:40:31.426+0000] {logging_mixin.py:188} INFO - [2024-03-10T18:40:31.425+0000] {dag.py:3047} INFO - Sync 1 DAGs
[2024-03-10T18:40:31.595+0000] {logging_mixin.py:188} INFO - [2024-03-10T18:40:31.594+0000] {dag.py:3834} INFO - Setting next_dagrun for latest_only_with_trigger to 2024-03-10 12:00:00+00:00, run_after=2024-03-10 16:00:00+00:00
[2024-03-10T18:40:31.721+0000] {processor.py:183} INFO - Processing /home/airflow/.local/lib/python3.8/site-packages/airflow/example_dags/example_latest_only_with_trigger.py took 0.622 seconds
[2024-03-10T18:41:02.684+0000] {processor.py:161} INFO - Started process (PID=3893) to work on /home/airflow/.local/lib/python3.8/site-packages/airflow/example_dags/example_latest_only_with_trigger.py
[2024-03-10T18:41:02.694+0000] {processor.py:830} INFO - Processing file /home/airflow/.local/lib/python3.8/site-packages/airflow/example_dags/example_latest_only_with_trigger.py for tasks to queue
[2024-03-10T18:41:02.699+0000] {logging_mixin.py:188} INFO - [2024-03-10T18:41:02.697+0000] {dagbag.py:540} INFO - Filling up the DagBag from /home/airflow/.local/lib/python3.8/site-packages/airflow/example_dags/example_latest_only_with_trigger.py
[2024-03-10T18:41:02.767+0000] {processor.py:840} INFO - DAG(s) 'latest_only_with_trigger' retrieved from /home/airflow/.local/lib/python3.8/site-packages/airflow/example_dags/example_latest_only_with_trigger.py
[2024-03-10T18:41:02.851+0000] {logging_mixin.py:188} INFO - [2024-03-10T18:41:02.850+0000] {dag.py:3047} INFO - Sync 1 DAGs
[2024-03-10T18:41:02.909+0000] {logging_mixin.py:188} INFO - [2024-03-10T18:41:02.909+0000] {dag.py:3834} INFO - Setting next_dagrun for latest_only_with_trigger to 2024-03-10 12:00:00+00:00, run_after=2024-03-10 16:00:00+00:00
[2024-03-10T18:41:02.967+0000] {processor.py:183} INFO - Processing /home/airflow/.local/lib/python3.8/site-packages/airflow/example_dags/example_latest_only_with_trigger.py took 0.306 seconds
[2024-03-10T18:41:33.342+0000] {processor.py:161} INFO - Started process (PID=4144) to work on /home/airflow/.local/lib/python3.8/site-packages/airflow/example_dags/example_latest_only_with_trigger.py
[2024-03-10T18:41:33.345+0000] {processor.py:830} INFO - Processing file /home/airflow/.local/lib/python3.8/site-packages/airflow/example_dags/example_latest_only_with_trigger.py for tasks to queue
[2024-03-10T18:41:33.347+0000] {logging_mixin.py:188} INFO - [2024-03-10T18:41:33.346+0000] {dagbag.py:540} INFO - Filling up the DagBag from /home/airflow/.local/lib/python3.8/site-packages/airflow/example_dags/example_latest_only_with_trigger.py
[2024-03-10T18:41:33.359+0000] {processor.py:840} INFO - DAG(s) 'latest_only_with_trigger' retrieved from /home/airflow/.local/lib/python3.8/site-packages/airflow/example_dags/example_latest_only_with_trigger.py
[2024-03-10T18:41:33.499+0000] {logging_mixin.py:188} INFO - [2024-03-10T18:41:33.499+0000] {dag.py:3047} INFO - Sync 1 DAGs
[2024-03-10T18:41:33.529+0000] {logging_mixin.py:188} INFO - [2024-03-10T18:41:33.529+0000] {dag.py:3834} INFO - Setting next_dagrun for latest_only_with_trigger to 2024-03-10 12:00:00+00:00, run_after=2024-03-10 16:00:00+00:00
[2024-03-10T18:41:33.557+0000] {processor.py:183} INFO - Processing /home/airflow/.local/lib/python3.8/site-packages/airflow/example_dags/example_latest_only_with_trigger.py took 0.220 seconds
[2024-03-10T18:42:03.764+0000] {processor.py:161} INFO - Started process (PID=4391) to work on /home/airflow/.local/lib/python3.8/site-packages/airflow/example_dags/example_latest_only_with_trigger.py
[2024-03-10T18:42:03.770+0000] {processor.py:830} INFO - Processing file /home/airflow/.local/lib/python3.8/site-packages/airflow/example_dags/example_latest_only_with_trigger.py for tasks to queue
[2024-03-10T18:42:03.776+0000] {logging_mixin.py:188} INFO - [2024-03-10T18:42:03.775+0000] {dagbag.py:540} INFO - Filling up the DagBag from /home/airflow/.local/lib/python3.8/site-packages/airflow/example_dags/example_latest_only_with_trigger.py
[2024-03-10T18:42:03.812+0000] {processor.py:840} INFO - DAG(s) 'latest_only_with_trigger' retrieved from /home/airflow/.local/lib/python3.8/site-packages/airflow/example_dags/example_latest_only_with_trigger.py
[2024-03-10T18:42:03.894+0000] {logging_mixin.py:188} INFO - [2024-03-10T18:42:03.893+0000] {dag.py:3047} INFO - Sync 1 DAGs
[2024-03-10T18:42:03.932+0000] {logging_mixin.py:188} INFO - [2024-03-10T18:42:03.932+0000] {dag.py:3834} INFO - Setting next_dagrun for latest_only_with_trigger to 2024-03-10 12:00:00+00:00, run_after=2024-03-10 16:00:00+00:00
[2024-03-10T18:42:03.973+0000] {processor.py:183} INFO - Processing /home/airflow/.local/lib/python3.8/site-packages/airflow/example_dags/example_latest_only_with_trigger.py took 0.229 seconds
[2024-03-10T18:43:03.598+0000] {processor.py:161} INFO - Started process (PID=4646) to work on /home/airflow/.local/lib/python3.8/site-packages/airflow/example_dags/example_latest_only_with_trigger.py
[2024-03-10T18:43:03.632+0000] {processor.py:830} INFO - Processing file /home/airflow/.local/lib/python3.8/site-packages/airflow/example_dags/example_latest_only_with_trigger.py for tasks to queue
[2024-03-10T18:43:03.641+0000] {logging_mixin.py:188} INFO - [2024-03-10T18:43:03.638+0000] {dagbag.py:540} INFO - Filling up the DagBag from /home/airflow/.local/lib/python3.8/site-packages/airflow/example_dags/example_latest_only_with_trigger.py
[2024-03-10T18:43:03.720+0000] {processor.py:840} INFO - DAG(s) 'latest_only_with_trigger' retrieved from /home/airflow/.local/lib/python3.8/site-packages/airflow/example_dags/example_latest_only_with_trigger.py
[2024-03-10T18:43:03.924+0000] {logging_mixin.py:188} INFO - [2024-03-10T18:43:03.923+0000] {dag.py:3047} INFO - Sync 1 DAGs
[2024-03-10T18:43:04.542+0000] {logging_mixin.py:188} INFO - [2024-03-10T18:43:04.537+0000] {dag.py:3834} INFO - Setting next_dagrun for latest_only_with_trigger to 2024-03-10 12:00:00+00:00, run_after=2024-03-10 16:00:00+00:00
[2024-03-10T18:43:05.677+0000] {processor.py:183} INFO - Processing /home/airflow/.local/lib/python3.8/site-packages/airflow/example_dags/example_latest_only_with_trigger.py took 2.106 seconds
[2024-03-10T18:48:23.822+0000] {processor.py:161} INFO - Started process (PID=5029) to work on /home/airflow/.local/lib/python3.8/site-packages/airflow/example_dags/example_latest_only_with_trigger.py
[2024-03-10T18:48:23.956+0000] {processor.py:830} INFO - Processing file /home/airflow/.local/lib/python3.8/site-packages/airflow/example_dags/example_latest_only_with_trigger.py for tasks to queue
[2024-03-10T18:48:24.138+0000] {logging_mixin.py:188} INFO - [2024-03-10T18:48:24.071+0000] {dagbag.py:540} INFO - Filling up the DagBag from /home/airflow/.local/lib/python3.8/site-packages/airflow/example_dags/example_latest_only_with_trigger.py
[2024-03-10T18:48:32.608+0000] {processor.py:840} INFO - DAG(s) 'latest_only_with_trigger' retrieved from /home/airflow/.local/lib/python3.8/site-packages/airflow/example_dags/example_latest_only_with_trigger.py
[2024-03-10T18:48:55.911+0000] {logging_mixin.py:188} INFO - [2024-03-10T18:48:55.877+0000] {dag.py:3047} INFO - Sync 1 DAGs
[2024-03-10T18:49:01.529+0000] {logging_mixin.py:188} INFO - [2024-03-10T18:49:01.487+0000] {dag.py:3834} INFO - Setting next_dagrun for latest_only_with_trigger to 2024-03-10 12:00:00+00:00, run_after=2024-03-10 16:00:00+00:00
[2024-03-10T18:49:03.680+0000] {processor.py:183} INFO - Processing /home/airflow/.local/lib/python3.8/site-packages/airflow/example_dags/example_latest_only_with_trigger.py took 40.033 seconds
