[2024-03-10T18:33:12.800+0000] {processor.py:161} INFO - Started process (PID=341) to work on /home/airflow/.local/lib/python3.8/site-packages/airflow/example_dags/example_short_circuit_operator.py
[2024-03-10T18:33:12.833+0000] {processor.py:830} INFO - Processing file /home/airflow/.local/lib/python3.8/site-packages/airflow/example_dags/example_short_circuit_operator.py for tasks to queue
[2024-03-10T18:33:12.860+0000] {logging_mixin.py:188} INFO - [2024-03-10T18:33:12.849+0000] {dagbag.py:540} INFO - Filling up the DagBag from /home/airflow/.local/lib/python3.8/site-packages/airflow/example_dags/example_short_circuit_operator.py
[2024-03-10T18:33:12.901+0000] {processor.py:840} INFO - DAG(s) 'example_short_circuit_operator' retrieved from /home/airflow/.local/lib/python3.8/site-packages/airflow/example_dags/example_short_circuit_operator.py
[2024-03-10T18:33:13.252+0000] {logging_mixin.py:188} INFO - [2024-03-10T18:33:13.238+0000] {override.py:1769} INFO - Created Permission View: can delete on DAG:example_short_circuit_operator
[2024-03-10T18:33:13.327+0000] {logging_mixin.py:188} INFO - [2024-03-10T18:33:13.327+0000] {override.py:1769} INFO - Created Permission View: can edit on DAG:example_short_circuit_operator
[2024-03-10T18:33:13.373+0000] {logging_mixin.py:188} INFO - [2024-03-10T18:33:13.372+0000] {override.py:1769} INFO - Created Permission View: can read on DAG:example_short_circuit_operator
[2024-03-10T18:33:13.393+0000] {logging_mixin.py:188} INFO - [2024-03-10T18:33:13.392+0000] {dag.py:3047} INFO - Sync 1 DAGs
[2024-03-10T18:33:13.434+0000] {logging_mixin.py:188} INFO - [2024-03-10T18:33:13.433+0000] {dag.py:3069} INFO - Creating ORM DAG for example_short_circuit_operator
[2024-03-10T18:33:13.450+0000] {logging_mixin.py:188} INFO - [2024-03-10T18:33:13.450+0000] {dag.py:3834} INFO - Setting next_dagrun for example_short_circuit_operator to 2024-03-09 00:00:00+00:00, run_after=2024-03-10 00:00:00+00:00
[2024-03-10T18:33:13.497+0000] {processor.py:183} INFO - Processing /home/airflow/.local/lib/python3.8/site-packages/airflow/example_dags/example_short_circuit_operator.py took 0.731 seconds
[2024-03-10T18:33:49.021+0000] {processor.py:161} INFO - Started process (PID=588) to work on /home/airflow/.local/lib/python3.8/site-packages/airflow/example_dags/example_short_circuit_operator.py
[2024-03-10T18:33:49.458+0000] {processor.py:830} INFO - Processing file /home/airflow/.local/lib/python3.8/site-packages/airflow/example_dags/example_short_circuit_operator.py for tasks to queue
[2024-03-10T18:33:49.479+0000] {logging_mixin.py:188} INFO - [2024-03-10T18:33:49.477+0000] {dagbag.py:540} INFO - Filling up the DagBag from /home/airflow/.local/lib/python3.8/site-packages/airflow/example_dags/example_short_circuit_operator.py
[2024-03-10T18:33:49.546+0000] {processor.py:840} INFO - DAG(s) 'example_short_circuit_operator' retrieved from /home/airflow/.local/lib/python3.8/site-packages/airflow/example_dags/example_short_circuit_operator.py
[2024-03-10T18:33:49.892+0000] {logging_mixin.py:188} INFO - [2024-03-10T18:33:49.891+0000] {dag.py:3047} INFO - Sync 1 DAGs
[2024-03-10T18:33:50.090+0000] {logging_mixin.py:188} INFO - [2024-03-10T18:33:50.089+0000] {dag.py:3834} INFO - Setting next_dagrun for example_short_circuit_operator to 2024-03-09 00:00:00+00:00, run_after=2024-03-10 00:00:00+00:00
[2024-03-10T18:33:50.578+0000] {processor.py:183} INFO - Processing /home/airflow/.local/lib/python3.8/site-packages/airflow/example_dags/example_short_circuit_operator.py took 1.553 seconds
[2024-03-10T18:34:24.676+0000] {processor.py:161} INFO - Started process (PID=833) to work on /home/airflow/.local/lib/python3.8/site-packages/airflow/example_dags/example_short_circuit_operator.py
[2024-03-10T18:34:24.712+0000] {processor.py:830} INFO - Processing file /home/airflow/.local/lib/python3.8/site-packages/airflow/example_dags/example_short_circuit_operator.py for tasks to queue
[2024-03-10T18:34:24.762+0000] {logging_mixin.py:188} INFO - [2024-03-10T18:34:24.760+0000] {dagbag.py:540} INFO - Filling up the DagBag from /home/airflow/.local/lib/python3.8/site-packages/airflow/example_dags/example_short_circuit_operator.py
[2024-03-10T18:34:24.925+0000] {processor.py:840} INFO - DAG(s) 'example_short_circuit_operator' retrieved from /home/airflow/.local/lib/python3.8/site-packages/airflow/example_dags/example_short_circuit_operator.py
[2024-03-10T18:34:25.139+0000] {logging_mixin.py:188} INFO - [2024-03-10T18:34:25.138+0000] {dag.py:3047} INFO - Sync 1 DAGs
[2024-03-10T18:34:25.281+0000] {logging_mixin.py:188} INFO - [2024-03-10T18:34:25.280+0000] {dag.py:3834} INFO - Setting next_dagrun for example_short_circuit_operator to 2024-03-09 00:00:00+00:00, run_after=2024-03-10 00:00:00+00:00
[2024-03-10T18:34:25.516+0000] {processor.py:183} INFO - Processing /home/airflow/.local/lib/python3.8/site-packages/airflow/example_dags/example_short_circuit_operator.py took 0.896 seconds
[2024-03-10T18:34:56.765+0000] {processor.py:161} INFO - Started process (PID=1082) to work on /home/airflow/.local/lib/python3.8/site-packages/airflow/example_dags/example_short_circuit_operator.py
[2024-03-10T18:34:56.815+0000] {processor.py:830} INFO - Processing file /home/airflow/.local/lib/python3.8/site-packages/airflow/example_dags/example_short_circuit_operator.py for tasks to queue
[2024-03-10T18:34:56.833+0000] {logging_mixin.py:188} INFO - [2024-03-10T18:34:56.827+0000] {dagbag.py:540} INFO - Filling up the DagBag from /home/airflow/.local/lib/python3.8/site-packages/airflow/example_dags/example_short_circuit_operator.py
[2024-03-10T18:34:57.048+0000] {processor.py:840} INFO - DAG(s) 'example_short_circuit_operator' retrieved from /home/airflow/.local/lib/python3.8/site-packages/airflow/example_dags/example_short_circuit_operator.py
[2024-03-10T18:34:57.611+0000] {logging_mixin.py:188} INFO - [2024-03-10T18:34:57.607+0000] {dag.py:3047} INFO - Sync 1 DAGs
[2024-03-10T18:34:57.708+0000] {logging_mixin.py:188} INFO - [2024-03-10T18:34:57.708+0000] {dag.py:3834} INFO - Setting next_dagrun for example_short_circuit_operator to 2024-03-09 00:00:00+00:00, run_after=2024-03-10 00:00:00+00:00
[2024-03-10T18:34:57.812+0000] {processor.py:183} INFO - Processing /home/airflow/.local/lib/python3.8/site-packages/airflow/example_dags/example_short_circuit_operator.py took 1.194 seconds
[2024-03-10T18:35:28.755+0000] {processor.py:161} INFO - Started process (PID=1327) to work on /home/airflow/.local/lib/python3.8/site-packages/airflow/example_dags/example_short_circuit_operator.py
[2024-03-10T18:35:28.845+0000] {processor.py:830} INFO - Processing file /home/airflow/.local/lib/python3.8/site-packages/airflow/example_dags/example_short_circuit_operator.py for tasks to queue
[2024-03-10T18:35:28.873+0000] {logging_mixin.py:188} INFO - [2024-03-10T18:35:28.872+0000] {dagbag.py:540} INFO - Filling up the DagBag from /home/airflow/.local/lib/python3.8/site-packages/airflow/example_dags/example_short_circuit_operator.py
[2024-03-10T18:35:28.958+0000] {processor.py:840} INFO - DAG(s) 'example_short_circuit_operator' retrieved from /home/airflow/.local/lib/python3.8/site-packages/airflow/example_dags/example_short_circuit_operator.py
[2024-03-10T18:35:29.110+0000] {logging_mixin.py:188} INFO - [2024-03-10T18:35:29.110+0000] {dag.py:3047} INFO - Sync 1 DAGs
[2024-03-10T18:35:29.218+0000] {logging_mixin.py:188} INFO - [2024-03-10T18:35:29.218+0000] {dag.py:3834} INFO - Setting next_dagrun for example_short_circuit_operator to 2024-03-09 00:00:00+00:00, run_after=2024-03-10 00:00:00+00:00
[2024-03-10T18:35:29.292+0000] {processor.py:183} INFO - Processing /home/airflow/.local/lib/python3.8/site-packages/airflow/example_dags/example_short_circuit_operator.py took 0.574 seconds
[2024-03-10T18:35:59.641+0000] {processor.py:161} INFO - Started process (PID=1577) to work on /home/airflow/.local/lib/python3.8/site-packages/airflow/example_dags/example_short_circuit_operator.py
[2024-03-10T18:35:59.661+0000] {processor.py:830} INFO - Processing file /home/airflow/.local/lib/python3.8/site-packages/airflow/example_dags/example_short_circuit_operator.py for tasks to queue
[2024-03-10T18:35:59.665+0000] {logging_mixin.py:188} INFO - [2024-03-10T18:35:59.664+0000] {dagbag.py:540} INFO - Filling up the DagBag from /home/airflow/.local/lib/python3.8/site-packages/airflow/example_dags/example_short_circuit_operator.py
[2024-03-10T18:35:59.708+0000] {processor.py:840} INFO - DAG(s) 'example_short_circuit_operator' retrieved from /home/airflow/.local/lib/python3.8/site-packages/airflow/example_dags/example_short_circuit_operator.py
[2024-03-10T18:35:59.815+0000] {logging_mixin.py:188} INFO - [2024-03-10T18:35:59.814+0000] {dag.py:3047} INFO - Sync 1 DAGs
[2024-03-10T18:35:59.867+0000] {logging_mixin.py:188} INFO - [2024-03-10T18:35:59.866+0000] {dag.py:3834} INFO - Setting next_dagrun for example_short_circuit_operator to 2024-03-09 00:00:00+00:00, run_after=2024-03-10 00:00:00+00:00
[2024-03-10T18:35:59.935+0000] {processor.py:183} INFO - Processing /home/airflow/.local/lib/python3.8/site-packages/airflow/example_dags/example_short_circuit_operator.py took 0.323 seconds
[2024-03-10T18:36:34.349+0000] {processor.py:161} INFO - Started process (PID=1829) to work on /home/airflow/.local/lib/python3.8/site-packages/airflow/example_dags/example_short_circuit_operator.py
[2024-03-10T18:36:34.357+0000] {processor.py:830} INFO - Processing file /home/airflow/.local/lib/python3.8/site-packages/airflow/example_dags/example_short_circuit_operator.py for tasks to queue
[2024-03-10T18:36:34.363+0000] {logging_mixin.py:188} INFO - [2024-03-10T18:36:34.362+0000] {dagbag.py:540} INFO - Filling up the DagBag from /home/airflow/.local/lib/python3.8/site-packages/airflow/example_dags/example_short_circuit_operator.py
[2024-03-10T18:36:34.406+0000] {processor.py:840} INFO - DAG(s) 'example_short_circuit_operator' retrieved from /home/airflow/.local/lib/python3.8/site-packages/airflow/example_dags/example_short_circuit_operator.py
[2024-03-10T18:36:34.506+0000] {logging_mixin.py:188} INFO - [2024-03-10T18:36:34.506+0000] {dag.py:3047} INFO - Sync 1 DAGs
[2024-03-10T18:36:34.652+0000] {logging_mixin.py:188} INFO - [2024-03-10T18:36:34.649+0000] {dag.py:3834} INFO - Setting next_dagrun for example_short_circuit_operator to 2024-03-09 00:00:00+00:00, run_after=2024-03-10 00:00:00+00:00
[2024-03-10T18:36:35.060+0000] {processor.py:183} INFO - Processing /home/airflow/.local/lib/python3.8/site-packages/airflow/example_dags/example_short_circuit_operator.py took 0.722 seconds
[2024-03-10T18:37:09.598+0000] {processor.py:161} INFO - Started process (PID=2076) to work on /home/airflow/.local/lib/python3.8/site-packages/airflow/example_dags/example_short_circuit_operator.py
[2024-03-10T18:37:09.606+0000] {processor.py:830} INFO - Processing file /home/airflow/.local/lib/python3.8/site-packages/airflow/example_dags/example_short_circuit_operator.py for tasks to queue
[2024-03-10T18:37:09.621+0000] {logging_mixin.py:188} INFO - [2024-03-10T18:37:09.619+0000] {dagbag.py:540} INFO - Filling up the DagBag from /home/airflow/.local/lib/python3.8/site-packages/airflow/example_dags/example_short_circuit_operator.py
[2024-03-10T18:37:09.719+0000] {processor.py:840} INFO - DAG(s) 'example_short_circuit_operator' retrieved from /home/airflow/.local/lib/python3.8/site-packages/airflow/example_dags/example_short_circuit_operator.py
[2024-03-10T18:37:09.914+0000] {logging_mixin.py:188} INFO - [2024-03-10T18:37:09.913+0000] {dag.py:3047} INFO - Sync 1 DAGs
[2024-03-10T18:37:10.012+0000] {logging_mixin.py:188} INFO - [2024-03-10T18:37:10.012+0000] {dag.py:3834} INFO - Setting next_dagrun for example_short_circuit_operator to 2024-03-09 00:00:00+00:00, run_after=2024-03-10 00:00:00+00:00
[2024-03-10T18:37:10.081+0000] {processor.py:183} INFO - Processing /home/airflow/.local/lib/python3.8/site-packages/airflow/example_dags/example_short_circuit_operator.py took 0.525 seconds
[2024-03-10T18:37:40.328+0000] {processor.py:161} INFO - Started process (PID=2317) to work on /home/airflow/.local/lib/python3.8/site-packages/airflow/example_dags/example_short_circuit_operator.py
[2024-03-10T18:37:40.381+0000] {processor.py:830} INFO - Processing file /home/airflow/.local/lib/python3.8/site-packages/airflow/example_dags/example_short_circuit_operator.py for tasks to queue
[2024-03-10T18:37:40.399+0000] {logging_mixin.py:188} INFO - [2024-03-10T18:37:40.392+0000] {dagbag.py:540} INFO - Filling up the DagBag from /home/airflow/.local/lib/python3.8/site-packages/airflow/example_dags/example_short_circuit_operator.py
[2024-03-10T18:37:40.503+0000] {processor.py:840} INFO - DAG(s) 'example_short_circuit_operator' retrieved from /home/airflow/.local/lib/python3.8/site-packages/airflow/example_dags/example_short_circuit_operator.py
[2024-03-10T18:37:40.868+0000] {logging_mixin.py:188} INFO - [2024-03-10T18:37:40.867+0000] {dag.py:3047} INFO - Sync 1 DAGs
[2024-03-10T18:37:41.575+0000] {logging_mixin.py:188} INFO - [2024-03-10T18:37:41.574+0000] {dag.py:3834} INFO - Setting next_dagrun for example_short_circuit_operator to 2024-03-09 00:00:00+00:00, run_after=2024-03-10 00:00:00+00:00
[2024-03-10T18:37:41.661+0000] {processor.py:183} INFO - Processing /home/airflow/.local/lib/python3.8/site-packages/airflow/example_dags/example_short_circuit_operator.py took 1.413 seconds
[2024-03-10T18:38:14.011+0000] {processor.py:161} INFO - Started process (PID=2581) to work on /home/airflow/.local/lib/python3.8/site-packages/airflow/example_dags/example_short_circuit_operator.py
[2024-03-10T18:38:14.015+0000] {processor.py:830} INFO - Processing file /home/airflow/.local/lib/python3.8/site-packages/airflow/example_dags/example_short_circuit_operator.py for tasks to queue
[2024-03-10T18:38:14.022+0000] {logging_mixin.py:188} INFO - [2024-03-10T18:38:14.020+0000] {dagbag.py:540} INFO - Filling up the DagBag from /home/airflow/.local/lib/python3.8/site-packages/airflow/example_dags/example_short_circuit_operator.py
[2024-03-10T18:38:14.052+0000] {processor.py:840} INFO - DAG(s) 'example_short_circuit_operator' retrieved from /home/airflow/.local/lib/python3.8/site-packages/airflow/example_dags/example_short_circuit_operator.py
[2024-03-10T18:38:14.149+0000] {logging_mixin.py:188} INFO - [2024-03-10T18:38:14.148+0000] {dag.py:3047} INFO - Sync 1 DAGs
[2024-03-10T18:38:14.246+0000] {logging_mixin.py:188} INFO - [2024-03-10T18:38:14.246+0000] {dag.py:3834} INFO - Setting next_dagrun for example_short_circuit_operator to 2024-03-09 00:00:00+00:00, run_after=2024-03-10 00:00:00+00:00
[2024-03-10T18:38:14.296+0000] {processor.py:183} INFO - Processing /home/airflow/.local/lib/python3.8/site-packages/airflow/example_dags/example_short_circuit_operator.py took 0.293 seconds
[2024-03-10T18:38:47.778+0000] {processor.py:161} INFO - Started process (PID=2825) to work on /home/airflow/.local/lib/python3.8/site-packages/airflow/example_dags/example_short_circuit_operator.py
[2024-03-10T18:38:47.785+0000] {processor.py:830} INFO - Processing file /home/airflow/.local/lib/python3.8/site-packages/airflow/example_dags/example_short_circuit_operator.py for tasks to queue
[2024-03-10T18:38:47.791+0000] {logging_mixin.py:188} INFO - [2024-03-10T18:38:47.790+0000] {dagbag.py:540} INFO - Filling up the DagBag from /home/airflow/.local/lib/python3.8/site-packages/airflow/example_dags/example_short_circuit_operator.py
[2024-03-10T18:38:47.827+0000] {processor.py:840} INFO - DAG(s) 'example_short_circuit_operator' retrieved from /home/airflow/.local/lib/python3.8/site-packages/airflow/example_dags/example_short_circuit_operator.py
[2024-03-10T18:38:47.896+0000] {logging_mixin.py:188} INFO - [2024-03-10T18:38:47.895+0000] {dag.py:3047} INFO - Sync 1 DAGs
[2024-03-10T18:38:47.937+0000] {logging_mixin.py:188} INFO - [2024-03-10T18:38:47.936+0000] {dag.py:3834} INFO - Setting next_dagrun for example_short_circuit_operator to 2024-03-09 00:00:00+00:00, run_after=2024-03-10 00:00:00+00:00
[2024-03-10T18:38:47.979+0000] {processor.py:183} INFO - Processing /home/airflow/.local/lib/python3.8/site-packages/airflow/example_dags/example_short_circuit_operator.py took 0.214 seconds
[2024-03-10T18:39:19.528+0000] {processor.py:161} INFO - Started process (PID=3079) to work on /home/airflow/.local/lib/python3.8/site-packages/airflow/example_dags/example_short_circuit_operator.py
[2024-03-10T18:39:19.548+0000] {processor.py:830} INFO - Processing file /home/airflow/.local/lib/python3.8/site-packages/airflow/example_dags/example_short_circuit_operator.py for tasks to queue
[2024-03-10T18:39:19.570+0000] {logging_mixin.py:188} INFO - [2024-03-10T18:39:19.568+0000] {dagbag.py:540} INFO - Filling up the DagBag from /home/airflow/.local/lib/python3.8/site-packages/airflow/example_dags/example_short_circuit_operator.py
[2024-03-10T18:39:19.613+0000] {processor.py:840} INFO - DAG(s) 'example_short_circuit_operator' retrieved from /home/airflow/.local/lib/python3.8/site-packages/airflow/example_dags/example_short_circuit_operator.py
[2024-03-10T18:39:19.824+0000] {logging_mixin.py:188} INFO - [2024-03-10T18:39:19.823+0000] {dag.py:3047} INFO - Sync 1 DAGs
[2024-03-10T18:39:20.102+0000] {logging_mixin.py:188} INFO - [2024-03-10T18:39:20.100+0000] {dag.py:3834} INFO - Setting next_dagrun for example_short_circuit_operator to 2024-03-09 00:00:00+00:00, run_after=2024-03-10 00:00:00+00:00
[2024-03-10T18:39:20.233+0000] {processor.py:183} INFO - Processing /home/airflow/.local/lib/python3.8/site-packages/airflow/example_dags/example_short_circuit_operator.py took 0.743 seconds
[2024-03-10T18:39:52.244+0000] {processor.py:161} INFO - Started process (PID=3332) to work on /home/airflow/.local/lib/python3.8/site-packages/airflow/example_dags/example_short_circuit_operator.py
[2024-03-10T18:39:52.250+0000] {processor.py:830} INFO - Processing file /home/airflow/.local/lib/python3.8/site-packages/airflow/example_dags/example_short_circuit_operator.py for tasks to queue
[2024-03-10T18:39:52.253+0000] {logging_mixin.py:188} INFO - [2024-03-10T18:39:52.252+0000] {dagbag.py:540} INFO - Filling up the DagBag from /home/airflow/.local/lib/python3.8/site-packages/airflow/example_dags/example_short_circuit_operator.py
[2024-03-10T18:39:52.275+0000] {processor.py:840} INFO - DAG(s) 'example_short_circuit_operator' retrieved from /home/airflow/.local/lib/python3.8/site-packages/airflow/example_dags/example_short_circuit_operator.py
[2024-03-10T18:39:52.355+0000] {logging_mixin.py:188} INFO - [2024-03-10T18:39:52.354+0000] {dag.py:3047} INFO - Sync 1 DAGs
[2024-03-10T18:39:52.429+0000] {logging_mixin.py:188} INFO - [2024-03-10T18:39:52.429+0000] {dag.py:3834} INFO - Setting next_dagrun for example_short_circuit_operator to 2024-03-09 00:00:00+00:00, run_after=2024-03-10 00:00:00+00:00
[2024-03-10T18:39:52.481+0000] {processor.py:183} INFO - Processing /home/airflow/.local/lib/python3.8/site-packages/airflow/example_dags/example_short_circuit_operator.py took 0.246 seconds
[2024-03-10T18:40:22.921+0000] {processor.py:161} INFO - Started process (PID=3579) to work on /home/airflow/.local/lib/python3.8/site-packages/airflow/example_dags/example_short_circuit_operator.py
[2024-03-10T18:40:22.931+0000] {processor.py:830} INFO - Processing file /home/airflow/.local/lib/python3.8/site-packages/airflow/example_dags/example_short_circuit_operator.py for tasks to queue
[2024-03-10T18:40:22.940+0000] {logging_mixin.py:188} INFO - [2024-03-10T18:40:22.939+0000] {dagbag.py:540} INFO - Filling up the DagBag from /home/airflow/.local/lib/python3.8/site-packages/airflow/example_dags/example_short_circuit_operator.py
[2024-03-10T18:40:23.005+0000] {processor.py:840} INFO - DAG(s) 'example_short_circuit_operator' retrieved from /home/airflow/.local/lib/python3.8/site-packages/airflow/example_dags/example_short_circuit_operator.py
[2024-03-10T18:40:23.202+0000] {logging_mixin.py:188} INFO - [2024-03-10T18:40:23.195+0000] {dag.py:3047} INFO - Sync 1 DAGs
[2024-03-10T18:40:23.389+0000] {logging_mixin.py:188} INFO - [2024-03-10T18:40:23.388+0000] {dag.py:3834} INFO - Setting next_dagrun for example_short_circuit_operator to 2024-03-09 00:00:00+00:00, run_after=2024-03-10 00:00:00+00:00
[2024-03-10T18:40:23.510+0000] {processor.py:183} INFO - Processing /home/airflow/.local/lib/python3.8/site-packages/airflow/example_dags/example_short_circuit_operator.py took 0.602 seconds
[2024-03-10T18:40:54.624+0000] {processor.py:161} INFO - Started process (PID=3833) to work on /home/airflow/.local/lib/python3.8/site-packages/airflow/example_dags/example_short_circuit_operator.py
[2024-03-10T18:40:54.634+0000] {processor.py:830} INFO - Processing file /home/airflow/.local/lib/python3.8/site-packages/airflow/example_dags/example_short_circuit_operator.py for tasks to queue
[2024-03-10T18:40:54.639+0000] {logging_mixin.py:188} INFO - [2024-03-10T18:40:54.637+0000] {dagbag.py:540} INFO - Filling up the DagBag from /home/airflow/.local/lib/python3.8/site-packages/airflow/example_dags/example_short_circuit_operator.py
[2024-03-10T18:40:54.665+0000] {processor.py:840} INFO - DAG(s) 'example_short_circuit_operator' retrieved from /home/airflow/.local/lib/python3.8/site-packages/airflow/example_dags/example_short_circuit_operator.py
[2024-03-10T18:40:54.721+0000] {logging_mixin.py:188} INFO - [2024-03-10T18:40:54.720+0000] {dag.py:3047} INFO - Sync 1 DAGs
[2024-03-10T18:40:54.802+0000] {logging_mixin.py:188} INFO - [2024-03-10T18:40:54.801+0000] {dag.py:3834} INFO - Setting next_dagrun for example_short_circuit_operator to 2024-03-09 00:00:00+00:00, run_after=2024-03-10 00:00:00+00:00
[2024-03-10T18:40:54.867+0000] {processor.py:183} INFO - Processing /home/airflow/.local/lib/python3.8/site-packages/airflow/example_dags/example_short_circuit_operator.py took 0.255 seconds
[2024-03-10T18:41:26.411+0000] {processor.py:161} INFO - Started process (PID=4084) to work on /home/airflow/.local/lib/python3.8/site-packages/airflow/example_dags/example_short_circuit_operator.py
[2024-03-10T18:41:26.416+0000] {processor.py:830} INFO - Processing file /home/airflow/.local/lib/python3.8/site-packages/airflow/example_dags/example_short_circuit_operator.py for tasks to queue
[2024-03-10T18:41:26.420+0000] {logging_mixin.py:188} INFO - [2024-03-10T18:41:26.418+0000] {dagbag.py:540} INFO - Filling up the DagBag from /home/airflow/.local/lib/python3.8/site-packages/airflow/example_dags/example_short_circuit_operator.py
[2024-03-10T18:41:26.451+0000] {processor.py:840} INFO - DAG(s) 'example_short_circuit_operator' retrieved from /home/airflow/.local/lib/python3.8/site-packages/airflow/example_dags/example_short_circuit_operator.py
[2024-03-10T18:41:26.731+0000] {logging_mixin.py:188} INFO - [2024-03-10T18:41:26.731+0000] {dag.py:3047} INFO - Sync 1 DAGs
[2024-03-10T18:41:26.767+0000] {logging_mixin.py:188} INFO - [2024-03-10T18:41:26.767+0000] {dag.py:3834} INFO - Setting next_dagrun for example_short_circuit_operator to 2024-03-09 00:00:00+00:00, run_after=2024-03-10 00:00:00+00:00
[2024-03-10T18:41:26.795+0000] {processor.py:183} INFO - Processing /home/airflow/.local/lib/python3.8/site-packages/airflow/example_dags/example_short_circuit_operator.py took 0.402 seconds
[2024-03-10T18:41:57.460+0000] {processor.py:161} INFO - Started process (PID=4329) to work on /home/airflow/.local/lib/python3.8/site-packages/airflow/example_dags/example_short_circuit_operator.py
[2024-03-10T18:41:57.466+0000] {processor.py:830} INFO - Processing file /home/airflow/.local/lib/python3.8/site-packages/airflow/example_dags/example_short_circuit_operator.py for tasks to queue
[2024-03-10T18:41:57.473+0000] {logging_mixin.py:188} INFO - [2024-03-10T18:41:57.471+0000] {dagbag.py:540} INFO - Filling up the DagBag from /home/airflow/.local/lib/python3.8/site-packages/airflow/example_dags/example_short_circuit_operator.py
[2024-03-10T18:41:57.501+0000] {processor.py:840} INFO - DAG(s) 'example_short_circuit_operator' retrieved from /home/airflow/.local/lib/python3.8/site-packages/airflow/example_dags/example_short_circuit_operator.py
[2024-03-10T18:41:57.593+0000] {logging_mixin.py:188} INFO - [2024-03-10T18:41:57.593+0000] {dag.py:3047} INFO - Sync 1 DAGs
[2024-03-10T18:41:57.684+0000] {logging_mixin.py:188} INFO - [2024-03-10T18:41:57.683+0000] {dag.py:3834} INFO - Setting next_dagrun for example_short_circuit_operator to 2024-03-09 00:00:00+00:00, run_after=2024-03-10 00:00:00+00:00
[2024-03-10T18:41:57.757+0000] {processor.py:183} INFO - Processing /home/airflow/.local/lib/python3.8/site-packages/airflow/example_dags/example_short_circuit_operator.py took 0.308 seconds
[2024-03-10T18:42:53.600+0000] {processor.py:161} INFO - Started process (PID=4598) to work on /home/airflow/.local/lib/python3.8/site-packages/airflow/example_dags/example_short_circuit_operator.py
[2024-03-10T18:42:54.090+0000] {processor.py:830} INFO - Processing file /home/airflow/.local/lib/python3.8/site-packages/airflow/example_dags/example_short_circuit_operator.py for tasks to queue
[2024-03-10T18:42:54.188+0000] {logging_mixin.py:188} INFO - [2024-03-10T18:42:54.183+0000] {dagbag.py:540} INFO - Filling up the DagBag from /home/airflow/.local/lib/python3.8/site-packages/airflow/example_dags/example_short_circuit_operator.py
[2024-03-10T18:42:54.498+0000] {processor.py:840} INFO - DAG(s) 'example_short_circuit_operator' retrieved from /home/airflow/.local/lib/python3.8/site-packages/airflow/example_dags/example_short_circuit_operator.py
[2024-03-10T18:42:55.017+0000] {logging_mixin.py:188} INFO - [2024-03-10T18:42:55.015+0000] {dag.py:3047} INFO - Sync 1 DAGs
[2024-03-10T18:42:55.359+0000] {logging_mixin.py:188} INFO - [2024-03-10T18:42:55.358+0000] {dag.py:3834} INFO - Setting next_dagrun for example_short_circuit_operator to 2024-03-09 00:00:00+00:00, run_after=2024-03-10 00:00:00+00:00
[2024-03-10T18:42:56.083+0000] {processor.py:183} INFO - Processing /home/airflow/.local/lib/python3.8/site-packages/airflow/example_dags/example_short_circuit_operator.py took 2.679 seconds
[2024-03-10T18:44:00.244+0000] {processor.py:161} INFO - Started process (PID=4847) to work on /home/airflow/.local/lib/python3.8/site-packages/airflow/example_dags/example_short_circuit_operator.py
[2024-03-10T18:44:00.269+0000] {processor.py:830} INFO - Processing file /home/airflow/.local/lib/python3.8/site-packages/airflow/example_dags/example_short_circuit_operator.py for tasks to queue
[2024-03-10T18:44:00.283+0000] {logging_mixin.py:188} INFO - [2024-03-10T18:44:00.281+0000] {dagbag.py:540} INFO - Filling up the DagBag from /home/airflow/.local/lib/python3.8/site-packages/airflow/example_dags/example_short_circuit_operator.py
[2024-03-10T18:44:00.387+0000] {processor.py:840} INFO - DAG(s) 'example_short_circuit_operator' retrieved from /home/airflow/.local/lib/python3.8/site-packages/airflow/example_dags/example_short_circuit_operator.py
[2024-03-10T18:44:00.665+0000] {logging_mixin.py:188} INFO - [2024-03-10T18:44:00.664+0000] {dag.py:3047} INFO - Sync 1 DAGs
[2024-03-10T18:44:01.078+0000] {logging_mixin.py:188} INFO - [2024-03-10T18:44:01.076+0000] {dag.py:3834} INFO - Setting next_dagrun for example_short_circuit_operator to 2024-03-09 00:00:00+00:00, run_after=2024-03-10 00:00:00+00:00
[2024-03-10T18:44:01.263+0000] {processor.py:183} INFO - Processing /home/airflow/.local/lib/python3.8/site-packages/airflow/example_dags/example_short_circuit_operator.py took 1.043 seconds
