[2024-03-10T18:33:05.074+0000] {processor.py:161} INFO - Started process (PID=281) to work on /home/airflow/.local/lib/python3.8/site-packages/airflow/example_dags/example_xcomargs.py
[2024-03-10T18:33:05.081+0000] {processor.py:830} INFO - Processing file /home/airflow/.local/lib/python3.8/site-packages/airflow/example_dags/example_xcomargs.py for tasks to queue
[2024-03-10T18:33:05.086+0000] {logging_mixin.py:188} INFO - [2024-03-10T18:33:05.084+0000] {dagbag.py:540} INFO - Filling up the DagBag from /home/airflow/.local/lib/python3.8/site-packages/airflow/example_dags/example_xcomargs.py
[2024-03-10T18:33:06.392+0000] {processor.py:840} INFO - DAG(s) 'example_xcom_args_with_operators', 'example_xcom_args' retrieved from /home/airflow/.local/lib/python3.8/site-packages/airflow/example_dags/example_xcomargs.py
[2024-03-10T18:33:08.022+0000] {logging_mixin.py:188} INFO - [2024-03-10T18:33:07.995+0000] {override.py:1769} INFO - Created Permission View: can delete on DAG:example_xcom_args_with_operators
[2024-03-10T18:33:08.091+0000] {logging_mixin.py:188} INFO - [2024-03-10T18:33:08.091+0000] {override.py:1769} INFO - Created Permission View: can edit on DAG:example_xcom_args_with_operators
[2024-03-10T18:33:08.143+0000] {logging_mixin.py:188} INFO - [2024-03-10T18:33:08.142+0000] {override.py:1769} INFO - Created Permission View: can read on DAG:example_xcom_args_with_operators
[2024-03-10T18:33:08.216+0000] {logging_mixin.py:188} INFO - [2024-03-10T18:33:08.214+0000] {override.py:1769} INFO - Created Permission View: can delete on DAG:example_xcom_args
[2024-03-10T18:33:08.287+0000] {logging_mixin.py:188} INFO - [2024-03-10T18:33:08.287+0000] {override.py:1769} INFO - Created Permission View: can edit on DAG:example_xcom_args
[2024-03-10T18:33:08.300+0000] {logging_mixin.py:188} INFO - [2024-03-10T18:33:08.299+0000] {override.py:1769} INFO - Created Permission View: can read on DAG:example_xcom_args
[2024-03-10T18:33:08.314+0000] {logging_mixin.py:188} INFO - [2024-03-10T18:33:08.314+0000] {dag.py:3047} INFO - Sync 2 DAGs
[2024-03-10T18:33:08.355+0000] {logging_mixin.py:188} INFO - [2024-03-10T18:33:08.354+0000] {dag.py:3069} INFO - Creating ORM DAG for example_xcom_args_with_operators
[2024-03-10T18:33:08.359+0000] {logging_mixin.py:188} INFO - [2024-03-10T18:33:08.359+0000] {dag.py:3069} INFO - Creating ORM DAG for example_xcom_args
[2024-03-10T18:33:08.378+0000] {logging_mixin.py:188} INFO - [2024-03-10T18:33:08.377+0000] {dag.py:3834} INFO - Setting next_dagrun for example_xcom_args to None, run_after=None
[2024-03-10T18:33:08.381+0000] {logging_mixin.py:188} INFO - [2024-03-10T18:33:08.380+0000] {dag.py:3834} INFO - Setting next_dagrun for example_xcom_args_with_operators to None, run_after=None
[2024-03-10T18:33:08.542+0000] {processor.py:183} INFO - Processing /home/airflow/.local/lib/python3.8/site-packages/airflow/example_dags/example_xcomargs.py took 3.489 seconds
[2024-03-10T18:33:45.735+0000] {processor.py:161} INFO - Started process (PID=530) to work on /home/airflow/.local/lib/python3.8/site-packages/airflow/example_dags/example_xcomargs.py
[2024-03-10T18:33:45.740+0000] {processor.py:830} INFO - Processing file /home/airflow/.local/lib/python3.8/site-packages/airflow/example_dags/example_xcomargs.py for tasks to queue
[2024-03-10T18:33:45.743+0000] {logging_mixin.py:188} INFO - [2024-03-10T18:33:45.743+0000] {dagbag.py:540} INFO - Filling up the DagBag from /home/airflow/.local/lib/python3.8/site-packages/airflow/example_dags/example_xcomargs.py
[2024-03-10T18:33:45.780+0000] {processor.py:840} INFO - DAG(s) 'example_xcom_args', 'example_xcom_args_with_operators' retrieved from /home/airflow/.local/lib/python3.8/site-packages/airflow/example_dags/example_xcomargs.py
[2024-03-10T18:33:45.836+0000] {logging_mixin.py:188} INFO - [2024-03-10T18:33:45.835+0000] {dag.py:3047} INFO - Sync 2 DAGs
[2024-03-10T18:33:45.856+0000] {logging_mixin.py:188} INFO - [2024-03-10T18:33:45.856+0000] {dag.py:3834} INFO - Setting next_dagrun for example_xcom_args to None, run_after=None
[2024-03-10T18:33:45.863+0000] {logging_mixin.py:188} INFO - [2024-03-10T18:33:45.862+0000] {dag.py:3834} INFO - Setting next_dagrun for example_xcom_args_with_operators to None, run_after=None
[2024-03-10T18:33:45.930+0000] {processor.py:183} INFO - Processing /home/airflow/.local/lib/python3.8/site-packages/airflow/example_dags/example_xcomargs.py took 0.199 seconds
[2024-03-10T18:34:17.306+0000] {processor.py:161} INFO - Started process (PID=775) to work on /home/airflow/.local/lib/python3.8/site-packages/airflow/example_dags/example_xcomargs.py
[2024-03-10T18:34:17.313+0000] {processor.py:830} INFO - Processing file /home/airflow/.local/lib/python3.8/site-packages/airflow/example_dags/example_xcomargs.py for tasks to queue
[2024-03-10T18:34:17.315+0000] {logging_mixin.py:188} INFO - [2024-03-10T18:34:17.315+0000] {dagbag.py:540} INFO - Filling up the DagBag from /home/airflow/.local/lib/python3.8/site-packages/airflow/example_dags/example_xcomargs.py
[2024-03-10T18:34:17.338+0000] {processor.py:840} INFO - DAG(s) 'example_xcom_args_with_operators', 'example_xcom_args' retrieved from /home/airflow/.local/lib/python3.8/site-packages/airflow/example_dags/example_xcomargs.py
[2024-03-10T18:34:17.382+0000] {logging_mixin.py:188} INFO - [2024-03-10T18:34:17.380+0000] {dag.py:3047} INFO - Sync 2 DAGs
[2024-03-10T18:34:17.416+0000] {logging_mixin.py:188} INFO - [2024-03-10T18:34:17.416+0000] {dag.py:3834} INFO - Setting next_dagrun for example_xcom_args to None, run_after=None
[2024-03-10T18:34:17.423+0000] {logging_mixin.py:188} INFO - [2024-03-10T18:34:17.423+0000] {dag.py:3834} INFO - Setting next_dagrun for example_xcom_args_with_operators to None, run_after=None
[2024-03-10T18:34:17.461+0000] {processor.py:183} INFO - Processing /home/airflow/.local/lib/python3.8/site-packages/airflow/example_dags/example_xcomargs.py took 0.161 seconds
[2024-03-10T18:34:50.070+0000] {processor.py:161} INFO - Started process (PID=1023) to work on /home/airflow/.local/lib/python3.8/site-packages/airflow/example_dags/example_xcomargs.py
[2024-03-10T18:34:50.073+0000] {processor.py:830} INFO - Processing file /home/airflow/.local/lib/python3.8/site-packages/airflow/example_dags/example_xcomargs.py for tasks to queue
[2024-03-10T18:34:50.113+0000] {logging_mixin.py:188} INFO - [2024-03-10T18:34:50.105+0000] {dagbag.py:540} INFO - Filling up the DagBag from /home/airflow/.local/lib/python3.8/site-packages/airflow/example_dags/example_xcomargs.py
[2024-03-10T18:34:50.397+0000] {processor.py:840} INFO - DAG(s) 'example_xcom_args', 'example_xcom_args_with_operators' retrieved from /home/airflow/.local/lib/python3.8/site-packages/airflow/example_dags/example_xcomargs.py
[2024-03-10T18:34:51.058+0000] {logging_mixin.py:188} INFO - [2024-03-10T18:34:51.046+0000] {dag.py:3047} INFO - Sync 2 DAGs
[2024-03-10T18:34:51.174+0000] {logging_mixin.py:188} INFO - [2024-03-10T18:34:51.172+0000] {dag.py:3834} INFO - Setting next_dagrun for example_xcom_args to None, run_after=None
[2024-03-10T18:34:51.190+0000] {logging_mixin.py:188} INFO - [2024-03-10T18:34:51.190+0000] {dag.py:3834} INFO - Setting next_dagrun for example_xcom_args_with_operators to None, run_after=None
[2024-03-10T18:34:51.260+0000] {processor.py:183} INFO - Processing /home/airflow/.local/lib/python3.8/site-packages/airflow/example_dags/example_xcomargs.py took 1.199 seconds
[2024-03-10T18:35:23.998+0000] {processor.py:161} INFO - Started process (PID=1272) to work on /home/airflow/.local/lib/python3.8/site-packages/airflow/example_dags/example_xcomargs.py
[2024-03-10T18:35:24.004+0000] {processor.py:830} INFO - Processing file /home/airflow/.local/lib/python3.8/site-packages/airflow/example_dags/example_xcomargs.py for tasks to queue
[2024-03-10T18:35:24.007+0000] {logging_mixin.py:188} INFO - [2024-03-10T18:35:24.006+0000] {dagbag.py:540} INFO - Filling up the DagBag from /home/airflow/.local/lib/python3.8/site-packages/airflow/example_dags/example_xcomargs.py
[2024-03-10T18:35:24.070+0000] {processor.py:840} INFO - DAG(s) 'example_xcom_args', 'example_xcom_args_with_operators' retrieved from /home/airflow/.local/lib/python3.8/site-packages/airflow/example_dags/example_xcomargs.py
[2024-03-10T18:35:24.166+0000] {logging_mixin.py:188} INFO - [2024-03-10T18:35:24.166+0000] {dag.py:3047} INFO - Sync 2 DAGs
[2024-03-10T18:35:24.271+0000] {logging_mixin.py:188} INFO - [2024-03-10T18:35:24.270+0000] {dag.py:3834} INFO - Setting next_dagrun for example_xcom_args to None, run_after=None
[2024-03-10T18:35:24.292+0000] {logging_mixin.py:188} INFO - [2024-03-10T18:35:24.289+0000] {dag.py:3834} INFO - Setting next_dagrun for example_xcom_args_with_operators to None, run_after=None
[2024-03-10T18:35:24.355+0000] {processor.py:183} INFO - Processing /home/airflow/.local/lib/python3.8/site-packages/airflow/example_dags/example_xcomargs.py took 0.365 seconds
[2024-03-10T18:35:54.814+0000] {processor.py:161} INFO - Started process (PID=1516) to work on /home/airflow/.local/lib/python3.8/site-packages/airflow/example_dags/example_xcomargs.py
[2024-03-10T18:35:54.821+0000] {processor.py:830} INFO - Processing file /home/airflow/.local/lib/python3.8/site-packages/airflow/example_dags/example_xcomargs.py for tasks to queue
[2024-03-10T18:35:54.824+0000] {logging_mixin.py:188} INFO - [2024-03-10T18:35:54.823+0000] {dagbag.py:540} INFO - Filling up the DagBag from /home/airflow/.local/lib/python3.8/site-packages/airflow/example_dags/example_xcomargs.py
[2024-03-10T18:35:54.846+0000] {processor.py:840} INFO - DAG(s) 'example_xcom_args', 'example_xcom_args_with_operators' retrieved from /home/airflow/.local/lib/python3.8/site-packages/airflow/example_dags/example_xcomargs.py
[2024-03-10T18:35:54.935+0000] {logging_mixin.py:188} INFO - [2024-03-10T18:35:54.934+0000] {dag.py:3047} INFO - Sync 2 DAGs
[2024-03-10T18:35:54.971+0000] {logging_mixin.py:188} INFO - [2024-03-10T18:35:54.971+0000] {dag.py:3834} INFO - Setting next_dagrun for example_xcom_args to None, run_after=None
[2024-03-10T18:35:54.985+0000] {logging_mixin.py:188} INFO - [2024-03-10T18:35:54.984+0000] {dag.py:3834} INFO - Setting next_dagrun for example_xcom_args_with_operators to None, run_after=None
[2024-03-10T18:35:55.015+0000] {processor.py:183} INFO - Processing /home/airflow/.local/lib/python3.8/site-packages/airflow/example_dags/example_xcomargs.py took 0.210 seconds
[2024-03-10T18:36:26.262+0000] {processor.py:161} INFO - Started process (PID=1760) to work on /home/airflow/.local/lib/python3.8/site-packages/airflow/example_dags/example_xcomargs.py
[2024-03-10T18:36:26.269+0000] {processor.py:830} INFO - Processing file /home/airflow/.local/lib/python3.8/site-packages/airflow/example_dags/example_xcomargs.py for tasks to queue
[2024-03-10T18:36:26.278+0000] {logging_mixin.py:188} INFO - [2024-03-10T18:36:26.274+0000] {dagbag.py:540} INFO - Filling up the DagBag from /home/airflow/.local/lib/python3.8/site-packages/airflow/example_dags/example_xcomargs.py
[2024-03-10T18:36:26.370+0000] {processor.py:840} INFO - DAG(s) 'example_xcom_args_with_operators', 'example_xcom_args' retrieved from /home/airflow/.local/lib/python3.8/site-packages/airflow/example_dags/example_xcomargs.py
[2024-03-10T18:36:26.488+0000] {logging_mixin.py:188} INFO - [2024-03-10T18:36:26.488+0000] {dag.py:3047} INFO - Sync 2 DAGs
[2024-03-10T18:36:26.529+0000] {logging_mixin.py:188} INFO - [2024-03-10T18:36:26.529+0000] {dag.py:3834} INFO - Setting next_dagrun for example_xcom_args to None, run_after=None
[2024-03-10T18:36:26.540+0000] {logging_mixin.py:188} INFO - [2024-03-10T18:36:26.540+0000] {dag.py:3834} INFO - Setting next_dagrun for example_xcom_args_with_operators to None, run_after=None
[2024-03-10T18:36:26.589+0000] {processor.py:183} INFO - Processing /home/airflow/.local/lib/python3.8/site-packages/airflow/example_dags/example_xcomargs.py took 0.345 seconds
[2024-03-10T18:36:59.701+0000] {processor.py:161} INFO - Started process (PID=2005) to work on /home/airflow/.local/lib/python3.8/site-packages/airflow/example_dags/example_xcomargs.py
[2024-03-10T18:36:59.706+0000] {processor.py:830} INFO - Processing file /home/airflow/.local/lib/python3.8/site-packages/airflow/example_dags/example_xcomargs.py for tasks to queue
[2024-03-10T18:36:59.710+0000] {logging_mixin.py:188} INFO - [2024-03-10T18:36:59.709+0000] {dagbag.py:540} INFO - Filling up the DagBag from /home/airflow/.local/lib/python3.8/site-packages/airflow/example_dags/example_xcomargs.py
[2024-03-10T18:36:59.743+0000] {processor.py:840} INFO - DAG(s) 'example_xcom_args', 'example_xcom_args_with_operators' retrieved from /home/airflow/.local/lib/python3.8/site-packages/airflow/example_dags/example_xcomargs.py
[2024-03-10T18:36:59.843+0000] {logging_mixin.py:188} INFO - [2024-03-10T18:36:59.842+0000] {dag.py:3047} INFO - Sync 2 DAGs
[2024-03-10T18:36:59.890+0000] {logging_mixin.py:188} INFO - [2024-03-10T18:36:59.890+0000] {dag.py:3834} INFO - Setting next_dagrun for example_xcom_args to None, run_after=None
[2024-03-10T18:36:59.897+0000] {logging_mixin.py:188} INFO - [2024-03-10T18:36:59.897+0000] {dag.py:3834} INFO - Setting next_dagrun for example_xcom_args_with_operators to None, run_after=None
[2024-03-10T18:36:59.950+0000] {processor.py:183} INFO - Processing /home/airflow/.local/lib/python3.8/site-packages/airflow/example_dags/example_xcomargs.py took 0.260 seconds
[2024-03-10T18:37:30.023+0000] {processor.py:161} INFO - Started process (PID=2254) to work on /home/airflow/.local/lib/python3.8/site-packages/airflow/example_dags/example_xcomargs.py
[2024-03-10T18:37:30.025+0000] {processor.py:830} INFO - Processing file /home/airflow/.local/lib/python3.8/site-packages/airflow/example_dags/example_xcomargs.py for tasks to queue
[2024-03-10T18:37:30.027+0000] {logging_mixin.py:188} INFO - [2024-03-10T18:37:30.026+0000] {dagbag.py:540} INFO - Filling up the DagBag from /home/airflow/.local/lib/python3.8/site-packages/airflow/example_dags/example_xcomargs.py
[2024-03-10T18:37:30.040+0000] {processor.py:840} INFO - DAG(s) 'example_xcom_args', 'example_xcom_args_with_operators' retrieved from /home/airflow/.local/lib/python3.8/site-packages/airflow/example_dags/example_xcomargs.py
[2024-03-10T18:37:30.078+0000] {logging_mixin.py:188} INFO - [2024-03-10T18:37:30.078+0000] {dag.py:3047} INFO - Sync 2 DAGs
[2024-03-10T18:37:30.096+0000] {logging_mixin.py:188} INFO - [2024-03-10T18:37:30.096+0000] {dag.py:3834} INFO - Setting next_dagrun for example_xcom_args to None, run_after=None
[2024-03-10T18:37:30.101+0000] {logging_mixin.py:188} INFO - [2024-03-10T18:37:30.101+0000] {dag.py:3834} INFO - Setting next_dagrun for example_xcom_args_with_operators to None, run_after=None
[2024-03-10T18:37:30.124+0000] {processor.py:183} INFO - Processing /home/airflow/.local/lib/python3.8/site-packages/airflow/example_dags/example_xcomargs.py took 0.106 seconds
[2024-03-10T18:38:01.007+0000] {processor.py:161} INFO - Started process (PID=2500) to work on /home/airflow/.local/lib/python3.8/site-packages/airflow/example_dags/example_xcomargs.py
[2024-03-10T18:38:01.052+0000] {processor.py:830} INFO - Processing file /home/airflow/.local/lib/python3.8/site-packages/airflow/example_dags/example_xcomargs.py for tasks to queue
[2024-03-10T18:38:01.070+0000] {logging_mixin.py:188} INFO - [2024-03-10T18:38:01.067+0000] {dagbag.py:540} INFO - Filling up the DagBag from /home/airflow/.local/lib/python3.8/site-packages/airflow/example_dags/example_xcomargs.py
[2024-03-10T18:38:01.217+0000] {processor.py:840} INFO - DAG(s) 'example_xcom_args', 'example_xcom_args_with_operators' retrieved from /home/airflow/.local/lib/python3.8/site-packages/airflow/example_dags/example_xcomargs.py
[2024-03-10T18:38:01.435+0000] {logging_mixin.py:188} INFO - [2024-03-10T18:38:01.435+0000] {dag.py:3047} INFO - Sync 2 DAGs
[2024-03-10T18:38:01.497+0000] {logging_mixin.py:188} INFO - [2024-03-10T18:38:01.496+0000] {dag.py:3834} INFO - Setting next_dagrun for example_xcom_args to None, run_after=None
[2024-03-10T18:38:01.513+0000] {logging_mixin.py:188} INFO - [2024-03-10T18:38:01.512+0000] {dag.py:3834} INFO - Setting next_dagrun for example_xcom_args_with_operators to None, run_after=None
[2024-03-10T18:38:01.613+0000] {processor.py:183} INFO - Processing /home/airflow/.local/lib/python3.8/site-packages/airflow/example_dags/example_xcomargs.py took 0.644 seconds
[2024-03-10T18:38:32.688+0000] {processor.py:161} INFO - Started process (PID=2747) to work on /home/airflow/.local/lib/python3.8/site-packages/airflow/example_dags/example_xcomargs.py
[2024-03-10T18:38:32.692+0000] {processor.py:830} INFO - Processing file /home/airflow/.local/lib/python3.8/site-packages/airflow/example_dags/example_xcomargs.py for tasks to queue
[2024-03-10T18:38:32.695+0000] {logging_mixin.py:188} INFO - [2024-03-10T18:38:32.695+0000] {dagbag.py:540} INFO - Filling up the DagBag from /home/airflow/.local/lib/python3.8/site-packages/airflow/example_dags/example_xcomargs.py
[2024-03-10T18:38:32.714+0000] {processor.py:840} INFO - DAG(s) 'example_xcom_args_with_operators', 'example_xcom_args' retrieved from /home/airflow/.local/lib/python3.8/site-packages/airflow/example_dags/example_xcomargs.py
[2024-03-10T18:38:32.776+0000] {logging_mixin.py:188} INFO - [2024-03-10T18:38:32.776+0000] {dag.py:3047} INFO - Sync 2 DAGs
[2024-03-10T18:38:32.803+0000] {logging_mixin.py:188} INFO - [2024-03-10T18:38:32.802+0000] {dag.py:3834} INFO - Setting next_dagrun for example_xcom_args to None, run_after=None
[2024-03-10T18:38:32.810+0000] {logging_mixin.py:188} INFO - [2024-03-10T18:38:32.809+0000] {dag.py:3834} INFO - Setting next_dagrun for example_xcom_args_with_operators to None, run_after=None
[2024-03-10T18:38:32.858+0000] {processor.py:183} INFO - Processing /home/airflow/.local/lib/python3.8/site-packages/airflow/example_dags/example_xcomargs.py took 0.177 seconds
[2024-03-10T18:39:03.632+0000] {processor.py:161} INFO - Started process (PID=2994) to work on /home/airflow/.local/lib/python3.8/site-packages/airflow/example_dags/example_xcomargs.py
[2024-03-10T18:39:03.638+0000] {processor.py:830} INFO - Processing file /home/airflow/.local/lib/python3.8/site-packages/airflow/example_dags/example_xcomargs.py for tasks to queue
[2024-03-10T18:39:03.641+0000] {logging_mixin.py:188} INFO - [2024-03-10T18:39:03.640+0000] {dagbag.py:540} INFO - Filling up the DagBag from /home/airflow/.local/lib/python3.8/site-packages/airflow/example_dags/example_xcomargs.py
[2024-03-10T18:39:03.672+0000] {processor.py:840} INFO - DAG(s) 'example_xcom_args', 'example_xcom_args_with_operators' retrieved from /home/airflow/.local/lib/python3.8/site-packages/airflow/example_dags/example_xcomargs.py
[2024-03-10T18:39:03.892+0000] {logging_mixin.py:188} INFO - [2024-03-10T18:39:03.887+0000] {dag.py:3047} INFO - Sync 2 DAGs
[2024-03-10T18:39:03.946+0000] {logging_mixin.py:188} INFO - [2024-03-10T18:39:03.945+0000] {dag.py:3834} INFO - Setting next_dagrun for example_xcom_args to None, run_after=None
[2024-03-10T18:39:03.973+0000] {logging_mixin.py:188} INFO - [2024-03-10T18:39:03.972+0000] {dag.py:3834} INFO - Setting next_dagrun for example_xcom_args_with_operators to None, run_after=None
[2024-03-10T18:39:04.011+0000] {processor.py:183} INFO - Processing /home/airflow/.local/lib/python3.8/site-packages/airflow/example_dags/example_xcomargs.py took 0.392 seconds
[2024-03-10T18:39:41.877+0000] {processor.py:161} INFO - Started process (PID=3248) to work on /home/airflow/.local/lib/python3.8/site-packages/airflow/example_dags/example_xcomargs.py
[2024-03-10T18:39:41.884+0000] {processor.py:830} INFO - Processing file /home/airflow/.local/lib/python3.8/site-packages/airflow/example_dags/example_xcomargs.py for tasks to queue
[2024-03-10T18:39:41.892+0000] {logging_mixin.py:188} INFO - [2024-03-10T18:39:41.890+0000] {dagbag.py:540} INFO - Filling up the DagBag from /home/airflow/.local/lib/python3.8/site-packages/airflow/example_dags/example_xcomargs.py
[2024-03-10T18:39:41.936+0000] {processor.py:840} INFO - DAG(s) 'example_xcom_args_with_operators', 'example_xcom_args' retrieved from /home/airflow/.local/lib/python3.8/site-packages/airflow/example_dags/example_xcomargs.py
[2024-03-10T18:39:42.039+0000] {logging_mixin.py:188} INFO - [2024-03-10T18:39:42.038+0000] {dag.py:3047} INFO - Sync 2 DAGs
[2024-03-10T18:39:42.114+0000] {logging_mixin.py:188} INFO - [2024-03-10T18:39:42.113+0000] {dag.py:3834} INFO - Setting next_dagrun for example_xcom_args to None, run_after=None
[2024-03-10T18:39:42.141+0000] {logging_mixin.py:188} INFO - [2024-03-10T18:39:42.140+0000] {dag.py:3834} INFO - Setting next_dagrun for example_xcom_args_with_operators to None, run_after=None
[2024-03-10T18:39:42.229+0000] {processor.py:183} INFO - Processing /home/airflow/.local/lib/python3.8/site-packages/airflow/example_dags/example_xcomargs.py took 0.366 seconds
[2024-03-10T18:40:12.971+0000] {processor.py:161} INFO - Started process (PID=3497) to work on /home/airflow/.local/lib/python3.8/site-packages/airflow/example_dags/example_xcomargs.py
[2024-03-10T18:40:12.976+0000] {processor.py:830} INFO - Processing file /home/airflow/.local/lib/python3.8/site-packages/airflow/example_dags/example_xcomargs.py for tasks to queue
[2024-03-10T18:40:12.979+0000] {logging_mixin.py:188} INFO - [2024-03-10T18:40:12.978+0000] {dagbag.py:540} INFO - Filling up the DagBag from /home/airflow/.local/lib/python3.8/site-packages/airflow/example_dags/example_xcomargs.py
[2024-03-10T18:40:13.002+0000] {processor.py:840} INFO - DAG(s) 'example_xcom_args', 'example_xcom_args_with_operators' retrieved from /home/airflow/.local/lib/python3.8/site-packages/airflow/example_dags/example_xcomargs.py
[2024-03-10T18:40:13.122+0000] {logging_mixin.py:188} INFO - [2024-03-10T18:40:13.121+0000] {dag.py:3047} INFO - Sync 2 DAGs
[2024-03-10T18:40:13.173+0000] {logging_mixin.py:188} INFO - [2024-03-10T18:40:13.172+0000] {dag.py:3834} INFO - Setting next_dagrun for example_xcom_args to None, run_after=None
[2024-03-10T18:40:13.184+0000] {logging_mixin.py:188} INFO - [2024-03-10T18:40:13.184+0000] {dag.py:3834} INFO - Setting next_dagrun for example_xcom_args_with_operators to None, run_after=None
[2024-03-10T18:40:13.272+0000] {processor.py:183} INFO - Processing /home/airflow/.local/lib/python3.8/site-packages/airflow/example_dags/example_xcomargs.py took 0.310 seconds
[2024-03-10T18:40:46.580+0000] {processor.py:161} INFO - Started process (PID=3746) to work on /home/airflow/.local/lib/python3.8/site-packages/airflow/example_dags/example_xcomargs.py
[2024-03-10T18:40:46.591+0000] {processor.py:830} INFO - Processing file /home/airflow/.local/lib/python3.8/site-packages/airflow/example_dags/example_xcomargs.py for tasks to queue
[2024-03-10T18:40:46.599+0000] {logging_mixin.py:188} INFO - [2024-03-10T18:40:46.596+0000] {dagbag.py:540} INFO - Filling up the DagBag from /home/airflow/.local/lib/python3.8/site-packages/airflow/example_dags/example_xcomargs.py
[2024-03-10T18:40:46.630+0000] {processor.py:840} INFO - DAG(s) 'example_xcom_args_with_operators', 'example_xcom_args' retrieved from /home/airflow/.local/lib/python3.8/site-packages/airflow/example_dags/example_xcomargs.py
[2024-03-10T18:40:46.738+0000] {logging_mixin.py:188} INFO - [2024-03-10T18:40:46.737+0000] {dag.py:3047} INFO - Sync 2 DAGs
[2024-03-10T18:40:46.797+0000] {logging_mixin.py:188} INFO - [2024-03-10T18:40:46.796+0000] {dag.py:3834} INFO - Setting next_dagrun for example_xcom_args to None, run_after=None
[2024-03-10T18:40:46.810+0000] {logging_mixin.py:188} INFO - [2024-03-10T18:40:46.810+0000] {dag.py:3834} INFO - Setting next_dagrun for example_xcom_args_with_operators to None, run_after=None
[2024-03-10T18:40:46.925+0000] {processor.py:183} INFO - Processing /home/airflow/.local/lib/python3.8/site-packages/airflow/example_dags/example_xcomargs.py took 0.371 seconds
[2024-03-10T18:41:18.478+0000] {processor.py:161} INFO - Started process (PID=3994) to work on /home/airflow/.local/lib/python3.8/site-packages/airflow/example_dags/example_xcomargs.py
[2024-03-10T18:41:18.482+0000] {processor.py:830} INFO - Processing file /home/airflow/.local/lib/python3.8/site-packages/airflow/example_dags/example_xcomargs.py for tasks to queue
[2024-03-10T18:41:18.486+0000] {logging_mixin.py:188} INFO - [2024-03-10T18:41:18.485+0000] {dagbag.py:540} INFO - Filling up the DagBag from /home/airflow/.local/lib/python3.8/site-packages/airflow/example_dags/example_xcomargs.py
[2024-03-10T18:41:18.508+0000] {processor.py:840} INFO - DAG(s) 'example_xcom_args', 'example_xcom_args_with_operators' retrieved from /home/airflow/.local/lib/python3.8/site-packages/airflow/example_dags/example_xcomargs.py
[2024-03-10T18:41:18.741+0000] {logging_mixin.py:188} INFO - [2024-03-10T18:41:18.741+0000] {dag.py:3047} INFO - Sync 2 DAGs
[2024-03-10T18:41:18.756+0000] {logging_mixin.py:188} INFO - [2024-03-10T18:41:18.756+0000] {dag.py:3834} INFO - Setting next_dagrun for example_xcom_args to None, run_after=None
[2024-03-10T18:41:18.761+0000] {logging_mixin.py:188} INFO - [2024-03-10T18:41:18.761+0000] {dag.py:3834} INFO - Setting next_dagrun for example_xcom_args_with_operators to None, run_after=None
[2024-03-10T18:41:18.787+0000] {processor.py:183} INFO - Processing /home/airflow/.local/lib/python3.8/site-packages/airflow/example_dags/example_xcomargs.py took 0.320 seconds
[2024-03-10T18:41:50.082+0000] {processor.py:161} INFO - Started process (PID=4248) to work on /home/airflow/.local/lib/python3.8/site-packages/airflow/example_dags/example_xcomargs.py
[2024-03-10T18:41:50.088+0000] {processor.py:830} INFO - Processing file /home/airflow/.local/lib/python3.8/site-packages/airflow/example_dags/example_xcomargs.py for tasks to queue
[2024-03-10T18:41:50.092+0000] {logging_mixin.py:188} INFO - [2024-03-10T18:41:50.091+0000] {dagbag.py:540} INFO - Filling up the DagBag from /home/airflow/.local/lib/python3.8/site-packages/airflow/example_dags/example_xcomargs.py
[2024-03-10T18:41:50.158+0000] {processor.py:840} INFO - DAG(s) 'example_xcom_args_with_operators', 'example_xcom_args' retrieved from /home/airflow/.local/lib/python3.8/site-packages/airflow/example_dags/example_xcomargs.py
[2024-03-10T18:41:50.301+0000] {logging_mixin.py:188} INFO - [2024-03-10T18:41:50.300+0000] {dag.py:3047} INFO - Sync 2 DAGs
[2024-03-10T18:41:50.341+0000] {logging_mixin.py:188} INFO - [2024-03-10T18:41:50.341+0000] {dag.py:3834} INFO - Setting next_dagrun for example_xcom_args to None, run_after=None
[2024-03-10T18:41:50.347+0000] {logging_mixin.py:188} INFO - [2024-03-10T18:41:50.347+0000] {dag.py:3834} INFO - Setting next_dagrun for example_xcom_args_with_operators to None, run_after=None
[2024-03-10T18:41:50.373+0000] {processor.py:183} INFO - Processing /home/airflow/.local/lib/python3.8/site-packages/airflow/example_dags/example_xcomargs.py took 0.306 seconds
[2024-03-10T18:42:31.845+0000] {processor.py:161} INFO - Started process (PID=4495) to work on /home/airflow/.local/lib/python3.8/site-packages/airflow/example_dags/example_xcomargs.py
[2024-03-10T18:42:31.939+0000] {processor.py:830} INFO - Processing file /home/airflow/.local/lib/python3.8/site-packages/airflow/example_dags/example_xcomargs.py for tasks to queue
[2024-03-10T18:42:32.002+0000] {logging_mixin.py:188} INFO - [2024-03-10T18:42:31.995+0000] {dagbag.py:540} INFO - Filling up the DagBag from /home/airflow/.local/lib/python3.8/site-packages/airflow/example_dags/example_xcomargs.py
[2024-03-10T18:42:32.152+0000] {processor.py:840} INFO - DAG(s) 'example_xcom_args_with_operators', 'example_xcom_args' retrieved from /home/airflow/.local/lib/python3.8/site-packages/airflow/example_dags/example_xcomargs.py
[2024-03-10T18:42:32.630+0000] {logging_mixin.py:188} INFO - [2024-03-10T18:42:32.629+0000] {dag.py:3047} INFO - Sync 2 DAGs
[2024-03-10T18:42:32.777+0000] {logging_mixin.py:188} INFO - [2024-03-10T18:42:32.776+0000] {dag.py:3834} INFO - Setting next_dagrun for example_xcom_args to None, run_after=None
[2024-03-10T18:42:32.794+0000] {logging_mixin.py:188} INFO - [2024-03-10T18:42:32.794+0000] {dag.py:3834} INFO - Setting next_dagrun for example_xcom_args_with_operators to None, run_after=None
[2024-03-10T18:42:32.939+0000] {processor.py:183} INFO - Processing /home/airflow/.local/lib/python3.8/site-packages/airflow/example_dags/example_xcomargs.py took 1.164 seconds
[2024-03-10T18:43:24.267+0000] {processor.py:161} INFO - Started process (PID=4724) to work on /home/airflow/.local/lib/python3.8/site-packages/airflow/example_dags/example_xcomargs.py
[2024-03-10T18:43:24.288+0000] {processor.py:830} INFO - Processing file /home/airflow/.local/lib/python3.8/site-packages/airflow/example_dags/example_xcomargs.py for tasks to queue
[2024-03-10T18:43:24.302+0000] {logging_mixin.py:188} INFO - [2024-03-10T18:43:24.300+0000] {dagbag.py:540} INFO - Filling up the DagBag from /home/airflow/.local/lib/python3.8/site-packages/airflow/example_dags/example_xcomargs.py
[2024-03-10T18:43:24.510+0000] {processor.py:840} INFO - DAG(s) 'example_xcom_args', 'example_xcom_args_with_operators' retrieved from /home/airflow/.local/lib/python3.8/site-packages/airflow/example_dags/example_xcomargs.py
[2024-03-10T18:43:25.554+0000] {logging_mixin.py:188} INFO - [2024-03-10T18:43:25.550+0000] {dag.py:3047} INFO - Sync 2 DAGs
[2024-03-10T18:43:25.693+0000] {logging_mixin.py:188} INFO - [2024-03-10T18:43:25.692+0000] {dag.py:3834} INFO - Setting next_dagrun for example_xcom_args to None, run_after=None
[2024-03-10T18:43:25.729+0000] {logging_mixin.py:188} INFO - [2024-03-10T18:43:25.728+0000] {dag.py:3834} INFO - Setting next_dagrun for example_xcom_args_with_operators to None, run_after=None
[2024-03-10T18:43:26.065+0000] {processor.py:183} INFO - Processing /home/airflow/.local/lib/python3.8/site-packages/airflow/example_dags/example_xcomargs.py took 1.832 seconds
[2024-03-10T18:46:39.784+0000] {processor.py:161} INFO - Started process (PID=4984) to work on /home/airflow/.local/lib/python3.8/site-packages/airflow/example_dags/example_xcomargs.py
[2024-03-10T18:46:44.684+0000] {processor.py:830} INFO - Processing file /home/airflow/.local/lib/python3.8/site-packages/airflow/example_dags/example_xcomargs.py for tasks to queue
[2024-03-10T18:46:46.999+0000] {logging_mixin.py:188} INFO - [2024-03-10T18:46:45.826+0000] {dagbag.py:540} INFO - Filling up the DagBag from /home/airflow/.local/lib/python3.8/site-packages/airflow/example_dags/example_xcomargs.py
[2024-03-10T18:46:51.957+0000] {processor.py:840} INFO - DAG(s) 'example_xcom_args', 'example_xcom_args_with_operators' retrieved from /home/airflow/.local/lib/python3.8/site-packages/airflow/example_dags/example_xcomargs.py
[2024-03-10T18:46:53.905+0000] {logging_mixin.py:188} INFO - [2024-03-10T18:46:53.902+0000] {dag.py:3047} INFO - Sync 2 DAGs
[2024-03-10T18:46:54.929+0000] {logging_mixin.py:188} INFO - [2024-03-10T18:46:54.888+0000] {dag.py:3834} INFO - Setting next_dagrun for example_xcom_args to None, run_after=None
[2024-03-10T18:46:55.155+0000] {logging_mixin.py:188} INFO - [2024-03-10T18:46:55.153+0000] {dag.py:3834} INFO - Setting next_dagrun for example_xcom_args_with_operators to None, run_after=None
[2024-03-10T18:46:55.621+0000] {processor.py:183} INFO - Processing /home/airflow/.local/lib/python3.8/site-packages/airflow/example_dags/example_xcomargs.py took 17.931 seconds
