[2024-03-10T18:33:14.322+0000] {processor.py:161} INFO - Started process (PID=356) to work on /home/airflow/.local/lib/python3.8/site-packages/airflow/example_dags/example_task_group.py
[2024-03-10T18:33:14.328+0000] {processor.py:830} INFO - Processing file /home/airflow/.local/lib/python3.8/site-packages/airflow/example_dags/example_task_group.py for tasks to queue
[2024-03-10T18:33:14.329+0000] {logging_mixin.py:188} INFO - [2024-03-10T18:33:14.329+0000] {dagbag.py:540} INFO - Filling up the DagBag from /home/airflow/.local/lib/python3.8/site-packages/airflow/example_dags/example_task_group.py
[2024-03-10T18:33:14.347+0000] {processor.py:840} INFO - DAG(s) 'example_task_group' retrieved from /home/airflow/.local/lib/python3.8/site-packages/airflow/example_dags/example_task_group.py
[2024-03-10T18:33:14.482+0000] {logging_mixin.py:188} INFO - [2024-03-10T18:33:14.482+0000] {override.py:1769} INFO - Created Permission View: can delete on DAG:example_task_group
[2024-03-10T18:33:14.500+0000] {logging_mixin.py:188} INFO - [2024-03-10T18:33:14.500+0000] {override.py:1769} INFO - Created Permission View: can edit on DAG:example_task_group
[2024-03-10T18:33:14.513+0000] {logging_mixin.py:188} INFO - [2024-03-10T18:33:14.512+0000] {override.py:1769} INFO - Created Permission View: can read on DAG:example_task_group
[2024-03-10T18:33:14.516+0000] {logging_mixin.py:188} INFO - [2024-03-10T18:33:14.516+0000] {dag.py:3047} INFO - Sync 1 DAGs
[2024-03-10T18:33:14.533+0000] {logging_mixin.py:188} INFO - [2024-03-10T18:33:14.532+0000] {dag.py:3069} INFO - Creating ORM DAG for example_task_group
[2024-03-10T18:33:14.546+0000] {logging_mixin.py:188} INFO - [2024-03-10T18:33:14.546+0000] {dag.py:3834} INFO - Setting next_dagrun for example_task_group to 2024-03-09 00:00:00+00:00, run_after=2024-03-10 00:00:00+00:00
[2024-03-10T18:33:14.561+0000] {processor.py:183} INFO - Processing /home/airflow/.local/lib/python3.8/site-packages/airflow/example_dags/example_task_group.py took 0.205 seconds
[2024-03-10T18:33:54.886+0000] {processor.py:161} INFO - Started process (PID=609) to work on /home/airflow/.local/lib/python3.8/site-packages/airflow/example_dags/example_task_group.py
[2024-03-10T18:33:54.891+0000] {processor.py:830} INFO - Processing file /home/airflow/.local/lib/python3.8/site-packages/airflow/example_dags/example_task_group.py for tasks to queue
[2024-03-10T18:33:54.909+0000] {logging_mixin.py:188} INFO - [2024-03-10T18:33:54.901+0000] {dagbag.py:540} INFO - Filling up the DagBag from /home/airflow/.local/lib/python3.8/site-packages/airflow/example_dags/example_task_group.py
[2024-03-10T18:33:54.986+0000] {processor.py:840} INFO - DAG(s) 'example_task_group' retrieved from /home/airflow/.local/lib/python3.8/site-packages/airflow/example_dags/example_task_group.py
[2024-03-10T18:33:55.132+0000] {logging_mixin.py:188} INFO - [2024-03-10T18:33:55.132+0000] {dag.py:3047} INFO - Sync 1 DAGs
[2024-03-10T18:33:55.197+0000] {logging_mixin.py:188} INFO - [2024-03-10T18:33:55.196+0000] {dag.py:3834} INFO - Setting next_dagrun for example_task_group to 2024-03-09 00:00:00+00:00, run_after=2024-03-10 00:00:00+00:00
[2024-03-10T18:33:55.236+0000] {processor.py:183} INFO - Processing /home/airflow/.local/lib/python3.8/site-packages/airflow/example_dags/example_task_group.py took 0.372 seconds
[2024-03-10T18:34:25.966+0000] {processor.py:161} INFO - Started process (PID=857) to work on /home/airflow/.local/lib/python3.8/site-packages/airflow/example_dags/example_task_group.py
[2024-03-10T18:34:25.970+0000] {processor.py:830} INFO - Processing file /home/airflow/.local/lib/python3.8/site-packages/airflow/example_dags/example_task_group.py for tasks to queue
[2024-03-10T18:34:25.973+0000] {logging_mixin.py:188} INFO - [2024-03-10T18:34:25.972+0000] {dagbag.py:540} INFO - Filling up the DagBag from /home/airflow/.local/lib/python3.8/site-packages/airflow/example_dags/example_task_group.py
[2024-03-10T18:34:26.003+0000] {processor.py:840} INFO - DAG(s) 'example_task_group' retrieved from /home/airflow/.local/lib/python3.8/site-packages/airflow/example_dags/example_task_group.py
[2024-03-10T18:34:26.083+0000] {logging_mixin.py:188} INFO - [2024-03-10T18:34:26.083+0000] {dag.py:3047} INFO - Sync 1 DAGs
[2024-03-10T18:34:26.117+0000] {logging_mixin.py:188} INFO - [2024-03-10T18:34:26.117+0000] {dag.py:3834} INFO - Setting next_dagrun for example_task_group to 2024-03-09 00:00:00+00:00, run_after=2024-03-10 00:00:00+00:00
[2024-03-10T18:34:26.161+0000] {processor.py:183} INFO - Processing /home/airflow/.local/lib/python3.8/site-packages/airflow/example_dags/example_task_group.py took 0.206 seconds
[2024-03-10T18:34:58.465+0000] {processor.py:161} INFO - Started process (PID=1104) to work on /home/airflow/.local/lib/python3.8/site-packages/airflow/example_dags/example_task_group.py
[2024-03-10T18:34:58.476+0000] {processor.py:830} INFO - Processing file /home/airflow/.local/lib/python3.8/site-packages/airflow/example_dags/example_task_group.py for tasks to queue
[2024-03-10T18:34:58.481+0000] {logging_mixin.py:188} INFO - [2024-03-10T18:34:58.480+0000] {dagbag.py:540} INFO - Filling up the DagBag from /home/airflow/.local/lib/python3.8/site-packages/airflow/example_dags/example_task_group.py
[2024-03-10T18:34:58.546+0000] {processor.py:840} INFO - DAG(s) 'example_task_group' retrieved from /home/airflow/.local/lib/python3.8/site-packages/airflow/example_dags/example_task_group.py
[2024-03-10T18:34:58.651+0000] {logging_mixin.py:188} INFO - [2024-03-10T18:34:58.649+0000] {dag.py:3047} INFO - Sync 1 DAGs
[2024-03-10T18:34:58.726+0000] {logging_mixin.py:188} INFO - [2024-03-10T18:34:58.726+0000] {dag.py:3834} INFO - Setting next_dagrun for example_task_group to 2024-03-09 00:00:00+00:00, run_after=2024-03-10 00:00:00+00:00
[2024-03-10T18:34:58.784+0000] {processor.py:183} INFO - Processing /home/airflow/.local/lib/python3.8/site-packages/airflow/example_dags/example_task_group.py took 0.340 seconds
[2024-03-10T18:35:29.883+0000] {processor.py:161} INFO - Started process (PID=1351) to work on /home/airflow/.local/lib/python3.8/site-packages/airflow/example_dags/example_task_group.py
[2024-03-10T18:35:29.889+0000] {processor.py:830} INFO - Processing file /home/airflow/.local/lib/python3.8/site-packages/airflow/example_dags/example_task_group.py for tasks to queue
[2024-03-10T18:35:29.894+0000] {logging_mixin.py:188} INFO - [2024-03-10T18:35:29.893+0000] {dagbag.py:540} INFO - Filling up the DagBag from /home/airflow/.local/lib/python3.8/site-packages/airflow/example_dags/example_task_group.py
[2024-03-10T18:35:29.912+0000] {processor.py:840} INFO - DAG(s) 'example_task_group' retrieved from /home/airflow/.local/lib/python3.8/site-packages/airflow/example_dags/example_task_group.py
[2024-03-10T18:35:29.963+0000] {logging_mixin.py:188} INFO - [2024-03-10T18:35:29.963+0000] {dag.py:3047} INFO - Sync 1 DAGs
[2024-03-10T18:35:29.996+0000] {logging_mixin.py:188} INFO - [2024-03-10T18:35:29.996+0000] {dag.py:3834} INFO - Setting next_dagrun for example_task_group to 2024-03-09 00:00:00+00:00, run_after=2024-03-10 00:00:00+00:00
[2024-03-10T18:35:30.693+0000] {processor.py:183} INFO - Processing /home/airflow/.local/lib/python3.8/site-packages/airflow/example_dags/example_task_group.py took 0.817 seconds
[2024-03-10T18:36:01.488+0000] {processor.py:161} INFO - Started process (PID=1594) to work on /home/airflow/.local/lib/python3.8/site-packages/airflow/example_dags/example_task_group.py
[2024-03-10T18:36:01.512+0000] {processor.py:830} INFO - Processing file /home/airflow/.local/lib/python3.8/site-packages/airflow/example_dags/example_task_group.py for tasks to queue
[2024-03-10T18:36:01.518+0000] {logging_mixin.py:188} INFO - [2024-03-10T18:36:01.517+0000] {dagbag.py:540} INFO - Filling up the DagBag from /home/airflow/.local/lib/python3.8/site-packages/airflow/example_dags/example_task_group.py
[2024-03-10T18:36:02.008+0000] {processor.py:840} INFO - DAG(s) 'example_task_group' retrieved from /home/airflow/.local/lib/python3.8/site-packages/airflow/example_dags/example_task_group.py
[2024-03-10T18:36:02.883+0000] {logging_mixin.py:188} INFO - [2024-03-10T18:36:02.880+0000] {dag.py:3047} INFO - Sync 1 DAGs
[2024-03-10T18:36:03.288+0000] {logging_mixin.py:188} INFO - [2024-03-10T18:36:03.287+0000] {dag.py:3834} INFO - Setting next_dagrun for example_task_group to 2024-03-09 00:00:00+00:00, run_after=2024-03-10 00:00:00+00:00
[2024-03-10T18:36:03.518+0000] {processor.py:183} INFO - Processing /home/airflow/.local/lib/python3.8/site-packages/airflow/example_dags/example_task_group.py took 2.066 seconds
[2024-03-10T18:36:36.967+0000] {processor.py:161} INFO - Started process (PID=1845) to work on /home/airflow/.local/lib/python3.8/site-packages/airflow/example_dags/example_task_group.py
[2024-03-10T18:36:36.976+0000] {processor.py:830} INFO - Processing file /home/airflow/.local/lib/python3.8/site-packages/airflow/example_dags/example_task_group.py for tasks to queue
[2024-03-10T18:36:36.990+0000] {logging_mixin.py:188} INFO - [2024-03-10T18:36:36.988+0000] {dagbag.py:540} INFO - Filling up the DagBag from /home/airflow/.local/lib/python3.8/site-packages/airflow/example_dags/example_task_group.py
[2024-03-10T18:36:37.027+0000] {processor.py:840} INFO - DAG(s) 'example_task_group' retrieved from /home/airflow/.local/lib/python3.8/site-packages/airflow/example_dags/example_task_group.py
[2024-03-10T18:36:37.080+0000] {logging_mixin.py:188} INFO - [2024-03-10T18:36:37.079+0000] {dag.py:3047} INFO - Sync 1 DAGs
[2024-03-10T18:36:37.136+0000] {logging_mixin.py:188} INFO - [2024-03-10T18:36:37.136+0000] {dag.py:3834} INFO - Setting next_dagrun for example_task_group to 2024-03-09 00:00:00+00:00, run_after=2024-03-10 00:00:00+00:00
[2024-03-10T18:36:37.184+0000] {processor.py:183} INFO - Processing /home/airflow/.local/lib/python3.8/site-packages/airflow/example_dags/example_task_group.py took 0.245 seconds
[2024-03-10T18:37:10.939+0000] {processor.py:161} INFO - Started process (PID=2104) to work on /home/airflow/.local/lib/python3.8/site-packages/airflow/example_dags/example_task_group.py
[2024-03-10T18:37:10.944+0000] {processor.py:830} INFO - Processing file /home/airflow/.local/lib/python3.8/site-packages/airflow/example_dags/example_task_group.py for tasks to queue
[2024-03-10T18:37:10.950+0000] {logging_mixin.py:188} INFO - [2024-03-10T18:37:10.949+0000] {dagbag.py:540} INFO - Filling up the DagBag from /home/airflow/.local/lib/python3.8/site-packages/airflow/example_dags/example_task_group.py
[2024-03-10T18:37:10.963+0000] {processor.py:840} INFO - DAG(s) 'example_task_group' retrieved from /home/airflow/.local/lib/python3.8/site-packages/airflow/example_dags/example_task_group.py
[2024-03-10T18:37:10.989+0000] {logging_mixin.py:188} INFO - [2024-03-10T18:37:10.989+0000] {dag.py:3047} INFO - Sync 1 DAGs
[2024-03-10T18:37:11.008+0000] {logging_mixin.py:188} INFO - [2024-03-10T18:37:11.008+0000] {dag.py:3834} INFO - Setting next_dagrun for example_task_group to 2024-03-09 00:00:00+00:00, run_after=2024-03-10 00:00:00+00:00
[2024-03-10T18:37:11.025+0000] {processor.py:183} INFO - Processing /home/airflow/.local/lib/python3.8/site-packages/airflow/example_dags/example_task_group.py took 0.090 seconds
[2024-03-10T18:37:42.243+0000] {processor.py:161} INFO - Started process (PID=2337) to work on /home/airflow/.local/lib/python3.8/site-packages/airflow/example_dags/example_task_group.py
[2024-03-10T18:37:42.248+0000] {processor.py:830} INFO - Processing file /home/airflow/.local/lib/python3.8/site-packages/airflow/example_dags/example_task_group.py for tasks to queue
[2024-03-10T18:37:42.253+0000] {logging_mixin.py:188} INFO - [2024-03-10T18:37:42.251+0000] {dagbag.py:540} INFO - Filling up the DagBag from /home/airflow/.local/lib/python3.8/site-packages/airflow/example_dags/example_task_group.py
[2024-03-10T18:37:42.308+0000] {processor.py:840} INFO - DAG(s) 'example_task_group' retrieved from /home/airflow/.local/lib/python3.8/site-packages/airflow/example_dags/example_task_group.py
[2024-03-10T18:37:42.538+0000] {logging_mixin.py:188} INFO - [2024-03-10T18:37:42.537+0000] {dag.py:3047} INFO - Sync 1 DAGs
[2024-03-10T18:37:42.580+0000] {logging_mixin.py:188} INFO - [2024-03-10T18:37:42.580+0000] {dag.py:3834} INFO - Setting next_dagrun for example_task_group to 2024-03-09 00:00:00+00:00, run_after=2024-03-10 00:00:00+00:00
[2024-03-10T18:37:42.626+0000] {processor.py:183} INFO - Processing /home/airflow/.local/lib/python3.8/site-packages/airflow/example_dags/example_task_group.py took 0.391 seconds
[2024-03-10T18:38:14.485+0000] {processor.py:161} INFO - Started process (PID=2591) to work on /home/airflow/.local/lib/python3.8/site-packages/airflow/example_dags/example_task_group.py
[2024-03-10T18:38:14.488+0000] {processor.py:830} INFO - Processing file /home/airflow/.local/lib/python3.8/site-packages/airflow/example_dags/example_task_group.py for tasks to queue
[2024-03-10T18:38:14.492+0000] {logging_mixin.py:188} INFO - [2024-03-10T18:38:14.491+0000] {dagbag.py:540} INFO - Filling up the DagBag from /home/airflow/.local/lib/python3.8/site-packages/airflow/example_dags/example_task_group.py
[2024-03-10T18:38:14.515+0000] {processor.py:840} INFO - DAG(s) 'example_task_group' retrieved from /home/airflow/.local/lib/python3.8/site-packages/airflow/example_dags/example_task_group.py
[2024-03-10T18:38:14.602+0000] {logging_mixin.py:188} INFO - [2024-03-10T18:38:14.602+0000] {dag.py:3047} INFO - Sync 1 DAGs
[2024-03-10T18:38:14.713+0000] {logging_mixin.py:188} INFO - [2024-03-10T18:38:14.712+0000] {dag.py:3834} INFO - Setting next_dagrun for example_task_group to 2024-03-09 00:00:00+00:00, run_after=2024-03-10 00:00:00+00:00
[2024-03-10T18:38:14.768+0000] {processor.py:183} INFO - Processing /home/airflow/.local/lib/python3.8/site-packages/airflow/example_dags/example_task_group.py took 0.291 seconds
[2024-03-10T18:38:49.462+0000] {processor.py:161} INFO - Started process (PID=2843) to work on /home/airflow/.local/lib/python3.8/site-packages/airflow/example_dags/example_task_group.py
[2024-03-10T18:38:49.486+0000] {processor.py:830} INFO - Processing file /home/airflow/.local/lib/python3.8/site-packages/airflow/example_dags/example_task_group.py for tasks to queue
[2024-03-10T18:38:49.493+0000] {logging_mixin.py:188} INFO - [2024-03-10T18:38:49.491+0000] {dagbag.py:540} INFO - Filling up the DagBag from /home/airflow/.local/lib/python3.8/site-packages/airflow/example_dags/example_task_group.py
[2024-03-10T18:38:49.655+0000] {processor.py:840} INFO - DAG(s) 'example_task_group' retrieved from /home/airflow/.local/lib/python3.8/site-packages/airflow/example_dags/example_task_group.py
[2024-03-10T18:38:49.942+0000] {logging_mixin.py:188} INFO - [2024-03-10T18:38:49.941+0000] {dag.py:3047} INFO - Sync 1 DAGs
[2024-03-10T18:38:50.057+0000] {logging_mixin.py:188} INFO - [2024-03-10T18:38:50.056+0000] {dag.py:3834} INFO - Setting next_dagrun for example_task_group to 2024-03-09 00:00:00+00:00, run_after=2024-03-10 00:00:00+00:00
[2024-03-10T18:38:50.115+0000] {processor.py:183} INFO - Processing /home/airflow/.local/lib/python3.8/site-packages/airflow/example_dags/example_task_group.py took 0.685 seconds
[2024-03-10T18:39:22.323+0000] {processor.py:161} INFO - Started process (PID=3099) to work on /home/airflow/.local/lib/python3.8/site-packages/airflow/example_dags/example_task_group.py
[2024-03-10T18:39:22.329+0000] {processor.py:830} INFO - Processing file /home/airflow/.local/lib/python3.8/site-packages/airflow/example_dags/example_task_group.py for tasks to queue
[2024-03-10T18:39:22.343+0000] {logging_mixin.py:188} INFO - [2024-03-10T18:39:22.342+0000] {dagbag.py:540} INFO - Filling up the DagBag from /home/airflow/.local/lib/python3.8/site-packages/airflow/example_dags/example_task_group.py
[2024-03-10T18:39:22.412+0000] {processor.py:840} INFO - DAG(s) 'example_task_group' retrieved from /home/airflow/.local/lib/python3.8/site-packages/airflow/example_dags/example_task_group.py
[2024-03-10T18:39:22.590+0000] {logging_mixin.py:188} INFO - [2024-03-10T18:39:22.590+0000] {dag.py:3047} INFO - Sync 1 DAGs
[2024-03-10T18:39:22.802+0000] {logging_mixin.py:188} INFO - [2024-03-10T18:39:22.802+0000] {dag.py:3834} INFO - Setting next_dagrun for example_task_group to 2024-03-09 00:00:00+00:00, run_after=2024-03-10 00:00:00+00:00
[2024-03-10T18:39:22.882+0000] {processor.py:183} INFO - Processing /home/airflow/.local/lib/python3.8/site-packages/airflow/example_dags/example_task_group.py took 0.576 seconds
[2024-03-10T18:39:53.554+0000] {processor.py:161} INFO - Started process (PID=3347) to work on /home/airflow/.local/lib/python3.8/site-packages/airflow/example_dags/example_task_group.py
[2024-03-10T18:39:53.560+0000] {processor.py:830} INFO - Processing file /home/airflow/.local/lib/python3.8/site-packages/airflow/example_dags/example_task_group.py for tasks to queue
[2024-03-10T18:39:53.564+0000] {logging_mixin.py:188} INFO - [2024-03-10T18:39:53.563+0000] {dagbag.py:540} INFO - Filling up the DagBag from /home/airflow/.local/lib/python3.8/site-packages/airflow/example_dags/example_task_group.py
[2024-03-10T18:39:53.624+0000] {processor.py:840} INFO - DAG(s) 'example_task_group' retrieved from /home/airflow/.local/lib/python3.8/site-packages/airflow/example_dags/example_task_group.py
[2024-03-10T18:39:53.715+0000] {logging_mixin.py:188} INFO - [2024-03-10T18:39:53.714+0000] {dag.py:3047} INFO - Sync 1 DAGs
[2024-03-10T18:39:53.763+0000] {logging_mixin.py:188} INFO - [2024-03-10T18:39:53.762+0000] {dag.py:3834} INFO - Setting next_dagrun for example_task_group to 2024-03-09 00:00:00+00:00, run_after=2024-03-10 00:00:00+00:00
[2024-03-10T18:39:53.808+0000] {processor.py:183} INFO - Processing /home/airflow/.local/lib/python3.8/site-packages/airflow/example_dags/example_task_group.py took 0.280 seconds
[2024-03-10T18:40:24.295+0000] {processor.py:161} INFO - Started process (PID=3594) to work on /home/airflow/.local/lib/python3.8/site-packages/airflow/example_dags/example_task_group.py
[2024-03-10T18:40:24.300+0000] {processor.py:830} INFO - Processing file /home/airflow/.local/lib/python3.8/site-packages/airflow/example_dags/example_task_group.py for tasks to queue
[2024-03-10T18:40:24.310+0000] {logging_mixin.py:188} INFO - [2024-03-10T18:40:24.308+0000] {dagbag.py:540} INFO - Filling up the DagBag from /home/airflow/.local/lib/python3.8/site-packages/airflow/example_dags/example_task_group.py
[2024-03-10T18:40:24.354+0000] {processor.py:840} INFO - DAG(s) 'example_task_group' retrieved from /home/airflow/.local/lib/python3.8/site-packages/airflow/example_dags/example_task_group.py
[2024-03-10T18:40:24.407+0000] {logging_mixin.py:188} INFO - [2024-03-10T18:40:24.407+0000] {dag.py:3047} INFO - Sync 1 DAGs
[2024-03-10T18:40:24.460+0000] {logging_mixin.py:188} INFO - [2024-03-10T18:40:24.459+0000] {dag.py:3834} INFO - Setting next_dagrun for example_task_group to 2024-03-09 00:00:00+00:00, run_after=2024-03-10 00:00:00+00:00
[2024-03-10T18:40:24.510+0000] {processor.py:183} INFO - Processing /home/airflow/.local/lib/python3.8/site-packages/airflow/example_dags/example_task_group.py took 0.227 seconds
[2024-03-10T18:40:56.209+0000] {processor.py:161} INFO - Started process (PID=3848) to work on /home/airflow/.local/lib/python3.8/site-packages/airflow/example_dags/example_task_group.py
[2024-03-10T18:40:56.230+0000] {processor.py:830} INFO - Processing file /home/airflow/.local/lib/python3.8/site-packages/airflow/example_dags/example_task_group.py for tasks to queue
[2024-03-10T18:40:56.242+0000] {logging_mixin.py:188} INFO - [2024-03-10T18:40:56.240+0000] {dagbag.py:540} INFO - Filling up the DagBag from /home/airflow/.local/lib/python3.8/site-packages/airflow/example_dags/example_task_group.py
[2024-03-10T18:40:56.295+0000] {processor.py:840} INFO - DAG(s) 'example_task_group' retrieved from /home/airflow/.local/lib/python3.8/site-packages/airflow/example_dags/example_task_group.py
[2024-03-10T18:40:56.373+0000] {logging_mixin.py:188} INFO - [2024-03-10T18:40:56.372+0000] {dag.py:3047} INFO - Sync 1 DAGs
[2024-03-10T18:40:56.436+0000] {logging_mixin.py:188} INFO - [2024-03-10T18:40:56.435+0000] {dag.py:3834} INFO - Setting next_dagrun for example_task_group to 2024-03-09 00:00:00+00:00, run_after=2024-03-10 00:00:00+00:00
[2024-03-10T18:40:56.518+0000] {processor.py:183} INFO - Processing /home/airflow/.local/lib/python3.8/site-packages/airflow/example_dags/example_task_group.py took 0.329 seconds
[2024-03-10T18:41:27.602+0000] {processor.py:161} INFO - Started process (PID=4099) to work on /home/airflow/.local/lib/python3.8/site-packages/airflow/example_dags/example_task_group.py
[2024-03-10T18:41:27.607+0000] {processor.py:830} INFO - Processing file /home/airflow/.local/lib/python3.8/site-packages/airflow/example_dags/example_task_group.py for tasks to queue
[2024-03-10T18:41:27.612+0000] {logging_mixin.py:188} INFO - [2024-03-10T18:41:27.611+0000] {dagbag.py:540} INFO - Filling up the DagBag from /home/airflow/.local/lib/python3.8/site-packages/airflow/example_dags/example_task_group.py
[2024-03-10T18:41:27.640+0000] {processor.py:840} INFO - DAG(s) 'example_task_group' retrieved from /home/airflow/.local/lib/python3.8/site-packages/airflow/example_dags/example_task_group.py
[2024-03-10T18:41:27.897+0000] {logging_mixin.py:188} INFO - [2024-03-10T18:41:27.896+0000] {dag.py:3047} INFO - Sync 1 DAGs
[2024-03-10T18:41:27.956+0000] {logging_mixin.py:188} INFO - [2024-03-10T18:41:27.955+0000] {dag.py:3834} INFO - Setting next_dagrun for example_task_group to 2024-03-09 00:00:00+00:00, run_after=2024-03-10 00:00:00+00:00
[2024-03-10T18:41:28.000+0000] {processor.py:183} INFO - Processing /home/airflow/.local/lib/python3.8/site-packages/airflow/example_dags/example_task_group.py took 0.423 seconds
[2024-03-10T18:41:58.272+0000] {processor.py:161} INFO - Started process (PID=4346) to work on /home/airflow/.local/lib/python3.8/site-packages/airflow/example_dags/example_task_group.py
[2024-03-10T18:41:58.276+0000] {processor.py:830} INFO - Processing file /home/airflow/.local/lib/python3.8/site-packages/airflow/example_dags/example_task_group.py for tasks to queue
[2024-03-10T18:41:58.279+0000] {logging_mixin.py:188} INFO - [2024-03-10T18:41:58.278+0000] {dagbag.py:540} INFO - Filling up the DagBag from /home/airflow/.local/lib/python3.8/site-packages/airflow/example_dags/example_task_group.py
[2024-03-10T18:41:58.298+0000] {processor.py:840} INFO - DAG(s) 'example_task_group' retrieved from /home/airflow/.local/lib/python3.8/site-packages/airflow/example_dags/example_task_group.py
[2024-03-10T18:41:58.351+0000] {logging_mixin.py:188} INFO - [2024-03-10T18:41:58.350+0000] {dag.py:3047} INFO - Sync 1 DAGs
[2024-03-10T18:41:58.401+0000] {logging_mixin.py:188} INFO - [2024-03-10T18:41:58.401+0000] {dag.py:3834} INFO - Setting next_dagrun for example_task_group to 2024-03-09 00:00:00+00:00, run_after=2024-03-10 00:00:00+00:00
[2024-03-10T18:41:58.434+0000] {processor.py:183} INFO - Processing /home/airflow/.local/lib/python3.8/site-packages/airflow/example_dags/example_task_group.py took 0.170 seconds
[2024-03-10T18:42:58.254+0000] {processor.py:161} INFO - Started process (PID=4614) to work on /home/airflow/.local/lib/python3.8/site-packages/airflow/example_dags/example_task_group.py
[2024-03-10T18:42:58.303+0000] {processor.py:830} INFO - Processing file /home/airflow/.local/lib/python3.8/site-packages/airflow/example_dags/example_task_group.py for tasks to queue
[2024-03-10T18:42:58.606+0000] {logging_mixin.py:188} INFO - [2024-03-10T18:42:58.601+0000] {dagbag.py:540} INFO - Filling up the DagBag from /home/airflow/.local/lib/python3.8/site-packages/airflow/example_dags/example_task_group.py
[2024-03-10T18:42:58.941+0000] {processor.py:840} INFO - DAG(s) 'example_task_group' retrieved from /home/airflow/.local/lib/python3.8/site-packages/airflow/example_dags/example_task_group.py
[2024-03-10T18:42:59.423+0000] {logging_mixin.py:188} INFO - [2024-03-10T18:42:59.400+0000] {dag.py:3047} INFO - Sync 1 DAGs
[2024-03-10T18:42:59.749+0000] {logging_mixin.py:188} INFO - [2024-03-10T18:42:59.744+0000] {dag.py:3834} INFO - Setting next_dagrun for example_task_group to 2024-03-09 00:00:00+00:00, run_after=2024-03-10 00:00:00+00:00
[2024-03-10T18:42:59.895+0000] {processor.py:183} INFO - Processing /home/airflow/.local/lib/python3.8/site-packages/airflow/example_dags/example_task_group.py took 1.672 seconds
[2024-03-10T18:46:49.759+0000] {processor.py:161} INFO - Started process (PID=4987) to work on /home/airflow/.local/lib/python3.8/site-packages/airflow/example_dags/example_task_group.py
[2024-03-10T18:46:50.079+0000] {processor.py:830} INFO - Processing file /home/airflow/.local/lib/python3.8/site-packages/airflow/example_dags/example_task_group.py for tasks to queue
[2024-03-10T18:46:50.156+0000] {logging_mixin.py:188} INFO - [2024-03-10T18:46:50.148+0000] {dagbag.py:540} INFO - Filling up the DagBag from /home/airflow/.local/lib/python3.8/site-packages/airflow/example_dags/example_task_group.py
[2024-03-10T18:46:51.637+0000] {processor.py:840} INFO - DAG(s) 'example_task_group' retrieved from /home/airflow/.local/lib/python3.8/site-packages/airflow/example_dags/example_task_group.py
[2024-03-10T18:46:53.884+0000] {logging_mixin.py:188} INFO - [2024-03-10T18:46:53.866+0000] {dag.py:3047} INFO - Sync 1 DAGs
[2024-03-10T18:46:55.247+0000] {logging_mixin.py:188} INFO - [2024-03-10T18:46:55.236+0000] {dag.py:3834} INFO - Setting next_dagrun for example_task_group to 2024-03-09 00:00:00+00:00, run_after=2024-03-10 00:00:00+00:00
[2024-03-10T18:46:55.621+0000] {processor.py:183} INFO - Processing /home/airflow/.local/lib/python3.8/site-packages/airflow/example_dags/example_task_group.py took 7.339 seconds
