[2024-03-10T18:33:12.246+0000] {processor.py:161} INFO - Started process (PID=331) to work on /home/airflow/.local/lib/python3.8/site-packages/airflow/example_dags/example_branch_day_of_week_operator.py
[2024-03-10T18:33:12.249+0000] {processor.py:830} INFO - Processing file /home/airflow/.local/lib/python3.8/site-packages/airflow/example_dags/example_branch_day_of_week_operator.py for tasks to queue
[2024-03-10T18:33:12.252+0000] {logging_mixin.py:188} INFO - [2024-03-10T18:33:12.251+0000] {dagbag.py:540} INFO - Filling up the DagBag from /home/airflow/.local/lib/python3.8/site-packages/airflow/example_dags/example_branch_day_of_week_operator.py
[2024-03-10T18:33:12.272+0000] {processor.py:840} INFO - DAG(s) 'example_weekday_branch_operator' retrieved from /home/airflow/.local/lib/python3.8/site-packages/airflow/example_dags/example_branch_day_of_week_operator.py
[2024-03-10T18:33:12.437+0000] {logging_mixin.py:188} INFO - [2024-03-10T18:33:12.437+0000] {override.py:1769} INFO - Created Permission View: can delete on DAG:example_weekday_branch_operator
[2024-03-10T18:33:12.451+0000] {logging_mixin.py:188} INFO - [2024-03-10T18:33:12.451+0000] {override.py:1769} INFO - Created Permission View: can edit on DAG:example_weekday_branch_operator
[2024-03-10T18:33:12.464+0000] {logging_mixin.py:188} INFO - [2024-03-10T18:33:12.463+0000] {override.py:1769} INFO - Created Permission View: can read on DAG:example_weekday_branch_operator
[2024-03-10T18:33:12.465+0000] {logging_mixin.py:188} INFO - [2024-03-10T18:33:12.465+0000] {dag.py:3047} INFO - Sync 1 DAGs
[2024-03-10T18:33:12.508+0000] {logging_mixin.py:188} INFO - [2024-03-10T18:33:12.507+0000] {dag.py:3069} INFO - Creating ORM DAG for example_weekday_branch_operator
[2024-03-10T18:33:12.534+0000] {logging_mixin.py:188} INFO - [2024-03-10T18:33:12.534+0000] {dag.py:3834} INFO - Setting next_dagrun for example_weekday_branch_operator to 2024-03-09 00:00:00+00:00, run_after=2024-03-10 00:00:00+00:00
[2024-03-10T18:33:12.567+0000] {processor.py:183} INFO - Processing /home/airflow/.local/lib/python3.8/site-packages/airflow/example_dags/example_branch_day_of_week_operator.py took 0.329 seconds
[2024-03-10T18:33:47.958+0000] {processor.py:161} INFO - Started process (PID=578) to work on /home/airflow/.local/lib/python3.8/site-packages/airflow/example_dags/example_branch_day_of_week_operator.py
[2024-03-10T18:33:47.971+0000] {processor.py:830} INFO - Processing file /home/airflow/.local/lib/python3.8/site-packages/airflow/example_dags/example_branch_day_of_week_operator.py for tasks to queue
[2024-03-10T18:33:47.998+0000] {logging_mixin.py:188} INFO - [2024-03-10T18:33:47.996+0000] {dagbag.py:540} INFO - Filling up the DagBag from /home/airflow/.local/lib/python3.8/site-packages/airflow/example_dags/example_branch_day_of_week_operator.py
[2024-03-10T18:33:48.124+0000] {processor.py:840} INFO - DAG(s) 'example_weekday_branch_operator' retrieved from /home/airflow/.local/lib/python3.8/site-packages/airflow/example_dags/example_branch_day_of_week_operator.py
[2024-03-10T18:33:48.481+0000] {logging_mixin.py:188} INFO - [2024-03-10T18:33:48.480+0000] {dag.py:3047} INFO - Sync 1 DAGs
[2024-03-10T18:33:48.545+0000] {logging_mixin.py:188} INFO - [2024-03-10T18:33:48.545+0000] {dag.py:3834} INFO - Setting next_dagrun for example_weekday_branch_operator to 2024-03-09 00:00:00+00:00, run_after=2024-03-10 00:00:00+00:00
[2024-03-10T18:33:48.729+0000] {processor.py:183} INFO - Processing /home/airflow/.local/lib/python3.8/site-packages/airflow/example_dags/example_branch_day_of_week_operator.py took 0.811 seconds
[2024-03-10T18:34:19.572+0000] {processor.py:161} INFO - Started process (PID=827) to work on /home/airflow/.local/lib/python3.8/site-packages/airflow/example_dags/example_branch_day_of_week_operator.py
[2024-03-10T18:34:19.584+0000] {processor.py:830} INFO - Processing file /home/airflow/.local/lib/python3.8/site-packages/airflow/example_dags/example_branch_day_of_week_operator.py for tasks to queue
[2024-03-10T18:34:19.587+0000] {logging_mixin.py:188} INFO - [2024-03-10T18:34:19.587+0000] {dagbag.py:540} INFO - Filling up the DagBag from /home/airflow/.local/lib/python3.8/site-packages/airflow/example_dags/example_branch_day_of_week_operator.py
[2024-03-10T18:34:19.623+0000] {processor.py:840} INFO - DAG(s) 'example_weekday_branch_operator' retrieved from /home/airflow/.local/lib/python3.8/site-packages/airflow/example_dags/example_branch_day_of_week_operator.py
[2024-03-10T18:34:19.694+0000] {logging_mixin.py:188} INFO - [2024-03-10T18:34:19.693+0000] {dag.py:3047} INFO - Sync 1 DAGs
[2024-03-10T18:34:19.773+0000] {logging_mixin.py:188} INFO - [2024-03-10T18:34:19.773+0000] {dag.py:3834} INFO - Setting next_dagrun for example_weekday_branch_operator to 2024-03-09 00:00:00+00:00, run_after=2024-03-10 00:00:00+00:00
[2024-03-10T18:34:19.818+0000] {processor.py:183} INFO - Processing /home/airflow/.local/lib/python3.8/site-packages/airflow/example_dags/example_branch_day_of_week_operator.py took 0.262 seconds
[2024-03-10T18:34:52.876+0000] {processor.py:161} INFO - Started process (PID=1073) to work on /home/airflow/.local/lib/python3.8/site-packages/airflow/example_dags/example_branch_day_of_week_operator.py
[2024-03-10T18:34:52.884+0000] {processor.py:830} INFO - Processing file /home/airflow/.local/lib/python3.8/site-packages/airflow/example_dags/example_branch_day_of_week_operator.py for tasks to queue
[2024-03-10T18:34:52.887+0000] {logging_mixin.py:188} INFO - [2024-03-10T18:34:52.886+0000] {dagbag.py:540} INFO - Filling up the DagBag from /home/airflow/.local/lib/python3.8/site-packages/airflow/example_dags/example_branch_day_of_week_operator.py
[2024-03-10T18:34:52.902+0000] {processor.py:840} INFO - DAG(s) 'example_weekday_branch_operator' retrieved from /home/airflow/.local/lib/python3.8/site-packages/airflow/example_dags/example_branch_day_of_week_operator.py
[2024-03-10T18:34:52.975+0000] {logging_mixin.py:188} INFO - [2024-03-10T18:34:52.974+0000] {dag.py:3047} INFO - Sync 1 DAGs
[2024-03-10T18:34:53.035+0000] {logging_mixin.py:188} INFO - [2024-03-10T18:34:53.034+0000] {dag.py:3834} INFO - Setting next_dagrun for example_weekday_branch_operator to 2024-03-09 00:00:00+00:00, run_after=2024-03-10 00:00:00+00:00
[2024-03-10T18:34:53.064+0000] {processor.py:183} INFO - Processing /home/airflow/.local/lib/python3.8/site-packages/airflow/example_dags/example_branch_day_of_week_operator.py took 0.196 seconds
[2024-03-10T18:35:26.427+0000] {processor.py:161} INFO - Started process (PID=1320) to work on /home/airflow/.local/lib/python3.8/site-packages/airflow/example_dags/example_branch_day_of_week_operator.py
[2024-03-10T18:35:26.440+0000] {processor.py:830} INFO - Processing file /home/airflow/.local/lib/python3.8/site-packages/airflow/example_dags/example_branch_day_of_week_operator.py for tasks to queue
[2024-03-10T18:35:26.445+0000] {logging_mixin.py:188} INFO - [2024-03-10T18:35:26.444+0000] {dagbag.py:540} INFO - Filling up the DagBag from /home/airflow/.local/lib/python3.8/site-packages/airflow/example_dags/example_branch_day_of_week_operator.py
[2024-03-10T18:35:26.538+0000] {processor.py:840} INFO - DAG(s) 'example_weekday_branch_operator' retrieved from /home/airflow/.local/lib/python3.8/site-packages/airflow/example_dags/example_branch_day_of_week_operator.py
[2024-03-10T18:35:26.901+0000] {logging_mixin.py:188} INFO - [2024-03-10T18:35:26.895+0000] {dag.py:3047} INFO - Sync 1 DAGs
[2024-03-10T18:35:27.072+0000] {logging_mixin.py:188} INFO - [2024-03-10T18:35:27.071+0000] {dag.py:3834} INFO - Setting next_dagrun for example_weekday_branch_operator to 2024-03-09 00:00:00+00:00, run_after=2024-03-10 00:00:00+00:00
[2024-03-10T18:35:27.150+0000] {processor.py:183} INFO - Processing /home/airflow/.local/lib/python3.8/site-packages/airflow/example_dags/example_branch_day_of_week_operator.py took 0.761 seconds
[2024-03-10T18:35:58.391+0000] {processor.py:161} INFO - Started process (PID=1567) to work on /home/airflow/.local/lib/python3.8/site-packages/airflow/example_dags/example_branch_day_of_week_operator.py
[2024-03-10T18:35:58.398+0000] {processor.py:830} INFO - Processing file /home/airflow/.local/lib/python3.8/site-packages/airflow/example_dags/example_branch_day_of_week_operator.py for tasks to queue
[2024-03-10T18:35:58.458+0000] {logging_mixin.py:188} INFO - [2024-03-10T18:35:58.456+0000] {dagbag.py:540} INFO - Filling up the DagBag from /home/airflow/.local/lib/python3.8/site-packages/airflow/example_dags/example_branch_day_of_week_operator.py
[2024-03-10T18:35:58.533+0000] {processor.py:840} INFO - DAG(s) 'example_weekday_branch_operator' retrieved from /home/airflow/.local/lib/python3.8/site-packages/airflow/example_dags/example_branch_day_of_week_operator.py
[2024-03-10T18:35:58.639+0000] {logging_mixin.py:188} INFO - [2024-03-10T18:35:58.639+0000] {dag.py:3047} INFO - Sync 1 DAGs
[2024-03-10T18:35:58.774+0000] {logging_mixin.py:188} INFO - [2024-03-10T18:35:58.773+0000] {dag.py:3834} INFO - Setting next_dagrun for example_weekday_branch_operator to 2024-03-09 00:00:00+00:00, run_after=2024-03-10 00:00:00+00:00
[2024-03-10T18:35:58.906+0000] {processor.py:183} INFO - Processing /home/airflow/.local/lib/python3.8/site-packages/airflow/example_dags/example_branch_day_of_week_operator.py took 0.522 seconds
[2024-03-10T18:36:33.319+0000] {processor.py:161} INFO - Started process (PID=1819) to work on /home/airflow/.local/lib/python3.8/site-packages/airflow/example_dags/example_branch_day_of_week_operator.py
[2024-03-10T18:36:33.324+0000] {processor.py:830} INFO - Processing file /home/airflow/.local/lib/python3.8/site-packages/airflow/example_dags/example_branch_day_of_week_operator.py for tasks to queue
[2024-03-10T18:36:33.329+0000] {logging_mixin.py:188} INFO - [2024-03-10T18:36:33.328+0000] {dagbag.py:540} INFO - Filling up the DagBag from /home/airflow/.local/lib/python3.8/site-packages/airflow/example_dags/example_branch_day_of_week_operator.py
[2024-03-10T18:36:33.389+0000] {processor.py:840} INFO - DAG(s) 'example_weekday_branch_operator' retrieved from /home/airflow/.local/lib/python3.8/site-packages/airflow/example_dags/example_branch_day_of_week_operator.py
[2024-03-10T18:36:33.520+0000] {logging_mixin.py:188} INFO - [2024-03-10T18:36:33.519+0000] {dag.py:3047} INFO - Sync 1 DAGs
[2024-03-10T18:36:33.632+0000] {logging_mixin.py:188} INFO - [2024-03-10T18:36:33.631+0000] {dag.py:3834} INFO - Setting next_dagrun for example_weekday_branch_operator to 2024-03-09 00:00:00+00:00, run_after=2024-03-10 00:00:00+00:00
[2024-03-10T18:36:33.764+0000] {processor.py:183} INFO - Processing /home/airflow/.local/lib/python3.8/site-packages/airflow/example_dags/example_branch_day_of_week_operator.py took 0.460 seconds
[2024-03-10T18:37:05.469+0000] {processor.py:161} INFO - Started process (PID=2066) to work on /home/airflow/.local/lib/python3.8/site-packages/airflow/example_dags/example_branch_day_of_week_operator.py
[2024-03-10T18:37:05.481+0000] {processor.py:830} INFO - Processing file /home/airflow/.local/lib/python3.8/site-packages/airflow/example_dags/example_branch_day_of_week_operator.py for tasks to queue
[2024-03-10T18:37:05.493+0000] {logging_mixin.py:188} INFO - [2024-03-10T18:37:05.491+0000] {dagbag.py:540} INFO - Filling up the DagBag from /home/airflow/.local/lib/python3.8/site-packages/airflow/example_dags/example_branch_day_of_week_operator.py
[2024-03-10T18:37:05.529+0000] {processor.py:840} INFO - DAG(s) 'example_weekday_branch_operator' retrieved from /home/airflow/.local/lib/python3.8/site-packages/airflow/example_dags/example_branch_day_of_week_operator.py
[2024-03-10T18:37:05.637+0000] {logging_mixin.py:188} INFO - [2024-03-10T18:37:05.636+0000] {dag.py:3047} INFO - Sync 1 DAGs
[2024-03-10T18:37:05.696+0000] {logging_mixin.py:188} INFO - [2024-03-10T18:37:05.696+0000] {dag.py:3834} INFO - Setting next_dagrun for example_weekday_branch_operator to 2024-03-09 00:00:00+00:00, run_after=2024-03-10 00:00:00+00:00
[2024-03-10T18:37:05.742+0000] {processor.py:183} INFO - Processing /home/airflow/.local/lib/python3.8/site-packages/airflow/example_dags/example_branch_day_of_week_operator.py took 0.284 seconds
[2024-03-10T18:37:35.906+0000] {processor.py:161} INFO - Started process (PID=2309) to work on /home/airflow/.local/lib/python3.8/site-packages/airflow/example_dags/example_branch_day_of_week_operator.py
[2024-03-10T18:37:35.912+0000] {processor.py:830} INFO - Processing file /home/airflow/.local/lib/python3.8/site-packages/airflow/example_dags/example_branch_day_of_week_operator.py for tasks to queue
[2024-03-10T18:37:35.920+0000] {logging_mixin.py:188} INFO - [2024-03-10T18:37:35.917+0000] {dagbag.py:540} INFO - Filling up the DagBag from /home/airflow/.local/lib/python3.8/site-packages/airflow/example_dags/example_branch_day_of_week_operator.py
[2024-03-10T18:37:35.960+0000] {processor.py:840} INFO - DAG(s) 'example_weekday_branch_operator' retrieved from /home/airflow/.local/lib/python3.8/site-packages/airflow/example_dags/example_branch_day_of_week_operator.py
[2024-03-10T18:37:35.997+0000] {logging_mixin.py:188} INFO - [2024-03-10T18:37:35.997+0000] {dag.py:3047} INFO - Sync 1 DAGs
[2024-03-10T18:37:36.021+0000] {logging_mixin.py:188} INFO - [2024-03-10T18:37:36.021+0000] {dag.py:3834} INFO - Setting next_dagrun for example_weekday_branch_operator to 2024-03-09 00:00:00+00:00, run_after=2024-03-10 00:00:00+00:00
[2024-03-10T18:37:36.041+0000] {processor.py:183} INFO - Processing /home/airflow/.local/lib/python3.8/site-packages/airflow/example_dags/example_branch_day_of_week_operator.py took 0.142 seconds
[2024-03-10T18:38:06.538+0000] {processor.py:161} INFO - Started process (PID=2555) to work on /home/airflow/.local/lib/python3.8/site-packages/airflow/example_dags/example_branch_day_of_week_operator.py
[2024-03-10T18:38:06.555+0000] {processor.py:830} INFO - Processing file /home/airflow/.local/lib/python3.8/site-packages/airflow/example_dags/example_branch_day_of_week_operator.py for tasks to queue
[2024-03-10T18:38:06.562+0000] {logging_mixin.py:188} INFO - [2024-03-10T18:38:06.559+0000] {dagbag.py:540} INFO - Filling up the DagBag from /home/airflow/.local/lib/python3.8/site-packages/airflow/example_dags/example_branch_day_of_week_operator.py
[2024-03-10T18:38:06.588+0000] {processor.py:840} INFO - DAG(s) 'example_weekday_branch_operator' retrieved from /home/airflow/.local/lib/python3.8/site-packages/airflow/example_dags/example_branch_day_of_week_operator.py
[2024-03-10T18:38:06.679+0000] {logging_mixin.py:188} INFO - [2024-03-10T18:38:06.679+0000] {dag.py:3047} INFO - Sync 1 DAGs
[2024-03-10T18:38:07.063+0000] {logging_mixin.py:188} INFO - [2024-03-10T18:38:07.062+0000] {dag.py:3834} INFO - Setting next_dagrun for example_weekday_branch_operator to 2024-03-09 00:00:00+00:00, run_after=2024-03-10 00:00:00+00:00
[2024-03-10T18:38:07.194+0000] {processor.py:183} INFO - Processing /home/airflow/.local/lib/python3.8/site-packages/airflow/example_dags/example_branch_day_of_week_operator.py took 0.666 seconds
[2024-03-10T18:38:37.994+0000] {processor.py:161} INFO - Started process (PID=2802) to work on /home/airflow/.local/lib/python3.8/site-packages/airflow/example_dags/example_branch_day_of_week_operator.py
[2024-03-10T18:38:38.304+0000] {processor.py:830} INFO - Processing file /home/airflow/.local/lib/python3.8/site-packages/airflow/example_dags/example_branch_day_of_week_operator.py for tasks to queue
[2024-03-10T18:38:38.312+0000] {logging_mixin.py:188} INFO - [2024-03-10T18:38:38.310+0000] {dagbag.py:540} INFO - Filling up the DagBag from /home/airflow/.local/lib/python3.8/site-packages/airflow/example_dags/example_branch_day_of_week_operator.py
[2024-03-10T18:38:38.866+0000] {processor.py:840} INFO - DAG(s) 'example_weekday_branch_operator' retrieved from /home/airflow/.local/lib/python3.8/site-packages/airflow/example_dags/example_branch_day_of_week_operator.py
[2024-03-10T18:38:39.978+0000] {logging_mixin.py:188} INFO - [2024-03-10T18:38:39.975+0000] {dag.py:3047} INFO - Sync 1 DAGs
[2024-03-10T18:38:40.096+0000] {logging_mixin.py:188} INFO - [2024-03-10T18:38:40.095+0000] {dag.py:3834} INFO - Setting next_dagrun for example_weekday_branch_operator to 2024-03-09 00:00:00+00:00, run_after=2024-03-10 00:00:00+00:00
[2024-03-10T18:38:40.181+0000] {processor.py:183} INFO - Processing /home/airflow/.local/lib/python3.8/site-packages/airflow/example_dags/example_branch_day_of_week_operator.py took 2.212 seconds
[2024-03-10T18:39:10.737+0000] {processor.py:161} INFO - Started process (PID=3049) to work on /home/airflow/.local/lib/python3.8/site-packages/airflow/example_dags/example_branch_day_of_week_operator.py
[2024-03-10T18:39:10.754+0000] {processor.py:830} INFO - Processing file /home/airflow/.local/lib/python3.8/site-packages/airflow/example_dags/example_branch_day_of_week_operator.py for tasks to queue
[2024-03-10T18:39:10.819+0000] {logging_mixin.py:188} INFO - [2024-03-10T18:39:10.817+0000] {dagbag.py:540} INFO - Filling up the DagBag from /home/airflow/.local/lib/python3.8/site-packages/airflow/example_dags/example_branch_day_of_week_operator.py
[2024-03-10T18:39:10.858+0000] {processor.py:840} INFO - DAG(s) 'example_weekday_branch_operator' retrieved from /home/airflow/.local/lib/python3.8/site-packages/airflow/example_dags/example_branch_day_of_week_operator.py
[2024-03-10T18:39:10.981+0000] {logging_mixin.py:188} INFO - [2024-03-10T18:39:10.980+0000] {dag.py:3047} INFO - Sync 1 DAGs
[2024-03-10T18:39:11.048+0000] {logging_mixin.py:188} INFO - [2024-03-10T18:39:11.048+0000] {dag.py:3834} INFO - Setting next_dagrun for example_weekday_branch_operator to 2024-03-09 00:00:00+00:00, run_after=2024-03-10 00:00:00+00:00
[2024-03-10T18:39:11.076+0000] {processor.py:183} INFO - Processing /home/airflow/.local/lib/python3.8/site-packages/airflow/example_dags/example_branch_day_of_week_operator.py took 0.351 seconds
[2024-03-10T18:39:47.359+0000] {processor.py:161} INFO - Started process (PID=3303) to work on /home/airflow/.local/lib/python3.8/site-packages/airflow/example_dags/example_branch_day_of_week_operator.py
[2024-03-10T18:39:47.483+0000] {processor.py:830} INFO - Processing file /home/airflow/.local/lib/python3.8/site-packages/airflow/example_dags/example_branch_day_of_week_operator.py for tasks to queue
[2024-03-10T18:39:47.503+0000] {logging_mixin.py:188} INFO - [2024-03-10T18:39:47.498+0000] {dagbag.py:540} INFO - Filling up the DagBag from /home/airflow/.local/lib/python3.8/site-packages/airflow/example_dags/example_branch_day_of_week_operator.py
[2024-03-10T18:39:47.783+0000] {processor.py:840} INFO - DAG(s) 'example_weekday_branch_operator' retrieved from /home/airflow/.local/lib/python3.8/site-packages/airflow/example_dags/example_branch_day_of_week_operator.py
[2024-03-10T18:39:48.037+0000] {logging_mixin.py:188} INFO - [2024-03-10T18:39:48.035+0000] {dag.py:3047} INFO - Sync 1 DAGs
[2024-03-10T18:39:48.177+0000] {logging_mixin.py:188} INFO - [2024-03-10T18:39:48.177+0000] {dag.py:3834} INFO - Setting next_dagrun for example_weekday_branch_operator to 2024-03-09 00:00:00+00:00, run_after=2024-03-10 00:00:00+00:00
[2024-03-10T18:39:48.244+0000] {processor.py:183} INFO - Processing /home/airflow/.local/lib/python3.8/site-packages/airflow/example_dags/example_branch_day_of_week_operator.py took 1.291 seconds
[2024-03-10T18:40:18.840+0000] {processor.py:161} INFO - Started process (PID=3561) to work on /home/airflow/.local/lib/python3.8/site-packages/airflow/example_dags/example_branch_day_of_week_operator.py
[2024-03-10T18:40:18.846+0000] {processor.py:830} INFO - Processing file /home/airflow/.local/lib/python3.8/site-packages/airflow/example_dags/example_branch_day_of_week_operator.py for tasks to queue
[2024-03-10T18:40:18.854+0000] {logging_mixin.py:188} INFO - [2024-03-10T18:40:18.851+0000] {dagbag.py:540} INFO - Filling up the DagBag from /home/airflow/.local/lib/python3.8/site-packages/airflow/example_dags/example_branch_day_of_week_operator.py
[2024-03-10T18:40:18.913+0000] {processor.py:840} INFO - DAG(s) 'example_weekday_branch_operator' retrieved from /home/airflow/.local/lib/python3.8/site-packages/airflow/example_dags/example_branch_day_of_week_operator.py
[2024-03-10T18:40:19.050+0000] {logging_mixin.py:188} INFO - [2024-03-10T18:40:19.050+0000] {dag.py:3047} INFO - Sync 1 DAGs
[2024-03-10T18:40:19.135+0000] {logging_mixin.py:188} INFO - [2024-03-10T18:40:19.135+0000] {dag.py:3834} INFO - Setting next_dagrun for example_weekday_branch_operator to 2024-03-09 00:00:00+00:00, run_after=2024-03-10 00:00:00+00:00
[2024-03-10T18:40:19.274+0000] {processor.py:183} INFO - Processing /home/airflow/.local/lib/python3.8/site-packages/airflow/example_dags/example_branch_day_of_week_operator.py took 0.458 seconds
[2024-03-10T18:40:52.830+0000] {processor.py:161} INFO - Started process (PID=3813) to work on /home/airflow/.local/lib/python3.8/site-packages/airflow/example_dags/example_branch_day_of_week_operator.py
[2024-03-10T18:40:52.871+0000] {processor.py:830} INFO - Processing file /home/airflow/.local/lib/python3.8/site-packages/airflow/example_dags/example_branch_day_of_week_operator.py for tasks to queue
[2024-03-10T18:40:52.883+0000] {logging_mixin.py:188} INFO - [2024-03-10T18:40:52.879+0000] {dagbag.py:540} INFO - Filling up the DagBag from /home/airflow/.local/lib/python3.8/site-packages/airflow/example_dags/example_branch_day_of_week_operator.py
[2024-03-10T18:40:52.970+0000] {processor.py:840} INFO - DAG(s) 'example_weekday_branch_operator' retrieved from /home/airflow/.local/lib/python3.8/site-packages/airflow/example_dags/example_branch_day_of_week_operator.py
[2024-03-10T18:40:53.027+0000] {logging_mixin.py:188} INFO - [2024-03-10T18:40:53.026+0000] {dag.py:3047} INFO - Sync 1 DAGs
[2024-03-10T18:40:53.115+0000] {logging_mixin.py:188} INFO - [2024-03-10T18:40:53.114+0000] {dag.py:3834} INFO - Setting next_dagrun for example_weekday_branch_operator to 2024-03-09 00:00:00+00:00, run_after=2024-03-10 00:00:00+00:00
[2024-03-10T18:40:53.166+0000] {processor.py:183} INFO - Processing /home/airflow/.local/lib/python3.8/site-packages/airflow/example_dags/example_branch_day_of_week_operator.py took 0.363 seconds
[2024-03-10T18:41:25.316+0000] {processor.py:161} INFO - Started process (PID=4074) to work on /home/airflow/.local/lib/python3.8/site-packages/airflow/example_dags/example_branch_day_of_week_operator.py
[2024-03-10T18:41:25.324+0000] {processor.py:830} INFO - Processing file /home/airflow/.local/lib/python3.8/site-packages/airflow/example_dags/example_branch_day_of_week_operator.py for tasks to queue
[2024-03-10T18:41:25.333+0000] {logging_mixin.py:188} INFO - [2024-03-10T18:41:25.331+0000] {dagbag.py:540} INFO - Filling up the DagBag from /home/airflow/.local/lib/python3.8/site-packages/airflow/example_dags/example_branch_day_of_week_operator.py
[2024-03-10T18:41:25.359+0000] {processor.py:840} INFO - DAG(s) 'example_weekday_branch_operator' retrieved from /home/airflow/.local/lib/python3.8/site-packages/airflow/example_dags/example_branch_day_of_week_operator.py
[2024-03-10T18:41:25.594+0000] {logging_mixin.py:188} INFO - [2024-03-10T18:41:25.593+0000] {dag.py:3047} INFO - Sync 1 DAGs
[2024-03-10T18:41:25.937+0000] {logging_mixin.py:188} INFO - [2024-03-10T18:41:25.936+0000] {dag.py:3834} INFO - Setting next_dagrun for example_weekday_branch_operator to 2024-03-09 00:00:00+00:00, run_after=2024-03-10 00:00:00+00:00
[2024-03-10T18:41:26.103+0000] {processor.py:183} INFO - Processing /home/airflow/.local/lib/python3.8/site-packages/airflow/example_dags/example_branch_day_of_week_operator.py took 0.800 seconds
[2024-03-10T18:41:57.361+0000] {processor.py:161} INFO - Started process (PID=4324) to work on /home/airflow/.local/lib/python3.8/site-packages/airflow/example_dags/example_branch_day_of_week_operator.py
[2024-03-10T18:41:57.372+0000] {processor.py:830} INFO - Processing file /home/airflow/.local/lib/python3.8/site-packages/airflow/example_dags/example_branch_day_of_week_operator.py for tasks to queue
[2024-03-10T18:41:57.382+0000] {logging_mixin.py:188} INFO - [2024-03-10T18:41:57.380+0000] {dagbag.py:540} INFO - Filling up the DagBag from /home/airflow/.local/lib/python3.8/site-packages/airflow/example_dags/example_branch_day_of_week_operator.py
[2024-03-10T18:41:57.410+0000] {processor.py:840} INFO - DAG(s) 'example_weekday_branch_operator' retrieved from /home/airflow/.local/lib/python3.8/site-packages/airflow/example_dags/example_branch_day_of_week_operator.py
[2024-03-10T18:41:57.477+0000] {logging_mixin.py:188} INFO - [2024-03-10T18:41:57.476+0000] {dag.py:3047} INFO - Sync 1 DAGs
[2024-03-10T18:41:57.532+0000] {logging_mixin.py:188} INFO - [2024-03-10T18:41:57.531+0000] {dag.py:3834} INFO - Setting next_dagrun for example_weekday_branch_operator to 2024-03-09 00:00:00+00:00, run_after=2024-03-10 00:00:00+00:00
[2024-03-10T18:41:57.614+0000] {processor.py:183} INFO - Processing /home/airflow/.local/lib/python3.8/site-packages/airflow/example_dags/example_branch_day_of_week_operator.py took 0.277 seconds
[2024-03-10T18:42:50.583+0000] {processor.py:161} INFO - Started process (PID=4587) to work on /home/airflow/.local/lib/python3.8/site-packages/airflow/example_dags/example_branch_day_of_week_operator.py
[2024-03-10T18:42:50.594+0000] {processor.py:830} INFO - Processing file /home/airflow/.local/lib/python3.8/site-packages/airflow/example_dags/example_branch_day_of_week_operator.py for tasks to queue
[2024-03-10T18:42:50.600+0000] {logging_mixin.py:188} INFO - [2024-03-10T18:42:50.598+0000] {dagbag.py:540} INFO - Filling up the DagBag from /home/airflow/.local/lib/python3.8/site-packages/airflow/example_dags/example_branch_day_of_week_operator.py
[2024-03-10T18:42:50.663+0000] {processor.py:840} INFO - DAG(s) 'example_weekday_branch_operator' retrieved from /home/airflow/.local/lib/python3.8/site-packages/airflow/example_dags/example_branch_day_of_week_operator.py
[2024-03-10T18:42:50.862+0000] {logging_mixin.py:188} INFO - [2024-03-10T18:42:50.860+0000] {dag.py:3047} INFO - Sync 1 DAGs
[2024-03-10T18:42:51.200+0000] {logging_mixin.py:188} INFO - [2024-03-10T18:42:51.194+0000] {dag.py:3834} INFO - Setting next_dagrun for example_weekday_branch_operator to 2024-03-09 00:00:00+00:00, run_after=2024-03-10 00:00:00+00:00
[2024-03-10T18:42:51.399+0000] {processor.py:183} INFO - Processing /home/airflow/.local/lib/python3.8/site-packages/airflow/example_dags/example_branch_day_of_week_operator.py took 0.848 seconds
[2024-03-10T18:43:58.429+0000] {processor.py:161} INFO - Started process (PID=4834) to work on /home/airflow/.local/lib/python3.8/site-packages/airflow/example_dags/example_branch_day_of_week_operator.py
[2024-03-10T18:43:58.438+0000] {processor.py:830} INFO - Processing file /home/airflow/.local/lib/python3.8/site-packages/airflow/example_dags/example_branch_day_of_week_operator.py for tasks to queue
[2024-03-10T18:43:58.448+0000] {logging_mixin.py:188} INFO - [2024-03-10T18:43:58.446+0000] {dagbag.py:540} INFO - Filling up the DagBag from /home/airflow/.local/lib/python3.8/site-packages/airflow/example_dags/example_branch_day_of_week_operator.py
[2024-03-10T18:43:58.556+0000] {processor.py:840} INFO - DAG(s) 'example_weekday_branch_operator' retrieved from /home/airflow/.local/lib/python3.8/site-packages/airflow/example_dags/example_branch_day_of_week_operator.py
[2024-03-10T18:43:58.945+0000] {logging_mixin.py:188} INFO - [2024-03-10T18:43:58.941+0000] {dag.py:3047} INFO - Sync 1 DAGs
[2024-03-10T18:43:59.132+0000] {logging_mixin.py:188} INFO - [2024-03-10T18:43:59.131+0000] {dag.py:3834} INFO - Setting next_dagrun for example_weekday_branch_operator to 2024-03-09 00:00:00+00:00, run_after=2024-03-10 00:00:00+00:00
[2024-03-10T18:43:59.328+0000] {processor.py:183} INFO - Processing /home/airflow/.local/lib/python3.8/site-packages/airflow/example_dags/example_branch_day_of_week_operator.py took 0.919 seconds
