[2024-03-10T18:33:11.224+0000] {processor.py:161} INFO - Started process (PID=319) to work on /home/airflow/.local/lib/python3.8/site-packages/airflow/example_dags/example_task_group_decorator.py
[2024-03-10T18:33:11.227+0000] {processor.py:830} INFO - Processing file /home/airflow/.local/lib/python3.8/site-packages/airflow/example_dags/example_task_group_decorator.py for tasks to queue
[2024-03-10T18:33:11.229+0000] {logging_mixin.py:188} INFO - [2024-03-10T18:33:11.228+0000] {dagbag.py:540} INFO - Filling up the DagBag from /home/airflow/.local/lib/python3.8/site-packages/airflow/example_dags/example_task_group_decorator.py
[2024-03-10T18:33:11.280+0000] {processor.py:840} INFO - DAG(s) 'example_task_group_decorator' retrieved from /home/airflow/.local/lib/python3.8/site-packages/airflow/example_dags/example_task_group_decorator.py
[2024-03-10T18:33:11.911+0000] {logging_mixin.py:188} INFO - [2024-03-10T18:33:11.901+0000] {override.py:1769} INFO - Created Permission View: can delete on DAG:example_task_group_decorator
[2024-03-10T18:33:11.978+0000] {logging_mixin.py:188} INFO - [2024-03-10T18:33:11.978+0000] {override.py:1769} INFO - Created Permission View: can edit on DAG:example_task_group_decorator
[2024-03-10T18:33:11.988+0000] {logging_mixin.py:188} INFO - [2024-03-10T18:33:11.988+0000] {override.py:1769} INFO - Created Permission View: can read on DAG:example_task_group_decorator
[2024-03-10T18:33:11.989+0000] {logging_mixin.py:188} INFO - [2024-03-10T18:33:11.989+0000] {dag.py:3047} INFO - Sync 1 DAGs
[2024-03-10T18:33:12.026+0000] {logging_mixin.py:188} INFO - [2024-03-10T18:33:12.026+0000] {dag.py:3069} INFO - Creating ORM DAG for example_task_group_decorator
[2024-03-10T18:33:12.094+0000] {logging_mixin.py:188} INFO - [2024-03-10T18:33:12.093+0000] {dag.py:3834} INFO - Setting next_dagrun for example_task_group_decorator to 2024-03-09 00:00:00+00:00, run_after=2024-03-10 00:00:00+00:00
[2024-03-10T18:33:12.131+0000] {processor.py:183} INFO - Processing /home/airflow/.local/lib/python3.8/site-packages/airflow/example_dags/example_task_group_decorator.py took 0.912 seconds
[2024-03-10T18:33:47.274+0000] {processor.py:161} INFO - Started process (PID=568) to work on /home/airflow/.local/lib/python3.8/site-packages/airflow/example_dags/example_task_group_decorator.py
[2024-03-10T18:33:47.278+0000] {processor.py:830} INFO - Processing file /home/airflow/.local/lib/python3.8/site-packages/airflow/example_dags/example_task_group_decorator.py for tasks to queue
[2024-03-10T18:33:47.282+0000] {logging_mixin.py:188} INFO - [2024-03-10T18:33:47.281+0000] {dagbag.py:540} INFO - Filling up the DagBag from /home/airflow/.local/lib/python3.8/site-packages/airflow/example_dags/example_task_group_decorator.py
[2024-03-10T18:33:47.326+0000] {processor.py:840} INFO - DAG(s) 'example_task_group_decorator' retrieved from /home/airflow/.local/lib/python3.8/site-packages/airflow/example_dags/example_task_group_decorator.py
[2024-03-10T18:33:47.381+0000] {logging_mixin.py:188} INFO - [2024-03-10T18:33:47.381+0000] {dag.py:3047} INFO - Sync 1 DAGs
[2024-03-10T18:33:47.448+0000] {logging_mixin.py:188} INFO - [2024-03-10T18:33:47.448+0000] {dag.py:3834} INFO - Setting next_dagrun for example_task_group_decorator to 2024-03-09 00:00:00+00:00, run_after=2024-03-10 00:00:00+00:00
[2024-03-10T18:33:47.514+0000] {processor.py:183} INFO - Processing /home/airflow/.local/lib/python3.8/site-packages/airflow/example_dags/example_task_group_decorator.py took 0.246 seconds
[2024-03-10T18:34:18.602+0000] {processor.py:161} INFO - Started process (PID=817) to work on /home/airflow/.local/lib/python3.8/site-packages/airflow/example_dags/example_task_group_decorator.py
[2024-03-10T18:34:18.607+0000] {processor.py:830} INFO - Processing file /home/airflow/.local/lib/python3.8/site-packages/airflow/example_dags/example_task_group_decorator.py for tasks to queue
[2024-03-10T18:34:18.611+0000] {logging_mixin.py:188} INFO - [2024-03-10T18:34:18.610+0000] {dagbag.py:540} INFO - Filling up the DagBag from /home/airflow/.local/lib/python3.8/site-packages/airflow/example_dags/example_task_group_decorator.py
[2024-03-10T18:34:18.644+0000] {processor.py:840} INFO - DAG(s) 'example_task_group_decorator' retrieved from /home/airflow/.local/lib/python3.8/site-packages/airflow/example_dags/example_task_group_decorator.py
[2024-03-10T18:34:18.708+0000] {logging_mixin.py:188} INFO - [2024-03-10T18:34:18.707+0000] {dag.py:3047} INFO - Sync 1 DAGs
[2024-03-10T18:34:18.739+0000] {logging_mixin.py:188} INFO - [2024-03-10T18:34:18.739+0000] {dag.py:3834} INFO - Setting next_dagrun for example_task_group_decorator to 2024-03-09 00:00:00+00:00, run_after=2024-03-10 00:00:00+00:00
[2024-03-10T18:34:18.764+0000] {processor.py:183} INFO - Processing /home/airflow/.local/lib/python3.8/site-packages/airflow/example_dags/example_task_group_decorator.py took 0.183 seconds
[2024-03-10T18:34:52.537+0000] {processor.py:161} INFO - Started process (PID=1063) to work on /home/airflow/.local/lib/python3.8/site-packages/airflow/example_dags/example_task_group_decorator.py
[2024-03-10T18:34:52.545+0000] {processor.py:830} INFO - Processing file /home/airflow/.local/lib/python3.8/site-packages/airflow/example_dags/example_task_group_decorator.py for tasks to queue
[2024-03-10T18:34:52.552+0000] {logging_mixin.py:188} INFO - [2024-03-10T18:34:52.551+0000] {dagbag.py:540} INFO - Filling up the DagBag from /home/airflow/.local/lib/python3.8/site-packages/airflow/example_dags/example_task_group_decorator.py
[2024-03-10T18:34:52.614+0000] {processor.py:840} INFO - DAG(s) 'example_task_group_decorator' retrieved from /home/airflow/.local/lib/python3.8/site-packages/airflow/example_dags/example_task_group_decorator.py
[2024-03-10T18:34:52.661+0000] {logging_mixin.py:188} INFO - [2024-03-10T18:34:52.661+0000] {dag.py:3047} INFO - Sync 1 DAGs
[2024-03-10T18:34:52.713+0000] {logging_mixin.py:188} INFO - [2024-03-10T18:34:52.712+0000] {dag.py:3834} INFO - Setting next_dagrun for example_task_group_decorator to 2024-03-09 00:00:00+00:00, run_after=2024-03-10 00:00:00+00:00
[2024-03-10T18:34:52.782+0000] {processor.py:183} INFO - Processing /home/airflow/.local/lib/python3.8/site-packages/airflow/example_dags/example_task_group_decorator.py took 0.250 seconds
[2024-03-10T18:35:25.684+0000] {processor.py:161} INFO - Started process (PID=1310) to work on /home/airflow/.local/lib/python3.8/site-packages/airflow/example_dags/example_task_group_decorator.py
[2024-03-10T18:35:25.692+0000] {processor.py:830} INFO - Processing file /home/airflow/.local/lib/python3.8/site-packages/airflow/example_dags/example_task_group_decorator.py for tasks to queue
[2024-03-10T18:35:25.711+0000] {logging_mixin.py:188} INFO - [2024-03-10T18:35:25.709+0000] {dagbag.py:540} INFO - Filling up the DagBag from /home/airflow/.local/lib/python3.8/site-packages/airflow/example_dags/example_task_group_decorator.py
[2024-03-10T18:35:25.769+0000] {processor.py:840} INFO - DAG(s) 'example_task_group_decorator' retrieved from /home/airflow/.local/lib/python3.8/site-packages/airflow/example_dags/example_task_group_decorator.py
[2024-03-10T18:35:25.877+0000] {logging_mixin.py:188} INFO - [2024-03-10T18:35:25.877+0000] {dag.py:3047} INFO - Sync 1 DAGs
[2024-03-10T18:35:25.989+0000] {logging_mixin.py:188} INFO - [2024-03-10T18:35:25.989+0000] {dag.py:3834} INFO - Setting next_dagrun for example_task_group_decorator to 2024-03-09 00:00:00+00:00, run_after=2024-03-10 00:00:00+00:00
[2024-03-10T18:35:26.146+0000] {processor.py:183} INFO - Processing /home/airflow/.local/lib/python3.8/site-packages/airflow/example_dags/example_task_group_decorator.py took 0.472 seconds
[2024-03-10T18:35:58.062+0000] {processor.py:161} INFO - Started process (PID=1557) to work on /home/airflow/.local/lib/python3.8/site-packages/airflow/example_dags/example_task_group_decorator.py
[2024-03-10T18:35:58.068+0000] {processor.py:830} INFO - Processing file /home/airflow/.local/lib/python3.8/site-packages/airflow/example_dags/example_task_group_decorator.py for tasks to queue
[2024-03-10T18:35:58.084+0000] {logging_mixin.py:188} INFO - [2024-03-10T18:35:58.080+0000] {dagbag.py:540} INFO - Filling up the DagBag from /home/airflow/.local/lib/python3.8/site-packages/airflow/example_dags/example_task_group_decorator.py
[2024-03-10T18:35:58.161+0000] {processor.py:840} INFO - DAG(s) 'example_task_group_decorator' retrieved from /home/airflow/.local/lib/python3.8/site-packages/airflow/example_dags/example_task_group_decorator.py
[2024-03-10T18:35:58.227+0000] {logging_mixin.py:188} INFO - [2024-03-10T18:35:58.226+0000] {dag.py:3047} INFO - Sync 1 DAGs
[2024-03-10T18:35:58.269+0000] {logging_mixin.py:188} INFO - [2024-03-10T18:35:58.269+0000] {dag.py:3834} INFO - Setting next_dagrun for example_task_group_decorator to 2024-03-09 00:00:00+00:00, run_after=2024-03-10 00:00:00+00:00
[2024-03-10T18:35:58.296+0000] {processor.py:183} INFO - Processing /home/airflow/.local/lib/python3.8/site-packages/airflow/example_dags/example_task_group_decorator.py took 0.241 seconds
[2024-03-10T18:36:32.526+0000] {processor.py:161} INFO - Started process (PID=1809) to work on /home/airflow/.local/lib/python3.8/site-packages/airflow/example_dags/example_task_group_decorator.py
[2024-03-10T18:36:32.558+0000] {processor.py:830} INFO - Processing file /home/airflow/.local/lib/python3.8/site-packages/airflow/example_dags/example_task_group_decorator.py for tasks to queue
[2024-03-10T18:36:32.573+0000] {logging_mixin.py:188} INFO - [2024-03-10T18:36:32.567+0000] {dagbag.py:540} INFO - Filling up the DagBag from /home/airflow/.local/lib/python3.8/site-packages/airflow/example_dags/example_task_group_decorator.py
[2024-03-10T18:36:32.759+0000] {processor.py:840} INFO - DAG(s) 'example_task_group_decorator' retrieved from /home/airflow/.local/lib/python3.8/site-packages/airflow/example_dags/example_task_group_decorator.py
[2024-03-10T18:36:32.918+0000] {logging_mixin.py:188} INFO - [2024-03-10T18:36:32.917+0000] {dag.py:3047} INFO - Sync 1 DAGs
[2024-03-10T18:36:33.034+0000] {logging_mixin.py:188} INFO - [2024-03-10T18:36:33.034+0000] {dag.py:3834} INFO - Setting next_dagrun for example_task_group_decorator to 2024-03-09 00:00:00+00:00, run_after=2024-03-10 00:00:00+00:00
[2024-03-10T18:36:33.130+0000] {processor.py:183} INFO - Processing /home/airflow/.local/lib/python3.8/site-packages/airflow/example_dags/example_task_group_decorator.py took 0.632 seconds
[2024-03-10T18:37:03.293+0000] {processor.py:161} INFO - Started process (PID=2052) to work on /home/airflow/.local/lib/python3.8/site-packages/airflow/example_dags/example_task_group_decorator.py
[2024-03-10T18:37:03.302+0000] {processor.py:830} INFO - Processing file /home/airflow/.local/lib/python3.8/site-packages/airflow/example_dags/example_task_group_decorator.py for tasks to queue
[2024-03-10T18:37:03.308+0000] {logging_mixin.py:188} INFO - [2024-03-10T18:37:03.306+0000] {dagbag.py:540} INFO - Filling up the DagBag from /home/airflow/.local/lib/python3.8/site-packages/airflow/example_dags/example_task_group_decorator.py
[2024-03-10T18:37:03.360+0000] {processor.py:840} INFO - DAG(s) 'example_task_group_decorator' retrieved from /home/airflow/.local/lib/python3.8/site-packages/airflow/example_dags/example_task_group_decorator.py
[2024-03-10T18:37:03.459+0000] {logging_mixin.py:188} INFO - [2024-03-10T18:37:03.459+0000] {dag.py:3047} INFO - Sync 1 DAGs
[2024-03-10T18:37:03.535+0000] {logging_mixin.py:188} INFO - [2024-03-10T18:37:03.535+0000] {dag.py:3834} INFO - Setting next_dagrun for example_task_group_decorator to 2024-03-09 00:00:00+00:00, run_after=2024-03-10 00:00:00+00:00
[2024-03-10T18:37:03.580+0000] {processor.py:183} INFO - Processing /home/airflow/.local/lib/python3.8/site-packages/airflow/example_dags/example_task_group_decorator.py took 0.302 seconds
[2024-03-10T18:37:34.375+0000] {processor.py:161} INFO - Started process (PID=2299) to work on /home/airflow/.local/lib/python3.8/site-packages/airflow/example_dags/example_task_group_decorator.py
[2024-03-10T18:37:34.381+0000] {processor.py:830} INFO - Processing file /home/airflow/.local/lib/python3.8/site-packages/airflow/example_dags/example_task_group_decorator.py for tasks to queue
[2024-03-10T18:37:34.386+0000] {logging_mixin.py:188} INFO - [2024-03-10T18:37:34.386+0000] {dagbag.py:540} INFO - Filling up the DagBag from /home/airflow/.local/lib/python3.8/site-packages/airflow/example_dags/example_task_group_decorator.py
[2024-03-10T18:37:34.423+0000] {processor.py:840} INFO - DAG(s) 'example_task_group_decorator' retrieved from /home/airflow/.local/lib/python3.8/site-packages/airflow/example_dags/example_task_group_decorator.py
[2024-03-10T18:37:34.486+0000] {logging_mixin.py:188} INFO - [2024-03-10T18:37:34.486+0000] {dag.py:3047} INFO - Sync 1 DAGs
[2024-03-10T18:37:34.507+0000] {logging_mixin.py:188} INFO - [2024-03-10T18:37:34.506+0000] {dag.py:3834} INFO - Setting next_dagrun for example_task_group_decorator to 2024-03-09 00:00:00+00:00, run_after=2024-03-10 00:00:00+00:00
[2024-03-10T18:37:34.521+0000] {processor.py:183} INFO - Processing /home/airflow/.local/lib/python3.8/site-packages/airflow/example_dags/example_task_group_decorator.py took 0.151 seconds
[2024-03-10T18:38:05.825+0000] {processor.py:161} INFO - Started process (PID=2545) to work on /home/airflow/.local/lib/python3.8/site-packages/airflow/example_dags/example_task_group_decorator.py
[2024-03-10T18:38:05.839+0000] {processor.py:830} INFO - Processing file /home/airflow/.local/lib/python3.8/site-packages/airflow/example_dags/example_task_group_decorator.py for tasks to queue
[2024-03-10T18:38:05.846+0000] {logging_mixin.py:188} INFO - [2024-03-10T18:38:05.845+0000] {dagbag.py:540} INFO - Filling up the DagBag from /home/airflow/.local/lib/python3.8/site-packages/airflow/example_dags/example_task_group_decorator.py
[2024-03-10T18:38:05.912+0000] {processor.py:840} INFO - DAG(s) 'example_task_group_decorator' retrieved from /home/airflow/.local/lib/python3.8/site-packages/airflow/example_dags/example_task_group_decorator.py
[2024-03-10T18:38:06.048+0000] {logging_mixin.py:188} INFO - [2024-03-10T18:38:06.047+0000] {dag.py:3047} INFO - Sync 1 DAGs
[2024-03-10T18:38:06.148+0000] {logging_mixin.py:188} INFO - [2024-03-10T18:38:06.148+0000] {dag.py:3834} INFO - Setting next_dagrun for example_task_group_decorator to 2024-03-09 00:00:00+00:00, run_after=2024-03-10 00:00:00+00:00
[2024-03-10T18:38:06.381+0000] {processor.py:183} INFO - Processing /home/airflow/.local/lib/python3.8/site-packages/airflow/example_dags/example_task_group_decorator.py took 0.572 seconds
[2024-03-10T18:38:36.940+0000] {processor.py:161} INFO - Started process (PID=2792) to work on /home/airflow/.local/lib/python3.8/site-packages/airflow/example_dags/example_task_group_decorator.py
[2024-03-10T18:38:36.944+0000] {processor.py:830} INFO - Processing file /home/airflow/.local/lib/python3.8/site-packages/airflow/example_dags/example_task_group_decorator.py for tasks to queue
[2024-03-10T18:38:36.949+0000] {logging_mixin.py:188} INFO - [2024-03-10T18:38:36.948+0000] {dagbag.py:540} INFO - Filling up the DagBag from /home/airflow/.local/lib/python3.8/site-packages/airflow/example_dags/example_task_group_decorator.py
[2024-03-10T18:38:36.984+0000] {processor.py:840} INFO - DAG(s) 'example_task_group_decorator' retrieved from /home/airflow/.local/lib/python3.8/site-packages/airflow/example_dags/example_task_group_decorator.py
[2024-03-10T18:38:37.065+0000] {logging_mixin.py:188} INFO - [2024-03-10T18:38:37.064+0000] {dag.py:3047} INFO - Sync 1 DAGs
[2024-03-10T18:38:37.368+0000] {logging_mixin.py:188} INFO - [2024-03-10T18:38:37.366+0000] {dag.py:3834} INFO - Setting next_dagrun for example_task_group_decorator to 2024-03-09 00:00:00+00:00, run_after=2024-03-10 00:00:00+00:00
[2024-03-10T18:38:37.521+0000] {processor.py:183} INFO - Processing /home/airflow/.local/lib/python3.8/site-packages/airflow/example_dags/example_task_group_decorator.py took 0.594 seconds
[2024-03-10T18:39:08.231+0000] {processor.py:161} INFO - Started process (PID=3041) to work on /home/airflow/.local/lib/python3.8/site-packages/airflow/example_dags/example_task_group_decorator.py
[2024-03-10T18:39:08.236+0000] {processor.py:830} INFO - Processing file /home/airflow/.local/lib/python3.8/site-packages/airflow/example_dags/example_task_group_decorator.py for tasks to queue
[2024-03-10T18:39:08.248+0000] {logging_mixin.py:188} INFO - [2024-03-10T18:39:08.245+0000] {dagbag.py:540} INFO - Filling up the DagBag from /home/airflow/.local/lib/python3.8/site-packages/airflow/example_dags/example_task_group_decorator.py
[2024-03-10T18:39:08.297+0000] {processor.py:840} INFO - DAG(s) 'example_task_group_decorator' retrieved from /home/airflow/.local/lib/python3.8/site-packages/airflow/example_dags/example_task_group_decorator.py
[2024-03-10T18:39:08.373+0000] {logging_mixin.py:188} INFO - [2024-03-10T18:39:08.372+0000] {dag.py:3047} INFO - Sync 1 DAGs
[2024-03-10T18:39:08.466+0000] {logging_mixin.py:188} INFO - [2024-03-10T18:39:08.465+0000] {dag.py:3834} INFO - Setting next_dagrun for example_task_group_decorator to 2024-03-09 00:00:00+00:00, run_after=2024-03-10 00:00:00+00:00
[2024-03-10T18:39:08.536+0000] {processor.py:183} INFO - Processing /home/airflow/.local/lib/python3.8/site-packages/airflow/example_dags/example_task_group_decorator.py took 0.317 seconds
[2024-03-10T18:39:45.511+0000] {processor.py:161} INFO - Started process (PID=3293) to work on /home/airflow/.local/lib/python3.8/site-packages/airflow/example_dags/example_task_group_decorator.py
[2024-03-10T18:39:45.517+0000] {processor.py:830} INFO - Processing file /home/airflow/.local/lib/python3.8/site-packages/airflow/example_dags/example_task_group_decorator.py for tasks to queue
[2024-03-10T18:39:45.521+0000] {logging_mixin.py:188} INFO - [2024-03-10T18:39:45.520+0000] {dagbag.py:540} INFO - Filling up the DagBag from /home/airflow/.local/lib/python3.8/site-packages/airflow/example_dags/example_task_group_decorator.py
[2024-03-10T18:39:45.557+0000] {processor.py:840} INFO - DAG(s) 'example_task_group_decorator' retrieved from /home/airflow/.local/lib/python3.8/site-packages/airflow/example_dags/example_task_group_decorator.py
[2024-03-10T18:39:45.643+0000] {logging_mixin.py:188} INFO - [2024-03-10T18:39:45.643+0000] {dag.py:3047} INFO - Sync 1 DAGs
[2024-03-10T18:39:45.797+0000] {logging_mixin.py:188} INFO - [2024-03-10T18:39:45.795+0000] {dag.py:3834} INFO - Setting next_dagrun for example_task_group_decorator to 2024-03-09 00:00:00+00:00, run_after=2024-03-10 00:00:00+00:00
[2024-03-10T18:39:46.043+0000] {processor.py:183} INFO - Processing /home/airflow/.local/lib/python3.8/site-packages/airflow/example_dags/example_task_group_decorator.py took 0.540 seconds
[2024-03-10T18:40:17.600+0000] {processor.py:161} INFO - Started process (PID=3543) to work on /home/airflow/.local/lib/python3.8/site-packages/airflow/example_dags/example_task_group_decorator.py
[2024-03-10T18:40:17.642+0000] {processor.py:830} INFO - Processing file /home/airflow/.local/lib/python3.8/site-packages/airflow/example_dags/example_task_group_decorator.py for tasks to queue
[2024-03-10T18:40:17.654+0000] {logging_mixin.py:188} INFO - [2024-03-10T18:40:17.652+0000] {dagbag.py:540} INFO - Filling up the DagBag from /home/airflow/.local/lib/python3.8/site-packages/airflow/example_dags/example_task_group_decorator.py
[2024-03-10T18:40:17.843+0000] {processor.py:840} INFO - DAG(s) 'example_task_group_decorator' retrieved from /home/airflow/.local/lib/python3.8/site-packages/airflow/example_dags/example_task_group_decorator.py
[2024-03-10T18:40:17.998+0000] {logging_mixin.py:188} INFO - [2024-03-10T18:40:17.997+0000] {dag.py:3047} INFO - Sync 1 DAGs
[2024-03-10T18:40:18.091+0000] {logging_mixin.py:188} INFO - [2024-03-10T18:40:18.090+0000] {dag.py:3834} INFO - Setting next_dagrun for example_task_group_decorator to 2024-03-09 00:00:00+00:00, run_after=2024-03-10 00:00:00+00:00
[2024-03-10T18:40:18.137+0000] {processor.py:183} INFO - Processing /home/airflow/.local/lib/python3.8/site-packages/airflow/example_dags/example_task_group_decorator.py took 0.824 seconds
[2024-03-10T18:40:52.164+0000] {processor.py:161} INFO - Started process (PID=3803) to work on /home/airflow/.local/lib/python3.8/site-packages/airflow/example_dags/example_task_group_decorator.py
[2024-03-10T18:40:52.180+0000] {processor.py:830} INFO - Processing file /home/airflow/.local/lib/python3.8/site-packages/airflow/example_dags/example_task_group_decorator.py for tasks to queue
[2024-03-10T18:40:52.203+0000] {logging_mixin.py:188} INFO - [2024-03-10T18:40:52.199+0000] {dagbag.py:540} INFO - Filling up the DagBag from /home/airflow/.local/lib/python3.8/site-packages/airflow/example_dags/example_task_group_decorator.py
[2024-03-10T18:40:52.359+0000] {processor.py:840} INFO - DAG(s) 'example_task_group_decorator' retrieved from /home/airflow/.local/lib/python3.8/site-packages/airflow/example_dags/example_task_group_decorator.py
[2024-03-10T18:40:52.475+0000] {logging_mixin.py:188} INFO - [2024-03-10T18:40:52.474+0000] {dag.py:3047} INFO - Sync 1 DAGs
[2024-03-10T18:40:52.569+0000] {logging_mixin.py:188} INFO - [2024-03-10T18:40:52.568+0000] {dag.py:3834} INFO - Setting next_dagrun for example_task_group_decorator to 2024-03-09 00:00:00+00:00, run_after=2024-03-10 00:00:00+00:00
[2024-03-10T18:40:52.638+0000] {processor.py:183} INFO - Processing /home/airflow/.local/lib/python3.8/site-packages/airflow/example_dags/example_task_group_decorator.py took 0.500 seconds
[2024-03-10T18:41:24.131+0000] {processor.py:161} INFO - Started process (PID=4054) to work on /home/airflow/.local/lib/python3.8/site-packages/airflow/example_dags/example_task_group_decorator.py
[2024-03-10T18:41:24.137+0000] {processor.py:830} INFO - Processing file /home/airflow/.local/lib/python3.8/site-packages/airflow/example_dags/example_task_group_decorator.py for tasks to queue
[2024-03-10T18:41:24.146+0000] {logging_mixin.py:188} INFO - [2024-03-10T18:41:24.144+0000] {dagbag.py:540} INFO - Filling up the DagBag from /home/airflow/.local/lib/python3.8/site-packages/airflow/example_dags/example_task_group_decorator.py
[2024-03-10T18:41:24.223+0000] {processor.py:840} INFO - DAG(s) 'example_task_group_decorator' retrieved from /home/airflow/.local/lib/python3.8/site-packages/airflow/example_dags/example_task_group_decorator.py
[2024-03-10T18:41:24.556+0000] {logging_mixin.py:188} INFO - [2024-03-10T18:41:24.555+0000] {dag.py:3047} INFO - Sync 1 DAGs
[2024-03-10T18:41:24.607+0000] {logging_mixin.py:188} INFO - [2024-03-10T18:41:24.607+0000] {dag.py:3834} INFO - Setting next_dagrun for example_task_group_decorator to 2024-03-09 00:00:00+00:00, run_after=2024-03-10 00:00:00+00:00
[2024-03-10T18:41:24.739+0000] {processor.py:183} INFO - Processing /home/airflow/.local/lib/python3.8/site-packages/airflow/example_dags/example_task_group_decorator.py took 0.634 seconds
[2024-03-10T18:41:56.094+0000] {processor.py:161} INFO - Started process (PID=4311) to work on /home/airflow/.local/lib/python3.8/site-packages/airflow/example_dags/example_task_group_decorator.py
[2024-03-10T18:41:56.097+0000] {processor.py:830} INFO - Processing file /home/airflow/.local/lib/python3.8/site-packages/airflow/example_dags/example_task_group_decorator.py for tasks to queue
[2024-03-10T18:41:56.100+0000] {logging_mixin.py:188} INFO - [2024-03-10T18:41:56.099+0000] {dagbag.py:540} INFO - Filling up the DagBag from /home/airflow/.local/lib/python3.8/site-packages/airflow/example_dags/example_task_group_decorator.py
[2024-03-10T18:41:56.282+0000] {processor.py:840} INFO - DAG(s) 'example_task_group_decorator' retrieved from /home/airflow/.local/lib/python3.8/site-packages/airflow/example_dags/example_task_group_decorator.py
[2024-03-10T18:41:56.788+0000] {logging_mixin.py:188} INFO - [2024-03-10T18:41:56.786+0000] {dag.py:3047} INFO - Sync 1 DAGs
[2024-03-10T18:41:56.901+0000] {logging_mixin.py:188} INFO - [2024-03-10T18:41:56.901+0000] {dag.py:3834} INFO - Setting next_dagrun for example_task_group_decorator to 2024-03-09 00:00:00+00:00, run_after=2024-03-10 00:00:00+00:00
[2024-03-10T18:41:56.954+0000] {processor.py:183} INFO - Processing /home/airflow/.local/lib/python3.8/site-packages/airflow/example_dags/example_task_group_decorator.py took 0.866 seconds
[2024-03-10T18:42:48.586+0000] {processor.py:161} INFO - Started process (PID=4577) to work on /home/airflow/.local/lib/python3.8/site-packages/airflow/example_dags/example_task_group_decorator.py
[2024-03-10T18:42:48.639+0000] {processor.py:830} INFO - Processing file /home/airflow/.local/lib/python3.8/site-packages/airflow/example_dags/example_task_group_decorator.py for tasks to queue
[2024-03-10T18:42:48.647+0000] {logging_mixin.py:188} INFO - [2024-03-10T18:42:48.645+0000] {dagbag.py:540} INFO - Filling up the DagBag from /home/airflow/.local/lib/python3.8/site-packages/airflow/example_dags/example_task_group_decorator.py
[2024-03-10T18:42:48.827+0000] {processor.py:840} INFO - DAG(s) 'example_task_group_decorator' retrieved from /home/airflow/.local/lib/python3.8/site-packages/airflow/example_dags/example_task_group_decorator.py
[2024-03-10T18:42:49.073+0000] {logging_mixin.py:188} INFO - [2024-03-10T18:42:49.073+0000] {dag.py:3047} INFO - Sync 1 DAGs
[2024-03-10T18:42:49.679+0000] {logging_mixin.py:188} INFO - [2024-03-10T18:42:49.673+0000] {dag.py:3834} INFO - Setting next_dagrun for example_task_group_decorator to 2024-03-09 00:00:00+00:00, run_after=2024-03-10 00:00:00+00:00
[2024-03-10T18:42:49.904+0000] {processor.py:183} INFO - Processing /home/airflow/.local/lib/python3.8/site-packages/airflow/example_dags/example_task_group_decorator.py took 1.383 seconds
[2024-03-10T18:43:56.810+0000] {processor.py:161} INFO - Started process (PID=4826) to work on /home/airflow/.local/lib/python3.8/site-packages/airflow/example_dags/example_task_group_decorator.py
[2024-03-10T18:43:56.881+0000] {processor.py:830} INFO - Processing file /home/airflow/.local/lib/python3.8/site-packages/airflow/example_dags/example_task_group_decorator.py for tasks to queue
[2024-03-10T18:43:56.930+0000] {logging_mixin.py:188} INFO - [2024-03-10T18:43:56.918+0000] {dagbag.py:540} INFO - Filling up the DagBag from /home/airflow/.local/lib/python3.8/site-packages/airflow/example_dags/example_task_group_decorator.py
[2024-03-10T18:43:57.173+0000] {processor.py:840} INFO - DAG(s) 'example_task_group_decorator' retrieved from /home/airflow/.local/lib/python3.8/site-packages/airflow/example_dags/example_task_group_decorator.py
[2024-03-10T18:43:57.644+0000] {logging_mixin.py:188} INFO - [2024-03-10T18:43:57.635+0000] {dag.py:3047} INFO - Sync 1 DAGs
[2024-03-10T18:43:57.877+0000] {logging_mixin.py:188} INFO - [2024-03-10T18:43:57.877+0000] {dag.py:3834} INFO - Setting next_dagrun for example_task_group_decorator to 2024-03-09 00:00:00+00:00, run_after=2024-03-10 00:00:00+00:00
[2024-03-10T18:43:57.981+0000] {processor.py:183} INFO - Processing /home/airflow/.local/lib/python3.8/site-packages/airflow/example_dags/example_task_group_decorator.py took 1.325 seconds
