[2024-03-10T18:32:57.223+0000] {processor.py:161} INFO - Started process (PID=213) to work on /home/airflow/.local/lib/python3.8/site-packages/airflow/example_dags/example_branch_operator.py
[2024-03-10T18:32:57.324+0000] {processor.py:830} INFO - Processing file /home/airflow/.local/lib/python3.8/site-packages/airflow/example_dags/example_branch_operator.py for tasks to queue
[2024-03-10T18:32:57.497+0000] {logging_mixin.py:188} INFO - [2024-03-10T18:32:57.462+0000] {dagbag.py:540} INFO - Filling up the DagBag from /home/airflow/.local/lib/python3.8/site-packages/airflow/example_dags/example_branch_operator.py
[2024-03-10T18:32:57.900+0000] {processor.py:840} INFO - DAG(s) 'example_branch_operator' retrieved from /home/airflow/.local/lib/python3.8/site-packages/airflow/example_dags/example_branch_operator.py
[2024-03-10T18:32:59.215+0000] {logging_mixin.py:188} INFO - [2024-03-10T18:32:59.183+0000] {override.py:1769} INFO - Created Permission View: can delete on DAG:example_branch_operator
[2024-03-10T18:32:59.302+0000] {logging_mixin.py:188} INFO - [2024-03-10T18:32:59.302+0000] {override.py:1769} INFO - Created Permission View: can edit on DAG:example_branch_operator
[2024-03-10T18:32:59.319+0000] {logging_mixin.py:188} INFO - [2024-03-10T18:32:59.318+0000] {override.py:1769} INFO - Created Permission View: can read on DAG:example_branch_operator
[2024-03-10T18:32:59.324+0000] {logging_mixin.py:188} INFO - [2024-03-10T18:32:59.324+0000] {dag.py:3047} INFO - Sync 1 DAGs
[2024-03-10T18:32:59.378+0000] {logging_mixin.py:188} INFO - [2024-03-10T18:32:59.377+0000] {dag.py:3069} INFO - Creating ORM DAG for example_branch_operator
[2024-03-10T18:32:59.424+0000] {logging_mixin.py:188} INFO - [2024-03-10T18:32:59.424+0000] {dag.py:3834} INFO - Setting next_dagrun for example_branch_operator to 2024-03-09 00:00:00+00:00, run_after=2024-03-10 00:00:00+00:00
[2024-03-10T18:32:59.479+0000] {processor.py:183} INFO - Processing /home/airflow/.local/lib/python3.8/site-packages/airflow/example_dags/example_branch_operator.py took 2.351 seconds
[2024-03-10T18:33:30.826+0000] {processor.py:161} INFO - Started process (PID=460) to work on /home/airflow/.local/lib/python3.8/site-packages/airflow/example_dags/example_branch_operator.py
[2024-03-10T18:33:31.026+0000] {processor.py:830} INFO - Processing file /home/airflow/.local/lib/python3.8/site-packages/airflow/example_dags/example_branch_operator.py for tasks to queue
[2024-03-10T18:33:31.475+0000] {logging_mixin.py:188} INFO - [2024-03-10T18:33:31.440+0000] {dagbag.py:540} INFO - Filling up the DagBag from /home/airflow/.local/lib/python3.8/site-packages/airflow/example_dags/example_branch_operator.py
[2024-03-10T18:33:37.037+0000] {processor.py:840} INFO - DAG(s) 'example_branch_operator' retrieved from /home/airflow/.local/lib/python3.8/site-packages/airflow/example_dags/example_branch_operator.py
[2024-03-10T18:33:37.966+0000] {logging_mixin.py:188} INFO - [2024-03-10T18:33:37.956+0000] {dag.py:3047} INFO - Sync 1 DAGs
[2024-03-10T18:33:38.690+0000] {logging_mixin.py:188} INFO - [2024-03-10T18:33:38.686+0000] {dag.py:3834} INFO - Setting next_dagrun for example_branch_operator to 2024-03-09 00:00:00+00:00, run_after=2024-03-10 00:00:00+00:00
[2024-03-10T18:33:39.968+0000] {processor.py:183} INFO - Processing /home/airflow/.local/lib/python3.8/site-packages/airflow/example_dags/example_branch_operator.py took 9.453 seconds
[2024-03-10T18:34:10.895+0000] {processor.py:161} INFO - Started process (PID=707) to work on /home/airflow/.local/lib/python3.8/site-packages/airflow/example_dags/example_branch_operator.py
[2024-03-10T18:34:10.908+0000] {processor.py:830} INFO - Processing file /home/airflow/.local/lib/python3.8/site-packages/airflow/example_dags/example_branch_operator.py for tasks to queue
[2024-03-10T18:34:10.924+0000] {logging_mixin.py:188} INFO - [2024-03-10T18:34:10.913+0000] {dagbag.py:540} INFO - Filling up the DagBag from /home/airflow/.local/lib/python3.8/site-packages/airflow/example_dags/example_branch_operator.py
[2024-03-10T18:34:11.575+0000] {processor.py:840} INFO - DAG(s) 'example_branch_operator' retrieved from /home/airflow/.local/lib/python3.8/site-packages/airflow/example_dags/example_branch_operator.py
[2024-03-10T18:34:11.708+0000] {logging_mixin.py:188} INFO - [2024-03-10T18:34:11.708+0000] {dag.py:3047} INFO - Sync 1 DAGs
[2024-03-10T18:34:11.816+0000] {logging_mixin.py:188} INFO - [2024-03-10T18:34:11.814+0000] {dag.py:3834} INFO - Setting next_dagrun for example_branch_operator to 2024-03-09 00:00:00+00:00, run_after=2024-03-10 00:00:00+00:00
[2024-03-10T18:34:11.896+0000] {processor.py:183} INFO - Processing /home/airflow/.local/lib/python3.8/site-packages/airflow/example_dags/example_branch_operator.py took 1.050 seconds
[2024-03-10T18:34:43.899+0000] {processor.py:161} INFO - Started process (PID=955) to work on /home/airflow/.local/lib/python3.8/site-packages/airflow/example_dags/example_branch_operator.py
[2024-03-10T18:34:43.919+0000] {processor.py:830} INFO - Processing file /home/airflow/.local/lib/python3.8/site-packages/airflow/example_dags/example_branch_operator.py for tasks to queue
[2024-03-10T18:34:43.941+0000] {logging_mixin.py:188} INFO - [2024-03-10T18:34:43.935+0000] {dagbag.py:540} INFO - Filling up the DagBag from /home/airflow/.local/lib/python3.8/site-packages/airflow/example_dags/example_branch_operator.py
[2024-03-10T18:34:44.150+0000] {processor.py:840} INFO - DAG(s) 'example_branch_operator' retrieved from /home/airflow/.local/lib/python3.8/site-packages/airflow/example_dags/example_branch_operator.py
[2024-03-10T18:34:44.348+0000] {logging_mixin.py:188} INFO - [2024-03-10T18:34:44.347+0000] {dag.py:3047} INFO - Sync 1 DAGs
[2024-03-10T18:34:44.438+0000] {logging_mixin.py:188} INFO - [2024-03-10T18:34:44.437+0000] {dag.py:3834} INFO - Setting next_dagrun for example_branch_operator to 2024-03-09 00:00:00+00:00, run_after=2024-03-10 00:00:00+00:00
[2024-03-10T18:34:44.515+0000] {processor.py:183} INFO - Processing /home/airflow/.local/lib/python3.8/site-packages/airflow/example_dags/example_branch_operator.py took 0.731 seconds
[2024-03-10T18:35:15.898+0000] {processor.py:161} INFO - Started process (PID=1199) to work on /home/airflow/.local/lib/python3.8/site-packages/airflow/example_dags/example_branch_operator.py
[2024-03-10T18:35:15.916+0000] {processor.py:830} INFO - Processing file /home/airflow/.local/lib/python3.8/site-packages/airflow/example_dags/example_branch_operator.py for tasks to queue
[2024-03-10T18:35:15.922+0000] {logging_mixin.py:188} INFO - [2024-03-10T18:35:15.921+0000] {dagbag.py:540} INFO - Filling up the DagBag from /home/airflow/.local/lib/python3.8/site-packages/airflow/example_dags/example_branch_operator.py
[2024-03-10T18:35:16.244+0000] {processor.py:840} INFO - DAG(s) 'example_branch_operator' retrieved from /home/airflow/.local/lib/python3.8/site-packages/airflow/example_dags/example_branch_operator.py
[2024-03-10T18:35:16.495+0000] {logging_mixin.py:188} INFO - [2024-03-10T18:35:16.492+0000] {dag.py:3047} INFO - Sync 1 DAGs
[2024-03-10T18:35:16.687+0000] {logging_mixin.py:188} INFO - [2024-03-10T18:35:16.687+0000] {dag.py:3834} INFO - Setting next_dagrun for example_branch_operator to 2024-03-09 00:00:00+00:00, run_after=2024-03-10 00:00:00+00:00
[2024-03-10T18:35:16.802+0000] {processor.py:183} INFO - Processing /home/airflow/.local/lib/python3.8/site-packages/airflow/example_dags/example_branch_operator.py took 0.912 seconds
[2024-03-10T18:35:47.350+0000] {processor.py:161} INFO - Started process (PID=1443) to work on /home/airflow/.local/lib/python3.8/site-packages/airflow/example_dags/example_branch_operator.py
[2024-03-10T18:35:47.377+0000] {processor.py:830} INFO - Processing file /home/airflow/.local/lib/python3.8/site-packages/airflow/example_dags/example_branch_operator.py for tasks to queue
[2024-03-10T18:35:47.392+0000] {logging_mixin.py:188} INFO - [2024-03-10T18:35:47.385+0000] {dagbag.py:540} INFO - Filling up the DagBag from /home/airflow/.local/lib/python3.8/site-packages/airflow/example_dags/example_branch_operator.py
[2024-03-10T18:35:47.538+0000] {processor.py:840} INFO - DAG(s) 'example_branch_operator' retrieved from /home/airflow/.local/lib/python3.8/site-packages/airflow/example_dags/example_branch_operator.py
[2024-03-10T18:35:47.724+0000] {logging_mixin.py:188} INFO - [2024-03-10T18:35:47.723+0000] {dag.py:3047} INFO - Sync 1 DAGs
[2024-03-10T18:35:47.941+0000] {logging_mixin.py:188} INFO - [2024-03-10T18:35:47.941+0000] {dag.py:3834} INFO - Setting next_dagrun for example_branch_operator to 2024-03-09 00:00:00+00:00, run_after=2024-03-10 00:00:00+00:00
[2024-03-10T18:35:48.406+0000] {processor.py:183} INFO - Processing /home/airflow/.local/lib/python3.8/site-packages/airflow/example_dags/example_branch_operator.py took 1.081 seconds
[2024-03-10T18:36:20.275+0000] {processor.py:161} INFO - Started process (PID=1690) to work on /home/airflow/.local/lib/python3.8/site-packages/airflow/example_dags/example_branch_operator.py
[2024-03-10T18:36:20.333+0000] {processor.py:830} INFO - Processing file /home/airflow/.local/lib/python3.8/site-packages/airflow/example_dags/example_branch_operator.py for tasks to queue
[2024-03-10T18:36:20.340+0000] {logging_mixin.py:188} INFO - [2024-03-10T18:36:20.337+0000] {dagbag.py:540} INFO - Filling up the DagBag from /home/airflow/.local/lib/python3.8/site-packages/airflow/example_dags/example_branch_operator.py
[2024-03-10T18:36:20.559+0000] {processor.py:840} INFO - DAG(s) 'example_branch_operator' retrieved from /home/airflow/.local/lib/python3.8/site-packages/airflow/example_dags/example_branch_operator.py
[2024-03-10T18:36:20.682+0000] {logging_mixin.py:188} INFO - [2024-03-10T18:36:20.682+0000] {dag.py:3047} INFO - Sync 1 DAGs
[2024-03-10T18:36:20.788+0000] {logging_mixin.py:188} INFO - [2024-03-10T18:36:20.787+0000] {dag.py:3834} INFO - Setting next_dagrun for example_branch_operator to 2024-03-09 00:00:00+00:00, run_after=2024-03-10 00:00:00+00:00
[2024-03-10T18:36:20.902+0000] {processor.py:183} INFO - Processing /home/airflow/.local/lib/python3.8/site-packages/airflow/example_dags/example_branch_operator.py took 0.763 seconds
[2024-03-10T18:36:51.457+0000] {processor.py:161} INFO - Started process (PID=1935) to work on /home/airflow/.local/lib/python3.8/site-packages/airflow/example_dags/example_branch_operator.py
[2024-03-10T18:36:51.476+0000] {processor.py:830} INFO - Processing file /home/airflow/.local/lib/python3.8/site-packages/airflow/example_dags/example_branch_operator.py for tasks to queue
[2024-03-10T18:36:51.534+0000] {logging_mixin.py:188} INFO - [2024-03-10T18:36:51.525+0000] {dagbag.py:540} INFO - Filling up the DagBag from /home/airflow/.local/lib/python3.8/site-packages/airflow/example_dags/example_branch_operator.py
[2024-03-10T18:36:51.935+0000] {processor.py:840} INFO - DAG(s) 'example_branch_operator' retrieved from /home/airflow/.local/lib/python3.8/site-packages/airflow/example_dags/example_branch_operator.py
[2024-03-10T18:36:52.149+0000] {logging_mixin.py:188} INFO - [2024-03-10T18:36:52.144+0000] {dag.py:3047} INFO - Sync 1 DAGs
[2024-03-10T18:36:52.312+0000] {logging_mixin.py:188} INFO - [2024-03-10T18:36:52.303+0000] {dag.py:3834} INFO - Setting next_dagrun for example_branch_operator to 2024-03-09 00:00:00+00:00, run_after=2024-03-10 00:00:00+00:00
[2024-03-10T18:36:52.516+0000] {processor.py:183} INFO - Processing /home/airflow/.local/lib/python3.8/site-packages/airflow/example_dags/example_branch_operator.py took 1.099 seconds
[2024-03-10T18:37:23.107+0000] {processor.py:161} INFO - Started process (PID=2184) to work on /home/airflow/.local/lib/python3.8/site-packages/airflow/example_dags/example_branch_operator.py
[2024-03-10T18:37:23.156+0000] {processor.py:830} INFO - Processing file /home/airflow/.local/lib/python3.8/site-packages/airflow/example_dags/example_branch_operator.py for tasks to queue
[2024-03-10T18:37:23.162+0000] {logging_mixin.py:188} INFO - [2024-03-10T18:37:23.160+0000] {dagbag.py:540} INFO - Filling up the DagBag from /home/airflow/.local/lib/python3.8/site-packages/airflow/example_dags/example_branch_operator.py
[2024-03-10T18:37:24.565+0000] {processor.py:840} INFO - DAG(s) 'example_branch_operator' retrieved from /home/airflow/.local/lib/python3.8/site-packages/airflow/example_dags/example_branch_operator.py
[2024-03-10T18:37:24.905+0000] {logging_mixin.py:188} INFO - [2024-03-10T18:37:24.902+0000] {dag.py:3047} INFO - Sync 1 DAGs
[2024-03-10T18:37:25.067+0000] {logging_mixin.py:188} INFO - [2024-03-10T18:37:25.065+0000] {dag.py:3834} INFO - Setting next_dagrun for example_branch_operator to 2024-03-09 00:00:00+00:00, run_after=2024-03-10 00:00:00+00:00
[2024-03-10T18:37:25.166+0000] {processor.py:183} INFO - Processing /home/airflow/.local/lib/python3.8/site-packages/airflow/example_dags/example_branch_operator.py took 2.143 seconds
[2024-03-10T18:37:56.031+0000] {processor.py:161} INFO - Started process (PID=2435) to work on /home/airflow/.local/lib/python3.8/site-packages/airflow/example_dags/example_branch_operator.py
[2024-03-10T18:37:56.043+0000] {processor.py:830} INFO - Processing file /home/airflow/.local/lib/python3.8/site-packages/airflow/example_dags/example_branch_operator.py for tasks to queue
[2024-03-10T18:37:56.050+0000] {logging_mixin.py:188} INFO - [2024-03-10T18:37:56.047+0000] {dagbag.py:540} INFO - Filling up the DagBag from /home/airflow/.local/lib/python3.8/site-packages/airflow/example_dags/example_branch_operator.py
[2024-03-10T18:37:56.225+0000] {processor.py:840} INFO - DAG(s) 'example_branch_operator' retrieved from /home/airflow/.local/lib/python3.8/site-packages/airflow/example_dags/example_branch_operator.py
[2024-03-10T18:37:56.379+0000] {logging_mixin.py:188} INFO - [2024-03-10T18:37:56.378+0000] {dag.py:3047} INFO - Sync 1 DAGs
[2024-03-10T18:37:56.552+0000] {logging_mixin.py:188} INFO - [2024-03-10T18:37:56.551+0000] {dag.py:3834} INFO - Setting next_dagrun for example_branch_operator to 2024-03-09 00:00:00+00:00, run_after=2024-03-10 00:00:00+00:00
[2024-03-10T18:37:56.730+0000] {processor.py:183} INFO - Processing /home/airflow/.local/lib/python3.8/site-packages/airflow/example_dags/example_branch_operator.py took 0.911 seconds
[2024-03-10T18:38:27.843+0000] {processor.py:161} INFO - Started process (PID=2677) to work on /home/airflow/.local/lib/python3.8/site-packages/airflow/example_dags/example_branch_operator.py
[2024-03-10T18:38:27.858+0000] {processor.py:830} INFO - Processing file /home/airflow/.local/lib/python3.8/site-packages/airflow/example_dags/example_branch_operator.py for tasks to queue
[2024-03-10T18:38:27.867+0000] {logging_mixin.py:188} INFO - [2024-03-10T18:38:27.865+0000] {dagbag.py:540} INFO - Filling up the DagBag from /home/airflow/.local/lib/python3.8/site-packages/airflow/example_dags/example_branch_operator.py
[2024-03-10T18:38:28.049+0000] {processor.py:840} INFO - DAG(s) 'example_branch_operator' retrieved from /home/airflow/.local/lib/python3.8/site-packages/airflow/example_dags/example_branch_operator.py
[2024-03-10T18:38:28.221+0000] {logging_mixin.py:188} INFO - [2024-03-10T18:38:28.219+0000] {dag.py:3047} INFO - Sync 1 DAGs
[2024-03-10T18:38:28.305+0000] {logging_mixin.py:188} INFO - [2024-03-10T18:38:28.304+0000] {dag.py:3834} INFO - Setting next_dagrun for example_branch_operator to 2024-03-09 00:00:00+00:00, run_after=2024-03-10 00:00:00+00:00
[2024-03-10T18:38:28.396+0000] {processor.py:183} INFO - Processing /home/airflow/.local/lib/python3.8/site-packages/airflow/example_dags/example_branch_operator.py took 0.626 seconds
[2024-03-10T18:38:58.845+0000] {processor.py:161} INFO - Started process (PID=2924) to work on /home/airflow/.local/lib/python3.8/site-packages/airflow/example_dags/example_branch_operator.py
[2024-03-10T18:38:58.852+0000] {processor.py:830} INFO - Processing file /home/airflow/.local/lib/python3.8/site-packages/airflow/example_dags/example_branch_operator.py for tasks to queue
[2024-03-10T18:38:58.859+0000] {logging_mixin.py:188} INFO - [2024-03-10T18:38:58.856+0000] {dagbag.py:540} INFO - Filling up the DagBag from /home/airflow/.local/lib/python3.8/site-packages/airflow/example_dags/example_branch_operator.py
[2024-03-10T18:38:58.912+0000] {processor.py:840} INFO - DAG(s) 'example_branch_operator' retrieved from /home/airflow/.local/lib/python3.8/site-packages/airflow/example_dags/example_branch_operator.py
[2024-03-10T18:38:59.035+0000] {logging_mixin.py:188} INFO - [2024-03-10T18:38:59.034+0000] {dag.py:3047} INFO - Sync 1 DAGs
[2024-03-10T18:38:59.105+0000] {logging_mixin.py:188} INFO - [2024-03-10T18:38:59.104+0000] {dag.py:3834} INFO - Setting next_dagrun for example_branch_operator to 2024-03-09 00:00:00+00:00, run_after=2024-03-10 00:00:00+00:00
[2024-03-10T18:38:59.158+0000] {processor.py:183} INFO - Processing /home/airflow/.local/lib/python3.8/site-packages/airflow/example_dags/example_branch_operator.py took 0.324 seconds
[2024-03-10T18:39:29.594+0000] {processor.py:161} INFO - Started process (PID=3172) to work on /home/airflow/.local/lib/python3.8/site-packages/airflow/example_dags/example_branch_operator.py
[2024-03-10T18:39:29.600+0000] {processor.py:830} INFO - Processing file /home/airflow/.local/lib/python3.8/site-packages/airflow/example_dags/example_branch_operator.py for tasks to queue
[2024-03-10T18:39:29.620+0000] {logging_mixin.py:188} INFO - [2024-03-10T18:39:29.617+0000] {dagbag.py:540} INFO - Filling up the DagBag from /home/airflow/.local/lib/python3.8/site-packages/airflow/example_dags/example_branch_operator.py
[2024-03-10T18:39:29.744+0000] {processor.py:840} INFO - DAG(s) 'example_branch_operator' retrieved from /home/airflow/.local/lib/python3.8/site-packages/airflow/example_dags/example_branch_operator.py
[2024-03-10T18:39:30.040+0000] {logging_mixin.py:188} INFO - [2024-03-10T18:39:30.039+0000] {dag.py:3047} INFO - Sync 1 DAGs
[2024-03-10T18:39:30.359+0000] {logging_mixin.py:188} INFO - [2024-03-10T18:39:30.328+0000] {dag.py:3834} INFO - Setting next_dagrun for example_branch_operator to 2024-03-09 00:00:00+00:00, run_after=2024-03-10 00:00:00+00:00
[2024-03-10T18:39:30.676+0000] {processor.py:183} INFO - Processing /home/airflow/.local/lib/python3.8/site-packages/airflow/example_dags/example_branch_operator.py took 1.096 seconds
[2024-03-10T18:40:02.521+0000] {processor.py:161} INFO - Started process (PID=3417) to work on /home/airflow/.local/lib/python3.8/site-packages/airflow/example_dags/example_branch_operator.py
[2024-03-10T18:40:02.542+0000] {processor.py:830} INFO - Processing file /home/airflow/.local/lib/python3.8/site-packages/airflow/example_dags/example_branch_operator.py for tasks to queue
[2024-03-10T18:40:02.602+0000] {logging_mixin.py:188} INFO - [2024-03-10T18:40:02.598+0000] {dagbag.py:540} INFO - Filling up the DagBag from /home/airflow/.local/lib/python3.8/site-packages/airflow/example_dags/example_branch_operator.py
[2024-03-10T18:40:02.789+0000] {processor.py:840} INFO - DAG(s) 'example_branch_operator' retrieved from /home/airflow/.local/lib/python3.8/site-packages/airflow/example_dags/example_branch_operator.py
[2024-03-10T18:40:03.721+0000] {logging_mixin.py:188} INFO - [2024-03-10T18:40:03.716+0000] {dag.py:3047} INFO - Sync 1 DAGs
[2024-03-10T18:40:03.934+0000] {logging_mixin.py:188} INFO - [2024-03-10T18:40:03.934+0000] {dag.py:3834} INFO - Setting next_dagrun for example_branch_operator to 2024-03-09 00:00:00+00:00, run_after=2024-03-10 00:00:00+00:00
[2024-03-10T18:40:04.074+0000] {processor.py:183} INFO - Processing /home/airflow/.local/lib/python3.8/site-packages/airflow/example_dags/example_branch_operator.py took 1.637 seconds
[2024-03-10T18:40:35.123+0000] {processor.py:161} INFO - Started process (PID=3666) to work on /home/airflow/.local/lib/python3.8/site-packages/airflow/example_dags/example_branch_operator.py
[2024-03-10T18:40:35.189+0000] {processor.py:830} INFO - Processing file /home/airflow/.local/lib/python3.8/site-packages/airflow/example_dags/example_branch_operator.py for tasks to queue
[2024-03-10T18:40:35.248+0000] {logging_mixin.py:188} INFO - [2024-03-10T18:40:35.226+0000] {dagbag.py:540} INFO - Filling up the DagBag from /home/airflow/.local/lib/python3.8/site-packages/airflow/example_dags/example_branch_operator.py
[2024-03-10T18:40:35.769+0000] {processor.py:840} INFO - DAG(s) 'example_branch_operator' retrieved from /home/airflow/.local/lib/python3.8/site-packages/airflow/example_dags/example_branch_operator.py
[2024-03-10T18:40:36.209+0000] {logging_mixin.py:188} INFO - [2024-03-10T18:40:36.208+0000] {dag.py:3047} INFO - Sync 1 DAGs
[2024-03-10T18:40:36.444+0000] {logging_mixin.py:188} INFO - [2024-03-10T18:40:36.443+0000] {dag.py:3834} INFO - Setting next_dagrun for example_branch_operator to 2024-03-09 00:00:00+00:00, run_after=2024-03-10 00:00:00+00:00
[2024-03-10T18:40:36.584+0000] {processor.py:183} INFO - Processing /home/airflow/.local/lib/python3.8/site-packages/airflow/example_dags/example_branch_operator.py took 1.597 seconds
[2024-03-10T18:41:07.554+0000] {processor.py:161} INFO - Started process (PID=3918) to work on /home/airflow/.local/lib/python3.8/site-packages/airflow/example_dags/example_branch_operator.py
[2024-03-10T18:41:07.558+0000] {processor.py:830} INFO - Processing file /home/airflow/.local/lib/python3.8/site-packages/airflow/example_dags/example_branch_operator.py for tasks to queue
[2024-03-10T18:41:07.562+0000] {logging_mixin.py:188} INFO - [2024-03-10T18:41:07.561+0000] {dagbag.py:540} INFO - Filling up the DagBag from /home/airflow/.local/lib/python3.8/site-packages/airflow/example_dags/example_branch_operator.py
[2024-03-10T18:41:07.648+0000] {processor.py:840} INFO - DAG(s) 'example_branch_operator' retrieved from /home/airflow/.local/lib/python3.8/site-packages/airflow/example_dags/example_branch_operator.py
[2024-03-10T18:41:07.722+0000] {logging_mixin.py:188} INFO - [2024-03-10T18:41:07.721+0000] {dag.py:3047} INFO - Sync 1 DAGs
[2024-03-10T18:41:07.918+0000] {logging_mixin.py:188} INFO - [2024-03-10T18:41:07.915+0000] {dag.py:3834} INFO - Setting next_dagrun for example_branch_operator to 2024-03-09 00:00:00+00:00, run_after=2024-03-10 00:00:00+00:00
[2024-03-10T18:41:08.035+0000] {processor.py:183} INFO - Processing /home/airflow/.local/lib/python3.8/site-packages/airflow/example_dags/example_branch_operator.py took 0.495 seconds
[2024-03-10T18:41:38.995+0000] {processor.py:161} INFO - Started process (PID=4169) to work on /home/airflow/.local/lib/python3.8/site-packages/airflow/example_dags/example_branch_operator.py
[2024-03-10T18:41:38.999+0000] {processor.py:830} INFO - Processing file /home/airflow/.local/lib/python3.8/site-packages/airflow/example_dags/example_branch_operator.py for tasks to queue
[2024-03-10T18:41:39.002+0000] {logging_mixin.py:188} INFO - [2024-03-10T18:41:39.001+0000] {dagbag.py:540} INFO - Filling up the DagBag from /home/airflow/.local/lib/python3.8/site-packages/airflow/example_dags/example_branch_operator.py
[2024-03-10T18:41:39.036+0000] {processor.py:840} INFO - DAG(s) 'example_branch_operator' retrieved from /home/airflow/.local/lib/python3.8/site-packages/airflow/example_dags/example_branch_operator.py
[2024-03-10T18:41:39.487+0000] {logging_mixin.py:188} INFO - [2024-03-10T18:41:39.486+0000] {dag.py:3047} INFO - Sync 1 DAGs
[2024-03-10T18:41:39.549+0000] {logging_mixin.py:188} INFO - [2024-03-10T18:41:39.548+0000] {dag.py:3834} INFO - Setting next_dagrun for example_branch_operator to 2024-03-09 00:00:00+00:00, run_after=2024-03-10 00:00:00+00:00
[2024-03-10T18:41:39.587+0000] {processor.py:183} INFO - Processing /home/airflow/.local/lib/python3.8/site-packages/airflow/example_dags/example_branch_operator.py took 0.604 seconds
[2024-03-10T18:42:11.033+0000] {processor.py:161} INFO - Started process (PID=4416) to work on /home/airflow/.local/lib/python3.8/site-packages/airflow/example_dags/example_branch_operator.py
[2024-03-10T18:42:11.043+0000] {processor.py:830} INFO - Processing file /home/airflow/.local/lib/python3.8/site-packages/airflow/example_dags/example_branch_operator.py for tasks to queue
[2024-03-10T18:42:11.050+0000] {logging_mixin.py:188} INFO - [2024-03-10T18:42:11.048+0000] {dagbag.py:540} INFO - Filling up the DagBag from /home/airflow/.local/lib/python3.8/site-packages/airflow/example_dags/example_branch_operator.py
[2024-03-10T18:42:11.225+0000] {processor.py:840} INFO - DAG(s) 'example_branch_operator' retrieved from /home/airflow/.local/lib/python3.8/site-packages/airflow/example_dags/example_branch_operator.py
[2024-03-10T18:42:11.478+0000] {logging_mixin.py:188} INFO - [2024-03-10T18:42:11.475+0000] {dag.py:3047} INFO - Sync 1 DAGs
[2024-03-10T18:42:11.652+0000] {logging_mixin.py:188} INFO - [2024-03-10T18:42:11.651+0000] {dag.py:3834} INFO - Setting next_dagrun for example_branch_operator to 2024-03-09 00:00:00+00:00, run_after=2024-03-10 00:00:00+00:00
[2024-03-10T18:42:11.766+0000] {processor.py:183} INFO - Processing /home/airflow/.local/lib/python3.8/site-packages/airflow/example_dags/example_branch_operator.py took 0.773 seconds
[2024-03-10T18:43:06.997+0000] {processor.py:161} INFO - Started process (PID=4656) to work on /home/airflow/.local/lib/python3.8/site-packages/airflow/example_dags/example_branch_operator.py
[2024-03-10T18:43:07.033+0000] {processor.py:830} INFO - Processing file /home/airflow/.local/lib/python3.8/site-packages/airflow/example_dags/example_branch_operator.py for tasks to queue
[2024-03-10T18:43:07.048+0000] {logging_mixin.py:188} INFO - [2024-03-10T18:43:07.041+0000] {dagbag.py:540} INFO - Filling up the DagBag from /home/airflow/.local/lib/python3.8/site-packages/airflow/example_dags/example_branch_operator.py
[2024-03-10T18:43:07.352+0000] {processor.py:840} INFO - DAG(s) 'example_branch_operator' retrieved from /home/airflow/.local/lib/python3.8/site-packages/airflow/example_dags/example_branch_operator.py
[2024-03-10T18:43:08.273+0000] {logging_mixin.py:188} INFO - [2024-03-10T18:43:08.264+0000] {dag.py:3047} INFO - Sync 1 DAGs
[2024-03-10T18:43:09.406+0000] {logging_mixin.py:188} INFO - [2024-03-10T18:43:09.400+0000] {dag.py:3834} INFO - Setting next_dagrun for example_branch_operator to 2024-03-09 00:00:00+00:00, run_after=2024-03-10 00:00:00+00:00
[2024-03-10T18:43:10.038+0000] {processor.py:183} INFO - Processing /home/airflow/.local/lib/python3.8/site-packages/airflow/example_dags/example_branch_operator.py took 3.258 seconds
[2024-03-10T18:45:20.524+0000] {processor.py:161} INFO - Started process (PID=4902) to work on /home/airflow/.local/lib/python3.8/site-packages/airflow/example_dags/example_branch_operator.py
[2024-03-10T18:45:20.876+0000] {processor.py:830} INFO - Processing file /home/airflow/.local/lib/python3.8/site-packages/airflow/example_dags/example_branch_operator.py for tasks to queue
[2024-03-10T18:45:21.158+0000] {logging_mixin.py:188} INFO - [2024-03-10T18:45:21.101+0000] {dagbag.py:540} INFO - Filling up the DagBag from /home/airflow/.local/lib/python3.8/site-packages/airflow/example_dags/example_branch_operator.py
[2024-03-10T18:45:24.345+0000] {processor.py:840} INFO - DAG(s) 'example_branch_operator' retrieved from /home/airflow/.local/lib/python3.8/site-packages/airflow/example_dags/example_branch_operator.py
[2024-03-10T18:45:25.288+0000] {logging_mixin.py:188} INFO - [2024-03-10T18:45:25.274+0000] {dag.py:3047} INFO - Sync 1 DAGs
[2024-03-10T18:45:26.056+0000] {logging_mixin.py:188} INFO - [2024-03-10T18:45:26.051+0000] {dag.py:3834} INFO - Setting next_dagrun for example_branch_operator to 2024-03-09 00:00:00+00:00, run_after=2024-03-10 00:00:00+00:00
[2024-03-10T18:45:26.743+0000] {processor.py:183} INFO - Processing /home/airflow/.local/lib/python3.8/site-packages/airflow/example_dags/example_branch_operator.py took 6.798 seconds
