[2024-03-10T18:33:09.504+0000] {processor.py:161} INFO - Started process (PID=296) to work on /home/airflow/.local/lib/python3.8/site-packages/airflow/example_dags/example_time_delta_sensor_async.py
[2024-03-10T18:33:09.528+0000] {processor.py:830} INFO - Processing file /home/airflow/.local/lib/python3.8/site-packages/airflow/example_dags/example_time_delta_sensor_async.py for tasks to queue
[2024-03-10T18:33:09.533+0000] {logging_mixin.py:188} INFO - [2024-03-10T18:33:09.532+0000] {dagbag.py:540} INFO - Filling up the DagBag from /home/airflow/.local/lib/python3.8/site-packages/airflow/example_dags/example_time_delta_sensor_async.py
[2024-03-10T18:33:09.594+0000] {processor.py:840} INFO - DAG(s) 'example_time_delta_sensor_async' retrieved from /home/airflow/.local/lib/python3.8/site-packages/airflow/example_dags/example_time_delta_sensor_async.py
[2024-03-10T18:33:09.869+0000] {logging_mixin.py:188} INFO - [2024-03-10T18:33:09.868+0000] {override.py:1769} INFO - Created Permission View: can delete on DAG:example_time_delta_sensor_async
[2024-03-10T18:33:09.886+0000] {logging_mixin.py:188} INFO - [2024-03-10T18:33:09.885+0000] {override.py:1769} INFO - Created Permission View: can edit on DAG:example_time_delta_sensor_async
[2024-03-10T18:33:09.911+0000] {logging_mixin.py:188} INFO - [2024-03-10T18:33:09.911+0000] {override.py:1769} INFO - Created Permission View: can read on DAG:example_time_delta_sensor_async
[2024-03-10T18:33:09.922+0000] {logging_mixin.py:188} INFO - [2024-03-10T18:33:09.921+0000] {dag.py:3047} INFO - Sync 1 DAGs
[2024-03-10T18:33:09.953+0000] {logging_mixin.py:188} INFO - [2024-03-10T18:33:09.953+0000] {dag.py:3069} INFO - Creating ORM DAG for example_time_delta_sensor_async
[2024-03-10T18:33:09.957+0000] {logging_mixin.py:188} INFO - [2024-03-10T18:33:09.957+0000] {dag.py:3834} INFO - Setting next_dagrun for example_time_delta_sensor_async to None, run_after=None
[2024-03-10T18:33:09.980+0000] {processor.py:183} INFO - Processing /home/airflow/.local/lib/python3.8/site-packages/airflow/example_dags/example_time_delta_sensor_async.py took 0.492 seconds
[2024-03-10T18:33:46.291+0000] {processor.py:161} INFO - Started process (PID=545) to work on /home/airflow/.local/lib/python3.8/site-packages/airflow/example_dags/example_time_delta_sensor_async.py
[2024-03-10T18:33:46.297+0000] {processor.py:830} INFO - Processing file /home/airflow/.local/lib/python3.8/site-packages/airflow/example_dags/example_time_delta_sensor_async.py for tasks to queue
[2024-03-10T18:33:46.300+0000] {logging_mixin.py:188} INFO - [2024-03-10T18:33:46.299+0000] {dagbag.py:540} INFO - Filling up the DagBag from /home/airflow/.local/lib/python3.8/site-packages/airflow/example_dags/example_time_delta_sensor_async.py
[2024-03-10T18:33:46.321+0000] {processor.py:840} INFO - DAG(s) 'example_time_delta_sensor_async' retrieved from /home/airflow/.local/lib/python3.8/site-packages/airflow/example_dags/example_time_delta_sensor_async.py
[2024-03-10T18:33:46.453+0000] {logging_mixin.py:188} INFO - [2024-03-10T18:33:46.451+0000] {dag.py:3047} INFO - Sync 1 DAGs
[2024-03-10T18:33:46.541+0000] {logging_mixin.py:188} INFO - [2024-03-10T18:33:46.540+0000] {dag.py:3834} INFO - Setting next_dagrun for example_time_delta_sensor_async to None, run_after=None
[2024-03-10T18:33:46.645+0000] {processor.py:183} INFO - Processing /home/airflow/.local/lib/python3.8/site-packages/airflow/example_dags/example_time_delta_sensor_async.py took 0.360 seconds
[2024-03-10T18:34:17.686+0000] {processor.py:161} INFO - Started process (PID=790) to work on /home/airflow/.local/lib/python3.8/site-packages/airflow/example_dags/example_time_delta_sensor_async.py
[2024-03-10T18:34:17.688+0000] {processor.py:830} INFO - Processing file /home/airflow/.local/lib/python3.8/site-packages/airflow/example_dags/example_time_delta_sensor_async.py for tasks to queue
[2024-03-10T18:34:17.691+0000] {logging_mixin.py:188} INFO - [2024-03-10T18:34:17.691+0000] {dagbag.py:540} INFO - Filling up the DagBag from /home/airflow/.local/lib/python3.8/site-packages/airflow/example_dags/example_time_delta_sensor_async.py
[2024-03-10T18:34:17.702+0000] {processor.py:840} INFO - DAG(s) 'example_time_delta_sensor_async' retrieved from /home/airflow/.local/lib/python3.8/site-packages/airflow/example_dags/example_time_delta_sensor_async.py
[2024-03-10T18:34:17.761+0000] {logging_mixin.py:188} INFO - [2024-03-10T18:34:17.760+0000] {dag.py:3047} INFO - Sync 1 DAGs
[2024-03-10T18:34:17.795+0000] {logging_mixin.py:188} INFO - [2024-03-10T18:34:17.795+0000] {dag.py:3834} INFO - Setting next_dagrun for example_time_delta_sensor_async to None, run_after=None
[2024-03-10T18:34:17.837+0000] {processor.py:183} INFO - Processing /home/airflow/.local/lib/python3.8/site-packages/airflow/example_dags/example_time_delta_sensor_async.py took 0.158 seconds
[2024-03-10T18:34:51.748+0000] {processor.py:161} INFO - Started process (PID=1038) to work on /home/airflow/.local/lib/python3.8/site-packages/airflow/example_dags/example_time_delta_sensor_async.py
[2024-03-10T18:34:51.763+0000] {processor.py:830} INFO - Processing file /home/airflow/.local/lib/python3.8/site-packages/airflow/example_dags/example_time_delta_sensor_async.py for tasks to queue
[2024-03-10T18:34:51.773+0000] {logging_mixin.py:188} INFO - [2024-03-10T18:34:51.772+0000] {dagbag.py:540} INFO - Filling up the DagBag from /home/airflow/.local/lib/python3.8/site-packages/airflow/example_dags/example_time_delta_sensor_async.py
[2024-03-10T18:34:51.801+0000] {processor.py:840} INFO - DAG(s) 'example_time_delta_sensor_async' retrieved from /home/airflow/.local/lib/python3.8/site-packages/airflow/example_dags/example_time_delta_sensor_async.py
[2024-03-10T18:34:51.904+0000] {logging_mixin.py:188} INFO - [2024-03-10T18:34:51.903+0000] {dag.py:3047} INFO - Sync 1 DAGs
[2024-03-10T18:34:51.939+0000] {logging_mixin.py:188} INFO - [2024-03-10T18:34:51.939+0000] {dag.py:3834} INFO - Setting next_dagrun for example_time_delta_sensor_async to None, run_after=None
[2024-03-10T18:34:51.984+0000] {processor.py:183} INFO - Processing /home/airflow/.local/lib/python3.8/site-packages/airflow/example_dags/example_time_delta_sensor_async.py took 0.244 seconds
[2024-03-10T18:35:24.682+0000] {processor.py:161} INFO - Started process (PID=1287) to work on /home/airflow/.local/lib/python3.8/site-packages/airflow/example_dags/example_time_delta_sensor_async.py
[2024-03-10T18:35:24.685+0000] {processor.py:830} INFO - Processing file /home/airflow/.local/lib/python3.8/site-packages/airflow/example_dags/example_time_delta_sensor_async.py for tasks to queue
[2024-03-10T18:35:24.688+0000] {logging_mixin.py:188} INFO - [2024-03-10T18:35:24.687+0000] {dagbag.py:540} INFO - Filling up the DagBag from /home/airflow/.local/lib/python3.8/site-packages/airflow/example_dags/example_time_delta_sensor_async.py
[2024-03-10T18:35:24.711+0000] {processor.py:840} INFO - DAG(s) 'example_time_delta_sensor_async' retrieved from /home/airflow/.local/lib/python3.8/site-packages/airflow/example_dags/example_time_delta_sensor_async.py
[2024-03-10T18:35:24.768+0000] {logging_mixin.py:188} INFO - [2024-03-10T18:35:24.768+0000] {dag.py:3047} INFO - Sync 1 DAGs
[2024-03-10T18:35:24.793+0000] {logging_mixin.py:188} INFO - [2024-03-10T18:35:24.793+0000] {dag.py:3834} INFO - Setting next_dagrun for example_time_delta_sensor_async to None, run_after=None
[2024-03-10T18:35:24.817+0000] {processor.py:183} INFO - Processing /home/airflow/.local/lib/python3.8/site-packages/airflow/example_dags/example_time_delta_sensor_async.py took 0.143 seconds
[2024-03-10T18:35:56.753+0000] {processor.py:161} INFO - Started process (PID=1532) to work on /home/airflow/.local/lib/python3.8/site-packages/airflow/example_dags/example_time_delta_sensor_async.py
[2024-03-10T18:35:56.757+0000] {processor.py:830} INFO - Processing file /home/airflow/.local/lib/python3.8/site-packages/airflow/example_dags/example_time_delta_sensor_async.py for tasks to queue
[2024-03-10T18:35:56.761+0000] {logging_mixin.py:188} INFO - [2024-03-10T18:35:56.760+0000] {dagbag.py:540} INFO - Filling up the DagBag from /home/airflow/.local/lib/python3.8/site-packages/airflow/example_dags/example_time_delta_sensor_async.py
[2024-03-10T18:35:56.794+0000] {processor.py:840} INFO - DAG(s) 'example_time_delta_sensor_async' retrieved from /home/airflow/.local/lib/python3.8/site-packages/airflow/example_dags/example_time_delta_sensor_async.py
[2024-03-10T18:35:56.863+0000] {logging_mixin.py:188} INFO - [2024-03-10T18:35:56.862+0000] {dag.py:3047} INFO - Sync 1 DAGs
[2024-03-10T18:35:56.888+0000] {logging_mixin.py:188} INFO - [2024-03-10T18:35:56.887+0000] {dag.py:3834} INFO - Setting next_dagrun for example_time_delta_sensor_async to None, run_after=None
[2024-03-10T18:35:56.936+0000] {processor.py:183} INFO - Processing /home/airflow/.local/lib/python3.8/site-packages/airflow/example_dags/example_time_delta_sensor_async.py took 0.189 seconds
[2024-03-10T18:36:27.294+0000] {processor.py:161} INFO - Started process (PID=1773) to work on /home/airflow/.local/lib/python3.8/site-packages/airflow/example_dags/example_time_delta_sensor_async.py
[2024-03-10T18:36:27.300+0000] {processor.py:830} INFO - Processing file /home/airflow/.local/lib/python3.8/site-packages/airflow/example_dags/example_time_delta_sensor_async.py for tasks to queue
[2024-03-10T18:36:27.309+0000] {logging_mixin.py:188} INFO - [2024-03-10T18:36:27.307+0000] {dagbag.py:540} INFO - Filling up the DagBag from /home/airflow/.local/lib/python3.8/site-packages/airflow/example_dags/example_time_delta_sensor_async.py
[2024-03-10T18:36:27.336+0000] {processor.py:840} INFO - DAG(s) 'example_time_delta_sensor_async' retrieved from /home/airflow/.local/lib/python3.8/site-packages/airflow/example_dags/example_time_delta_sensor_async.py
[2024-03-10T18:36:27.460+0000] {logging_mixin.py:188} INFO - [2024-03-10T18:36:27.459+0000] {dag.py:3047} INFO - Sync 1 DAGs
[2024-03-10T18:36:27.511+0000] {logging_mixin.py:188} INFO - [2024-03-10T18:36:27.510+0000] {dag.py:3834} INFO - Setting next_dagrun for example_time_delta_sensor_async to None, run_after=None
[2024-03-10T18:36:27.571+0000] {processor.py:183} INFO - Processing /home/airflow/.local/lib/python3.8/site-packages/airflow/example_dags/example_time_delta_sensor_async.py took 0.292 seconds
[2024-03-10T18:37:00.398+0000] {processor.py:161} INFO - Started process (PID=2020) to work on /home/airflow/.local/lib/python3.8/site-packages/airflow/example_dags/example_time_delta_sensor_async.py
[2024-03-10T18:37:00.405+0000] {processor.py:830} INFO - Processing file /home/airflow/.local/lib/python3.8/site-packages/airflow/example_dags/example_time_delta_sensor_async.py for tasks to queue
[2024-03-10T18:37:00.412+0000] {logging_mixin.py:188} INFO - [2024-03-10T18:37:00.411+0000] {dagbag.py:540} INFO - Filling up the DagBag from /home/airflow/.local/lib/python3.8/site-packages/airflow/example_dags/example_time_delta_sensor_async.py
[2024-03-10T18:37:00.438+0000] {processor.py:840} INFO - DAG(s) 'example_time_delta_sensor_async' retrieved from /home/airflow/.local/lib/python3.8/site-packages/airflow/example_dags/example_time_delta_sensor_async.py
[2024-03-10T18:37:00.562+0000] {logging_mixin.py:188} INFO - [2024-03-10T18:37:00.561+0000] {dag.py:3047} INFO - Sync 1 DAGs
[2024-03-10T18:37:00.625+0000] {logging_mixin.py:188} INFO - [2024-03-10T18:37:00.624+0000] {dag.py:3834} INFO - Setting next_dagrun for example_time_delta_sensor_async to None, run_after=None
[2024-03-10T18:37:00.715+0000] {processor.py:183} INFO - Processing /home/airflow/.local/lib/python3.8/site-packages/airflow/example_dags/example_time_delta_sensor_async.py took 0.335 seconds
[2024-03-10T18:37:31.413+0000] {processor.py:161} INFO - Started process (PID=2269) to work on /home/airflow/.local/lib/python3.8/site-packages/airflow/example_dags/example_time_delta_sensor_async.py
[2024-03-10T18:37:31.419+0000] {processor.py:830} INFO - Processing file /home/airflow/.local/lib/python3.8/site-packages/airflow/example_dags/example_time_delta_sensor_async.py for tasks to queue
[2024-03-10T18:37:31.422+0000] {logging_mixin.py:188} INFO - [2024-03-10T18:37:31.421+0000] {dagbag.py:540} INFO - Filling up the DagBag from /home/airflow/.local/lib/python3.8/site-packages/airflow/example_dags/example_time_delta_sensor_async.py
[2024-03-10T18:37:31.441+0000] {processor.py:840} INFO - DAG(s) 'example_time_delta_sensor_async' retrieved from /home/airflow/.local/lib/python3.8/site-packages/airflow/example_dags/example_time_delta_sensor_async.py
[2024-03-10T18:37:31.492+0000] {logging_mixin.py:188} INFO - [2024-03-10T18:37:31.492+0000] {dag.py:3047} INFO - Sync 1 DAGs
[2024-03-10T18:37:31.512+0000] {logging_mixin.py:188} INFO - [2024-03-10T18:37:31.512+0000] {dag.py:3834} INFO - Setting next_dagrun for example_time_delta_sensor_async to None, run_after=None
[2024-03-10T18:37:31.536+0000] {processor.py:183} INFO - Processing /home/airflow/.local/lib/python3.8/site-packages/airflow/example_dags/example_time_delta_sensor_async.py took 0.132 seconds
[2024-03-10T18:38:02.174+0000] {processor.py:161} INFO - Started process (PID=2515) to work on /home/airflow/.local/lib/python3.8/site-packages/airflow/example_dags/example_time_delta_sensor_async.py
[2024-03-10T18:38:02.180+0000] {processor.py:830} INFO - Processing file /home/airflow/.local/lib/python3.8/site-packages/airflow/example_dags/example_time_delta_sensor_async.py for tasks to queue
[2024-03-10T18:38:02.184+0000] {logging_mixin.py:188} INFO - [2024-03-10T18:38:02.183+0000] {dagbag.py:540} INFO - Filling up the DagBag from /home/airflow/.local/lib/python3.8/site-packages/airflow/example_dags/example_time_delta_sensor_async.py
[2024-03-10T18:38:02.215+0000] {processor.py:840} INFO - DAG(s) 'example_time_delta_sensor_async' retrieved from /home/airflow/.local/lib/python3.8/site-packages/airflow/example_dags/example_time_delta_sensor_async.py
[2024-03-10T18:38:02.327+0000] {logging_mixin.py:188} INFO - [2024-03-10T18:38:02.326+0000] {dag.py:3047} INFO - Sync 1 DAGs
[2024-03-10T18:38:02.389+0000] {logging_mixin.py:188} INFO - [2024-03-10T18:38:02.388+0000] {dag.py:3834} INFO - Setting next_dagrun for example_time_delta_sensor_async to None, run_after=None
[2024-03-10T18:38:02.442+0000] {processor.py:183} INFO - Processing /home/airflow/.local/lib/python3.8/site-packages/airflow/example_dags/example_time_delta_sensor_async.py took 0.280 seconds
[2024-03-10T18:38:33.963+0000] {processor.py:161} INFO - Started process (PID=2764) to work on /home/airflow/.local/lib/python3.8/site-packages/airflow/example_dags/example_time_delta_sensor_async.py
[2024-03-10T18:38:33.967+0000] {processor.py:830} INFO - Processing file /home/airflow/.local/lib/python3.8/site-packages/airflow/example_dags/example_time_delta_sensor_async.py for tasks to queue
[2024-03-10T18:38:33.970+0000] {logging_mixin.py:188} INFO - [2024-03-10T18:38:33.969+0000] {dagbag.py:540} INFO - Filling up the DagBag from /home/airflow/.local/lib/python3.8/site-packages/airflow/example_dags/example_time_delta_sensor_async.py
[2024-03-10T18:38:33.978+0000] {processor.py:840} INFO - DAG(s) 'example_time_delta_sensor_async' retrieved from /home/airflow/.local/lib/python3.8/site-packages/airflow/example_dags/example_time_delta_sensor_async.py
[2024-03-10T18:38:34.036+0000] {logging_mixin.py:188} INFO - [2024-03-10T18:38:34.036+0000] {dag.py:3047} INFO - Sync 1 DAGs
[2024-03-10T18:38:34.058+0000] {logging_mixin.py:188} INFO - [2024-03-10T18:38:34.058+0000] {dag.py:3834} INFO - Setting next_dagrun for example_time_delta_sensor_async to None, run_after=None
[2024-03-10T18:38:34.095+0000] {processor.py:183} INFO - Processing /home/airflow/.local/lib/python3.8/site-packages/airflow/example_dags/example_time_delta_sensor_async.py took 0.139 seconds
[2024-03-10T18:39:04.952+0000] {processor.py:161} INFO - Started process (PID=3009) to work on /home/airflow/.local/lib/python3.8/site-packages/airflow/example_dags/example_time_delta_sensor_async.py
[2024-03-10T18:39:04.971+0000] {processor.py:830} INFO - Processing file /home/airflow/.local/lib/python3.8/site-packages/airflow/example_dags/example_time_delta_sensor_async.py for tasks to queue
[2024-03-10T18:39:04.998+0000] {logging_mixin.py:188} INFO - [2024-03-10T18:39:04.978+0000] {dagbag.py:540} INFO - Filling up the DagBag from /home/airflow/.local/lib/python3.8/site-packages/airflow/example_dags/example_time_delta_sensor_async.py
[2024-03-10T18:39:05.072+0000] {processor.py:840} INFO - DAG(s) 'example_time_delta_sensor_async' retrieved from /home/airflow/.local/lib/python3.8/site-packages/airflow/example_dags/example_time_delta_sensor_async.py
[2024-03-10T18:39:05.221+0000] {logging_mixin.py:188} INFO - [2024-03-10T18:39:05.220+0000] {dag.py:3047} INFO - Sync 1 DAGs
[2024-03-10T18:39:05.332+0000] {logging_mixin.py:188} INFO - [2024-03-10T18:39:05.331+0000] {dag.py:3834} INFO - Setting next_dagrun for example_time_delta_sensor_async to None, run_after=None
[2024-03-10T18:39:05.455+0000] {processor.py:183} INFO - Processing /home/airflow/.local/lib/python3.8/site-packages/airflow/example_dags/example_time_delta_sensor_async.py took 0.552 seconds
[2024-03-10T18:39:43.786+0000] {processor.py:161} INFO - Started process (PID=3270) to work on /home/airflow/.local/lib/python3.8/site-packages/airflow/example_dags/example_time_delta_sensor_async.py
[2024-03-10T18:39:43.798+0000] {processor.py:830} INFO - Processing file /home/airflow/.local/lib/python3.8/site-packages/airflow/example_dags/example_time_delta_sensor_async.py for tasks to queue
[2024-03-10T18:39:43.811+0000] {logging_mixin.py:188} INFO - [2024-03-10T18:39:43.805+0000] {dagbag.py:540} INFO - Filling up the DagBag from /home/airflow/.local/lib/python3.8/site-packages/airflow/example_dags/example_time_delta_sensor_async.py
[2024-03-10T18:39:43.851+0000] {processor.py:840} INFO - DAG(s) 'example_time_delta_sensor_async' retrieved from /home/airflow/.local/lib/python3.8/site-packages/airflow/example_dags/example_time_delta_sensor_async.py
[2024-03-10T18:39:43.976+0000] {logging_mixin.py:188} INFO - [2024-03-10T18:39:43.976+0000] {dag.py:3047} INFO - Sync 1 DAGs
[2024-03-10T18:39:44.030+0000] {logging_mixin.py:188} INFO - [2024-03-10T18:39:44.029+0000] {dag.py:3834} INFO - Setting next_dagrun for example_time_delta_sensor_async to None, run_after=None
[2024-03-10T18:39:44.119+0000] {processor.py:183} INFO - Processing /home/airflow/.local/lib/python3.8/site-packages/airflow/example_dags/example_time_delta_sensor_async.py took 0.363 seconds
[2024-03-10T18:40:14.493+0000] {processor.py:161} INFO - Started process (PID=3519) to work on /home/airflow/.local/lib/python3.8/site-packages/airflow/example_dags/example_time_delta_sensor_async.py
[2024-03-10T18:40:14.500+0000] {processor.py:830} INFO - Processing file /home/airflow/.local/lib/python3.8/site-packages/airflow/example_dags/example_time_delta_sensor_async.py for tasks to queue
[2024-03-10T18:40:14.504+0000] {logging_mixin.py:188} INFO - [2024-03-10T18:40:14.503+0000] {dagbag.py:540} INFO - Filling up the DagBag from /home/airflow/.local/lib/python3.8/site-packages/airflow/example_dags/example_time_delta_sensor_async.py
[2024-03-10T18:40:14.520+0000] {processor.py:840} INFO - DAG(s) 'example_time_delta_sensor_async' retrieved from /home/airflow/.local/lib/python3.8/site-packages/airflow/example_dags/example_time_delta_sensor_async.py
[2024-03-10T18:40:14.567+0000] {logging_mixin.py:188} INFO - [2024-03-10T18:40:14.567+0000] {dag.py:3047} INFO - Sync 1 DAGs
[2024-03-10T18:40:14.594+0000] {logging_mixin.py:188} INFO - [2024-03-10T18:40:14.594+0000] {dag.py:3834} INFO - Setting next_dagrun for example_time_delta_sensor_async to None, run_after=None
[2024-03-10T18:40:14.665+0000] {processor.py:183} INFO - Processing /home/airflow/.local/lib/python3.8/site-packages/airflow/example_dags/example_time_delta_sensor_async.py took 0.183 seconds
[2024-03-10T18:40:49.296+0000] {processor.py:161} INFO - Started process (PID=3771) to work on /home/airflow/.local/lib/python3.8/site-packages/airflow/example_dags/example_time_delta_sensor_async.py
[2024-03-10T18:40:49.314+0000] {processor.py:830} INFO - Processing file /home/airflow/.local/lib/python3.8/site-packages/airflow/example_dags/example_time_delta_sensor_async.py for tasks to queue
[2024-03-10T18:40:49.331+0000] {logging_mixin.py:188} INFO - [2024-03-10T18:40:49.326+0000] {dagbag.py:540} INFO - Filling up the DagBag from /home/airflow/.local/lib/python3.8/site-packages/airflow/example_dags/example_time_delta_sensor_async.py
[2024-03-10T18:40:49.394+0000] {processor.py:840} INFO - DAG(s) 'example_time_delta_sensor_async' retrieved from /home/airflow/.local/lib/python3.8/site-packages/airflow/example_dags/example_time_delta_sensor_async.py
[2024-03-10T18:40:49.482+0000] {logging_mixin.py:188} INFO - [2024-03-10T18:40:49.481+0000] {dag.py:3047} INFO - Sync 1 DAGs
[2024-03-10T18:40:49.541+0000] {logging_mixin.py:188} INFO - [2024-03-10T18:40:49.541+0000] {dag.py:3834} INFO - Setting next_dagrun for example_time_delta_sensor_async to None, run_after=None
[2024-03-10T18:40:49.631+0000] {processor.py:183} INFO - Processing /home/airflow/.local/lib/python3.8/site-packages/airflow/example_dags/example_time_delta_sensor_async.py took 0.345 seconds
[2024-03-10T18:41:20.504+0000] {processor.py:161} INFO - Started process (PID=4020) to work on /home/airflow/.local/lib/python3.8/site-packages/airflow/example_dags/example_time_delta_sensor_async.py
[2024-03-10T18:41:20.509+0000] {processor.py:830} INFO - Processing file /home/airflow/.local/lib/python3.8/site-packages/airflow/example_dags/example_time_delta_sensor_async.py for tasks to queue
[2024-03-10T18:41:20.514+0000] {logging_mixin.py:188} INFO - [2024-03-10T18:41:20.513+0000] {dagbag.py:540} INFO - Filling up the DagBag from /home/airflow/.local/lib/python3.8/site-packages/airflow/example_dags/example_time_delta_sensor_async.py
[2024-03-10T18:41:20.552+0000] {processor.py:840} INFO - DAG(s) 'example_time_delta_sensor_async' retrieved from /home/airflow/.local/lib/python3.8/site-packages/airflow/example_dags/example_time_delta_sensor_async.py
[2024-03-10T18:41:20.941+0000] {logging_mixin.py:188} INFO - [2024-03-10T18:41:20.940+0000] {dag.py:3047} INFO - Sync 1 DAGs
[2024-03-10T18:41:20.973+0000] {logging_mixin.py:188} INFO - [2024-03-10T18:41:20.973+0000] {dag.py:3834} INFO - Setting next_dagrun for example_time_delta_sensor_async to None, run_after=None
[2024-03-10T18:41:21.063+0000] {processor.py:183} INFO - Processing /home/airflow/.local/lib/python3.8/site-packages/airflow/example_dags/example_time_delta_sensor_async.py took 0.583 seconds
[2024-03-10T18:41:51.671+0000] {processor.py:161} INFO - Started process (PID=4268) to work on /home/airflow/.local/lib/python3.8/site-packages/airflow/example_dags/example_time_delta_sensor_async.py
[2024-03-10T18:41:51.674+0000] {processor.py:830} INFO - Processing file /home/airflow/.local/lib/python3.8/site-packages/airflow/example_dags/example_time_delta_sensor_async.py for tasks to queue
[2024-03-10T18:41:51.677+0000] {logging_mixin.py:188} INFO - [2024-03-10T18:41:51.676+0000] {dagbag.py:540} INFO - Filling up the DagBag from /home/airflow/.local/lib/python3.8/site-packages/airflow/example_dags/example_time_delta_sensor_async.py
[2024-03-10T18:41:51.687+0000] {processor.py:840} INFO - DAG(s) 'example_time_delta_sensor_async' retrieved from /home/airflow/.local/lib/python3.8/site-packages/airflow/example_dags/example_time_delta_sensor_async.py
[2024-03-10T18:41:51.748+0000] {logging_mixin.py:188} INFO - [2024-03-10T18:41:51.747+0000] {dag.py:3047} INFO - Sync 1 DAGs
[2024-03-10T18:41:51.768+0000] {logging_mixin.py:188} INFO - [2024-03-10T18:41:51.768+0000] {dag.py:3834} INFO - Setting next_dagrun for example_time_delta_sensor_async to None, run_after=None
[2024-03-10T18:41:51.798+0000] {processor.py:183} INFO - Processing /home/airflow/.local/lib/python3.8/site-packages/airflow/example_dags/example_time_delta_sensor_async.py took 0.134 seconds
[2024-03-10T18:42:44.897+0000] {processor.py:161} INFO - Started process (PID=4551) to work on /home/airflow/.local/lib/python3.8/site-packages/airflow/example_dags/example_time_delta_sensor_async.py
[2024-03-10T18:42:44.902+0000] {processor.py:830} INFO - Processing file /home/airflow/.local/lib/python3.8/site-packages/airflow/example_dags/example_time_delta_sensor_async.py for tasks to queue
[2024-03-10T18:42:44.905+0000] {logging_mixin.py:188} INFO - [2024-03-10T18:42:44.904+0000] {dagbag.py:540} INFO - Filling up the DagBag from /home/airflow/.local/lib/python3.8/site-packages/airflow/example_dags/example_time_delta_sensor_async.py
[2024-03-10T18:42:44.919+0000] {processor.py:840} INFO - DAG(s) 'example_time_delta_sensor_async' retrieved from /home/airflow/.local/lib/python3.8/site-packages/airflow/example_dags/example_time_delta_sensor_async.py
[2024-03-10T18:42:45.040+0000] {logging_mixin.py:188} INFO - [2024-03-10T18:42:45.039+0000] {dag.py:3047} INFO - Sync 1 DAGs
[2024-03-10T18:42:45.105+0000] {logging_mixin.py:188} INFO - [2024-03-10T18:42:45.103+0000] {dag.py:3834} INFO - Setting next_dagrun for example_time_delta_sensor_async to None, run_after=None
[2024-03-10T18:42:45.225+0000] {processor.py:183} INFO - Processing /home/airflow/.local/lib/python3.8/site-packages/airflow/example_dags/example_time_delta_sensor_async.py took 0.337 seconds
[2024-03-10T18:43:47.148+0000] {processor.py:161} INFO - Started process (PID=4796) to work on /home/airflow/.local/lib/python3.8/site-packages/airflow/example_dags/example_time_delta_sensor_async.py
[2024-03-10T18:43:47.253+0000] {processor.py:830} INFO - Processing file /home/airflow/.local/lib/python3.8/site-packages/airflow/example_dags/example_time_delta_sensor_async.py for tasks to queue
[2024-03-10T18:43:47.305+0000] {logging_mixin.py:188} INFO - [2024-03-10T18:43:47.286+0000] {dagbag.py:540} INFO - Filling up the DagBag from /home/airflow/.local/lib/python3.8/site-packages/airflow/example_dags/example_time_delta_sensor_async.py
[2024-03-10T18:43:47.631+0000] {processor.py:840} INFO - DAG(s) 'example_time_delta_sensor_async' retrieved from /home/airflow/.local/lib/python3.8/site-packages/airflow/example_dags/example_time_delta_sensor_async.py
[2024-03-10T18:43:48.738+0000] {logging_mixin.py:188} INFO - [2024-03-10T18:43:48.735+0000] {dag.py:3047} INFO - Sync 1 DAGs
[2024-03-10T18:43:48.976+0000] {logging_mixin.py:188} INFO - [2024-03-10T18:43:48.975+0000] {dag.py:3834} INFO - Setting next_dagrun for example_time_delta_sensor_async to None, run_after=None
[2024-03-10T18:43:49.254+0000] {processor.py:183} INFO - Processing /home/airflow/.local/lib/python3.8/site-packages/airflow/example_dags/example_time_delta_sensor_async.py took 2.220 seconds
