[2024-03-10T18:33:03.823+0000] {processor.py:161} INFO - Started process (PID=276) to work on /home/airflow/.local/lib/python3.8/site-packages/airflow/example_dags/example_nested_branch_dag.py
[2024-03-10T18:33:03.825+0000] {processor.py:830} INFO - Processing file /home/airflow/.local/lib/python3.8/site-packages/airflow/example_dags/example_nested_branch_dag.py for tasks to queue
[2024-03-10T18:33:03.837+0000] {logging_mixin.py:188} INFO - [2024-03-10T18:33:03.836+0000] {dagbag.py:540} INFO - Filling up the DagBag from /home/airflow/.local/lib/python3.8/site-packages/airflow/example_dags/example_nested_branch_dag.py
[2024-03-10T18:33:03.869+0000] {processor.py:840} INFO - DAG(s) 'example_nested_branch_dag' retrieved from /home/airflow/.local/lib/python3.8/site-packages/airflow/example_dags/example_nested_branch_dag.py
[2024-03-10T18:33:04.351+0000] {logging_mixin.py:188} INFO - [2024-03-10T18:33:04.350+0000] {override.py:1769} INFO - Created Permission View: can delete on DAG:example_nested_branch_dag
[2024-03-10T18:33:04.397+0000] {logging_mixin.py:188} INFO - [2024-03-10T18:33:04.396+0000] {override.py:1769} INFO - Created Permission View: can edit on DAG:example_nested_branch_dag
[2024-03-10T18:33:04.410+0000] {logging_mixin.py:188} INFO - [2024-03-10T18:33:04.409+0000] {override.py:1769} INFO - Created Permission View: can read on DAG:example_nested_branch_dag
[2024-03-10T18:33:04.411+0000] {logging_mixin.py:188} INFO - [2024-03-10T18:33:04.411+0000] {dag.py:3047} INFO - Sync 1 DAGs
[2024-03-10T18:33:04.556+0000] {logging_mixin.py:188} INFO - [2024-03-10T18:33:04.555+0000] {dag.py:3069} INFO - Creating ORM DAG for example_nested_branch_dag
[2024-03-10T18:33:04.688+0000] {logging_mixin.py:188} INFO - [2024-03-10T18:33:04.687+0000] {dag.py:3834} INFO - Setting next_dagrun for example_nested_branch_dag to 2024-03-09 00:00:00+00:00, run_after=2024-03-10 00:00:00+00:00
[2024-03-10T18:33:05.077+0000] {processor.py:183} INFO - Processing /home/airflow/.local/lib/python3.8/site-packages/airflow/example_dags/example_nested_branch_dag.py took 1.260 seconds
[2024-03-10T18:33:45.581+0000] {processor.py:161} INFO - Started process (PID=523) to work on /home/airflow/.local/lib/python3.8/site-packages/airflow/example_dags/example_nested_branch_dag.py
[2024-03-10T18:33:45.586+0000] {processor.py:830} INFO - Processing file /home/airflow/.local/lib/python3.8/site-packages/airflow/example_dags/example_nested_branch_dag.py for tasks to queue
[2024-03-10T18:33:45.587+0000] {logging_mixin.py:188} INFO - [2024-03-10T18:33:45.587+0000] {dagbag.py:540} INFO - Filling up the DagBag from /home/airflow/.local/lib/python3.8/site-packages/airflow/example_dags/example_nested_branch_dag.py
[2024-03-10T18:33:45.601+0000] {processor.py:840} INFO - DAG(s) 'example_nested_branch_dag' retrieved from /home/airflow/.local/lib/python3.8/site-packages/airflow/example_dags/example_nested_branch_dag.py
[2024-03-10T18:33:45.624+0000] {logging_mixin.py:188} INFO - [2024-03-10T18:33:45.624+0000] {dag.py:3047} INFO - Sync 1 DAGs
[2024-03-10T18:33:45.644+0000] {logging_mixin.py:188} INFO - [2024-03-10T18:33:45.643+0000] {dag.py:3834} INFO - Setting next_dagrun for example_nested_branch_dag to 2024-03-09 00:00:00+00:00, run_after=2024-03-10 00:00:00+00:00
[2024-03-10T18:33:45.665+0000] {processor.py:183} INFO - Processing /home/airflow/.local/lib/python3.8/site-packages/airflow/example_dags/example_nested_branch_dag.py took 0.087 seconds
[2024-03-10T18:34:17.234+0000] {processor.py:161} INFO - Started process (PID=770) to work on /home/airflow/.local/lib/python3.8/site-packages/airflow/example_dags/example_nested_branch_dag.py
[2024-03-10T18:34:17.239+0000] {processor.py:830} INFO - Processing file /home/airflow/.local/lib/python3.8/site-packages/airflow/example_dags/example_nested_branch_dag.py for tasks to queue
[2024-03-10T18:34:17.245+0000] {logging_mixin.py:188} INFO - [2024-03-10T18:34:17.244+0000] {dagbag.py:540} INFO - Filling up the DagBag from /home/airflow/.local/lib/python3.8/site-packages/airflow/example_dags/example_nested_branch_dag.py
[2024-03-10T18:34:17.265+0000] {processor.py:840} INFO - DAG(s) 'example_nested_branch_dag' retrieved from /home/airflow/.local/lib/python3.8/site-packages/airflow/example_dags/example_nested_branch_dag.py
[2024-03-10T18:34:17.307+0000] {logging_mixin.py:188} INFO - [2024-03-10T18:34:17.307+0000] {dag.py:3047} INFO - Sync 1 DAGs
[2024-03-10T18:34:17.333+0000] {logging_mixin.py:188} INFO - [2024-03-10T18:34:17.333+0000] {dag.py:3834} INFO - Setting next_dagrun for example_nested_branch_dag to 2024-03-09 00:00:00+00:00, run_after=2024-03-10 00:00:00+00:00
[2024-03-10T18:34:17.355+0000] {processor.py:183} INFO - Processing /home/airflow/.local/lib/python3.8/site-packages/airflow/example_dags/example_nested_branch_dag.py took 0.131 seconds
[2024-03-10T18:34:49.918+0000] {processor.py:161} INFO - Started process (PID=1018) to work on /home/airflow/.local/lib/python3.8/site-packages/airflow/example_dags/example_nested_branch_dag.py
[2024-03-10T18:34:49.925+0000] {processor.py:830} INFO - Processing file /home/airflow/.local/lib/python3.8/site-packages/airflow/example_dags/example_nested_branch_dag.py for tasks to queue
[2024-03-10T18:34:49.945+0000] {logging_mixin.py:188} INFO - [2024-03-10T18:34:49.943+0000] {dagbag.py:540} INFO - Filling up the DagBag from /home/airflow/.local/lib/python3.8/site-packages/airflow/example_dags/example_nested_branch_dag.py
[2024-03-10T18:34:50.003+0000] {processor.py:840} INFO - DAG(s) 'example_nested_branch_dag' retrieved from /home/airflow/.local/lib/python3.8/site-packages/airflow/example_dags/example_nested_branch_dag.py
[2024-03-10T18:34:50.067+0000] {logging_mixin.py:188} INFO - [2024-03-10T18:34:50.066+0000] {dag.py:3047} INFO - Sync 1 DAGs
[2024-03-10T18:34:50.132+0000] {logging_mixin.py:188} INFO - [2024-03-10T18:34:50.131+0000] {dag.py:3834} INFO - Setting next_dagrun for example_nested_branch_dag to 2024-03-09 00:00:00+00:00, run_after=2024-03-10 00:00:00+00:00
[2024-03-10T18:34:50.819+0000] {processor.py:183} INFO - Processing /home/airflow/.local/lib/python3.8/site-packages/airflow/example_dags/example_nested_branch_dag.py took 0.909 seconds
[2024-03-10T18:35:23.682+0000] {processor.py:161} INFO - Started process (PID=1267) to work on /home/airflow/.local/lib/python3.8/site-packages/airflow/example_dags/example_nested_branch_dag.py
[2024-03-10T18:35:23.688+0000] {processor.py:830} INFO - Processing file /home/airflow/.local/lib/python3.8/site-packages/airflow/example_dags/example_nested_branch_dag.py for tasks to queue
[2024-03-10T18:35:23.693+0000] {logging_mixin.py:188} INFO - [2024-03-10T18:35:23.692+0000] {dagbag.py:540} INFO - Filling up the DagBag from /home/airflow/.local/lib/python3.8/site-packages/airflow/example_dags/example_nested_branch_dag.py
[2024-03-10T18:35:23.738+0000] {processor.py:840} INFO - DAG(s) 'example_nested_branch_dag' retrieved from /home/airflow/.local/lib/python3.8/site-packages/airflow/example_dags/example_nested_branch_dag.py
[2024-03-10T18:35:23.810+0000] {logging_mixin.py:188} INFO - [2024-03-10T18:35:23.810+0000] {dag.py:3047} INFO - Sync 1 DAGs
[2024-03-10T18:35:23.850+0000] {logging_mixin.py:188} INFO - [2024-03-10T18:35:23.850+0000] {dag.py:3834} INFO - Setting next_dagrun for example_nested_branch_dag to 2024-03-09 00:00:00+00:00, run_after=2024-03-10 00:00:00+00:00
[2024-03-10T18:35:23.896+0000] {processor.py:183} INFO - Processing /home/airflow/.local/lib/python3.8/site-packages/airflow/example_dags/example_nested_branch_dag.py took 0.222 seconds
[2024-03-10T18:35:54.514+0000] {processor.py:161} INFO - Started process (PID=1511) to work on /home/airflow/.local/lib/python3.8/site-packages/airflow/example_dags/example_nested_branch_dag.py
[2024-03-10T18:35:54.517+0000] {processor.py:830} INFO - Processing file /home/airflow/.local/lib/python3.8/site-packages/airflow/example_dags/example_nested_branch_dag.py for tasks to queue
[2024-03-10T18:35:54.520+0000] {logging_mixin.py:188} INFO - [2024-03-10T18:35:54.519+0000] {dagbag.py:540} INFO - Filling up the DagBag from /home/airflow/.local/lib/python3.8/site-packages/airflow/example_dags/example_nested_branch_dag.py
[2024-03-10T18:35:54.549+0000] {processor.py:840} INFO - DAG(s) 'example_nested_branch_dag' retrieved from /home/airflow/.local/lib/python3.8/site-packages/airflow/example_dags/example_nested_branch_dag.py
[2024-03-10T18:35:54.604+0000] {logging_mixin.py:188} INFO - [2024-03-10T18:35:54.603+0000] {dag.py:3047} INFO - Sync 1 DAGs
[2024-03-10T18:35:54.641+0000] {logging_mixin.py:188} INFO - [2024-03-10T18:35:54.641+0000] {dag.py:3834} INFO - Setting next_dagrun for example_nested_branch_dag to 2024-03-09 00:00:00+00:00, run_after=2024-03-10 00:00:00+00:00
[2024-03-10T18:35:54.687+0000] {processor.py:183} INFO - Processing /home/airflow/.local/lib/python3.8/site-packages/airflow/example_dags/example_nested_branch_dag.py took 0.179 seconds
[2024-03-10T18:36:25.213+0000] {processor.py:161} INFO - Started process (PID=1753) to work on /home/airflow/.local/lib/python3.8/site-packages/airflow/example_dags/example_nested_branch_dag.py
[2024-03-10T18:36:25.218+0000] {processor.py:830} INFO - Processing file /home/airflow/.local/lib/python3.8/site-packages/airflow/example_dags/example_nested_branch_dag.py for tasks to queue
[2024-03-10T18:36:25.224+0000] {logging_mixin.py:188} INFO - [2024-03-10T18:36:25.223+0000] {dagbag.py:540} INFO - Filling up the DagBag from /home/airflow/.local/lib/python3.8/site-packages/airflow/example_dags/example_nested_branch_dag.py
[2024-03-10T18:36:25.269+0000] {processor.py:840} INFO - DAG(s) 'example_nested_branch_dag' retrieved from /home/airflow/.local/lib/python3.8/site-packages/airflow/example_dags/example_nested_branch_dag.py
[2024-03-10T18:36:25.669+0000] {logging_mixin.py:188} INFO - [2024-03-10T18:36:25.667+0000] {dag.py:3047} INFO - Sync 1 DAGs
[2024-03-10T18:36:25.860+0000] {logging_mixin.py:188} INFO - [2024-03-10T18:36:25.859+0000] {dag.py:3834} INFO - Setting next_dagrun for example_nested_branch_dag to 2024-03-09 00:00:00+00:00, run_after=2024-03-10 00:00:00+00:00
[2024-03-10T18:36:25.952+0000] {processor.py:183} INFO - Processing /home/airflow/.local/lib/python3.8/site-packages/airflow/example_dags/example_nested_branch_dag.py took 0.748 seconds
[2024-03-10T18:36:59.394+0000] {processor.py:161} INFO - Started process (PID=2000) to work on /home/airflow/.local/lib/python3.8/site-packages/airflow/example_dags/example_nested_branch_dag.py
[2024-03-10T18:36:59.405+0000] {processor.py:830} INFO - Processing file /home/airflow/.local/lib/python3.8/site-packages/airflow/example_dags/example_nested_branch_dag.py for tasks to queue
[2024-03-10T18:36:59.426+0000] {logging_mixin.py:188} INFO - [2024-03-10T18:36:59.424+0000] {dagbag.py:540} INFO - Filling up the DagBag from /home/airflow/.local/lib/python3.8/site-packages/airflow/example_dags/example_nested_branch_dag.py
[2024-03-10T18:36:59.502+0000] {processor.py:840} INFO - DAG(s) 'example_nested_branch_dag' retrieved from /home/airflow/.local/lib/python3.8/site-packages/airflow/example_dags/example_nested_branch_dag.py
[2024-03-10T18:36:59.629+0000] {logging_mixin.py:188} INFO - [2024-03-10T18:36:59.629+0000] {dag.py:3047} INFO - Sync 1 DAGs
[2024-03-10T18:36:59.709+0000] {logging_mixin.py:188} INFO - [2024-03-10T18:36:59.709+0000] {dag.py:3834} INFO - Setting next_dagrun for example_nested_branch_dag to 2024-03-09 00:00:00+00:00, run_after=2024-03-10 00:00:00+00:00
[2024-03-10T18:36:59.767+0000] {processor.py:183} INFO - Processing /home/airflow/.local/lib/python3.8/site-packages/airflow/example_dags/example_nested_branch_dag.py took 0.396 seconds
[2024-03-10T18:37:29.874+0000] {processor.py:161} INFO - Started process (PID=2249) to work on /home/airflow/.local/lib/python3.8/site-packages/airflow/example_dags/example_nested_branch_dag.py
[2024-03-10T18:37:29.879+0000] {processor.py:830} INFO - Processing file /home/airflow/.local/lib/python3.8/site-packages/airflow/example_dags/example_nested_branch_dag.py for tasks to queue
[2024-03-10T18:37:29.883+0000] {logging_mixin.py:188} INFO - [2024-03-10T18:37:29.882+0000] {dagbag.py:540} INFO - Filling up the DagBag from /home/airflow/.local/lib/python3.8/site-packages/airflow/example_dags/example_nested_branch_dag.py
[2024-03-10T18:37:29.898+0000] {processor.py:840} INFO - DAG(s) 'example_nested_branch_dag' retrieved from /home/airflow/.local/lib/python3.8/site-packages/airflow/example_dags/example_nested_branch_dag.py
[2024-03-10T18:37:29.936+0000] {logging_mixin.py:188} INFO - [2024-03-10T18:37:29.936+0000] {dag.py:3047} INFO - Sync 1 DAGs
[2024-03-10T18:37:29.963+0000] {logging_mixin.py:188} INFO - [2024-03-10T18:37:29.962+0000] {dag.py:3834} INFO - Setting next_dagrun for example_nested_branch_dag to 2024-03-09 00:00:00+00:00, run_after=2024-03-10 00:00:00+00:00
[2024-03-10T18:37:29.981+0000] {processor.py:183} INFO - Processing /home/airflow/.local/lib/python3.8/site-packages/airflow/example_dags/example_nested_branch_dag.py took 0.112 seconds
[2024-03-10T18:38:00.658+0000] {processor.py:161} INFO - Started process (PID=2495) to work on /home/airflow/.local/lib/python3.8/site-packages/airflow/example_dags/example_nested_branch_dag.py
[2024-03-10T18:38:00.672+0000] {processor.py:830} INFO - Processing file /home/airflow/.local/lib/python3.8/site-packages/airflow/example_dags/example_nested_branch_dag.py for tasks to queue
[2024-03-10T18:38:00.675+0000] {logging_mixin.py:188} INFO - [2024-03-10T18:38:00.674+0000] {dagbag.py:540} INFO - Filling up the DagBag from /home/airflow/.local/lib/python3.8/site-packages/airflow/example_dags/example_nested_branch_dag.py
[2024-03-10T18:38:00.716+0000] {processor.py:840} INFO - DAG(s) 'example_nested_branch_dag' retrieved from /home/airflow/.local/lib/python3.8/site-packages/airflow/example_dags/example_nested_branch_dag.py
[2024-03-10T18:38:01.003+0000] {logging_mixin.py:188} INFO - [2024-03-10T18:38:00.999+0000] {dag.py:3047} INFO - Sync 1 DAGs
[2024-03-10T18:38:01.219+0000] {logging_mixin.py:188} INFO - [2024-03-10T18:38:01.219+0000] {dag.py:3834} INFO - Setting next_dagrun for example_nested_branch_dag to 2024-03-09 00:00:00+00:00, run_after=2024-03-10 00:00:00+00:00
[2024-03-10T18:38:01.345+0000] {processor.py:183} INFO - Processing /home/airflow/.local/lib/python3.8/site-packages/airflow/example_dags/example_nested_branch_dag.py took 0.693 seconds
[2024-03-10T18:38:32.678+0000] {processor.py:161} INFO - Started process (PID=2744) to work on /home/airflow/.local/lib/python3.8/site-packages/airflow/example_dags/example_nested_branch_dag.py
[2024-03-10T18:38:32.681+0000] {processor.py:830} INFO - Processing file /home/airflow/.local/lib/python3.8/site-packages/airflow/example_dags/example_nested_branch_dag.py for tasks to queue
[2024-03-10T18:38:32.684+0000] {logging_mixin.py:188} INFO - [2024-03-10T18:38:32.683+0000] {dagbag.py:540} INFO - Filling up the DagBag from /home/airflow/.local/lib/python3.8/site-packages/airflow/example_dags/example_nested_branch_dag.py
[2024-03-10T18:38:32.704+0000] {processor.py:840} INFO - DAG(s) 'example_nested_branch_dag' retrieved from /home/airflow/.local/lib/python3.8/site-packages/airflow/example_dags/example_nested_branch_dag.py
[2024-03-10T18:38:32.766+0000] {logging_mixin.py:188} INFO - [2024-03-10T18:38:32.765+0000] {dag.py:3047} INFO - Sync 1 DAGs
[2024-03-10T18:38:32.808+0000] {logging_mixin.py:188} INFO - [2024-03-10T18:38:32.807+0000] {dag.py:3834} INFO - Setting next_dagrun for example_nested_branch_dag to 2024-03-09 00:00:00+00:00, run_after=2024-03-10 00:00:00+00:00
[2024-03-10T18:38:32.860+0000] {processor.py:183} INFO - Processing /home/airflow/.local/lib/python3.8/site-packages/airflow/example_dags/example_nested_branch_dag.py took 0.191 seconds
[2024-03-10T18:39:03.551+0000] {processor.py:161} INFO - Started process (PID=2989) to work on /home/airflow/.local/lib/python3.8/site-packages/airflow/example_dags/example_nested_branch_dag.py
[2024-03-10T18:39:03.556+0000] {processor.py:830} INFO - Processing file /home/airflow/.local/lib/python3.8/site-packages/airflow/example_dags/example_nested_branch_dag.py for tasks to queue
[2024-03-10T18:39:03.562+0000] {logging_mixin.py:188} INFO - [2024-03-10T18:39:03.561+0000] {dagbag.py:540} INFO - Filling up the DagBag from /home/airflow/.local/lib/python3.8/site-packages/airflow/example_dags/example_nested_branch_dag.py
[2024-03-10T18:39:03.582+0000] {processor.py:840} INFO - DAG(s) 'example_nested_branch_dag' retrieved from /home/airflow/.local/lib/python3.8/site-packages/airflow/example_dags/example_nested_branch_dag.py
[2024-03-10T18:39:03.632+0000] {logging_mixin.py:188} INFO - [2024-03-10T18:39:03.631+0000] {dag.py:3047} INFO - Sync 1 DAGs
[2024-03-10T18:39:03.684+0000] {logging_mixin.py:188} INFO - [2024-03-10T18:39:03.683+0000] {dag.py:3834} INFO - Setting next_dagrun for example_nested_branch_dag to 2024-03-09 00:00:00+00:00, run_after=2024-03-10 00:00:00+00:00
[2024-03-10T18:39:03.788+0000] {processor.py:183} INFO - Processing /home/airflow/.local/lib/python3.8/site-packages/airflow/example_dags/example_nested_branch_dag.py took 0.244 seconds
[2024-03-10T18:39:41.859+0000] {processor.py:161} INFO - Started process (PID=3245) to work on /home/airflow/.local/lib/python3.8/site-packages/airflow/example_dags/example_nested_branch_dag.py
[2024-03-10T18:39:41.865+0000] {processor.py:830} INFO - Processing file /home/airflow/.local/lib/python3.8/site-packages/airflow/example_dags/example_nested_branch_dag.py for tasks to queue
[2024-03-10T18:39:41.870+0000] {logging_mixin.py:188} INFO - [2024-03-10T18:39:41.869+0000] {dagbag.py:540} INFO - Filling up the DagBag from /home/airflow/.local/lib/python3.8/site-packages/airflow/example_dags/example_nested_branch_dag.py
[2024-03-10T18:39:41.924+0000] {processor.py:840} INFO - DAG(s) 'example_nested_branch_dag' retrieved from /home/airflow/.local/lib/python3.8/site-packages/airflow/example_dags/example_nested_branch_dag.py
[2024-03-10T18:39:42.027+0000] {logging_mixin.py:188} INFO - [2024-03-10T18:39:42.026+0000] {dag.py:3047} INFO - Sync 1 DAGs
[2024-03-10T18:39:42.154+0000] {logging_mixin.py:188} INFO - [2024-03-10T18:39:42.153+0000] {dag.py:3834} INFO - Setting next_dagrun for example_nested_branch_dag to 2024-03-09 00:00:00+00:00, run_after=2024-03-10 00:00:00+00:00
[2024-03-10T18:39:42.261+0000] {processor.py:183} INFO - Processing /home/airflow/.local/lib/python3.8/site-packages/airflow/example_dags/example_nested_branch_dag.py took 0.410 seconds
[2024-03-10T18:40:12.922+0000] {processor.py:161} INFO - Started process (PID=3492) to work on /home/airflow/.local/lib/python3.8/site-packages/airflow/example_dags/example_nested_branch_dag.py
[2024-03-10T18:40:12.928+0000] {processor.py:830} INFO - Processing file /home/airflow/.local/lib/python3.8/site-packages/airflow/example_dags/example_nested_branch_dag.py for tasks to queue
[2024-03-10T18:40:12.934+0000] {logging_mixin.py:188} INFO - [2024-03-10T18:40:12.932+0000] {dagbag.py:540} INFO - Filling up the DagBag from /home/airflow/.local/lib/python3.8/site-packages/airflow/example_dags/example_nested_branch_dag.py
[2024-03-10T18:40:12.965+0000] {processor.py:840} INFO - DAG(s) 'example_nested_branch_dag' retrieved from /home/airflow/.local/lib/python3.8/site-packages/airflow/example_dags/example_nested_branch_dag.py
[2024-03-10T18:40:13.050+0000] {logging_mixin.py:188} INFO - [2024-03-10T18:40:13.050+0000] {dag.py:3047} INFO - Sync 1 DAGs
[2024-03-10T18:40:13.135+0000] {logging_mixin.py:188} INFO - [2024-03-10T18:40:13.135+0000] {dag.py:3834} INFO - Setting next_dagrun for example_nested_branch_dag to 2024-03-09 00:00:00+00:00, run_after=2024-03-10 00:00:00+00:00
[2024-03-10T18:40:13.192+0000] {processor.py:183} INFO - Processing /home/airflow/.local/lib/python3.8/site-packages/airflow/example_dags/example_nested_branch_dag.py took 0.284 seconds
[2024-03-10T18:40:46.387+0000] {processor.py:161} INFO - Started process (PID=3741) to work on /home/airflow/.local/lib/python3.8/site-packages/airflow/example_dags/example_nested_branch_dag.py
[2024-03-10T18:40:46.396+0000] {processor.py:830} INFO - Processing file /home/airflow/.local/lib/python3.8/site-packages/airflow/example_dags/example_nested_branch_dag.py for tasks to queue
[2024-03-10T18:40:46.402+0000] {logging_mixin.py:188} INFO - [2024-03-10T18:40:46.401+0000] {dagbag.py:540} INFO - Filling up the DagBag from /home/airflow/.local/lib/python3.8/site-packages/airflow/example_dags/example_nested_branch_dag.py
[2024-03-10T18:40:46.438+0000] {processor.py:840} INFO - DAG(s) 'example_nested_branch_dag' retrieved from /home/airflow/.local/lib/python3.8/site-packages/airflow/example_dags/example_nested_branch_dag.py
[2024-03-10T18:40:46.511+0000] {logging_mixin.py:188} INFO - [2024-03-10T18:40:46.510+0000] {dag.py:3047} INFO - Sync 1 DAGs
[2024-03-10T18:40:46.613+0000] {logging_mixin.py:188} INFO - [2024-03-10T18:40:46.612+0000] {dag.py:3834} INFO - Setting next_dagrun for example_nested_branch_dag to 2024-03-09 00:00:00+00:00, run_after=2024-03-10 00:00:00+00:00
[2024-03-10T18:40:46.668+0000] {processor.py:183} INFO - Processing /home/airflow/.local/lib/python3.8/site-packages/airflow/example_dags/example_nested_branch_dag.py took 0.299 seconds
[2024-03-10T18:41:18.095+0000] {processor.py:161} INFO - Started process (PID=3989) to work on /home/airflow/.local/lib/python3.8/site-packages/airflow/example_dags/example_nested_branch_dag.py
[2024-03-10T18:41:18.099+0000] {processor.py:830} INFO - Processing file /home/airflow/.local/lib/python3.8/site-packages/airflow/example_dags/example_nested_branch_dag.py for tasks to queue
[2024-03-10T18:41:18.104+0000] {logging_mixin.py:188} INFO - [2024-03-10T18:41:18.103+0000] {dagbag.py:540} INFO - Filling up the DagBag from /home/airflow/.local/lib/python3.8/site-packages/airflow/example_dags/example_nested_branch_dag.py
[2024-03-10T18:41:18.156+0000] {processor.py:840} INFO - DAG(s) 'example_nested_branch_dag' retrieved from /home/airflow/.local/lib/python3.8/site-packages/airflow/example_dags/example_nested_branch_dag.py
[2024-03-10T18:41:18.402+0000] {logging_mixin.py:188} INFO - [2024-03-10T18:41:18.401+0000] {dag.py:3047} INFO - Sync 1 DAGs
[2024-03-10T18:41:18.441+0000] {logging_mixin.py:188} INFO - [2024-03-10T18:41:18.441+0000] {dag.py:3834} INFO - Setting next_dagrun for example_nested_branch_dag to 2024-03-09 00:00:00+00:00, run_after=2024-03-10 00:00:00+00:00
[2024-03-10T18:41:18.483+0000] {processor.py:183} INFO - Processing /home/airflow/.local/lib/python3.8/site-packages/airflow/example_dags/example_nested_branch_dag.py took 0.398 seconds
[2024-03-10T18:41:49.648+0000] {processor.py:161} INFO - Started process (PID=4243) to work on /home/airflow/.local/lib/python3.8/site-packages/airflow/example_dags/example_nested_branch_dag.py
[2024-03-10T18:41:49.651+0000] {processor.py:830} INFO - Processing file /home/airflow/.local/lib/python3.8/site-packages/airflow/example_dags/example_nested_branch_dag.py for tasks to queue
[2024-03-10T18:41:49.654+0000] {logging_mixin.py:188} INFO - [2024-03-10T18:41:49.653+0000] {dagbag.py:540} INFO - Filling up the DagBag from /home/airflow/.local/lib/python3.8/site-packages/airflow/example_dags/example_nested_branch_dag.py
[2024-03-10T18:41:49.674+0000] {processor.py:840} INFO - DAG(s) 'example_nested_branch_dag' retrieved from /home/airflow/.local/lib/python3.8/site-packages/airflow/example_dags/example_nested_branch_dag.py
[2024-03-10T18:41:49.770+0000] {logging_mixin.py:188} INFO - [2024-03-10T18:41:49.769+0000] {dag.py:3047} INFO - Sync 1 DAGs
[2024-03-10T18:41:49.855+0000] {logging_mixin.py:188} INFO - [2024-03-10T18:41:49.854+0000] {dag.py:3834} INFO - Setting next_dagrun for example_nested_branch_dag to 2024-03-09 00:00:00+00:00, run_after=2024-03-10 00:00:00+00:00
[2024-03-10T18:41:49.911+0000] {processor.py:183} INFO - Processing /home/airflow/.local/lib/python3.8/site-packages/airflow/example_dags/example_nested_branch_dag.py took 0.269 seconds
[2024-03-10T18:42:29.765+0000] {processor.py:161} INFO - Started process (PID=4490) to work on /home/airflow/.local/lib/python3.8/site-packages/airflow/example_dags/example_nested_branch_dag.py
[2024-03-10T18:42:29.860+0000] {processor.py:830} INFO - Processing file /home/airflow/.local/lib/python3.8/site-packages/airflow/example_dags/example_nested_branch_dag.py for tasks to queue
[2024-03-10T18:42:29.960+0000] {logging_mixin.py:188} INFO - [2024-03-10T18:42:29.957+0000] {dagbag.py:540} INFO - Filling up the DagBag from /home/airflow/.local/lib/python3.8/site-packages/airflow/example_dags/example_nested_branch_dag.py
[2024-03-10T18:42:30.277+0000] {processor.py:840} INFO - DAG(s) 'example_nested_branch_dag' retrieved from /home/airflow/.local/lib/python3.8/site-packages/airflow/example_dags/example_nested_branch_dag.py
[2024-03-10T18:42:31.475+0000] {logging_mixin.py:188} INFO - [2024-03-10T18:42:31.463+0000] {dag.py:3047} INFO - Sync 1 DAGs
[2024-03-10T18:42:32.067+0000] {logging_mixin.py:188} INFO - [2024-03-10T18:42:32.066+0000] {dag.py:3834} INFO - Setting next_dagrun for example_nested_branch_dag to 2024-03-09 00:00:00+00:00, run_after=2024-03-10 00:00:00+00:00
[2024-03-10T18:42:32.308+0000] {processor.py:183} INFO - Processing /home/airflow/.local/lib/python3.8/site-packages/airflow/example_dags/example_nested_branch_dag.py took 2.837 seconds
[2024-03-10T18:43:23.657+0000] {processor.py:161} INFO - Started process (PID=4719) to work on /home/airflow/.local/lib/python3.8/site-packages/airflow/example_dags/example_nested_branch_dag.py
[2024-03-10T18:43:23.665+0000] {processor.py:830} INFO - Processing file /home/airflow/.local/lib/python3.8/site-packages/airflow/example_dags/example_nested_branch_dag.py for tasks to queue
[2024-03-10T18:43:23.674+0000] {logging_mixin.py:188} INFO - [2024-03-10T18:43:23.673+0000] {dagbag.py:540} INFO - Filling up the DagBag from /home/airflow/.local/lib/python3.8/site-packages/airflow/example_dags/example_nested_branch_dag.py
[2024-03-10T18:43:23.747+0000] {processor.py:840} INFO - DAG(s) 'example_nested_branch_dag' retrieved from /home/airflow/.local/lib/python3.8/site-packages/airflow/example_dags/example_nested_branch_dag.py
[2024-03-10T18:43:23.865+0000] {logging_mixin.py:188} INFO - [2024-03-10T18:43:23.864+0000] {dag.py:3047} INFO - Sync 1 DAGs
[2024-03-10T18:43:24.054+0000] {logging_mixin.py:188} INFO - [2024-03-10T18:43:24.053+0000] {dag.py:3834} INFO - Setting next_dagrun for example_nested_branch_dag to 2024-03-09 00:00:00+00:00, run_after=2024-03-10 00:00:00+00:00
[2024-03-10T18:43:24.147+0000] {processor.py:183} INFO - Processing /home/airflow/.local/lib/python3.8/site-packages/airflow/example_dags/example_nested_branch_dag.py took 0.506 seconds
[2024-03-10T18:46:23.901+0000] {processor.py:161} INFO - Started process (PID=4971) to work on /home/airflow/.local/lib/python3.8/site-packages/airflow/example_dags/example_nested_branch_dag.py
[2024-03-10T18:46:24.098+0000] {processor.py:830} INFO - Processing file /home/airflow/.local/lib/python3.8/site-packages/airflow/example_dags/example_nested_branch_dag.py for tasks to queue
[2024-03-10T18:46:24.167+0000] {logging_mixin.py:188} INFO - [2024-03-10T18:46:24.144+0000] {dagbag.py:540} INFO - Filling up the DagBag from /home/airflow/.local/lib/python3.8/site-packages/airflow/example_dags/example_nested_branch_dag.py
[2024-03-10T18:46:24.885+0000] {processor.py:840} INFO - DAG(s) 'example_nested_branch_dag' retrieved from /home/airflow/.local/lib/python3.8/site-packages/airflow/example_dags/example_nested_branch_dag.py
[2024-03-10T18:46:27.705+0000] {logging_mixin.py:188} INFO - [2024-03-10T18:46:27.637+0000] {dag.py:3047} INFO - Sync 1 DAGs
[2024-03-10T18:46:28.890+0000] {logging_mixin.py:188} INFO - [2024-03-10T18:46:28.885+0000] {dag.py:3834} INFO - Setting next_dagrun for example_nested_branch_dag to 2024-03-09 00:00:00+00:00, run_after=2024-03-10 00:00:00+00:00
[2024-03-10T18:46:30.528+0000] {processor.py:183} INFO - Processing /home/airflow/.local/lib/python3.8/site-packages/airflow/example_dags/example_nested_branch_dag.py took 6.999 seconds
