[2024-03-10T18:33:03.435+0000] {processor.py:161} INFO - Started process (PID=268) to work on /home/airflow/.local/lib/python3.8/site-packages/airflow/example_dags/tutorial_objectstorage.py
[2024-03-10T18:33:03.440+0000] {processor.py:830} INFO - Processing file /home/airflow/.local/lib/python3.8/site-packages/airflow/example_dags/tutorial_objectstorage.py for tasks to queue
[2024-03-10T18:33:03.447+0000] {logging_mixin.py:188} INFO - [2024-03-10T18:33:03.444+0000] {dagbag.py:540} INFO - Filling up the DagBag from /home/airflow/.local/lib/python3.8/site-packages/airflow/example_dags/tutorial_objectstorage.py
[2024-03-10T18:33:03.501+0000] {processor.py:840} INFO - DAG(s) 'tutorial_objectstorage' retrieved from /home/airflow/.local/lib/python3.8/site-packages/airflow/example_dags/tutorial_objectstorage.py
[2024-03-10T18:33:03.652+0000] {logging_mixin.py:188} INFO - [2024-03-10T18:33:03.651+0000] {override.py:1769} INFO - Created Permission View: can delete on DAG:tutorial_objectstorage
[2024-03-10T18:33:03.662+0000] {logging_mixin.py:188} INFO - [2024-03-10T18:33:03.662+0000] {override.py:1769} INFO - Created Permission View: can edit on DAG:tutorial_objectstorage
[2024-03-10T18:33:03.671+0000] {logging_mixin.py:188} INFO - [2024-03-10T18:33:03.671+0000] {override.py:1769} INFO - Created Permission View: can read on DAG:tutorial_objectstorage
[2024-03-10T18:33:03.674+0000] {logging_mixin.py:188} INFO - [2024-03-10T18:33:03.674+0000] {dag.py:3047} INFO - Sync 1 DAGs
[2024-03-10T18:33:03.686+0000] {logging_mixin.py:188} INFO - [2024-03-10T18:33:03.686+0000] {dag.py:3069} INFO - Creating ORM DAG for tutorial_objectstorage
[2024-03-10T18:33:03.688+0000] {logging_mixin.py:188} INFO - [2024-03-10T18:33:03.688+0000] {dag.py:3834} INFO - Setting next_dagrun for tutorial_objectstorage to None, run_after=None
[2024-03-10T18:33:03.732+0000] {processor.py:183} INFO - Processing /home/airflow/.local/lib/python3.8/site-packages/airflow/example_dags/tutorial_objectstorage.py took 0.305 seconds
[2024-03-10T18:33:45.428+0000] {processor.py:161} INFO - Started process (PID=515) to work on /home/airflow/.local/lib/python3.8/site-packages/airflow/example_dags/tutorial_objectstorage.py
[2024-03-10T18:33:45.434+0000] {processor.py:830} INFO - Processing file /home/airflow/.local/lib/python3.8/site-packages/airflow/example_dags/tutorial_objectstorage.py for tasks to queue
[2024-03-10T18:33:45.441+0000] {logging_mixin.py:188} INFO - [2024-03-10T18:33:45.440+0000] {dagbag.py:540} INFO - Filling up the DagBag from /home/airflow/.local/lib/python3.8/site-packages/airflow/example_dags/tutorial_objectstorage.py
[2024-03-10T18:33:45.468+0000] {processor.py:840} INFO - DAG(s) 'tutorial_objectstorage' retrieved from /home/airflow/.local/lib/python3.8/site-packages/airflow/example_dags/tutorial_objectstorage.py
[2024-03-10T18:33:45.492+0000] {logging_mixin.py:188} INFO - [2024-03-10T18:33:45.492+0000] {dag.py:3047} INFO - Sync 1 DAGs
[2024-03-10T18:33:45.501+0000] {logging_mixin.py:188} INFO - [2024-03-10T18:33:45.501+0000] {dag.py:3834} INFO - Setting next_dagrun for tutorial_objectstorage to None, run_after=None
[2024-03-10T18:33:45.519+0000] {processor.py:183} INFO - Processing /home/airflow/.local/lib/python3.8/site-packages/airflow/example_dags/tutorial_objectstorage.py took 0.095 seconds
[2024-03-10T18:34:16.807+0000] {processor.py:161} INFO - Started process (PID=760) to work on /home/airflow/.local/lib/python3.8/site-packages/airflow/example_dags/tutorial_objectstorage.py
[2024-03-10T18:34:16.815+0000] {processor.py:830} INFO - Processing file /home/airflow/.local/lib/python3.8/site-packages/airflow/example_dags/tutorial_objectstorage.py for tasks to queue
[2024-03-10T18:34:16.818+0000] {logging_mixin.py:188} INFO - [2024-03-10T18:34:16.817+0000] {dagbag.py:540} INFO - Filling up the DagBag from /home/airflow/.local/lib/python3.8/site-packages/airflow/example_dags/tutorial_objectstorage.py
[2024-03-10T18:34:16.877+0000] {processor.py:840} INFO - DAG(s) 'tutorial_objectstorage' retrieved from /home/airflow/.local/lib/python3.8/site-packages/airflow/example_dags/tutorial_objectstorage.py
[2024-03-10T18:34:16.943+0000] {logging_mixin.py:188} INFO - [2024-03-10T18:34:16.943+0000] {dag.py:3047} INFO - Sync 1 DAGs
[2024-03-10T18:34:16.962+0000] {logging_mixin.py:188} INFO - [2024-03-10T18:34:16.962+0000] {dag.py:3834} INFO - Setting next_dagrun for tutorial_objectstorage to None, run_after=None
[2024-03-10T18:34:16.998+0000] {processor.py:183} INFO - Processing /home/airflow/.local/lib/python3.8/site-packages/airflow/example_dags/tutorial_objectstorage.py took 0.220 seconds
[2024-03-10T18:34:49.492+0000] {processor.py:161} INFO - Started process (PID=1008) to work on /home/airflow/.local/lib/python3.8/site-packages/airflow/example_dags/tutorial_objectstorage.py
[2024-03-10T18:34:49.505+0000] {processor.py:830} INFO - Processing file /home/airflow/.local/lib/python3.8/site-packages/airflow/example_dags/tutorial_objectstorage.py for tasks to queue
[2024-03-10T18:34:49.512+0000] {logging_mixin.py:188} INFO - [2024-03-10T18:34:49.511+0000] {dagbag.py:540} INFO - Filling up the DagBag from /home/airflow/.local/lib/python3.8/site-packages/airflow/example_dags/tutorial_objectstorage.py
[2024-03-10T18:34:49.559+0000] {processor.py:840} INFO - DAG(s) 'tutorial_objectstorage' retrieved from /home/airflow/.local/lib/python3.8/site-packages/airflow/example_dags/tutorial_objectstorage.py
[2024-03-10T18:34:49.688+0000] {logging_mixin.py:188} INFO - [2024-03-10T18:34:49.688+0000] {dag.py:3047} INFO - Sync 1 DAGs
[2024-03-10T18:34:49.732+0000] {logging_mixin.py:188} INFO - [2024-03-10T18:34:49.731+0000] {dag.py:3834} INFO - Setting next_dagrun for tutorial_objectstorage to None, run_after=None
[2024-03-10T18:34:49.773+0000] {processor.py:183} INFO - Processing /home/airflow/.local/lib/python3.8/site-packages/airflow/example_dags/tutorial_objectstorage.py took 0.339 seconds
[2024-03-10T18:35:23.193+0000] {processor.py:161} INFO - Started process (PID=1257) to work on /home/airflow/.local/lib/python3.8/site-packages/airflow/example_dags/tutorial_objectstorage.py
[2024-03-10T18:35:23.195+0000] {processor.py:830} INFO - Processing file /home/airflow/.local/lib/python3.8/site-packages/airflow/example_dags/tutorial_objectstorage.py for tasks to queue
[2024-03-10T18:35:23.204+0000] {logging_mixin.py:188} INFO - [2024-03-10T18:35:23.202+0000] {dagbag.py:540} INFO - Filling up the DagBag from /home/airflow/.local/lib/python3.8/site-packages/airflow/example_dags/tutorial_objectstorage.py
[2024-03-10T18:35:23.231+0000] {processor.py:840} INFO - DAG(s) 'tutorial_objectstorage' retrieved from /home/airflow/.local/lib/python3.8/site-packages/airflow/example_dags/tutorial_objectstorage.py
[2024-03-10T18:35:23.373+0000] {logging_mixin.py:188} INFO - [2024-03-10T18:35:23.372+0000] {dag.py:3047} INFO - Sync 1 DAGs
[2024-03-10T18:35:23.462+0000] {logging_mixin.py:188} INFO - [2024-03-10T18:35:23.461+0000] {dag.py:3834} INFO - Setting next_dagrun for tutorial_objectstorage to None, run_after=None
[2024-03-10T18:35:23.581+0000] {processor.py:183} INFO - Processing /home/airflow/.local/lib/python3.8/site-packages/airflow/example_dags/tutorial_objectstorage.py took 0.395 seconds
[2024-03-10T18:35:53.998+0000] {processor.py:161} INFO - Started process (PID=1501) to work on /home/airflow/.local/lib/python3.8/site-packages/airflow/example_dags/tutorial_objectstorage.py
[2024-03-10T18:35:54.007+0000] {processor.py:830} INFO - Processing file /home/airflow/.local/lib/python3.8/site-packages/airflow/example_dags/tutorial_objectstorage.py for tasks to queue
[2024-03-10T18:35:54.011+0000] {logging_mixin.py:188} INFO - [2024-03-10T18:35:54.010+0000] {dagbag.py:540} INFO - Filling up the DagBag from /home/airflow/.local/lib/python3.8/site-packages/airflow/example_dags/tutorial_objectstorage.py
[2024-03-10T18:35:54.044+0000] {processor.py:840} INFO - DAG(s) 'tutorial_objectstorage' retrieved from /home/airflow/.local/lib/python3.8/site-packages/airflow/example_dags/tutorial_objectstorage.py
[2024-03-10T18:35:54.113+0000] {logging_mixin.py:188} INFO - [2024-03-10T18:35:54.113+0000] {dag.py:3047} INFO - Sync 1 DAGs
[2024-03-10T18:35:54.138+0000] {logging_mixin.py:188} INFO - [2024-03-10T18:35:54.138+0000] {dag.py:3834} INFO - Setting next_dagrun for tutorial_objectstorage to None, run_after=None
[2024-03-10T18:35:54.189+0000] {processor.py:183} INFO - Processing /home/airflow/.local/lib/python3.8/site-packages/airflow/example_dags/tutorial_objectstorage.py took 0.199 seconds
[2024-03-10T18:36:24.616+0000] {processor.py:161} INFO - Started process (PID=1745) to work on /home/airflow/.local/lib/python3.8/site-packages/airflow/example_dags/tutorial_objectstorage.py
[2024-03-10T18:36:24.625+0000] {processor.py:830} INFO - Processing file /home/airflow/.local/lib/python3.8/site-packages/airflow/example_dags/tutorial_objectstorage.py for tasks to queue
[2024-03-10T18:36:24.630+0000] {logging_mixin.py:188} INFO - [2024-03-10T18:36:24.629+0000] {dagbag.py:540} INFO - Filling up the DagBag from /home/airflow/.local/lib/python3.8/site-packages/airflow/example_dags/tutorial_objectstorage.py
[2024-03-10T18:36:24.665+0000] {processor.py:840} INFO - DAG(s) 'tutorial_objectstorage' retrieved from /home/airflow/.local/lib/python3.8/site-packages/airflow/example_dags/tutorial_objectstorage.py
[2024-03-10T18:36:24.763+0000] {logging_mixin.py:188} INFO - [2024-03-10T18:36:24.762+0000] {dag.py:3047} INFO - Sync 1 DAGs
[2024-03-10T18:36:24.836+0000] {logging_mixin.py:188} INFO - [2024-03-10T18:36:24.835+0000] {dag.py:3834} INFO - Setting next_dagrun for tutorial_objectstorage to None, run_after=None
[2024-03-10T18:36:25.029+0000] {processor.py:183} INFO - Processing /home/airflow/.local/lib/python3.8/site-packages/airflow/example_dags/tutorial_objectstorage.py took 0.422 seconds
[2024-03-10T18:36:58.353+0000] {processor.py:161} INFO - Started process (PID=1990) to work on /home/airflow/.local/lib/python3.8/site-packages/airflow/example_dags/tutorial_objectstorage.py
[2024-03-10T18:36:58.367+0000] {processor.py:830} INFO - Processing file /home/airflow/.local/lib/python3.8/site-packages/airflow/example_dags/tutorial_objectstorage.py for tasks to queue
[2024-03-10T18:36:58.394+0000] {logging_mixin.py:188} INFO - [2024-03-10T18:36:58.391+0000] {dagbag.py:540} INFO - Filling up the DagBag from /home/airflow/.local/lib/python3.8/site-packages/airflow/example_dags/tutorial_objectstorage.py
[2024-03-10T18:36:58.510+0000] {processor.py:840} INFO - DAG(s) 'tutorial_objectstorage' retrieved from /home/airflow/.local/lib/python3.8/site-packages/airflow/example_dags/tutorial_objectstorage.py
[2024-03-10T18:36:58.646+0000] {logging_mixin.py:188} INFO - [2024-03-10T18:36:58.645+0000] {dag.py:3047} INFO - Sync 1 DAGs
[2024-03-10T18:36:58.724+0000] {logging_mixin.py:188} INFO - [2024-03-10T18:36:58.723+0000] {dag.py:3834} INFO - Setting next_dagrun for tutorial_objectstorage to None, run_after=None
[2024-03-10T18:36:58.892+0000] {processor.py:183} INFO - Processing /home/airflow/.local/lib/python3.8/site-packages/airflow/example_dags/tutorial_objectstorage.py took 0.588 seconds
[2024-03-10T18:37:29.436+0000] {processor.py:161} INFO - Started process (PID=2237) to work on /home/airflow/.local/lib/python3.8/site-packages/airflow/example_dags/tutorial_objectstorage.py
[2024-03-10T18:37:29.447+0000] {processor.py:830} INFO - Processing file /home/airflow/.local/lib/python3.8/site-packages/airflow/example_dags/tutorial_objectstorage.py for tasks to queue
[2024-03-10T18:37:29.455+0000] {logging_mixin.py:188} INFO - [2024-03-10T18:37:29.454+0000] {dagbag.py:540} INFO - Filling up the DagBag from /home/airflow/.local/lib/python3.8/site-packages/airflow/example_dags/tutorial_objectstorage.py
[2024-03-10T18:37:29.510+0000] {processor.py:840} INFO - DAG(s) 'tutorial_objectstorage' retrieved from /home/airflow/.local/lib/python3.8/site-packages/airflow/example_dags/tutorial_objectstorage.py
[2024-03-10T18:37:29.586+0000] {logging_mixin.py:188} INFO - [2024-03-10T18:37:29.586+0000] {dag.py:3047} INFO - Sync 1 DAGs
[2024-03-10T18:37:29.614+0000] {logging_mixin.py:188} INFO - [2024-03-10T18:37:29.613+0000] {dag.py:3834} INFO - Setting next_dagrun for tutorial_objectstorage to None, run_after=None
[2024-03-10T18:37:29.661+0000] {processor.py:183} INFO - Processing /home/airflow/.local/lib/python3.8/site-packages/airflow/example_dags/tutorial_objectstorage.py took 0.233 seconds
[2024-03-10T18:38:00.254+0000] {processor.py:161} INFO - Started process (PID=2480) to work on /home/airflow/.local/lib/python3.8/site-packages/airflow/example_dags/tutorial_objectstorage.py
[2024-03-10T18:38:00.261+0000] {processor.py:830} INFO - Processing file /home/airflow/.local/lib/python3.8/site-packages/airflow/example_dags/tutorial_objectstorage.py for tasks to queue
[2024-03-10T18:38:00.264+0000] {logging_mixin.py:188} INFO - [2024-03-10T18:38:00.263+0000] {dagbag.py:540} INFO - Filling up the DagBag from /home/airflow/.local/lib/python3.8/site-packages/airflow/example_dags/tutorial_objectstorage.py
[2024-03-10T18:38:00.309+0000] {processor.py:840} INFO - DAG(s) 'tutorial_objectstorage' retrieved from /home/airflow/.local/lib/python3.8/site-packages/airflow/example_dags/tutorial_objectstorage.py
[2024-03-10T18:38:00.377+0000] {logging_mixin.py:188} INFO - [2024-03-10T18:38:00.376+0000] {dag.py:3047} INFO - Sync 1 DAGs
[2024-03-10T18:38:00.406+0000] {logging_mixin.py:188} INFO - [2024-03-10T18:38:00.406+0000] {dag.py:3834} INFO - Setting next_dagrun for tutorial_objectstorage to None, run_after=None
[2024-03-10T18:38:00.474+0000] {processor.py:183} INFO - Processing /home/airflow/.local/lib/python3.8/site-packages/airflow/example_dags/tutorial_objectstorage.py took 0.229 seconds
[2024-03-10T18:38:31.953+0000] {processor.py:161} INFO - Started process (PID=2732) to work on /home/airflow/.local/lib/python3.8/site-packages/airflow/example_dags/tutorial_objectstorage.py
[2024-03-10T18:38:31.958+0000] {processor.py:830} INFO - Processing file /home/airflow/.local/lib/python3.8/site-packages/airflow/example_dags/tutorial_objectstorage.py for tasks to queue
[2024-03-10T18:38:31.964+0000] {logging_mixin.py:188} INFO - [2024-03-10T18:38:31.963+0000] {dagbag.py:540} INFO - Filling up the DagBag from /home/airflow/.local/lib/python3.8/site-packages/airflow/example_dags/tutorial_objectstorage.py
[2024-03-10T18:38:32.009+0000] {processor.py:840} INFO - DAG(s) 'tutorial_objectstorage' retrieved from /home/airflow/.local/lib/python3.8/site-packages/airflow/example_dags/tutorial_objectstorage.py
[2024-03-10T18:38:32.095+0000] {logging_mixin.py:188} INFO - [2024-03-10T18:38:32.094+0000] {dag.py:3047} INFO - Sync 1 DAGs
[2024-03-10T18:38:32.117+0000] {logging_mixin.py:188} INFO - [2024-03-10T18:38:32.116+0000] {dag.py:3834} INFO - Setting next_dagrun for tutorial_objectstorage to None, run_after=None
[2024-03-10T18:38:32.163+0000] {processor.py:183} INFO - Processing /home/airflow/.local/lib/python3.8/site-packages/airflow/example_dags/tutorial_objectstorage.py took 0.222 seconds
[2024-03-10T18:39:03.278+0000] {processor.py:161} INFO - Started process (PID=2979) to work on /home/airflow/.local/lib/python3.8/site-packages/airflow/example_dags/tutorial_objectstorage.py
[2024-03-10T18:39:03.282+0000] {processor.py:830} INFO - Processing file /home/airflow/.local/lib/python3.8/site-packages/airflow/example_dags/tutorial_objectstorage.py for tasks to queue
[2024-03-10T18:39:03.285+0000] {logging_mixin.py:188} INFO - [2024-03-10T18:39:03.284+0000] {dagbag.py:540} INFO - Filling up the DagBag from /home/airflow/.local/lib/python3.8/site-packages/airflow/example_dags/tutorial_objectstorage.py
[2024-03-10T18:39:03.344+0000] {processor.py:840} INFO - DAG(s) 'tutorial_objectstorage' retrieved from /home/airflow/.local/lib/python3.8/site-packages/airflow/example_dags/tutorial_objectstorage.py
[2024-03-10T18:39:03.413+0000] {logging_mixin.py:188} INFO - [2024-03-10T18:39:03.413+0000] {dag.py:3047} INFO - Sync 1 DAGs
[2024-03-10T18:39:03.449+0000] {logging_mixin.py:188} INFO - [2024-03-10T18:39:03.449+0000] {dag.py:3834} INFO - Setting next_dagrun for tutorial_objectstorage to None, run_after=None
[2024-03-10T18:39:03.481+0000] {processor.py:183} INFO - Processing /home/airflow/.local/lib/python3.8/site-packages/airflow/example_dags/tutorial_objectstorage.py took 0.209 seconds
[2024-03-10T18:39:40.339+0000] {processor.py:161} INFO - Started process (PID=3233) to work on /home/airflow/.local/lib/python3.8/site-packages/airflow/example_dags/tutorial_objectstorage.py
[2024-03-10T18:39:40.347+0000] {processor.py:830} INFO - Processing file /home/airflow/.local/lib/python3.8/site-packages/airflow/example_dags/tutorial_objectstorage.py for tasks to queue
[2024-03-10T18:39:40.352+0000] {logging_mixin.py:188} INFO - [2024-03-10T18:39:40.351+0000] {dagbag.py:540} INFO - Filling up the DagBag from /home/airflow/.local/lib/python3.8/site-packages/airflow/example_dags/tutorial_objectstorage.py
[2024-03-10T18:39:40.452+0000] {processor.py:840} INFO - DAG(s) 'tutorial_objectstorage' retrieved from /home/airflow/.local/lib/python3.8/site-packages/airflow/example_dags/tutorial_objectstorage.py
[2024-03-10T18:39:40.886+0000] {logging_mixin.py:188} INFO - [2024-03-10T18:39:40.884+0000] {dag.py:3047} INFO - Sync 1 DAGs
[2024-03-10T18:39:41.087+0000] {logging_mixin.py:188} INFO - [2024-03-10T18:39:41.086+0000] {dag.py:3834} INFO - Setting next_dagrun for tutorial_objectstorage to None, run_after=None
[2024-03-10T18:39:41.316+0000] {processor.py:183} INFO - Processing /home/airflow/.local/lib/python3.8/site-packages/airflow/example_dags/tutorial_objectstorage.py took 0.998 seconds
[2024-03-10T18:40:12.440+0000] {processor.py:161} INFO - Started process (PID=3481) to work on /home/airflow/.local/lib/python3.8/site-packages/airflow/example_dags/tutorial_objectstorage.py
[2024-03-10T18:40:12.454+0000] {processor.py:830} INFO - Processing file /home/airflow/.local/lib/python3.8/site-packages/airflow/example_dags/tutorial_objectstorage.py for tasks to queue
[2024-03-10T18:40:12.466+0000] {logging_mixin.py:188} INFO - [2024-03-10T18:40:12.465+0000] {dagbag.py:540} INFO - Filling up the DagBag from /home/airflow/.local/lib/python3.8/site-packages/airflow/example_dags/tutorial_objectstorage.py
[2024-03-10T18:40:12.524+0000] {processor.py:840} INFO - DAG(s) 'tutorial_objectstorage' retrieved from /home/airflow/.local/lib/python3.8/site-packages/airflow/example_dags/tutorial_objectstorage.py
[2024-03-10T18:40:12.626+0000] {logging_mixin.py:188} INFO - [2024-03-10T18:40:12.625+0000] {dag.py:3047} INFO - Sync 1 DAGs
[2024-03-10T18:40:12.665+0000] {logging_mixin.py:188} INFO - [2024-03-10T18:40:12.665+0000] {dag.py:3834} INFO - Setting next_dagrun for tutorial_objectstorage to None, run_after=None
[2024-03-10T18:40:12.740+0000] {processor.py:183} INFO - Processing /home/airflow/.local/lib/python3.8/site-packages/airflow/example_dags/tutorial_objectstorage.py took 0.312 seconds
[2024-03-10T18:40:45.790+0000] {processor.py:161} INFO - Started process (PID=3731) to work on /home/airflow/.local/lib/python3.8/site-packages/airflow/example_dags/tutorial_objectstorage.py
[2024-03-10T18:40:45.800+0000] {processor.py:830} INFO - Processing file /home/airflow/.local/lib/python3.8/site-packages/airflow/example_dags/tutorial_objectstorage.py for tasks to queue
[2024-03-10T18:40:45.805+0000] {logging_mixin.py:188} INFO - [2024-03-10T18:40:45.804+0000] {dagbag.py:540} INFO - Filling up the DagBag from /home/airflow/.local/lib/python3.8/site-packages/airflow/example_dags/tutorial_objectstorage.py
[2024-03-10T18:40:45.837+0000] {processor.py:840} INFO - DAG(s) 'tutorial_objectstorage' retrieved from /home/airflow/.local/lib/python3.8/site-packages/airflow/example_dags/tutorial_objectstorage.py
[2024-03-10T18:40:45.929+0000] {logging_mixin.py:188} INFO - [2024-03-10T18:40:45.928+0000] {dag.py:3047} INFO - Sync 1 DAGs
[2024-03-10T18:40:45.994+0000] {logging_mixin.py:188} INFO - [2024-03-10T18:40:45.993+0000] {dag.py:3834} INFO - Setting next_dagrun for tutorial_objectstorage to None, run_after=None
[2024-03-10T18:40:46.226+0000] {processor.py:183} INFO - Processing /home/airflow/.local/lib/python3.8/site-packages/airflow/example_dags/tutorial_objectstorage.py took 0.448 seconds
[2024-03-10T18:41:17.549+0000] {processor.py:161} INFO - Started process (PID=3979) to work on /home/airflow/.local/lib/python3.8/site-packages/airflow/example_dags/tutorial_objectstorage.py
[2024-03-10T18:41:17.556+0000] {processor.py:830} INFO - Processing file /home/airflow/.local/lib/python3.8/site-packages/airflow/example_dags/tutorial_objectstorage.py for tasks to queue
[2024-03-10T18:41:17.565+0000] {logging_mixin.py:188} INFO - [2024-03-10T18:41:17.563+0000] {dagbag.py:540} INFO - Filling up the DagBag from /home/airflow/.local/lib/python3.8/site-packages/airflow/example_dags/tutorial_objectstorage.py
[2024-03-10T18:41:17.602+0000] {processor.py:840} INFO - DAG(s) 'tutorial_objectstorage' retrieved from /home/airflow/.local/lib/python3.8/site-packages/airflow/example_dags/tutorial_objectstorage.py
[2024-03-10T18:41:17.926+0000] {logging_mixin.py:188} INFO - [2024-03-10T18:41:17.926+0000] {dag.py:3047} INFO - Sync 1 DAGs
[2024-03-10T18:41:17.954+0000] {logging_mixin.py:188} INFO - [2024-03-10T18:41:17.953+0000] {dag.py:3834} INFO - Setting next_dagrun for tutorial_objectstorage to None, run_after=None
[2024-03-10T18:41:17.995+0000] {processor.py:183} INFO - Processing /home/airflow/.local/lib/python3.8/site-packages/airflow/example_dags/tutorial_objectstorage.py took 0.457 seconds
[2024-03-10T18:41:48.937+0000] {processor.py:161} INFO - Started process (PID=4222) to work on /home/airflow/.local/lib/python3.8/site-packages/airflow/example_dags/tutorial_objectstorage.py
[2024-03-10T18:41:48.943+0000] {processor.py:830} INFO - Processing file /home/airflow/.local/lib/python3.8/site-packages/airflow/example_dags/tutorial_objectstorage.py for tasks to queue
[2024-03-10T18:41:48.946+0000] {logging_mixin.py:188} INFO - [2024-03-10T18:41:48.945+0000] {dagbag.py:540} INFO - Filling up the DagBag from /home/airflow/.local/lib/python3.8/site-packages/airflow/example_dags/tutorial_objectstorage.py
[2024-03-10T18:41:48.963+0000] {processor.py:840} INFO - DAG(s) 'tutorial_objectstorage' retrieved from /home/airflow/.local/lib/python3.8/site-packages/airflow/example_dags/tutorial_objectstorage.py
[2024-03-10T18:41:49.063+0000] {logging_mixin.py:188} INFO - [2024-03-10T18:41:49.063+0000] {dag.py:3047} INFO - Sync 1 DAGs
[2024-03-10T18:41:49.122+0000] {logging_mixin.py:188} INFO - [2024-03-10T18:41:49.121+0000] {dag.py:3834} INFO - Setting next_dagrun for tutorial_objectstorage to None, run_after=None
[2024-03-10T18:41:49.164+0000] {processor.py:183} INFO - Processing /home/airflow/.local/lib/python3.8/site-packages/airflow/example_dags/tutorial_objectstorage.py took 0.238 seconds
[2024-03-10T18:42:26.889+0000] {processor.py:161} INFO - Started process (PID=4480) to work on /home/airflow/.local/lib/python3.8/site-packages/airflow/example_dags/tutorial_objectstorage.py
[2024-03-10T18:42:26.949+0000] {processor.py:830} INFO - Processing file /home/airflow/.local/lib/python3.8/site-packages/airflow/example_dags/tutorial_objectstorage.py for tasks to queue
[2024-03-10T18:42:27.085+0000] {logging_mixin.py:188} INFO - [2024-03-10T18:42:27.083+0000] {dagbag.py:540} INFO - Filling up the DagBag from /home/airflow/.local/lib/python3.8/site-packages/airflow/example_dags/tutorial_objectstorage.py
[2024-03-10T18:42:27.336+0000] {processor.py:840} INFO - DAG(s) 'tutorial_objectstorage' retrieved from /home/airflow/.local/lib/python3.8/site-packages/airflow/example_dags/tutorial_objectstorage.py
[2024-03-10T18:42:27.825+0000] {logging_mixin.py:188} INFO - [2024-03-10T18:42:27.822+0000] {dag.py:3047} INFO - Sync 1 DAGs
[2024-03-10T18:42:28.264+0000] {logging_mixin.py:188} INFO - [2024-03-10T18:42:28.262+0000] {dag.py:3834} INFO - Setting next_dagrun for tutorial_objectstorage to None, run_after=None
[2024-03-10T18:42:28.698+0000] {processor.py:183} INFO - Processing /home/airflow/.local/lib/python3.8/site-packages/airflow/example_dags/tutorial_objectstorage.py took 1.822 seconds
[2024-03-10T18:43:21.568+0000] {processor.py:161} INFO - Started process (PID=4709) to work on /home/airflow/.local/lib/python3.8/site-packages/airflow/example_dags/tutorial_objectstorage.py
[2024-03-10T18:43:21.587+0000] {processor.py:830} INFO - Processing file /home/airflow/.local/lib/python3.8/site-packages/airflow/example_dags/tutorial_objectstorage.py for tasks to queue
[2024-03-10T18:43:21.596+0000] {logging_mixin.py:188} INFO - [2024-03-10T18:43:21.594+0000] {dagbag.py:540} INFO - Filling up the DagBag from /home/airflow/.local/lib/python3.8/site-packages/airflow/example_dags/tutorial_objectstorage.py
[2024-03-10T18:43:21.643+0000] {processor.py:840} INFO - DAG(s) 'tutorial_objectstorage' retrieved from /home/airflow/.local/lib/python3.8/site-packages/airflow/example_dags/tutorial_objectstorage.py
[2024-03-10T18:43:22.164+0000] {logging_mixin.py:188} INFO - [2024-03-10T18:43:22.157+0000] {dag.py:3047} INFO - Sync 1 DAGs
[2024-03-10T18:43:22.590+0000] {logging_mixin.py:188} INFO - [2024-03-10T18:43:22.585+0000] {dag.py:3834} INFO - Setting next_dagrun for tutorial_objectstorage to None, run_after=None
[2024-03-10T18:43:22.855+0000] {processor.py:183} INFO - Processing /home/airflow/.local/lib/python3.8/site-packages/airflow/example_dags/tutorial_objectstorage.py took 1.323 seconds
[2024-03-10T18:46:03.234+0000] {processor.py:161} INFO - Started process (PID=4961) to work on /home/airflow/.local/lib/python3.8/site-packages/airflow/example_dags/tutorial_objectstorage.py
[2024-03-10T18:46:03.319+0000] {processor.py:830} INFO - Processing file /home/airflow/.local/lib/python3.8/site-packages/airflow/example_dags/tutorial_objectstorage.py for tasks to queue
[2024-03-10T18:46:03.379+0000] {logging_mixin.py:188} INFO - [2024-03-10T18:46:03.356+0000] {dagbag.py:540} INFO - Filling up the DagBag from /home/airflow/.local/lib/python3.8/site-packages/airflow/example_dags/tutorial_objectstorage.py
[2024-03-10T18:46:05.333+0000] {processor.py:840} INFO - DAG(s) 'tutorial_objectstorage' retrieved from /home/airflow/.local/lib/python3.8/site-packages/airflow/example_dags/tutorial_objectstorage.py
[2024-03-10T18:46:09.063+0000] {logging_mixin.py:188} INFO - [2024-03-10T18:46:08.957+0000] {dag.py:3047} INFO - Sync 1 DAGs
[2024-03-10T18:46:10.055+0000] {logging_mixin.py:188} INFO - [2024-03-10T18:46:10.054+0000] {dag.py:3834} INFO - Setting next_dagrun for tutorial_objectstorage to None, run_after=None
[2024-03-10T18:46:10.986+0000] {processor.py:183} INFO - Processing /home/airflow/.local/lib/python3.8/site-packages/airflow/example_dags/tutorial_objectstorage.py took 7.942 seconds
