[2024-03-10T18:33:15.834+0000] {processor.py:161} INFO - Started process (PID=383) to work on /home/airflow/.local/lib/python3.8/site-packages/airflow/example_dags/tutorial.py
[2024-03-10T18:33:15.837+0000] {processor.py:830} INFO - Processing file /home/airflow/.local/lib/python3.8/site-packages/airflow/example_dags/tutorial.py for tasks to queue
[2024-03-10T18:33:15.841+0000] {logging_mixin.py:188} INFO - [2024-03-10T18:33:15.840+0000] {dagbag.py:540} INFO - Filling up the DagBag from /home/airflow/.local/lib/python3.8/site-packages/airflow/example_dags/tutorial.py
[2024-03-10T18:33:15.854+0000] {processor.py:840} INFO - DAG(s) 'tutorial' retrieved from /home/airflow/.local/lib/python3.8/site-packages/airflow/example_dags/tutorial.py
[2024-03-10T18:33:16.099+0000] {logging_mixin.py:188} INFO - [2024-03-10T18:33:16.098+0000] {override.py:1769} INFO - Created Permission View: can delete on DAG:tutorial
[2024-03-10T18:33:16.109+0000] {logging_mixin.py:188} INFO - [2024-03-10T18:33:16.109+0000] {override.py:1769} INFO - Created Permission View: can edit on DAG:tutorial
[2024-03-10T18:33:16.115+0000] {logging_mixin.py:188} INFO - [2024-03-10T18:33:16.114+0000] {override.py:1769} INFO - Created Permission View: can read on DAG:tutorial
[2024-03-10T18:33:16.116+0000] {logging_mixin.py:188} INFO - [2024-03-10T18:33:16.116+0000] {dag.py:3047} INFO - Sync 1 DAGs
[2024-03-10T18:33:16.126+0000] {logging_mixin.py:188} INFO - [2024-03-10T18:33:16.126+0000] {dag.py:3069} INFO - Creating ORM DAG for tutorial
[2024-03-10T18:33:16.141+0000] {logging_mixin.py:188} INFO - [2024-03-10T18:33:16.141+0000] {dag.py:3834} INFO - Setting next_dagrun for tutorial to 2024-03-09 00:00:00+00:00, run_after=2024-03-10 00:00:00+00:00
[2024-03-10T18:33:16.161+0000] {processor.py:183} INFO - Processing /home/airflow/.local/lib/python3.8/site-packages/airflow/example_dags/tutorial.py took 0.334 seconds
[2024-03-10T18:33:55.721+0000] {processor.py:161} INFO - Started process (PID=634) to work on /home/airflow/.local/lib/python3.8/site-packages/airflow/example_dags/tutorial.py
[2024-03-10T18:33:55.735+0000] {processor.py:830} INFO - Processing file /home/airflow/.local/lib/python3.8/site-packages/airflow/example_dags/tutorial.py for tasks to queue
[2024-03-10T18:33:55.741+0000] {logging_mixin.py:188} INFO - [2024-03-10T18:33:55.740+0000] {dagbag.py:540} INFO - Filling up the DagBag from /home/airflow/.local/lib/python3.8/site-packages/airflow/example_dags/tutorial.py
[2024-03-10T18:33:55.768+0000] {processor.py:840} INFO - DAG(s) 'tutorial' retrieved from /home/airflow/.local/lib/python3.8/site-packages/airflow/example_dags/tutorial.py
[2024-03-10T18:33:55.826+0000] {logging_mixin.py:188} INFO - [2024-03-10T18:33:55.825+0000] {dag.py:3047} INFO - Sync 1 DAGs
[2024-03-10T18:33:55.881+0000] {logging_mixin.py:188} INFO - [2024-03-10T18:33:55.880+0000] {dag.py:3834} INFO - Setting next_dagrun for tutorial to 2024-03-09 00:00:00+00:00, run_after=2024-03-10 00:00:00+00:00
[2024-03-10T18:33:55.939+0000] {processor.py:183} INFO - Processing /home/airflow/.local/lib/python3.8/site-packages/airflow/example_dags/tutorial.py took 0.230 seconds
[2024-03-10T18:34:28.532+0000] {processor.py:161} INFO - Started process (PID=902) to work on /home/airflow/.local/lib/python3.8/site-packages/airflow/example_dags/tutorial.py
[2024-03-10T18:34:28.535+0000] {processor.py:830} INFO - Processing file /home/airflow/.local/lib/python3.8/site-packages/airflow/example_dags/tutorial.py for tasks to queue
[2024-03-10T18:34:28.538+0000] {logging_mixin.py:188} INFO - [2024-03-10T18:34:28.537+0000] {dagbag.py:540} INFO - Filling up the DagBag from /home/airflow/.local/lib/python3.8/site-packages/airflow/example_dags/tutorial.py
[2024-03-10T18:34:28.553+0000] {processor.py:840} INFO - DAG(s) 'tutorial' retrieved from /home/airflow/.local/lib/python3.8/site-packages/airflow/example_dags/tutorial.py
[2024-03-10T18:34:28.651+0000] {logging_mixin.py:188} INFO - [2024-03-10T18:34:28.650+0000] {dag.py:3047} INFO - Sync 1 DAGs
[2024-03-10T18:34:28.753+0000] {logging_mixin.py:188} INFO - [2024-03-10T18:34:28.753+0000] {dag.py:3834} INFO - Setting next_dagrun for tutorial to 2024-03-09 00:00:00+00:00, run_after=2024-03-10 00:00:00+00:00
[2024-03-10T18:34:28.827+0000] {processor.py:183} INFO - Processing /home/airflow/.local/lib/python3.8/site-packages/airflow/example_dags/tutorial.py took 0.301 seconds
[2024-03-10T18:35:01.119+0000] {processor.py:161} INFO - Started process (PID=1149) to work on /home/airflow/.local/lib/python3.8/site-packages/airflow/example_dags/tutorial.py
[2024-03-10T18:35:01.145+0000] {processor.py:830} INFO - Processing file /home/airflow/.local/lib/python3.8/site-packages/airflow/example_dags/tutorial.py for tasks to queue
[2024-03-10T18:35:01.152+0000] {logging_mixin.py:188} INFO - [2024-03-10T18:35:01.152+0000] {dagbag.py:540} INFO - Filling up the DagBag from /home/airflow/.local/lib/python3.8/site-packages/airflow/example_dags/tutorial.py
[2024-03-10T18:35:01.169+0000] {processor.py:840} INFO - DAG(s) 'tutorial' retrieved from /home/airflow/.local/lib/python3.8/site-packages/airflow/example_dags/tutorial.py
[2024-03-10T18:35:01.217+0000] {logging_mixin.py:188} INFO - [2024-03-10T18:35:01.216+0000] {dag.py:3047} INFO - Sync 1 DAGs
[2024-03-10T18:35:01.252+0000] {logging_mixin.py:188} INFO - [2024-03-10T18:35:01.252+0000] {dag.py:3834} INFO - Setting next_dagrun for tutorial to 2024-03-09 00:00:00+00:00, run_after=2024-03-10 00:00:00+00:00
[2024-03-10T18:35:01.307+0000] {processor.py:183} INFO - Processing /home/airflow/.local/lib/python3.8/site-packages/airflow/example_dags/tutorial.py took 0.196 seconds
[2024-03-10T18:35:35.045+0000] {processor.py:161} INFO - Started process (PID=1396) to work on /home/airflow/.local/lib/python3.8/site-packages/airflow/example_dags/tutorial.py
[2024-03-10T18:35:35.057+0000] {processor.py:830} INFO - Processing file /home/airflow/.local/lib/python3.8/site-packages/airflow/example_dags/tutorial.py for tasks to queue
[2024-03-10T18:35:35.063+0000] {logging_mixin.py:188} INFO - [2024-03-10T18:35:35.062+0000] {dagbag.py:540} INFO - Filling up the DagBag from /home/airflow/.local/lib/python3.8/site-packages/airflow/example_dags/tutorial.py
[2024-03-10T18:35:35.092+0000] {processor.py:840} INFO - DAG(s) 'tutorial' retrieved from /home/airflow/.local/lib/python3.8/site-packages/airflow/example_dags/tutorial.py
[2024-03-10T18:35:35.211+0000] {logging_mixin.py:188} INFO - [2024-03-10T18:35:35.210+0000] {dag.py:3047} INFO - Sync 1 DAGs
[2024-03-10T18:35:35.284+0000] {logging_mixin.py:188} INFO - [2024-03-10T18:35:35.284+0000] {dag.py:3834} INFO - Setting next_dagrun for tutorial to 2024-03-09 00:00:00+00:00, run_after=2024-03-10 00:00:00+00:00
[2024-03-10T18:35:35.454+0000] {processor.py:183} INFO - Processing /home/airflow/.local/lib/python3.8/site-packages/airflow/example_dags/tutorial.py took 0.425 seconds
[2024-03-10T18:36:14.368+0000] {processor.py:161} INFO - Started process (PID=1653) to work on /home/airflow/.local/lib/python3.8/site-packages/airflow/example_dags/tutorial.py
[2024-03-10T18:36:14.380+0000] {processor.py:830} INFO - Processing file /home/airflow/.local/lib/python3.8/site-packages/airflow/example_dags/tutorial.py for tasks to queue
[2024-03-10T18:36:14.406+0000] {logging_mixin.py:188} INFO - [2024-03-10T18:36:14.395+0000] {dagbag.py:540} INFO - Filling up the DagBag from /home/airflow/.local/lib/python3.8/site-packages/airflow/example_dags/tutorial.py
[2024-03-10T18:36:14.465+0000] {processor.py:840} INFO - DAG(s) 'tutorial' retrieved from /home/airflow/.local/lib/python3.8/site-packages/airflow/example_dags/tutorial.py
[2024-03-10T18:36:14.632+0000] {logging_mixin.py:188} INFO - [2024-03-10T18:36:14.630+0000] {dag.py:3047} INFO - Sync 1 DAGs
[2024-03-10T18:36:14.710+0000] {logging_mixin.py:188} INFO - [2024-03-10T18:36:14.709+0000] {dag.py:3834} INFO - Setting next_dagrun for tutorial to 2024-03-09 00:00:00+00:00, run_after=2024-03-10 00:00:00+00:00
[2024-03-10T18:36:14.745+0000] {processor.py:183} INFO - Processing /home/airflow/.local/lib/python3.8/site-packages/airflow/example_dags/tutorial.py took 0.392 seconds
[2024-03-10T18:36:45.583+0000] {processor.py:161} INFO - Started process (PID=1900) to work on /home/airflow/.local/lib/python3.8/site-packages/airflow/example_dags/tutorial.py
[2024-03-10T18:36:45.620+0000] {processor.py:830} INFO - Processing file /home/airflow/.local/lib/python3.8/site-packages/airflow/example_dags/tutorial.py for tasks to queue
[2024-03-10T18:36:45.626+0000] {logging_mixin.py:188} INFO - [2024-03-10T18:36:45.623+0000] {dagbag.py:540} INFO - Filling up the DagBag from /home/airflow/.local/lib/python3.8/site-packages/airflow/example_dags/tutorial.py
[2024-03-10T18:36:45.666+0000] {processor.py:840} INFO - DAG(s) 'tutorial' retrieved from /home/airflow/.local/lib/python3.8/site-packages/airflow/example_dags/tutorial.py
[2024-03-10T18:36:45.770+0000] {logging_mixin.py:188} INFO - [2024-03-10T18:36:45.770+0000] {dag.py:3047} INFO - Sync 1 DAGs
[2024-03-10T18:36:45.882+0000] {logging_mixin.py:188} INFO - [2024-03-10T18:36:45.879+0000] {dag.py:3834} INFO - Setting next_dagrun for tutorial to 2024-03-09 00:00:00+00:00, run_after=2024-03-10 00:00:00+00:00
[2024-03-10T18:36:45.976+0000] {processor.py:183} INFO - Processing /home/airflow/.local/lib/python3.8/site-packages/airflow/example_dags/tutorial.py took 0.411 seconds
[2024-03-10T18:37:16.199+0000] {processor.py:161} INFO - Started process (PID=2147) to work on /home/airflow/.local/lib/python3.8/site-packages/airflow/example_dags/tutorial.py
[2024-03-10T18:37:16.203+0000] {processor.py:830} INFO - Processing file /home/airflow/.local/lib/python3.8/site-packages/airflow/example_dags/tutorial.py for tasks to queue
[2024-03-10T18:37:16.206+0000] {logging_mixin.py:188} INFO - [2024-03-10T18:37:16.205+0000] {dagbag.py:540} INFO - Filling up the DagBag from /home/airflow/.local/lib/python3.8/site-packages/airflow/example_dags/tutorial.py
[2024-03-10T18:37:16.218+0000] {processor.py:840} INFO - DAG(s) 'tutorial' retrieved from /home/airflow/.local/lib/python3.8/site-packages/airflow/example_dags/tutorial.py
[2024-03-10T18:37:16.262+0000] {logging_mixin.py:188} INFO - [2024-03-10T18:37:16.261+0000] {dag.py:3047} INFO - Sync 1 DAGs
[2024-03-10T18:37:16.297+0000] {logging_mixin.py:188} INFO - [2024-03-10T18:37:16.297+0000] {dag.py:3834} INFO - Setting next_dagrun for tutorial to 2024-03-09 00:00:00+00:00, run_after=2024-03-10 00:00:00+00:00
[2024-03-10T18:37:16.320+0000] {processor.py:183} INFO - Processing /home/airflow/.local/lib/python3.8/site-packages/airflow/example_dags/tutorial.py took 0.125 seconds
[2024-03-10T18:37:47.492+0000] {processor.py:161} INFO - Started process (PID=2395) to work on /home/airflow/.local/lib/python3.8/site-packages/airflow/example_dags/tutorial.py
[2024-03-10T18:37:47.502+0000] {processor.py:830} INFO - Processing file /home/airflow/.local/lib/python3.8/site-packages/airflow/example_dags/tutorial.py for tasks to queue
[2024-03-10T18:37:47.506+0000] {logging_mixin.py:188} INFO - [2024-03-10T18:37:47.506+0000] {dagbag.py:540} INFO - Filling up the DagBag from /home/airflow/.local/lib/python3.8/site-packages/airflow/example_dags/tutorial.py
[2024-03-10T18:37:47.541+0000] {processor.py:840} INFO - DAG(s) 'tutorial' retrieved from /home/airflow/.local/lib/python3.8/site-packages/airflow/example_dags/tutorial.py
[2024-03-10T18:37:47.641+0000] {logging_mixin.py:188} INFO - [2024-03-10T18:37:47.640+0000] {dag.py:3047} INFO - Sync 1 DAGs
[2024-03-10T18:37:47.709+0000] {logging_mixin.py:188} INFO - [2024-03-10T18:37:47.709+0000] {dag.py:3834} INFO - Setting next_dagrun for tutorial to 2024-03-09 00:00:00+00:00, run_after=2024-03-10 00:00:00+00:00
[2024-03-10T18:37:47.756+0000] {processor.py:183} INFO - Processing /home/airflow/.local/lib/python3.8/site-packages/airflow/example_dags/tutorial.py took 0.292 seconds
[2024-03-10T18:38:22.125+0000] {processor.py:161} INFO - Started process (PID=2644) to work on /home/airflow/.local/lib/python3.8/site-packages/airflow/example_dags/tutorial.py
[2024-03-10T18:38:22.130+0000] {processor.py:830} INFO - Processing file /home/airflow/.local/lib/python3.8/site-packages/airflow/example_dags/tutorial.py for tasks to queue
[2024-03-10T18:38:22.140+0000] {logging_mixin.py:188} INFO - [2024-03-10T18:38:22.137+0000] {dagbag.py:540} INFO - Filling up the DagBag from /home/airflow/.local/lib/python3.8/site-packages/airflow/example_dags/tutorial.py
[2024-03-10T18:38:22.188+0000] {processor.py:840} INFO - DAG(s) 'tutorial' retrieved from /home/airflow/.local/lib/python3.8/site-packages/airflow/example_dags/tutorial.py
[2024-03-10T18:38:22.283+0000] {logging_mixin.py:188} INFO - [2024-03-10T18:38:22.283+0000] {dag.py:3047} INFO - Sync 1 DAGs
[2024-03-10T18:38:22.377+0000] {logging_mixin.py:188} INFO - [2024-03-10T18:38:22.377+0000] {dag.py:3834} INFO - Setting next_dagrun for tutorial to 2024-03-09 00:00:00+00:00, run_after=2024-03-10 00:00:00+00:00
[2024-03-10T18:38:22.445+0000] {processor.py:183} INFO - Processing /home/airflow/.local/lib/python3.8/site-packages/airflow/example_dags/tutorial.py took 0.352 seconds
[2024-03-10T18:38:53.684+0000] {processor.py:161} INFO - Started process (PID=2883) to work on /home/airflow/.local/lib/python3.8/site-packages/airflow/example_dags/tutorial.py
[2024-03-10T18:38:53.690+0000] {processor.py:830} INFO - Processing file /home/airflow/.local/lib/python3.8/site-packages/airflow/example_dags/tutorial.py for tasks to queue
[2024-03-10T18:38:53.697+0000] {logging_mixin.py:188} INFO - [2024-03-10T18:38:53.695+0000] {dagbag.py:540} INFO - Filling up the DagBag from /home/airflow/.local/lib/python3.8/site-packages/airflow/example_dags/tutorial.py
[2024-03-10T18:38:53.749+0000] {processor.py:840} INFO - DAG(s) 'tutorial' retrieved from /home/airflow/.local/lib/python3.8/site-packages/airflow/example_dags/tutorial.py
[2024-03-10T18:38:53.887+0000] {logging_mixin.py:188} INFO - [2024-03-10T18:38:53.886+0000] {dag.py:3047} INFO - Sync 1 DAGs
[2024-03-10T18:38:54.019+0000] {logging_mixin.py:188} INFO - [2024-03-10T18:38:54.019+0000] {dag.py:3834} INFO - Setting next_dagrun for tutorial to 2024-03-09 00:00:00+00:00, run_after=2024-03-10 00:00:00+00:00
[2024-03-10T18:38:54.118+0000] {processor.py:183} INFO - Processing /home/airflow/.local/lib/python3.8/site-packages/airflow/example_dags/tutorial.py took 0.449 seconds
[2024-03-10T18:39:26.014+0000] {processor.py:161} INFO - Started process (PID=3137) to work on /home/airflow/.local/lib/python3.8/site-packages/airflow/example_dags/tutorial.py
[2024-03-10T18:39:26.026+0000] {processor.py:830} INFO - Processing file /home/airflow/.local/lib/python3.8/site-packages/airflow/example_dags/tutorial.py for tasks to queue
[2024-03-10T18:39:26.034+0000] {logging_mixin.py:188} INFO - [2024-03-10T18:39:26.033+0000] {dagbag.py:540} INFO - Filling up the DagBag from /home/airflow/.local/lib/python3.8/site-packages/airflow/example_dags/tutorial.py
[2024-03-10T18:39:26.052+0000] {processor.py:840} INFO - DAG(s) 'tutorial' retrieved from /home/airflow/.local/lib/python3.8/site-packages/airflow/example_dags/tutorial.py
[2024-03-10T18:39:26.189+0000] {logging_mixin.py:188} INFO - [2024-03-10T18:39:26.188+0000] {dag.py:3047} INFO - Sync 1 DAGs
[2024-03-10T18:39:26.293+0000] {logging_mixin.py:188} INFO - [2024-03-10T18:39:26.293+0000] {dag.py:3834} INFO - Setting next_dagrun for tutorial to 2024-03-09 00:00:00+00:00, run_after=2024-03-10 00:00:00+00:00
[2024-03-10T18:39:26.387+0000] {processor.py:183} INFO - Processing /home/airflow/.local/lib/python3.8/site-packages/airflow/example_dags/tutorial.py took 0.391 seconds
[2024-03-10T18:39:57.705+0000] {processor.py:161} INFO - Started process (PID=3385) to work on /home/airflow/.local/lib/python3.8/site-packages/airflow/example_dags/tutorial.py
[2024-03-10T18:39:57.708+0000] {processor.py:830} INFO - Processing file /home/airflow/.local/lib/python3.8/site-packages/airflow/example_dags/tutorial.py for tasks to queue
[2024-03-10T18:39:57.711+0000] {logging_mixin.py:188} INFO - [2024-03-10T18:39:57.710+0000] {dagbag.py:540} INFO - Filling up the DagBag from /home/airflow/.local/lib/python3.8/site-packages/airflow/example_dags/tutorial.py
[2024-03-10T18:39:57.724+0000] {processor.py:840} INFO - DAG(s) 'tutorial' retrieved from /home/airflow/.local/lib/python3.8/site-packages/airflow/example_dags/tutorial.py
[2024-03-10T18:39:57.816+0000] {logging_mixin.py:188} INFO - [2024-03-10T18:39:57.816+0000] {dag.py:3047} INFO - Sync 1 DAGs
[2024-03-10T18:39:57.881+0000] {logging_mixin.py:188} INFO - [2024-03-10T18:39:57.881+0000] {dag.py:3834} INFO - Setting next_dagrun for tutorial to 2024-03-09 00:00:00+00:00, run_after=2024-03-10 00:00:00+00:00
[2024-03-10T18:39:57.906+0000] {processor.py:183} INFO - Processing /home/airflow/.local/lib/python3.8/site-packages/airflow/example_dags/tutorial.py took 0.209 seconds
[2024-03-10T18:40:30.895+0000] {processor.py:161} INFO - Started process (PID=3634) to work on /home/airflow/.local/lib/python3.8/site-packages/airflow/example_dags/tutorial.py
[2024-03-10T18:40:30.920+0000] {processor.py:830} INFO - Processing file /home/airflow/.local/lib/python3.8/site-packages/airflow/example_dags/tutorial.py for tasks to queue
[2024-03-10T18:40:30.938+0000] {logging_mixin.py:188} INFO - [2024-03-10T18:40:30.936+0000] {dagbag.py:540} INFO - Filling up the DagBag from /home/airflow/.local/lib/python3.8/site-packages/airflow/example_dags/tutorial.py
[2024-03-10T18:40:30.973+0000] {processor.py:840} INFO - DAG(s) 'tutorial' retrieved from /home/airflow/.local/lib/python3.8/site-packages/airflow/example_dags/tutorial.py
[2024-03-10T18:40:31.167+0000] {logging_mixin.py:188} INFO - [2024-03-10T18:40:31.156+0000] {dag.py:3047} INFO - Sync 1 DAGs
[2024-03-10T18:40:31.386+0000] {logging_mixin.py:188} INFO - [2024-03-10T18:40:31.385+0000] {dag.py:3834} INFO - Setting next_dagrun for tutorial to 2024-03-09 00:00:00+00:00, run_after=2024-03-10 00:00:00+00:00
[2024-03-10T18:40:31.547+0000] {processor.py:183} INFO - Processing /home/airflow/.local/lib/python3.8/site-packages/airflow/example_dags/tutorial.py took 0.677 seconds
[2024-03-10T18:41:02.542+0000] {processor.py:161} INFO - Started process (PID=3890) to work on /home/airflow/.local/lib/python3.8/site-packages/airflow/example_dags/tutorial.py
[2024-03-10T18:41:02.550+0000] {processor.py:830} INFO - Processing file /home/airflow/.local/lib/python3.8/site-packages/airflow/example_dags/tutorial.py for tasks to queue
[2024-03-10T18:41:02.560+0000] {logging_mixin.py:188} INFO - [2024-03-10T18:41:02.557+0000] {dagbag.py:540} INFO - Filling up the DagBag from /home/airflow/.local/lib/python3.8/site-packages/airflow/example_dags/tutorial.py
[2024-03-10T18:41:02.588+0000] {processor.py:840} INFO - DAG(s) 'tutorial' retrieved from /home/airflow/.local/lib/python3.8/site-packages/airflow/example_dags/tutorial.py
[2024-03-10T18:41:02.630+0000] {logging_mixin.py:188} INFO - [2024-03-10T18:41:02.629+0000] {dag.py:3047} INFO - Sync 1 DAGs
[2024-03-10T18:41:02.747+0000] {logging_mixin.py:188} INFO - [2024-03-10T18:41:02.747+0000] {dag.py:3834} INFO - Setting next_dagrun for tutorial to 2024-03-09 00:00:00+00:00, run_after=2024-03-10 00:00:00+00:00
[2024-03-10T18:41:02.821+0000] {processor.py:183} INFO - Processing /home/airflow/.local/lib/python3.8/site-packages/airflow/example_dags/tutorial.py took 0.293 seconds
[2024-03-10T18:41:33.156+0000] {processor.py:161} INFO - Started process (PID=4137) to work on /home/airflow/.local/lib/python3.8/site-packages/airflow/example_dags/tutorial.py
[2024-03-10T18:41:33.160+0000] {processor.py:830} INFO - Processing file /home/airflow/.local/lib/python3.8/site-packages/airflow/example_dags/tutorial.py for tasks to queue
[2024-03-10T18:41:33.162+0000] {logging_mixin.py:188} INFO - [2024-03-10T18:41:33.161+0000] {dagbag.py:540} INFO - Filling up the DagBag from /home/airflow/.local/lib/python3.8/site-packages/airflow/example_dags/tutorial.py
[2024-03-10T18:41:33.170+0000] {processor.py:840} INFO - DAG(s) 'tutorial' retrieved from /home/airflow/.local/lib/python3.8/site-packages/airflow/example_dags/tutorial.py
[2024-03-10T18:41:33.275+0000] {logging_mixin.py:188} INFO - [2024-03-10T18:41:33.275+0000] {dag.py:3047} INFO - Sync 1 DAGs
[2024-03-10T18:41:33.294+0000] {logging_mixin.py:188} INFO - [2024-03-10T18:41:33.294+0000] {dag.py:3834} INFO - Setting next_dagrun for tutorial to 2024-03-09 00:00:00+00:00, run_after=2024-03-10 00:00:00+00:00
[2024-03-10T18:41:33.313+0000] {processor.py:183} INFO - Processing /home/airflow/.local/lib/python3.8/site-packages/airflow/example_dags/tutorial.py took 0.162 seconds
[2024-03-10T18:42:03.409+0000] {processor.py:161} INFO - Started process (PID=4384) to work on /home/airflow/.local/lib/python3.8/site-packages/airflow/example_dags/tutorial.py
[2024-03-10T18:42:03.413+0000] {processor.py:830} INFO - Processing file /home/airflow/.local/lib/python3.8/site-packages/airflow/example_dags/tutorial.py for tasks to queue
[2024-03-10T18:42:03.415+0000] {logging_mixin.py:188} INFO - [2024-03-10T18:42:03.415+0000] {dagbag.py:540} INFO - Filling up the DagBag from /home/airflow/.local/lib/python3.8/site-packages/airflow/example_dags/tutorial.py
[2024-03-10T18:42:03.463+0000] {processor.py:840} INFO - DAG(s) 'tutorial' retrieved from /home/airflow/.local/lib/python3.8/site-packages/airflow/example_dags/tutorial.py
[2024-03-10T18:42:03.539+0000] {logging_mixin.py:188} INFO - [2024-03-10T18:42:03.539+0000] {dag.py:3047} INFO - Sync 1 DAGs
[2024-03-10T18:42:03.623+0000] {logging_mixin.py:188} INFO - [2024-03-10T18:42:03.622+0000] {dag.py:3834} INFO - Setting next_dagrun for tutorial to 2024-03-09 00:00:00+00:00, run_after=2024-03-10 00:00:00+00:00
[2024-03-10T18:42:03.664+0000] {processor.py:183} INFO - Processing /home/airflow/.local/lib/python3.8/site-packages/airflow/example_dags/tutorial.py took 0.269 seconds
[2024-03-10T18:43:02.767+0000] {processor.py:161} INFO - Started process (PID=4639) to work on /home/airflow/.local/lib/python3.8/site-packages/airflow/example_dags/tutorial.py
[2024-03-10T18:43:02.773+0000] {processor.py:830} INFO - Processing file /home/airflow/.local/lib/python3.8/site-packages/airflow/example_dags/tutorial.py for tasks to queue
[2024-03-10T18:43:02.782+0000] {logging_mixin.py:188} INFO - [2024-03-10T18:43:02.781+0000] {dagbag.py:540} INFO - Filling up the DagBag from /home/airflow/.local/lib/python3.8/site-packages/airflow/example_dags/tutorial.py
[2024-03-10T18:43:02.810+0000] {processor.py:840} INFO - DAG(s) 'tutorial' retrieved from /home/airflow/.local/lib/python3.8/site-packages/airflow/example_dags/tutorial.py
[2024-03-10T18:43:02.996+0000] {logging_mixin.py:188} INFO - [2024-03-10T18:43:02.995+0000] {dag.py:3047} INFO - Sync 1 DAGs
[2024-03-10T18:43:03.215+0000] {logging_mixin.py:188} INFO - [2024-03-10T18:43:03.215+0000] {dag.py:3834} INFO - Setting next_dagrun for tutorial to 2024-03-09 00:00:00+00:00, run_after=2024-03-10 00:00:00+00:00
[2024-03-10T18:43:03.309+0000] {processor.py:183} INFO - Processing /home/airflow/.local/lib/python3.8/site-packages/airflow/example_dags/tutorial.py took 0.554 seconds
[2024-03-10T18:48:23.704+0000] {processor.py:161} INFO - Started process (PID=5026) to work on /home/airflow/.local/lib/python3.8/site-packages/airflow/example_dags/tutorial.py
[2024-03-10T18:48:23.824+0000] {processor.py:830} INFO - Processing file /home/airflow/.local/lib/python3.8/site-packages/airflow/example_dags/tutorial.py for tasks to queue
[2024-03-10T18:48:24.138+0000] {logging_mixin.py:188} INFO - [2024-03-10T18:48:24.071+0000] {dagbag.py:540} INFO - Filling up the DagBag from /home/airflow/.local/lib/python3.8/site-packages/airflow/example_dags/tutorial.py
[2024-03-10T18:48:33.262+0000] {processor.py:840} INFO - DAG(s) 'tutorial' retrieved from /home/airflow/.local/lib/python3.8/site-packages/airflow/example_dags/tutorial.py
[2024-03-10T18:48:55.913+0000] {logging_mixin.py:188} INFO - [2024-03-10T18:48:55.879+0000] {dag.py:3047} INFO - Sync 1 DAGs
[2024-03-10T18:49:01.555+0000] {logging_mixin.py:188} INFO - [2024-03-10T18:49:01.477+0000] {dag.py:3834} INFO - Setting next_dagrun for tutorial to 2024-03-09 00:00:00+00:00, run_after=2024-03-10 00:00:00+00:00
[2024-03-10T18:49:03.686+0000] {processor.py:183} INFO - Processing /home/airflow/.local/lib/python3.8/site-packages/airflow/example_dags/tutorial.py took 41.525 seconds
