[2024-03-10T18:33:15.266+0000] {processor.py:161} INFO - Started process (PID=371) to work on /home/airflow/.local/lib/python3.8/site-packages/airflow/example_dags/tutorial_taskflow_api.py
[2024-03-10T18:33:15.271+0000] {processor.py:830} INFO - Processing file /home/airflow/.local/lib/python3.8/site-packages/airflow/example_dags/tutorial_taskflow_api.py for tasks to queue
[2024-03-10T18:33:15.274+0000] {logging_mixin.py:188} INFO - [2024-03-10T18:33:15.273+0000] {dagbag.py:540} INFO - Filling up the DagBag from /home/airflow/.local/lib/python3.8/site-packages/airflow/example_dags/tutorial_taskflow_api.py
[2024-03-10T18:33:15.301+0000] {processor.py:840} INFO - DAG(s) 'tutorial_taskflow_api' retrieved from /home/airflow/.local/lib/python3.8/site-packages/airflow/example_dags/tutorial_taskflow_api.py
[2024-03-10T18:33:15.625+0000] {logging_mixin.py:188} INFO - [2024-03-10T18:33:15.624+0000] {override.py:1769} INFO - Created Permission View: can delete on DAG:tutorial_taskflow_api
[2024-03-10T18:33:15.643+0000] {logging_mixin.py:188} INFO - [2024-03-10T18:33:15.642+0000] {override.py:1769} INFO - Created Permission View: can edit on DAG:tutorial_taskflow_api
[2024-03-10T18:33:15.659+0000] {logging_mixin.py:188} INFO - [2024-03-10T18:33:15.658+0000] {override.py:1769} INFO - Created Permission View: can read on DAG:tutorial_taskflow_api
[2024-03-10T18:33:15.662+0000] {logging_mixin.py:188} INFO - [2024-03-10T18:33:15.661+0000] {dag.py:3047} INFO - Sync 1 DAGs
[2024-03-10T18:33:15.684+0000] {logging_mixin.py:188} INFO - [2024-03-10T18:33:15.684+0000] {dag.py:3069} INFO - Creating ORM DAG for tutorial_taskflow_api
[2024-03-10T18:33:15.689+0000] {logging_mixin.py:188} INFO - [2024-03-10T18:33:15.689+0000] {dag.py:3834} INFO - Setting next_dagrun for tutorial_taskflow_api to None, run_after=None
[2024-03-10T18:33:15.712+0000] {processor.py:183} INFO - Processing /home/airflow/.local/lib/python3.8/site-packages/airflow/example_dags/tutorial_taskflow_api.py took 0.453 seconds
[2024-03-10T18:33:55.490+0000] {processor.py:161} INFO - Started process (PID=624) to work on /home/airflow/.local/lib/python3.8/site-packages/airflow/example_dags/tutorial_taskflow_api.py
[2024-03-10T18:33:55.495+0000] {processor.py:830} INFO - Processing file /home/airflow/.local/lib/python3.8/site-packages/airflow/example_dags/tutorial_taskflow_api.py for tasks to queue
[2024-03-10T18:33:55.499+0000] {logging_mixin.py:188} INFO - [2024-03-10T18:33:55.498+0000] {dagbag.py:540} INFO - Filling up the DagBag from /home/airflow/.local/lib/python3.8/site-packages/airflow/example_dags/tutorial_taskflow_api.py
[2024-03-10T18:33:55.515+0000] {processor.py:840} INFO - DAG(s) 'tutorial_taskflow_api' retrieved from /home/airflow/.local/lib/python3.8/site-packages/airflow/example_dags/tutorial_taskflow_api.py
[2024-03-10T18:33:55.566+0000] {logging_mixin.py:188} INFO - [2024-03-10T18:33:55.565+0000] {dag.py:3047} INFO - Sync 1 DAGs
[2024-03-10T18:33:55.581+0000] {logging_mixin.py:188} INFO - [2024-03-10T18:33:55.581+0000] {dag.py:3834} INFO - Setting next_dagrun for tutorial_taskflow_api to None, run_after=None
[2024-03-10T18:33:55.607+0000] {processor.py:183} INFO - Processing /home/airflow/.local/lib/python3.8/site-packages/airflow/example_dags/tutorial_taskflow_api.py took 0.126 seconds
[2024-03-10T18:34:26.677+0000] {processor.py:161} INFO - Started process (PID=872) to work on /home/airflow/.local/lib/python3.8/site-packages/airflow/example_dags/tutorial_taskflow_api.py
[2024-03-10T18:34:26.681+0000] {processor.py:830} INFO - Processing file /home/airflow/.local/lib/python3.8/site-packages/airflow/example_dags/tutorial_taskflow_api.py for tasks to queue
[2024-03-10T18:34:26.687+0000] {logging_mixin.py:188} INFO - [2024-03-10T18:34:26.686+0000] {dagbag.py:540} INFO - Filling up the DagBag from /home/airflow/.local/lib/python3.8/site-packages/airflow/example_dags/tutorial_taskflow_api.py
[2024-03-10T18:34:26.706+0000] {processor.py:840} INFO - DAG(s) 'tutorial_taskflow_api' retrieved from /home/airflow/.local/lib/python3.8/site-packages/airflow/example_dags/tutorial_taskflow_api.py
[2024-03-10T18:34:26.752+0000] {logging_mixin.py:188} INFO - [2024-03-10T18:34:26.752+0000] {dag.py:3047} INFO - Sync 1 DAGs
[2024-03-10T18:34:26.775+0000] {logging_mixin.py:188} INFO - [2024-03-10T18:34:26.774+0000] {dag.py:3834} INFO - Setting next_dagrun for tutorial_taskflow_api to None, run_after=None
[2024-03-10T18:34:26.808+0000] {processor.py:183} INFO - Processing /home/airflow/.local/lib/python3.8/site-packages/airflow/example_dags/tutorial_taskflow_api.py took 0.137 seconds
[2024-03-10T18:34:59.065+0000] {processor.py:161} INFO - Started process (PID=1119) to work on /home/airflow/.local/lib/python3.8/site-packages/airflow/example_dags/tutorial_taskflow_api.py
[2024-03-10T18:34:59.070+0000] {processor.py:830} INFO - Processing file /home/airflow/.local/lib/python3.8/site-packages/airflow/example_dags/tutorial_taskflow_api.py for tasks to queue
[2024-03-10T18:34:59.075+0000] {logging_mixin.py:188} INFO - [2024-03-10T18:34:59.073+0000] {dagbag.py:540} INFO - Filling up the DagBag from /home/airflow/.local/lib/python3.8/site-packages/airflow/example_dags/tutorial_taskflow_api.py
[2024-03-10T18:34:59.120+0000] {processor.py:840} INFO - DAG(s) 'tutorial_taskflow_api' retrieved from /home/airflow/.local/lib/python3.8/site-packages/airflow/example_dags/tutorial_taskflow_api.py
[2024-03-10T18:34:59.246+0000] {logging_mixin.py:188} INFO - [2024-03-10T18:34:59.245+0000] {dag.py:3047} INFO - Sync 1 DAGs
[2024-03-10T18:34:59.318+0000] {logging_mixin.py:188} INFO - [2024-03-10T18:34:59.317+0000] {dag.py:3834} INFO - Setting next_dagrun for tutorial_taskflow_api to None, run_after=None
[2024-03-10T18:34:59.399+0000] {processor.py:183} INFO - Processing /home/airflow/.local/lib/python3.8/site-packages/airflow/example_dags/tutorial_taskflow_api.py took 0.339 seconds
[2024-03-10T18:35:33.390+0000] {processor.py:161} INFO - Started process (PID=1366) to work on /home/airflow/.local/lib/python3.8/site-packages/airflow/example_dags/tutorial_taskflow_api.py
[2024-03-10T18:35:33.460+0000] {processor.py:830} INFO - Processing file /home/airflow/.local/lib/python3.8/site-packages/airflow/example_dags/tutorial_taskflow_api.py for tasks to queue
[2024-03-10T18:35:33.511+0000] {logging_mixin.py:188} INFO - [2024-03-10T18:35:33.495+0000] {dagbag.py:540} INFO - Filling up the DagBag from /home/airflow/.local/lib/python3.8/site-packages/airflow/example_dags/tutorial_taskflow_api.py
[2024-03-10T18:35:33.702+0000] {processor.py:840} INFO - DAG(s) 'tutorial_taskflow_api' retrieved from /home/airflow/.local/lib/python3.8/site-packages/airflow/example_dags/tutorial_taskflow_api.py
[2024-03-10T18:35:33.917+0000] {logging_mixin.py:188} INFO - [2024-03-10T18:35:33.917+0000] {dag.py:3047} INFO - Sync 1 DAGs
[2024-03-10T18:35:33.952+0000] {logging_mixin.py:188} INFO - [2024-03-10T18:35:33.951+0000] {dag.py:3834} INFO - Setting next_dagrun for tutorial_taskflow_api to None, run_after=None
[2024-03-10T18:35:33.999+0000] {processor.py:183} INFO - Processing /home/airflow/.local/lib/python3.8/site-packages/airflow/example_dags/tutorial_taskflow_api.py took 1.178 seconds
[2024-03-10T18:36:09.760+0000] {processor.py:161} INFO - Started process (PID=1623) to work on /home/airflow/.local/lib/python3.8/site-packages/airflow/example_dags/tutorial_taskflow_api.py
[2024-03-10T18:36:09.769+0000] {processor.py:830} INFO - Processing file /home/airflow/.local/lib/python3.8/site-packages/airflow/example_dags/tutorial_taskflow_api.py for tasks to queue
[2024-03-10T18:36:09.774+0000] {logging_mixin.py:188} INFO - [2024-03-10T18:36:09.773+0000] {dagbag.py:540} INFO - Filling up the DagBag from /home/airflow/.local/lib/python3.8/site-packages/airflow/example_dags/tutorial_taskflow_api.py
[2024-03-10T18:36:09.805+0000] {processor.py:840} INFO - DAG(s) 'tutorial_taskflow_api' retrieved from /home/airflow/.local/lib/python3.8/site-packages/airflow/example_dags/tutorial_taskflow_api.py
[2024-03-10T18:36:09.902+0000] {logging_mixin.py:188} INFO - [2024-03-10T18:36:09.901+0000] {dag.py:3047} INFO - Sync 1 DAGs
[2024-03-10T18:36:09.945+0000] {logging_mixin.py:188} INFO - [2024-03-10T18:36:09.944+0000] {dag.py:3834} INFO - Setting next_dagrun for tutorial_taskflow_api to None, run_after=None
[2024-03-10T18:36:10.040+0000] {processor.py:183} INFO - Processing /home/airflow/.local/lib/python3.8/site-packages/airflow/example_dags/tutorial_taskflow_api.py took 0.301 seconds
[2024-03-10T18:36:40.268+0000] {processor.py:161} INFO - Started process (PID=1872) to work on /home/airflow/.local/lib/python3.8/site-packages/airflow/example_dags/tutorial_taskflow_api.py
[2024-03-10T18:36:40.274+0000] {processor.py:830} INFO - Processing file /home/airflow/.local/lib/python3.8/site-packages/airflow/example_dags/tutorial_taskflow_api.py for tasks to queue
[2024-03-10T18:36:40.286+0000] {logging_mixin.py:188} INFO - [2024-03-10T18:36:40.284+0000] {dagbag.py:540} INFO - Filling up the DagBag from /home/airflow/.local/lib/python3.8/site-packages/airflow/example_dags/tutorial_taskflow_api.py
[2024-03-10T18:36:40.322+0000] {processor.py:840} INFO - DAG(s) 'tutorial_taskflow_api' retrieved from /home/airflow/.local/lib/python3.8/site-packages/airflow/example_dags/tutorial_taskflow_api.py
[2024-03-10T18:36:40.447+0000] {logging_mixin.py:188} INFO - [2024-03-10T18:36:40.447+0000] {dag.py:3047} INFO - Sync 1 DAGs
[2024-03-10T18:36:40.476+0000] {logging_mixin.py:188} INFO - [2024-03-10T18:36:40.476+0000] {dag.py:3834} INFO - Setting next_dagrun for tutorial_taskflow_api to None, run_after=None
[2024-03-10T18:36:40.525+0000] {processor.py:183} INFO - Processing /home/airflow/.local/lib/python3.8/site-packages/airflow/example_dags/tutorial_taskflow_api.py took 0.268 seconds
[2024-03-10T18:37:11.391+0000] {processor.py:161} INFO - Started process (PID=2117) to work on /home/airflow/.local/lib/python3.8/site-packages/airflow/example_dags/tutorial_taskflow_api.py
[2024-03-10T18:37:11.429+0000] {processor.py:830} INFO - Processing file /home/airflow/.local/lib/python3.8/site-packages/airflow/example_dags/tutorial_taskflow_api.py for tasks to queue
[2024-03-10T18:37:11.432+0000] {logging_mixin.py:188} INFO - [2024-03-10T18:37:11.431+0000] {dagbag.py:540} INFO - Filling up the DagBag from /home/airflow/.local/lib/python3.8/site-packages/airflow/example_dags/tutorial_taskflow_api.py
[2024-03-10T18:37:11.451+0000] {processor.py:840} INFO - DAG(s) 'tutorial_taskflow_api' retrieved from /home/airflow/.local/lib/python3.8/site-packages/airflow/example_dags/tutorial_taskflow_api.py
[2024-03-10T18:37:11.532+0000] {logging_mixin.py:188} INFO - [2024-03-10T18:37:11.531+0000] {dag.py:3047} INFO - Sync 1 DAGs
[2024-03-10T18:37:11.573+0000] {logging_mixin.py:188} INFO - [2024-03-10T18:37:11.573+0000] {dag.py:3834} INFO - Setting next_dagrun for tutorial_taskflow_api to None, run_after=None
[2024-03-10T18:37:11.621+0000] {processor.py:183} INFO - Processing /home/airflow/.local/lib/python3.8/site-packages/airflow/example_dags/tutorial_taskflow_api.py took 0.238 seconds
[2024-03-10T18:37:43.838+0000] {processor.py:161} INFO - Started process (PID=2364) to work on /home/airflow/.local/lib/python3.8/site-packages/airflow/example_dags/tutorial_taskflow_api.py
[2024-03-10T18:37:43.841+0000] {processor.py:830} INFO - Processing file /home/airflow/.local/lib/python3.8/site-packages/airflow/example_dags/tutorial_taskflow_api.py for tasks to queue
[2024-03-10T18:37:43.844+0000] {logging_mixin.py:188} INFO - [2024-03-10T18:37:43.843+0000] {dagbag.py:540} INFO - Filling up the DagBag from /home/airflow/.local/lib/python3.8/site-packages/airflow/example_dags/tutorial_taskflow_api.py
[2024-03-10T18:37:43.855+0000] {processor.py:840} INFO - DAG(s) 'tutorial_taskflow_api' retrieved from /home/airflow/.local/lib/python3.8/site-packages/airflow/example_dags/tutorial_taskflow_api.py
[2024-03-10T18:37:43.938+0000] {logging_mixin.py:188} INFO - [2024-03-10T18:37:43.937+0000] {dag.py:3047} INFO - Sync 1 DAGs
[2024-03-10T18:37:44.084+0000] {logging_mixin.py:188} INFO - [2024-03-10T18:37:44.084+0000] {dag.py:3834} INFO - Setting next_dagrun for tutorial_taskflow_api to None, run_after=None
[2024-03-10T18:37:44.230+0000] {processor.py:183} INFO - Processing /home/airflow/.local/lib/python3.8/site-packages/airflow/example_dags/tutorial_taskflow_api.py took 0.396 seconds
[2024-03-10T18:38:15.749+0000] {processor.py:161} INFO - Started process (PID=2606) to work on /home/airflow/.local/lib/python3.8/site-packages/airflow/example_dags/tutorial_taskflow_api.py
[2024-03-10T18:38:15.767+0000] {processor.py:830} INFO - Processing file /home/airflow/.local/lib/python3.8/site-packages/airflow/example_dags/tutorial_taskflow_api.py for tasks to queue
[2024-03-10T18:38:15.775+0000] {logging_mixin.py:188} INFO - [2024-03-10T18:38:15.773+0000] {dagbag.py:540} INFO - Filling up the DagBag from /home/airflow/.local/lib/python3.8/site-packages/airflow/example_dags/tutorial_taskflow_api.py
[2024-03-10T18:38:15.842+0000] {processor.py:840} INFO - DAG(s) 'tutorial_taskflow_api' retrieved from /home/airflow/.local/lib/python3.8/site-packages/airflow/example_dags/tutorial_taskflow_api.py
[2024-03-10T18:38:16.058+0000] {logging_mixin.py:188} INFO - [2024-03-10T18:38:16.057+0000] {dag.py:3047} INFO - Sync 1 DAGs
[2024-03-10T18:38:16.150+0000] {logging_mixin.py:188} INFO - [2024-03-10T18:38:16.150+0000] {dag.py:3834} INFO - Setting next_dagrun for tutorial_taskflow_api to None, run_after=None
[2024-03-10T18:38:16.255+0000] {processor.py:183} INFO - Processing /home/airflow/.local/lib/python3.8/site-packages/airflow/example_dags/tutorial_taskflow_api.py took 0.539 seconds
[2024-03-10T18:38:50.611+0000] {processor.py:161} INFO - Started process (PID=2858) to work on /home/airflow/.local/lib/python3.8/site-packages/airflow/example_dags/tutorial_taskflow_api.py
[2024-03-10T18:38:50.625+0000] {processor.py:830} INFO - Processing file /home/airflow/.local/lib/python3.8/site-packages/airflow/example_dags/tutorial_taskflow_api.py for tasks to queue
[2024-03-10T18:38:50.630+0000] {logging_mixin.py:188} INFO - [2024-03-10T18:38:50.628+0000] {dagbag.py:540} INFO - Filling up the DagBag from /home/airflow/.local/lib/python3.8/site-packages/airflow/example_dags/tutorial_taskflow_api.py
[2024-03-10T18:38:50.666+0000] {processor.py:840} INFO - DAG(s) 'tutorial_taskflow_api' retrieved from /home/airflow/.local/lib/python3.8/site-packages/airflow/example_dags/tutorial_taskflow_api.py
[2024-03-10T18:38:50.851+0000] {logging_mixin.py:188} INFO - [2024-03-10T18:38:50.850+0000] {dag.py:3047} INFO - Sync 1 DAGs
[2024-03-10T18:38:50.902+0000] {logging_mixin.py:188} INFO - [2024-03-10T18:38:50.901+0000] {dag.py:3834} INFO - Setting next_dagrun for tutorial_taskflow_api to None, run_after=None
[2024-03-10T18:38:51.018+0000] {processor.py:183} INFO - Processing /home/airflow/.local/lib/python3.8/site-packages/airflow/example_dags/tutorial_taskflow_api.py took 0.430 seconds
[2024-03-10T18:39:25.436+0000] {processor.py:161} INFO - Started process (PID=3122) to work on /home/airflow/.local/lib/python3.8/site-packages/airflow/example_dags/tutorial_taskflow_api.py
[2024-03-10T18:39:25.442+0000] {processor.py:830} INFO - Processing file /home/airflow/.local/lib/python3.8/site-packages/airflow/example_dags/tutorial_taskflow_api.py for tasks to queue
[2024-03-10T18:39:25.447+0000] {logging_mixin.py:188} INFO - [2024-03-10T18:39:25.446+0000] {dagbag.py:540} INFO - Filling up the DagBag from /home/airflow/.local/lib/python3.8/site-packages/airflow/example_dags/tutorial_taskflow_api.py
[2024-03-10T18:39:25.475+0000] {processor.py:840} INFO - DAG(s) 'tutorial_taskflow_api' retrieved from /home/airflow/.local/lib/python3.8/site-packages/airflow/example_dags/tutorial_taskflow_api.py
[2024-03-10T18:39:25.550+0000] {logging_mixin.py:188} INFO - [2024-03-10T18:39:25.550+0000] {dag.py:3047} INFO - Sync 1 DAGs
[2024-03-10T18:39:25.579+0000] {logging_mixin.py:188} INFO - [2024-03-10T18:39:25.579+0000] {dag.py:3834} INFO - Setting next_dagrun for tutorial_taskflow_api to None, run_after=None
[2024-03-10T18:39:25.616+0000] {processor.py:183} INFO - Processing /home/airflow/.local/lib/python3.8/site-packages/airflow/example_dags/tutorial_taskflow_api.py took 0.202 seconds
[2024-03-10T18:39:57.246+0000] {processor.py:161} INFO - Started process (PID=3372) to work on /home/airflow/.local/lib/python3.8/site-packages/airflow/example_dags/tutorial_taskflow_api.py
[2024-03-10T18:39:57.255+0000] {processor.py:830} INFO - Processing file /home/airflow/.local/lib/python3.8/site-packages/airflow/example_dags/tutorial_taskflow_api.py for tasks to queue
[2024-03-10T18:39:57.260+0000] {logging_mixin.py:188} INFO - [2024-03-10T18:39:57.259+0000] {dagbag.py:540} INFO - Filling up the DagBag from /home/airflow/.local/lib/python3.8/site-packages/airflow/example_dags/tutorial_taskflow_api.py
[2024-03-10T18:39:57.310+0000] {processor.py:840} INFO - DAG(s) 'tutorial_taskflow_api' retrieved from /home/airflow/.local/lib/python3.8/site-packages/airflow/example_dags/tutorial_taskflow_api.py
[2024-03-10T18:39:57.404+0000] {logging_mixin.py:188} INFO - [2024-03-10T18:39:57.403+0000] {dag.py:3047} INFO - Sync 1 DAGs
[2024-03-10T18:39:57.461+0000] {logging_mixin.py:188} INFO - [2024-03-10T18:39:57.460+0000] {dag.py:3834} INFO - Setting next_dagrun for tutorial_taskflow_api to None, run_after=None
[2024-03-10T18:39:57.522+0000] {processor.py:183} INFO - Processing /home/airflow/.local/lib/python3.8/site-packages/airflow/example_dags/tutorial_taskflow_api.py took 0.295 seconds
[2024-03-10T18:40:29.585+0000] {processor.py:161} INFO - Started process (PID=3619) to work on /home/airflow/.local/lib/python3.8/site-packages/airflow/example_dags/tutorial_taskflow_api.py
[2024-03-10T18:40:29.604+0000] {processor.py:830} INFO - Processing file /home/airflow/.local/lib/python3.8/site-packages/airflow/example_dags/tutorial_taskflow_api.py for tasks to queue
[2024-03-10T18:40:29.614+0000] {logging_mixin.py:188} INFO - [2024-03-10T18:40:29.612+0000] {dagbag.py:540} INFO - Filling up the DagBag from /home/airflow/.local/lib/python3.8/site-packages/airflow/example_dags/tutorial_taskflow_api.py
[2024-03-10T18:40:29.697+0000] {processor.py:840} INFO - DAG(s) 'tutorial_taskflow_api' retrieved from /home/airflow/.local/lib/python3.8/site-packages/airflow/example_dags/tutorial_taskflow_api.py
[2024-03-10T18:40:29.869+0000] {logging_mixin.py:188} INFO - [2024-03-10T18:40:29.868+0000] {dag.py:3047} INFO - Sync 1 DAGs
[2024-03-10T18:40:29.935+0000] {logging_mixin.py:188} INFO - [2024-03-10T18:40:29.933+0000] {dag.py:3834} INFO - Setting next_dagrun for tutorial_taskflow_api to None, run_after=None
[2024-03-10T18:40:30.023+0000] {processor.py:183} INFO - Processing /home/airflow/.local/lib/python3.8/site-packages/airflow/example_dags/tutorial_taskflow_api.py took 0.512 seconds
[2024-03-10T18:41:01.059+0000] {processor.py:161} INFO - Started process (PID=3878) to work on /home/airflow/.local/lib/python3.8/site-packages/airflow/example_dags/tutorial_taskflow_api.py
[2024-03-10T18:41:01.067+0000] {processor.py:830} INFO - Processing file /home/airflow/.local/lib/python3.8/site-packages/airflow/example_dags/tutorial_taskflow_api.py for tasks to queue
[2024-03-10T18:41:01.076+0000] {logging_mixin.py:188} INFO - [2024-03-10T18:41:01.075+0000] {dagbag.py:540} INFO - Filling up the DagBag from /home/airflow/.local/lib/python3.8/site-packages/airflow/example_dags/tutorial_taskflow_api.py
[2024-03-10T18:41:01.139+0000] {processor.py:840} INFO - DAG(s) 'tutorial_taskflow_api' retrieved from /home/airflow/.local/lib/python3.8/site-packages/airflow/example_dags/tutorial_taskflow_api.py
[2024-03-10T18:41:01.228+0000] {logging_mixin.py:188} INFO - [2024-03-10T18:41:01.228+0000] {dag.py:3047} INFO - Sync 1 DAGs
[2024-03-10T18:41:01.280+0000] {logging_mixin.py:188} INFO - [2024-03-10T18:41:01.279+0000] {dag.py:3834} INFO - Setting next_dagrun for tutorial_taskflow_api to None, run_after=None
[2024-03-10T18:41:01.349+0000] {processor.py:183} INFO - Processing /home/airflow/.local/lib/python3.8/site-packages/airflow/example_dags/tutorial_taskflow_api.py took 0.310 seconds
[2024-03-10T18:41:31.675+0000] {processor.py:161} INFO - Started process (PID=4127) to work on /home/airflow/.local/lib/python3.8/site-packages/airflow/example_dags/tutorial_taskflow_api.py
[2024-03-10T18:41:31.679+0000] {processor.py:830} INFO - Processing file /home/airflow/.local/lib/python3.8/site-packages/airflow/example_dags/tutorial_taskflow_api.py for tasks to queue
[2024-03-10T18:41:31.682+0000] {logging_mixin.py:188} INFO - [2024-03-10T18:41:31.681+0000] {dagbag.py:540} INFO - Filling up the DagBag from /home/airflow/.local/lib/python3.8/site-packages/airflow/example_dags/tutorial_taskflow_api.py
[2024-03-10T18:41:31.702+0000] {processor.py:840} INFO - DAG(s) 'tutorial_taskflow_api' retrieved from /home/airflow/.local/lib/python3.8/site-packages/airflow/example_dags/tutorial_taskflow_api.py
[2024-03-10T18:41:31.977+0000] {logging_mixin.py:188} INFO - [2024-03-10T18:41:31.977+0000] {dag.py:3047} INFO - Sync 1 DAGs
[2024-03-10T18:41:32.019+0000] {logging_mixin.py:188} INFO - [2024-03-10T18:41:32.018+0000] {dag.py:3834} INFO - Setting next_dagrun for tutorial_taskflow_api to None, run_after=None
[2024-03-10T18:41:32.076+0000] {processor.py:183} INFO - Processing /home/airflow/.local/lib/python3.8/site-packages/airflow/example_dags/tutorial_taskflow_api.py took 0.411 seconds
[2024-03-10T18:42:02.707+0000] {processor.py:161} INFO - Started process (PID=4374) to work on /home/airflow/.local/lib/python3.8/site-packages/airflow/example_dags/tutorial_taskflow_api.py
[2024-03-10T18:42:02.712+0000] {processor.py:830} INFO - Processing file /home/airflow/.local/lib/python3.8/site-packages/airflow/example_dags/tutorial_taskflow_api.py for tasks to queue
[2024-03-10T18:42:02.716+0000] {logging_mixin.py:188} INFO - [2024-03-10T18:42:02.715+0000] {dagbag.py:540} INFO - Filling up the DagBag from /home/airflow/.local/lib/python3.8/site-packages/airflow/example_dags/tutorial_taskflow_api.py
[2024-03-10T18:42:02.752+0000] {processor.py:840} INFO - DAG(s) 'tutorial_taskflow_api' retrieved from /home/airflow/.local/lib/python3.8/site-packages/airflow/example_dags/tutorial_taskflow_api.py
[2024-03-10T18:42:02.858+0000] {logging_mixin.py:188} INFO - [2024-03-10T18:42:02.857+0000] {dag.py:3047} INFO - Sync 1 DAGs
[2024-03-10T18:42:02.905+0000] {logging_mixin.py:188} INFO - [2024-03-10T18:42:02.905+0000] {dag.py:3834} INFO - Setting next_dagrun for tutorial_taskflow_api to None, run_after=None
[2024-03-10T18:42:03.045+0000] {processor.py:183} INFO - Processing /home/airflow/.local/lib/python3.8/site-packages/airflow/example_dags/tutorial_taskflow_api.py took 0.348 seconds
[2024-03-10T18:43:00.793+0000] {processor.py:161} INFO - Started process (PID=4629) to work on /home/airflow/.local/lib/python3.8/site-packages/airflow/example_dags/tutorial_taskflow_api.py
[2024-03-10T18:43:00.802+0000] {processor.py:830} INFO - Processing file /home/airflow/.local/lib/python3.8/site-packages/airflow/example_dags/tutorial_taskflow_api.py for tasks to queue
[2024-03-10T18:43:00.811+0000] {logging_mixin.py:188} INFO - [2024-03-10T18:43:00.810+0000] {dagbag.py:540} INFO - Filling up the DagBag from /home/airflow/.local/lib/python3.8/site-packages/airflow/example_dags/tutorial_taskflow_api.py
[2024-03-10T18:43:00.870+0000] {processor.py:840} INFO - DAG(s) 'tutorial_taskflow_api' retrieved from /home/airflow/.local/lib/python3.8/site-packages/airflow/example_dags/tutorial_taskflow_api.py
[2024-03-10T18:43:01.160+0000] {logging_mixin.py:188} INFO - [2024-03-10T18:43:01.159+0000] {dag.py:3047} INFO - Sync 1 DAGs
[2024-03-10T18:43:01.229+0000] {logging_mixin.py:188} INFO - [2024-03-10T18:43:01.229+0000] {dag.py:3834} INFO - Setting next_dagrun for tutorial_taskflow_api to None, run_after=None
[2024-03-10T18:43:02.191+0000] {processor.py:183} INFO - Processing /home/airflow/.local/lib/python3.8/site-packages/airflow/example_dags/tutorial_taskflow_api.py took 1.428 seconds
[2024-03-10T18:47:36.481+0000] {processor.py:161} INFO - Started process (PID=5010) to work on /home/airflow/.local/lib/python3.8/site-packages/airflow/example_dags/tutorial_taskflow_api.py
[2024-03-10T18:47:36.652+0000] {processor.py:830} INFO - Processing file /home/airflow/.local/lib/python3.8/site-packages/airflow/example_dags/tutorial_taskflow_api.py for tasks to queue
[2024-03-10T18:47:36.852+0000] {logging_mixin.py:188} INFO - [2024-03-10T18:47:36.730+0000] {dagbag.py:540} INFO - Filling up the DagBag from /home/airflow/.local/lib/python3.8/site-packages/airflow/example_dags/tutorial_taskflow_api.py
[2024-03-10T18:47:39.945+0000] {processor.py:840} INFO - DAG(s) 'tutorial_taskflow_api' retrieved from /home/airflow/.local/lib/python3.8/site-packages/airflow/example_dags/tutorial_taskflow_api.py
[2024-03-10T18:47:51.422+0000] {logging_mixin.py:188} INFO - [2024-03-10T18:47:50.909+0000] {dag.py:3047} INFO - Sync 1 DAGs
[2024-03-10T18:48:03.629+0000] {logging_mixin.py:188} INFO - [2024-03-10T18:48:03.458+0000] {dag.py:3834} INFO - Setting next_dagrun for tutorial_taskflow_api to None, run_after=None
[2024-03-10T18:48:10.537+0000] {processor.py:183} INFO - Processing /home/airflow/.local/lib/python3.8/site-packages/airflow/example_dags/tutorial_taskflow_api.py took 34.498 seconds
