[2024-03-10T18:33:14.603+0000] {processor.py:161} INFO - Started process (PID=361) to work on /home/airflow/.local/lib/python3.8/site-packages/airflow/example_dags/tutorial_dag.py
[2024-03-10T18:33:14.605+0000] {processor.py:830} INFO - Processing file /home/airflow/.local/lib/python3.8/site-packages/airflow/example_dags/tutorial_dag.py for tasks to queue
[2024-03-10T18:33:14.606+0000] {logging_mixin.py:188} INFO - [2024-03-10T18:33:14.606+0000] {dagbag.py:540} INFO - Filling up the DagBag from /home/airflow/.local/lib/python3.8/site-packages/airflow/example_dags/tutorial_dag.py
[2024-03-10T18:33:14.617+0000] {processor.py:840} INFO - DAG(s) 'tutorial_dag' retrieved from /home/airflow/.local/lib/python3.8/site-packages/airflow/example_dags/tutorial_dag.py
[2024-03-10T18:33:14.741+0000] {logging_mixin.py:188} INFO - [2024-03-10T18:33:14.740+0000] {override.py:1769} INFO - Created Permission View: can delete on DAG:tutorial_dag
[2024-03-10T18:33:14.751+0000] {logging_mixin.py:188} INFO - [2024-03-10T18:33:14.750+0000] {override.py:1769} INFO - Created Permission View: can edit on DAG:tutorial_dag
[2024-03-10T18:33:14.757+0000] {logging_mixin.py:188} INFO - [2024-03-10T18:33:14.757+0000] {override.py:1769} INFO - Created Permission View: can read on DAG:tutorial_dag
[2024-03-10T18:33:14.759+0000] {logging_mixin.py:188} INFO - [2024-03-10T18:33:14.759+0000] {dag.py:3047} INFO - Sync 1 DAGs
[2024-03-10T18:33:14.768+0000] {logging_mixin.py:188} INFO - [2024-03-10T18:33:14.768+0000] {dag.py:3069} INFO - Creating ORM DAG for tutorial_dag
[2024-03-10T18:33:14.770+0000] {logging_mixin.py:188} INFO - [2024-03-10T18:33:14.770+0000] {dag.py:3834} INFO - Setting next_dagrun for tutorial_dag to None, run_after=None
[2024-03-10T18:33:14.783+0000] {processor.py:183} INFO - Processing /home/airflow/.local/lib/python3.8/site-packages/airflow/example_dags/tutorial_dag.py took 0.184 seconds
[2024-03-10T18:33:55.245+0000] {processor.py:161} INFO - Started process (PID=614) to work on /home/airflow/.local/lib/python3.8/site-packages/airflow/example_dags/tutorial_dag.py
[2024-03-10T18:33:55.249+0000] {processor.py:830} INFO - Processing file /home/airflow/.local/lib/python3.8/site-packages/airflow/example_dags/tutorial_dag.py for tasks to queue
[2024-03-10T18:33:55.252+0000] {logging_mixin.py:188} INFO - [2024-03-10T18:33:55.252+0000] {dagbag.py:540} INFO - Filling up the DagBag from /home/airflow/.local/lib/python3.8/site-packages/airflow/example_dags/tutorial_dag.py
[2024-03-10T18:33:55.279+0000] {processor.py:840} INFO - DAG(s) 'tutorial_dag' retrieved from /home/airflow/.local/lib/python3.8/site-packages/airflow/example_dags/tutorial_dag.py
[2024-03-10T18:33:55.340+0000] {logging_mixin.py:188} INFO - [2024-03-10T18:33:55.340+0000] {dag.py:3047} INFO - Sync 1 DAGs
[2024-03-10T18:33:55.359+0000] {logging_mixin.py:188} INFO - [2024-03-10T18:33:55.359+0000] {dag.py:3834} INFO - Setting next_dagrun for tutorial_dag to None, run_after=None
[2024-03-10T18:33:55.399+0000] {processor.py:183} INFO - Processing /home/airflow/.local/lib/python3.8/site-packages/airflow/example_dags/tutorial_dag.py took 0.164 seconds
[2024-03-10T18:34:26.235+0000] {processor.py:161} INFO - Started process (PID=862) to work on /home/airflow/.local/lib/python3.8/site-packages/airflow/example_dags/tutorial_dag.py
[2024-03-10T18:34:26.242+0000] {processor.py:830} INFO - Processing file /home/airflow/.local/lib/python3.8/site-packages/airflow/example_dags/tutorial_dag.py for tasks to queue
[2024-03-10T18:34:26.247+0000] {logging_mixin.py:188} INFO - [2024-03-10T18:34:26.247+0000] {dagbag.py:540} INFO - Filling up the DagBag from /home/airflow/.local/lib/python3.8/site-packages/airflow/example_dags/tutorial_dag.py
[2024-03-10T18:34:26.262+0000] {processor.py:840} INFO - DAG(s) 'tutorial_dag' retrieved from /home/airflow/.local/lib/python3.8/site-packages/airflow/example_dags/tutorial_dag.py
[2024-03-10T18:34:26.295+0000] {logging_mixin.py:188} INFO - [2024-03-10T18:34:26.295+0000] {dag.py:3047} INFO - Sync 1 DAGs
[2024-03-10T18:34:26.317+0000] {logging_mixin.py:188} INFO - [2024-03-10T18:34:26.317+0000] {dag.py:3834} INFO - Setting next_dagrun for tutorial_dag to None, run_after=None
[2024-03-10T18:34:26.352+0000] {processor.py:183} INFO - Processing /home/airflow/.local/lib/python3.8/site-packages/airflow/example_dags/tutorial_dag.py took 0.121 seconds
[2024-03-10T18:34:58.691+0000] {processor.py:161} INFO - Started process (PID=1109) to work on /home/airflow/.local/lib/python3.8/site-packages/airflow/example_dags/tutorial_dag.py
[2024-03-10T18:34:58.697+0000] {processor.py:830} INFO - Processing file /home/airflow/.local/lib/python3.8/site-packages/airflow/example_dags/tutorial_dag.py for tasks to queue
[2024-03-10T18:34:58.708+0000] {logging_mixin.py:188} INFO - [2024-03-10T18:34:58.706+0000] {dagbag.py:540} INFO - Filling up the DagBag from /home/airflow/.local/lib/python3.8/site-packages/airflow/example_dags/tutorial_dag.py
[2024-03-10T18:34:58.728+0000] {processor.py:840} INFO - DAG(s) 'tutorial_dag' retrieved from /home/airflow/.local/lib/python3.8/site-packages/airflow/example_dags/tutorial_dag.py
[2024-03-10T18:34:58.864+0000] {logging_mixin.py:188} INFO - [2024-03-10T18:34:58.864+0000] {dag.py:3047} INFO - Sync 1 DAGs
[2024-03-10T18:34:58.904+0000] {logging_mixin.py:188} INFO - [2024-03-10T18:34:58.904+0000] {dag.py:3834} INFO - Setting next_dagrun for tutorial_dag to None, run_after=None
[2024-03-10T18:34:58.947+0000] {processor.py:183} INFO - Processing /home/airflow/.local/lib/python3.8/site-packages/airflow/example_dags/tutorial_dag.py took 0.271 seconds
[2024-03-10T18:35:29.934+0000] {processor.py:161} INFO - Started process (PID=1356) to work on /home/airflow/.local/lib/python3.8/site-packages/airflow/example_dags/tutorial_dag.py
[2024-03-10T18:35:29.944+0000] {processor.py:830} INFO - Processing file /home/airflow/.local/lib/python3.8/site-packages/airflow/example_dags/tutorial_dag.py for tasks to queue
[2024-03-10T18:35:29.952+0000] {logging_mixin.py:188} INFO - [2024-03-10T18:35:29.951+0000] {dagbag.py:540} INFO - Filling up the DagBag from /home/airflow/.local/lib/python3.8/site-packages/airflow/example_dags/tutorial_dag.py
[2024-03-10T18:35:29.964+0000] {processor.py:840} INFO - DAG(s) 'tutorial_dag' retrieved from /home/airflow/.local/lib/python3.8/site-packages/airflow/example_dags/tutorial_dag.py
[2024-03-10T18:35:30.014+0000] {logging_mixin.py:188} INFO - [2024-03-10T18:35:30.013+0000] {dag.py:3047} INFO - Sync 1 DAGs
[2024-03-10T18:35:30.651+0000] {logging_mixin.py:188} INFO - [2024-03-10T18:35:30.649+0000] {dag.py:3834} INFO - Setting next_dagrun for tutorial_dag to None, run_after=None
[2024-03-10T18:35:30.880+0000] {processor.py:183} INFO - Processing /home/airflow/.local/lib/python3.8/site-packages/airflow/example_dags/tutorial_dag.py took 0.952 seconds
[2024-03-10T18:36:02.894+0000] {processor.py:161} INFO - Started process (PID=1603) to work on /home/airflow/.local/lib/python3.8/site-packages/airflow/example_dags/tutorial_dag.py
[2024-03-10T18:36:02.908+0000] {processor.py:830} INFO - Processing file /home/airflow/.local/lib/python3.8/site-packages/airflow/example_dags/tutorial_dag.py for tasks to queue
[2024-03-10T18:36:02.915+0000] {logging_mixin.py:188} INFO - [2024-03-10T18:36:02.913+0000] {dagbag.py:540} INFO - Filling up the DagBag from /home/airflow/.local/lib/python3.8/site-packages/airflow/example_dags/tutorial_dag.py
[2024-03-10T18:36:02.989+0000] {processor.py:840} INFO - DAG(s) 'tutorial_dag' retrieved from /home/airflow/.local/lib/python3.8/site-packages/airflow/example_dags/tutorial_dag.py
[2024-03-10T18:36:03.138+0000] {logging_mixin.py:188} INFO - [2024-03-10T18:36:03.137+0000] {dag.py:3047} INFO - Sync 1 DAGs
[2024-03-10T18:36:03.204+0000] {logging_mixin.py:188} INFO - [2024-03-10T18:36:03.203+0000] {dag.py:3834} INFO - Setting next_dagrun for tutorial_dag to None, run_after=None
[2024-03-10T18:36:03.415+0000] {processor.py:183} INFO - Processing /home/airflow/.local/lib/python3.8/site-packages/airflow/example_dags/tutorial_dag.py took 0.570 seconds
[2024-03-10T18:36:37.318+0000] {processor.py:161} INFO - Started process (PID=1852) to work on /home/airflow/.local/lib/python3.8/site-packages/airflow/example_dags/tutorial_dag.py
[2024-03-10T18:36:37.330+0000] {processor.py:830} INFO - Processing file /home/airflow/.local/lib/python3.8/site-packages/airflow/example_dags/tutorial_dag.py for tasks to queue
[2024-03-10T18:36:37.337+0000] {logging_mixin.py:188} INFO - [2024-03-10T18:36:37.337+0000] {dagbag.py:540} INFO - Filling up the DagBag from /home/airflow/.local/lib/python3.8/site-packages/airflow/example_dags/tutorial_dag.py
[2024-03-10T18:36:37.365+0000] {processor.py:840} INFO - DAG(s) 'tutorial_dag' retrieved from /home/airflow/.local/lib/python3.8/site-packages/airflow/example_dags/tutorial_dag.py
[2024-03-10T18:36:37.505+0000] {logging_mixin.py:188} INFO - [2024-03-10T18:36:37.504+0000] {dag.py:3047} INFO - Sync 1 DAGs
[2024-03-10T18:36:37.556+0000] {logging_mixin.py:188} INFO - [2024-03-10T18:36:37.555+0000] {dag.py:3834} INFO - Setting next_dagrun for tutorial_dag to None, run_after=None
[2024-03-10T18:36:37.597+0000] {processor.py:183} INFO - Processing /home/airflow/.local/lib/python3.8/site-packages/airflow/example_dags/tutorial_dag.py took 0.300 seconds
[2024-03-10T18:37:11.096+0000] {processor.py:161} INFO - Started process (PID=2109) to work on /home/airflow/.local/lib/python3.8/site-packages/airflow/example_dags/tutorial_dag.py
[2024-03-10T18:37:11.103+0000] {processor.py:830} INFO - Processing file /home/airflow/.local/lib/python3.8/site-packages/airflow/example_dags/tutorial_dag.py for tasks to queue
[2024-03-10T18:37:11.105+0000] {logging_mixin.py:188} INFO - [2024-03-10T18:37:11.105+0000] {dagbag.py:540} INFO - Filling up the DagBag from /home/airflow/.local/lib/python3.8/site-packages/airflow/example_dags/tutorial_dag.py
[2024-03-10T18:37:11.130+0000] {processor.py:840} INFO - DAG(s) 'tutorial_dag' retrieved from /home/airflow/.local/lib/python3.8/site-packages/airflow/example_dags/tutorial_dag.py
[2024-03-10T18:37:11.207+0000] {logging_mixin.py:188} INFO - [2024-03-10T18:37:11.206+0000] {dag.py:3047} INFO - Sync 1 DAGs
[2024-03-10T18:37:11.224+0000] {logging_mixin.py:188} INFO - [2024-03-10T18:37:11.224+0000] {dag.py:3834} INFO - Setting next_dagrun for tutorial_dag to None, run_after=None
[2024-03-10T18:37:11.273+0000] {processor.py:183} INFO - Processing /home/airflow/.local/lib/python3.8/site-packages/airflow/example_dags/tutorial_dag.py took 0.183 seconds
[2024-03-10T18:37:42.724+0000] {processor.py:161} INFO - Started process (PID=2354) to work on /home/airflow/.local/lib/python3.8/site-packages/airflow/example_dags/tutorial_dag.py
[2024-03-10T18:37:42.727+0000] {processor.py:830} INFO - Processing file /home/airflow/.local/lib/python3.8/site-packages/airflow/example_dags/tutorial_dag.py for tasks to queue
[2024-03-10T18:37:42.731+0000] {logging_mixin.py:188} INFO - [2024-03-10T18:37:42.730+0000] {dagbag.py:540} INFO - Filling up the DagBag from /home/airflow/.local/lib/python3.8/site-packages/airflow/example_dags/tutorial_dag.py
[2024-03-10T18:37:42.747+0000] {processor.py:840} INFO - DAG(s) 'tutorial_dag' retrieved from /home/airflow/.local/lib/python3.8/site-packages/airflow/example_dags/tutorial_dag.py
[2024-03-10T18:37:42.790+0000] {logging_mixin.py:188} INFO - [2024-03-10T18:37:42.790+0000] {dag.py:3047} INFO - Sync 1 DAGs
[2024-03-10T18:37:42.980+0000] {logging_mixin.py:188} INFO - [2024-03-10T18:37:42.980+0000] {dag.py:3834} INFO - Setting next_dagrun for tutorial_dag to None, run_after=None
[2024-03-10T18:37:43.098+0000] {processor.py:183} INFO - Processing /home/airflow/.local/lib/python3.8/site-packages/airflow/example_dags/tutorial_dag.py took 0.383 seconds
[2024-03-10T18:38:14.805+0000] {processor.py:161} INFO - Started process (PID=2596) to work on /home/airflow/.local/lib/python3.8/site-packages/airflow/example_dags/tutorial_dag.py
[2024-03-10T18:38:14.810+0000] {processor.py:830} INFO - Processing file /home/airflow/.local/lib/python3.8/site-packages/airflow/example_dags/tutorial_dag.py for tasks to queue
[2024-03-10T18:38:14.814+0000] {logging_mixin.py:188} INFO - [2024-03-10T18:38:14.813+0000] {dagbag.py:540} INFO - Filling up the DagBag from /home/airflow/.local/lib/python3.8/site-packages/airflow/example_dags/tutorial_dag.py
[2024-03-10T18:38:14.830+0000] {processor.py:840} INFO - DAG(s) 'tutorial_dag' retrieved from /home/airflow/.local/lib/python3.8/site-packages/airflow/example_dags/tutorial_dag.py
[2024-03-10T18:38:14.900+0000] {logging_mixin.py:188} INFO - [2024-03-10T18:38:14.900+0000] {dag.py:3047} INFO - Sync 1 DAGs
[2024-03-10T18:38:14.981+0000] {logging_mixin.py:188} INFO - [2024-03-10T18:38:14.980+0000] {dag.py:3834} INFO - Setting next_dagrun for tutorial_dag to None, run_after=None
[2024-03-10T18:38:15.429+0000] {processor.py:183} INFO - Processing /home/airflow/.local/lib/python3.8/site-packages/airflow/example_dags/tutorial_dag.py took 0.633 seconds
[2024-03-10T18:38:50.159+0000] {processor.py:161} INFO - Started process (PID=2848) to work on /home/airflow/.local/lib/python3.8/site-packages/airflow/example_dags/tutorial_dag.py
[2024-03-10T18:38:50.169+0000] {processor.py:830} INFO - Processing file /home/airflow/.local/lib/python3.8/site-packages/airflow/example_dags/tutorial_dag.py for tasks to queue
[2024-03-10T18:38:50.177+0000] {logging_mixin.py:188} INFO - [2024-03-10T18:38:50.175+0000] {dagbag.py:540} INFO - Filling up the DagBag from /home/airflow/.local/lib/python3.8/site-packages/airflow/example_dags/tutorial_dag.py
[2024-03-10T18:38:50.214+0000] {processor.py:840} INFO - DAG(s) 'tutorial_dag' retrieved from /home/airflow/.local/lib/python3.8/site-packages/airflow/example_dags/tutorial_dag.py
[2024-03-10T18:38:50.296+0000] {logging_mixin.py:188} INFO - [2024-03-10T18:38:50.296+0000] {dag.py:3047} INFO - Sync 1 DAGs
[2024-03-10T18:38:50.365+0000] {logging_mixin.py:188} INFO - [2024-03-10T18:38:50.365+0000] {dag.py:3834} INFO - Setting next_dagrun for tutorial_dag to None, run_after=None
[2024-03-10T18:38:50.432+0000] {processor.py:183} INFO - Processing /home/airflow/.local/lib/python3.8/site-packages/airflow/example_dags/tutorial_dag.py took 0.295 seconds
[2024-03-10T18:39:22.861+0000] {processor.py:161} INFO - Started process (PID=3102) to work on /home/airflow/.local/lib/python3.8/site-packages/airflow/example_dags/tutorial_dag.py
[2024-03-10T18:39:22.874+0000] {processor.py:830} INFO - Processing file /home/airflow/.local/lib/python3.8/site-packages/airflow/example_dags/tutorial_dag.py for tasks to queue
[2024-03-10T18:39:22.881+0000] {logging_mixin.py:188} INFO - [2024-03-10T18:39:22.879+0000] {dagbag.py:540} INFO - Filling up the DagBag from /home/airflow/.local/lib/python3.8/site-packages/airflow/example_dags/tutorial_dag.py
[2024-03-10T18:39:22.949+0000] {processor.py:840} INFO - DAG(s) 'tutorial_dag' retrieved from /home/airflow/.local/lib/python3.8/site-packages/airflow/example_dags/tutorial_dag.py
[2024-03-10T18:39:23.122+0000] {logging_mixin.py:188} INFO - [2024-03-10T18:39:23.121+0000] {dag.py:3047} INFO - Sync 1 DAGs
[2024-03-10T18:39:23.224+0000] {logging_mixin.py:188} INFO - [2024-03-10T18:39:23.222+0000] {dag.py:3834} INFO - Setting next_dagrun for tutorial_dag to None, run_after=None
[2024-03-10T18:39:23.533+0000] {processor.py:183} INFO - Processing /home/airflow/.local/lib/python3.8/site-packages/airflow/example_dags/tutorial_dag.py took 0.703 seconds
[2024-03-10T18:39:54.814+0000] {processor.py:161} INFO - Started process (PID=3352) to work on /home/airflow/.local/lib/python3.8/site-packages/airflow/example_dags/tutorial_dag.py
[2024-03-10T18:39:54.819+0000] {processor.py:830} INFO - Processing file /home/airflow/.local/lib/python3.8/site-packages/airflow/example_dags/tutorial_dag.py for tasks to queue
[2024-03-10T18:39:54.824+0000] {logging_mixin.py:188} INFO - [2024-03-10T18:39:54.823+0000] {dagbag.py:540} INFO - Filling up the DagBag from /home/airflow/.local/lib/python3.8/site-packages/airflow/example_dags/tutorial_dag.py
[2024-03-10T18:39:54.850+0000] {processor.py:840} INFO - DAG(s) 'tutorial_dag' retrieved from /home/airflow/.local/lib/python3.8/site-packages/airflow/example_dags/tutorial_dag.py
[2024-03-10T18:39:54.951+0000] {logging_mixin.py:188} INFO - [2024-03-10T18:39:54.950+0000] {dag.py:3047} INFO - Sync 1 DAGs
[2024-03-10T18:39:54.989+0000] {logging_mixin.py:188} INFO - [2024-03-10T18:39:54.989+0000] {dag.py:3834} INFO - Setting next_dagrun for tutorial_dag to None, run_after=None
[2024-03-10T18:39:55.021+0000] {processor.py:183} INFO - Processing /home/airflow/.local/lib/python3.8/site-packages/airflow/example_dags/tutorial_dag.py took 0.238 seconds
[2024-03-10T18:40:26.444+0000] {processor.py:161} INFO - Started process (PID=3604) to work on /home/airflow/.local/lib/python3.8/site-packages/airflow/example_dags/tutorial_dag.py
[2024-03-10T18:40:26.467+0000] {processor.py:830} INFO - Processing file /home/airflow/.local/lib/python3.8/site-packages/airflow/example_dags/tutorial_dag.py for tasks to queue
[2024-03-10T18:40:26.494+0000] {logging_mixin.py:188} INFO - [2024-03-10T18:40:26.485+0000] {dagbag.py:540} INFO - Filling up the DagBag from /home/airflow/.local/lib/python3.8/site-packages/airflow/example_dags/tutorial_dag.py
[2024-03-10T18:40:26.602+0000] {processor.py:840} INFO - DAG(s) 'tutorial_dag' retrieved from /home/airflow/.local/lib/python3.8/site-packages/airflow/example_dags/tutorial_dag.py
[2024-03-10T18:40:26.833+0000] {logging_mixin.py:188} INFO - [2024-03-10T18:40:26.831+0000] {dag.py:3047} INFO - Sync 1 DAGs
[2024-03-10T18:40:26.905+0000] {logging_mixin.py:188} INFO - [2024-03-10T18:40:26.904+0000] {dag.py:3834} INFO - Setting next_dagrun for tutorial_dag to None, run_after=None
[2024-03-10T18:40:26.971+0000] {processor.py:183} INFO - Processing /home/airflow/.local/lib/python3.8/site-packages/airflow/example_dags/tutorial_dag.py took 0.601 seconds
[2024-03-10T18:40:57.504+0000] {processor.py:161} INFO - Started process (PID=3858) to work on /home/airflow/.local/lib/python3.8/site-packages/airflow/example_dags/tutorial_dag.py
[2024-03-10T18:40:57.511+0000] {processor.py:830} INFO - Processing file /home/airflow/.local/lib/python3.8/site-packages/airflow/example_dags/tutorial_dag.py for tasks to queue
[2024-03-10T18:40:57.516+0000] {logging_mixin.py:188} INFO - [2024-03-10T18:40:57.515+0000] {dagbag.py:540} INFO - Filling up the DagBag from /home/airflow/.local/lib/python3.8/site-packages/airflow/example_dags/tutorial_dag.py
[2024-03-10T18:40:57.571+0000] {processor.py:840} INFO - DAG(s) 'tutorial_dag' retrieved from /home/airflow/.local/lib/python3.8/site-packages/airflow/example_dags/tutorial_dag.py
[2024-03-10T18:40:57.672+0000] {logging_mixin.py:188} INFO - [2024-03-10T18:40:57.671+0000] {dag.py:3047} INFO - Sync 1 DAGs
[2024-03-10T18:40:58.096+0000] {logging_mixin.py:188} INFO - [2024-03-10T18:40:58.094+0000] {dag.py:3834} INFO - Setting next_dagrun for tutorial_dag to None, run_after=None
[2024-03-10T18:40:58.262+0000] {processor.py:183} INFO - Processing /home/airflow/.local/lib/python3.8/site-packages/airflow/example_dags/tutorial_dag.py took 0.776 seconds
[2024-03-10T18:41:28.675+0000] {processor.py:161} INFO - Started process (PID=4107) to work on /home/airflow/.local/lib/python3.8/site-packages/airflow/example_dags/tutorial_dag.py
[2024-03-10T18:41:28.679+0000] {processor.py:830} INFO - Processing file /home/airflow/.local/lib/python3.8/site-packages/airflow/example_dags/tutorial_dag.py for tasks to queue
[2024-03-10T18:41:28.683+0000] {logging_mixin.py:188} INFO - [2024-03-10T18:41:28.682+0000] {dagbag.py:540} INFO - Filling up the DagBag from /home/airflow/.local/lib/python3.8/site-packages/airflow/example_dags/tutorial_dag.py
[2024-03-10T18:41:28.712+0000] {processor.py:840} INFO - DAG(s) 'tutorial_dag' retrieved from /home/airflow/.local/lib/python3.8/site-packages/airflow/example_dags/tutorial_dag.py
[2024-03-10T18:41:28.980+0000] {logging_mixin.py:188} INFO - [2024-03-10T18:41:28.980+0000] {dag.py:3047} INFO - Sync 1 DAGs
[2024-03-10T18:41:29.101+0000] {logging_mixin.py:188} INFO - [2024-03-10T18:41:29.099+0000] {dag.py:3834} INFO - Setting next_dagrun for tutorial_dag to None, run_after=None
[2024-03-10T18:41:29.198+0000] {processor.py:183} INFO - Processing /home/airflow/.local/lib/python3.8/site-packages/airflow/example_dags/tutorial_dag.py took 0.533 seconds
[2024-03-10T18:41:59.658+0000] {processor.py:161} INFO - Started process (PID=4354) to work on /home/airflow/.local/lib/python3.8/site-packages/airflow/example_dags/tutorial_dag.py
[2024-03-10T18:41:59.665+0000] {processor.py:830} INFO - Processing file /home/airflow/.local/lib/python3.8/site-packages/airflow/example_dags/tutorial_dag.py for tasks to queue
[2024-03-10T18:41:59.669+0000] {logging_mixin.py:188} INFO - [2024-03-10T18:41:59.668+0000] {dagbag.py:540} INFO - Filling up the DagBag from /home/airflow/.local/lib/python3.8/site-packages/airflow/example_dags/tutorial_dag.py
[2024-03-10T18:41:59.696+0000] {processor.py:840} INFO - DAG(s) 'tutorial_dag' retrieved from /home/airflow/.local/lib/python3.8/site-packages/airflow/example_dags/tutorial_dag.py
[2024-03-10T18:41:59.810+0000] {logging_mixin.py:188} INFO - [2024-03-10T18:41:59.810+0000] {dag.py:3047} INFO - Sync 1 DAGs
[2024-03-10T18:41:59.871+0000] {logging_mixin.py:188} INFO - [2024-03-10T18:41:59.870+0000] {dag.py:3834} INFO - Setting next_dagrun for tutorial_dag to None, run_after=None
[2024-03-10T18:41:59.946+0000] {processor.py:183} INFO - Processing /home/airflow/.local/lib/python3.8/site-packages/airflow/example_dags/tutorial_dag.py took 0.319 seconds
[2024-03-10T18:42:59.557+0000] {processor.py:161} INFO - Started process (PID=4619) to work on /home/airflow/.local/lib/python3.8/site-packages/airflow/example_dags/tutorial_dag.py
[2024-03-10T18:42:59.640+0000] {processor.py:830} INFO - Processing file /home/airflow/.local/lib/python3.8/site-packages/airflow/example_dags/tutorial_dag.py for tasks to queue
[2024-03-10T18:42:59.653+0000] {logging_mixin.py:188} INFO - [2024-03-10T18:42:59.651+0000] {dagbag.py:540} INFO - Filling up the DagBag from /home/airflow/.local/lib/python3.8/site-packages/airflow/example_dags/tutorial_dag.py
[2024-03-10T18:42:59.792+0000] {processor.py:840} INFO - DAG(s) 'tutorial_dag' retrieved from /home/airflow/.local/lib/python3.8/site-packages/airflow/example_dags/tutorial_dag.py
[2024-03-10T18:43:00.031+0000] {logging_mixin.py:188} INFO - [2024-03-10T18:43:00.026+0000] {dag.py:3047} INFO - Sync 1 DAGs
[2024-03-10T18:43:00.212+0000] {logging_mixin.py:188} INFO - [2024-03-10T18:43:00.209+0000] {dag.py:3834} INFO - Setting next_dagrun for tutorial_dag to None, run_after=None
[2024-03-10T18:43:00.400+0000] {processor.py:183} INFO - Processing /home/airflow/.local/lib/python3.8/site-packages/airflow/example_dags/tutorial_dag.py took 0.869 seconds
[2024-03-10T18:47:15.915+0000] {processor.py:161} INFO - Started process (PID=5000) to work on /home/airflow/.local/lib/python3.8/site-packages/airflow/example_dags/tutorial_dag.py
[2024-03-10T18:47:16.755+0000] {processor.py:830} INFO - Processing file /home/airflow/.local/lib/python3.8/site-packages/airflow/example_dags/tutorial_dag.py for tasks to queue
[2024-03-10T18:47:17.782+0000] {logging_mixin.py:188} INFO - [2024-03-10T18:47:17.543+0000] {dagbag.py:540} INFO - Filling up the DagBag from /home/airflow/.local/lib/python3.8/site-packages/airflow/example_dags/tutorial_dag.py
[2024-03-10T18:47:19.606+0000] {processor.py:840} INFO - DAG(s) 'tutorial_dag' retrieved from /home/airflow/.local/lib/python3.8/site-packages/airflow/example_dags/tutorial_dag.py
[2024-03-10T18:47:24.729+0000] {logging_mixin.py:188} INFO - [2024-03-10T18:47:24.606+0000] {dag.py:3047} INFO - Sync 1 DAGs
[2024-03-10T18:47:27.357+0000] {logging_mixin.py:188} INFO - [2024-03-10T18:47:27.349+0000] {dag.py:3834} INFO - Setting next_dagrun for tutorial_dag to None, run_after=None
[2024-03-10T18:47:29.145+0000] {processor.py:183} INFO - Processing /home/airflow/.local/lib/python3.8/site-packages/airflow/example_dags/tutorial_dag.py took 15.424 seconds
