[2024-03-12T11:50:03.096+0000] {processor.py:161} INFO - Started process (PID=166) to work on /home/airflow/.local/lib/python3.8/site-packages/airflow/example_dags/example_branch_labels.py
[2024-03-12T11:50:03.099+0000] {processor.py:830} INFO - Processing file /home/airflow/.local/lib/python3.8/site-packages/airflow/example_dags/example_branch_labels.py for tasks to queue
[2024-03-12T11:50:03.101+0000] {logging_mixin.py:188} INFO - [2024-03-12T11:50:03.100+0000] {dagbag.py:540} INFO - Filling up the DagBag from /home/airflow/.local/lib/python3.8/site-packages/airflow/example_dags/example_branch_labels.py
[2024-03-12T11:50:03.151+0000] {processor.py:840} INFO - DAG(s) 'example_branch_labels' retrieved from /home/airflow/.local/lib/python3.8/site-packages/airflow/example_dags/example_branch_labels.py
[2024-03-12T11:50:03.280+0000] {logging_mixin.py:188} INFO - [2024-03-12T11:50:03.280+0000] {dag.py:3047} INFO - Sync 1 DAGs
[2024-03-12T11:50:03.332+0000] {logging_mixin.py:188} INFO - [2024-03-12T11:50:03.331+0000] {dag.py:3834} INFO - Setting next_dagrun for example_branch_labels to 2024-03-11 00:00:00+00:00, run_after=2024-03-12 00:00:00+00:00
[2024-03-12T11:50:03.349+0000] {processor.py:183} INFO - Processing /home/airflow/.local/lib/python3.8/site-packages/airflow/example_dags/example_branch_labels.py took 0.259 seconds
[2024-03-12T11:50:34.158+0000] {processor.py:161} INFO - Started process (PID=413) to work on /home/airflow/.local/lib/python3.8/site-packages/airflow/example_dags/example_branch_labels.py
[2024-03-12T11:50:34.160+0000] {processor.py:830} INFO - Processing file /home/airflow/.local/lib/python3.8/site-packages/airflow/example_dags/example_branch_labels.py for tasks to queue
[2024-03-12T11:50:34.162+0000] {logging_mixin.py:188} INFO - [2024-03-12T11:50:34.162+0000] {dagbag.py:540} INFO - Filling up the DagBag from /home/airflow/.local/lib/python3.8/site-packages/airflow/example_dags/example_branch_labels.py
[2024-03-12T11:50:34.175+0000] {processor.py:840} INFO - DAG(s) 'example_branch_labels' retrieved from /home/airflow/.local/lib/python3.8/site-packages/airflow/example_dags/example_branch_labels.py
[2024-03-12T11:50:34.209+0000] {logging_mixin.py:188} INFO - [2024-03-12T11:50:34.209+0000] {dag.py:3047} INFO - Sync 1 DAGs
[2024-03-12T11:50:34.238+0000] {logging_mixin.py:188} INFO - [2024-03-12T11:50:34.237+0000] {dag.py:3834} INFO - Setting next_dagrun for example_branch_labels to 2024-03-11 00:00:00+00:00, run_after=2024-03-12 00:00:00+00:00
[2024-03-12T11:50:34.252+0000] {processor.py:183} INFO - Processing /home/airflow/.local/lib/python3.8/site-packages/airflow/example_dags/example_branch_labels.py took 0.104 seconds
[2024-03-12T11:51:04.732+0000] {processor.py:161} INFO - Started process (PID=660) to work on /home/airflow/.local/lib/python3.8/site-packages/airflow/example_dags/example_branch_labels.py
[2024-03-12T11:51:04.735+0000] {processor.py:830} INFO - Processing file /home/airflow/.local/lib/python3.8/site-packages/airflow/example_dags/example_branch_labels.py for tasks to queue
[2024-03-12T11:51:04.736+0000] {logging_mixin.py:188} INFO - [2024-03-12T11:51:04.736+0000] {dagbag.py:540} INFO - Filling up the DagBag from /home/airflow/.local/lib/python3.8/site-packages/airflow/example_dags/example_branch_labels.py
[2024-03-12T11:51:04.767+0000] {processor.py:840} INFO - DAG(s) 'example_branch_labels' retrieved from /home/airflow/.local/lib/python3.8/site-packages/airflow/example_dags/example_branch_labels.py
[2024-03-12T11:51:04.801+0000] {logging_mixin.py:188} INFO - [2024-03-12T11:51:04.801+0000] {dag.py:3047} INFO - Sync 1 DAGs
[2024-03-12T11:51:04.826+0000] {logging_mixin.py:188} INFO - [2024-03-12T11:51:04.825+0000] {dag.py:3834} INFO - Setting next_dagrun for example_branch_labels to 2024-03-11 00:00:00+00:00, run_after=2024-03-12 00:00:00+00:00
[2024-03-12T11:51:04.840+0000] {processor.py:183} INFO - Processing /home/airflow/.local/lib/python3.8/site-packages/airflow/example_dags/example_branch_labels.py took 0.116 seconds
[2024-03-12T11:51:35.292+0000] {processor.py:161} INFO - Started process (PID=907) to work on /home/airflow/.local/lib/python3.8/site-packages/airflow/example_dags/example_branch_labels.py
[2024-03-12T11:51:35.295+0000] {processor.py:830} INFO - Processing file /home/airflow/.local/lib/python3.8/site-packages/airflow/example_dags/example_branch_labels.py for tasks to queue
[2024-03-12T11:51:35.298+0000] {logging_mixin.py:188} INFO - [2024-03-12T11:51:35.297+0000] {dagbag.py:540} INFO - Filling up the DagBag from /home/airflow/.local/lib/python3.8/site-packages/airflow/example_dags/example_branch_labels.py
[2024-03-12T11:51:35.310+0000] {processor.py:840} INFO - DAG(s) 'example_branch_labels' retrieved from /home/airflow/.local/lib/python3.8/site-packages/airflow/example_dags/example_branch_labels.py
[2024-03-12T11:51:35.335+0000] {logging_mixin.py:188} INFO - [2024-03-12T11:51:35.335+0000] {dag.py:3047} INFO - Sync 1 DAGs
[2024-03-12T11:51:35.352+0000] {logging_mixin.py:188} INFO - [2024-03-12T11:51:35.351+0000] {dag.py:3834} INFO - Setting next_dagrun for example_branch_labels to 2024-03-11 00:00:00+00:00, run_after=2024-03-12 00:00:00+00:00
[2024-03-12T11:51:35.362+0000] {processor.py:183} INFO - Processing /home/airflow/.local/lib/python3.8/site-packages/airflow/example_dags/example_branch_labels.py took 0.081 seconds
[2024-03-12T11:52:05.626+0000] {processor.py:161} INFO - Started process (PID=1154) to work on /home/airflow/.local/lib/python3.8/site-packages/airflow/example_dags/example_branch_labels.py
[2024-03-12T11:52:05.631+0000] {processor.py:830} INFO - Processing file /home/airflow/.local/lib/python3.8/site-packages/airflow/example_dags/example_branch_labels.py for tasks to queue
[2024-03-12T11:52:05.634+0000] {logging_mixin.py:188} INFO - [2024-03-12T11:52:05.633+0000] {dagbag.py:540} INFO - Filling up the DagBag from /home/airflow/.local/lib/python3.8/site-packages/airflow/example_dags/example_branch_labels.py
[2024-03-12T11:52:05.655+0000] {processor.py:840} INFO - DAG(s) 'example_branch_labels' retrieved from /home/airflow/.local/lib/python3.8/site-packages/airflow/example_dags/example_branch_labels.py
[2024-03-12T11:52:05.688+0000] {logging_mixin.py:188} INFO - [2024-03-12T11:52:05.688+0000] {dag.py:3047} INFO - Sync 1 DAGs
[2024-03-12T11:52:05.709+0000] {logging_mixin.py:188} INFO - [2024-03-12T11:52:05.709+0000] {dag.py:3834} INFO - Setting next_dagrun for example_branch_labels to 2024-03-11 00:00:00+00:00, run_after=2024-03-12 00:00:00+00:00
[2024-03-12T11:52:05.722+0000] {processor.py:183} INFO - Processing /home/airflow/.local/lib/python3.8/site-packages/airflow/example_dags/example_branch_labels.py took 0.105 seconds
[2024-03-12T11:52:36.546+0000] {processor.py:161} INFO - Started process (PID=1401) to work on /home/airflow/.local/lib/python3.8/site-packages/airflow/example_dags/example_branch_labels.py
[2024-03-12T11:52:36.556+0000] {processor.py:830} INFO - Processing file /home/airflow/.local/lib/python3.8/site-packages/airflow/example_dags/example_branch_labels.py for tasks to queue
[2024-03-12T11:52:36.560+0000] {logging_mixin.py:188} INFO - [2024-03-12T11:52:36.559+0000] {dagbag.py:540} INFO - Filling up the DagBag from /home/airflow/.local/lib/python3.8/site-packages/airflow/example_dags/example_branch_labels.py
[2024-03-12T11:52:36.581+0000] {processor.py:840} INFO - DAG(s) 'example_branch_labels' retrieved from /home/airflow/.local/lib/python3.8/site-packages/airflow/example_dags/example_branch_labels.py
[2024-03-12T11:52:36.658+0000] {logging_mixin.py:188} INFO - [2024-03-12T11:52:36.658+0000] {dag.py:3047} INFO - Sync 1 DAGs
[2024-03-12T11:52:36.681+0000] {logging_mixin.py:188} INFO - [2024-03-12T11:52:36.681+0000] {dag.py:3834} INFO - Setting next_dagrun for example_branch_labels to 2024-03-11 00:00:00+00:00, run_after=2024-03-12 00:00:00+00:00
[2024-03-12T11:52:36.694+0000] {processor.py:183} INFO - Processing /home/airflow/.local/lib/python3.8/site-packages/airflow/example_dags/example_branch_labels.py took 0.164 seconds
[2024-03-12T11:53:07.687+0000] {processor.py:161} INFO - Started process (PID=1648) to work on /home/airflow/.local/lib/python3.8/site-packages/airflow/example_dags/example_branch_labels.py
[2024-03-12T11:53:07.692+0000] {processor.py:830} INFO - Processing file /home/airflow/.local/lib/python3.8/site-packages/airflow/example_dags/example_branch_labels.py for tasks to queue
[2024-03-12T11:53:07.694+0000] {logging_mixin.py:188} INFO - [2024-03-12T11:53:07.693+0000] {dagbag.py:540} INFO - Filling up the DagBag from /home/airflow/.local/lib/python3.8/site-packages/airflow/example_dags/example_branch_labels.py
[2024-03-12T11:53:07.708+0000] {processor.py:840} INFO - DAG(s) 'example_branch_labels' retrieved from /home/airflow/.local/lib/python3.8/site-packages/airflow/example_dags/example_branch_labels.py
[2024-03-12T11:53:07.743+0000] {logging_mixin.py:188} INFO - [2024-03-12T11:53:07.743+0000] {dag.py:3047} INFO - Sync 1 DAGs
[2024-03-12T11:53:07.763+0000] {logging_mixin.py:188} INFO - [2024-03-12T11:53:07.763+0000] {dag.py:3834} INFO - Setting next_dagrun for example_branch_labels to 2024-03-11 00:00:00+00:00, run_after=2024-03-12 00:00:00+00:00
[2024-03-12T11:53:07.775+0000] {processor.py:183} INFO - Processing /home/airflow/.local/lib/python3.8/site-packages/airflow/example_dags/example_branch_labels.py took 0.104 seconds
[2024-03-12T11:53:38.474+0000] {processor.py:161} INFO - Started process (PID=1895) to work on /home/airflow/.local/lib/python3.8/site-packages/airflow/example_dags/example_branch_labels.py
[2024-03-12T11:53:38.483+0000] {processor.py:830} INFO - Processing file /home/airflow/.local/lib/python3.8/site-packages/airflow/example_dags/example_branch_labels.py for tasks to queue
[2024-03-12T11:53:38.487+0000] {logging_mixin.py:188} INFO - [2024-03-12T11:53:38.486+0000] {dagbag.py:540} INFO - Filling up the DagBag from /home/airflow/.local/lib/python3.8/site-packages/airflow/example_dags/example_branch_labels.py
[2024-03-12T11:53:38.504+0000] {processor.py:840} INFO - DAG(s) 'example_branch_labels' retrieved from /home/airflow/.local/lib/python3.8/site-packages/airflow/example_dags/example_branch_labels.py
[2024-03-12T11:53:38.535+0000] {logging_mixin.py:188} INFO - [2024-03-12T11:53:38.534+0000] {dag.py:3047} INFO - Sync 1 DAGs
[2024-03-12T11:53:38.569+0000] {logging_mixin.py:188} INFO - [2024-03-12T11:53:38.568+0000] {dag.py:3834} INFO - Setting next_dagrun for example_branch_labels to 2024-03-11 00:00:00+00:00, run_after=2024-03-12 00:00:00+00:00
[2024-03-12T11:53:38.581+0000] {processor.py:183} INFO - Processing /home/airflow/.local/lib/python3.8/site-packages/airflow/example_dags/example_branch_labels.py took 0.120 seconds
[2024-03-12T11:54:08.924+0000] {processor.py:161} INFO - Started process (PID=2142) to work on /home/airflow/.local/lib/python3.8/site-packages/airflow/example_dags/example_branch_labels.py
[2024-03-12T11:54:08.934+0000] {processor.py:830} INFO - Processing file /home/airflow/.local/lib/python3.8/site-packages/airflow/example_dags/example_branch_labels.py for tasks to queue
[2024-03-12T11:54:08.950+0000] {logging_mixin.py:188} INFO - [2024-03-12T11:54:08.947+0000] {dagbag.py:540} INFO - Filling up the DagBag from /home/airflow/.local/lib/python3.8/site-packages/airflow/example_dags/example_branch_labels.py
[2024-03-12T11:54:09.262+0000] {processor.py:840} INFO - DAG(s) 'example_branch_labels' retrieved from /home/airflow/.local/lib/python3.8/site-packages/airflow/example_dags/example_branch_labels.py
[2024-03-12T11:54:09.379+0000] {logging_mixin.py:188} INFO - [2024-03-12T11:54:09.379+0000] {dag.py:3047} INFO - Sync 1 DAGs
[2024-03-12T11:54:09.413+0000] {logging_mixin.py:188} INFO - [2024-03-12T11:54:09.413+0000] {dag.py:3834} INFO - Setting next_dagrun for example_branch_labels to 2024-03-11 00:00:00+00:00, run_after=2024-03-12 00:00:00+00:00
[2024-03-12T11:54:09.461+0000] {processor.py:183} INFO - Processing /home/airflow/.local/lib/python3.8/site-packages/airflow/example_dags/example_branch_labels.py took 0.550 seconds
[2024-03-12T11:54:39.836+0000] {processor.py:161} INFO - Started process (PID=2389) to work on /home/airflow/.local/lib/python3.8/site-packages/airflow/example_dags/example_branch_labels.py
[2024-03-12T11:54:39.841+0000] {processor.py:830} INFO - Processing file /home/airflow/.local/lib/python3.8/site-packages/airflow/example_dags/example_branch_labels.py for tasks to queue
[2024-03-12T11:54:39.844+0000] {logging_mixin.py:188} INFO - [2024-03-12T11:54:39.844+0000] {dagbag.py:540} INFO - Filling up the DagBag from /home/airflow/.local/lib/python3.8/site-packages/airflow/example_dags/example_branch_labels.py
[2024-03-12T11:54:39.856+0000] {processor.py:840} INFO - DAG(s) 'example_branch_labels' retrieved from /home/airflow/.local/lib/python3.8/site-packages/airflow/example_dags/example_branch_labels.py
[2024-03-12T11:54:39.886+0000] {logging_mixin.py:188} INFO - [2024-03-12T11:54:39.886+0000] {dag.py:3047} INFO - Sync 1 DAGs
[2024-03-12T11:54:39.911+0000] {logging_mixin.py:188} INFO - [2024-03-12T11:54:39.911+0000] {dag.py:3834} INFO - Setting next_dagrun for example_branch_labels to 2024-03-11 00:00:00+00:00, run_after=2024-03-12 00:00:00+00:00
[2024-03-12T11:54:39.929+0000] {processor.py:183} INFO - Processing /home/airflow/.local/lib/python3.8/site-packages/airflow/example_dags/example_branch_labels.py took 0.113 seconds
[2024-03-12T11:55:10.745+0000] {processor.py:161} INFO - Started process (PID=2636) to work on /home/airflow/.local/lib/python3.8/site-packages/airflow/example_dags/example_branch_labels.py
[2024-03-12T11:55:10.748+0000] {processor.py:830} INFO - Processing file /home/airflow/.local/lib/python3.8/site-packages/airflow/example_dags/example_branch_labels.py for tasks to queue
[2024-03-12T11:55:10.751+0000] {logging_mixin.py:188} INFO - [2024-03-12T11:55:10.750+0000] {dagbag.py:540} INFO - Filling up the DagBag from /home/airflow/.local/lib/python3.8/site-packages/airflow/example_dags/example_branch_labels.py
[2024-03-12T11:55:10.763+0000] {processor.py:840} INFO - DAG(s) 'example_branch_labels' retrieved from /home/airflow/.local/lib/python3.8/site-packages/airflow/example_dags/example_branch_labels.py
[2024-03-12T11:55:10.810+0000] {logging_mixin.py:188} INFO - [2024-03-12T11:55:10.810+0000] {dag.py:3047} INFO - Sync 1 DAGs
[2024-03-12T11:55:10.832+0000] {logging_mixin.py:188} INFO - [2024-03-12T11:55:10.831+0000] {dag.py:3834} INFO - Setting next_dagrun for example_branch_labels to 2024-03-11 00:00:00+00:00, run_after=2024-03-12 00:00:00+00:00
[2024-03-12T11:55:10.847+0000] {processor.py:183} INFO - Processing /home/airflow/.local/lib/python3.8/site-packages/airflow/example_dags/example_branch_labels.py took 0.109 seconds
[2024-03-12T11:55:40.941+0000] {processor.py:161} INFO - Started process (PID=2883) to work on /home/airflow/.local/lib/python3.8/site-packages/airflow/example_dags/example_branch_labels.py
[2024-03-12T11:55:40.945+0000] {processor.py:830} INFO - Processing file /home/airflow/.local/lib/python3.8/site-packages/airflow/example_dags/example_branch_labels.py for tasks to queue
[2024-03-12T11:55:40.947+0000] {logging_mixin.py:188} INFO - [2024-03-12T11:55:40.946+0000] {dagbag.py:540} INFO - Filling up the DagBag from /home/airflow/.local/lib/python3.8/site-packages/airflow/example_dags/example_branch_labels.py
[2024-03-12T11:55:40.959+0000] {processor.py:840} INFO - DAG(s) 'example_branch_labels' retrieved from /home/airflow/.local/lib/python3.8/site-packages/airflow/example_dags/example_branch_labels.py
[2024-03-12T11:55:40.991+0000] {logging_mixin.py:188} INFO - [2024-03-12T11:55:40.991+0000] {dag.py:3047} INFO - Sync 1 DAGs
[2024-03-12T11:55:41.010+0000] {logging_mixin.py:188} INFO - [2024-03-12T11:55:41.010+0000] {dag.py:3834} INFO - Setting next_dagrun for example_branch_labels to 2024-03-11 00:00:00+00:00, run_after=2024-03-12 00:00:00+00:00
[2024-03-12T11:55:41.037+0000] {processor.py:183} INFO - Processing /home/airflow/.local/lib/python3.8/site-packages/airflow/example_dags/example_branch_labels.py took 0.103 seconds
[2024-03-12T11:56:11.541+0000] {processor.py:161} INFO - Started process (PID=3130) to work on /home/airflow/.local/lib/python3.8/site-packages/airflow/example_dags/example_branch_labels.py
[2024-03-12T11:56:11.544+0000] {processor.py:830} INFO - Processing file /home/airflow/.local/lib/python3.8/site-packages/airflow/example_dags/example_branch_labels.py for tasks to queue
[2024-03-12T11:56:11.547+0000] {logging_mixin.py:188} INFO - [2024-03-12T11:56:11.546+0000] {dagbag.py:540} INFO - Filling up the DagBag from /home/airflow/.local/lib/python3.8/site-packages/airflow/example_dags/example_branch_labels.py
[2024-03-12T11:56:11.557+0000] {processor.py:840} INFO - DAG(s) 'example_branch_labels' retrieved from /home/airflow/.local/lib/python3.8/site-packages/airflow/example_dags/example_branch_labels.py
[2024-03-12T11:56:11.602+0000] {logging_mixin.py:188} INFO - [2024-03-12T11:56:11.602+0000] {dag.py:3047} INFO - Sync 1 DAGs
[2024-03-12T11:56:11.621+0000] {logging_mixin.py:188} INFO - [2024-03-12T11:56:11.621+0000] {dag.py:3834} INFO - Setting next_dagrun for example_branch_labels to 2024-03-11 00:00:00+00:00, run_after=2024-03-12 00:00:00+00:00
[2024-03-12T11:56:11.633+0000] {processor.py:183} INFO - Processing /home/airflow/.local/lib/python3.8/site-packages/airflow/example_dags/example_branch_labels.py took 0.096 seconds
[2024-03-12T11:57:06.314+0000] {processor.py:161} INFO - Started process (PID=166) to work on /home/airflow/.local/lib/python3.8/site-packages/airflow/example_dags/example_branch_labels.py
[2024-03-12T11:57:06.316+0000] {processor.py:830} INFO - Processing file /home/airflow/.local/lib/python3.8/site-packages/airflow/example_dags/example_branch_labels.py for tasks to queue
[2024-03-12T11:57:06.317+0000] {logging_mixin.py:188} INFO - [2024-03-12T11:57:06.317+0000] {dagbag.py:540} INFO - Filling up the DagBag from /home/airflow/.local/lib/python3.8/site-packages/airflow/example_dags/example_branch_labels.py
[2024-03-12T11:57:06.366+0000] {processor.py:840} INFO - DAG(s) 'example_branch_labels' retrieved from /home/airflow/.local/lib/python3.8/site-packages/airflow/example_dags/example_branch_labels.py
[2024-03-12T11:57:06.433+0000] {logging_mixin.py:188} INFO - [2024-03-12T11:57:06.432+0000] {dag.py:3047} INFO - Sync 1 DAGs
[2024-03-12T11:57:06.460+0000] {logging_mixin.py:188} INFO - [2024-03-12T11:57:06.460+0000] {dag.py:3834} INFO - Setting next_dagrun for example_branch_labels to 2024-03-11 00:00:00+00:00, run_after=2024-03-12 00:00:00+00:00
[2024-03-12T11:57:06.474+0000] {processor.py:183} INFO - Processing /home/airflow/.local/lib/python3.8/site-packages/airflow/example_dags/example_branch_labels.py took 0.163 seconds
[2024-03-12T11:57:36.533+0000] {processor.py:161} INFO - Started process (PID=413) to work on /home/airflow/.local/lib/python3.8/site-packages/airflow/example_dags/example_branch_labels.py
[2024-03-12T11:57:36.536+0000] {processor.py:830} INFO - Processing file /home/airflow/.local/lib/python3.8/site-packages/airflow/example_dags/example_branch_labels.py for tasks to queue
[2024-03-12T11:57:36.543+0000] {logging_mixin.py:188} INFO - [2024-03-12T11:57:36.542+0000] {dagbag.py:540} INFO - Filling up the DagBag from /home/airflow/.local/lib/python3.8/site-packages/airflow/example_dags/example_branch_labels.py
[2024-03-12T11:57:36.588+0000] {processor.py:840} INFO - DAG(s) 'example_branch_labels' retrieved from /home/airflow/.local/lib/python3.8/site-packages/airflow/example_dags/example_branch_labels.py
[2024-03-12T11:57:36.621+0000] {logging_mixin.py:188} INFO - [2024-03-12T11:57:36.621+0000] {dag.py:3047} INFO - Sync 1 DAGs
[2024-03-12T11:57:36.641+0000] {logging_mixin.py:188} INFO - [2024-03-12T11:57:36.641+0000] {dag.py:3834} INFO - Setting next_dagrun for example_branch_labels to 2024-03-11 00:00:00+00:00, run_after=2024-03-12 00:00:00+00:00
[2024-03-12T11:57:36.655+0000] {processor.py:183} INFO - Processing /home/airflow/.local/lib/python3.8/site-packages/airflow/example_dags/example_branch_labels.py took 0.130 seconds
[2024-03-12T11:58:34.169+0000] {processor.py:161} INFO - Started process (PID=166) to work on /home/airflow/.local/lib/python3.8/site-packages/airflow/example_dags/example_branch_labels.py
[2024-03-12T11:58:34.171+0000] {processor.py:830} INFO - Processing file /home/airflow/.local/lib/python3.8/site-packages/airflow/example_dags/example_branch_labels.py for tasks to queue
[2024-03-12T11:58:34.173+0000] {logging_mixin.py:188} INFO - [2024-03-12T11:58:34.173+0000] {dagbag.py:540} INFO - Filling up the DagBag from /home/airflow/.local/lib/python3.8/site-packages/airflow/example_dags/example_branch_labels.py
[2024-03-12T11:58:34.190+0000] {processor.py:840} INFO - DAG(s) 'example_branch_labels' retrieved from /home/airflow/.local/lib/python3.8/site-packages/airflow/example_dags/example_branch_labels.py
[2024-03-12T11:58:34.258+0000] {logging_mixin.py:188} INFO - [2024-03-12T11:58:34.258+0000] {dag.py:3047} INFO - Sync 1 DAGs
[2024-03-12T11:58:34.284+0000] {logging_mixin.py:188} INFO - [2024-03-12T11:58:34.284+0000] {dag.py:3834} INFO - Setting next_dagrun for example_branch_labels to 2024-03-11 00:00:00+00:00, run_after=2024-03-12 00:00:00+00:00
[2024-03-12T11:58:34.305+0000] {processor.py:183} INFO - Processing /home/airflow/.local/lib/python3.8/site-packages/airflow/example_dags/example_branch_labels.py took 0.140 seconds
[2024-03-12T11:59:04.438+0000] {processor.py:161} INFO - Started process (PID=413) to work on /home/airflow/.local/lib/python3.8/site-packages/airflow/example_dags/example_branch_labels.py
[2024-03-12T11:59:04.441+0000] {processor.py:830} INFO - Processing file /home/airflow/.local/lib/python3.8/site-packages/airflow/example_dags/example_branch_labels.py for tasks to queue
[2024-03-12T11:59:04.443+0000] {logging_mixin.py:188} INFO - [2024-03-12T11:59:04.442+0000] {dagbag.py:540} INFO - Filling up the DagBag from /home/airflow/.local/lib/python3.8/site-packages/airflow/example_dags/example_branch_labels.py
[2024-03-12T11:59:04.470+0000] {processor.py:840} INFO - DAG(s) 'example_branch_labels' retrieved from /home/airflow/.local/lib/python3.8/site-packages/airflow/example_dags/example_branch_labels.py
[2024-03-12T11:59:04.504+0000] {logging_mixin.py:188} INFO - [2024-03-12T11:59:04.503+0000] {dag.py:3047} INFO - Sync 1 DAGs
[2024-03-12T11:59:04.525+0000] {logging_mixin.py:188} INFO - [2024-03-12T11:59:04.525+0000] {dag.py:3834} INFO - Setting next_dagrun for example_branch_labels to 2024-03-11 00:00:00+00:00, run_after=2024-03-12 00:00:00+00:00
[2024-03-12T11:59:04.539+0000] {processor.py:183} INFO - Processing /home/airflow/.local/lib/python3.8/site-packages/airflow/example_dags/example_branch_labels.py took 0.109 seconds
[2024-03-12T11:59:35.183+0000] {processor.py:161} INFO - Started process (PID=660) to work on /home/airflow/.local/lib/python3.8/site-packages/airflow/example_dags/example_branch_labels.py
[2024-03-12T11:59:35.185+0000] {processor.py:830} INFO - Processing file /home/airflow/.local/lib/python3.8/site-packages/airflow/example_dags/example_branch_labels.py for tasks to queue
[2024-03-12T11:59:35.187+0000] {logging_mixin.py:188} INFO - [2024-03-12T11:59:35.187+0000] {dagbag.py:540} INFO - Filling up the DagBag from /home/airflow/.local/lib/python3.8/site-packages/airflow/example_dags/example_branch_labels.py
[2024-03-12T11:59:35.202+0000] {processor.py:840} INFO - DAG(s) 'example_branch_labels' retrieved from /home/airflow/.local/lib/python3.8/site-packages/airflow/example_dags/example_branch_labels.py
[2024-03-12T11:59:35.243+0000] {logging_mixin.py:188} INFO - [2024-03-12T11:59:35.243+0000] {dag.py:3047} INFO - Sync 1 DAGs
[2024-03-12T11:59:35.262+0000] {logging_mixin.py:188} INFO - [2024-03-12T11:59:35.262+0000] {dag.py:3834} INFO - Setting next_dagrun for example_branch_labels to 2024-03-11 00:00:00+00:00, run_after=2024-03-12 00:00:00+00:00
[2024-03-12T11:59:35.275+0000] {processor.py:183} INFO - Processing /home/airflow/.local/lib/python3.8/site-packages/airflow/example_dags/example_branch_labels.py took 0.104 seconds
[2024-03-12T12:00:06.063+0000] {processor.py:161} INFO - Started process (PID=907) to work on /home/airflow/.local/lib/python3.8/site-packages/airflow/example_dags/example_branch_labels.py
[2024-03-12T12:00:06.066+0000] {processor.py:830} INFO - Processing file /home/airflow/.local/lib/python3.8/site-packages/airflow/example_dags/example_branch_labels.py for tasks to queue
[2024-03-12T12:00:06.069+0000] {logging_mixin.py:188} INFO - [2024-03-12T12:00:06.069+0000] {dagbag.py:540} INFO - Filling up the DagBag from /home/airflow/.local/lib/python3.8/site-packages/airflow/example_dags/example_branch_labels.py
[2024-03-12T12:00:06.085+0000] {processor.py:840} INFO - DAG(s) 'example_branch_labels' retrieved from /home/airflow/.local/lib/python3.8/site-packages/airflow/example_dags/example_branch_labels.py
[2024-03-12T12:00:06.140+0000] {logging_mixin.py:188} INFO - [2024-03-12T12:00:06.140+0000] {dag.py:3047} INFO - Sync 1 DAGs
[2024-03-12T12:00:06.160+0000] {logging_mixin.py:188} INFO - [2024-03-12T12:00:06.159+0000] {dag.py:3834} INFO - Setting next_dagrun for example_branch_labels to 2024-03-11 00:00:00+00:00, run_after=2024-03-12 00:00:00+00:00
[2024-03-12T12:00:06.172+0000] {processor.py:183} INFO - Processing /home/airflow/.local/lib/python3.8/site-packages/airflow/example_dags/example_branch_labels.py took 0.116 seconds
[2024-03-12T12:00:36.749+0000] {processor.py:161} INFO - Started process (PID=1154) to work on /home/airflow/.local/lib/python3.8/site-packages/airflow/example_dags/example_branch_labels.py
[2024-03-12T12:00:36.756+0000] {processor.py:830} INFO - Processing file /home/airflow/.local/lib/python3.8/site-packages/airflow/example_dags/example_branch_labels.py for tasks to queue
[2024-03-12T12:00:36.758+0000] {logging_mixin.py:188} INFO - [2024-03-12T12:00:36.758+0000] {dagbag.py:540} INFO - Filling up the DagBag from /home/airflow/.local/lib/python3.8/site-packages/airflow/example_dags/example_branch_labels.py
[2024-03-12T12:00:36.771+0000] {processor.py:840} INFO - DAG(s) 'example_branch_labels' retrieved from /home/airflow/.local/lib/python3.8/site-packages/airflow/example_dags/example_branch_labels.py
[2024-03-12T12:00:36.809+0000] {logging_mixin.py:188} INFO - [2024-03-12T12:00:36.809+0000] {dag.py:3047} INFO - Sync 1 DAGs
[2024-03-12T12:00:36.860+0000] {logging_mixin.py:188} INFO - [2024-03-12T12:00:36.860+0000] {dag.py:3834} INFO - Setting next_dagrun for example_branch_labels to 2024-03-11 00:00:00+00:00, run_after=2024-03-12 00:00:00+00:00
[2024-03-12T12:00:36.875+0000] {processor.py:183} INFO - Processing /home/airflow/.local/lib/python3.8/site-packages/airflow/example_dags/example_branch_labels.py took 0.135 seconds
[2024-03-12T12:01:07.872+0000] {processor.py:161} INFO - Started process (PID=1401) to work on /home/airflow/.local/lib/python3.8/site-packages/airflow/example_dags/example_branch_labels.py
[2024-03-12T12:01:07.876+0000] {processor.py:830} INFO - Processing file /home/airflow/.local/lib/python3.8/site-packages/airflow/example_dags/example_branch_labels.py for tasks to queue
[2024-03-12T12:01:07.877+0000] {logging_mixin.py:188} INFO - [2024-03-12T12:01:07.877+0000] {dagbag.py:540} INFO - Filling up the DagBag from /home/airflow/.local/lib/python3.8/site-packages/airflow/example_dags/example_branch_labels.py
[2024-03-12T12:01:07.896+0000] {processor.py:840} INFO - DAG(s) 'example_branch_labels' retrieved from /home/airflow/.local/lib/python3.8/site-packages/airflow/example_dags/example_branch_labels.py
[2024-03-12T12:01:07.932+0000] {logging_mixin.py:188} INFO - [2024-03-12T12:01:07.931+0000] {dag.py:3047} INFO - Sync 1 DAGs
[2024-03-12T12:01:07.954+0000] {logging_mixin.py:188} INFO - [2024-03-12T12:01:07.954+0000] {dag.py:3834} INFO - Setting next_dagrun for example_branch_labels to 2024-03-11 00:00:00+00:00, run_after=2024-03-12 00:00:00+00:00
[2024-03-12T12:01:07.967+0000] {processor.py:183} INFO - Processing /home/airflow/.local/lib/python3.8/site-packages/airflow/example_dags/example_branch_labels.py took 0.101 seconds
[2024-03-12T12:01:38.759+0000] {processor.py:161} INFO - Started process (PID=1648) to work on /home/airflow/.local/lib/python3.8/site-packages/airflow/example_dags/example_branch_labels.py
[2024-03-12T12:01:38.765+0000] {processor.py:830} INFO - Processing file /home/airflow/.local/lib/python3.8/site-packages/airflow/example_dags/example_branch_labels.py for tasks to queue
[2024-03-12T12:01:38.770+0000] {logging_mixin.py:188} INFO - [2024-03-12T12:01:38.770+0000] {dagbag.py:540} INFO - Filling up the DagBag from /home/airflow/.local/lib/python3.8/site-packages/airflow/example_dags/example_branch_labels.py
[2024-03-12T12:01:38.784+0000] {processor.py:840} INFO - DAG(s) 'example_branch_labels' retrieved from /home/airflow/.local/lib/python3.8/site-packages/airflow/example_dags/example_branch_labels.py
[2024-03-12T12:01:38.817+0000] {logging_mixin.py:188} INFO - [2024-03-12T12:01:38.817+0000] {dag.py:3047} INFO - Sync 1 DAGs
[2024-03-12T12:01:38.838+0000] {logging_mixin.py:188} INFO - [2024-03-12T12:01:38.838+0000] {dag.py:3834} INFO - Setting next_dagrun for example_branch_labels to 2024-03-11 00:00:00+00:00, run_after=2024-03-12 00:00:00+00:00
[2024-03-12T12:01:38.862+0000] {processor.py:183} INFO - Processing /home/airflow/.local/lib/python3.8/site-packages/airflow/example_dags/example_branch_labels.py took 0.123 seconds
[2024-03-12T12:02:09.548+0000] {processor.py:161} INFO - Started process (PID=1895) to work on /home/airflow/.local/lib/python3.8/site-packages/airflow/example_dags/example_branch_labels.py
[2024-03-12T12:02:09.552+0000] {processor.py:830} INFO - Processing file /home/airflow/.local/lib/python3.8/site-packages/airflow/example_dags/example_branch_labels.py for tasks to queue
[2024-03-12T12:02:09.554+0000] {logging_mixin.py:188} INFO - [2024-03-12T12:02:09.553+0000] {dagbag.py:540} INFO - Filling up the DagBag from /home/airflow/.local/lib/python3.8/site-packages/airflow/example_dags/example_branch_labels.py
[2024-03-12T12:02:09.566+0000] {processor.py:840} INFO - DAG(s) 'example_branch_labels' retrieved from /home/airflow/.local/lib/python3.8/site-packages/airflow/example_dags/example_branch_labels.py
[2024-03-12T12:02:09.591+0000] {logging_mixin.py:188} INFO - [2024-03-12T12:02:09.591+0000] {dag.py:3047} INFO - Sync 1 DAGs
[2024-03-12T12:02:09.608+0000] {logging_mixin.py:188} INFO - [2024-03-12T12:02:09.608+0000] {dag.py:3834} INFO - Setting next_dagrun for example_branch_labels to 2024-03-11 00:00:00+00:00, run_after=2024-03-12 00:00:00+00:00
[2024-03-12T12:02:09.620+0000] {processor.py:183} INFO - Processing /home/airflow/.local/lib/python3.8/site-packages/airflow/example_dags/example_branch_labels.py took 0.087 seconds
[2024-03-12T12:02:40.209+0000] {processor.py:161} INFO - Started process (PID=2142) to work on /home/airflow/.local/lib/python3.8/site-packages/airflow/example_dags/example_branch_labels.py
[2024-03-12T12:02:40.216+0000] {processor.py:830} INFO - Processing file /home/airflow/.local/lib/python3.8/site-packages/airflow/example_dags/example_branch_labels.py for tasks to queue
[2024-03-12T12:02:40.218+0000] {logging_mixin.py:188} INFO - [2024-03-12T12:02:40.217+0000] {dagbag.py:540} INFO - Filling up the DagBag from /home/airflow/.local/lib/python3.8/site-packages/airflow/example_dags/example_branch_labels.py
[2024-03-12T12:02:40.231+0000] {processor.py:840} INFO - DAG(s) 'example_branch_labels' retrieved from /home/airflow/.local/lib/python3.8/site-packages/airflow/example_dags/example_branch_labels.py
[2024-03-12T12:02:40.271+0000] {logging_mixin.py:188} INFO - [2024-03-12T12:02:40.271+0000] {dag.py:3047} INFO - Sync 1 DAGs
[2024-03-12T12:02:40.298+0000] {logging_mixin.py:188} INFO - [2024-03-12T12:02:40.297+0000] {dag.py:3834} INFO - Setting next_dagrun for example_branch_labels to 2024-03-11 00:00:00+00:00, run_after=2024-03-12 00:00:00+00:00
[2024-03-12T12:02:40.311+0000] {processor.py:183} INFO - Processing /home/airflow/.local/lib/python3.8/site-packages/airflow/example_dags/example_branch_labels.py took 0.108 seconds
[2024-03-12T12:03:10.461+0000] {processor.py:161} INFO - Started process (PID=2389) to work on /home/airflow/.local/lib/python3.8/site-packages/airflow/example_dags/example_branch_labels.py
[2024-03-12T12:03:10.466+0000] {processor.py:830} INFO - Processing file /home/airflow/.local/lib/python3.8/site-packages/airflow/example_dags/example_branch_labels.py for tasks to queue
[2024-03-12T12:03:10.477+0000] {logging_mixin.py:188} INFO - [2024-03-12T12:03:10.475+0000] {dagbag.py:540} INFO - Filling up the DagBag from /home/airflow/.local/lib/python3.8/site-packages/airflow/example_dags/example_branch_labels.py
[2024-03-12T12:03:10.497+0000] {processor.py:840} INFO - DAG(s) 'example_branch_labels' retrieved from /home/airflow/.local/lib/python3.8/site-packages/airflow/example_dags/example_branch_labels.py
[2024-03-12T12:03:10.557+0000] {logging_mixin.py:188} INFO - [2024-03-12T12:03:10.556+0000] {dag.py:3047} INFO - Sync 1 DAGs
[2024-03-12T12:03:10.592+0000] {logging_mixin.py:188} INFO - [2024-03-12T12:03:10.592+0000] {dag.py:3834} INFO - Setting next_dagrun for example_branch_labels to 2024-03-11 00:00:00+00:00, run_after=2024-03-12 00:00:00+00:00
[2024-03-12T12:03:10.619+0000] {processor.py:183} INFO - Processing /home/airflow/.local/lib/python3.8/site-packages/airflow/example_dags/example_branch_labels.py took 0.173 seconds
[2024-03-12T12:03:41.585+0000] {processor.py:161} INFO - Started process (PID=2636) to work on /home/airflow/.local/lib/python3.8/site-packages/airflow/example_dags/example_branch_labels.py
[2024-03-12T12:03:41.593+0000] {processor.py:830} INFO - Processing file /home/airflow/.local/lib/python3.8/site-packages/airflow/example_dags/example_branch_labels.py for tasks to queue
[2024-03-12T12:03:41.598+0000] {logging_mixin.py:188} INFO - [2024-03-12T12:03:41.597+0000] {dagbag.py:540} INFO - Filling up the DagBag from /home/airflow/.local/lib/python3.8/site-packages/airflow/example_dags/example_branch_labels.py
[2024-03-12T12:03:41.619+0000] {processor.py:840} INFO - DAG(s) 'example_branch_labels' retrieved from /home/airflow/.local/lib/python3.8/site-packages/airflow/example_dags/example_branch_labels.py
[2024-03-12T12:03:41.682+0000] {logging_mixin.py:188} INFO - [2024-03-12T12:03:41.682+0000] {dag.py:3047} INFO - Sync 1 DAGs
[2024-03-12T12:03:41.712+0000] {logging_mixin.py:188} INFO - [2024-03-12T12:03:41.711+0000] {dag.py:3834} INFO - Setting next_dagrun for example_branch_labels to 2024-03-11 00:00:00+00:00, run_after=2024-03-12 00:00:00+00:00
[2024-03-12T12:03:41.732+0000] {processor.py:183} INFO - Processing /home/airflow/.local/lib/python3.8/site-packages/airflow/example_dags/example_branch_labels.py took 0.155 seconds
[2024-03-12T12:04:11.886+0000] {processor.py:161} INFO - Started process (PID=2883) to work on /home/airflow/.local/lib/python3.8/site-packages/airflow/example_dags/example_branch_labels.py
[2024-03-12T12:04:11.889+0000] {processor.py:830} INFO - Processing file /home/airflow/.local/lib/python3.8/site-packages/airflow/example_dags/example_branch_labels.py for tasks to queue
[2024-03-12T12:04:11.893+0000] {logging_mixin.py:188} INFO - [2024-03-12T12:04:11.892+0000] {dagbag.py:540} INFO - Filling up the DagBag from /home/airflow/.local/lib/python3.8/site-packages/airflow/example_dags/example_branch_labels.py
[2024-03-12T12:04:11.913+0000] {processor.py:840} INFO - DAG(s) 'example_branch_labels' retrieved from /home/airflow/.local/lib/python3.8/site-packages/airflow/example_dags/example_branch_labels.py
[2024-03-12T12:04:11.973+0000] {logging_mixin.py:188} INFO - [2024-03-12T12:04:11.972+0000] {dag.py:3047} INFO - Sync 1 DAGs
[2024-03-12T12:04:11.995+0000] {logging_mixin.py:188} INFO - [2024-03-12T12:04:11.995+0000] {dag.py:3834} INFO - Setting next_dagrun for example_branch_labels to 2024-03-11 00:00:00+00:00, run_after=2024-03-12 00:00:00+00:00
[2024-03-12T12:04:12.009+0000] {processor.py:183} INFO - Processing /home/airflow/.local/lib/python3.8/site-packages/airflow/example_dags/example_branch_labels.py took 0.150 seconds
[2024-03-12T12:04:43.047+0000] {processor.py:161} INFO - Started process (PID=3130) to work on /home/airflow/.local/lib/python3.8/site-packages/airflow/example_dags/example_branch_labels.py
[2024-03-12T12:04:43.051+0000] {processor.py:830} INFO - Processing file /home/airflow/.local/lib/python3.8/site-packages/airflow/example_dags/example_branch_labels.py for tasks to queue
[2024-03-12T12:04:43.053+0000] {logging_mixin.py:188} INFO - [2024-03-12T12:04:43.053+0000] {dagbag.py:540} INFO - Filling up the DagBag from /home/airflow/.local/lib/python3.8/site-packages/airflow/example_dags/example_branch_labels.py
[2024-03-12T12:04:43.069+0000] {processor.py:840} INFO - DAG(s) 'example_branch_labels' retrieved from /home/airflow/.local/lib/python3.8/site-packages/airflow/example_dags/example_branch_labels.py
[2024-03-12T12:04:43.119+0000] {logging_mixin.py:188} INFO - [2024-03-12T12:04:43.118+0000] {dag.py:3047} INFO - Sync 1 DAGs
[2024-03-12T12:04:43.146+0000] {logging_mixin.py:188} INFO - [2024-03-12T12:04:43.146+0000] {dag.py:3834} INFO - Setting next_dagrun for example_branch_labels to 2024-03-11 00:00:00+00:00, run_after=2024-03-12 00:00:00+00:00
[2024-03-12T12:04:43.164+0000] {processor.py:183} INFO - Processing /home/airflow/.local/lib/python3.8/site-packages/airflow/example_dags/example_branch_labels.py took 0.131 seconds
[2024-03-12T12:05:13.998+0000] {processor.py:161} INFO - Started process (PID=3378) to work on /home/airflow/.local/lib/python3.8/site-packages/airflow/example_dags/example_branch_labels.py
[2024-03-12T12:05:14.000+0000] {processor.py:830} INFO - Processing file /home/airflow/.local/lib/python3.8/site-packages/airflow/example_dags/example_branch_labels.py for tasks to queue
[2024-03-12T12:05:14.002+0000] {logging_mixin.py:188} INFO - [2024-03-12T12:05:14.001+0000] {dagbag.py:540} INFO - Filling up the DagBag from /home/airflow/.local/lib/python3.8/site-packages/airflow/example_dags/example_branch_labels.py
[2024-03-12T12:05:14.015+0000] {processor.py:840} INFO - DAG(s) 'example_branch_labels' retrieved from /home/airflow/.local/lib/python3.8/site-packages/airflow/example_dags/example_branch_labels.py
[2024-03-12T12:05:14.044+0000] {logging_mixin.py:188} INFO - [2024-03-12T12:05:14.043+0000] {dag.py:3047} INFO - Sync 1 DAGs
[2024-03-12T12:05:14.065+0000] {logging_mixin.py:188} INFO - [2024-03-12T12:05:14.064+0000] {dag.py:3834} INFO - Setting next_dagrun for example_branch_labels to 2024-03-11 00:00:00+00:00, run_after=2024-03-12 00:00:00+00:00
[2024-03-12T12:05:14.082+0000] {processor.py:183} INFO - Processing /home/airflow/.local/lib/python3.8/site-packages/airflow/example_dags/example_branch_labels.py took 0.090 seconds
[2024-03-12T12:05:44.239+0000] {processor.py:161} INFO - Started process (PID=3625) to work on /home/airflow/.local/lib/python3.8/site-packages/airflow/example_dags/example_branch_labels.py
[2024-03-12T12:05:44.264+0000] {processor.py:830} INFO - Processing file /home/airflow/.local/lib/python3.8/site-packages/airflow/example_dags/example_branch_labels.py for tasks to queue
[2024-03-12T12:05:44.275+0000] {logging_mixin.py:188} INFO - [2024-03-12T12:05:44.274+0000] {dagbag.py:540} INFO - Filling up the DagBag from /home/airflow/.local/lib/python3.8/site-packages/airflow/example_dags/example_branch_labels.py
[2024-03-12T12:05:44.299+0000] {processor.py:840} INFO - DAG(s) 'example_branch_labels' retrieved from /home/airflow/.local/lib/python3.8/site-packages/airflow/example_dags/example_branch_labels.py
[2024-03-12T12:05:44.382+0000] {logging_mixin.py:188} INFO - [2024-03-12T12:05:44.382+0000] {dag.py:3047} INFO - Sync 1 DAGs
[2024-03-12T12:05:44.406+0000] {logging_mixin.py:188} INFO - [2024-03-12T12:05:44.406+0000] {dag.py:3834} INFO - Setting next_dagrun for example_branch_labels to 2024-03-11 00:00:00+00:00, run_after=2024-03-12 00:00:00+00:00
[2024-03-12T12:05:44.422+0000] {processor.py:183} INFO - Processing /home/airflow/.local/lib/python3.8/site-packages/airflow/example_dags/example_branch_labels.py took 0.195 seconds
[2024-03-12T12:06:14.614+0000] {processor.py:161} INFO - Started process (PID=3872) to work on /home/airflow/.local/lib/python3.8/site-packages/airflow/example_dags/example_branch_labels.py
[2024-03-12T12:06:14.619+0000] {processor.py:830} INFO - Processing file /home/airflow/.local/lib/python3.8/site-packages/airflow/example_dags/example_branch_labels.py for tasks to queue
[2024-03-12T12:06:14.621+0000] {logging_mixin.py:188} INFO - [2024-03-12T12:06:14.621+0000] {dagbag.py:540} INFO - Filling up the DagBag from /home/airflow/.local/lib/python3.8/site-packages/airflow/example_dags/example_branch_labels.py
[2024-03-12T12:06:14.636+0000] {processor.py:840} INFO - DAG(s) 'example_branch_labels' retrieved from /home/airflow/.local/lib/python3.8/site-packages/airflow/example_dags/example_branch_labels.py
[2024-03-12T12:06:14.721+0000] {logging_mixin.py:188} INFO - [2024-03-12T12:06:14.721+0000] {dag.py:3047} INFO - Sync 1 DAGs
[2024-03-12T12:06:14.762+0000] {logging_mixin.py:188} INFO - [2024-03-12T12:06:14.761+0000] {dag.py:3834} INFO - Setting next_dagrun for example_branch_labels to 2024-03-11 00:00:00+00:00, run_after=2024-03-12 00:00:00+00:00
[2024-03-12T12:06:14.798+0000] {processor.py:183} INFO - Processing /home/airflow/.local/lib/python3.8/site-packages/airflow/example_dags/example_branch_labels.py took 0.206 seconds
[2024-03-12T12:06:44.956+0000] {processor.py:161} INFO - Started process (PID=4119) to work on /home/airflow/.local/lib/python3.8/site-packages/airflow/example_dags/example_branch_labels.py
[2024-03-12T12:06:44.962+0000] {processor.py:830} INFO - Processing file /home/airflow/.local/lib/python3.8/site-packages/airflow/example_dags/example_branch_labels.py for tasks to queue
[2024-03-12T12:06:44.965+0000] {logging_mixin.py:188} INFO - [2024-03-12T12:06:44.964+0000] {dagbag.py:540} INFO - Filling up the DagBag from /home/airflow/.local/lib/python3.8/site-packages/airflow/example_dags/example_branch_labels.py
[2024-03-12T12:06:44.983+0000] {processor.py:840} INFO - DAG(s) 'example_branch_labels' retrieved from /home/airflow/.local/lib/python3.8/site-packages/airflow/example_dags/example_branch_labels.py
[2024-03-12T12:06:45.051+0000] {logging_mixin.py:188} INFO - [2024-03-12T12:06:45.050+0000] {dag.py:3047} INFO - Sync 1 DAGs
[2024-03-12T12:06:45.076+0000] {logging_mixin.py:188} INFO - [2024-03-12T12:06:45.076+0000] {dag.py:3834} INFO - Setting next_dagrun for example_branch_labels to 2024-03-11 00:00:00+00:00, run_after=2024-03-12 00:00:00+00:00
[2024-03-12T12:06:45.106+0000] {processor.py:183} INFO - Processing /home/airflow/.local/lib/python3.8/site-packages/airflow/example_dags/example_branch_labels.py took 0.157 seconds
[2024-03-12T12:07:15.292+0000] {processor.py:161} INFO - Started process (PID=4366) to work on /home/airflow/.local/lib/python3.8/site-packages/airflow/example_dags/example_branch_labels.py
[2024-03-12T12:07:15.295+0000] {processor.py:830} INFO - Processing file /home/airflow/.local/lib/python3.8/site-packages/airflow/example_dags/example_branch_labels.py for tasks to queue
[2024-03-12T12:07:15.297+0000] {logging_mixin.py:188} INFO - [2024-03-12T12:07:15.297+0000] {dagbag.py:540} INFO - Filling up the DagBag from /home/airflow/.local/lib/python3.8/site-packages/airflow/example_dags/example_branch_labels.py
[2024-03-12T12:07:15.314+0000] {processor.py:840} INFO - DAG(s) 'example_branch_labels' retrieved from /home/airflow/.local/lib/python3.8/site-packages/airflow/example_dags/example_branch_labels.py
[2024-03-12T12:07:15.351+0000] {logging_mixin.py:188} INFO - [2024-03-12T12:07:15.350+0000] {dag.py:3047} INFO - Sync 1 DAGs
[2024-03-12T12:07:15.372+0000] {logging_mixin.py:188} INFO - [2024-03-12T12:07:15.372+0000] {dag.py:3834} INFO - Setting next_dagrun for example_branch_labels to 2024-03-11 00:00:00+00:00, run_after=2024-03-12 00:00:00+00:00
[2024-03-12T12:07:15.384+0000] {processor.py:183} INFO - Processing /home/airflow/.local/lib/python3.8/site-packages/airflow/example_dags/example_branch_labels.py took 0.102 seconds
[2024-03-12T12:07:45.739+0000] {processor.py:161} INFO - Started process (PID=4613) to work on /home/airflow/.local/lib/python3.8/site-packages/airflow/example_dags/example_branch_labels.py
[2024-03-12T12:07:45.741+0000] {processor.py:830} INFO - Processing file /home/airflow/.local/lib/python3.8/site-packages/airflow/example_dags/example_branch_labels.py for tasks to queue
[2024-03-12T12:07:45.742+0000] {logging_mixin.py:188} INFO - [2024-03-12T12:07:45.742+0000] {dagbag.py:540} INFO - Filling up the DagBag from /home/airflow/.local/lib/python3.8/site-packages/airflow/example_dags/example_branch_labels.py
[2024-03-12T12:07:45.754+0000] {processor.py:840} INFO - DAG(s) 'example_branch_labels' retrieved from /home/airflow/.local/lib/python3.8/site-packages/airflow/example_dags/example_branch_labels.py
[2024-03-12T12:07:45.798+0000] {logging_mixin.py:188} INFO - [2024-03-12T12:07:45.798+0000] {dag.py:3047} INFO - Sync 1 DAGs
[2024-03-12T12:07:45.818+0000] {logging_mixin.py:188} INFO - [2024-03-12T12:07:45.818+0000] {dag.py:3834} INFO - Setting next_dagrun for example_branch_labels to 2024-03-11 00:00:00+00:00, run_after=2024-03-12 00:00:00+00:00
[2024-03-12T12:07:45.830+0000] {processor.py:183} INFO - Processing /home/airflow/.local/lib/python3.8/site-packages/airflow/example_dags/example_branch_labels.py took 0.097 seconds
[2024-03-12T12:08:16.154+0000] {processor.py:161} INFO - Started process (PID=4860) to work on /home/airflow/.local/lib/python3.8/site-packages/airflow/example_dags/example_branch_labels.py
[2024-03-12T12:08:16.157+0000] {processor.py:830} INFO - Processing file /home/airflow/.local/lib/python3.8/site-packages/airflow/example_dags/example_branch_labels.py for tasks to queue
[2024-03-12T12:08:16.159+0000] {logging_mixin.py:188} INFO - [2024-03-12T12:08:16.159+0000] {dagbag.py:540} INFO - Filling up the DagBag from /home/airflow/.local/lib/python3.8/site-packages/airflow/example_dags/example_branch_labels.py
[2024-03-12T12:08:16.172+0000] {processor.py:840} INFO - DAG(s) 'example_branch_labels' retrieved from /home/airflow/.local/lib/python3.8/site-packages/airflow/example_dags/example_branch_labels.py
[2024-03-12T12:08:16.213+0000] {logging_mixin.py:188} INFO - [2024-03-12T12:08:16.213+0000] {dag.py:3047} INFO - Sync 1 DAGs
[2024-03-12T12:08:16.231+0000] {logging_mixin.py:188} INFO - [2024-03-12T12:08:16.231+0000] {dag.py:3834} INFO - Setting next_dagrun for example_branch_labels to 2024-03-11 00:00:00+00:00, run_after=2024-03-12 00:00:00+00:00
[2024-03-12T12:08:16.244+0000] {processor.py:183} INFO - Processing /home/airflow/.local/lib/python3.8/site-packages/airflow/example_dags/example_branch_labels.py took 0.099 seconds
[2024-03-12T12:08:46.669+0000] {processor.py:161} INFO - Started process (PID=5107) to work on /home/airflow/.local/lib/python3.8/site-packages/airflow/example_dags/example_branch_labels.py
[2024-03-12T12:08:46.672+0000] {processor.py:830} INFO - Processing file /home/airflow/.local/lib/python3.8/site-packages/airflow/example_dags/example_branch_labels.py for tasks to queue
[2024-03-12T12:08:46.674+0000] {logging_mixin.py:188} INFO - [2024-03-12T12:08:46.673+0000] {dagbag.py:540} INFO - Filling up the DagBag from /home/airflow/.local/lib/python3.8/site-packages/airflow/example_dags/example_branch_labels.py
[2024-03-12T12:08:46.686+0000] {processor.py:840} INFO - DAG(s) 'example_branch_labels' retrieved from /home/airflow/.local/lib/python3.8/site-packages/airflow/example_dags/example_branch_labels.py
[2024-03-12T12:08:46.729+0000] {logging_mixin.py:188} INFO - [2024-03-12T12:08:46.729+0000] {dag.py:3047} INFO - Sync 1 DAGs
[2024-03-12T12:08:46.748+0000] {logging_mixin.py:188} INFO - [2024-03-12T12:08:46.748+0000] {dag.py:3834} INFO - Setting next_dagrun for example_branch_labels to 2024-03-11 00:00:00+00:00, run_after=2024-03-12 00:00:00+00:00
[2024-03-12T12:08:46.760+0000] {processor.py:183} INFO - Processing /home/airflow/.local/lib/python3.8/site-packages/airflow/example_dags/example_branch_labels.py took 0.102 seconds
[2024-03-12T12:09:17.341+0000] {processor.py:161} INFO - Started process (PID=5354) to work on /home/airflow/.local/lib/python3.8/site-packages/airflow/example_dags/example_branch_labels.py
[2024-03-12T12:09:17.347+0000] {processor.py:830} INFO - Processing file /home/airflow/.local/lib/python3.8/site-packages/airflow/example_dags/example_branch_labels.py for tasks to queue
[2024-03-12T12:09:17.348+0000] {logging_mixin.py:188} INFO - [2024-03-12T12:09:17.348+0000] {dagbag.py:540} INFO - Filling up the DagBag from /home/airflow/.local/lib/python3.8/site-packages/airflow/example_dags/example_branch_labels.py
[2024-03-12T12:09:17.361+0000] {processor.py:840} INFO - DAG(s) 'example_branch_labels' retrieved from /home/airflow/.local/lib/python3.8/site-packages/airflow/example_dags/example_branch_labels.py
[2024-03-12T12:09:17.394+0000] {logging_mixin.py:188} INFO - [2024-03-12T12:09:17.394+0000] {dag.py:3047} INFO - Sync 1 DAGs
[2024-03-12T12:09:17.416+0000] {logging_mixin.py:188} INFO - [2024-03-12T12:09:17.416+0000] {dag.py:3834} INFO - Setting next_dagrun for example_branch_labels to 2024-03-11 00:00:00+00:00, run_after=2024-03-12 00:00:00+00:00
[2024-03-12T12:09:17.427+0000] {processor.py:183} INFO - Processing /home/airflow/.local/lib/python3.8/site-packages/airflow/example_dags/example_branch_labels.py took 0.093 seconds
[2024-03-12T12:09:47.868+0000] {processor.py:161} INFO - Started process (PID=5601) to work on /home/airflow/.local/lib/python3.8/site-packages/airflow/example_dags/example_branch_labels.py
[2024-03-12T12:09:47.873+0000] {processor.py:830} INFO - Processing file /home/airflow/.local/lib/python3.8/site-packages/airflow/example_dags/example_branch_labels.py for tasks to queue
[2024-03-12T12:09:47.875+0000] {logging_mixin.py:188} INFO - [2024-03-12T12:09:47.875+0000] {dagbag.py:540} INFO - Filling up the DagBag from /home/airflow/.local/lib/python3.8/site-packages/airflow/example_dags/example_branch_labels.py
[2024-03-12T12:09:47.890+0000] {processor.py:840} INFO - DAG(s) 'example_branch_labels' retrieved from /home/airflow/.local/lib/python3.8/site-packages/airflow/example_dags/example_branch_labels.py
[2024-03-12T12:09:47.928+0000] {logging_mixin.py:188} INFO - [2024-03-12T12:09:47.927+0000] {dag.py:3047} INFO - Sync 1 DAGs
[2024-03-12T12:09:47.947+0000] {logging_mixin.py:188} INFO - [2024-03-12T12:09:47.947+0000] {dag.py:3834} INFO - Setting next_dagrun for example_branch_labels to 2024-03-11 00:00:00+00:00, run_after=2024-03-12 00:00:00+00:00
[2024-03-12T12:09:47.959+0000] {processor.py:183} INFO - Processing /home/airflow/.local/lib/python3.8/site-packages/airflow/example_dags/example_branch_labels.py took 0.107 seconds
[2024-03-12T12:10:18.750+0000] {processor.py:161} INFO - Started process (PID=5848) to work on /home/airflow/.local/lib/python3.8/site-packages/airflow/example_dags/example_branch_labels.py
[2024-03-12T12:10:18.754+0000] {processor.py:830} INFO - Processing file /home/airflow/.local/lib/python3.8/site-packages/airflow/example_dags/example_branch_labels.py for tasks to queue
[2024-03-12T12:10:18.758+0000] {logging_mixin.py:188} INFO - [2024-03-12T12:10:18.757+0000] {dagbag.py:540} INFO - Filling up the DagBag from /home/airflow/.local/lib/python3.8/site-packages/airflow/example_dags/example_branch_labels.py
[2024-03-12T12:10:18.800+0000] {processor.py:840} INFO - DAG(s) 'example_branch_labels' retrieved from /home/airflow/.local/lib/python3.8/site-packages/airflow/example_dags/example_branch_labels.py
[2024-03-12T12:10:18.958+0000] {logging_mixin.py:188} INFO - [2024-03-12T12:10:18.957+0000] {dag.py:3047} INFO - Sync 1 DAGs
[2024-03-12T12:10:18.993+0000] {logging_mixin.py:188} INFO - [2024-03-12T12:10:18.992+0000] {dag.py:3834} INFO - Setting next_dagrun for example_branch_labels to 2024-03-11 00:00:00+00:00, run_after=2024-03-12 00:00:00+00:00
[2024-03-12T12:10:19.007+0000] {processor.py:183} INFO - Processing /home/airflow/.local/lib/python3.8/site-packages/airflow/example_dags/example_branch_labels.py took 0.289 seconds
[2024-03-12T12:10:49.627+0000] {processor.py:161} INFO - Started process (PID=6095) to work on /home/airflow/.local/lib/python3.8/site-packages/airflow/example_dags/example_branch_labels.py
[2024-03-12T12:10:49.629+0000] {processor.py:830} INFO - Processing file /home/airflow/.local/lib/python3.8/site-packages/airflow/example_dags/example_branch_labels.py for tasks to queue
[2024-03-12T12:10:49.630+0000] {logging_mixin.py:188} INFO - [2024-03-12T12:10:49.630+0000] {dagbag.py:540} INFO - Filling up the DagBag from /home/airflow/.local/lib/python3.8/site-packages/airflow/example_dags/example_branch_labels.py
[2024-03-12T12:10:49.641+0000] {processor.py:840} INFO - DAG(s) 'example_branch_labels' retrieved from /home/airflow/.local/lib/python3.8/site-packages/airflow/example_dags/example_branch_labels.py
[2024-03-12T12:10:49.673+0000] {logging_mixin.py:188} INFO - [2024-03-12T12:10:49.672+0000] {dag.py:3047} INFO - Sync 1 DAGs
[2024-03-12T12:10:49.694+0000] {logging_mixin.py:188} INFO - [2024-03-12T12:10:49.694+0000] {dag.py:3834} INFO - Setting next_dagrun for example_branch_labels to 2024-03-11 00:00:00+00:00, run_after=2024-03-12 00:00:00+00:00
[2024-03-12T12:10:49.717+0000] {processor.py:183} INFO - Processing /home/airflow/.local/lib/python3.8/site-packages/airflow/example_dags/example_branch_labels.py took 0.100 seconds
