[2024-03-12T11:50:05.610+0000] {processor.py:161} INFO - Started process (PID=316) to work on /home/airflow/.local/lib/python3.8/site-packages/airflow/example_dags/example_params_trigger_ui.py
[2024-03-12T11:50:05.612+0000] {processor.py:830} INFO - Processing file /home/airflow/.local/lib/python3.8/site-packages/airflow/example_dags/example_params_trigger_ui.py for tasks to queue
[2024-03-12T11:50:05.613+0000] {logging_mixin.py:188} INFO - [2024-03-12T11:50:05.612+0000] {dagbag.py:540} INFO - Filling up the DagBag from /home/airflow/.local/lib/python3.8/site-packages/airflow/example_dags/example_params_trigger_ui.py
[2024-03-12T11:50:05.632+0000] {processor.py:840} INFO - DAG(s) 'example_params_trigger_ui' retrieved from /home/airflow/.local/lib/python3.8/site-packages/airflow/example_dags/example_params_trigger_ui.py
[2024-03-12T11:50:05.671+0000] {logging_mixin.py:188} INFO - [2024-03-12T11:50:05.671+0000] {dag.py:3047} INFO - Sync 1 DAGs
[2024-03-12T11:50:05.679+0000] {logging_mixin.py:188} INFO - [2024-03-12T11:50:05.679+0000] {dag.py:3834} INFO - Setting next_dagrun for example_params_trigger_ui to None, run_after=None
[2024-03-12T11:50:05.693+0000] {processor.py:183} INFO - Processing /home/airflow/.local/lib/python3.8/site-packages/airflow/example_dags/example_params_trigger_ui.py took 0.086 seconds
[2024-03-12T11:50:36.553+0000] {processor.py:161} INFO - Started process (PID=561) to work on /home/airflow/.local/lib/python3.8/site-packages/airflow/example_dags/example_params_trigger_ui.py
[2024-03-12T11:50:36.556+0000] {processor.py:830} INFO - Processing file /home/airflow/.local/lib/python3.8/site-packages/airflow/example_dags/example_params_trigger_ui.py for tasks to queue
[2024-03-12T11:50:36.558+0000] {logging_mixin.py:188} INFO - [2024-03-12T11:50:36.558+0000] {dagbag.py:540} INFO - Filling up the DagBag from /home/airflow/.local/lib/python3.8/site-packages/airflow/example_dags/example_params_trigger_ui.py
[2024-03-12T11:50:36.570+0000] {processor.py:840} INFO - DAG(s) 'example_params_trigger_ui' retrieved from /home/airflow/.local/lib/python3.8/site-packages/airflow/example_dags/example_params_trigger_ui.py
[2024-03-12T11:50:36.610+0000] {logging_mixin.py:188} INFO - [2024-03-12T11:50:36.610+0000] {dag.py:3047} INFO - Sync 1 DAGs
[2024-03-12T11:50:36.621+0000] {logging_mixin.py:188} INFO - [2024-03-12T11:50:36.621+0000] {dag.py:3834} INFO - Setting next_dagrun for example_params_trigger_ui to None, run_after=None
[2024-03-12T11:50:36.642+0000] {processor.py:183} INFO - Processing /home/airflow/.local/lib/python3.8/site-packages/airflow/example_dags/example_params_trigger_ui.py took 0.096 seconds
[2024-03-12T11:51:07.167+0000] {processor.py:161} INFO - Started process (PID=809) to work on /home/airflow/.local/lib/python3.8/site-packages/airflow/example_dags/example_params_trigger_ui.py
[2024-03-12T11:51:07.168+0000] {processor.py:830} INFO - Processing file /home/airflow/.local/lib/python3.8/site-packages/airflow/example_dags/example_params_trigger_ui.py for tasks to queue
[2024-03-12T11:51:07.169+0000] {logging_mixin.py:188} INFO - [2024-03-12T11:51:07.169+0000] {dagbag.py:540} INFO - Filling up the DagBag from /home/airflow/.local/lib/python3.8/site-packages/airflow/example_dags/example_params_trigger_ui.py
[2024-03-12T11:51:07.179+0000] {processor.py:840} INFO - DAG(s) 'example_params_trigger_ui' retrieved from /home/airflow/.local/lib/python3.8/site-packages/airflow/example_dags/example_params_trigger_ui.py
[2024-03-12T11:51:07.208+0000] {logging_mixin.py:188} INFO - [2024-03-12T11:51:07.208+0000] {dag.py:3047} INFO - Sync 1 DAGs
[2024-03-12T11:51:07.215+0000] {logging_mixin.py:188} INFO - [2024-03-12T11:51:07.215+0000] {dag.py:3834} INFO - Setting next_dagrun for example_params_trigger_ui to None, run_after=None
[2024-03-12T11:51:07.227+0000] {processor.py:183} INFO - Processing /home/airflow/.local/lib/python3.8/site-packages/airflow/example_dags/example_params_trigger_ui.py took 0.064 seconds
[2024-03-12T11:51:37.576+0000] {processor.py:161} INFO - Started process (PID=1055) to work on /home/airflow/.local/lib/python3.8/site-packages/airflow/example_dags/example_params_trigger_ui.py
[2024-03-12T11:51:37.578+0000] {processor.py:830} INFO - Processing file /home/airflow/.local/lib/python3.8/site-packages/airflow/example_dags/example_params_trigger_ui.py for tasks to queue
[2024-03-12T11:51:37.579+0000] {logging_mixin.py:188} INFO - [2024-03-12T11:51:37.579+0000] {dagbag.py:540} INFO - Filling up the DagBag from /home/airflow/.local/lib/python3.8/site-packages/airflow/example_dags/example_params_trigger_ui.py
[2024-03-12T11:51:37.588+0000] {processor.py:840} INFO - DAG(s) 'example_params_trigger_ui' retrieved from /home/airflow/.local/lib/python3.8/site-packages/airflow/example_dags/example_params_trigger_ui.py
[2024-03-12T11:51:37.619+0000] {logging_mixin.py:188} INFO - [2024-03-12T11:51:37.619+0000] {dag.py:3047} INFO - Sync 1 DAGs
[2024-03-12T11:51:37.627+0000] {logging_mixin.py:188} INFO - [2024-03-12T11:51:37.627+0000] {dag.py:3834} INFO - Setting next_dagrun for example_params_trigger_ui to None, run_after=None
[2024-03-12T11:51:37.638+0000] {processor.py:183} INFO - Processing /home/airflow/.local/lib/python3.8/site-packages/airflow/example_dags/example_params_trigger_ui.py took 0.065 seconds
[2024-03-12T11:52:08.358+0000] {processor.py:161} INFO - Started process (PID=1302) to work on /home/airflow/.local/lib/python3.8/site-packages/airflow/example_dags/example_params_trigger_ui.py
[2024-03-12T11:52:08.359+0000] {processor.py:830} INFO - Processing file /home/airflow/.local/lib/python3.8/site-packages/airflow/example_dags/example_params_trigger_ui.py for tasks to queue
[2024-03-12T11:52:08.360+0000] {logging_mixin.py:188} INFO - [2024-03-12T11:52:08.360+0000] {dagbag.py:540} INFO - Filling up the DagBag from /home/airflow/.local/lib/python3.8/site-packages/airflow/example_dags/example_params_trigger_ui.py
[2024-03-12T11:52:08.369+0000] {processor.py:840} INFO - DAG(s) 'example_params_trigger_ui' retrieved from /home/airflow/.local/lib/python3.8/site-packages/airflow/example_dags/example_params_trigger_ui.py
[2024-03-12T11:52:08.400+0000] {logging_mixin.py:188} INFO - [2024-03-12T11:52:08.400+0000] {dag.py:3047} INFO - Sync 1 DAGs
[2024-03-12T11:52:08.409+0000] {logging_mixin.py:188} INFO - [2024-03-12T11:52:08.408+0000] {dag.py:3834} INFO - Setting next_dagrun for example_params_trigger_ui to None, run_after=None
[2024-03-12T11:52:08.424+0000] {processor.py:183} INFO - Processing /home/airflow/.local/lib/python3.8/site-packages/airflow/example_dags/example_params_trigger_ui.py took 0.070 seconds
[2024-03-12T11:52:39.530+0000] {processor.py:161} INFO - Started process (PID=1551) to work on /home/airflow/.local/lib/python3.8/site-packages/airflow/example_dags/example_params_trigger_ui.py
[2024-03-12T11:52:39.531+0000] {processor.py:830} INFO - Processing file /home/airflow/.local/lib/python3.8/site-packages/airflow/example_dags/example_params_trigger_ui.py for tasks to queue
[2024-03-12T11:52:39.532+0000] {logging_mixin.py:188} INFO - [2024-03-12T11:52:39.532+0000] {dagbag.py:540} INFO - Filling up the DagBag from /home/airflow/.local/lib/python3.8/site-packages/airflow/example_dags/example_params_trigger_ui.py
[2024-03-12T11:52:39.542+0000] {processor.py:840} INFO - DAG(s) 'example_params_trigger_ui' retrieved from /home/airflow/.local/lib/python3.8/site-packages/airflow/example_dags/example_params_trigger_ui.py
[2024-03-12T11:52:39.631+0000] {logging_mixin.py:188} INFO - [2024-03-12T11:52:39.630+0000] {dag.py:3047} INFO - Sync 1 DAGs
[2024-03-12T11:52:39.654+0000] {logging_mixin.py:188} INFO - [2024-03-12T11:52:39.654+0000] {dag.py:3834} INFO - Setting next_dagrun for example_params_trigger_ui to None, run_after=None
[2024-03-12T11:52:39.670+0000] {processor.py:183} INFO - Processing /home/airflow/.local/lib/python3.8/site-packages/airflow/example_dags/example_params_trigger_ui.py took 0.143 seconds
[2024-03-12T11:53:09.894+0000] {processor.py:161} INFO - Started process (PID=1796) to work on /home/airflow/.local/lib/python3.8/site-packages/airflow/example_dags/example_params_trigger_ui.py
[2024-03-12T11:53:09.896+0000] {processor.py:830} INFO - Processing file /home/airflow/.local/lib/python3.8/site-packages/airflow/example_dags/example_params_trigger_ui.py for tasks to queue
[2024-03-12T11:53:09.897+0000] {logging_mixin.py:188} INFO - [2024-03-12T11:53:09.897+0000] {dagbag.py:540} INFO - Filling up the DagBag from /home/airflow/.local/lib/python3.8/site-packages/airflow/example_dags/example_params_trigger_ui.py
[2024-03-12T11:53:09.907+0000] {processor.py:840} INFO - DAG(s) 'example_params_trigger_ui' retrieved from /home/airflow/.local/lib/python3.8/site-packages/airflow/example_dags/example_params_trigger_ui.py
[2024-03-12T11:53:09.959+0000] {logging_mixin.py:188} INFO - [2024-03-12T11:53:09.958+0000] {dag.py:3047} INFO - Sync 1 DAGs
[2024-03-12T11:53:09.971+0000] {logging_mixin.py:188} INFO - [2024-03-12T11:53:09.971+0000] {dag.py:3834} INFO - Setting next_dagrun for example_params_trigger_ui to None, run_after=None
[2024-03-12T11:53:09.986+0000] {processor.py:183} INFO - Processing /home/airflow/.local/lib/python3.8/site-packages/airflow/example_dags/example_params_trigger_ui.py took 0.095 seconds
[2024-03-12T11:53:41.279+0000] {processor.py:161} INFO - Started process (PID=2043) to work on /home/airflow/.local/lib/python3.8/site-packages/airflow/example_dags/example_params_trigger_ui.py
[2024-03-12T11:53:41.281+0000] {processor.py:830} INFO - Processing file /home/airflow/.local/lib/python3.8/site-packages/airflow/example_dags/example_params_trigger_ui.py for tasks to queue
[2024-03-12T11:53:41.282+0000] {logging_mixin.py:188} INFO - [2024-03-12T11:53:41.282+0000] {dagbag.py:540} INFO - Filling up the DagBag from /home/airflow/.local/lib/python3.8/site-packages/airflow/example_dags/example_params_trigger_ui.py
[2024-03-12T11:53:41.293+0000] {processor.py:840} INFO - DAG(s) 'example_params_trigger_ui' retrieved from /home/airflow/.local/lib/python3.8/site-packages/airflow/example_dags/example_params_trigger_ui.py
[2024-03-12T11:53:41.485+0000] {logging_mixin.py:188} INFO - [2024-03-12T11:53:41.484+0000] {dag.py:3047} INFO - Sync 1 DAGs
[2024-03-12T11:53:41.498+0000] {logging_mixin.py:188} INFO - [2024-03-12T11:53:41.498+0000] {dag.py:3834} INFO - Setting next_dagrun for example_params_trigger_ui to None, run_after=None
[2024-03-12T11:53:41.538+0000] {processor.py:183} INFO - Processing /home/airflow/.local/lib/python3.8/site-packages/airflow/example_dags/example_params_trigger_ui.py took 0.262 seconds
[2024-03-12T11:54:13.339+0000] {processor.py:161} INFO - Started process (PID=2290) to work on /home/airflow/.local/lib/python3.8/site-packages/airflow/example_dags/example_params_trigger_ui.py
[2024-03-12T11:54:13.378+0000] {processor.py:830} INFO - Processing file /home/airflow/.local/lib/python3.8/site-packages/airflow/example_dags/example_params_trigger_ui.py for tasks to queue
[2024-03-12T11:54:13.386+0000] {logging_mixin.py:188} INFO - [2024-03-12T11:54:13.385+0000] {dagbag.py:540} INFO - Filling up the DagBag from /home/airflow/.local/lib/python3.8/site-packages/airflow/example_dags/example_params_trigger_ui.py
[2024-03-12T11:54:13.406+0000] {processor.py:840} INFO - DAG(s) 'example_params_trigger_ui' retrieved from /home/airflow/.local/lib/python3.8/site-packages/airflow/example_dags/example_params_trigger_ui.py
[2024-03-12T11:54:13.453+0000] {logging_mixin.py:188} INFO - [2024-03-12T11:54:13.449+0000] {dag.py:3047} INFO - Sync 1 DAGs
[2024-03-12T11:54:13.475+0000] {logging_mixin.py:188} INFO - [2024-03-12T11:54:13.475+0000] {dag.py:3834} INFO - Setting next_dagrun for example_params_trigger_ui to None, run_after=None
[2024-03-12T11:54:13.501+0000] {processor.py:183} INFO - Processing /home/airflow/.local/lib/python3.8/site-packages/airflow/example_dags/example_params_trigger_ui.py took 0.190 seconds
[2024-03-12T11:54:44.337+0000] {processor.py:161} INFO - Started process (PID=2539) to work on /home/airflow/.local/lib/python3.8/site-packages/airflow/example_dags/example_params_trigger_ui.py
[2024-03-12T11:54:44.339+0000] {processor.py:830} INFO - Processing file /home/airflow/.local/lib/python3.8/site-packages/airflow/example_dags/example_params_trigger_ui.py for tasks to queue
[2024-03-12T11:54:44.340+0000] {logging_mixin.py:188} INFO - [2024-03-12T11:54:44.340+0000] {dagbag.py:540} INFO - Filling up the DagBag from /home/airflow/.local/lib/python3.8/site-packages/airflow/example_dags/example_params_trigger_ui.py
[2024-03-12T11:54:44.349+0000] {processor.py:840} INFO - DAG(s) 'example_params_trigger_ui' retrieved from /home/airflow/.local/lib/python3.8/site-packages/airflow/example_dags/example_params_trigger_ui.py
[2024-03-12T11:54:44.378+0000] {logging_mixin.py:188} INFO - [2024-03-12T11:54:44.377+0000] {dag.py:3047} INFO - Sync 1 DAGs
[2024-03-12T11:54:44.384+0000] {logging_mixin.py:188} INFO - [2024-03-12T11:54:44.384+0000] {dag.py:3834} INFO - Setting next_dagrun for example_params_trigger_ui to None, run_after=None
[2024-03-12T11:54:44.395+0000] {processor.py:183} INFO - Processing /home/airflow/.local/lib/python3.8/site-packages/airflow/example_dags/example_params_trigger_ui.py took 0.060 seconds
[2024-03-12T11:55:14.522+0000] {processor.py:161} INFO - Started process (PID=2786) to work on /home/airflow/.local/lib/python3.8/site-packages/airflow/example_dags/example_params_trigger_ui.py
[2024-03-12T11:55:14.524+0000] {processor.py:830} INFO - Processing file /home/airflow/.local/lib/python3.8/site-packages/airflow/example_dags/example_params_trigger_ui.py for tasks to queue
[2024-03-12T11:55:14.525+0000] {logging_mixin.py:188} INFO - [2024-03-12T11:55:14.525+0000] {dagbag.py:540} INFO - Filling up the DagBag from /home/airflow/.local/lib/python3.8/site-packages/airflow/example_dags/example_params_trigger_ui.py
[2024-03-12T11:55:14.536+0000] {processor.py:840} INFO - DAG(s) 'example_params_trigger_ui' retrieved from /home/airflow/.local/lib/python3.8/site-packages/airflow/example_dags/example_params_trigger_ui.py
[2024-03-12T11:55:14.576+0000] {logging_mixin.py:188} INFO - [2024-03-12T11:55:14.576+0000] {dag.py:3047} INFO - Sync 1 DAGs
[2024-03-12T11:55:14.592+0000] {logging_mixin.py:188} INFO - [2024-03-12T11:55:14.592+0000] {dag.py:3834} INFO - Setting next_dagrun for example_params_trigger_ui to None, run_after=None
[2024-03-12T11:55:14.607+0000] {processor.py:183} INFO - Processing /home/airflow/.local/lib/python3.8/site-packages/airflow/example_dags/example_params_trigger_ui.py took 0.087 seconds
[2024-03-12T11:55:45.231+0000] {processor.py:161} INFO - Started process (PID=3033) to work on /home/airflow/.local/lib/python3.8/site-packages/airflow/example_dags/example_params_trigger_ui.py
[2024-03-12T11:55:45.233+0000] {processor.py:830} INFO - Processing file /home/airflow/.local/lib/python3.8/site-packages/airflow/example_dags/example_params_trigger_ui.py for tasks to queue
[2024-03-12T11:55:45.233+0000] {logging_mixin.py:188} INFO - [2024-03-12T11:55:45.233+0000] {dagbag.py:540} INFO - Filling up the DagBag from /home/airflow/.local/lib/python3.8/site-packages/airflow/example_dags/example_params_trigger_ui.py
[2024-03-12T11:55:45.243+0000] {processor.py:840} INFO - DAG(s) 'example_params_trigger_ui' retrieved from /home/airflow/.local/lib/python3.8/site-packages/airflow/example_dags/example_params_trigger_ui.py
[2024-03-12T11:55:45.271+0000] {logging_mixin.py:188} INFO - [2024-03-12T11:55:45.271+0000] {dag.py:3047} INFO - Sync 1 DAGs
[2024-03-12T11:55:45.278+0000] {logging_mixin.py:188} INFO - [2024-03-12T11:55:45.278+0000] {dag.py:3834} INFO - Setting next_dagrun for example_params_trigger_ui to None, run_after=None
[2024-03-12T11:55:45.290+0000] {processor.py:183} INFO - Processing /home/airflow/.local/lib/python3.8/site-packages/airflow/example_dags/example_params_trigger_ui.py took 0.062 seconds
[2024-03-12T11:57:08.127+0000] {processor.py:161} INFO - Started process (PID=314) to work on /home/airflow/.local/lib/python3.8/site-packages/airflow/example_dags/example_params_trigger_ui.py
[2024-03-12T11:57:08.129+0000] {processor.py:830} INFO - Processing file /home/airflow/.local/lib/python3.8/site-packages/airflow/example_dags/example_params_trigger_ui.py for tasks to queue
[2024-03-12T11:57:08.130+0000] {logging_mixin.py:188} INFO - [2024-03-12T11:57:08.130+0000] {dagbag.py:540} INFO - Filling up the DagBag from /home/airflow/.local/lib/python3.8/site-packages/airflow/example_dags/example_params_trigger_ui.py
[2024-03-12T11:57:08.141+0000] {processor.py:840} INFO - DAG(s) 'example_params_trigger_ui' retrieved from /home/airflow/.local/lib/python3.8/site-packages/airflow/example_dags/example_params_trigger_ui.py
[2024-03-12T11:57:08.174+0000] {logging_mixin.py:188} INFO - [2024-03-12T11:57:08.174+0000] {dag.py:3047} INFO - Sync 1 DAGs
[2024-03-12T11:57:08.181+0000] {logging_mixin.py:188} INFO - [2024-03-12T11:57:08.181+0000] {dag.py:3834} INFO - Setting next_dagrun for example_params_trigger_ui to None, run_after=None
[2024-03-12T11:57:08.192+0000] {processor.py:183} INFO - Processing /home/airflow/.local/lib/python3.8/site-packages/airflow/example_dags/example_params_trigger_ui.py took 0.068 seconds
[2024-03-12T11:57:38.363+0000] {processor.py:161} INFO - Started process (PID=561) to work on /home/airflow/.local/lib/python3.8/site-packages/airflow/example_dags/example_params_trigger_ui.py
[2024-03-12T11:57:38.365+0000] {processor.py:830} INFO - Processing file /home/airflow/.local/lib/python3.8/site-packages/airflow/example_dags/example_params_trigger_ui.py for tasks to queue
[2024-03-12T11:57:38.366+0000] {logging_mixin.py:188} INFO - [2024-03-12T11:57:38.366+0000] {dagbag.py:540} INFO - Filling up the DagBag from /home/airflow/.local/lib/python3.8/site-packages/airflow/example_dags/example_params_trigger_ui.py
[2024-03-12T11:57:38.376+0000] {processor.py:840} INFO - DAG(s) 'example_params_trigger_ui' retrieved from /home/airflow/.local/lib/python3.8/site-packages/airflow/example_dags/example_params_trigger_ui.py
[2024-03-12T11:57:38.406+0000] {logging_mixin.py:188} INFO - [2024-03-12T11:57:38.406+0000] {dag.py:3047} INFO - Sync 1 DAGs
[2024-03-12T11:57:38.413+0000] {logging_mixin.py:188} INFO - [2024-03-12T11:57:38.413+0000] {dag.py:3834} INFO - Setting next_dagrun for example_params_trigger_ui to None, run_after=None
[2024-03-12T11:57:38.425+0000] {processor.py:183} INFO - Processing /home/airflow/.local/lib/python3.8/site-packages/airflow/example_dags/example_params_trigger_ui.py took 0.065 seconds
[2024-03-12T11:58:35.896+0000] {processor.py:161} INFO - Started process (PID=314) to work on /home/airflow/.local/lib/python3.8/site-packages/airflow/example_dags/example_params_trigger_ui.py
[2024-03-12T11:58:35.898+0000] {processor.py:830} INFO - Processing file /home/airflow/.local/lib/python3.8/site-packages/airflow/example_dags/example_params_trigger_ui.py for tasks to queue
[2024-03-12T11:58:35.898+0000] {logging_mixin.py:188} INFO - [2024-03-12T11:58:35.898+0000] {dagbag.py:540} INFO - Filling up the DagBag from /home/airflow/.local/lib/python3.8/site-packages/airflow/example_dags/example_params_trigger_ui.py
[2024-03-12T11:58:35.909+0000] {processor.py:840} INFO - DAG(s) 'example_params_trigger_ui' retrieved from /home/airflow/.local/lib/python3.8/site-packages/airflow/example_dags/example_params_trigger_ui.py
[2024-03-12T11:58:35.941+0000] {logging_mixin.py:188} INFO - [2024-03-12T11:58:35.941+0000] {dag.py:3047} INFO - Sync 1 DAGs
[2024-03-12T11:58:35.949+0000] {logging_mixin.py:188} INFO - [2024-03-12T11:58:35.949+0000] {dag.py:3834} INFO - Setting next_dagrun for example_params_trigger_ui to None, run_after=None
[2024-03-12T11:58:35.958+0000] {processor.py:183} INFO - Processing /home/airflow/.local/lib/python3.8/site-packages/airflow/example_dags/example_params_trigger_ui.py took 0.065 seconds
[2024-03-12T11:59:06.052+0000] {processor.py:161} INFO - Started process (PID=563) to work on /home/airflow/.local/lib/python3.8/site-packages/airflow/example_dags/example_params_trigger_ui.py
[2024-03-12T11:59:06.053+0000] {processor.py:830} INFO - Processing file /home/airflow/.local/lib/python3.8/site-packages/airflow/example_dags/example_params_trigger_ui.py for tasks to queue
[2024-03-12T11:59:06.054+0000] {logging_mixin.py:188} INFO - [2024-03-12T11:59:06.054+0000] {dagbag.py:540} INFO - Filling up the DagBag from /home/airflow/.local/lib/python3.8/site-packages/airflow/example_dags/example_params_trigger_ui.py
[2024-03-12T11:59:06.065+0000] {processor.py:840} INFO - DAG(s) 'example_params_trigger_ui' retrieved from /home/airflow/.local/lib/python3.8/site-packages/airflow/example_dags/example_params_trigger_ui.py
[2024-03-12T11:59:06.092+0000] {logging_mixin.py:188} INFO - [2024-03-12T11:59:06.092+0000] {dag.py:3047} INFO - Sync 1 DAGs
[2024-03-12T11:59:06.100+0000] {logging_mixin.py:188} INFO - [2024-03-12T11:59:06.099+0000] {dag.py:3834} INFO - Setting next_dagrun for example_params_trigger_ui to None, run_after=None
[2024-03-12T11:59:06.111+0000] {processor.py:183} INFO - Processing /home/airflow/.local/lib/python3.8/site-packages/airflow/example_dags/example_params_trigger_ui.py took 0.063 seconds
[2024-03-12T11:59:36.497+0000] {processor.py:161} INFO - Started process (PID=810) to work on /home/airflow/.local/lib/python3.8/site-packages/airflow/example_dags/example_params_trigger_ui.py
[2024-03-12T11:59:36.498+0000] {processor.py:830} INFO - Processing file /home/airflow/.local/lib/python3.8/site-packages/airflow/example_dags/example_params_trigger_ui.py for tasks to queue
[2024-03-12T11:59:36.499+0000] {logging_mixin.py:188} INFO - [2024-03-12T11:59:36.499+0000] {dagbag.py:540} INFO - Filling up the DagBag from /home/airflow/.local/lib/python3.8/site-packages/airflow/example_dags/example_params_trigger_ui.py
[2024-03-12T11:59:36.508+0000] {processor.py:840} INFO - DAG(s) 'example_params_trigger_ui' retrieved from /home/airflow/.local/lib/python3.8/site-packages/airflow/example_dags/example_params_trigger_ui.py
[2024-03-12T11:59:36.538+0000] {logging_mixin.py:188} INFO - [2024-03-12T11:59:36.538+0000] {dag.py:3047} INFO - Sync 1 DAGs
[2024-03-12T11:59:36.548+0000] {logging_mixin.py:188} INFO - [2024-03-12T11:59:36.548+0000] {dag.py:3834} INFO - Setting next_dagrun for example_params_trigger_ui to None, run_after=None
[2024-03-12T11:59:36.562+0000] {processor.py:183} INFO - Processing /home/airflow/.local/lib/python3.8/site-packages/airflow/example_dags/example_params_trigger_ui.py took 0.068 seconds
[2024-03-12T12:00:07.416+0000] {processor.py:161} INFO - Started process (PID=1057) to work on /home/airflow/.local/lib/python3.8/site-packages/airflow/example_dags/example_params_trigger_ui.py
[2024-03-12T12:00:07.417+0000] {processor.py:830} INFO - Processing file /home/airflow/.local/lib/python3.8/site-packages/airflow/example_dags/example_params_trigger_ui.py for tasks to queue
[2024-03-12T12:00:07.418+0000] {logging_mixin.py:188} INFO - [2024-03-12T12:00:07.418+0000] {dagbag.py:540} INFO - Filling up the DagBag from /home/airflow/.local/lib/python3.8/site-packages/airflow/example_dags/example_params_trigger_ui.py
[2024-03-12T12:00:07.427+0000] {processor.py:840} INFO - DAG(s) 'example_params_trigger_ui' retrieved from /home/airflow/.local/lib/python3.8/site-packages/airflow/example_dags/example_params_trigger_ui.py
[2024-03-12T12:00:07.455+0000] {logging_mixin.py:188} INFO - [2024-03-12T12:00:07.454+0000] {dag.py:3047} INFO - Sync 1 DAGs
[2024-03-12T12:00:07.461+0000] {logging_mixin.py:188} INFO - [2024-03-12T12:00:07.461+0000] {dag.py:3834} INFO - Setting next_dagrun for example_params_trigger_ui to None, run_after=None
[2024-03-12T12:00:07.471+0000] {processor.py:183} INFO - Processing /home/airflow/.local/lib/python3.8/site-packages/airflow/example_dags/example_params_trigger_ui.py took 0.058 seconds
[2024-03-12T12:00:38.498+0000] {processor.py:161} INFO - Started process (PID=1304) to work on /home/airflow/.local/lib/python3.8/site-packages/airflow/example_dags/example_params_trigger_ui.py
[2024-03-12T12:00:38.500+0000] {processor.py:830} INFO - Processing file /home/airflow/.local/lib/python3.8/site-packages/airflow/example_dags/example_params_trigger_ui.py for tasks to queue
[2024-03-12T12:00:38.501+0000] {logging_mixin.py:188} INFO - [2024-03-12T12:00:38.501+0000] {dagbag.py:540} INFO - Filling up the DagBag from /home/airflow/.local/lib/python3.8/site-packages/airflow/example_dags/example_params_trigger_ui.py
[2024-03-12T12:00:38.512+0000] {processor.py:840} INFO - DAG(s) 'example_params_trigger_ui' retrieved from /home/airflow/.local/lib/python3.8/site-packages/airflow/example_dags/example_params_trigger_ui.py
[2024-03-12T12:00:38.546+0000] {logging_mixin.py:188} INFO - [2024-03-12T12:00:38.546+0000] {dag.py:3047} INFO - Sync 1 DAGs
[2024-03-12T12:00:38.554+0000] {logging_mixin.py:188} INFO - [2024-03-12T12:00:38.554+0000] {dag.py:3834} INFO - Setting next_dagrun for example_params_trigger_ui to None, run_after=None
[2024-03-12T12:00:38.563+0000] {processor.py:183} INFO - Processing /home/airflow/.local/lib/python3.8/site-packages/airflow/example_dags/example_params_trigger_ui.py took 0.068 seconds
[2024-03-12T12:01:09.288+0000] {processor.py:161} INFO - Started process (PID=1549) to work on /home/airflow/.local/lib/python3.8/site-packages/airflow/example_dags/example_params_trigger_ui.py
[2024-03-12T12:01:09.290+0000] {processor.py:830} INFO - Processing file /home/airflow/.local/lib/python3.8/site-packages/airflow/example_dags/example_params_trigger_ui.py for tasks to queue
[2024-03-12T12:01:09.291+0000] {logging_mixin.py:188} INFO - [2024-03-12T12:01:09.290+0000] {dagbag.py:540} INFO - Filling up the DagBag from /home/airflow/.local/lib/python3.8/site-packages/airflow/example_dags/example_params_trigger_ui.py
[2024-03-12T12:01:09.300+0000] {processor.py:840} INFO - DAG(s) 'example_params_trigger_ui' retrieved from /home/airflow/.local/lib/python3.8/site-packages/airflow/example_dags/example_params_trigger_ui.py
[2024-03-12T12:01:09.329+0000] {logging_mixin.py:188} INFO - [2024-03-12T12:01:09.328+0000] {dag.py:3047} INFO - Sync 1 DAGs
[2024-03-12T12:01:09.337+0000] {logging_mixin.py:188} INFO - [2024-03-12T12:01:09.336+0000] {dag.py:3834} INFO - Setting next_dagrun for example_params_trigger_ui to None, run_after=None
[2024-03-12T12:01:09.347+0000] {processor.py:183} INFO - Processing /home/airflow/.local/lib/python3.8/site-packages/airflow/example_dags/example_params_trigger_ui.py took 0.062 seconds
[2024-03-12T12:01:40.312+0000] {processor.py:161} INFO - Started process (PID=1798) to work on /home/airflow/.local/lib/python3.8/site-packages/airflow/example_dags/example_params_trigger_ui.py
[2024-03-12T12:01:40.313+0000] {processor.py:830} INFO - Processing file /home/airflow/.local/lib/python3.8/site-packages/airflow/example_dags/example_params_trigger_ui.py for tasks to queue
[2024-03-12T12:01:40.314+0000] {logging_mixin.py:188} INFO - [2024-03-12T12:01:40.314+0000] {dagbag.py:540} INFO - Filling up the DagBag from /home/airflow/.local/lib/python3.8/site-packages/airflow/example_dags/example_params_trigger_ui.py
[2024-03-12T12:01:40.323+0000] {processor.py:840} INFO - DAG(s) 'example_params_trigger_ui' retrieved from /home/airflow/.local/lib/python3.8/site-packages/airflow/example_dags/example_params_trigger_ui.py
[2024-03-12T12:01:40.351+0000] {logging_mixin.py:188} INFO - [2024-03-12T12:01:40.351+0000] {dag.py:3047} INFO - Sync 1 DAGs
[2024-03-12T12:01:40.359+0000] {logging_mixin.py:188} INFO - [2024-03-12T12:01:40.358+0000] {dag.py:3834} INFO - Setting next_dagrun for example_params_trigger_ui to None, run_after=None
[2024-03-12T12:01:40.371+0000] {processor.py:183} INFO - Processing /home/airflow/.local/lib/python3.8/site-packages/airflow/example_dags/example_params_trigger_ui.py took 0.063 seconds
[2024-03-12T12:02:11.058+0000] {processor.py:161} INFO - Started process (PID=2045) to work on /home/airflow/.local/lib/python3.8/site-packages/airflow/example_dags/example_params_trigger_ui.py
[2024-03-12T12:02:11.060+0000] {processor.py:830} INFO - Processing file /home/airflow/.local/lib/python3.8/site-packages/airflow/example_dags/example_params_trigger_ui.py for tasks to queue
[2024-03-12T12:02:11.061+0000] {logging_mixin.py:188} INFO - [2024-03-12T12:02:11.060+0000] {dagbag.py:540} INFO - Filling up the DagBag from /home/airflow/.local/lib/python3.8/site-packages/airflow/example_dags/example_params_trigger_ui.py
[2024-03-12T12:02:11.070+0000] {processor.py:840} INFO - DAG(s) 'example_params_trigger_ui' retrieved from /home/airflow/.local/lib/python3.8/site-packages/airflow/example_dags/example_params_trigger_ui.py
[2024-03-12T12:02:11.099+0000] {logging_mixin.py:188} INFO - [2024-03-12T12:02:11.099+0000] {dag.py:3047} INFO - Sync 1 DAGs
[2024-03-12T12:02:11.107+0000] {logging_mixin.py:188} INFO - [2024-03-12T12:02:11.107+0000] {dag.py:3834} INFO - Setting next_dagrun for example_params_trigger_ui to None, run_after=None
[2024-03-12T12:02:11.117+0000] {processor.py:183} INFO - Processing /home/airflow/.local/lib/python3.8/site-packages/airflow/example_dags/example_params_trigger_ui.py took 0.062 seconds
[2024-03-12T12:02:41.833+0000] {processor.py:161} INFO - Started process (PID=2292) to work on /home/airflow/.local/lib/python3.8/site-packages/airflow/example_dags/example_params_trigger_ui.py
[2024-03-12T12:02:41.834+0000] {processor.py:830} INFO - Processing file /home/airflow/.local/lib/python3.8/site-packages/airflow/example_dags/example_params_trigger_ui.py for tasks to queue
[2024-03-12T12:02:41.836+0000] {logging_mixin.py:188} INFO - [2024-03-12T12:02:41.835+0000] {dagbag.py:540} INFO - Filling up the DagBag from /home/airflow/.local/lib/python3.8/site-packages/airflow/example_dags/example_params_trigger_ui.py
[2024-03-12T12:02:41.848+0000] {processor.py:840} INFO - DAG(s) 'example_params_trigger_ui' retrieved from /home/airflow/.local/lib/python3.8/site-packages/airflow/example_dags/example_params_trigger_ui.py
[2024-03-12T12:02:41.876+0000] {logging_mixin.py:188} INFO - [2024-03-12T12:02:41.876+0000] {dag.py:3047} INFO - Sync 1 DAGs
[2024-03-12T12:02:41.883+0000] {logging_mixin.py:188} INFO - [2024-03-12T12:02:41.883+0000] {dag.py:3834} INFO - Setting next_dagrun for example_params_trigger_ui to None, run_after=None
[2024-03-12T12:02:41.893+0000] {processor.py:183} INFO - Processing /home/airflow/.local/lib/python3.8/site-packages/airflow/example_dags/example_params_trigger_ui.py took 0.063 seconds
[2024-03-12T12:03:13.487+0000] {processor.py:161} INFO - Started process (PID=2537) to work on /home/airflow/.local/lib/python3.8/site-packages/airflow/example_dags/example_params_trigger_ui.py
[2024-03-12T12:03:13.488+0000] {processor.py:830} INFO - Processing file /home/airflow/.local/lib/python3.8/site-packages/airflow/example_dags/example_params_trigger_ui.py for tasks to queue
[2024-03-12T12:03:13.489+0000] {logging_mixin.py:188} INFO - [2024-03-12T12:03:13.489+0000] {dagbag.py:540} INFO - Filling up the DagBag from /home/airflow/.local/lib/python3.8/site-packages/airflow/example_dags/example_params_trigger_ui.py
[2024-03-12T12:03:13.547+0000] {processor.py:840} INFO - DAG(s) 'example_params_trigger_ui' retrieved from /home/airflow/.local/lib/python3.8/site-packages/airflow/example_dags/example_params_trigger_ui.py
[2024-03-12T12:03:13.586+0000] {logging_mixin.py:188} INFO - [2024-03-12T12:03:13.586+0000] {dag.py:3047} INFO - Sync 1 DAGs
[2024-03-12T12:03:13.595+0000] {logging_mixin.py:188} INFO - [2024-03-12T12:03:13.595+0000] {dag.py:3834} INFO - Setting next_dagrun for example_params_trigger_ui to None, run_after=None
[2024-03-12T12:03:13.609+0000] {processor.py:183} INFO - Processing /home/airflow/.local/lib/python3.8/site-packages/airflow/example_dags/example_params_trigger_ui.py took 0.125 seconds
[2024-03-12T12:03:44.820+0000] {processor.py:161} INFO - Started process (PID=2784) to work on /home/airflow/.local/lib/python3.8/site-packages/airflow/example_dags/example_params_trigger_ui.py
[2024-03-12T12:03:44.822+0000] {processor.py:830} INFO - Processing file /home/airflow/.local/lib/python3.8/site-packages/airflow/example_dags/example_params_trigger_ui.py for tasks to queue
[2024-03-12T12:03:44.825+0000] {logging_mixin.py:188} INFO - [2024-03-12T12:03:44.824+0000] {dagbag.py:540} INFO - Filling up the DagBag from /home/airflow/.local/lib/python3.8/site-packages/airflow/example_dags/example_params_trigger_ui.py
[2024-03-12T12:03:44.842+0000] {processor.py:840} INFO - DAG(s) 'example_params_trigger_ui' retrieved from /home/airflow/.local/lib/python3.8/site-packages/airflow/example_dags/example_params_trigger_ui.py
[2024-03-12T12:03:44.874+0000] {logging_mixin.py:188} INFO - [2024-03-12T12:03:44.873+0000] {dag.py:3047} INFO - Sync 1 DAGs
[2024-03-12T12:03:44.884+0000] {logging_mixin.py:188} INFO - [2024-03-12T12:03:44.883+0000] {dag.py:3834} INFO - Setting next_dagrun for example_params_trigger_ui to None, run_after=None
[2024-03-12T12:03:44.897+0000] {processor.py:183} INFO - Processing /home/airflow/.local/lib/python3.8/site-packages/airflow/example_dags/example_params_trigger_ui.py took 0.081 seconds
[2024-03-12T12:04:16.250+0000] {processor.py:161} INFO - Started process (PID=3031) to work on /home/airflow/.local/lib/python3.8/site-packages/airflow/example_dags/example_params_trigger_ui.py
[2024-03-12T12:04:16.254+0000] {processor.py:830} INFO - Processing file /home/airflow/.local/lib/python3.8/site-packages/airflow/example_dags/example_params_trigger_ui.py for tasks to queue
[2024-03-12T12:04:16.257+0000] {logging_mixin.py:188} INFO - [2024-03-12T12:04:16.256+0000] {dagbag.py:540} INFO - Filling up the DagBag from /home/airflow/.local/lib/python3.8/site-packages/airflow/example_dags/example_params_trigger_ui.py
[2024-03-12T12:04:16.277+0000] {processor.py:840} INFO - DAG(s) 'example_params_trigger_ui' retrieved from /home/airflow/.local/lib/python3.8/site-packages/airflow/example_dags/example_params_trigger_ui.py
[2024-03-12T12:04:16.339+0000] {logging_mixin.py:188} INFO - [2024-03-12T12:04:16.339+0000] {dag.py:3047} INFO - Sync 1 DAGs
[2024-03-12T12:04:16.349+0000] {logging_mixin.py:188} INFO - [2024-03-12T12:04:16.349+0000] {dag.py:3834} INFO - Setting next_dagrun for example_params_trigger_ui to None, run_after=None
[2024-03-12T12:04:16.366+0000] {processor.py:183} INFO - Processing /home/airflow/.local/lib/python3.8/site-packages/airflow/example_dags/example_params_trigger_ui.py took 0.124 seconds
[2024-03-12T12:04:46.438+0000] {processor.py:161} INFO - Started process (PID=3278) to work on /home/airflow/.local/lib/python3.8/site-packages/airflow/example_dags/example_params_trigger_ui.py
[2024-03-12T12:04:46.440+0000] {processor.py:830} INFO - Processing file /home/airflow/.local/lib/python3.8/site-packages/airflow/example_dags/example_params_trigger_ui.py for tasks to queue
[2024-03-12T12:04:46.441+0000] {logging_mixin.py:188} INFO - [2024-03-12T12:04:46.441+0000] {dagbag.py:540} INFO - Filling up the DagBag from /home/airflow/.local/lib/python3.8/site-packages/airflow/example_dags/example_params_trigger_ui.py
[2024-03-12T12:04:46.453+0000] {processor.py:840} INFO - DAG(s) 'example_params_trigger_ui' retrieved from /home/airflow/.local/lib/python3.8/site-packages/airflow/example_dags/example_params_trigger_ui.py
[2024-03-12T12:04:46.495+0000] {logging_mixin.py:188} INFO - [2024-03-12T12:04:46.494+0000] {dag.py:3047} INFO - Sync 1 DAGs
[2024-03-12T12:04:46.508+0000] {logging_mixin.py:188} INFO - [2024-03-12T12:04:46.508+0000] {dag.py:3834} INFO - Setting next_dagrun for example_params_trigger_ui to None, run_after=None
[2024-03-12T12:04:46.532+0000] {processor.py:183} INFO - Processing /home/airflow/.local/lib/python3.8/site-packages/airflow/example_dags/example_params_trigger_ui.py took 0.099 seconds
[2024-03-12T12:05:17.603+0000] {processor.py:161} INFO - Started process (PID=3526) to work on /home/airflow/.local/lib/python3.8/site-packages/airflow/example_dags/example_params_trigger_ui.py
[2024-03-12T12:05:17.606+0000] {processor.py:830} INFO - Processing file /home/airflow/.local/lib/python3.8/site-packages/airflow/example_dags/example_params_trigger_ui.py for tasks to queue
[2024-03-12T12:05:17.608+0000] {logging_mixin.py:188} INFO - [2024-03-12T12:05:17.607+0000] {dagbag.py:540} INFO - Filling up the DagBag from /home/airflow/.local/lib/python3.8/site-packages/airflow/example_dags/example_params_trigger_ui.py
[2024-03-12T12:05:17.622+0000] {processor.py:840} INFO - DAG(s) 'example_params_trigger_ui' retrieved from /home/airflow/.local/lib/python3.8/site-packages/airflow/example_dags/example_params_trigger_ui.py
[2024-03-12T12:05:17.683+0000] {logging_mixin.py:188} INFO - [2024-03-12T12:05:17.683+0000] {dag.py:3047} INFO - Sync 1 DAGs
[2024-03-12T12:05:17.700+0000] {logging_mixin.py:188} INFO - [2024-03-12T12:05:17.700+0000] {dag.py:3834} INFO - Setting next_dagrun for example_params_trigger_ui to None, run_after=None
[2024-03-12T12:05:17.730+0000] {processor.py:183} INFO - Processing /home/airflow/.local/lib/python3.8/site-packages/airflow/example_dags/example_params_trigger_ui.py took 0.131 seconds
[2024-03-12T12:05:47.842+0000] {processor.py:161} INFO - Started process (PID=3773) to work on /home/airflow/.local/lib/python3.8/site-packages/airflow/example_dags/example_params_trigger_ui.py
[2024-03-12T12:05:47.844+0000] {processor.py:830} INFO - Processing file /home/airflow/.local/lib/python3.8/site-packages/airflow/example_dags/example_params_trigger_ui.py for tasks to queue
[2024-03-12T12:05:47.845+0000] {logging_mixin.py:188} INFO - [2024-03-12T12:05:47.844+0000] {dagbag.py:540} INFO - Filling up the DagBag from /home/airflow/.local/lib/python3.8/site-packages/airflow/example_dags/example_params_trigger_ui.py
[2024-03-12T12:05:47.855+0000] {processor.py:840} INFO - DAG(s) 'example_params_trigger_ui' retrieved from /home/airflow/.local/lib/python3.8/site-packages/airflow/example_dags/example_params_trigger_ui.py
[2024-03-12T12:05:47.893+0000] {logging_mixin.py:188} INFO - [2024-03-12T12:05:47.893+0000] {dag.py:3047} INFO - Sync 1 DAGs
[2024-03-12T12:05:47.916+0000] {logging_mixin.py:188} INFO - [2024-03-12T12:05:47.916+0000] {dag.py:3834} INFO - Setting next_dagrun for example_params_trigger_ui to None, run_after=None
[2024-03-12T12:05:47.929+0000] {processor.py:183} INFO - Processing /home/airflow/.local/lib/python3.8/site-packages/airflow/example_dags/example_params_trigger_ui.py took 0.090 seconds
[2024-03-12T12:06:19.832+0000] {processor.py:161} INFO - Started process (PID=4022) to work on /home/airflow/.local/lib/python3.8/site-packages/airflow/example_dags/example_params_trigger_ui.py
[2024-03-12T12:06:19.833+0000] {processor.py:830} INFO - Processing file /home/airflow/.local/lib/python3.8/site-packages/airflow/example_dags/example_params_trigger_ui.py for tasks to queue
[2024-03-12T12:06:19.834+0000] {logging_mixin.py:188} INFO - [2024-03-12T12:06:19.834+0000] {dagbag.py:540} INFO - Filling up the DagBag from /home/airflow/.local/lib/python3.8/site-packages/airflow/example_dags/example_params_trigger_ui.py
[2024-03-12T12:06:19.844+0000] {processor.py:840} INFO - DAG(s) 'example_params_trigger_ui' retrieved from /home/airflow/.local/lib/python3.8/site-packages/airflow/example_dags/example_params_trigger_ui.py
[2024-03-12T12:06:19.878+0000] {logging_mixin.py:188} INFO - [2024-03-12T12:06:19.878+0000] {dag.py:3047} INFO - Sync 1 DAGs
[2024-03-12T12:06:19.890+0000] {logging_mixin.py:188} INFO - [2024-03-12T12:06:19.890+0000] {dag.py:3834} INFO - Setting next_dagrun for example_params_trigger_ui to None, run_after=None
[2024-03-12T12:06:19.905+0000] {processor.py:183} INFO - Processing /home/airflow/.local/lib/python3.8/site-packages/airflow/example_dags/example_params_trigger_ui.py took 0.077 seconds
[2024-03-12T12:06:50.924+0000] {processor.py:161} INFO - Started process (PID=4267) to work on /home/airflow/.local/lib/python3.8/site-packages/airflow/example_dags/example_params_trigger_ui.py
[2024-03-12T12:06:50.927+0000] {processor.py:830} INFO - Processing file /home/airflow/.local/lib/python3.8/site-packages/airflow/example_dags/example_params_trigger_ui.py for tasks to queue
[2024-03-12T12:06:50.930+0000] {logging_mixin.py:188} INFO - [2024-03-12T12:06:50.929+0000] {dagbag.py:540} INFO - Filling up the DagBag from /home/airflow/.local/lib/python3.8/site-packages/airflow/example_dags/example_params_trigger_ui.py
[2024-03-12T12:06:50.948+0000] {processor.py:840} INFO - DAG(s) 'example_params_trigger_ui' retrieved from /home/airflow/.local/lib/python3.8/site-packages/airflow/example_dags/example_params_trigger_ui.py
[2024-03-12T12:06:51.022+0000] {logging_mixin.py:188} INFO - [2024-03-12T12:06:51.021+0000] {dag.py:3047} INFO - Sync 1 DAGs
[2024-03-12T12:06:51.037+0000] {logging_mixin.py:188} INFO - [2024-03-12T12:06:51.037+0000] {dag.py:3834} INFO - Setting next_dagrun for example_params_trigger_ui to None, run_after=None
[2024-03-12T12:06:51.058+0000] {processor.py:183} INFO - Processing /home/airflow/.local/lib/python3.8/site-packages/airflow/example_dags/example_params_trigger_ui.py took 0.137 seconds
[2024-03-12T12:07:21.634+0000] {processor.py:161} INFO - Started process (PID=4514) to work on /home/airflow/.local/lib/python3.8/site-packages/airflow/example_dags/example_params_trigger_ui.py
[2024-03-12T12:07:21.636+0000] {processor.py:830} INFO - Processing file /home/airflow/.local/lib/python3.8/site-packages/airflow/example_dags/example_params_trigger_ui.py for tasks to queue
[2024-03-12T12:07:21.637+0000] {logging_mixin.py:188} INFO - [2024-03-12T12:07:21.637+0000] {dagbag.py:540} INFO - Filling up the DagBag from /home/airflow/.local/lib/python3.8/site-packages/airflow/example_dags/example_params_trigger_ui.py
[2024-03-12T12:07:21.648+0000] {processor.py:840} INFO - DAG(s) 'example_params_trigger_ui' retrieved from /home/airflow/.local/lib/python3.8/site-packages/airflow/example_dags/example_params_trigger_ui.py
[2024-03-12T12:07:21.679+0000] {logging_mixin.py:188} INFO - [2024-03-12T12:07:21.679+0000] {dag.py:3047} INFO - Sync 1 DAGs
[2024-03-12T12:07:21.687+0000] {logging_mixin.py:188} INFO - [2024-03-12T12:07:21.687+0000] {dag.py:3834} INFO - Setting next_dagrun for example_params_trigger_ui to None, run_after=None
[2024-03-12T12:07:21.698+0000] {processor.py:183} INFO - Processing /home/airflow/.local/lib/python3.8/site-packages/airflow/example_dags/example_params_trigger_ui.py took 0.066 seconds
[2024-03-12T12:07:52.123+0000] {processor.py:161} INFO - Started process (PID=4761) to work on /home/airflow/.local/lib/python3.8/site-packages/airflow/example_dags/example_params_trigger_ui.py
[2024-03-12T12:07:52.124+0000] {processor.py:830} INFO - Processing file /home/airflow/.local/lib/python3.8/site-packages/airflow/example_dags/example_params_trigger_ui.py for tasks to queue
[2024-03-12T12:07:52.125+0000] {logging_mixin.py:188} INFO - [2024-03-12T12:07:52.125+0000] {dagbag.py:540} INFO - Filling up the DagBag from /home/airflow/.local/lib/python3.8/site-packages/airflow/example_dags/example_params_trigger_ui.py
[2024-03-12T12:07:52.134+0000] {processor.py:840} INFO - DAG(s) 'example_params_trigger_ui' retrieved from /home/airflow/.local/lib/python3.8/site-packages/airflow/example_dags/example_params_trigger_ui.py
[2024-03-12T12:07:52.163+0000] {logging_mixin.py:188} INFO - [2024-03-12T12:07:52.163+0000] {dag.py:3047} INFO - Sync 1 DAGs
[2024-03-12T12:07:52.171+0000] {logging_mixin.py:188} INFO - [2024-03-12T12:07:52.171+0000] {dag.py:3834} INFO - Setting next_dagrun for example_params_trigger_ui to None, run_after=None
[2024-03-12T12:07:52.181+0000] {processor.py:183} INFO - Processing /home/airflow/.local/lib/python3.8/site-packages/airflow/example_dags/example_params_trigger_ui.py took 0.061 seconds
[2024-03-12T12:08:22.477+0000] {processor.py:161} INFO - Started process (PID=5008) to work on /home/airflow/.local/lib/python3.8/site-packages/airflow/example_dags/example_params_trigger_ui.py
[2024-03-12T12:08:22.479+0000] {processor.py:830} INFO - Processing file /home/airflow/.local/lib/python3.8/site-packages/airflow/example_dags/example_params_trigger_ui.py for tasks to queue
[2024-03-12T12:08:22.480+0000] {logging_mixin.py:188} INFO - [2024-03-12T12:08:22.480+0000] {dagbag.py:540} INFO - Filling up the DagBag from /home/airflow/.local/lib/python3.8/site-packages/airflow/example_dags/example_params_trigger_ui.py
[2024-03-12T12:08:22.489+0000] {processor.py:840} INFO - DAG(s) 'example_params_trigger_ui' retrieved from /home/airflow/.local/lib/python3.8/site-packages/airflow/example_dags/example_params_trigger_ui.py
[2024-03-12T12:08:22.518+0000] {logging_mixin.py:188} INFO - [2024-03-12T12:08:22.517+0000] {dag.py:3047} INFO - Sync 1 DAGs
[2024-03-12T12:08:22.525+0000] {logging_mixin.py:188} INFO - [2024-03-12T12:08:22.525+0000] {dag.py:3834} INFO - Setting next_dagrun for example_params_trigger_ui to None, run_after=None
[2024-03-12T12:08:22.536+0000] {processor.py:183} INFO - Processing /home/airflow/.local/lib/python3.8/site-packages/airflow/example_dags/example_params_trigger_ui.py took 0.061 seconds
[2024-03-12T12:08:53.149+0000] {processor.py:161} INFO - Started process (PID=5255) to work on /home/airflow/.local/lib/python3.8/site-packages/airflow/example_dags/example_params_trigger_ui.py
[2024-03-12T12:08:53.151+0000] {processor.py:830} INFO - Processing file /home/airflow/.local/lib/python3.8/site-packages/airflow/example_dags/example_params_trigger_ui.py for tasks to queue
[2024-03-12T12:08:53.152+0000] {logging_mixin.py:188} INFO - [2024-03-12T12:08:53.152+0000] {dagbag.py:540} INFO - Filling up the DagBag from /home/airflow/.local/lib/python3.8/site-packages/airflow/example_dags/example_params_trigger_ui.py
[2024-03-12T12:08:53.162+0000] {processor.py:840} INFO - DAG(s) 'example_params_trigger_ui' retrieved from /home/airflow/.local/lib/python3.8/site-packages/airflow/example_dags/example_params_trigger_ui.py
[2024-03-12T12:08:53.198+0000] {logging_mixin.py:188} INFO - [2024-03-12T12:08:53.198+0000] {dag.py:3047} INFO - Sync 1 DAGs
[2024-03-12T12:08:53.206+0000] {logging_mixin.py:188} INFO - [2024-03-12T12:08:53.206+0000] {dag.py:3834} INFO - Setting next_dagrun for example_params_trigger_ui to None, run_after=None
[2024-03-12T12:08:53.218+0000] {processor.py:183} INFO - Processing /home/airflow/.local/lib/python3.8/site-packages/airflow/example_dags/example_params_trigger_ui.py took 0.071 seconds
[2024-03-12T12:09:23.751+0000] {processor.py:161} INFO - Started process (PID=5502) to work on /home/airflow/.local/lib/python3.8/site-packages/airflow/example_dags/example_params_trigger_ui.py
[2024-03-12T12:09:23.752+0000] {processor.py:830} INFO - Processing file /home/airflow/.local/lib/python3.8/site-packages/airflow/example_dags/example_params_trigger_ui.py for tasks to queue
[2024-03-12T12:09:23.753+0000] {logging_mixin.py:188} INFO - [2024-03-12T12:09:23.753+0000] {dagbag.py:540} INFO - Filling up the DagBag from /home/airflow/.local/lib/python3.8/site-packages/airflow/example_dags/example_params_trigger_ui.py
[2024-03-12T12:09:23.762+0000] {processor.py:840} INFO - DAG(s) 'example_params_trigger_ui' retrieved from /home/airflow/.local/lib/python3.8/site-packages/airflow/example_dags/example_params_trigger_ui.py
[2024-03-12T12:09:23.792+0000] {logging_mixin.py:188} INFO - [2024-03-12T12:09:23.792+0000] {dag.py:3047} INFO - Sync 1 DAGs
[2024-03-12T12:09:23.799+0000] {logging_mixin.py:188} INFO - [2024-03-12T12:09:23.799+0000] {dag.py:3834} INFO - Setting next_dagrun for example_params_trigger_ui to None, run_after=None
[2024-03-12T12:09:23.810+0000] {processor.py:183} INFO - Processing /home/airflow/.local/lib/python3.8/site-packages/airflow/example_dags/example_params_trigger_ui.py took 0.062 seconds
[2024-03-12T12:09:54.454+0000] {processor.py:161} INFO - Started process (PID=5749) to work on /home/airflow/.local/lib/python3.8/site-packages/airflow/example_dags/example_params_trigger_ui.py
[2024-03-12T12:09:54.456+0000] {processor.py:830} INFO - Processing file /home/airflow/.local/lib/python3.8/site-packages/airflow/example_dags/example_params_trigger_ui.py for tasks to queue
[2024-03-12T12:09:54.457+0000] {logging_mixin.py:188} INFO - [2024-03-12T12:09:54.456+0000] {dagbag.py:540} INFO - Filling up the DagBag from /home/airflow/.local/lib/python3.8/site-packages/airflow/example_dags/example_params_trigger_ui.py
[2024-03-12T12:09:54.466+0000] {processor.py:840} INFO - DAG(s) 'example_params_trigger_ui' retrieved from /home/airflow/.local/lib/python3.8/site-packages/airflow/example_dags/example_params_trigger_ui.py
[2024-03-12T12:09:54.497+0000] {logging_mixin.py:188} INFO - [2024-03-12T12:09:54.497+0000] {dag.py:3047} INFO - Sync 1 DAGs
[2024-03-12T12:09:54.509+0000] {logging_mixin.py:188} INFO - [2024-03-12T12:09:54.509+0000] {dag.py:3834} INFO - Setting next_dagrun for example_params_trigger_ui to None, run_after=None
[2024-03-12T12:09:54.520+0000] {processor.py:183} INFO - Processing /home/airflow/.local/lib/python3.8/site-packages/airflow/example_dags/example_params_trigger_ui.py took 0.068 seconds
[2024-03-12T12:10:25.052+0000] {processor.py:161} INFO - Started process (PID=5996) to work on /home/airflow/.local/lib/python3.8/site-packages/airflow/example_dags/example_params_trigger_ui.py
[2024-03-12T12:10:25.054+0000] {processor.py:830} INFO - Processing file /home/airflow/.local/lib/python3.8/site-packages/airflow/example_dags/example_params_trigger_ui.py for tasks to queue
[2024-03-12T12:10:25.055+0000] {logging_mixin.py:188} INFO - [2024-03-12T12:10:25.055+0000] {dagbag.py:540} INFO - Filling up the DagBag from /home/airflow/.local/lib/python3.8/site-packages/airflow/example_dags/example_params_trigger_ui.py
[2024-03-12T12:10:25.070+0000] {processor.py:840} INFO - DAG(s) 'example_params_trigger_ui' retrieved from /home/airflow/.local/lib/python3.8/site-packages/airflow/example_dags/example_params_trigger_ui.py
[2024-03-12T12:10:25.105+0000] {logging_mixin.py:188} INFO - [2024-03-12T12:10:25.105+0000] {dag.py:3047} INFO - Sync 1 DAGs
[2024-03-12T12:10:25.114+0000] {logging_mixin.py:188} INFO - [2024-03-12T12:10:25.114+0000] {dag.py:3834} INFO - Setting next_dagrun for example_params_trigger_ui to None, run_after=None
[2024-03-12T12:10:25.127+0000] {processor.py:183} INFO - Processing /home/airflow/.local/lib/python3.8/site-packages/airflow/example_dags/example_params_trigger_ui.py took 0.078 seconds
[2024-03-12T12:10:56.149+0000] {processor.py:161} INFO - Started process (PID=6297) to work on /home/airflow/.local/lib/python3.8/site-packages/airflow/example_dags/example_params_trigger_ui.py
[2024-03-12T12:10:56.152+0000] {processor.py:830} INFO - Processing file /home/airflow/.local/lib/python3.8/site-packages/airflow/example_dags/example_params_trigger_ui.py for tasks to queue
[2024-03-12T12:10:56.154+0000] {logging_mixin.py:188} INFO - [2024-03-12T12:10:56.153+0000] {dagbag.py:540} INFO - Filling up the DagBag from /home/airflow/.local/lib/python3.8/site-packages/airflow/example_dags/example_params_trigger_ui.py
[2024-03-12T12:10:56.166+0000] {processor.py:840} INFO - DAG(s) 'example_params_trigger_ui' retrieved from /home/airflow/.local/lib/python3.8/site-packages/airflow/example_dags/example_params_trigger_ui.py
