[2024-03-12T11:50:05.304+0000] {processor.py:161} INFO - Started process (PID=294) to work on /home/airflow/.local/lib/python3.8/site-packages/airflow/example_dags/example_complex.py
[2024-03-12T11:50:05.305+0000] {processor.py:830} INFO - Processing file /home/airflow/.local/lib/python3.8/site-packages/airflow/example_dags/example_complex.py for tasks to queue
[2024-03-12T11:50:05.306+0000] {logging_mixin.py:188} INFO - [2024-03-12T11:50:05.306+0000] {dagbag.py:540} INFO - Filling up the DagBag from /home/airflow/.local/lib/python3.8/site-packages/airflow/example_dags/example_complex.py
[2024-03-12T11:50:05.315+0000] {processor.py:840} INFO - DAG(s) 'example_complex' retrieved from /home/airflow/.local/lib/python3.8/site-packages/airflow/example_dags/example_complex.py
[2024-03-12T11:50:05.337+0000] {logging_mixin.py:188} INFO - [2024-03-12T11:50:05.337+0000] {dag.py:3047} INFO - Sync 1 DAGs
[2024-03-12T11:50:05.348+0000] {logging_mixin.py:188} INFO - [2024-03-12T11:50:05.348+0000] {dag.py:3834} INFO - Setting next_dagrun for example_complex to None, run_after=None
[2024-03-12T11:50:05.363+0000] {processor.py:183} INFO - Processing /home/airflow/.local/lib/python3.8/site-packages/airflow/example_dags/example_complex.py took 0.062 seconds
[2024-03-12T11:50:36.364+0000] {processor.py:161} INFO - Started process (PID=541) to work on /home/airflow/.local/lib/python3.8/site-packages/airflow/example_dags/example_complex.py
[2024-03-12T11:50:36.365+0000] {processor.py:830} INFO - Processing file /home/airflow/.local/lib/python3.8/site-packages/airflow/example_dags/example_complex.py for tasks to queue
[2024-03-12T11:50:36.366+0000] {logging_mixin.py:188} INFO - [2024-03-12T11:50:36.366+0000] {dagbag.py:540} INFO - Filling up the DagBag from /home/airflow/.local/lib/python3.8/site-packages/airflow/example_dags/example_complex.py
[2024-03-12T11:50:36.373+0000] {processor.py:840} INFO - DAG(s) 'example_complex' retrieved from /home/airflow/.local/lib/python3.8/site-packages/airflow/example_dags/example_complex.py
[2024-03-12T11:50:36.395+0000] {logging_mixin.py:188} INFO - [2024-03-12T11:50:36.395+0000] {dag.py:3047} INFO - Sync 1 DAGs
[2024-03-12T11:50:36.404+0000] {logging_mixin.py:188} INFO - [2024-03-12T11:50:36.404+0000] {dag.py:3834} INFO - Setting next_dagrun for example_complex to None, run_after=None
[2024-03-12T11:50:36.414+0000] {processor.py:183} INFO - Processing /home/airflow/.local/lib/python3.8/site-packages/airflow/example_dags/example_complex.py took 0.053 seconds
[2024-03-12T11:51:06.862+0000] {processor.py:161} INFO - Started process (PID=788) to work on /home/airflow/.local/lib/python3.8/site-packages/airflow/example_dags/example_complex.py
[2024-03-12T11:51:06.865+0000] {processor.py:830} INFO - Processing file /home/airflow/.local/lib/python3.8/site-packages/airflow/example_dags/example_complex.py for tasks to queue
[2024-03-12T11:51:06.866+0000] {logging_mixin.py:188} INFO - [2024-03-12T11:51:06.866+0000] {dagbag.py:540} INFO - Filling up the DagBag from /home/airflow/.local/lib/python3.8/site-packages/airflow/example_dags/example_complex.py
[2024-03-12T11:51:06.874+0000] {processor.py:840} INFO - DAG(s) 'example_complex' retrieved from /home/airflow/.local/lib/python3.8/site-packages/airflow/example_dags/example_complex.py
[2024-03-12T11:51:06.902+0000] {logging_mixin.py:188} INFO - [2024-03-12T11:51:06.901+0000] {dag.py:3047} INFO - Sync 1 DAGs
[2024-03-12T11:51:06.911+0000] {logging_mixin.py:188} INFO - [2024-03-12T11:51:06.911+0000] {dag.py:3834} INFO - Setting next_dagrun for example_complex to None, run_after=None
[2024-03-12T11:51:06.939+0000] {processor.py:183} INFO - Processing /home/airflow/.local/lib/python3.8/site-packages/airflow/example_dags/example_complex.py took 0.082 seconds
[2024-03-12T11:51:37.428+0000] {processor.py:161} INFO - Started process (PID=1035) to work on /home/airflow/.local/lib/python3.8/site-packages/airflow/example_dags/example_complex.py
[2024-03-12T11:51:37.430+0000] {processor.py:830} INFO - Processing file /home/airflow/.local/lib/python3.8/site-packages/airflow/example_dags/example_complex.py for tasks to queue
[2024-03-12T11:51:37.431+0000] {logging_mixin.py:188} INFO - [2024-03-12T11:51:37.431+0000] {dagbag.py:540} INFO - Filling up the DagBag from /home/airflow/.local/lib/python3.8/site-packages/airflow/example_dags/example_complex.py
[2024-03-12T11:51:37.438+0000] {processor.py:840} INFO - DAG(s) 'example_complex' retrieved from /home/airflow/.local/lib/python3.8/site-packages/airflow/example_dags/example_complex.py
[2024-03-12T11:51:37.461+0000] {logging_mixin.py:188} INFO - [2024-03-12T11:51:37.460+0000] {dag.py:3047} INFO - Sync 1 DAGs
[2024-03-12T11:51:37.468+0000] {logging_mixin.py:188} INFO - [2024-03-12T11:51:37.468+0000] {dag.py:3834} INFO - Setting next_dagrun for example_complex to None, run_after=None
[2024-03-12T11:51:37.479+0000] {processor.py:183} INFO - Processing /home/airflow/.local/lib/python3.8/site-packages/airflow/example_dags/example_complex.py took 0.053 seconds
[2024-03-12T11:52:08.207+0000] {processor.py:161} INFO - Started process (PID=1282) to work on /home/airflow/.local/lib/python3.8/site-packages/airflow/example_dags/example_complex.py
[2024-03-12T11:52:08.209+0000] {processor.py:830} INFO - Processing file /home/airflow/.local/lib/python3.8/site-packages/airflow/example_dags/example_complex.py for tasks to queue
[2024-03-12T11:52:08.210+0000] {logging_mixin.py:188} INFO - [2024-03-12T11:52:08.209+0000] {dagbag.py:540} INFO - Filling up the DagBag from /home/airflow/.local/lib/python3.8/site-packages/airflow/example_dags/example_complex.py
[2024-03-12T11:52:08.217+0000] {processor.py:840} INFO - DAG(s) 'example_complex' retrieved from /home/airflow/.local/lib/python3.8/site-packages/airflow/example_dags/example_complex.py
[2024-03-12T11:52:08.240+0000] {logging_mixin.py:188} INFO - [2024-03-12T11:52:08.240+0000] {dag.py:3047} INFO - Sync 1 DAGs
[2024-03-12T11:52:08.249+0000] {logging_mixin.py:188} INFO - [2024-03-12T11:52:08.249+0000] {dag.py:3834} INFO - Setting next_dagrun for example_complex to None, run_after=None
[2024-03-12T11:52:08.259+0000] {processor.py:183} INFO - Processing /home/airflow/.local/lib/python3.8/site-packages/airflow/example_dags/example_complex.py took 0.055 seconds
[2024-03-12T11:52:39.299+0000] {processor.py:161} INFO - Started process (PID=1529) to work on /home/airflow/.local/lib/python3.8/site-packages/airflow/example_dags/example_complex.py
[2024-03-12T11:52:39.301+0000] {processor.py:830} INFO - Processing file /home/airflow/.local/lib/python3.8/site-packages/airflow/example_dags/example_complex.py for tasks to queue
[2024-03-12T11:52:39.303+0000] {logging_mixin.py:188} INFO - [2024-03-12T11:52:39.302+0000] {dagbag.py:540} INFO - Filling up the DagBag from /home/airflow/.local/lib/python3.8/site-packages/airflow/example_dags/example_complex.py
[2024-03-12T11:52:39.312+0000] {processor.py:840} INFO - DAG(s) 'example_complex' retrieved from /home/airflow/.local/lib/python3.8/site-packages/airflow/example_dags/example_complex.py
[2024-03-12T11:52:39.333+0000] {logging_mixin.py:188} INFO - [2024-03-12T11:52:39.333+0000] {dag.py:3047} INFO - Sync 1 DAGs
[2024-03-12T11:52:39.341+0000] {logging_mixin.py:188} INFO - [2024-03-12T11:52:39.340+0000] {dag.py:3834} INFO - Setting next_dagrun for example_complex to None, run_after=None
[2024-03-12T11:52:39.351+0000] {processor.py:183} INFO - Processing /home/airflow/.local/lib/python3.8/site-packages/airflow/example_dags/example_complex.py took 0.056 seconds
[2024-03-12T11:53:09.728+0000] {processor.py:161} INFO - Started process (PID=1776) to work on /home/airflow/.local/lib/python3.8/site-packages/airflow/example_dags/example_complex.py
[2024-03-12T11:53:09.730+0000] {processor.py:830} INFO - Processing file /home/airflow/.local/lib/python3.8/site-packages/airflow/example_dags/example_complex.py for tasks to queue
[2024-03-12T11:53:09.732+0000] {logging_mixin.py:188} INFO - [2024-03-12T11:53:09.732+0000] {dagbag.py:540} INFO - Filling up the DagBag from /home/airflow/.local/lib/python3.8/site-packages/airflow/example_dags/example_complex.py
[2024-03-12T11:53:09.739+0000] {processor.py:840} INFO - DAG(s) 'example_complex' retrieved from /home/airflow/.local/lib/python3.8/site-packages/airflow/example_dags/example_complex.py
[2024-03-12T11:53:09.765+0000] {logging_mixin.py:188} INFO - [2024-03-12T11:53:09.764+0000] {dag.py:3047} INFO - Sync 1 DAGs
[2024-03-12T11:53:09.773+0000] {logging_mixin.py:188} INFO - [2024-03-12T11:53:09.773+0000] {dag.py:3834} INFO - Setting next_dagrun for example_complex to None, run_after=None
[2024-03-12T11:53:09.785+0000] {processor.py:183} INFO - Processing /home/airflow/.local/lib/python3.8/site-packages/airflow/example_dags/example_complex.py took 0.060 seconds
[2024-03-12T11:53:40.967+0000] {processor.py:161} INFO - Started process (PID=2023) to work on /home/airflow/.local/lib/python3.8/site-packages/airflow/example_dags/example_complex.py
[2024-03-12T11:53:40.970+0000] {processor.py:830} INFO - Processing file /home/airflow/.local/lib/python3.8/site-packages/airflow/example_dags/example_complex.py for tasks to queue
[2024-03-12T11:53:40.972+0000] {logging_mixin.py:188} INFO - [2024-03-12T11:53:40.971+0000] {dagbag.py:540} INFO - Filling up the DagBag from /home/airflow/.local/lib/python3.8/site-packages/airflow/example_dags/example_complex.py
[2024-03-12T11:53:40.988+0000] {processor.py:840} INFO - DAG(s) 'example_complex' retrieved from /home/airflow/.local/lib/python3.8/site-packages/airflow/example_dags/example_complex.py
[2024-03-12T11:53:41.021+0000] {logging_mixin.py:188} INFO - [2024-03-12T11:53:41.020+0000] {dag.py:3047} INFO - Sync 1 DAGs
[2024-03-12T11:53:41.032+0000] {logging_mixin.py:188} INFO - [2024-03-12T11:53:41.032+0000] {dag.py:3834} INFO - Setting next_dagrun for example_complex to None, run_after=None
[2024-03-12T11:53:41.047+0000] {processor.py:183} INFO - Processing /home/airflow/.local/lib/python3.8/site-packages/airflow/example_dags/example_complex.py took 0.087 seconds
[2024-03-12T11:54:12.861+0000] {processor.py:161} INFO - Started process (PID=2272) to work on /home/airflow/.local/lib/python3.8/site-packages/airflow/example_dags/example_complex.py
[2024-03-12T11:54:12.862+0000] {processor.py:830} INFO - Processing file /home/airflow/.local/lib/python3.8/site-packages/airflow/example_dags/example_complex.py for tasks to queue
[2024-03-12T11:54:12.864+0000] {logging_mixin.py:188} INFO - [2024-03-12T11:54:12.864+0000] {dagbag.py:540} INFO - Filling up the DagBag from /home/airflow/.local/lib/python3.8/site-packages/airflow/example_dags/example_complex.py
[2024-03-12T11:54:12.871+0000] {processor.py:840} INFO - DAG(s) 'example_complex' retrieved from /home/airflow/.local/lib/python3.8/site-packages/airflow/example_dags/example_complex.py
[2024-03-12T11:54:12.898+0000] {logging_mixin.py:188} INFO - [2024-03-12T11:54:12.898+0000] {dag.py:3047} INFO - Sync 1 DAGs
[2024-03-12T11:54:12.909+0000] {logging_mixin.py:188} INFO - [2024-03-12T11:54:12.909+0000] {dag.py:3834} INFO - Setting next_dagrun for example_complex to None, run_after=None
[2024-03-12T11:54:13.060+0000] {processor.py:183} INFO - Processing /home/airflow/.local/lib/python3.8/site-packages/airflow/example_dags/example_complex.py took 0.202 seconds
[2024-03-12T11:54:43.131+0000] {processor.py:161} INFO - Started process (PID=2517) to work on /home/airflow/.local/lib/python3.8/site-packages/airflow/example_dags/example_complex.py
[2024-03-12T11:54:43.132+0000] {processor.py:830} INFO - Processing file /home/airflow/.local/lib/python3.8/site-packages/airflow/example_dags/example_complex.py for tasks to queue
[2024-03-12T11:54:43.133+0000] {logging_mixin.py:188} INFO - [2024-03-12T11:54:43.133+0000] {dagbag.py:540} INFO - Filling up the DagBag from /home/airflow/.local/lib/python3.8/site-packages/airflow/example_dags/example_complex.py
[2024-03-12T11:54:43.140+0000] {processor.py:840} INFO - DAG(s) 'example_complex' retrieved from /home/airflow/.local/lib/python3.8/site-packages/airflow/example_dags/example_complex.py
[2024-03-12T11:54:43.165+0000] {logging_mixin.py:188} INFO - [2024-03-12T11:54:43.165+0000] {dag.py:3047} INFO - Sync 1 DAGs
[2024-03-12T11:54:43.175+0000] {logging_mixin.py:188} INFO - [2024-03-12T11:54:43.175+0000] {dag.py:3834} INFO - Setting next_dagrun for example_complex to None, run_after=None
[2024-03-12T11:54:43.189+0000] {processor.py:183} INFO - Processing /home/airflow/.local/lib/python3.8/site-packages/airflow/example_dags/example_complex.py took 0.062 seconds
[2024-03-12T11:55:13.263+0000] {processor.py:161} INFO - Started process (PID=2764) to work on /home/airflow/.local/lib/python3.8/site-packages/airflow/example_dags/example_complex.py
[2024-03-12T11:55:13.264+0000] {processor.py:830} INFO - Processing file /home/airflow/.local/lib/python3.8/site-packages/airflow/example_dags/example_complex.py for tasks to queue
[2024-03-12T11:55:13.266+0000] {logging_mixin.py:188} INFO - [2024-03-12T11:55:13.265+0000] {dagbag.py:540} INFO - Filling up the DagBag from /home/airflow/.local/lib/python3.8/site-packages/airflow/example_dags/example_complex.py
[2024-03-12T11:55:13.273+0000] {processor.py:840} INFO - DAG(s) 'example_complex' retrieved from /home/airflow/.local/lib/python3.8/site-packages/airflow/example_dags/example_complex.py
[2024-03-12T11:55:13.296+0000] {logging_mixin.py:188} INFO - [2024-03-12T11:55:13.295+0000] {dag.py:3047} INFO - Sync 1 DAGs
[2024-03-12T11:55:13.304+0000] {logging_mixin.py:188} INFO - [2024-03-12T11:55:13.304+0000] {dag.py:3834} INFO - Setting next_dagrun for example_complex to None, run_after=None
[2024-03-12T11:55:13.314+0000] {processor.py:183} INFO - Processing /home/airflow/.local/lib/python3.8/site-packages/airflow/example_dags/example_complex.py took 0.055 seconds
[2024-03-12T11:55:44.033+0000] {processor.py:161} INFO - Started process (PID=3011) to work on /home/airflow/.local/lib/python3.8/site-packages/airflow/example_dags/example_complex.py
[2024-03-12T11:55:44.035+0000] {processor.py:830} INFO - Processing file /home/airflow/.local/lib/python3.8/site-packages/airflow/example_dags/example_complex.py for tasks to queue
[2024-03-12T11:55:44.036+0000] {logging_mixin.py:188} INFO - [2024-03-12T11:55:44.035+0000] {dagbag.py:540} INFO - Filling up the DagBag from /home/airflow/.local/lib/python3.8/site-packages/airflow/example_dags/example_complex.py
[2024-03-12T11:55:44.043+0000] {processor.py:840} INFO - DAG(s) 'example_complex' retrieved from /home/airflow/.local/lib/python3.8/site-packages/airflow/example_dags/example_complex.py
[2024-03-12T11:55:44.064+0000] {logging_mixin.py:188} INFO - [2024-03-12T11:55:44.064+0000] {dag.py:3047} INFO - Sync 1 DAGs
[2024-03-12T11:55:44.072+0000] {logging_mixin.py:188} INFO - [2024-03-12T11:55:44.072+0000] {dag.py:3834} INFO - Setting next_dagrun for example_complex to None, run_after=None
[2024-03-12T11:55:44.083+0000] {processor.py:183} INFO - Processing /home/airflow/.local/lib/python3.8/site-packages/airflow/example_dags/example_complex.py took 0.052 seconds
[2024-03-12T11:57:07.870+0000] {processor.py:161} INFO - Started process (PID=294) to work on /home/airflow/.local/lib/python3.8/site-packages/airflow/example_dags/example_complex.py
[2024-03-12T11:57:07.871+0000] {processor.py:830} INFO - Processing file /home/airflow/.local/lib/python3.8/site-packages/airflow/example_dags/example_complex.py for tasks to queue
[2024-03-12T11:57:07.872+0000] {logging_mixin.py:188} INFO - [2024-03-12T11:57:07.872+0000] {dagbag.py:540} INFO - Filling up the DagBag from /home/airflow/.local/lib/python3.8/site-packages/airflow/example_dags/example_complex.py
[2024-03-12T11:57:07.881+0000] {processor.py:840} INFO - DAG(s) 'example_complex' retrieved from /home/airflow/.local/lib/python3.8/site-packages/airflow/example_dags/example_complex.py
[2024-03-12T11:57:07.902+0000] {logging_mixin.py:188} INFO - [2024-03-12T11:57:07.902+0000] {dag.py:3047} INFO - Sync 1 DAGs
[2024-03-12T11:57:07.910+0000] {logging_mixin.py:188} INFO - [2024-03-12T11:57:07.909+0000] {dag.py:3834} INFO - Setting next_dagrun for example_complex to None, run_after=None
[2024-03-12T11:57:07.925+0000] {processor.py:183} INFO - Processing /home/airflow/.local/lib/python3.8/site-packages/airflow/example_dags/example_complex.py took 0.058 seconds
[2024-03-12T11:57:38.141+0000] {processor.py:161} INFO - Started process (PID=543) to work on /home/airflow/.local/lib/python3.8/site-packages/airflow/example_dags/example_complex.py
[2024-03-12T11:57:38.143+0000] {processor.py:830} INFO - Processing file /home/airflow/.local/lib/python3.8/site-packages/airflow/example_dags/example_complex.py for tasks to queue
[2024-03-12T11:57:38.144+0000] {logging_mixin.py:188} INFO - [2024-03-12T11:57:38.144+0000] {dagbag.py:540} INFO - Filling up the DagBag from /home/airflow/.local/lib/python3.8/site-packages/airflow/example_dags/example_complex.py
[2024-03-12T11:57:38.152+0000] {processor.py:840} INFO - DAG(s) 'example_complex' retrieved from /home/airflow/.local/lib/python3.8/site-packages/airflow/example_dags/example_complex.py
[2024-03-12T11:57:38.174+0000] {logging_mixin.py:188} INFO - [2024-03-12T11:57:38.174+0000] {dag.py:3047} INFO - Sync 1 DAGs
[2024-03-12T11:57:38.184+0000] {logging_mixin.py:188} INFO - [2024-03-12T11:57:38.184+0000] {dag.py:3834} INFO - Setting next_dagrun for example_complex to None, run_after=None
[2024-03-12T11:57:38.236+0000] {processor.py:183} INFO - Processing /home/airflow/.local/lib/python3.8/site-packages/airflow/example_dags/example_complex.py took 0.098 seconds
[2024-03-12T11:58:35.629+0000] {processor.py:161} INFO - Started process (PID=294) to work on /home/airflow/.local/lib/python3.8/site-packages/airflow/example_dags/example_complex.py
[2024-03-12T11:58:35.631+0000] {processor.py:830} INFO - Processing file /home/airflow/.local/lib/python3.8/site-packages/airflow/example_dags/example_complex.py for tasks to queue
[2024-03-12T11:58:35.632+0000] {logging_mixin.py:188} INFO - [2024-03-12T11:58:35.631+0000] {dagbag.py:540} INFO - Filling up the DagBag from /home/airflow/.local/lib/python3.8/site-packages/airflow/example_dags/example_complex.py
[2024-03-12T11:58:35.641+0000] {processor.py:840} INFO - DAG(s) 'example_complex' retrieved from /home/airflow/.local/lib/python3.8/site-packages/airflow/example_dags/example_complex.py
[2024-03-12T11:58:35.663+0000] {logging_mixin.py:188} INFO - [2024-03-12T11:58:35.663+0000] {dag.py:3047} INFO - Sync 1 DAGs
[2024-03-12T11:58:35.670+0000] {logging_mixin.py:188} INFO - [2024-03-12T11:58:35.670+0000] {dag.py:3834} INFO - Setting next_dagrun for example_complex to None, run_after=None
[2024-03-12T11:58:35.681+0000] {processor.py:183} INFO - Processing /home/airflow/.local/lib/python3.8/site-packages/airflow/example_dags/example_complex.py took 0.054 seconds
[2024-03-12T11:59:05.752+0000] {processor.py:161} INFO - Started process (PID=541) to work on /home/airflow/.local/lib/python3.8/site-packages/airflow/example_dags/example_complex.py
[2024-03-12T11:59:05.754+0000] {processor.py:830} INFO - Processing file /home/airflow/.local/lib/python3.8/site-packages/airflow/example_dags/example_complex.py for tasks to queue
[2024-03-12T11:59:05.755+0000] {logging_mixin.py:188} INFO - [2024-03-12T11:59:05.754+0000] {dagbag.py:540} INFO - Filling up the DagBag from /home/airflow/.local/lib/python3.8/site-packages/airflow/example_dags/example_complex.py
[2024-03-12T11:59:05.762+0000] {processor.py:840} INFO - DAG(s) 'example_complex' retrieved from /home/airflow/.local/lib/python3.8/site-packages/airflow/example_dags/example_complex.py
[2024-03-12T11:59:05.784+0000] {logging_mixin.py:188} INFO - [2024-03-12T11:59:05.783+0000] {dag.py:3047} INFO - Sync 1 DAGs
[2024-03-12T11:59:05.791+0000] {logging_mixin.py:188} INFO - [2024-03-12T11:59:05.791+0000] {dag.py:3834} INFO - Setting next_dagrun for example_complex to None, run_after=None
[2024-03-12T11:59:05.803+0000] {processor.py:183} INFO - Processing /home/airflow/.local/lib/python3.8/site-packages/airflow/example_dags/example_complex.py took 0.053 seconds
[2024-03-12T11:59:36.286+0000] {processor.py:161} INFO - Started process (PID=788) to work on /home/airflow/.local/lib/python3.8/site-packages/airflow/example_dags/example_complex.py
[2024-03-12T11:59:36.287+0000] {processor.py:830} INFO - Processing file /home/airflow/.local/lib/python3.8/site-packages/airflow/example_dags/example_complex.py for tasks to queue
[2024-03-12T11:59:36.289+0000] {logging_mixin.py:188} INFO - [2024-03-12T11:59:36.288+0000] {dagbag.py:540} INFO - Filling up the DagBag from /home/airflow/.local/lib/python3.8/site-packages/airflow/example_dags/example_complex.py
[2024-03-12T11:59:36.295+0000] {processor.py:840} INFO - DAG(s) 'example_complex' retrieved from /home/airflow/.local/lib/python3.8/site-packages/airflow/example_dags/example_complex.py
[2024-03-12T11:59:36.316+0000] {logging_mixin.py:188} INFO - [2024-03-12T11:59:36.316+0000] {dag.py:3047} INFO - Sync 1 DAGs
[2024-03-12T11:59:36.324+0000] {logging_mixin.py:188} INFO - [2024-03-12T11:59:36.323+0000] {dag.py:3834} INFO - Setting next_dagrun for example_complex to None, run_after=None
[2024-03-12T11:59:36.335+0000] {processor.py:183} INFO - Processing /home/airflow/.local/lib/python3.8/site-packages/airflow/example_dags/example_complex.py took 0.052 seconds
[2024-03-12T12:00:07.196+0000] {processor.py:161} INFO - Started process (PID=1035) to work on /home/airflow/.local/lib/python3.8/site-packages/airflow/example_dags/example_complex.py
[2024-03-12T12:00:07.198+0000] {processor.py:830} INFO - Processing file /home/airflow/.local/lib/python3.8/site-packages/airflow/example_dags/example_complex.py for tasks to queue
[2024-03-12T12:00:07.199+0000] {logging_mixin.py:188} INFO - [2024-03-12T12:00:07.198+0000] {dagbag.py:540} INFO - Filling up the DagBag from /home/airflow/.local/lib/python3.8/site-packages/airflow/example_dags/example_complex.py
[2024-03-12T12:00:07.205+0000] {processor.py:840} INFO - DAG(s) 'example_complex' retrieved from /home/airflow/.local/lib/python3.8/site-packages/airflow/example_dags/example_complex.py
[2024-03-12T12:00:07.226+0000] {logging_mixin.py:188} INFO - [2024-03-12T12:00:07.226+0000] {dag.py:3047} INFO - Sync 1 DAGs
[2024-03-12T12:00:07.233+0000] {logging_mixin.py:188} INFO - [2024-03-12T12:00:07.233+0000] {dag.py:3834} INFO - Setting next_dagrun for example_complex to None, run_after=None
[2024-03-12T12:00:07.244+0000] {processor.py:183} INFO - Processing /home/airflow/.local/lib/python3.8/site-packages/airflow/example_dags/example_complex.py took 0.050 seconds
[2024-03-12T12:00:38.256+0000] {processor.py:161} INFO - Started process (PID=1282) to work on /home/airflow/.local/lib/python3.8/site-packages/airflow/example_dags/example_complex.py
[2024-03-12T12:00:38.258+0000] {processor.py:830} INFO - Processing file /home/airflow/.local/lib/python3.8/site-packages/airflow/example_dags/example_complex.py for tasks to queue
[2024-03-12T12:00:38.259+0000] {logging_mixin.py:188} INFO - [2024-03-12T12:00:38.258+0000] {dagbag.py:540} INFO - Filling up the DagBag from /home/airflow/.local/lib/python3.8/site-packages/airflow/example_dags/example_complex.py
[2024-03-12T12:00:38.266+0000] {processor.py:840} INFO - DAG(s) 'example_complex' retrieved from /home/airflow/.local/lib/python3.8/site-packages/airflow/example_dags/example_complex.py
[2024-03-12T12:00:38.287+0000] {logging_mixin.py:188} INFO - [2024-03-12T12:00:38.287+0000] {dag.py:3047} INFO - Sync 1 DAGs
[2024-03-12T12:00:38.294+0000] {logging_mixin.py:188} INFO - [2024-03-12T12:00:38.294+0000] {dag.py:3834} INFO - Setting next_dagrun for example_complex to None, run_after=None
[2024-03-12T12:00:38.304+0000] {processor.py:183} INFO - Processing /home/airflow/.local/lib/python3.8/site-packages/airflow/example_dags/example_complex.py took 0.051 seconds
[2024-03-12T12:01:09.129+0000] {processor.py:161} INFO - Started process (PID=1529) to work on /home/airflow/.local/lib/python3.8/site-packages/airflow/example_dags/example_complex.py
[2024-03-12T12:01:09.130+0000] {processor.py:830} INFO - Processing file /home/airflow/.local/lib/python3.8/site-packages/airflow/example_dags/example_complex.py for tasks to queue
[2024-03-12T12:01:09.131+0000] {logging_mixin.py:188} INFO - [2024-03-12T12:01:09.131+0000] {dagbag.py:540} INFO - Filling up the DagBag from /home/airflow/.local/lib/python3.8/site-packages/airflow/example_dags/example_complex.py
[2024-03-12T12:01:09.138+0000] {processor.py:840} INFO - DAG(s) 'example_complex' retrieved from /home/airflow/.local/lib/python3.8/site-packages/airflow/example_dags/example_complex.py
[2024-03-12T12:01:09.160+0000] {logging_mixin.py:188} INFO - [2024-03-12T12:01:09.160+0000] {dag.py:3047} INFO - Sync 1 DAGs
[2024-03-12T12:01:09.167+0000] {logging_mixin.py:188} INFO - [2024-03-12T12:01:09.167+0000] {dag.py:3834} INFO - Setting next_dagrun for example_complex to None, run_after=None
[2024-03-12T12:01:09.178+0000] {processor.py:183} INFO - Processing /home/airflow/.local/lib/python3.8/site-packages/airflow/example_dags/example_complex.py took 0.052 seconds
[2024-03-12T12:01:40.067+0000] {processor.py:161} INFO - Started process (PID=1776) to work on /home/airflow/.local/lib/python3.8/site-packages/airflow/example_dags/example_complex.py
[2024-03-12T12:01:40.068+0000] {processor.py:830} INFO - Processing file /home/airflow/.local/lib/python3.8/site-packages/airflow/example_dags/example_complex.py for tasks to queue
[2024-03-12T12:01:40.069+0000] {logging_mixin.py:188} INFO - [2024-03-12T12:01:40.069+0000] {dagbag.py:540} INFO - Filling up the DagBag from /home/airflow/.local/lib/python3.8/site-packages/airflow/example_dags/example_complex.py
[2024-03-12T12:01:40.076+0000] {processor.py:840} INFO - DAG(s) 'example_complex' retrieved from /home/airflow/.local/lib/python3.8/site-packages/airflow/example_dags/example_complex.py
[2024-03-12T12:01:40.103+0000] {logging_mixin.py:188} INFO - [2024-03-12T12:01:40.102+0000] {dag.py:3047} INFO - Sync 1 DAGs
[2024-03-12T12:01:40.118+0000] {logging_mixin.py:188} INFO - [2024-03-12T12:01:40.117+0000] {dag.py:3834} INFO - Setting next_dagrun for example_complex to None, run_after=None
[2024-03-12T12:01:40.135+0000] {processor.py:183} INFO - Processing /home/airflow/.local/lib/python3.8/site-packages/airflow/example_dags/example_complex.py took 0.071 seconds
[2024-03-12T12:02:10.800+0000] {processor.py:161} INFO - Started process (PID=2023) to work on /home/airflow/.local/lib/python3.8/site-packages/airflow/example_dags/example_complex.py
[2024-03-12T12:02:10.802+0000] {processor.py:830} INFO - Processing file /home/airflow/.local/lib/python3.8/site-packages/airflow/example_dags/example_complex.py for tasks to queue
[2024-03-12T12:02:10.805+0000] {logging_mixin.py:188} INFO - [2024-03-12T12:02:10.804+0000] {dagbag.py:540} INFO - Filling up the DagBag from /home/airflow/.local/lib/python3.8/site-packages/airflow/example_dags/example_complex.py
[2024-03-12T12:02:10.813+0000] {processor.py:840} INFO - DAG(s) 'example_complex' retrieved from /home/airflow/.local/lib/python3.8/site-packages/airflow/example_dags/example_complex.py
[2024-03-12T12:02:10.836+0000] {logging_mixin.py:188} INFO - [2024-03-12T12:02:10.836+0000] {dag.py:3047} INFO - Sync 1 DAGs
[2024-03-12T12:02:10.844+0000] {logging_mixin.py:188} INFO - [2024-03-12T12:02:10.844+0000] {dag.py:3834} INFO - Setting next_dagrun for example_complex to None, run_after=None
[2024-03-12T12:02:10.857+0000] {processor.py:183} INFO - Processing /home/airflow/.local/lib/python3.8/site-packages/airflow/example_dags/example_complex.py took 0.060 seconds
[2024-03-12T12:02:41.497+0000] {processor.py:161} INFO - Started process (PID=2270) to work on /home/airflow/.local/lib/python3.8/site-packages/airflow/example_dags/example_complex.py
[2024-03-12T12:02:41.499+0000] {processor.py:830} INFO - Processing file /home/airflow/.local/lib/python3.8/site-packages/airflow/example_dags/example_complex.py for tasks to queue
[2024-03-12T12:02:41.501+0000] {logging_mixin.py:188} INFO - [2024-03-12T12:02:41.500+0000] {dagbag.py:540} INFO - Filling up the DagBag from /home/airflow/.local/lib/python3.8/site-packages/airflow/example_dags/example_complex.py
[2024-03-12T12:02:41.508+0000] {processor.py:840} INFO - DAG(s) 'example_complex' retrieved from /home/airflow/.local/lib/python3.8/site-packages/airflow/example_dags/example_complex.py
[2024-03-12T12:02:41.530+0000] {logging_mixin.py:188} INFO - [2024-03-12T12:02:41.529+0000] {dag.py:3047} INFO - Sync 1 DAGs
[2024-03-12T12:02:41.538+0000] {logging_mixin.py:188} INFO - [2024-03-12T12:02:41.538+0000] {dag.py:3834} INFO - Setting next_dagrun for example_complex to None, run_after=None
[2024-03-12T12:02:41.551+0000] {processor.py:183} INFO - Processing /home/airflow/.local/lib/python3.8/site-packages/airflow/example_dags/example_complex.py took 0.057 seconds
[2024-03-12T12:03:13.249+0000] {processor.py:161} INFO - Started process (PID=2517) to work on /home/airflow/.local/lib/python3.8/site-packages/airflow/example_dags/example_complex.py
[2024-03-12T12:03:13.260+0000] {processor.py:830} INFO - Processing file /home/airflow/.local/lib/python3.8/site-packages/airflow/example_dags/example_complex.py for tasks to queue
[2024-03-12T12:03:13.263+0000] {logging_mixin.py:188} INFO - [2024-03-12T12:03:13.262+0000] {dagbag.py:540} INFO - Filling up the DagBag from /home/airflow/.local/lib/python3.8/site-packages/airflow/example_dags/example_complex.py
[2024-03-12T12:03:13.278+0000] {processor.py:840} INFO - DAG(s) 'example_complex' retrieved from /home/airflow/.local/lib/python3.8/site-packages/airflow/example_dags/example_complex.py
[2024-03-12T12:03:13.315+0000] {logging_mixin.py:188} INFO - [2024-03-12T12:03:13.315+0000] {dag.py:3047} INFO - Sync 1 DAGs
[2024-03-12T12:03:13.329+0000] {logging_mixin.py:188} INFO - [2024-03-12T12:03:13.329+0000] {dag.py:3834} INFO - Setting next_dagrun for example_complex to None, run_after=None
[2024-03-12T12:03:13.347+0000] {processor.py:183} INFO - Processing /home/airflow/.local/lib/python3.8/site-packages/airflow/example_dags/example_complex.py took 0.137 seconds
[2024-03-12T12:03:44.567+0000] {processor.py:161} INFO - Started process (PID=2764) to work on /home/airflow/.local/lib/python3.8/site-packages/airflow/example_dags/example_complex.py
[2024-03-12T12:03:44.571+0000] {processor.py:830} INFO - Processing file /home/airflow/.local/lib/python3.8/site-packages/airflow/example_dags/example_complex.py for tasks to queue
[2024-03-12T12:03:44.572+0000] {logging_mixin.py:188} INFO - [2024-03-12T12:03:44.572+0000] {dagbag.py:540} INFO - Filling up the DagBag from /home/airflow/.local/lib/python3.8/site-packages/airflow/example_dags/example_complex.py
[2024-03-12T12:03:44.582+0000] {processor.py:840} INFO - DAG(s) 'example_complex' retrieved from /home/airflow/.local/lib/python3.8/site-packages/airflow/example_dags/example_complex.py
[2024-03-12T12:03:44.611+0000] {logging_mixin.py:188} INFO - [2024-03-12T12:03:44.611+0000] {dag.py:3047} INFO - Sync 1 DAGs
[2024-03-12T12:03:44.626+0000] {logging_mixin.py:188} INFO - [2024-03-12T12:03:44.626+0000] {dag.py:3834} INFO - Setting next_dagrun for example_complex to None, run_after=None
[2024-03-12T12:03:44.648+0000] {processor.py:183} INFO - Processing /home/airflow/.local/lib/python3.8/site-packages/airflow/example_dags/example_complex.py took 0.088 seconds
[2024-03-12T12:04:15.746+0000] {processor.py:161} INFO - Started process (PID=3011) to work on /home/airflow/.local/lib/python3.8/site-packages/airflow/example_dags/example_complex.py
[2024-03-12T12:04:15.748+0000] {processor.py:830} INFO - Processing file /home/airflow/.local/lib/python3.8/site-packages/airflow/example_dags/example_complex.py for tasks to queue
[2024-03-12T12:04:15.750+0000] {logging_mixin.py:188} INFO - [2024-03-12T12:04:15.749+0000] {dagbag.py:540} INFO - Filling up the DagBag from /home/airflow/.local/lib/python3.8/site-packages/airflow/example_dags/example_complex.py
[2024-03-12T12:04:15.758+0000] {processor.py:840} INFO - DAG(s) 'example_complex' retrieved from /home/airflow/.local/lib/python3.8/site-packages/airflow/example_dags/example_complex.py
[2024-03-12T12:04:15.782+0000] {logging_mixin.py:188} INFO - [2024-03-12T12:04:15.782+0000] {dag.py:3047} INFO - Sync 1 DAGs
[2024-03-12T12:04:15.791+0000] {logging_mixin.py:188} INFO - [2024-03-12T12:04:15.791+0000] {dag.py:3834} INFO - Setting next_dagrun for example_complex to None, run_after=None
[2024-03-12T12:04:15.804+0000] {processor.py:183} INFO - Processing /home/airflow/.local/lib/python3.8/site-packages/airflow/example_dags/example_complex.py took 0.062 seconds
[2024-03-12T12:04:46.125+0000] {processor.py:161} INFO - Started process (PID=3258) to work on /home/airflow/.local/lib/python3.8/site-packages/airflow/example_dags/example_complex.py
[2024-03-12T12:04:46.128+0000] {processor.py:830} INFO - Processing file /home/airflow/.local/lib/python3.8/site-packages/airflow/example_dags/example_complex.py for tasks to queue
[2024-03-12T12:04:46.129+0000] {logging_mixin.py:188} INFO - [2024-03-12T12:04:46.129+0000] {dagbag.py:540} INFO - Filling up the DagBag from /home/airflow/.local/lib/python3.8/site-packages/airflow/example_dags/example_complex.py
[2024-03-12T12:04:46.139+0000] {processor.py:840} INFO - DAG(s) 'example_complex' retrieved from /home/airflow/.local/lib/python3.8/site-packages/airflow/example_dags/example_complex.py
[2024-03-12T12:04:46.173+0000] {logging_mixin.py:188} INFO - [2024-03-12T12:04:46.173+0000] {dag.py:3047} INFO - Sync 1 DAGs
[2024-03-12T12:04:46.186+0000] {logging_mixin.py:188} INFO - [2024-03-12T12:04:46.186+0000] {dag.py:3834} INFO - Setting next_dagrun for example_complex to None, run_after=None
[2024-03-12T12:04:46.239+0000] {processor.py:183} INFO - Processing /home/airflow/.local/lib/python3.8/site-packages/airflow/example_dags/example_complex.py took 0.119 seconds
[2024-03-12T12:05:16.317+0000] {processor.py:161} INFO - Started process (PID=3508) to work on /home/airflow/.local/lib/python3.8/site-packages/airflow/example_dags/example_complex.py
[2024-03-12T12:05:16.319+0000] {processor.py:830} INFO - Processing file /home/airflow/.local/lib/python3.8/site-packages/airflow/example_dags/example_complex.py for tasks to queue
[2024-03-12T12:05:16.319+0000] {logging_mixin.py:188} INFO - [2024-03-12T12:05:16.319+0000] {dagbag.py:540} INFO - Filling up the DagBag from /home/airflow/.local/lib/python3.8/site-packages/airflow/example_dags/example_complex.py
[2024-03-12T12:05:16.327+0000] {processor.py:840} INFO - DAG(s) 'example_complex' retrieved from /home/airflow/.local/lib/python3.8/site-packages/airflow/example_dags/example_complex.py
[2024-03-12T12:05:16.349+0000] {logging_mixin.py:188} INFO - [2024-03-12T12:05:16.349+0000] {dag.py:3047} INFO - Sync 1 DAGs
[2024-03-12T12:05:16.357+0000] {logging_mixin.py:188} INFO - [2024-03-12T12:05:16.357+0000] {dag.py:3834} INFO - Setting next_dagrun for example_complex to None, run_after=None
[2024-03-12T12:05:16.366+0000] {processor.py:183} INFO - Processing /home/airflow/.local/lib/python3.8/site-packages/airflow/example_dags/example_complex.py took 0.052 seconds
[2024-03-12T12:05:46.634+0000] {processor.py:161} INFO - Started process (PID=3753) to work on /home/airflow/.local/lib/python3.8/site-packages/airflow/example_dags/example_complex.py
[2024-03-12T12:05:46.635+0000] {processor.py:830} INFO - Processing file /home/airflow/.local/lib/python3.8/site-packages/airflow/example_dags/example_complex.py for tasks to queue
[2024-03-12T12:05:46.636+0000] {logging_mixin.py:188} INFO - [2024-03-12T12:05:46.636+0000] {dagbag.py:540} INFO - Filling up the DagBag from /home/airflow/.local/lib/python3.8/site-packages/airflow/example_dags/example_complex.py
[2024-03-12T12:05:46.644+0000] {processor.py:840} INFO - DAG(s) 'example_complex' retrieved from /home/airflow/.local/lib/python3.8/site-packages/airflow/example_dags/example_complex.py
[2024-03-12T12:05:46.668+0000] {logging_mixin.py:188} INFO - [2024-03-12T12:05:46.668+0000] {dag.py:3047} INFO - Sync 1 DAGs
[2024-03-12T12:05:46.676+0000] {logging_mixin.py:188} INFO - [2024-03-12T12:05:46.676+0000] {dag.py:3834} INFO - Setting next_dagrun for example_complex to None, run_after=None
[2024-03-12T12:05:46.689+0000] {processor.py:183} INFO - Processing /home/airflow/.local/lib/python3.8/site-packages/airflow/example_dags/example_complex.py took 0.057 seconds
[2024-03-12T12:06:19.549+0000] {processor.py:161} INFO - Started process (PID=4000) to work on /home/airflow/.local/lib/python3.8/site-packages/airflow/example_dags/example_complex.py
[2024-03-12T12:06:19.551+0000] {processor.py:830} INFO - Processing file /home/airflow/.local/lib/python3.8/site-packages/airflow/example_dags/example_complex.py for tasks to queue
[2024-03-12T12:06:19.552+0000] {logging_mixin.py:188} INFO - [2024-03-12T12:06:19.552+0000] {dagbag.py:540} INFO - Filling up the DagBag from /home/airflow/.local/lib/python3.8/site-packages/airflow/example_dags/example_complex.py
[2024-03-12T12:06:19.559+0000] {processor.py:840} INFO - DAG(s) 'example_complex' retrieved from /home/airflow/.local/lib/python3.8/site-packages/airflow/example_dags/example_complex.py
[2024-03-12T12:06:19.581+0000] {logging_mixin.py:188} INFO - [2024-03-12T12:06:19.581+0000] {dag.py:3047} INFO - Sync 1 DAGs
[2024-03-12T12:06:19.589+0000] {logging_mixin.py:188} INFO - [2024-03-12T12:06:19.589+0000] {dag.py:3834} INFO - Setting next_dagrun for example_complex to None, run_after=None
[2024-03-12T12:06:19.601+0000] {processor.py:183} INFO - Processing /home/airflow/.local/lib/python3.8/site-packages/airflow/example_dags/example_complex.py took 0.055 seconds
[2024-03-12T12:06:50.630+0000] {processor.py:161} INFO - Started process (PID=4247) to work on /home/airflow/.local/lib/python3.8/site-packages/airflow/example_dags/example_complex.py
[2024-03-12T12:06:50.631+0000] {processor.py:830} INFO - Processing file /home/airflow/.local/lib/python3.8/site-packages/airflow/example_dags/example_complex.py for tasks to queue
[2024-03-12T12:06:50.633+0000] {logging_mixin.py:188} INFO - [2024-03-12T12:06:50.633+0000] {dagbag.py:540} INFO - Filling up the DagBag from /home/airflow/.local/lib/python3.8/site-packages/airflow/example_dags/example_complex.py
[2024-03-12T12:06:50.641+0000] {processor.py:840} INFO - DAG(s) 'example_complex' retrieved from /home/airflow/.local/lib/python3.8/site-packages/airflow/example_dags/example_complex.py
[2024-03-12T12:06:50.678+0000] {logging_mixin.py:188} INFO - [2024-03-12T12:06:50.678+0000] {dag.py:3047} INFO - Sync 1 DAGs
[2024-03-12T12:06:50.687+0000] {logging_mixin.py:188} INFO - [2024-03-12T12:06:50.687+0000] {dag.py:3834} INFO - Setting next_dagrun for example_complex to None, run_after=None
[2024-03-12T12:06:50.701+0000] {processor.py:183} INFO - Processing /home/airflow/.local/lib/python3.8/site-packages/airflow/example_dags/example_complex.py took 0.074 seconds
[2024-03-12T12:07:21.492+0000] {processor.py:161} INFO - Started process (PID=4494) to work on /home/airflow/.local/lib/python3.8/site-packages/airflow/example_dags/example_complex.py
[2024-03-12T12:07:21.493+0000] {processor.py:830} INFO - Processing file /home/airflow/.local/lib/python3.8/site-packages/airflow/example_dags/example_complex.py for tasks to queue
[2024-03-12T12:07:21.494+0000] {logging_mixin.py:188} INFO - [2024-03-12T12:07:21.494+0000] {dagbag.py:540} INFO - Filling up the DagBag from /home/airflow/.local/lib/python3.8/site-packages/airflow/example_dags/example_complex.py
[2024-03-12T12:07:21.501+0000] {processor.py:840} INFO - DAG(s) 'example_complex' retrieved from /home/airflow/.local/lib/python3.8/site-packages/airflow/example_dags/example_complex.py
[2024-03-12T12:07:21.522+0000] {logging_mixin.py:188} INFO - [2024-03-12T12:07:21.522+0000] {dag.py:3047} INFO - Sync 1 DAGs
[2024-03-12T12:07:21.530+0000] {logging_mixin.py:188} INFO - [2024-03-12T12:07:21.530+0000] {dag.py:3834} INFO - Setting next_dagrun for example_complex to None, run_after=None
[2024-03-12T12:07:21.541+0000] {processor.py:183} INFO - Processing /home/airflow/.local/lib/python3.8/site-packages/airflow/example_dags/example_complex.py took 0.051 seconds
[2024-03-12T12:07:51.978+0000] {processor.py:161} INFO - Started process (PID=4741) to work on /home/airflow/.local/lib/python3.8/site-packages/airflow/example_dags/example_complex.py
[2024-03-12T12:07:51.980+0000] {processor.py:830} INFO - Processing file /home/airflow/.local/lib/python3.8/site-packages/airflow/example_dags/example_complex.py for tasks to queue
[2024-03-12T12:07:51.981+0000] {logging_mixin.py:188} INFO - [2024-03-12T12:07:51.980+0000] {dagbag.py:540} INFO - Filling up the DagBag from /home/airflow/.local/lib/python3.8/site-packages/airflow/example_dags/example_complex.py
[2024-03-12T12:07:51.987+0000] {processor.py:840} INFO - DAG(s) 'example_complex' retrieved from /home/airflow/.local/lib/python3.8/site-packages/airflow/example_dags/example_complex.py
[2024-03-12T12:07:52.010+0000] {logging_mixin.py:188} INFO - [2024-03-12T12:07:52.010+0000] {dag.py:3047} INFO - Sync 1 DAGs
[2024-03-12T12:07:52.018+0000] {logging_mixin.py:188} INFO - [2024-03-12T12:07:52.018+0000] {dag.py:3834} INFO - Setting next_dagrun for example_complex to None, run_after=None
[2024-03-12T12:07:52.028+0000] {processor.py:183} INFO - Processing /home/airflow/.local/lib/python3.8/site-packages/airflow/example_dags/example_complex.py took 0.052 seconds
[2024-03-12T12:08:22.336+0000] {processor.py:161} INFO - Started process (PID=4988) to work on /home/airflow/.local/lib/python3.8/site-packages/airflow/example_dags/example_complex.py
[2024-03-12T12:08:22.338+0000] {processor.py:830} INFO - Processing file /home/airflow/.local/lib/python3.8/site-packages/airflow/example_dags/example_complex.py for tasks to queue
[2024-03-12T12:08:22.339+0000] {logging_mixin.py:188} INFO - [2024-03-12T12:08:22.338+0000] {dagbag.py:540} INFO - Filling up the DagBag from /home/airflow/.local/lib/python3.8/site-packages/airflow/example_dags/example_complex.py
[2024-03-12T12:08:22.345+0000] {processor.py:840} INFO - DAG(s) 'example_complex' retrieved from /home/airflow/.local/lib/python3.8/site-packages/airflow/example_dags/example_complex.py
[2024-03-12T12:08:22.368+0000] {logging_mixin.py:188} INFO - [2024-03-12T12:08:22.367+0000] {dag.py:3047} INFO - Sync 1 DAGs
[2024-03-12T12:08:22.375+0000] {logging_mixin.py:188} INFO - [2024-03-12T12:08:22.375+0000] {dag.py:3834} INFO - Setting next_dagrun for example_complex to None, run_after=None
[2024-03-12T12:08:22.385+0000] {processor.py:183} INFO - Processing /home/airflow/.local/lib/python3.8/site-packages/airflow/example_dags/example_complex.py took 0.051 seconds
[2024-03-12T12:08:52.989+0000] {processor.py:161} INFO - Started process (PID=5235) to work on /home/airflow/.local/lib/python3.8/site-packages/airflow/example_dags/example_complex.py
[2024-03-12T12:08:52.990+0000] {processor.py:830} INFO - Processing file /home/airflow/.local/lib/python3.8/site-packages/airflow/example_dags/example_complex.py for tasks to queue
[2024-03-12T12:08:52.991+0000] {logging_mixin.py:188} INFO - [2024-03-12T12:08:52.991+0000] {dagbag.py:540} INFO - Filling up the DagBag from /home/airflow/.local/lib/python3.8/site-packages/airflow/example_dags/example_complex.py
[2024-03-12T12:08:52.999+0000] {processor.py:840} INFO - DAG(s) 'example_complex' retrieved from /home/airflow/.local/lib/python3.8/site-packages/airflow/example_dags/example_complex.py
[2024-03-12T12:08:53.022+0000] {logging_mixin.py:188} INFO - [2024-03-12T12:08:53.022+0000] {dag.py:3047} INFO - Sync 1 DAGs
[2024-03-12T12:08:53.030+0000] {logging_mixin.py:188} INFO - [2024-03-12T12:08:53.030+0000] {dag.py:3834} INFO - Setting next_dagrun for example_complex to None, run_after=None
[2024-03-12T12:08:53.041+0000] {processor.py:183} INFO - Processing /home/airflow/.local/lib/python3.8/site-packages/airflow/example_dags/example_complex.py took 0.057 seconds
[2024-03-12T12:09:23.602+0000] {processor.py:161} INFO - Started process (PID=5482) to work on /home/airflow/.local/lib/python3.8/site-packages/airflow/example_dags/example_complex.py
[2024-03-12T12:09:23.604+0000] {processor.py:830} INFO - Processing file /home/airflow/.local/lib/python3.8/site-packages/airflow/example_dags/example_complex.py for tasks to queue
[2024-03-12T12:09:23.605+0000] {logging_mixin.py:188} INFO - [2024-03-12T12:09:23.604+0000] {dagbag.py:540} INFO - Filling up the DagBag from /home/airflow/.local/lib/python3.8/site-packages/airflow/example_dags/example_complex.py
[2024-03-12T12:09:23.612+0000] {processor.py:840} INFO - DAG(s) 'example_complex' retrieved from /home/airflow/.local/lib/python3.8/site-packages/airflow/example_dags/example_complex.py
[2024-03-12T12:09:23.635+0000] {logging_mixin.py:188} INFO - [2024-03-12T12:09:23.635+0000] {dag.py:3047} INFO - Sync 1 DAGs
[2024-03-12T12:09:23.643+0000] {logging_mixin.py:188} INFO - [2024-03-12T12:09:23.643+0000] {dag.py:3834} INFO - Setting next_dagrun for example_complex to None, run_after=None
[2024-03-12T12:09:23.654+0000] {processor.py:183} INFO - Processing /home/airflow/.local/lib/python3.8/site-packages/airflow/example_dags/example_complex.py took 0.055 seconds
[2024-03-12T12:09:54.290+0000] {processor.py:161} INFO - Started process (PID=5729) to work on /home/airflow/.local/lib/python3.8/site-packages/airflow/example_dags/example_complex.py
[2024-03-12T12:09:54.291+0000] {processor.py:830} INFO - Processing file /home/airflow/.local/lib/python3.8/site-packages/airflow/example_dags/example_complex.py for tasks to queue
[2024-03-12T12:09:54.292+0000] {logging_mixin.py:188} INFO - [2024-03-12T12:09:54.292+0000] {dagbag.py:540} INFO - Filling up the DagBag from /home/airflow/.local/lib/python3.8/site-packages/airflow/example_dags/example_complex.py
[2024-03-12T12:09:54.299+0000] {processor.py:840} INFO - DAG(s) 'example_complex' retrieved from /home/airflow/.local/lib/python3.8/site-packages/airflow/example_dags/example_complex.py
[2024-03-12T12:09:54.321+0000] {logging_mixin.py:188} INFO - [2024-03-12T12:09:54.321+0000] {dag.py:3047} INFO - Sync 1 DAGs
[2024-03-12T12:09:54.328+0000] {logging_mixin.py:188} INFO - [2024-03-12T12:09:54.328+0000] {dag.py:3834} INFO - Setting next_dagrun for example_complex to None, run_after=None
[2024-03-12T12:09:54.339+0000] {processor.py:183} INFO - Processing /home/airflow/.local/lib/python3.8/site-packages/airflow/example_dags/example_complex.py took 0.052 seconds
[2024-03-12T12:10:24.828+0000] {processor.py:161} INFO - Started process (PID=5976) to work on /home/airflow/.local/lib/python3.8/site-packages/airflow/example_dags/example_complex.py
[2024-03-12T12:10:24.829+0000] {processor.py:830} INFO - Processing file /home/airflow/.local/lib/python3.8/site-packages/airflow/example_dags/example_complex.py for tasks to queue
[2024-03-12T12:10:24.832+0000] {logging_mixin.py:188} INFO - [2024-03-12T12:10:24.831+0000] {dagbag.py:540} INFO - Filling up the DagBag from /home/airflow/.local/lib/python3.8/site-packages/airflow/example_dags/example_complex.py
[2024-03-12T12:10:24.841+0000] {processor.py:840} INFO - DAG(s) 'example_complex' retrieved from /home/airflow/.local/lib/python3.8/site-packages/airflow/example_dags/example_complex.py
[2024-03-12T12:10:24.878+0000] {logging_mixin.py:188} INFO - [2024-03-12T12:10:24.878+0000] {dag.py:3047} INFO - Sync 1 DAGs
[2024-03-12T12:10:24.892+0000] {logging_mixin.py:188} INFO - [2024-03-12T12:10:24.892+0000] {dag.py:3834} INFO - Setting next_dagrun for example_complex to None, run_after=None
[2024-03-12T12:10:24.907+0000] {processor.py:183} INFO - Processing /home/airflow/.local/lib/python3.8/site-packages/airflow/example_dags/example_complex.py took 0.085 seconds
[2024-03-12T12:10:55.556+0000] {processor.py:161} INFO - Started process (PID=6226) to work on /home/airflow/.local/lib/python3.8/site-packages/airflow/example_dags/example_complex.py
[2024-03-12T12:10:55.568+0000] {processor.py:830} INFO - Processing file /home/airflow/.local/lib/python3.8/site-packages/airflow/example_dags/example_complex.py for tasks to queue
[2024-03-12T12:10:55.573+0000] {logging_mixin.py:188} INFO - [2024-03-12T12:10:55.571+0000] {dagbag.py:540} INFO - Filling up the DagBag from /home/airflow/.local/lib/python3.8/site-packages/airflow/example_dags/example_complex.py
[2024-03-12T12:10:55.596+0000] {processor.py:840} INFO - DAG(s) 'example_complex' retrieved from /home/airflow/.local/lib/python3.8/site-packages/airflow/example_dags/example_complex.py
[2024-03-12T12:10:55.672+0000] {logging_mixin.py:188} INFO - [2024-03-12T12:10:55.671+0000] {dag.py:3047} INFO - Sync 1 DAGs
[2024-03-12T12:10:55.697+0000] {logging_mixin.py:188} INFO - [2024-03-12T12:10:55.696+0000] {dag.py:3834} INFO - Setting next_dagrun for example_complex to None, run_after=None
[2024-03-12T12:10:55.735+0000] {processor.py:183} INFO - Processing /home/airflow/.local/lib/python3.8/site-packages/airflow/example_dags/example_complex.py took 0.198 seconds
