[2024-03-12T11:50:05.402+0000] {processor.py:161} INFO - Started process (PID=299) to work on /home/airflow/.local/lib/python3.8/site-packages/airflow/example_dags/example_subdag_operator.py
[2024-03-12T11:50:05.403+0000] {processor.py:830} INFO - Processing file /home/airflow/.local/lib/python3.8/site-packages/airflow/example_dags/example_subdag_operator.py for tasks to queue
[2024-03-12T11:50:05.405+0000] {logging_mixin.py:188} INFO - [2024-03-12T11:50:05.404+0000] {dagbag.py:540} INFO - Filling up the DagBag from /home/airflow/.local/lib/python3.8/site-packages/airflow/example_dags/example_subdag_operator.py
[2024-03-12T11:50:05.425+0000] {processor.py:840} INFO - DAG(s) 'example_subdag_operator.section-1', 'example_subdag_operator.section-2', 'example_subdag_operator' retrieved from /home/airflow/.local/lib/python3.8/site-packages/airflow/example_dags/example_subdag_operator.py
[2024-03-12T11:50:05.439+0000] {logging_mixin.py:188} INFO - [2024-03-12T11:50:05.438+0000] {dag.py:3047} INFO - Sync 3 DAGs
[2024-03-12T11:50:05.455+0000] {logging_mixin.py:188} INFO - [2024-03-12T11:50:05.454+0000] {dag.py:3834} INFO - Setting next_dagrun for example_subdag_operator to 2022-01-01 00:00:00+00:00, run_after=2022-01-01 00:00:00+00:00
[2024-03-12T11:50:05.457+0000] {logging_mixin.py:188} INFO - [2024-03-12T11:50:05.457+0000] {dag.py:3834} INFO - Setting next_dagrun for example_subdag_operator.section-1 to None, run_after=None
[2024-03-12T11:50:05.458+0000] {logging_mixin.py:188} INFO - [2024-03-12T11:50:05.458+0000] {dag.py:3834} INFO - Setting next_dagrun for example_subdag_operator.section-2 to None, run_after=None
[2024-03-12T11:50:05.463+0000] {logging_mixin.py:188} INFO - [2024-03-12T11:50:05.463+0000] {dag.py:3047} INFO - Sync 2 DAGs
[2024-03-12T11:50:05.466+0000] {logging_mixin.py:188} INFO - [2024-03-12T11:50:05.466+0000] {dag.py:3834} INFO - Setting next_dagrun for example_subdag_operator.section-1 to None, run_after=None
[2024-03-12T11:50:05.467+0000] {logging_mixin.py:188} INFO - [2024-03-12T11:50:05.467+0000] {dag.py:3834} INFO - Setting next_dagrun for example_subdag_operator.section-2 to None, run_after=None
[2024-03-12T11:50:05.473+0000] {processor.py:183} INFO - Processing /home/airflow/.local/lib/python3.8/site-packages/airflow/example_dags/example_subdag_operator.py took 0.074 seconds
[2024-03-12T11:50:36.400+0000] {processor.py:161} INFO - Started process (PID=546) to work on /home/airflow/.local/lib/python3.8/site-packages/airflow/example_dags/example_subdag_operator.py
[2024-03-12T11:50:36.402+0000] {processor.py:830} INFO - Processing file /home/airflow/.local/lib/python3.8/site-packages/airflow/example_dags/example_subdag_operator.py for tasks to queue
[2024-03-12T11:50:36.403+0000] {logging_mixin.py:188} INFO - [2024-03-12T11:50:36.403+0000] {dagbag.py:540} INFO - Filling up the DagBag from /home/airflow/.local/lib/python3.8/site-packages/airflow/example_dags/example_subdag_operator.py
[2024-03-12T11:50:36.422+0000] {processor.py:840} INFO - DAG(s) 'example_subdag_operator.section-1', 'example_subdag_operator.section-2', 'example_subdag_operator' retrieved from /home/airflow/.local/lib/python3.8/site-packages/airflow/example_dags/example_subdag_operator.py
[2024-03-12T11:50:36.432+0000] {logging_mixin.py:188} INFO - [2024-03-12T11:50:36.432+0000] {dag.py:3047} INFO - Sync 3 DAGs
[2024-03-12T11:50:36.445+0000] {logging_mixin.py:188} INFO - [2024-03-12T11:50:36.445+0000] {dag.py:3834} INFO - Setting next_dagrun for example_subdag_operator to 2022-01-01 00:00:00+00:00, run_after=2022-01-01 00:00:00+00:00
[2024-03-12T11:50:36.448+0000] {logging_mixin.py:188} INFO - [2024-03-12T11:50:36.448+0000] {dag.py:3834} INFO - Setting next_dagrun for example_subdag_operator.section-1 to None, run_after=None
[2024-03-12T11:50:36.449+0000] {logging_mixin.py:188} INFO - [2024-03-12T11:50:36.449+0000] {dag.py:3834} INFO - Setting next_dagrun for example_subdag_operator.section-2 to None, run_after=None
[2024-03-12T11:50:36.453+0000] {logging_mixin.py:188} INFO - [2024-03-12T11:50:36.453+0000] {dag.py:3047} INFO - Sync 2 DAGs
[2024-03-12T11:50:36.457+0000] {logging_mixin.py:188} INFO - [2024-03-12T11:50:36.457+0000] {dag.py:3834} INFO - Setting next_dagrun for example_subdag_operator.section-1 to None, run_after=None
[2024-03-12T11:50:36.457+0000] {logging_mixin.py:188} INFO - [2024-03-12T11:50:36.457+0000] {dag.py:3834} INFO - Setting next_dagrun for example_subdag_operator.section-2 to None, run_after=None
[2024-03-12T11:50:36.464+0000] {processor.py:183} INFO - Processing /home/airflow/.local/lib/python3.8/site-packages/airflow/example_dags/example_subdag_operator.py took 0.066 seconds
[2024-03-12T11:51:06.987+0000] {processor.py:161} INFO - Started process (PID=795) to work on /home/airflow/.local/lib/python3.8/site-packages/airflow/example_dags/example_subdag_operator.py
[2024-03-12T11:51:06.989+0000] {processor.py:830} INFO - Processing file /home/airflow/.local/lib/python3.8/site-packages/airflow/example_dags/example_subdag_operator.py for tasks to queue
[2024-03-12T11:51:06.994+0000] {logging_mixin.py:188} INFO - [2024-03-12T11:51:06.993+0000] {dagbag.py:540} INFO - Filling up the DagBag from /home/airflow/.local/lib/python3.8/site-packages/airflow/example_dags/example_subdag_operator.py
[2024-03-12T11:51:07.022+0000] {processor.py:840} INFO - DAG(s) 'example_subdag_operator.section-1', 'example_subdag_operator.section-2', 'example_subdag_operator' retrieved from /home/airflow/.local/lib/python3.8/site-packages/airflow/example_dags/example_subdag_operator.py
[2024-03-12T11:51:07.032+0000] {logging_mixin.py:188} INFO - [2024-03-12T11:51:07.032+0000] {dag.py:3047} INFO - Sync 3 DAGs
[2024-03-12T11:51:07.045+0000] {logging_mixin.py:188} INFO - [2024-03-12T11:51:07.045+0000] {dag.py:3834} INFO - Setting next_dagrun for example_subdag_operator to 2022-01-01 00:00:00+00:00, run_after=2022-01-01 00:00:00+00:00
[2024-03-12T11:51:07.047+0000] {logging_mixin.py:188} INFO - [2024-03-12T11:51:07.047+0000] {dag.py:3834} INFO - Setting next_dagrun for example_subdag_operator.section-1 to None, run_after=None
[2024-03-12T11:51:07.048+0000] {logging_mixin.py:188} INFO - [2024-03-12T11:51:07.048+0000] {dag.py:3834} INFO - Setting next_dagrun for example_subdag_operator.section-2 to None, run_after=None
[2024-03-12T11:51:07.053+0000] {logging_mixin.py:188} INFO - [2024-03-12T11:51:07.052+0000] {dag.py:3047} INFO - Sync 2 DAGs
[2024-03-12T11:51:07.055+0000] {logging_mixin.py:188} INFO - [2024-03-12T11:51:07.055+0000] {dag.py:3834} INFO - Setting next_dagrun for example_subdag_operator.section-1 to None, run_after=None
[2024-03-12T11:51:07.056+0000] {logging_mixin.py:188} INFO - [2024-03-12T11:51:07.056+0000] {dag.py:3834} INFO - Setting next_dagrun for example_subdag_operator.section-2 to None, run_after=None
[2024-03-12T11:51:07.062+0000] {processor.py:183} INFO - Processing /home/airflow/.local/lib/python3.8/site-packages/airflow/example_dags/example_subdag_operator.py took 0.078 seconds
[2024-03-12T11:51:37.464+0000] {processor.py:161} INFO - Started process (PID=1040) to work on /home/airflow/.local/lib/python3.8/site-packages/airflow/example_dags/example_subdag_operator.py
[2024-03-12T11:51:37.465+0000] {processor.py:830} INFO - Processing file /home/airflow/.local/lib/python3.8/site-packages/airflow/example_dags/example_subdag_operator.py for tasks to queue
[2024-03-12T11:51:37.466+0000] {logging_mixin.py:188} INFO - [2024-03-12T11:51:37.466+0000] {dagbag.py:540} INFO - Filling up the DagBag from /home/airflow/.local/lib/python3.8/site-packages/airflow/example_dags/example_subdag_operator.py
[2024-03-12T11:51:37.485+0000] {processor.py:840} INFO - DAG(s) 'example_subdag_operator.section-1', 'example_subdag_operator.section-2', 'example_subdag_operator' retrieved from /home/airflow/.local/lib/python3.8/site-packages/airflow/example_dags/example_subdag_operator.py
[2024-03-12T11:51:37.496+0000] {logging_mixin.py:188} INFO - [2024-03-12T11:51:37.496+0000] {dag.py:3047} INFO - Sync 3 DAGs
[2024-03-12T11:51:37.510+0000] {logging_mixin.py:188} INFO - [2024-03-12T11:51:37.510+0000] {dag.py:3834} INFO - Setting next_dagrun for example_subdag_operator to 2022-01-01 00:00:00+00:00, run_after=2022-01-01 00:00:00+00:00
[2024-03-12T11:51:37.514+0000] {logging_mixin.py:188} INFO - [2024-03-12T11:51:37.513+0000] {dag.py:3834} INFO - Setting next_dagrun for example_subdag_operator.section-1 to None, run_after=None
[2024-03-12T11:51:37.515+0000] {logging_mixin.py:188} INFO - [2024-03-12T11:51:37.515+0000] {dag.py:3834} INFO - Setting next_dagrun for example_subdag_operator.section-2 to None, run_after=None
[2024-03-12T11:51:37.519+0000] {logging_mixin.py:188} INFO - [2024-03-12T11:51:37.519+0000] {dag.py:3047} INFO - Sync 2 DAGs
[2024-03-12T11:51:37.523+0000] {logging_mixin.py:188} INFO - [2024-03-12T11:51:37.523+0000] {dag.py:3834} INFO - Setting next_dagrun for example_subdag_operator.section-1 to None, run_after=None
[2024-03-12T11:51:37.523+0000] {logging_mixin.py:188} INFO - [2024-03-12T11:51:37.523+0000] {dag.py:3834} INFO - Setting next_dagrun for example_subdag_operator.section-2 to None, run_after=None
[2024-03-12T11:51:37.529+0000] {processor.py:183} INFO - Processing /home/airflow/.local/lib/python3.8/site-packages/airflow/example_dags/example_subdag_operator.py took 0.068 seconds
[2024-03-12T11:52:08.246+0000] {processor.py:161} INFO - Started process (PID=1287) to work on /home/airflow/.local/lib/python3.8/site-packages/airflow/example_dags/example_subdag_operator.py
[2024-03-12T11:52:08.247+0000] {processor.py:830} INFO - Processing file /home/airflow/.local/lib/python3.8/site-packages/airflow/example_dags/example_subdag_operator.py for tasks to queue
[2024-03-12T11:52:08.248+0000] {logging_mixin.py:188} INFO - [2024-03-12T11:52:08.248+0000] {dagbag.py:540} INFO - Filling up the DagBag from /home/airflow/.local/lib/python3.8/site-packages/airflow/example_dags/example_subdag_operator.py
[2024-03-12T11:52:08.267+0000] {processor.py:840} INFO - DAG(s) 'example_subdag_operator.section-1', 'example_subdag_operator.section-2', 'example_subdag_operator' retrieved from /home/airflow/.local/lib/python3.8/site-packages/airflow/example_dags/example_subdag_operator.py
[2024-03-12T11:52:08.278+0000] {logging_mixin.py:188} INFO - [2024-03-12T11:52:08.278+0000] {dag.py:3047} INFO - Sync 3 DAGs
[2024-03-12T11:52:08.292+0000] {logging_mixin.py:188} INFO - [2024-03-12T11:52:08.291+0000] {dag.py:3834} INFO - Setting next_dagrun for example_subdag_operator to 2022-01-01 00:00:00+00:00, run_after=2022-01-01 00:00:00+00:00
[2024-03-12T11:52:08.294+0000] {logging_mixin.py:188} INFO - [2024-03-12T11:52:08.294+0000] {dag.py:3834} INFO - Setting next_dagrun for example_subdag_operator.section-1 to None, run_after=None
[2024-03-12T11:52:08.295+0000] {logging_mixin.py:188} INFO - [2024-03-12T11:52:08.295+0000] {dag.py:3834} INFO - Setting next_dagrun for example_subdag_operator.section-2 to None, run_after=None
[2024-03-12T11:52:08.299+0000] {logging_mixin.py:188} INFO - [2024-03-12T11:52:08.299+0000] {dag.py:3047} INFO - Sync 2 DAGs
[2024-03-12T11:52:08.303+0000] {logging_mixin.py:188} INFO - [2024-03-12T11:52:08.303+0000] {dag.py:3834} INFO - Setting next_dagrun for example_subdag_operator.section-1 to None, run_after=None
[2024-03-12T11:52:08.304+0000] {logging_mixin.py:188} INFO - [2024-03-12T11:52:08.304+0000] {dag.py:3834} INFO - Setting next_dagrun for example_subdag_operator.section-2 to None, run_after=None
[2024-03-12T11:52:08.309+0000] {processor.py:183} INFO - Processing /home/airflow/.local/lib/python3.8/site-packages/airflow/example_dags/example_subdag_operator.py took 0.067 seconds
[2024-03-12T11:52:39.375+0000] {processor.py:161} INFO - Started process (PID=1536) to work on /home/airflow/.local/lib/python3.8/site-packages/airflow/example_dags/example_subdag_operator.py
[2024-03-12T11:52:39.377+0000] {processor.py:830} INFO - Processing file /home/airflow/.local/lib/python3.8/site-packages/airflow/example_dags/example_subdag_operator.py for tasks to queue
[2024-03-12T11:52:39.377+0000] {logging_mixin.py:188} INFO - [2024-03-12T11:52:39.377+0000] {dagbag.py:540} INFO - Filling up the DagBag from /home/airflow/.local/lib/python3.8/site-packages/airflow/example_dags/example_subdag_operator.py
[2024-03-12T11:52:39.397+0000] {processor.py:840} INFO - DAG(s) 'example_subdag_operator.section-1', 'example_subdag_operator.section-2', 'example_subdag_operator' retrieved from /home/airflow/.local/lib/python3.8/site-packages/airflow/example_dags/example_subdag_operator.py
[2024-03-12T11:52:39.407+0000] {logging_mixin.py:188} INFO - [2024-03-12T11:52:39.407+0000] {dag.py:3047} INFO - Sync 3 DAGs
[2024-03-12T11:52:39.418+0000] {logging_mixin.py:188} INFO - [2024-03-12T11:52:39.418+0000] {dag.py:3834} INFO - Setting next_dagrun for example_subdag_operator to 2022-01-01 00:00:00+00:00, run_after=2022-01-01 00:00:00+00:00
[2024-03-12T11:52:39.421+0000] {logging_mixin.py:188} INFO - [2024-03-12T11:52:39.421+0000] {dag.py:3834} INFO - Setting next_dagrun for example_subdag_operator.section-1 to None, run_after=None
[2024-03-12T11:52:39.422+0000] {logging_mixin.py:188} INFO - [2024-03-12T11:52:39.422+0000] {dag.py:3834} INFO - Setting next_dagrun for example_subdag_operator.section-2 to None, run_after=None
[2024-03-12T11:52:39.426+0000] {logging_mixin.py:188} INFO - [2024-03-12T11:52:39.425+0000] {dag.py:3047} INFO - Sync 2 DAGs
[2024-03-12T11:52:39.428+0000] {logging_mixin.py:188} INFO - [2024-03-12T11:52:39.428+0000] {dag.py:3834} INFO - Setting next_dagrun for example_subdag_operator.section-1 to None, run_after=None
[2024-03-12T11:52:39.429+0000] {logging_mixin.py:188} INFO - [2024-03-12T11:52:39.429+0000] {dag.py:3834} INFO - Setting next_dagrun for example_subdag_operator.section-2 to None, run_after=None
[2024-03-12T11:52:39.434+0000] {processor.py:183} INFO - Processing /home/airflow/.local/lib/python3.8/site-packages/airflow/example_dags/example_subdag_operator.py took 0.062 seconds
[2024-03-12T11:53:09.766+0000] {processor.py:161} INFO - Started process (PID=1781) to work on /home/airflow/.local/lib/python3.8/site-packages/airflow/example_dags/example_subdag_operator.py
[2024-03-12T11:53:09.767+0000] {processor.py:830} INFO - Processing file /home/airflow/.local/lib/python3.8/site-packages/airflow/example_dags/example_subdag_operator.py for tasks to queue
[2024-03-12T11:53:09.768+0000] {logging_mixin.py:188} INFO - [2024-03-12T11:53:09.768+0000] {dagbag.py:540} INFO - Filling up the DagBag from /home/airflow/.local/lib/python3.8/site-packages/airflow/example_dags/example_subdag_operator.py
[2024-03-12T11:53:09.788+0000] {processor.py:840} INFO - DAG(s) 'example_subdag_operator.section-1', 'example_subdag_operator.section-2', 'example_subdag_operator' retrieved from /home/airflow/.local/lib/python3.8/site-packages/airflow/example_dags/example_subdag_operator.py
[2024-03-12T11:53:09.800+0000] {logging_mixin.py:188} INFO - [2024-03-12T11:53:09.799+0000] {dag.py:3047} INFO - Sync 3 DAGs
[2024-03-12T11:53:09.815+0000] {logging_mixin.py:188} INFO - [2024-03-12T11:53:09.815+0000] {dag.py:3834} INFO - Setting next_dagrun for example_subdag_operator to 2022-01-01 00:00:00+00:00, run_after=2022-01-01 00:00:00+00:00
[2024-03-12T11:53:09.817+0000] {logging_mixin.py:188} INFO - [2024-03-12T11:53:09.817+0000] {dag.py:3834} INFO - Setting next_dagrun for example_subdag_operator.section-1 to None, run_after=None
[2024-03-12T11:53:09.819+0000] {logging_mixin.py:188} INFO - [2024-03-12T11:53:09.819+0000] {dag.py:3834} INFO - Setting next_dagrun for example_subdag_operator.section-2 to None, run_after=None
[2024-03-12T11:53:09.825+0000] {logging_mixin.py:188} INFO - [2024-03-12T11:53:09.825+0000] {dag.py:3047} INFO - Sync 2 DAGs
[2024-03-12T11:53:09.829+0000] {logging_mixin.py:188} INFO - [2024-03-12T11:53:09.829+0000] {dag.py:3834} INFO - Setting next_dagrun for example_subdag_operator.section-1 to None, run_after=None
[2024-03-12T11:53:09.830+0000] {logging_mixin.py:188} INFO - [2024-03-12T11:53:09.830+0000] {dag.py:3834} INFO - Setting next_dagrun for example_subdag_operator.section-2 to None, run_after=None
[2024-03-12T11:53:09.837+0000] {processor.py:183} INFO - Processing /home/airflow/.local/lib/python3.8/site-packages/airflow/example_dags/example_subdag_operator.py took 0.074 seconds
[2024-03-12T11:53:41.082+0000] {processor.py:161} INFO - Started process (PID=2030) to work on /home/airflow/.local/lib/python3.8/site-packages/airflow/example_dags/example_subdag_operator.py
[2024-03-12T11:53:41.086+0000] {processor.py:830} INFO - Processing file /home/airflow/.local/lib/python3.8/site-packages/airflow/example_dags/example_subdag_operator.py for tasks to queue
[2024-03-12T11:53:41.088+0000] {logging_mixin.py:188} INFO - [2024-03-12T11:53:41.087+0000] {dagbag.py:540} INFO - Filling up the DagBag from /home/airflow/.local/lib/python3.8/site-packages/airflow/example_dags/example_subdag_operator.py
[2024-03-12T11:53:41.118+0000] {processor.py:840} INFO - DAG(s) 'example_subdag_operator.section-1', 'example_subdag_operator.section-2', 'example_subdag_operator' retrieved from /home/airflow/.local/lib/python3.8/site-packages/airflow/example_dags/example_subdag_operator.py
[2024-03-12T11:53:41.131+0000] {logging_mixin.py:188} INFO - [2024-03-12T11:53:41.131+0000] {dag.py:3047} INFO - Sync 3 DAGs
[2024-03-12T11:53:41.184+0000] {logging_mixin.py:188} INFO - [2024-03-12T11:53:41.184+0000] {dag.py:3834} INFO - Setting next_dagrun for example_subdag_operator to 2022-01-01 00:00:00+00:00, run_after=2022-01-01 00:00:00+00:00
[2024-03-12T11:53:41.192+0000] {logging_mixin.py:188} INFO - [2024-03-12T11:53:41.191+0000] {dag.py:3834} INFO - Setting next_dagrun for example_subdag_operator.section-1 to None, run_after=None
[2024-03-12T11:53:41.195+0000] {logging_mixin.py:188} INFO - [2024-03-12T11:53:41.194+0000] {dag.py:3834} INFO - Setting next_dagrun for example_subdag_operator.section-2 to None, run_after=None
[2024-03-12T11:53:41.206+0000] {logging_mixin.py:188} INFO - [2024-03-12T11:53:41.205+0000] {dag.py:3047} INFO - Sync 2 DAGs
[2024-03-12T11:53:41.226+0000] {logging_mixin.py:188} INFO - [2024-03-12T11:53:41.225+0000] {dag.py:3834} INFO - Setting next_dagrun for example_subdag_operator.section-1 to None, run_after=None
[2024-03-12T11:53:41.230+0000] {logging_mixin.py:188} INFO - [2024-03-12T11:53:41.230+0000] {dag.py:3834} INFO - Setting next_dagrun for example_subdag_operator.section-2 to None, run_after=None
[2024-03-12T11:53:41.242+0000] {processor.py:183} INFO - Processing /home/airflow/.local/lib/python3.8/site-packages/airflow/example_dags/example_subdag_operator.py took 0.165 seconds
[2024-03-12T11:54:12.864+0000] {processor.py:161} INFO - Started process (PID=2275) to work on /home/airflow/.local/lib/python3.8/site-packages/airflow/example_dags/example_subdag_operator.py
[2024-03-12T11:54:12.865+0000] {processor.py:830} INFO - Processing file /home/airflow/.local/lib/python3.8/site-packages/airflow/example_dags/example_subdag_operator.py for tasks to queue
[2024-03-12T11:54:12.866+0000] {logging_mixin.py:188} INFO - [2024-03-12T11:54:12.866+0000] {dagbag.py:540} INFO - Filling up the DagBag from /home/airflow/.local/lib/python3.8/site-packages/airflow/example_dags/example_subdag_operator.py
[2024-03-12T11:54:12.888+0000] {processor.py:840} INFO - DAG(s) 'example_subdag_operator.section-1', 'example_subdag_operator.section-2', 'example_subdag_operator' retrieved from /home/airflow/.local/lib/python3.8/site-packages/airflow/example_dags/example_subdag_operator.py
[2024-03-12T11:54:12.901+0000] {logging_mixin.py:188} INFO - [2024-03-12T11:54:12.901+0000] {dag.py:3047} INFO - Sync 3 DAGs
[2024-03-12T11:54:12.921+0000] {logging_mixin.py:188} INFO - [2024-03-12T11:54:12.920+0000] {dag.py:3834} INFO - Setting next_dagrun for example_subdag_operator to 2022-01-01 00:00:00+00:00, run_after=2022-01-01 00:00:00+00:00
[2024-03-12T11:54:13.031+0000] {logging_mixin.py:188} INFO - [2024-03-12T11:54:13.021+0000] {dag.py:3834} INFO - Setting next_dagrun for example_subdag_operator.section-1 to None, run_after=None
[2024-03-12T11:54:13.048+0000] {logging_mixin.py:188} INFO - [2024-03-12T11:54:13.048+0000] {dag.py:3834} INFO - Setting next_dagrun for example_subdag_operator.section-2 to None, run_after=None
[2024-03-12T11:54:13.069+0000] {logging_mixin.py:188} INFO - [2024-03-12T11:54:13.069+0000] {dag.py:3047} INFO - Sync 2 DAGs
[2024-03-12T11:54:13.082+0000] {logging_mixin.py:188} INFO - [2024-03-12T11:54:13.081+0000] {dag.py:3834} INFO - Setting next_dagrun for example_subdag_operator.section-1 to None, run_after=None
[2024-03-12T11:54:13.089+0000] {logging_mixin.py:188} INFO - [2024-03-12T11:54:13.088+0000] {dag.py:3834} INFO - Setting next_dagrun for example_subdag_operator.section-2 to None, run_after=None
[2024-03-12T11:54:13.119+0000] {processor.py:183} INFO - Processing /home/airflow/.local/lib/python3.8/site-packages/airflow/example_dags/example_subdag_operator.py took 0.258 seconds
[2024-03-12T11:54:43.202+0000] {processor.py:161} INFO - Started process (PID=2523) to work on /home/airflow/.local/lib/python3.8/site-packages/airflow/example_dags/example_subdag_operator.py
[2024-03-12T11:54:43.204+0000] {processor.py:830} INFO - Processing file /home/airflow/.local/lib/python3.8/site-packages/airflow/example_dags/example_subdag_operator.py for tasks to queue
[2024-03-12T11:54:43.205+0000] {logging_mixin.py:188} INFO - [2024-03-12T11:54:43.205+0000] {dagbag.py:540} INFO - Filling up the DagBag from /home/airflow/.local/lib/python3.8/site-packages/airflow/example_dags/example_subdag_operator.py
[2024-03-12T11:54:43.222+0000] {processor.py:840} INFO - DAG(s) 'example_subdag_operator.section-1', 'example_subdag_operator.section-2', 'example_subdag_operator' retrieved from /home/airflow/.local/lib/python3.8/site-packages/airflow/example_dags/example_subdag_operator.py
[2024-03-12T11:54:43.232+0000] {logging_mixin.py:188} INFO - [2024-03-12T11:54:43.232+0000] {dag.py:3047} INFO - Sync 3 DAGs
[2024-03-12T11:54:43.245+0000] {logging_mixin.py:188} INFO - [2024-03-12T11:54:43.244+0000] {dag.py:3834} INFO - Setting next_dagrun for example_subdag_operator to 2022-01-01 00:00:00+00:00, run_after=2022-01-01 00:00:00+00:00
[2024-03-12T11:54:43.247+0000] {logging_mixin.py:188} INFO - [2024-03-12T11:54:43.247+0000] {dag.py:3834} INFO - Setting next_dagrun for example_subdag_operator.section-1 to None, run_after=None
[2024-03-12T11:54:43.248+0000] {logging_mixin.py:188} INFO - [2024-03-12T11:54:43.248+0000] {dag.py:3834} INFO - Setting next_dagrun for example_subdag_operator.section-2 to None, run_after=None
[2024-03-12T11:54:43.252+0000] {logging_mixin.py:188} INFO - [2024-03-12T11:54:43.252+0000] {dag.py:3047} INFO - Sync 2 DAGs
[2024-03-12T11:54:43.256+0000] {logging_mixin.py:188} INFO - [2024-03-12T11:54:43.256+0000] {dag.py:3834} INFO - Setting next_dagrun for example_subdag_operator.section-1 to None, run_after=None
[2024-03-12T11:54:43.256+0000] {logging_mixin.py:188} INFO - [2024-03-12T11:54:43.256+0000] {dag.py:3834} INFO - Setting next_dagrun for example_subdag_operator.section-2 to None, run_after=None
[2024-03-12T11:54:43.262+0000] {processor.py:183} INFO - Processing /home/airflow/.local/lib/python3.8/site-packages/airflow/example_dags/example_subdag_operator.py took 0.063 seconds
[2024-03-12T11:55:13.304+0000] {processor.py:161} INFO - Started process (PID=2769) to work on /home/airflow/.local/lib/python3.8/site-packages/airflow/example_dags/example_subdag_operator.py
[2024-03-12T11:55:13.306+0000] {processor.py:830} INFO - Processing file /home/airflow/.local/lib/python3.8/site-packages/airflow/example_dags/example_subdag_operator.py for tasks to queue
[2024-03-12T11:55:13.307+0000] {logging_mixin.py:188} INFO - [2024-03-12T11:55:13.306+0000] {dagbag.py:540} INFO - Filling up the DagBag from /home/airflow/.local/lib/python3.8/site-packages/airflow/example_dags/example_subdag_operator.py
[2024-03-12T11:55:13.325+0000] {processor.py:840} INFO - DAG(s) 'example_subdag_operator.section-1', 'example_subdag_operator.section-2', 'example_subdag_operator' retrieved from /home/airflow/.local/lib/python3.8/site-packages/airflow/example_dags/example_subdag_operator.py
[2024-03-12T11:55:13.334+0000] {logging_mixin.py:188} INFO - [2024-03-12T11:55:13.334+0000] {dag.py:3047} INFO - Sync 3 DAGs
[2024-03-12T11:55:13.347+0000] {logging_mixin.py:188} INFO - [2024-03-12T11:55:13.346+0000] {dag.py:3834} INFO - Setting next_dagrun for example_subdag_operator to 2022-01-01 00:00:00+00:00, run_after=2022-01-01 00:00:00+00:00
[2024-03-12T11:55:13.350+0000] {logging_mixin.py:188} INFO - [2024-03-12T11:55:13.349+0000] {dag.py:3834} INFO - Setting next_dagrun for example_subdag_operator.section-1 to None, run_after=None
[2024-03-12T11:55:13.351+0000] {logging_mixin.py:188} INFO - [2024-03-12T11:55:13.350+0000] {dag.py:3834} INFO - Setting next_dagrun for example_subdag_operator.section-2 to None, run_after=None
[2024-03-12T11:55:13.354+0000] {logging_mixin.py:188} INFO - [2024-03-12T11:55:13.354+0000] {dag.py:3047} INFO - Sync 2 DAGs
[2024-03-12T11:55:13.357+0000] {logging_mixin.py:188} INFO - [2024-03-12T11:55:13.357+0000] {dag.py:3834} INFO - Setting next_dagrun for example_subdag_operator.section-1 to None, run_after=None
[2024-03-12T11:55:13.358+0000] {logging_mixin.py:188} INFO - [2024-03-12T11:55:13.358+0000] {dag.py:3834} INFO - Setting next_dagrun for example_subdag_operator.section-2 to None, run_after=None
[2024-03-12T11:55:13.363+0000] {processor.py:183} INFO - Processing /home/airflow/.local/lib/python3.8/site-packages/airflow/example_dags/example_subdag_operator.py took 0.062 seconds
[2024-03-12T11:55:44.081+0000] {processor.py:161} INFO - Started process (PID=3016) to work on /home/airflow/.local/lib/python3.8/site-packages/airflow/example_dags/example_subdag_operator.py
[2024-03-12T11:55:44.082+0000] {processor.py:830} INFO - Processing file /home/airflow/.local/lib/python3.8/site-packages/airflow/example_dags/example_subdag_operator.py for tasks to queue
[2024-03-12T11:55:44.083+0000] {logging_mixin.py:188} INFO - [2024-03-12T11:55:44.083+0000] {dagbag.py:540} INFO - Filling up the DagBag from /home/airflow/.local/lib/python3.8/site-packages/airflow/example_dags/example_subdag_operator.py
[2024-03-12T11:55:44.101+0000] {processor.py:840} INFO - DAG(s) 'example_subdag_operator.section-1', 'example_subdag_operator.section-2', 'example_subdag_operator' retrieved from /home/airflow/.local/lib/python3.8/site-packages/airflow/example_dags/example_subdag_operator.py
[2024-03-12T11:55:44.114+0000] {logging_mixin.py:188} INFO - [2024-03-12T11:55:44.114+0000] {dag.py:3047} INFO - Sync 3 DAGs
[2024-03-12T11:55:44.127+0000] {logging_mixin.py:188} INFO - [2024-03-12T11:55:44.126+0000] {dag.py:3834} INFO - Setting next_dagrun for example_subdag_operator to 2022-01-01 00:00:00+00:00, run_after=2022-01-01 00:00:00+00:00
[2024-03-12T11:55:44.129+0000] {logging_mixin.py:188} INFO - [2024-03-12T11:55:44.129+0000] {dag.py:3834} INFO - Setting next_dagrun for example_subdag_operator.section-1 to None, run_after=None
[2024-03-12T11:55:44.130+0000] {logging_mixin.py:188} INFO - [2024-03-12T11:55:44.130+0000] {dag.py:3834} INFO - Setting next_dagrun for example_subdag_operator.section-2 to None, run_after=None
[2024-03-12T11:55:44.134+0000] {logging_mixin.py:188} INFO - [2024-03-12T11:55:44.134+0000] {dag.py:3047} INFO - Sync 2 DAGs
[2024-03-12T11:55:44.137+0000] {logging_mixin.py:188} INFO - [2024-03-12T11:55:44.136+0000] {dag.py:3834} INFO - Setting next_dagrun for example_subdag_operator.section-1 to None, run_after=None
[2024-03-12T11:55:44.137+0000] {logging_mixin.py:188} INFO - [2024-03-12T11:55:44.137+0000] {dag.py:3834} INFO - Setting next_dagrun for example_subdag_operator.section-2 to None, run_after=None
[2024-03-12T11:55:44.142+0000] {processor.py:183} INFO - Processing /home/airflow/.local/lib/python3.8/site-packages/airflow/example_dags/example_subdag_operator.py took 0.064 seconds
[2024-03-12T11:57:07.953+0000] {processor.py:161} INFO - Started process (PID=301) to work on /home/airflow/.local/lib/python3.8/site-packages/airflow/example_dags/example_subdag_operator.py
[2024-03-12T11:57:07.955+0000] {processor.py:830} INFO - Processing file /home/airflow/.local/lib/python3.8/site-packages/airflow/example_dags/example_subdag_operator.py for tasks to queue
[2024-03-12T11:57:07.956+0000] {logging_mixin.py:188} INFO - [2024-03-12T11:57:07.955+0000] {dagbag.py:540} INFO - Filling up the DagBag from /home/airflow/.local/lib/python3.8/site-packages/airflow/example_dags/example_subdag_operator.py
[2024-03-12T11:57:07.974+0000] {processor.py:840} INFO - DAG(s) 'example_subdag_operator.section-1', 'example_subdag_operator.section-2', 'example_subdag_operator' retrieved from /home/airflow/.local/lib/python3.8/site-packages/airflow/example_dags/example_subdag_operator.py
[2024-03-12T11:57:07.985+0000] {logging_mixin.py:188} INFO - [2024-03-12T11:57:07.985+0000] {dag.py:3047} INFO - Sync 3 DAGs
[2024-03-12T11:57:07.997+0000] {logging_mixin.py:188} INFO - [2024-03-12T11:57:07.997+0000] {dag.py:3834} INFO - Setting next_dagrun for example_subdag_operator to 2022-01-01 00:00:00+00:00, run_after=2022-01-01 00:00:00+00:00
[2024-03-12T11:57:07.999+0000] {logging_mixin.py:188} INFO - [2024-03-12T11:57:07.999+0000] {dag.py:3834} INFO - Setting next_dagrun for example_subdag_operator.section-1 to None, run_after=None
[2024-03-12T11:57:08.000+0000] {logging_mixin.py:188} INFO - [2024-03-12T11:57:08.000+0000] {dag.py:3834} INFO - Setting next_dagrun for example_subdag_operator.section-2 to None, run_after=None
[2024-03-12T11:57:08.004+0000] {logging_mixin.py:188} INFO - [2024-03-12T11:57:08.004+0000] {dag.py:3047} INFO - Sync 2 DAGs
[2024-03-12T11:57:08.007+0000] {logging_mixin.py:188} INFO - [2024-03-12T11:57:08.007+0000] {dag.py:3834} INFO - Setting next_dagrun for example_subdag_operator.section-1 to None, run_after=None
[2024-03-12T11:57:08.008+0000] {logging_mixin.py:188} INFO - [2024-03-12T11:57:08.008+0000] {dag.py:3834} INFO - Setting next_dagrun for example_subdag_operator.section-2 to None, run_after=None
[2024-03-12T11:57:08.014+0000] {processor.py:183} INFO - Processing /home/airflow/.local/lib/python3.8/site-packages/airflow/example_dags/example_subdag_operator.py took 0.064 seconds
[2024-03-12T11:57:38.148+0000] {processor.py:161} INFO - Started process (PID=546) to work on /home/airflow/.local/lib/python3.8/site-packages/airflow/example_dags/example_subdag_operator.py
[2024-03-12T11:57:38.150+0000] {processor.py:830} INFO - Processing file /home/airflow/.local/lib/python3.8/site-packages/airflow/example_dags/example_subdag_operator.py for tasks to queue
[2024-03-12T11:57:38.151+0000] {logging_mixin.py:188} INFO - [2024-03-12T11:57:38.150+0000] {dagbag.py:540} INFO - Filling up the DagBag from /home/airflow/.local/lib/python3.8/site-packages/airflow/example_dags/example_subdag_operator.py
[2024-03-12T11:57:38.170+0000] {processor.py:840} INFO - DAG(s) 'example_subdag_operator.section-1', 'example_subdag_operator.section-2', 'example_subdag_operator' retrieved from /home/airflow/.local/lib/python3.8/site-packages/airflow/example_dags/example_subdag_operator.py
[2024-03-12T11:57:38.182+0000] {logging_mixin.py:188} INFO - [2024-03-12T11:57:38.182+0000] {dag.py:3047} INFO - Sync 3 DAGs
[2024-03-12T11:57:38.194+0000] {logging_mixin.py:188} INFO - [2024-03-12T11:57:38.194+0000] {dag.py:3834} INFO - Setting next_dagrun for example_subdag_operator to 2022-01-01 00:00:00+00:00, run_after=2022-01-01 00:00:00+00:00
[2024-03-12T11:57:38.200+0000] {logging_mixin.py:188} INFO - [2024-03-12T11:57:38.200+0000] {dag.py:3834} INFO - Setting next_dagrun for example_subdag_operator.section-1 to None, run_after=None
[2024-03-12T11:57:38.231+0000] {logging_mixin.py:188} INFO - [2024-03-12T11:57:38.231+0000] {dag.py:3834} INFO - Setting next_dagrun for example_subdag_operator.section-2 to None, run_after=None
[2024-03-12T11:57:38.236+0000] {logging_mixin.py:188} INFO - [2024-03-12T11:57:38.236+0000] {dag.py:3047} INFO - Sync 2 DAGs
[2024-03-12T11:57:38.242+0000] {logging_mixin.py:188} INFO - [2024-03-12T11:57:38.242+0000] {dag.py:3834} INFO - Setting next_dagrun for example_subdag_operator.section-1 to None, run_after=None
[2024-03-12T11:57:38.243+0000] {logging_mixin.py:188} INFO - [2024-03-12T11:57:38.243+0000] {dag.py:3834} INFO - Setting next_dagrun for example_subdag_operator.section-2 to None, run_after=None
[2024-03-12T11:57:38.257+0000] {processor.py:183} INFO - Processing /home/airflow/.local/lib/python3.8/site-packages/airflow/example_dags/example_subdag_operator.py took 0.112 seconds
[2024-03-12T11:58:35.707+0000] {processor.py:161} INFO - Started process (PID=301) to work on /home/airflow/.local/lib/python3.8/site-packages/airflow/example_dags/example_subdag_operator.py
[2024-03-12T11:58:35.708+0000] {processor.py:830} INFO - Processing file /home/airflow/.local/lib/python3.8/site-packages/airflow/example_dags/example_subdag_operator.py for tasks to queue
[2024-03-12T11:58:35.709+0000] {logging_mixin.py:188} INFO - [2024-03-12T11:58:35.709+0000] {dagbag.py:540} INFO - Filling up the DagBag from /home/airflow/.local/lib/python3.8/site-packages/airflow/example_dags/example_subdag_operator.py
[2024-03-12T11:58:35.727+0000] {processor.py:840} INFO - DAG(s) 'example_subdag_operator.section-1', 'example_subdag_operator.section-2', 'example_subdag_operator' retrieved from /home/airflow/.local/lib/python3.8/site-packages/airflow/example_dags/example_subdag_operator.py
[2024-03-12T11:58:35.737+0000] {logging_mixin.py:188} INFO - [2024-03-12T11:58:35.737+0000] {dag.py:3047} INFO - Sync 3 DAGs
[2024-03-12T11:58:35.749+0000] {logging_mixin.py:188} INFO - [2024-03-12T11:58:35.749+0000] {dag.py:3834} INFO - Setting next_dagrun for example_subdag_operator to 2022-01-01 00:00:00+00:00, run_after=2022-01-01 00:00:00+00:00
[2024-03-12T11:58:35.751+0000] {logging_mixin.py:188} INFO - [2024-03-12T11:58:35.751+0000] {dag.py:3834} INFO - Setting next_dagrun for example_subdag_operator.section-1 to None, run_after=None
[2024-03-12T11:58:35.752+0000] {logging_mixin.py:188} INFO - [2024-03-12T11:58:35.752+0000] {dag.py:3834} INFO - Setting next_dagrun for example_subdag_operator.section-2 to None, run_after=None
[2024-03-12T11:58:35.756+0000] {logging_mixin.py:188} INFO - [2024-03-12T11:58:35.756+0000] {dag.py:3047} INFO - Sync 2 DAGs
[2024-03-12T11:58:35.759+0000] {logging_mixin.py:188} INFO - [2024-03-12T11:58:35.759+0000] {dag.py:3834} INFO - Setting next_dagrun for example_subdag_operator.section-1 to None, run_after=None
[2024-03-12T11:58:35.759+0000] {logging_mixin.py:188} INFO - [2024-03-12T11:58:35.759+0000] {dag.py:3834} INFO - Setting next_dagrun for example_subdag_operator.section-2 to None, run_after=None
[2024-03-12T11:58:35.764+0000] {processor.py:183} INFO - Processing /home/airflow/.local/lib/python3.8/site-packages/airflow/example_dags/example_subdag_operator.py took 0.061 seconds
[2024-03-12T11:59:05.826+0000] {processor.py:161} INFO - Started process (PID=548) to work on /home/airflow/.local/lib/python3.8/site-packages/airflow/example_dags/example_subdag_operator.py
[2024-03-12T11:59:05.828+0000] {processor.py:830} INFO - Processing file /home/airflow/.local/lib/python3.8/site-packages/airflow/example_dags/example_subdag_operator.py for tasks to queue
[2024-03-12T11:59:05.828+0000] {logging_mixin.py:188} INFO - [2024-03-12T11:59:05.828+0000] {dagbag.py:540} INFO - Filling up the DagBag from /home/airflow/.local/lib/python3.8/site-packages/airflow/example_dags/example_subdag_operator.py
[2024-03-12T11:59:05.845+0000] {processor.py:840} INFO - DAG(s) 'example_subdag_operator.section-1', 'example_subdag_operator.section-2', 'example_subdag_operator' retrieved from /home/airflow/.local/lib/python3.8/site-packages/airflow/example_dags/example_subdag_operator.py
[2024-03-12T11:59:05.854+0000] {logging_mixin.py:188} INFO - [2024-03-12T11:59:05.854+0000] {dag.py:3047} INFO - Sync 3 DAGs
[2024-03-12T11:59:05.866+0000] {logging_mixin.py:188} INFO - [2024-03-12T11:59:05.866+0000] {dag.py:3834} INFO - Setting next_dagrun for example_subdag_operator to 2022-01-01 00:00:00+00:00, run_after=2022-01-01 00:00:00+00:00
[2024-03-12T11:59:05.868+0000] {logging_mixin.py:188} INFO - [2024-03-12T11:59:05.868+0000] {dag.py:3834} INFO - Setting next_dagrun for example_subdag_operator.section-1 to None, run_after=None
[2024-03-12T11:59:05.869+0000] {logging_mixin.py:188} INFO - [2024-03-12T11:59:05.869+0000] {dag.py:3834} INFO - Setting next_dagrun for example_subdag_operator.section-2 to None, run_after=None
[2024-03-12T11:59:05.873+0000] {logging_mixin.py:188} INFO - [2024-03-12T11:59:05.873+0000] {dag.py:3047} INFO - Sync 2 DAGs
[2024-03-12T11:59:05.876+0000] {logging_mixin.py:188} INFO - [2024-03-12T11:59:05.876+0000] {dag.py:3834} INFO - Setting next_dagrun for example_subdag_operator.section-1 to None, run_after=None
[2024-03-12T11:59:05.877+0000] {logging_mixin.py:188} INFO - [2024-03-12T11:59:05.876+0000] {dag.py:3834} INFO - Setting next_dagrun for example_subdag_operator.section-2 to None, run_after=None
[2024-03-12T11:59:05.882+0000] {processor.py:183} INFO - Processing /home/airflow/.local/lib/python3.8/site-packages/airflow/example_dags/example_subdag_operator.py took 0.058 seconds
[2024-03-12T11:59:36.349+0000] {processor.py:161} INFO - Started process (PID=795) to work on /home/airflow/.local/lib/python3.8/site-packages/airflow/example_dags/example_subdag_operator.py
[2024-03-12T11:59:36.350+0000] {processor.py:830} INFO - Processing file /home/airflow/.local/lib/python3.8/site-packages/airflow/example_dags/example_subdag_operator.py for tasks to queue
[2024-03-12T11:59:36.351+0000] {logging_mixin.py:188} INFO - [2024-03-12T11:59:36.351+0000] {dagbag.py:540} INFO - Filling up the DagBag from /home/airflow/.local/lib/python3.8/site-packages/airflow/example_dags/example_subdag_operator.py
[2024-03-12T11:59:36.369+0000] {processor.py:840} INFO - DAG(s) 'example_subdag_operator.section-1', 'example_subdag_operator.section-2', 'example_subdag_operator' retrieved from /home/airflow/.local/lib/python3.8/site-packages/airflow/example_dags/example_subdag_operator.py
[2024-03-12T11:59:36.378+0000] {logging_mixin.py:188} INFO - [2024-03-12T11:59:36.378+0000] {dag.py:3047} INFO - Sync 3 DAGs
[2024-03-12T11:59:36.390+0000] {logging_mixin.py:188} INFO - [2024-03-12T11:59:36.390+0000] {dag.py:3834} INFO - Setting next_dagrun for example_subdag_operator to 2022-01-01 00:00:00+00:00, run_after=2022-01-01 00:00:00+00:00
[2024-03-12T11:59:36.393+0000] {logging_mixin.py:188} INFO - [2024-03-12T11:59:36.393+0000] {dag.py:3834} INFO - Setting next_dagrun for example_subdag_operator.section-1 to None, run_after=None
[2024-03-12T11:59:36.394+0000] {logging_mixin.py:188} INFO - [2024-03-12T11:59:36.394+0000] {dag.py:3834} INFO - Setting next_dagrun for example_subdag_operator.section-2 to None, run_after=None
[2024-03-12T11:59:36.398+0000] {logging_mixin.py:188} INFO - [2024-03-12T11:59:36.398+0000] {dag.py:3047} INFO - Sync 2 DAGs
[2024-03-12T11:59:36.401+0000] {logging_mixin.py:188} INFO - [2024-03-12T11:59:36.401+0000] {dag.py:3834} INFO - Setting next_dagrun for example_subdag_operator.section-1 to None, run_after=None
[2024-03-12T11:59:36.402+0000] {logging_mixin.py:188} INFO - [2024-03-12T11:59:36.402+0000] {dag.py:3834} INFO - Setting next_dagrun for example_subdag_operator.section-2 to None, run_after=None
[2024-03-12T11:59:36.407+0000] {processor.py:183} INFO - Processing /home/airflow/.local/lib/python3.8/site-packages/airflow/example_dags/example_subdag_operator.py took 0.061 seconds
[2024-03-12T12:00:07.261+0000] {processor.py:161} INFO - Started process (PID=1042) to work on /home/airflow/.local/lib/python3.8/site-packages/airflow/example_dags/example_subdag_operator.py
[2024-03-12T12:00:07.262+0000] {processor.py:830} INFO - Processing file /home/airflow/.local/lib/python3.8/site-packages/airflow/example_dags/example_subdag_operator.py for tasks to queue
[2024-03-12T12:00:07.263+0000] {logging_mixin.py:188} INFO - [2024-03-12T12:00:07.263+0000] {dagbag.py:540} INFO - Filling up the DagBag from /home/airflow/.local/lib/python3.8/site-packages/airflow/example_dags/example_subdag_operator.py
[2024-03-12T12:00:07.280+0000] {processor.py:840} INFO - DAG(s) 'example_subdag_operator.section-1', 'example_subdag_operator.section-2', 'example_subdag_operator' retrieved from /home/airflow/.local/lib/python3.8/site-packages/airflow/example_dags/example_subdag_operator.py
[2024-03-12T12:00:07.289+0000] {logging_mixin.py:188} INFO - [2024-03-12T12:00:07.289+0000] {dag.py:3047} INFO - Sync 3 DAGs
[2024-03-12T12:00:07.301+0000] {logging_mixin.py:188} INFO - [2024-03-12T12:00:07.301+0000] {dag.py:3834} INFO - Setting next_dagrun for example_subdag_operator to 2022-01-01 00:00:00+00:00, run_after=2022-01-01 00:00:00+00:00
[2024-03-12T12:00:07.305+0000] {logging_mixin.py:188} INFO - [2024-03-12T12:00:07.305+0000] {dag.py:3834} INFO - Setting next_dagrun for example_subdag_operator.section-1 to None, run_after=None
[2024-03-12T12:00:07.306+0000] {logging_mixin.py:188} INFO - [2024-03-12T12:00:07.306+0000] {dag.py:3834} INFO - Setting next_dagrun for example_subdag_operator.section-2 to None, run_after=None
[2024-03-12T12:00:07.311+0000] {logging_mixin.py:188} INFO - [2024-03-12T12:00:07.311+0000] {dag.py:3047} INFO - Sync 2 DAGs
[2024-03-12T12:00:07.315+0000] {logging_mixin.py:188} INFO - [2024-03-12T12:00:07.315+0000] {dag.py:3834} INFO - Setting next_dagrun for example_subdag_operator.section-1 to None, run_after=None
[2024-03-12T12:00:07.316+0000] {logging_mixin.py:188} INFO - [2024-03-12T12:00:07.316+0000] {dag.py:3834} INFO - Setting next_dagrun for example_subdag_operator.section-2 to None, run_after=None
[2024-03-12T12:00:07.322+0000] {processor.py:183} INFO - Processing /home/airflow/.local/lib/python3.8/site-packages/airflow/example_dags/example_subdag_operator.py took 0.064 seconds
[2024-03-12T12:00:38.342+0000] {processor.py:161} INFO - Started process (PID=1289) to work on /home/airflow/.local/lib/python3.8/site-packages/airflow/example_dags/example_subdag_operator.py
[2024-03-12T12:00:38.343+0000] {processor.py:830} INFO - Processing file /home/airflow/.local/lib/python3.8/site-packages/airflow/example_dags/example_subdag_operator.py for tasks to queue
[2024-03-12T12:00:38.345+0000] {logging_mixin.py:188} INFO - [2024-03-12T12:00:38.344+0000] {dagbag.py:540} INFO - Filling up the DagBag from /home/airflow/.local/lib/python3.8/site-packages/airflow/example_dags/example_subdag_operator.py
[2024-03-12T12:00:38.365+0000] {processor.py:840} INFO - DAG(s) 'example_subdag_operator.section-1', 'example_subdag_operator.section-2', 'example_subdag_operator' retrieved from /home/airflow/.local/lib/python3.8/site-packages/airflow/example_dags/example_subdag_operator.py
[2024-03-12T12:00:38.375+0000] {logging_mixin.py:188} INFO - [2024-03-12T12:00:38.375+0000] {dag.py:3047} INFO - Sync 3 DAGs
[2024-03-12T12:00:38.387+0000] {logging_mixin.py:188} INFO - [2024-03-12T12:00:38.386+0000] {dag.py:3834} INFO - Setting next_dagrun for example_subdag_operator to 2022-01-01 00:00:00+00:00, run_after=2022-01-01 00:00:00+00:00
[2024-03-12T12:00:38.389+0000] {logging_mixin.py:188} INFO - [2024-03-12T12:00:38.389+0000] {dag.py:3834} INFO - Setting next_dagrun for example_subdag_operator.section-1 to None, run_after=None
[2024-03-12T12:00:38.390+0000] {logging_mixin.py:188} INFO - [2024-03-12T12:00:38.390+0000] {dag.py:3834} INFO - Setting next_dagrun for example_subdag_operator.section-2 to None, run_after=None
[2024-03-12T12:00:38.394+0000] {logging_mixin.py:188} INFO - [2024-03-12T12:00:38.394+0000] {dag.py:3047} INFO - Sync 2 DAGs
[2024-03-12T12:00:38.397+0000] {logging_mixin.py:188} INFO - [2024-03-12T12:00:38.397+0000] {dag.py:3834} INFO - Setting next_dagrun for example_subdag_operator.section-1 to None, run_after=None
[2024-03-12T12:00:38.397+0000] {logging_mixin.py:188} INFO - [2024-03-12T12:00:38.397+0000] {dag.py:3834} INFO - Setting next_dagrun for example_subdag_operator.section-2 to None, run_after=None
[2024-03-12T12:00:38.403+0000] {processor.py:183} INFO - Processing /home/airflow/.local/lib/python3.8/site-packages/airflow/example_dags/example_subdag_operator.py took 0.066 seconds
[2024-03-12T12:01:09.168+0000] {processor.py:161} INFO - Started process (PID=1534) to work on /home/airflow/.local/lib/python3.8/site-packages/airflow/example_dags/example_subdag_operator.py
[2024-03-12T12:01:09.170+0000] {processor.py:830} INFO - Processing file /home/airflow/.local/lib/python3.8/site-packages/airflow/example_dags/example_subdag_operator.py for tasks to queue
[2024-03-12T12:01:09.171+0000] {logging_mixin.py:188} INFO - [2024-03-12T12:01:09.170+0000] {dagbag.py:540} INFO - Filling up the DagBag from /home/airflow/.local/lib/python3.8/site-packages/airflow/example_dags/example_subdag_operator.py
[2024-03-12T12:01:09.192+0000] {processor.py:840} INFO - DAG(s) 'example_subdag_operator.section-1', 'example_subdag_operator.section-2', 'example_subdag_operator' retrieved from /home/airflow/.local/lib/python3.8/site-packages/airflow/example_dags/example_subdag_operator.py
[2024-03-12T12:01:09.206+0000] {logging_mixin.py:188} INFO - [2024-03-12T12:01:09.206+0000] {dag.py:3047} INFO - Sync 3 DAGs
[2024-03-12T12:01:09.220+0000] {logging_mixin.py:188} INFO - [2024-03-12T12:01:09.220+0000] {dag.py:3834} INFO - Setting next_dagrun for example_subdag_operator to 2022-01-01 00:00:00+00:00, run_after=2022-01-01 00:00:00+00:00
[2024-03-12T12:01:09.222+0000] {logging_mixin.py:188} INFO - [2024-03-12T12:01:09.222+0000] {dag.py:3834} INFO - Setting next_dagrun for example_subdag_operator.section-1 to None, run_after=None
[2024-03-12T12:01:09.224+0000] {logging_mixin.py:188} INFO - [2024-03-12T12:01:09.224+0000] {dag.py:3834} INFO - Setting next_dagrun for example_subdag_operator.section-2 to None, run_after=None
[2024-03-12T12:01:09.228+0000] {logging_mixin.py:188} INFO - [2024-03-12T12:01:09.228+0000] {dag.py:3047} INFO - Sync 2 DAGs
[2024-03-12T12:01:09.232+0000] {logging_mixin.py:188} INFO - [2024-03-12T12:01:09.232+0000] {dag.py:3834} INFO - Setting next_dagrun for example_subdag_operator.section-1 to None, run_after=None
[2024-03-12T12:01:09.234+0000] {logging_mixin.py:188} INFO - [2024-03-12T12:01:09.233+0000] {dag.py:3834} INFO - Setting next_dagrun for example_subdag_operator.section-2 to None, run_after=None
[2024-03-12T12:01:09.240+0000] {processor.py:183} INFO - Processing /home/airflow/.local/lib/python3.8/site-packages/airflow/example_dags/example_subdag_operator.py took 0.075 seconds
[2024-03-12T12:01:40.143+0000] {processor.py:161} INFO - Started process (PID=1781) to work on /home/airflow/.local/lib/python3.8/site-packages/airflow/example_dags/example_subdag_operator.py
[2024-03-12T12:01:40.145+0000] {processor.py:830} INFO - Processing file /home/airflow/.local/lib/python3.8/site-packages/airflow/example_dags/example_subdag_operator.py for tasks to queue
[2024-03-12T12:01:40.146+0000] {logging_mixin.py:188} INFO - [2024-03-12T12:01:40.146+0000] {dagbag.py:540} INFO - Filling up the DagBag from /home/airflow/.local/lib/python3.8/site-packages/airflow/example_dags/example_subdag_operator.py
[2024-03-12T12:01:40.167+0000] {processor.py:840} INFO - DAG(s) 'example_subdag_operator.section-1', 'example_subdag_operator.section-2', 'example_subdag_operator' retrieved from /home/airflow/.local/lib/python3.8/site-packages/airflow/example_dags/example_subdag_operator.py
[2024-03-12T12:01:40.177+0000] {logging_mixin.py:188} INFO - [2024-03-12T12:01:40.177+0000] {dag.py:3047} INFO - Sync 3 DAGs
[2024-03-12T12:01:40.189+0000] {logging_mixin.py:188} INFO - [2024-03-12T12:01:40.189+0000] {dag.py:3834} INFO - Setting next_dagrun for example_subdag_operator to 2022-01-01 00:00:00+00:00, run_after=2022-01-01 00:00:00+00:00
[2024-03-12T12:01:40.193+0000] {logging_mixin.py:188} INFO - [2024-03-12T12:01:40.193+0000] {dag.py:3834} INFO - Setting next_dagrun for example_subdag_operator.section-1 to None, run_after=None
[2024-03-12T12:01:40.194+0000] {logging_mixin.py:188} INFO - [2024-03-12T12:01:40.194+0000] {dag.py:3834} INFO - Setting next_dagrun for example_subdag_operator.section-2 to None, run_after=None
[2024-03-12T12:01:40.198+0000] {logging_mixin.py:188} INFO - [2024-03-12T12:01:40.198+0000] {dag.py:3047} INFO - Sync 2 DAGs
[2024-03-12T12:01:40.202+0000] {logging_mixin.py:188} INFO - [2024-03-12T12:01:40.202+0000] {dag.py:3834} INFO - Setting next_dagrun for example_subdag_operator.section-1 to None, run_after=None
[2024-03-12T12:01:40.203+0000] {logging_mixin.py:188} INFO - [2024-03-12T12:01:40.203+0000] {dag.py:3834} INFO - Setting next_dagrun for example_subdag_operator.section-2 to None, run_after=None
[2024-03-12T12:01:40.211+0000] {processor.py:183} INFO - Processing /home/airflow/.local/lib/python3.8/site-packages/airflow/example_dags/example_subdag_operator.py took 0.072 seconds
[2024-03-12T12:02:10.868+0000] {processor.py:161} INFO - Started process (PID=2028) to work on /home/airflow/.local/lib/python3.8/site-packages/airflow/example_dags/example_subdag_operator.py
[2024-03-12T12:02:10.870+0000] {processor.py:830} INFO - Processing file /home/airflow/.local/lib/python3.8/site-packages/airflow/example_dags/example_subdag_operator.py for tasks to queue
[2024-03-12T12:02:10.871+0000] {logging_mixin.py:188} INFO - [2024-03-12T12:02:10.871+0000] {dagbag.py:540} INFO - Filling up the DagBag from /home/airflow/.local/lib/python3.8/site-packages/airflow/example_dags/example_subdag_operator.py
[2024-03-12T12:02:10.896+0000] {processor.py:840} INFO - DAG(s) 'example_subdag_operator.section-1', 'example_subdag_operator.section-2', 'example_subdag_operator' retrieved from /home/airflow/.local/lib/python3.8/site-packages/airflow/example_dags/example_subdag_operator.py
[2024-03-12T12:02:10.916+0000] {logging_mixin.py:188} INFO - [2024-03-12T12:02:10.916+0000] {dag.py:3047} INFO - Sync 3 DAGs
[2024-03-12T12:02:10.936+0000] {logging_mixin.py:188} INFO - [2024-03-12T12:02:10.936+0000] {dag.py:3834} INFO - Setting next_dagrun for example_subdag_operator to 2022-01-01 00:00:00+00:00, run_after=2022-01-01 00:00:00+00:00
[2024-03-12T12:02:10.940+0000] {logging_mixin.py:188} INFO - [2024-03-12T12:02:10.939+0000] {dag.py:3834} INFO - Setting next_dagrun for example_subdag_operator.section-1 to None, run_after=None
[2024-03-12T12:02:10.942+0000] {logging_mixin.py:188} INFO - [2024-03-12T12:02:10.942+0000] {dag.py:3834} INFO - Setting next_dagrun for example_subdag_operator.section-2 to None, run_after=None
[2024-03-12T12:02:10.948+0000] {logging_mixin.py:188} INFO - [2024-03-12T12:02:10.948+0000] {dag.py:3047} INFO - Sync 2 DAGs
[2024-03-12T12:02:10.952+0000] {logging_mixin.py:188} INFO - [2024-03-12T12:02:10.952+0000] {dag.py:3834} INFO - Setting next_dagrun for example_subdag_operator.section-1 to None, run_after=None
[2024-03-12T12:02:10.953+0000] {logging_mixin.py:188} INFO - [2024-03-12T12:02:10.953+0000] {dag.py:3834} INFO - Setting next_dagrun for example_subdag_operator.section-2 to None, run_after=None
[2024-03-12T12:02:10.960+0000] {processor.py:183} INFO - Processing /home/airflow/.local/lib/python3.8/site-packages/airflow/example_dags/example_subdag_operator.py took 0.095 seconds
[2024-03-12T12:02:41.577+0000] {processor.py:161} INFO - Started process (PID=2277) to work on /home/airflow/.local/lib/python3.8/site-packages/airflow/example_dags/example_subdag_operator.py
[2024-03-12T12:02:41.578+0000] {processor.py:830} INFO - Processing file /home/airflow/.local/lib/python3.8/site-packages/airflow/example_dags/example_subdag_operator.py for tasks to queue
[2024-03-12T12:02:41.580+0000] {logging_mixin.py:188} INFO - [2024-03-12T12:02:41.579+0000] {dagbag.py:540} INFO - Filling up the DagBag from /home/airflow/.local/lib/python3.8/site-packages/airflow/example_dags/example_subdag_operator.py
[2024-03-12T12:02:41.608+0000] {processor.py:840} INFO - DAG(s) 'example_subdag_operator.section-1', 'example_subdag_operator.section-2', 'example_subdag_operator' retrieved from /home/airflow/.local/lib/python3.8/site-packages/airflow/example_dags/example_subdag_operator.py
[2024-03-12T12:02:41.622+0000] {logging_mixin.py:188} INFO - [2024-03-12T12:02:41.621+0000] {dag.py:3047} INFO - Sync 3 DAGs
[2024-03-12T12:02:41.648+0000] {logging_mixin.py:188} INFO - [2024-03-12T12:02:41.648+0000] {dag.py:3834} INFO - Setting next_dagrun for example_subdag_operator to 2022-01-01 00:00:00+00:00, run_after=2022-01-01 00:00:00+00:00
[2024-03-12T12:02:41.651+0000] {logging_mixin.py:188} INFO - [2024-03-12T12:02:41.651+0000] {dag.py:3834} INFO - Setting next_dagrun for example_subdag_operator.section-1 to None, run_after=None
[2024-03-12T12:02:41.652+0000] {logging_mixin.py:188} INFO - [2024-03-12T12:02:41.652+0000] {dag.py:3834} INFO - Setting next_dagrun for example_subdag_operator.section-2 to None, run_after=None
[2024-03-12T12:02:41.657+0000] {logging_mixin.py:188} INFO - [2024-03-12T12:02:41.657+0000] {dag.py:3047} INFO - Sync 2 DAGs
[2024-03-12T12:02:41.660+0000] {logging_mixin.py:188} INFO - [2024-03-12T12:02:41.660+0000] {dag.py:3834} INFO - Setting next_dagrun for example_subdag_operator.section-1 to None, run_after=None
[2024-03-12T12:02:41.661+0000] {logging_mixin.py:188} INFO - [2024-03-12T12:02:41.661+0000] {dag.py:3834} INFO - Setting next_dagrun for example_subdag_operator.section-2 to None, run_after=None
[2024-03-12T12:02:41.668+0000] {processor.py:183} INFO - Processing /home/airflow/.local/lib/python3.8/site-packages/airflow/example_dags/example_subdag_operator.py took 0.094 seconds
[2024-03-12T12:03:13.339+0000] {processor.py:161} INFO - Started process (PID=2522) to work on /home/airflow/.local/lib/python3.8/site-packages/airflow/example_dags/example_subdag_operator.py
[2024-03-12T12:03:13.341+0000] {processor.py:830} INFO - Processing file /home/airflow/.local/lib/python3.8/site-packages/airflow/example_dags/example_subdag_operator.py for tasks to queue
[2024-03-12T12:03:13.343+0000] {logging_mixin.py:188} INFO - [2024-03-12T12:03:13.343+0000] {dagbag.py:540} INFO - Filling up the DagBag from /home/airflow/.local/lib/python3.8/site-packages/airflow/example_dags/example_subdag_operator.py
[2024-03-12T12:03:13.368+0000] {processor.py:840} INFO - DAG(s) 'example_subdag_operator.section-1', 'example_subdag_operator.section-2', 'example_subdag_operator' retrieved from /home/airflow/.local/lib/python3.8/site-packages/airflow/example_dags/example_subdag_operator.py
[2024-03-12T12:03:13.381+0000] {logging_mixin.py:188} INFO - [2024-03-12T12:03:13.381+0000] {dag.py:3047} INFO - Sync 3 DAGs
[2024-03-12T12:03:13.410+0000] {logging_mixin.py:188} INFO - [2024-03-12T12:03:13.410+0000] {dag.py:3834} INFO - Setting next_dagrun for example_subdag_operator to 2022-01-01 00:00:00+00:00, run_after=2022-01-01 00:00:00+00:00
[2024-03-12T12:03:13.415+0000] {logging_mixin.py:188} INFO - [2024-03-12T12:03:13.415+0000] {dag.py:3834} INFO - Setting next_dagrun for example_subdag_operator.section-1 to None, run_after=None
[2024-03-12T12:03:13.418+0000] {logging_mixin.py:188} INFO - [2024-03-12T12:03:13.418+0000] {dag.py:3834} INFO - Setting next_dagrun for example_subdag_operator.section-2 to None, run_after=None
[2024-03-12T12:03:13.424+0000] {logging_mixin.py:188} INFO - [2024-03-12T12:03:13.424+0000] {dag.py:3047} INFO - Sync 2 DAGs
[2024-03-12T12:03:13.428+0000] {logging_mixin.py:188} INFO - [2024-03-12T12:03:13.428+0000] {dag.py:3834} INFO - Setting next_dagrun for example_subdag_operator.section-1 to None, run_after=None
[2024-03-12T12:03:13.430+0000] {logging_mixin.py:188} INFO - [2024-03-12T12:03:13.430+0000] {dag.py:3834} INFO - Setting next_dagrun for example_subdag_operator.section-2 to None, run_after=None
[2024-03-12T12:03:13.437+0000] {processor.py:183} INFO - Processing /home/airflow/.local/lib/python3.8/site-packages/airflow/example_dags/example_subdag_operator.py took 0.102 seconds
[2024-03-12T12:03:44.645+0000] {processor.py:161} INFO - Started process (PID=2769) to work on /home/airflow/.local/lib/python3.8/site-packages/airflow/example_dags/example_subdag_operator.py
[2024-03-12T12:03:44.647+0000] {processor.py:830} INFO - Processing file /home/airflow/.local/lib/python3.8/site-packages/airflow/example_dags/example_subdag_operator.py for tasks to queue
[2024-03-12T12:03:44.649+0000] {logging_mixin.py:188} INFO - [2024-03-12T12:03:44.648+0000] {dagbag.py:540} INFO - Filling up the DagBag from /home/airflow/.local/lib/python3.8/site-packages/airflow/example_dags/example_subdag_operator.py
[2024-03-12T12:03:44.676+0000] {processor.py:840} INFO - DAG(s) 'example_subdag_operator.section-1', 'example_subdag_operator.section-2', 'example_subdag_operator' retrieved from /home/airflow/.local/lib/python3.8/site-packages/airflow/example_dags/example_subdag_operator.py
[2024-03-12T12:03:44.688+0000] {logging_mixin.py:188} INFO - [2024-03-12T12:03:44.687+0000] {dag.py:3047} INFO - Sync 3 DAGs
[2024-03-12T12:03:44.713+0000] {logging_mixin.py:188} INFO - [2024-03-12T12:03:44.713+0000] {dag.py:3834} INFO - Setting next_dagrun for example_subdag_operator to 2022-01-01 00:00:00+00:00, run_after=2022-01-01 00:00:00+00:00
[2024-03-12T12:03:44.718+0000] {logging_mixin.py:188} INFO - [2024-03-12T12:03:44.718+0000] {dag.py:3834} INFO - Setting next_dagrun for example_subdag_operator.section-1 to None, run_after=None
[2024-03-12T12:03:44.722+0000] {logging_mixin.py:188} INFO - [2024-03-12T12:03:44.722+0000] {dag.py:3834} INFO - Setting next_dagrun for example_subdag_operator.section-2 to None, run_after=None
[2024-03-12T12:03:44.729+0000] {logging_mixin.py:188} INFO - [2024-03-12T12:03:44.728+0000] {dag.py:3047} INFO - Sync 2 DAGs
[2024-03-12T12:03:44.739+0000] {logging_mixin.py:188} INFO - [2024-03-12T12:03:44.738+0000] {dag.py:3834} INFO - Setting next_dagrun for example_subdag_operator.section-1 to None, run_after=None
[2024-03-12T12:03:44.744+0000] {logging_mixin.py:188} INFO - [2024-03-12T12:03:44.744+0000] {dag.py:3834} INFO - Setting next_dagrun for example_subdag_operator.section-2 to None, run_after=None
[2024-03-12T12:03:44.758+0000] {processor.py:183} INFO - Processing /home/airflow/.local/lib/python3.8/site-packages/airflow/example_dags/example_subdag_operator.py took 0.116 seconds
[2024-03-12T12:04:15.795+0000] {processor.py:161} INFO - Started process (PID=3016) to work on /home/airflow/.local/lib/python3.8/site-packages/airflow/example_dags/example_subdag_operator.py
[2024-03-12T12:04:15.796+0000] {processor.py:830} INFO - Processing file /home/airflow/.local/lib/python3.8/site-packages/airflow/example_dags/example_subdag_operator.py for tasks to queue
[2024-03-12T12:04:15.797+0000] {logging_mixin.py:188} INFO - [2024-03-12T12:04:15.797+0000] {dagbag.py:540} INFO - Filling up the DagBag from /home/airflow/.local/lib/python3.8/site-packages/airflow/example_dags/example_subdag_operator.py
[2024-03-12T12:04:15.824+0000] {processor.py:840} INFO - DAG(s) 'example_subdag_operator.section-1', 'example_subdag_operator.section-2', 'example_subdag_operator' retrieved from /home/airflow/.local/lib/python3.8/site-packages/airflow/example_dags/example_subdag_operator.py
[2024-03-12T12:04:15.844+0000] {logging_mixin.py:188} INFO - [2024-03-12T12:04:15.844+0000] {dag.py:3047} INFO - Sync 3 DAGs
[2024-03-12T12:04:15.860+0000] {logging_mixin.py:188} INFO - [2024-03-12T12:04:15.859+0000] {dag.py:3834} INFO - Setting next_dagrun for example_subdag_operator to 2022-01-01 00:00:00+00:00, run_after=2022-01-01 00:00:00+00:00
[2024-03-12T12:04:15.863+0000] {logging_mixin.py:188} INFO - [2024-03-12T12:04:15.862+0000] {dag.py:3834} INFO - Setting next_dagrun for example_subdag_operator.section-1 to None, run_after=None
[2024-03-12T12:04:15.864+0000] {logging_mixin.py:188} INFO - [2024-03-12T12:04:15.864+0000] {dag.py:3834} INFO - Setting next_dagrun for example_subdag_operator.section-2 to None, run_after=None
[2024-03-12T12:04:15.869+0000] {logging_mixin.py:188} INFO - [2024-03-12T12:04:15.869+0000] {dag.py:3047} INFO - Sync 2 DAGs
[2024-03-12T12:04:15.873+0000] {logging_mixin.py:188} INFO - [2024-03-12T12:04:15.873+0000] {dag.py:3834} INFO - Setting next_dagrun for example_subdag_operator.section-1 to None, run_after=None
[2024-03-12T12:04:15.874+0000] {logging_mixin.py:188} INFO - [2024-03-12T12:04:15.874+0000] {dag.py:3834} INFO - Setting next_dagrun for example_subdag_operator.section-2 to None, run_after=None
[2024-03-12T12:04:15.882+0000] {processor.py:183} INFO - Processing /home/airflow/.local/lib/python3.8/site-packages/airflow/example_dags/example_subdag_operator.py took 0.091 seconds
[2024-03-12T12:04:46.227+0000] {processor.py:161} INFO - Started process (PID=3263) to work on /home/airflow/.local/lib/python3.8/site-packages/airflow/example_dags/example_subdag_operator.py
[2024-03-12T12:04:46.234+0000] {processor.py:830} INFO - Processing file /home/airflow/.local/lib/python3.8/site-packages/airflow/example_dags/example_subdag_operator.py for tasks to queue
[2024-03-12T12:04:46.240+0000] {logging_mixin.py:188} INFO - [2024-03-12T12:04:46.239+0000] {dagbag.py:540} INFO - Filling up the DagBag from /home/airflow/.local/lib/python3.8/site-packages/airflow/example_dags/example_subdag_operator.py
[2024-03-12T12:04:46.294+0000] {processor.py:840} INFO - DAG(s) 'example_subdag_operator.section-1', 'example_subdag_operator.section-2', 'example_subdag_operator' retrieved from /home/airflow/.local/lib/python3.8/site-packages/airflow/example_dags/example_subdag_operator.py
[2024-03-12T12:04:46.310+0000] {logging_mixin.py:188} INFO - [2024-03-12T12:04:46.310+0000] {dag.py:3047} INFO - Sync 3 DAGs
[2024-03-12T12:04:46.330+0000] {logging_mixin.py:188} INFO - [2024-03-12T12:04:46.330+0000] {dag.py:3834} INFO - Setting next_dagrun for example_subdag_operator to 2022-01-01 00:00:00+00:00, run_after=2022-01-01 00:00:00+00:00
[2024-03-12T12:04:46.333+0000] {logging_mixin.py:188} INFO - [2024-03-12T12:04:46.333+0000] {dag.py:3834} INFO - Setting next_dagrun for example_subdag_operator.section-1 to None, run_after=None
[2024-03-12T12:04:46.335+0000] {logging_mixin.py:188} INFO - [2024-03-12T12:04:46.335+0000] {dag.py:3834} INFO - Setting next_dagrun for example_subdag_operator.section-2 to None, run_after=None
[2024-03-12T12:04:46.350+0000] {logging_mixin.py:188} INFO - [2024-03-12T12:04:46.349+0000] {dag.py:3047} INFO - Sync 2 DAGs
[2024-03-12T12:04:46.360+0000] {logging_mixin.py:188} INFO - [2024-03-12T12:04:46.360+0000] {dag.py:3834} INFO - Setting next_dagrun for example_subdag_operator.section-1 to None, run_after=None
[2024-03-12T12:04:46.362+0000] {logging_mixin.py:188} INFO - [2024-03-12T12:04:46.361+0000] {dag.py:3834} INFO - Setting next_dagrun for example_subdag_operator.section-2 to None, run_after=None
[2024-03-12T12:04:46.374+0000] {processor.py:183} INFO - Processing /home/airflow/.local/lib/python3.8/site-packages/airflow/example_dags/example_subdag_operator.py took 0.161 seconds
[2024-03-12T12:05:17.386+0000] {processor.py:161} INFO - Started process (PID=3513) to work on /home/airflow/.local/lib/python3.8/site-packages/airflow/example_dags/example_subdag_operator.py
[2024-03-12T12:05:17.392+0000] {processor.py:830} INFO - Processing file /home/airflow/.local/lib/python3.8/site-packages/airflow/example_dags/example_subdag_operator.py for tasks to queue
[2024-03-12T12:05:17.399+0000] {logging_mixin.py:188} INFO - [2024-03-12T12:05:17.397+0000] {dagbag.py:540} INFO - Filling up the DagBag from /home/airflow/.local/lib/python3.8/site-packages/airflow/example_dags/example_subdag_operator.py
[2024-03-12T12:05:17.459+0000] {processor.py:840} INFO - DAG(s) 'example_subdag_operator.section-1', 'example_subdag_operator.section-2', 'example_subdag_operator' retrieved from /home/airflow/.local/lib/python3.8/site-packages/airflow/example_dags/example_subdag_operator.py
[2024-03-12T12:05:17.488+0000] {logging_mixin.py:188} INFO - [2024-03-12T12:05:17.488+0000] {dag.py:3047} INFO - Sync 3 DAGs
[2024-03-12T12:05:17.505+0000] {logging_mixin.py:188} INFO - [2024-03-12T12:05:17.505+0000] {dag.py:3834} INFO - Setting next_dagrun for example_subdag_operator to 2022-01-01 00:00:00+00:00, run_after=2022-01-01 00:00:00+00:00
[2024-03-12T12:05:17.510+0000] {logging_mixin.py:188} INFO - [2024-03-12T12:05:17.510+0000] {dag.py:3834} INFO - Setting next_dagrun for example_subdag_operator.section-1 to None, run_after=None
[2024-03-12T12:05:17.512+0000] {logging_mixin.py:188} INFO - [2024-03-12T12:05:17.512+0000] {dag.py:3834} INFO - Setting next_dagrun for example_subdag_operator.section-2 to None, run_after=None
[2024-03-12T12:05:17.519+0000] {logging_mixin.py:188} INFO - [2024-03-12T12:05:17.518+0000] {dag.py:3047} INFO - Sync 2 DAGs
[2024-03-12T12:05:17.533+0000] {logging_mixin.py:188} INFO - [2024-03-12T12:05:17.533+0000] {dag.py:3834} INFO - Setting next_dagrun for example_subdag_operator.section-1 to None, run_after=None
[2024-03-12T12:05:17.535+0000] {logging_mixin.py:188} INFO - [2024-03-12T12:05:17.534+0000] {dag.py:3834} INFO - Setting next_dagrun for example_subdag_operator.section-2 to None, run_after=None
[2024-03-12T12:05:17.545+0000] {processor.py:183} INFO - Processing /home/airflow/.local/lib/python3.8/site-packages/airflow/example_dags/example_subdag_operator.py took 0.167 seconds
[2024-03-12T12:05:47.727+0000] {processor.py:161} INFO - Started process (PID=3760) to work on /home/airflow/.local/lib/python3.8/site-packages/airflow/example_dags/example_subdag_operator.py
[2024-03-12T12:05:47.731+0000] {processor.py:830} INFO - Processing file /home/airflow/.local/lib/python3.8/site-packages/airflow/example_dags/example_subdag_operator.py for tasks to queue
[2024-03-12T12:05:47.732+0000] {logging_mixin.py:188} INFO - [2024-03-12T12:05:47.732+0000] {dagbag.py:540} INFO - Filling up the DagBag from /home/airflow/.local/lib/python3.8/site-packages/airflow/example_dags/example_subdag_operator.py
[2024-03-12T12:05:47.759+0000] {processor.py:840} INFO - DAG(s) 'example_subdag_operator.section-1', 'example_subdag_operator.section-2', 'example_subdag_operator' retrieved from /home/airflow/.local/lib/python3.8/site-packages/airflow/example_dags/example_subdag_operator.py
[2024-03-12T12:05:47.769+0000] {logging_mixin.py:188} INFO - [2024-03-12T12:05:47.769+0000] {dag.py:3047} INFO - Sync 3 DAGs
[2024-03-12T12:05:47.785+0000] {logging_mixin.py:188} INFO - [2024-03-12T12:05:47.784+0000] {dag.py:3834} INFO - Setting next_dagrun for example_subdag_operator to 2022-01-01 00:00:00+00:00, run_after=2022-01-01 00:00:00+00:00
[2024-03-12T12:05:47.788+0000] {logging_mixin.py:188} INFO - [2024-03-12T12:05:47.787+0000] {dag.py:3834} INFO - Setting next_dagrun for example_subdag_operator.section-1 to None, run_after=None
[2024-03-12T12:05:47.793+0000] {logging_mixin.py:188} INFO - [2024-03-12T12:05:47.793+0000] {dag.py:3834} INFO - Setting next_dagrun for example_subdag_operator.section-2 to None, run_after=None
[2024-03-12T12:05:47.800+0000] {logging_mixin.py:188} INFO - [2024-03-12T12:05:47.800+0000] {dag.py:3047} INFO - Sync 2 DAGs
[2024-03-12T12:05:47.807+0000] {logging_mixin.py:188} INFO - [2024-03-12T12:05:47.807+0000] {dag.py:3834} INFO - Setting next_dagrun for example_subdag_operator.section-1 to None, run_after=None
[2024-03-12T12:05:47.808+0000] {logging_mixin.py:188} INFO - [2024-03-12T12:05:47.808+0000] {dag.py:3834} INFO - Setting next_dagrun for example_subdag_operator.section-2 to None, run_after=None
[2024-03-12T12:05:47.814+0000] {processor.py:183} INFO - Processing /home/airflow/.local/lib/python3.8/site-packages/airflow/example_dags/example_subdag_operator.py took 0.094 seconds
[2024-03-12T12:06:19.611+0000] {processor.py:161} INFO - Started process (PID=4005) to work on /home/airflow/.local/lib/python3.8/site-packages/airflow/example_dags/example_subdag_operator.py
[2024-03-12T12:06:19.612+0000] {processor.py:830} INFO - Processing file /home/airflow/.local/lib/python3.8/site-packages/airflow/example_dags/example_subdag_operator.py for tasks to queue
[2024-03-12T12:06:19.613+0000] {logging_mixin.py:188} INFO - [2024-03-12T12:06:19.613+0000] {dagbag.py:540} INFO - Filling up the DagBag from /home/airflow/.local/lib/python3.8/site-packages/airflow/example_dags/example_subdag_operator.py
[2024-03-12T12:06:19.632+0000] {processor.py:840} INFO - DAG(s) 'example_subdag_operator.section-1', 'example_subdag_operator.section-2', 'example_subdag_operator' retrieved from /home/airflow/.local/lib/python3.8/site-packages/airflow/example_dags/example_subdag_operator.py
[2024-03-12T12:06:19.642+0000] {logging_mixin.py:188} INFO - [2024-03-12T12:06:19.642+0000] {dag.py:3047} INFO - Sync 3 DAGs
[2024-03-12T12:06:19.654+0000] {logging_mixin.py:188} INFO - [2024-03-12T12:06:19.653+0000] {dag.py:3834} INFO - Setting next_dagrun for example_subdag_operator to 2022-01-01 00:00:00+00:00, run_after=2022-01-01 00:00:00+00:00
[2024-03-12T12:06:19.657+0000] {logging_mixin.py:188} INFO - [2024-03-12T12:06:19.657+0000] {dag.py:3834} INFO - Setting next_dagrun for example_subdag_operator.section-1 to None, run_after=None
[2024-03-12T12:06:19.658+0000] {logging_mixin.py:188} INFO - [2024-03-12T12:06:19.658+0000] {dag.py:3834} INFO - Setting next_dagrun for example_subdag_operator.section-2 to None, run_after=None
[2024-03-12T12:06:19.662+0000] {logging_mixin.py:188} INFO - [2024-03-12T12:06:19.662+0000] {dag.py:3047} INFO - Sync 2 DAGs
[2024-03-12T12:06:19.666+0000] {logging_mixin.py:188} INFO - [2024-03-12T12:06:19.666+0000] {dag.py:3834} INFO - Setting next_dagrun for example_subdag_operator.section-1 to None, run_after=None
[2024-03-12T12:06:19.667+0000] {logging_mixin.py:188} INFO - [2024-03-12T12:06:19.667+0000] {dag.py:3834} INFO - Setting next_dagrun for example_subdag_operator.section-2 to None, run_after=None
[2024-03-12T12:06:19.674+0000] {processor.py:183} INFO - Processing /home/airflow/.local/lib/python3.8/site-packages/airflow/example_dags/example_subdag_operator.py took 0.066 seconds
[2024-03-12T12:06:50.701+0000] {processor.py:161} INFO - Started process (PID=4252) to work on /home/airflow/.local/lib/python3.8/site-packages/airflow/example_dags/example_subdag_operator.py
[2024-03-12T12:06:50.703+0000] {processor.py:830} INFO - Processing file /home/airflow/.local/lib/python3.8/site-packages/airflow/example_dags/example_subdag_operator.py for tasks to queue
[2024-03-12T12:06:50.704+0000] {logging_mixin.py:188} INFO - [2024-03-12T12:06:50.704+0000] {dagbag.py:540} INFO - Filling up the DagBag from /home/airflow/.local/lib/python3.8/site-packages/airflow/example_dags/example_subdag_operator.py
[2024-03-12T12:06:50.730+0000] {processor.py:840} INFO - DAG(s) 'example_subdag_operator.section-1', 'example_subdag_operator.section-2', 'example_subdag_operator' retrieved from /home/airflow/.local/lib/python3.8/site-packages/airflow/example_dags/example_subdag_operator.py
[2024-03-12T12:06:50.753+0000] {logging_mixin.py:188} INFO - [2024-03-12T12:06:50.753+0000] {dag.py:3047} INFO - Sync 3 DAGs
[2024-03-12T12:06:50.776+0000] {logging_mixin.py:188} INFO - [2024-03-12T12:06:50.775+0000] {dag.py:3834} INFO - Setting next_dagrun for example_subdag_operator to 2022-01-01 00:00:00+00:00, run_after=2022-01-01 00:00:00+00:00
[2024-03-12T12:06:50.780+0000] {logging_mixin.py:188} INFO - [2024-03-12T12:06:50.780+0000] {dag.py:3834} INFO - Setting next_dagrun for example_subdag_operator.section-1 to None, run_after=None
[2024-03-12T12:06:50.782+0000] {logging_mixin.py:188} INFO - [2024-03-12T12:06:50.782+0000] {dag.py:3834} INFO - Setting next_dagrun for example_subdag_operator.section-2 to None, run_after=None
[2024-03-12T12:06:50.793+0000] {logging_mixin.py:188} INFO - [2024-03-12T12:06:50.793+0000] {dag.py:3047} INFO - Sync 2 DAGs
[2024-03-12T12:06:50.801+0000] {logging_mixin.py:188} INFO - [2024-03-12T12:06:50.800+0000] {dag.py:3834} INFO - Setting next_dagrun for example_subdag_operator.section-1 to None, run_after=None
[2024-03-12T12:06:50.802+0000] {logging_mixin.py:188} INFO - [2024-03-12T12:06:50.802+0000] {dag.py:3834} INFO - Setting next_dagrun for example_subdag_operator.section-2 to None, run_after=None
[2024-03-12T12:06:50.819+0000] {processor.py:183} INFO - Processing /home/airflow/.local/lib/python3.8/site-packages/airflow/example_dags/example_subdag_operator.py took 0.120 seconds
[2024-03-12T12:07:21.532+0000] {processor.py:161} INFO - Started process (PID=4499) to work on /home/airflow/.local/lib/python3.8/site-packages/airflow/example_dags/example_subdag_operator.py
[2024-03-12T12:07:21.533+0000] {processor.py:830} INFO - Processing file /home/airflow/.local/lib/python3.8/site-packages/airflow/example_dags/example_subdag_operator.py for tasks to queue
[2024-03-12T12:07:21.534+0000] {logging_mixin.py:188} INFO - [2024-03-12T12:07:21.534+0000] {dagbag.py:540} INFO - Filling up the DagBag from /home/airflow/.local/lib/python3.8/site-packages/airflow/example_dags/example_subdag_operator.py
[2024-03-12T12:07:21.553+0000] {processor.py:840} INFO - DAG(s) 'example_subdag_operator.section-1', 'example_subdag_operator.section-2', 'example_subdag_operator' retrieved from /home/airflow/.local/lib/python3.8/site-packages/airflow/example_dags/example_subdag_operator.py
[2024-03-12T12:07:21.562+0000] {logging_mixin.py:188} INFO - [2024-03-12T12:07:21.562+0000] {dag.py:3047} INFO - Sync 3 DAGs
[2024-03-12T12:07:21.575+0000] {logging_mixin.py:188} INFO - [2024-03-12T12:07:21.575+0000] {dag.py:3834} INFO - Setting next_dagrun for example_subdag_operator to 2022-01-01 00:00:00+00:00, run_after=2022-01-01 00:00:00+00:00
[2024-03-12T12:07:21.578+0000] {logging_mixin.py:188} INFO - [2024-03-12T12:07:21.578+0000] {dag.py:3834} INFO - Setting next_dagrun for example_subdag_operator.section-1 to None, run_after=None
[2024-03-12T12:07:21.579+0000] {logging_mixin.py:188} INFO - [2024-03-12T12:07:21.579+0000] {dag.py:3834} INFO - Setting next_dagrun for example_subdag_operator.section-2 to None, run_after=None
[2024-03-12T12:07:21.583+0000] {logging_mixin.py:188} INFO - [2024-03-12T12:07:21.583+0000] {dag.py:3047} INFO - Sync 2 DAGs
[2024-03-12T12:07:21.587+0000] {logging_mixin.py:188} INFO - [2024-03-12T12:07:21.587+0000] {dag.py:3834} INFO - Setting next_dagrun for example_subdag_operator.section-1 to None, run_after=None
[2024-03-12T12:07:21.588+0000] {logging_mixin.py:188} INFO - [2024-03-12T12:07:21.588+0000] {dag.py:3834} INFO - Setting next_dagrun for example_subdag_operator.section-2 to None, run_after=None
[2024-03-12T12:07:21.593+0000] {processor.py:183} INFO - Processing /home/airflow/.local/lib/python3.8/site-packages/airflow/example_dags/example_subdag_operator.py took 0.064 seconds
[2024-03-12T12:07:52.014+0000] {processor.py:161} INFO - Started process (PID=4746) to work on /home/airflow/.local/lib/python3.8/site-packages/airflow/example_dags/example_subdag_operator.py
[2024-03-12T12:07:52.016+0000] {processor.py:830} INFO - Processing file /home/airflow/.local/lib/python3.8/site-packages/airflow/example_dags/example_subdag_operator.py for tasks to queue
[2024-03-12T12:07:52.016+0000] {logging_mixin.py:188} INFO - [2024-03-12T12:07:52.016+0000] {dagbag.py:540} INFO - Filling up the DagBag from /home/airflow/.local/lib/python3.8/site-packages/airflow/example_dags/example_subdag_operator.py
[2024-03-12T12:07:52.035+0000] {processor.py:840} INFO - DAG(s) 'example_subdag_operator.section-1', 'example_subdag_operator.section-2', 'example_subdag_operator' retrieved from /home/airflow/.local/lib/python3.8/site-packages/airflow/example_dags/example_subdag_operator.py
[2024-03-12T12:07:52.045+0000] {logging_mixin.py:188} INFO - [2024-03-12T12:07:52.045+0000] {dag.py:3047} INFO - Sync 3 DAGs
[2024-03-12T12:07:52.058+0000] {logging_mixin.py:188} INFO - [2024-03-12T12:07:52.058+0000] {dag.py:3834} INFO - Setting next_dagrun for example_subdag_operator to 2022-01-01 00:00:00+00:00, run_after=2022-01-01 00:00:00+00:00
[2024-03-12T12:07:52.061+0000] {logging_mixin.py:188} INFO - [2024-03-12T12:07:52.061+0000] {dag.py:3834} INFO - Setting next_dagrun for example_subdag_operator.section-1 to None, run_after=None
[2024-03-12T12:07:52.062+0000] {logging_mixin.py:188} INFO - [2024-03-12T12:07:52.062+0000] {dag.py:3834} INFO - Setting next_dagrun for example_subdag_operator.section-2 to None, run_after=None
[2024-03-12T12:07:52.066+0000] {logging_mixin.py:188} INFO - [2024-03-12T12:07:52.066+0000] {dag.py:3047} INFO - Sync 2 DAGs
[2024-03-12T12:07:52.069+0000] {logging_mixin.py:188} INFO - [2024-03-12T12:07:52.069+0000] {dag.py:3834} INFO - Setting next_dagrun for example_subdag_operator.section-1 to None, run_after=None
[2024-03-12T12:07:52.070+0000] {logging_mixin.py:188} INFO - [2024-03-12T12:07:52.070+0000] {dag.py:3834} INFO - Setting next_dagrun for example_subdag_operator.section-2 to None, run_after=None
[2024-03-12T12:07:52.076+0000] {processor.py:183} INFO - Processing /home/airflow/.local/lib/python3.8/site-packages/airflow/example_dags/example_subdag_operator.py took 0.064 seconds
[2024-03-12T12:08:22.372+0000] {processor.py:161} INFO - Started process (PID=4993) to work on /home/airflow/.local/lib/python3.8/site-packages/airflow/example_dags/example_subdag_operator.py
[2024-03-12T12:08:22.374+0000] {processor.py:830} INFO - Processing file /home/airflow/.local/lib/python3.8/site-packages/airflow/example_dags/example_subdag_operator.py for tasks to queue
[2024-03-12T12:08:22.375+0000] {logging_mixin.py:188} INFO - [2024-03-12T12:08:22.375+0000] {dagbag.py:540} INFO - Filling up the DagBag from /home/airflow/.local/lib/python3.8/site-packages/airflow/example_dags/example_subdag_operator.py
[2024-03-12T12:08:22.393+0000] {processor.py:840} INFO - DAG(s) 'example_subdag_operator.section-1', 'example_subdag_operator.section-2', 'example_subdag_operator' retrieved from /home/airflow/.local/lib/python3.8/site-packages/airflow/example_dags/example_subdag_operator.py
[2024-03-12T12:08:22.404+0000] {logging_mixin.py:188} INFO - [2024-03-12T12:08:22.403+0000] {dag.py:3047} INFO - Sync 3 DAGs
[2024-03-12T12:08:22.416+0000] {logging_mixin.py:188} INFO - [2024-03-12T12:08:22.416+0000] {dag.py:3834} INFO - Setting next_dagrun for example_subdag_operator to 2022-01-01 00:00:00+00:00, run_after=2022-01-01 00:00:00+00:00
[2024-03-12T12:08:22.418+0000] {logging_mixin.py:188} INFO - [2024-03-12T12:08:22.418+0000] {dag.py:3834} INFO - Setting next_dagrun for example_subdag_operator.section-1 to None, run_after=None
[2024-03-12T12:08:22.420+0000] {logging_mixin.py:188} INFO - [2024-03-12T12:08:22.419+0000] {dag.py:3834} INFO - Setting next_dagrun for example_subdag_operator.section-2 to None, run_after=None
[2024-03-12T12:08:22.424+0000] {logging_mixin.py:188} INFO - [2024-03-12T12:08:22.424+0000] {dag.py:3047} INFO - Sync 2 DAGs
[2024-03-12T12:08:22.427+0000] {logging_mixin.py:188} INFO - [2024-03-12T12:08:22.427+0000] {dag.py:3834} INFO - Setting next_dagrun for example_subdag_operator.section-1 to None, run_after=None
[2024-03-12T12:08:22.427+0000] {logging_mixin.py:188} INFO - [2024-03-12T12:08:22.427+0000] {dag.py:3834} INFO - Setting next_dagrun for example_subdag_operator.section-2 to None, run_after=None
[2024-03-12T12:08:22.433+0000] {processor.py:183} INFO - Processing /home/airflow/.local/lib/python3.8/site-packages/airflow/example_dags/example_subdag_operator.py took 0.063 seconds
[2024-03-12T12:08:53.030+0000] {processor.py:161} INFO - Started process (PID=5240) to work on /home/airflow/.local/lib/python3.8/site-packages/airflow/example_dags/example_subdag_operator.py
[2024-03-12T12:08:53.031+0000] {processor.py:830} INFO - Processing file /home/airflow/.local/lib/python3.8/site-packages/airflow/example_dags/example_subdag_operator.py for tasks to queue
[2024-03-12T12:08:53.032+0000] {logging_mixin.py:188} INFO - [2024-03-12T12:08:53.032+0000] {dagbag.py:540} INFO - Filling up the DagBag from /home/airflow/.local/lib/python3.8/site-packages/airflow/example_dags/example_subdag_operator.py
[2024-03-12T12:08:53.052+0000] {processor.py:840} INFO - DAG(s) 'example_subdag_operator.section-1', 'example_subdag_operator.section-2', 'example_subdag_operator' retrieved from /home/airflow/.local/lib/python3.8/site-packages/airflow/example_dags/example_subdag_operator.py
[2024-03-12T12:08:53.063+0000] {logging_mixin.py:188} INFO - [2024-03-12T12:08:53.063+0000] {dag.py:3047} INFO - Sync 3 DAGs
[2024-03-12T12:08:53.076+0000] {logging_mixin.py:188} INFO - [2024-03-12T12:08:53.076+0000] {dag.py:3834} INFO - Setting next_dagrun for example_subdag_operator to 2022-01-01 00:00:00+00:00, run_after=2022-01-01 00:00:00+00:00
[2024-03-12T12:08:53.079+0000] {logging_mixin.py:188} INFO - [2024-03-12T12:08:53.079+0000] {dag.py:3834} INFO - Setting next_dagrun for example_subdag_operator.section-1 to None, run_after=None
[2024-03-12T12:08:53.080+0000] {logging_mixin.py:188} INFO - [2024-03-12T12:08:53.080+0000] {dag.py:3834} INFO - Setting next_dagrun for example_subdag_operator.section-2 to None, run_after=None
[2024-03-12T12:08:53.085+0000] {logging_mixin.py:188} INFO - [2024-03-12T12:08:53.085+0000] {dag.py:3047} INFO - Sync 2 DAGs
[2024-03-12T12:08:53.089+0000] {logging_mixin.py:188} INFO - [2024-03-12T12:08:53.088+0000] {dag.py:3834} INFO - Setting next_dagrun for example_subdag_operator.section-1 to None, run_after=None
[2024-03-12T12:08:53.089+0000] {logging_mixin.py:188} INFO - [2024-03-12T12:08:53.089+0000] {dag.py:3834} INFO - Setting next_dagrun for example_subdag_operator.section-2 to None, run_after=None
[2024-03-12T12:08:53.097+0000] {processor.py:183} INFO - Processing /home/airflow/.local/lib/python3.8/site-packages/airflow/example_dags/example_subdag_operator.py took 0.070 seconds
[2024-03-12T12:09:23.634+0000] {processor.py:161} INFO - Started process (PID=5487) to work on /home/airflow/.local/lib/python3.8/site-packages/airflow/example_dags/example_subdag_operator.py
[2024-03-12T12:09:23.636+0000] {processor.py:830} INFO - Processing file /home/airflow/.local/lib/python3.8/site-packages/airflow/example_dags/example_subdag_operator.py for tasks to queue
[2024-03-12T12:09:23.637+0000] {logging_mixin.py:188} INFO - [2024-03-12T12:09:23.637+0000] {dagbag.py:540} INFO - Filling up the DagBag from /home/airflow/.local/lib/python3.8/site-packages/airflow/example_dags/example_subdag_operator.py
[2024-03-12T12:09:23.656+0000] {processor.py:840} INFO - DAG(s) 'example_subdag_operator.section-1', 'example_subdag_operator.section-2', 'example_subdag_operator' retrieved from /home/airflow/.local/lib/python3.8/site-packages/airflow/example_dags/example_subdag_operator.py
[2024-03-12T12:09:23.666+0000] {logging_mixin.py:188} INFO - [2024-03-12T12:09:23.666+0000] {dag.py:3047} INFO - Sync 3 DAGs
[2024-03-12T12:09:23.679+0000] {logging_mixin.py:188} INFO - [2024-03-12T12:09:23.679+0000] {dag.py:3834} INFO - Setting next_dagrun for example_subdag_operator to 2022-01-01 00:00:00+00:00, run_after=2022-01-01 00:00:00+00:00
[2024-03-12T12:09:23.682+0000] {logging_mixin.py:188} INFO - [2024-03-12T12:09:23.682+0000] {dag.py:3834} INFO - Setting next_dagrun for example_subdag_operator.section-1 to None, run_after=None
[2024-03-12T12:09:23.683+0000] {logging_mixin.py:188} INFO - [2024-03-12T12:09:23.682+0000] {dag.py:3834} INFO - Setting next_dagrun for example_subdag_operator.section-2 to None, run_after=None
[2024-03-12T12:09:23.686+0000] {logging_mixin.py:188} INFO - [2024-03-12T12:09:23.686+0000] {dag.py:3047} INFO - Sync 2 DAGs
[2024-03-12T12:09:23.690+0000] {logging_mixin.py:188} INFO - [2024-03-12T12:09:23.690+0000] {dag.py:3834} INFO - Setting next_dagrun for example_subdag_operator.section-1 to None, run_after=None
[2024-03-12T12:09:23.690+0000] {logging_mixin.py:188} INFO - [2024-03-12T12:09:23.690+0000] {dag.py:3834} INFO - Setting next_dagrun for example_subdag_operator.section-2 to None, run_after=None
[2024-03-12T12:09:23.697+0000] {processor.py:183} INFO - Processing /home/airflow/.local/lib/python3.8/site-packages/airflow/example_dags/example_subdag_operator.py took 0.065 seconds
[2024-03-12T12:09:54.326+0000] {processor.py:161} INFO - Started process (PID=5734) to work on /home/airflow/.local/lib/python3.8/site-packages/airflow/example_dags/example_subdag_operator.py
[2024-03-12T12:09:54.327+0000] {processor.py:830} INFO - Processing file /home/airflow/.local/lib/python3.8/site-packages/airflow/example_dags/example_subdag_operator.py for tasks to queue
[2024-03-12T12:09:54.328+0000] {logging_mixin.py:188} INFO - [2024-03-12T12:09:54.328+0000] {dagbag.py:540} INFO - Filling up the DagBag from /home/airflow/.local/lib/python3.8/site-packages/airflow/example_dags/example_subdag_operator.py
[2024-03-12T12:09:54.347+0000] {processor.py:840} INFO - DAG(s) 'example_subdag_operator.section-1', 'example_subdag_operator.section-2', 'example_subdag_operator' retrieved from /home/airflow/.local/lib/python3.8/site-packages/airflow/example_dags/example_subdag_operator.py
[2024-03-12T12:09:54.357+0000] {logging_mixin.py:188} INFO - [2024-03-12T12:09:54.357+0000] {dag.py:3047} INFO - Sync 3 DAGs
[2024-03-12T12:09:54.370+0000] {logging_mixin.py:188} INFO - [2024-03-12T12:09:54.370+0000] {dag.py:3834} INFO - Setting next_dagrun for example_subdag_operator to 2022-01-01 00:00:00+00:00, run_after=2022-01-01 00:00:00+00:00
[2024-03-12T12:09:54.373+0000] {logging_mixin.py:188} INFO - [2024-03-12T12:09:54.373+0000] {dag.py:3834} INFO - Setting next_dagrun for example_subdag_operator.section-1 to None, run_after=None
[2024-03-12T12:09:54.374+0000] {logging_mixin.py:188} INFO - [2024-03-12T12:09:54.374+0000] {dag.py:3834} INFO - Setting next_dagrun for example_subdag_operator.section-2 to None, run_after=None
[2024-03-12T12:09:54.378+0000] {logging_mixin.py:188} INFO - [2024-03-12T12:09:54.378+0000] {dag.py:3047} INFO - Sync 2 DAGs
[2024-03-12T12:09:54.381+0000] {logging_mixin.py:188} INFO - [2024-03-12T12:09:54.381+0000] {dag.py:3834} INFO - Setting next_dagrun for example_subdag_operator.section-1 to None, run_after=None
[2024-03-12T12:09:54.382+0000] {logging_mixin.py:188} INFO - [2024-03-12T12:09:54.382+0000] {dag.py:3834} INFO - Setting next_dagrun for example_subdag_operator.section-2 to None, run_after=None
[2024-03-12T12:09:54.387+0000] {processor.py:183} INFO - Processing /home/airflow/.local/lib/python3.8/site-packages/airflow/example_dags/example_subdag_operator.py took 0.064 seconds
[2024-03-12T12:10:24.889+0000] {processor.py:161} INFO - Started process (PID=5981) to work on /home/airflow/.local/lib/python3.8/site-packages/airflow/example_dags/example_subdag_operator.py
[2024-03-12T12:10:24.891+0000] {processor.py:830} INFO - Processing file /home/airflow/.local/lib/python3.8/site-packages/airflow/example_dags/example_subdag_operator.py for tasks to queue
[2024-03-12T12:10:24.893+0000] {logging_mixin.py:188} INFO - [2024-03-12T12:10:24.892+0000] {dagbag.py:540} INFO - Filling up the DagBag from /home/airflow/.local/lib/python3.8/site-packages/airflow/example_dags/example_subdag_operator.py
[2024-03-12T12:10:24.926+0000] {processor.py:840} INFO - DAG(s) 'example_subdag_operator.section-1', 'example_subdag_operator.section-2', 'example_subdag_operator' retrieved from /home/airflow/.local/lib/python3.8/site-packages/airflow/example_dags/example_subdag_operator.py
[2024-03-12T12:10:24.939+0000] {logging_mixin.py:188} INFO - [2024-03-12T12:10:24.939+0000] {dag.py:3047} INFO - Sync 3 DAGs
[2024-03-12T12:10:24.955+0000] {logging_mixin.py:188} INFO - [2024-03-12T12:10:24.955+0000] {dag.py:3834} INFO - Setting next_dagrun for example_subdag_operator to 2022-01-01 00:00:00+00:00, run_after=2022-01-01 00:00:00+00:00
[2024-03-12T12:10:24.958+0000] {logging_mixin.py:188} INFO - [2024-03-12T12:10:24.958+0000] {dag.py:3834} INFO - Setting next_dagrun for example_subdag_operator.section-1 to None, run_after=None
[2024-03-12T12:10:24.963+0000] {logging_mixin.py:188} INFO - [2024-03-12T12:10:24.963+0000] {dag.py:3834} INFO - Setting next_dagrun for example_subdag_operator.section-2 to None, run_after=None
[2024-03-12T12:10:24.969+0000] {logging_mixin.py:188} INFO - [2024-03-12T12:10:24.969+0000] {dag.py:3047} INFO - Sync 2 DAGs
[2024-03-12T12:10:24.973+0000] {logging_mixin.py:188} INFO - [2024-03-12T12:10:24.973+0000] {dag.py:3834} INFO - Setting next_dagrun for example_subdag_operator.section-1 to None, run_after=None
[2024-03-12T12:10:24.974+0000] {logging_mixin.py:188} INFO - [2024-03-12T12:10:24.973+0000] {dag.py:3834} INFO - Setting next_dagrun for example_subdag_operator.section-2 to None, run_after=None
[2024-03-12T12:10:24.981+0000] {processor.py:183} INFO - Processing /home/airflow/.local/lib/python3.8/site-packages/airflow/example_dags/example_subdag_operator.py took 0.097 seconds
[2024-03-12T12:10:55.744+0000] {processor.py:161} INFO - Started process (PID=6292) to work on /home/airflow/.local/lib/python3.8/site-packages/airflow/example_dags/example_subdag_operator.py
[2024-03-12T12:10:55.749+0000] {processor.py:830} INFO - Processing file /home/airflow/.local/lib/python3.8/site-packages/airflow/example_dags/example_subdag_operator.py for tasks to queue
[2024-03-12T12:10:55.751+0000] {logging_mixin.py:188} INFO - [2024-03-12T12:10:55.751+0000] {dagbag.py:540} INFO - Filling up the DagBag from /home/airflow/.local/lib/python3.8/site-packages/airflow/example_dags/example_subdag_operator.py
[2024-03-12T12:10:55.780+0000] {processor.py:840} INFO - DAG(s) 'example_subdag_operator.section-1', 'example_subdag_operator.section-2', 'example_subdag_operator' retrieved from /home/airflow/.local/lib/python3.8/site-packages/airflow/example_dags/example_subdag_operator.py
[2024-03-12T12:10:55.805+0000] {logging_mixin.py:188} INFO - [2024-03-12T12:10:55.805+0000] {dag.py:3047} INFO - Sync 3 DAGs
[2024-03-12T12:10:55.846+0000] {logging_mixin.py:188} INFO - [2024-03-12T12:10:55.846+0000] {dag.py:3834} INFO - Setting next_dagrun for example_subdag_operator to 2022-01-01 00:00:00+00:00, run_after=2022-01-01 00:00:00+00:00
[2024-03-12T12:10:55.961+0000] {logging_mixin.py:188} INFO - [2024-03-12T12:10:55.960+0000] {dag.py:3834} INFO - Setting next_dagrun for example_subdag_operator.section-1 to None, run_after=None
[2024-03-12T12:10:55.969+0000] {logging_mixin.py:188} INFO - [2024-03-12T12:10:55.968+0000] {dag.py:3834} INFO - Setting next_dagrun for example_subdag_operator.section-2 to None, run_after=None
[2024-03-12T12:10:55.982+0000] {logging_mixin.py:188} INFO - [2024-03-12T12:10:55.982+0000] {dag.py:3047} INFO - Sync 2 DAGs
[2024-03-12T12:10:55.989+0000] {logging_mixin.py:188} INFO - [2024-03-12T12:10:55.988+0000] {dag.py:3834} INFO - Setting next_dagrun for example_subdag_operator.section-1 to None, run_after=None
[2024-03-12T12:10:55.990+0000] {logging_mixin.py:188} INFO - [2024-03-12T12:10:55.989+0000] {dag.py:3834} INFO - Setting next_dagrun for example_subdag_operator.section-2 to None, run_after=None
[2024-03-12T12:10:55.999+0000] {processor.py:183} INFO - Processing /home/airflow/.local/lib/python3.8/site-packages/airflow/example_dags/example_subdag_operator.py took 0.263 seconds
