[2024-03-12T11:50:05.499+0000] {processor.py:161} INFO - Started process (PID=309) to work on /home/airflow/.local/lib/python3.8/site-packages/airflow/example_dags/example_task_group_decorator.py
[2024-03-12T11:50:05.501+0000] {processor.py:830} INFO - Processing file /home/airflow/.local/lib/python3.8/site-packages/airflow/example_dags/example_task_group_decorator.py for tasks to queue
[2024-03-12T11:50:05.503+0000] {logging_mixin.py:188} INFO - [2024-03-12T11:50:05.502+0000] {dagbag.py:540} INFO - Filling up the DagBag from /home/airflow/.local/lib/python3.8/site-packages/airflow/example_dags/example_task_group_decorator.py
[2024-03-12T11:50:05.517+0000] {processor.py:840} INFO - DAG(s) 'example_task_group_decorator' retrieved from /home/airflow/.local/lib/python3.8/site-packages/airflow/example_dags/example_task_group_decorator.py
[2024-03-12T11:50:05.545+0000] {logging_mixin.py:188} INFO - [2024-03-12T11:50:05.545+0000] {dag.py:3047} INFO - Sync 1 DAGs
[2024-03-12T11:50:05.566+0000] {logging_mixin.py:188} INFO - [2024-03-12T11:50:05.566+0000] {dag.py:3834} INFO - Setting next_dagrun for example_task_group_decorator to 2024-03-11 00:00:00+00:00, run_after=2024-03-12 00:00:00+00:00
[2024-03-12T11:50:05.581+0000] {processor.py:183} INFO - Processing /home/airflow/.local/lib/python3.8/site-packages/airflow/example_dags/example_task_group_decorator.py took 0.085 seconds
[2024-03-12T11:50:36.495+0000] {processor.py:161} INFO - Started process (PID=556) to work on /home/airflow/.local/lib/python3.8/site-packages/airflow/example_dags/example_task_group_decorator.py
[2024-03-12T11:50:36.497+0000] {processor.py:830} INFO - Processing file /home/airflow/.local/lib/python3.8/site-packages/airflow/example_dags/example_task_group_decorator.py for tasks to queue
[2024-03-12T11:50:36.501+0000] {logging_mixin.py:188} INFO - [2024-03-12T11:50:36.501+0000] {dagbag.py:540} INFO - Filling up the DagBag from /home/airflow/.local/lib/python3.8/site-packages/airflow/example_dags/example_task_group_decorator.py
[2024-03-12T11:50:36.513+0000] {processor.py:840} INFO - DAG(s) 'example_task_group_decorator' retrieved from /home/airflow/.local/lib/python3.8/site-packages/airflow/example_dags/example_task_group_decorator.py
[2024-03-12T11:50:36.559+0000] {logging_mixin.py:188} INFO - [2024-03-12T11:50:36.558+0000] {dag.py:3047} INFO - Sync 1 DAGs
[2024-03-12T11:50:36.576+0000] {logging_mixin.py:188} INFO - [2024-03-12T11:50:36.576+0000] {dag.py:3834} INFO - Setting next_dagrun for example_task_group_decorator to 2024-03-11 00:00:00+00:00, run_after=2024-03-12 00:00:00+00:00
[2024-03-12T11:50:36.599+0000] {processor.py:183} INFO - Processing /home/airflow/.local/lib/python3.8/site-packages/airflow/example_dags/example_task_group_decorator.py took 0.108 seconds
[2024-03-12T11:51:07.088+0000] {processor.py:161} INFO - Started process (PID=803) to work on /home/airflow/.local/lib/python3.8/site-packages/airflow/example_dags/example_task_group_decorator.py
[2024-03-12T11:51:07.089+0000] {processor.py:830} INFO - Processing file /home/airflow/.local/lib/python3.8/site-packages/airflow/example_dags/example_task_group_decorator.py for tasks to queue
[2024-03-12T11:51:07.090+0000] {logging_mixin.py:188} INFO - [2024-03-12T11:51:07.090+0000] {dagbag.py:540} INFO - Filling up the DagBag from /home/airflow/.local/lib/python3.8/site-packages/airflow/example_dags/example_task_group_decorator.py
[2024-03-12T11:51:07.107+0000] {processor.py:840} INFO - DAG(s) 'example_task_group_decorator' retrieved from /home/airflow/.local/lib/python3.8/site-packages/airflow/example_dags/example_task_group_decorator.py
[2024-03-12T11:51:07.126+0000] {logging_mixin.py:188} INFO - [2024-03-12T11:51:07.126+0000] {dag.py:3047} INFO - Sync 1 DAGs
[2024-03-12T11:51:07.141+0000] {logging_mixin.py:188} INFO - [2024-03-12T11:51:07.141+0000] {dag.py:3834} INFO - Setting next_dagrun for example_task_group_decorator to 2024-03-11 00:00:00+00:00, run_after=2024-03-12 00:00:00+00:00
[2024-03-12T11:51:07.154+0000] {processor.py:183} INFO - Processing /home/airflow/.local/lib/python3.8/site-packages/airflow/example_dags/example_task_group_decorator.py took 0.069 seconds
[2024-03-12T11:51:37.554+0000] {processor.py:161} INFO - Started process (PID=1050) to work on /home/airflow/.local/lib/python3.8/site-packages/airflow/example_dags/example_task_group_decorator.py
[2024-03-12T11:51:37.556+0000] {processor.py:830} INFO - Processing file /home/airflow/.local/lib/python3.8/site-packages/airflow/example_dags/example_task_group_decorator.py for tasks to queue
[2024-03-12T11:51:37.557+0000] {logging_mixin.py:188} INFO - [2024-03-12T11:51:37.557+0000] {dagbag.py:540} INFO - Filling up the DagBag from /home/airflow/.local/lib/python3.8/site-packages/airflow/example_dags/example_task_group_decorator.py
[2024-03-12T11:51:37.567+0000] {processor.py:840} INFO - DAG(s) 'example_task_group_decorator' retrieved from /home/airflow/.local/lib/python3.8/site-packages/airflow/example_dags/example_task_group_decorator.py
[2024-03-12T11:51:37.585+0000] {logging_mixin.py:188} INFO - [2024-03-12T11:51:37.584+0000] {dag.py:3047} INFO - Sync 1 DAGs
[2024-03-12T11:51:37.598+0000] {logging_mixin.py:188} INFO - [2024-03-12T11:51:37.598+0000] {dag.py:3834} INFO - Setting next_dagrun for example_task_group_decorator to 2024-03-11 00:00:00+00:00, run_after=2024-03-12 00:00:00+00:00
[2024-03-12T11:51:37.608+0000] {processor.py:183} INFO - Processing /home/airflow/.local/lib/python3.8/site-packages/airflow/example_dags/example_task_group_decorator.py took 0.058 seconds
[2024-03-12T11:52:08.333+0000] {processor.py:161} INFO - Started process (PID=1297) to work on /home/airflow/.local/lib/python3.8/site-packages/airflow/example_dags/example_task_group_decorator.py
[2024-03-12T11:52:08.336+0000] {processor.py:830} INFO - Processing file /home/airflow/.local/lib/python3.8/site-packages/airflow/example_dags/example_task_group_decorator.py for tasks to queue
[2024-03-12T11:52:08.337+0000] {logging_mixin.py:188} INFO - [2024-03-12T11:52:08.336+0000] {dagbag.py:540} INFO - Filling up the DagBag from /home/airflow/.local/lib/python3.8/site-packages/airflow/example_dags/example_task_group_decorator.py
[2024-03-12T11:52:08.346+0000] {processor.py:840} INFO - DAG(s) 'example_task_group_decorator' retrieved from /home/airflow/.local/lib/python3.8/site-packages/airflow/example_dags/example_task_group_decorator.py
[2024-03-12T11:52:08.365+0000] {logging_mixin.py:188} INFO - [2024-03-12T11:52:08.365+0000] {dag.py:3047} INFO - Sync 1 DAGs
[2024-03-12T11:52:08.378+0000] {logging_mixin.py:188} INFO - [2024-03-12T11:52:08.378+0000] {dag.py:3834} INFO - Setting next_dagrun for example_task_group_decorator to 2024-03-11 00:00:00+00:00, run_after=2024-03-12 00:00:00+00:00
[2024-03-12T11:52:08.389+0000] {processor.py:183} INFO - Processing /home/airflow/.local/lib/python3.8/site-packages/airflow/example_dags/example_task_group_decorator.py took 0.059 seconds
[2024-03-12T11:52:39.461+0000] {processor.py:161} INFO - Started process (PID=1544) to work on /home/airflow/.local/lib/python3.8/site-packages/airflow/example_dags/example_task_group_decorator.py
[2024-03-12T11:52:39.462+0000] {processor.py:830} INFO - Processing file /home/airflow/.local/lib/python3.8/site-packages/airflow/example_dags/example_task_group_decorator.py for tasks to queue
[2024-03-12T11:52:39.463+0000] {logging_mixin.py:188} INFO - [2024-03-12T11:52:39.463+0000] {dagbag.py:540} INFO - Filling up the DagBag from /home/airflow/.local/lib/python3.8/site-packages/airflow/example_dags/example_task_group_decorator.py
[2024-03-12T11:52:39.473+0000] {processor.py:840} INFO - DAG(s) 'example_task_group_decorator' retrieved from /home/airflow/.local/lib/python3.8/site-packages/airflow/example_dags/example_task_group_decorator.py
[2024-03-12T11:52:39.491+0000] {logging_mixin.py:188} INFO - [2024-03-12T11:52:39.490+0000] {dag.py:3047} INFO - Sync 1 DAGs
[2024-03-12T11:52:39.503+0000] {logging_mixin.py:188} INFO - [2024-03-12T11:52:39.503+0000] {dag.py:3834} INFO - Setting next_dagrun for example_task_group_decorator to 2024-03-11 00:00:00+00:00, run_after=2024-03-12 00:00:00+00:00
[2024-03-12T11:52:39.514+0000] {processor.py:183} INFO - Processing /home/airflow/.local/lib/python3.8/site-packages/airflow/example_dags/example_task_group_decorator.py took 0.056 seconds
[2024-03-12T11:53:09.865+0000] {processor.py:161} INFO - Started process (PID=1791) to work on /home/airflow/.local/lib/python3.8/site-packages/airflow/example_dags/example_task_group_decorator.py
[2024-03-12T11:53:09.867+0000] {processor.py:830} INFO - Processing file /home/airflow/.local/lib/python3.8/site-packages/airflow/example_dags/example_task_group_decorator.py for tasks to queue
[2024-03-12T11:53:09.868+0000] {logging_mixin.py:188} INFO - [2024-03-12T11:53:09.867+0000] {dagbag.py:540} INFO - Filling up the DagBag from /home/airflow/.local/lib/python3.8/site-packages/airflow/example_dags/example_task_group_decorator.py
[2024-03-12T11:53:09.879+0000] {processor.py:840} INFO - DAG(s) 'example_task_group_decorator' retrieved from /home/airflow/.local/lib/python3.8/site-packages/airflow/example_dags/example_task_group_decorator.py
[2024-03-12T11:53:09.898+0000] {logging_mixin.py:188} INFO - [2024-03-12T11:53:09.898+0000] {dag.py:3047} INFO - Sync 1 DAGs
[2024-03-12T11:53:09.912+0000] {logging_mixin.py:188} INFO - [2024-03-12T11:53:09.912+0000] {dag.py:3834} INFO - Setting next_dagrun for example_task_group_decorator to 2024-03-11 00:00:00+00:00, run_after=2024-03-12 00:00:00+00:00
[2024-03-12T11:53:09.928+0000] {processor.py:183} INFO - Processing /home/airflow/.local/lib/python3.8/site-packages/airflow/example_dags/example_task_group_decorator.py took 0.067 seconds
[2024-03-12T11:53:41.261+0000] {processor.py:161} INFO - Started process (PID=2040) to work on /home/airflow/.local/lib/python3.8/site-packages/airflow/example_dags/example_task_group_decorator.py
[2024-03-12T11:53:41.263+0000] {processor.py:830} INFO - Processing file /home/airflow/.local/lib/python3.8/site-packages/airflow/example_dags/example_task_group_decorator.py for tasks to queue
[2024-03-12T11:53:41.265+0000] {logging_mixin.py:188} INFO - [2024-03-12T11:53:41.264+0000] {dagbag.py:540} INFO - Filling up the DagBag from /home/airflow/.local/lib/python3.8/site-packages/airflow/example_dags/example_task_group_decorator.py
[2024-03-12T11:53:41.276+0000] {processor.py:840} INFO - DAG(s) 'example_task_group_decorator' retrieved from /home/airflow/.local/lib/python3.8/site-packages/airflow/example_dags/example_task_group_decorator.py
[2024-03-12T11:53:41.298+0000] {logging_mixin.py:188} INFO - [2024-03-12T11:53:41.297+0000] {dag.py:3047} INFO - Sync 1 DAGs
[2024-03-12T11:53:41.369+0000] {logging_mixin.py:188} INFO - [2024-03-12T11:53:41.369+0000] {dag.py:3834} INFO - Setting next_dagrun for example_task_group_decorator to 2024-03-11 00:00:00+00:00, run_after=2024-03-12 00:00:00+00:00
[2024-03-12T11:53:41.419+0000] {processor.py:183} INFO - Processing /home/airflow/.local/lib/python3.8/site-packages/airflow/example_dags/example_task_group_decorator.py took 0.162 seconds
[2024-03-12T11:54:13.185+0000] {processor.py:161} INFO - Started process (PID=2285) to work on /home/airflow/.local/lib/python3.8/site-packages/airflow/example_dags/example_task_group_decorator.py
[2024-03-12T11:54:13.196+0000] {processor.py:830} INFO - Processing file /home/airflow/.local/lib/python3.8/site-packages/airflow/example_dags/example_task_group_decorator.py for tasks to queue
[2024-03-12T11:54:13.199+0000] {logging_mixin.py:188} INFO - [2024-03-12T11:54:13.198+0000] {dagbag.py:540} INFO - Filling up the DagBag from /home/airflow/.local/lib/python3.8/site-packages/airflow/example_dags/example_task_group_decorator.py
[2024-03-12T11:54:13.216+0000] {processor.py:840} INFO - DAG(s) 'example_task_group_decorator' retrieved from /home/airflow/.local/lib/python3.8/site-packages/airflow/example_dags/example_task_group_decorator.py
[2024-03-12T11:54:13.248+0000] {logging_mixin.py:188} INFO - [2024-03-12T11:54:13.248+0000] {dag.py:3047} INFO - Sync 1 DAGs
[2024-03-12T11:54:13.275+0000] {logging_mixin.py:188} INFO - [2024-03-12T11:54:13.275+0000] {dag.py:3834} INFO - Setting next_dagrun for example_task_group_decorator to 2024-03-11 00:00:00+00:00, run_after=2024-03-12 00:00:00+00:00
[2024-03-12T11:54:13.310+0000] {processor.py:183} INFO - Processing /home/airflow/.local/lib/python3.8/site-packages/airflow/example_dags/example_task_group_decorator.py took 0.139 seconds
[2024-03-12T11:54:44.261+0000] {processor.py:161} INFO - Started process (PID=2532) to work on /home/airflow/.local/lib/python3.8/site-packages/airflow/example_dags/example_task_group_decorator.py
[2024-03-12T11:54:44.262+0000] {processor.py:830} INFO - Processing file /home/airflow/.local/lib/python3.8/site-packages/airflow/example_dags/example_task_group_decorator.py for tasks to queue
[2024-03-12T11:54:44.264+0000] {logging_mixin.py:188} INFO - [2024-03-12T11:54:44.264+0000] {dagbag.py:540} INFO - Filling up the DagBag from /home/airflow/.local/lib/python3.8/site-packages/airflow/example_dags/example_task_group_decorator.py
[2024-03-12T11:54:44.279+0000] {processor.py:840} INFO - DAG(s) 'example_task_group_decorator' retrieved from /home/airflow/.local/lib/python3.8/site-packages/airflow/example_dags/example_task_group_decorator.py
[2024-03-12T11:54:44.298+0000] {logging_mixin.py:188} INFO - [2024-03-12T11:54:44.298+0000] {dag.py:3047} INFO - Sync 1 DAGs
[2024-03-12T11:54:44.312+0000] {logging_mixin.py:188} INFO - [2024-03-12T11:54:44.311+0000] {dag.py:3834} INFO - Setting next_dagrun for example_task_group_decorator to 2024-03-11 00:00:00+00:00, run_after=2024-03-12 00:00:00+00:00
[2024-03-12T11:54:44.323+0000] {processor.py:183} INFO - Processing /home/airflow/.local/lib/python3.8/site-packages/airflow/example_dags/example_task_group_decorator.py took 0.067 seconds
[2024-03-12T11:55:14.395+0000] {processor.py:161} INFO - Started process (PID=2779) to work on /home/airflow/.local/lib/python3.8/site-packages/airflow/example_dags/example_task_group_decorator.py
[2024-03-12T11:55:14.404+0000] {processor.py:830} INFO - Processing file /home/airflow/.local/lib/python3.8/site-packages/airflow/example_dags/example_task_group_decorator.py for tasks to queue
[2024-03-12T11:55:14.408+0000] {logging_mixin.py:188} INFO - [2024-03-12T11:55:14.408+0000] {dagbag.py:540} INFO - Filling up the DagBag from /home/airflow/.local/lib/python3.8/site-packages/airflow/example_dags/example_task_group_decorator.py
[2024-03-12T11:55:14.427+0000] {processor.py:840} INFO - DAG(s) 'example_task_group_decorator' retrieved from /home/airflow/.local/lib/python3.8/site-packages/airflow/example_dags/example_task_group_decorator.py
[2024-03-12T11:55:14.455+0000] {logging_mixin.py:188} INFO - [2024-03-12T11:55:14.455+0000] {dag.py:3047} INFO - Sync 1 DAGs
[2024-03-12T11:55:14.475+0000] {logging_mixin.py:188} INFO - [2024-03-12T11:55:14.475+0000] {dag.py:3834} INFO - Setting next_dagrun for example_task_group_decorator to 2024-03-11 00:00:00+00:00, run_after=2024-03-12 00:00:00+00:00
[2024-03-12T11:55:14.495+0000] {processor.py:183} INFO - Processing /home/airflow/.local/lib/python3.8/site-packages/airflow/example_dags/example_task_group_decorator.py took 0.122 seconds
[2024-03-12T11:55:45.148+0000] {processor.py:161} INFO - Started process (PID=3026) to work on /home/airflow/.local/lib/python3.8/site-packages/airflow/example_dags/example_task_group_decorator.py
[2024-03-12T11:55:45.150+0000] {processor.py:830} INFO - Processing file /home/airflow/.local/lib/python3.8/site-packages/airflow/example_dags/example_task_group_decorator.py for tasks to queue
[2024-03-12T11:55:45.151+0000] {logging_mixin.py:188} INFO - [2024-03-12T11:55:45.151+0000] {dagbag.py:540} INFO - Filling up the DagBag from /home/airflow/.local/lib/python3.8/site-packages/airflow/example_dags/example_task_group_decorator.py
[2024-03-12T11:55:45.167+0000] {processor.py:840} INFO - DAG(s) 'example_task_group_decorator' retrieved from /home/airflow/.local/lib/python3.8/site-packages/airflow/example_dags/example_task_group_decorator.py
[2024-03-12T11:55:45.187+0000] {logging_mixin.py:188} INFO - [2024-03-12T11:55:45.187+0000] {dag.py:3047} INFO - Sync 1 DAGs
[2024-03-12T11:55:45.202+0000] {logging_mixin.py:188} INFO - [2024-03-12T11:55:45.202+0000] {dag.py:3834} INFO - Setting next_dagrun for example_task_group_decorator to 2024-03-11 00:00:00+00:00, run_after=2024-03-12 00:00:00+00:00
[2024-03-12T11:55:45.214+0000] {processor.py:183} INFO - Processing /home/airflow/.local/lib/python3.8/site-packages/airflow/example_dags/example_task_group_decorator.py took 0.072 seconds
[2024-03-12T11:57:08.042+0000] {processor.py:161} INFO - Started process (PID=309) to work on /home/airflow/.local/lib/python3.8/site-packages/airflow/example_dags/example_task_group_decorator.py
[2024-03-12T11:57:08.043+0000] {processor.py:830} INFO - Processing file /home/airflow/.local/lib/python3.8/site-packages/airflow/example_dags/example_task_group_decorator.py for tasks to queue
[2024-03-12T11:57:08.044+0000] {logging_mixin.py:188} INFO - [2024-03-12T11:57:08.043+0000] {dagbag.py:540} INFO - Filling up the DagBag from /home/airflow/.local/lib/python3.8/site-packages/airflow/example_dags/example_task_group_decorator.py
[2024-03-12T11:57:08.053+0000] {processor.py:840} INFO - DAG(s) 'example_task_group_decorator' retrieved from /home/airflow/.local/lib/python3.8/site-packages/airflow/example_dags/example_task_group_decorator.py
[2024-03-12T11:57:08.073+0000] {logging_mixin.py:188} INFO - [2024-03-12T11:57:08.073+0000] {dag.py:3047} INFO - Sync 1 DAGs
[2024-03-12T11:57:08.086+0000] {logging_mixin.py:188} INFO - [2024-03-12T11:57:08.086+0000] {dag.py:3834} INFO - Setting next_dagrun for example_task_group_decorator to 2024-03-11 00:00:00+00:00, run_after=2024-03-12 00:00:00+00:00
[2024-03-12T11:57:08.097+0000] {processor.py:183} INFO - Processing /home/airflow/.local/lib/python3.8/site-packages/airflow/example_dags/example_task_group_decorator.py took 0.058 seconds
[2024-03-12T11:57:38.301+0000] {processor.py:161} INFO - Started process (PID=556) to work on /home/airflow/.local/lib/python3.8/site-packages/airflow/example_dags/example_task_group_decorator.py
[2024-03-12T11:57:38.303+0000] {processor.py:830} INFO - Processing file /home/airflow/.local/lib/python3.8/site-packages/airflow/example_dags/example_task_group_decorator.py for tasks to queue
[2024-03-12T11:57:38.305+0000] {logging_mixin.py:188} INFO - [2024-03-12T11:57:38.305+0000] {dagbag.py:540} INFO - Filling up the DagBag from /home/airflow/.local/lib/python3.8/site-packages/airflow/example_dags/example_task_group_decorator.py
[2024-03-12T11:57:38.316+0000] {processor.py:840} INFO - DAG(s) 'example_task_group_decorator' retrieved from /home/airflow/.local/lib/python3.8/site-packages/airflow/example_dags/example_task_group_decorator.py
[2024-03-12T11:57:38.335+0000] {logging_mixin.py:188} INFO - [2024-03-12T11:57:38.334+0000] {dag.py:3047} INFO - Sync 1 DAGs
[2024-03-12T11:57:38.349+0000] {logging_mixin.py:188} INFO - [2024-03-12T11:57:38.349+0000] {dag.py:3834} INFO - Setting next_dagrun for example_task_group_decorator to 2024-03-11 00:00:00+00:00, run_after=2024-03-12 00:00:00+00:00
[2024-03-12T11:57:38.361+0000] {processor.py:183} INFO - Processing /home/airflow/.local/lib/python3.8/site-packages/airflow/example_dags/example_task_group_decorator.py took 0.064 seconds
[2024-03-12T11:58:35.792+0000] {processor.py:161} INFO - Started process (PID=309) to work on /home/airflow/.local/lib/python3.8/site-packages/airflow/example_dags/example_task_group_decorator.py
[2024-03-12T11:58:35.793+0000] {processor.py:830} INFO - Processing file /home/airflow/.local/lib/python3.8/site-packages/airflow/example_dags/example_task_group_decorator.py for tasks to queue
[2024-03-12T11:58:35.794+0000] {logging_mixin.py:188} INFO - [2024-03-12T11:58:35.794+0000] {dagbag.py:540} INFO - Filling up the DagBag from /home/airflow/.local/lib/python3.8/site-packages/airflow/example_dags/example_task_group_decorator.py
[2024-03-12T11:58:35.809+0000] {processor.py:840} INFO - DAG(s) 'example_task_group_decorator' retrieved from /home/airflow/.local/lib/python3.8/site-packages/airflow/example_dags/example_task_group_decorator.py
[2024-03-12T11:58:35.845+0000] {logging_mixin.py:188} INFO - [2024-03-12T11:58:35.844+0000] {dag.py:3047} INFO - Sync 1 DAGs
[2024-03-12T11:58:35.861+0000] {logging_mixin.py:188} INFO - [2024-03-12T11:58:35.860+0000] {dag.py:3834} INFO - Setting next_dagrun for example_task_group_decorator to 2024-03-11 00:00:00+00:00, run_after=2024-03-12 00:00:00+00:00
[2024-03-12T11:58:35.872+0000] {processor.py:183} INFO - Processing /home/airflow/.local/lib/python3.8/site-packages/airflow/example_dags/example_task_group_decorator.py took 0.083 seconds
[2024-03-12T11:59:05.903+0000] {processor.py:161} INFO - Started process (PID=553) to work on /home/airflow/.local/lib/python3.8/site-packages/airflow/example_dags/example_task_group_decorator.py
[2024-03-12T11:59:05.905+0000] {processor.py:830} INFO - Processing file /home/airflow/.local/lib/python3.8/site-packages/airflow/example_dags/example_task_group_decorator.py for tasks to queue
[2024-03-12T11:59:05.905+0000] {logging_mixin.py:188} INFO - [2024-03-12T11:59:05.905+0000] {dagbag.py:540} INFO - Filling up the DagBag from /home/airflow/.local/lib/python3.8/site-packages/airflow/example_dags/example_task_group_decorator.py
[2024-03-12T11:59:05.914+0000] {processor.py:840} INFO - DAG(s) 'example_task_group_decorator' retrieved from /home/airflow/.local/lib/python3.8/site-packages/airflow/example_dags/example_task_group_decorator.py
[2024-03-12T11:59:05.931+0000] {logging_mixin.py:188} INFO - [2024-03-12T11:59:05.931+0000] {dag.py:3047} INFO - Sync 1 DAGs
[2024-03-12T11:59:05.943+0000] {logging_mixin.py:188} INFO - [2024-03-12T11:59:05.943+0000] {dag.py:3834} INFO - Setting next_dagrun for example_task_group_decorator to 2024-03-11 00:00:00+00:00, run_after=2024-03-12 00:00:00+00:00
[2024-03-12T11:59:05.953+0000] {processor.py:183} INFO - Processing /home/airflow/.local/lib/python3.8/site-packages/airflow/example_dags/example_task_group_decorator.py took 0.052 seconds
[2024-03-12T11:59:36.427+0000] {processor.py:161} INFO - Started process (PID=805) to work on /home/airflow/.local/lib/python3.8/site-packages/airflow/example_dags/example_task_group_decorator.py
[2024-03-12T11:59:36.428+0000] {processor.py:830} INFO - Processing file /home/airflow/.local/lib/python3.8/site-packages/airflow/example_dags/example_task_group_decorator.py for tasks to queue
[2024-03-12T11:59:36.429+0000] {logging_mixin.py:188} INFO - [2024-03-12T11:59:36.429+0000] {dagbag.py:540} INFO - Filling up the DagBag from /home/airflow/.local/lib/python3.8/site-packages/airflow/example_dags/example_task_group_decorator.py
[2024-03-12T11:59:36.438+0000] {processor.py:840} INFO - DAG(s) 'example_task_group_decorator' retrieved from /home/airflow/.local/lib/python3.8/site-packages/airflow/example_dags/example_task_group_decorator.py
[2024-03-12T11:59:36.454+0000] {logging_mixin.py:188} INFO - [2024-03-12T11:59:36.454+0000] {dag.py:3047} INFO - Sync 1 DAGs
[2024-03-12T11:59:36.466+0000] {logging_mixin.py:188} INFO - [2024-03-12T11:59:36.466+0000] {dag.py:3834} INFO - Setting next_dagrun for example_task_group_decorator to 2024-03-11 00:00:00+00:00, run_after=2024-03-12 00:00:00+00:00
[2024-03-12T11:59:36.475+0000] {processor.py:183} INFO - Processing /home/airflow/.local/lib/python3.8/site-packages/airflow/example_dags/example_task_group_decorator.py took 0.051 seconds
[2024-03-12T12:00:07.351+0000] {processor.py:161} INFO - Started process (PID=1050) to work on /home/airflow/.local/lib/python3.8/site-packages/airflow/example_dags/example_task_group_decorator.py
[2024-03-12T12:00:07.352+0000] {processor.py:830} INFO - Processing file /home/airflow/.local/lib/python3.8/site-packages/airflow/example_dags/example_task_group_decorator.py for tasks to queue
[2024-03-12T12:00:07.353+0000] {logging_mixin.py:188} INFO - [2024-03-12T12:00:07.353+0000] {dagbag.py:540} INFO - Filling up the DagBag from /home/airflow/.local/lib/python3.8/site-packages/airflow/example_dags/example_task_group_decorator.py
[2024-03-12T12:00:07.362+0000] {processor.py:840} INFO - DAG(s) 'example_task_group_decorator' retrieved from /home/airflow/.local/lib/python3.8/site-packages/airflow/example_dags/example_task_group_decorator.py
[2024-03-12T12:00:07.379+0000] {logging_mixin.py:188} INFO - [2024-03-12T12:00:07.379+0000] {dag.py:3047} INFO - Sync 1 DAGs
[2024-03-12T12:00:07.391+0000] {logging_mixin.py:188} INFO - [2024-03-12T12:00:07.391+0000] {dag.py:3834} INFO - Setting next_dagrun for example_task_group_decorator to 2024-03-11 00:00:00+00:00, run_after=2024-03-12 00:00:00+00:00
[2024-03-12T12:00:07.403+0000] {processor.py:183} INFO - Processing /home/airflow/.local/lib/python3.8/site-packages/airflow/example_dags/example_task_group_decorator.py took 0.054 seconds
[2024-03-12T12:00:38.430+0000] {processor.py:161} INFO - Started process (PID=1297) to work on /home/airflow/.local/lib/python3.8/site-packages/airflow/example_dags/example_task_group_decorator.py
[2024-03-12T12:00:38.431+0000] {processor.py:830} INFO - Processing file /home/airflow/.local/lib/python3.8/site-packages/airflow/example_dags/example_task_group_decorator.py for tasks to queue
[2024-03-12T12:00:38.432+0000] {logging_mixin.py:188} INFO - [2024-03-12T12:00:38.432+0000] {dagbag.py:540} INFO - Filling up the DagBag from /home/airflow/.local/lib/python3.8/site-packages/airflow/example_dags/example_task_group_decorator.py
[2024-03-12T12:00:38.442+0000] {processor.py:840} INFO - DAG(s) 'example_task_group_decorator' retrieved from /home/airflow/.local/lib/python3.8/site-packages/airflow/example_dags/example_task_group_decorator.py
[2024-03-12T12:00:38.460+0000] {logging_mixin.py:188} INFO - [2024-03-12T12:00:38.460+0000] {dag.py:3047} INFO - Sync 1 DAGs
[2024-03-12T12:00:38.473+0000] {logging_mixin.py:188} INFO - [2024-03-12T12:00:38.473+0000] {dag.py:3834} INFO - Setting next_dagrun for example_task_group_decorator to 2024-03-11 00:00:00+00:00, run_after=2024-03-12 00:00:00+00:00
[2024-03-12T12:00:38.485+0000] {processor.py:183} INFO - Processing /home/airflow/.local/lib/python3.8/site-packages/airflow/example_dags/example_task_group_decorator.py took 0.058 seconds
[2024-03-12T12:01:09.270+0000] {processor.py:161} INFO - Started process (PID=1544) to work on /home/airflow/.local/lib/python3.8/site-packages/airflow/example_dags/example_task_group_decorator.py
[2024-03-12T12:01:09.271+0000] {processor.py:830} INFO - Processing file /home/airflow/.local/lib/python3.8/site-packages/airflow/example_dags/example_task_group_decorator.py for tasks to queue
[2024-03-12T12:01:09.272+0000] {logging_mixin.py:188} INFO - [2024-03-12T12:01:09.272+0000] {dagbag.py:540} INFO - Filling up the DagBag from /home/airflow/.local/lib/python3.8/site-packages/airflow/example_dags/example_task_group_decorator.py
[2024-03-12T12:01:09.281+0000] {processor.py:840} INFO - DAG(s) 'example_task_group_decorator' retrieved from /home/airflow/.local/lib/python3.8/site-packages/airflow/example_dags/example_task_group_decorator.py
[2024-03-12T12:01:09.299+0000] {logging_mixin.py:188} INFO - [2024-03-12T12:01:09.299+0000] {dag.py:3047} INFO - Sync 1 DAGs
[2024-03-12T12:01:09.312+0000] {logging_mixin.py:188} INFO - [2024-03-12T12:01:09.311+0000] {dag.py:3834} INFO - Setting next_dagrun for example_task_group_decorator to 2024-03-11 00:00:00+00:00, run_after=2024-03-12 00:00:00+00:00
[2024-03-12T12:01:09.321+0000] {processor.py:183} INFO - Processing /home/airflow/.local/lib/python3.8/site-packages/airflow/example_dags/example_task_group_decorator.py took 0.054 seconds
[2024-03-12T12:01:40.236+0000] {processor.py:161} INFO - Started process (PID=1793) to work on /home/airflow/.local/lib/python3.8/site-packages/airflow/example_dags/example_task_group_decorator.py
[2024-03-12T12:01:40.237+0000] {processor.py:830} INFO - Processing file /home/airflow/.local/lib/python3.8/site-packages/airflow/example_dags/example_task_group_decorator.py for tasks to queue
[2024-03-12T12:01:40.238+0000] {logging_mixin.py:188} INFO - [2024-03-12T12:01:40.238+0000] {dagbag.py:540} INFO - Filling up the DagBag from /home/airflow/.local/lib/python3.8/site-packages/airflow/example_dags/example_task_group_decorator.py
[2024-03-12T12:01:40.247+0000] {processor.py:840} INFO - DAG(s) 'example_task_group_decorator' retrieved from /home/airflow/.local/lib/python3.8/site-packages/airflow/example_dags/example_task_group_decorator.py
[2024-03-12T12:01:40.266+0000] {logging_mixin.py:188} INFO - [2024-03-12T12:01:40.266+0000] {dag.py:3047} INFO - Sync 1 DAGs
[2024-03-12T12:01:40.278+0000] {logging_mixin.py:188} INFO - [2024-03-12T12:01:40.278+0000] {dag.py:3834} INFO - Setting next_dagrun for example_task_group_decorator to 2024-03-11 00:00:00+00:00, run_after=2024-03-12 00:00:00+00:00
[2024-03-12T12:01:40.288+0000] {processor.py:183} INFO - Processing /home/airflow/.local/lib/python3.8/site-packages/airflow/example_dags/example_task_group_decorator.py took 0.054 seconds
[2024-03-12T12:02:10.981+0000] {processor.py:161} INFO - Started process (PID=2040) to work on /home/airflow/.local/lib/python3.8/site-packages/airflow/example_dags/example_task_group_decorator.py
[2024-03-12T12:02:10.983+0000] {processor.py:830} INFO - Processing file /home/airflow/.local/lib/python3.8/site-packages/airflow/example_dags/example_task_group_decorator.py for tasks to queue
[2024-03-12T12:02:10.984+0000] {logging_mixin.py:188} INFO - [2024-03-12T12:02:10.984+0000] {dagbag.py:540} INFO - Filling up the DagBag from /home/airflow/.local/lib/python3.8/site-packages/airflow/example_dags/example_task_group_decorator.py
[2024-03-12T12:02:10.995+0000] {processor.py:840} INFO - DAG(s) 'example_task_group_decorator' retrieved from /home/airflow/.local/lib/python3.8/site-packages/airflow/example_dags/example_task_group_decorator.py
[2024-03-12T12:02:11.013+0000] {logging_mixin.py:188} INFO - [2024-03-12T12:02:11.013+0000] {dag.py:3047} INFO - Sync 1 DAGs
[2024-03-12T12:02:11.025+0000] {logging_mixin.py:188} INFO - [2024-03-12T12:02:11.025+0000] {dag.py:3834} INFO - Setting next_dagrun for example_task_group_decorator to 2024-03-11 00:00:00+00:00, run_after=2024-03-12 00:00:00+00:00
[2024-03-12T12:02:11.035+0000] {processor.py:183} INFO - Processing /home/airflow/.local/lib/python3.8/site-packages/airflow/example_dags/example_task_group_decorator.py took 0.057 seconds
[2024-03-12T12:02:41.731+0000] {processor.py:161} INFO - Started process (PID=2283) to work on /home/airflow/.local/lib/python3.8/site-packages/airflow/example_dags/example_task_group_decorator.py
[2024-03-12T12:02:41.738+0000] {processor.py:830} INFO - Processing file /home/airflow/.local/lib/python3.8/site-packages/airflow/example_dags/example_task_group_decorator.py for tasks to queue
[2024-03-12T12:02:41.739+0000] {logging_mixin.py:188} INFO - [2024-03-12T12:02:41.739+0000] {dagbag.py:540} INFO - Filling up the DagBag from /home/airflow/.local/lib/python3.8/site-packages/airflow/example_dags/example_task_group_decorator.py
[2024-03-12T12:02:41.757+0000] {processor.py:840} INFO - DAG(s) 'example_task_group_decorator' retrieved from /home/airflow/.local/lib/python3.8/site-packages/airflow/example_dags/example_task_group_decorator.py
[2024-03-12T12:02:41.779+0000] {logging_mixin.py:188} INFO - [2024-03-12T12:02:41.778+0000] {dag.py:3047} INFO - Sync 1 DAGs
[2024-03-12T12:02:41.795+0000] {logging_mixin.py:188} INFO - [2024-03-12T12:02:41.795+0000] {dag.py:3834} INFO - Setting next_dagrun for example_task_group_decorator to 2024-03-11 00:00:00+00:00, run_after=2024-03-12 00:00:00+00:00
[2024-03-12T12:02:41.810+0000] {processor.py:183} INFO - Processing /home/airflow/.local/lib/python3.8/site-packages/airflow/example_dags/example_task_group_decorator.py took 0.086 seconds
[2024-03-12T12:03:13.467+0000] {processor.py:161} INFO - Started process (PID=2532) to work on /home/airflow/.local/lib/python3.8/site-packages/airflow/example_dags/example_task_group_decorator.py
[2024-03-12T12:03:13.469+0000] {processor.py:830} INFO - Processing file /home/airflow/.local/lib/python3.8/site-packages/airflow/example_dags/example_task_group_decorator.py for tasks to queue
[2024-03-12T12:03:13.470+0000] {logging_mixin.py:188} INFO - [2024-03-12T12:03:13.470+0000] {dagbag.py:540} INFO - Filling up the DagBag from /home/airflow/.local/lib/python3.8/site-packages/airflow/example_dags/example_task_group_decorator.py
[2024-03-12T12:03:13.480+0000] {processor.py:840} INFO - DAG(s) 'example_task_group_decorator' retrieved from /home/airflow/.local/lib/python3.8/site-packages/airflow/example_dags/example_task_group_decorator.py
[2024-03-12T12:03:13.548+0000] {logging_mixin.py:188} INFO - [2024-03-12T12:03:13.547+0000] {dag.py:3047} INFO - Sync 1 DAGs
[2024-03-12T12:03:13.568+0000] {logging_mixin.py:188} INFO - [2024-03-12T12:03:13.568+0000] {dag.py:3834} INFO - Setting next_dagrun for example_task_group_decorator to 2024-03-11 00:00:00+00:00, run_after=2024-03-12 00:00:00+00:00
[2024-03-12T12:03:13.580+0000] {processor.py:183} INFO - Processing /home/airflow/.local/lib/python3.8/site-packages/airflow/example_dags/example_task_group_decorator.py took 0.116 seconds
[2024-03-12T12:03:44.802+0000] {processor.py:161} INFO - Started process (PID=2780) to work on /home/airflow/.local/lib/python3.8/site-packages/airflow/example_dags/example_task_group_decorator.py
[2024-03-12T12:03:44.804+0000] {processor.py:830} INFO - Processing file /home/airflow/.local/lib/python3.8/site-packages/airflow/example_dags/example_task_group_decorator.py for tasks to queue
[2024-03-12T12:03:44.807+0000] {logging_mixin.py:188} INFO - [2024-03-12T12:03:44.806+0000] {dagbag.py:540} INFO - Filling up the DagBag from /home/airflow/.local/lib/python3.8/site-packages/airflow/example_dags/example_task_group_decorator.py
[2024-03-12T12:03:44.820+0000] {processor.py:840} INFO - DAG(s) 'example_task_group_decorator' retrieved from /home/airflow/.local/lib/python3.8/site-packages/airflow/example_dags/example_task_group_decorator.py
[2024-03-12T12:03:44.850+0000] {logging_mixin.py:188} INFO - [2024-03-12T12:03:44.850+0000] {dag.py:3047} INFO - Sync 1 DAGs
[2024-03-12T12:03:44.864+0000] {logging_mixin.py:188} INFO - [2024-03-12T12:03:44.863+0000] {dag.py:3834} INFO - Setting next_dagrun for example_task_group_decorator to 2024-03-11 00:00:00+00:00, run_after=2024-03-12 00:00:00+00:00
[2024-03-12T12:03:44.874+0000] {processor.py:183} INFO - Processing /home/airflow/.local/lib/python3.8/site-packages/airflow/example_dags/example_task_group_decorator.py took 0.077 seconds
[2024-03-12T12:04:16.125+0000] {processor.py:161} INFO - Started process (PID=3026) to work on /home/airflow/.local/lib/python3.8/site-packages/airflow/example_dags/example_task_group_decorator.py
[2024-03-12T12:04:16.130+0000] {processor.py:830} INFO - Processing file /home/airflow/.local/lib/python3.8/site-packages/airflow/example_dags/example_task_group_decorator.py for tasks to queue
[2024-03-12T12:04:16.132+0000] {logging_mixin.py:188} INFO - [2024-03-12T12:04:16.132+0000] {dagbag.py:540} INFO - Filling up the DagBag from /home/airflow/.local/lib/python3.8/site-packages/airflow/example_dags/example_task_group_decorator.py
[2024-03-12T12:04:16.157+0000] {processor.py:840} INFO - DAG(s) 'example_task_group_decorator' retrieved from /home/airflow/.local/lib/python3.8/site-packages/airflow/example_dags/example_task_group_decorator.py
[2024-03-12T12:04:16.245+0000] {logging_mixin.py:188} INFO - [2024-03-12T12:04:16.245+0000] {dag.py:3047} INFO - Sync 1 DAGs
[2024-03-12T12:04:16.271+0000] {logging_mixin.py:188} INFO - [2024-03-12T12:04:16.271+0000] {dag.py:3834} INFO - Setting next_dagrun for example_task_group_decorator to 2024-03-11 00:00:00+00:00, run_after=2024-03-12 00:00:00+00:00
[2024-03-12T12:04:16.290+0000] {processor.py:183} INFO - Processing /home/airflow/.local/lib/python3.8/site-packages/airflow/example_dags/example_task_group_decorator.py took 0.171 seconds
[2024-03-12T12:04:46.411+0000] {processor.py:161} INFO - Started process (PID=3275) to work on /home/airflow/.local/lib/python3.8/site-packages/airflow/example_dags/example_task_group_decorator.py
[2024-03-12T12:04:46.412+0000] {processor.py:830} INFO - Processing file /home/airflow/.local/lib/python3.8/site-packages/airflow/example_dags/example_task_group_decorator.py for tasks to queue
[2024-03-12T12:04:46.416+0000] {logging_mixin.py:188} INFO - [2024-03-12T12:04:46.415+0000] {dagbag.py:540} INFO - Filling up the DagBag from /home/airflow/.local/lib/python3.8/site-packages/airflow/example_dags/example_task_group_decorator.py
[2024-03-12T12:04:46.435+0000] {processor.py:840} INFO - DAG(s) 'example_task_group_decorator' retrieved from /home/airflow/.local/lib/python3.8/site-packages/airflow/example_dags/example_task_group_decorator.py
[2024-03-12T12:04:46.459+0000] {logging_mixin.py:188} INFO - [2024-03-12T12:04:46.459+0000] {dag.py:3047} INFO - Sync 1 DAGs
[2024-03-12T12:04:46.476+0000] {logging_mixin.py:188} INFO - [2024-03-12T12:04:46.476+0000] {dag.py:3834} INFO - Setting next_dagrun for example_task_group_decorator to 2024-03-11 00:00:00+00:00, run_after=2024-03-12 00:00:00+00:00
[2024-03-12T12:04:46.490+0000] {processor.py:183} INFO - Processing /home/airflow/.local/lib/python3.8/site-packages/airflow/example_dags/example_task_group_decorator.py took 0.082 seconds
[2024-03-12T12:05:17.574+0000] {processor.py:161} INFO - Started process (PID=3522) to work on /home/airflow/.local/lib/python3.8/site-packages/airflow/example_dags/example_task_group_decorator.py
[2024-03-12T12:05:17.582+0000] {processor.py:830} INFO - Processing file /home/airflow/.local/lib/python3.8/site-packages/airflow/example_dags/example_task_group_decorator.py for tasks to queue
[2024-03-12T12:05:17.584+0000] {logging_mixin.py:188} INFO - [2024-03-12T12:05:17.584+0000] {dagbag.py:540} INFO - Filling up the DagBag from /home/airflow/.local/lib/python3.8/site-packages/airflow/example_dags/example_task_group_decorator.py
[2024-03-12T12:05:17.598+0000] {processor.py:840} INFO - DAG(s) 'example_task_group_decorator' retrieved from /home/airflow/.local/lib/python3.8/site-packages/airflow/example_dags/example_task_group_decorator.py
[2024-03-12T12:05:17.637+0000] {logging_mixin.py:188} INFO - [2024-03-12T12:05:17.636+0000] {dag.py:3047} INFO - Sync 1 DAGs
[2024-03-12T12:05:17.664+0000] {logging_mixin.py:188} INFO - [2024-03-12T12:05:17.663+0000] {dag.py:3834} INFO - Setting next_dagrun for example_task_group_decorator to 2024-03-11 00:00:00+00:00, run_after=2024-03-12 00:00:00+00:00
[2024-03-12T12:05:17.678+0000] {processor.py:183} INFO - Processing /home/airflow/.local/lib/python3.8/site-packages/airflow/example_dags/example_task_group_decorator.py took 0.116 seconds
[2024-03-12T12:05:47.816+0000] {processor.py:161} INFO - Started process (PID=3768) to work on /home/airflow/.local/lib/python3.8/site-packages/airflow/example_dags/example_task_group_decorator.py
[2024-03-12T12:05:47.818+0000] {processor.py:830} INFO - Processing file /home/airflow/.local/lib/python3.8/site-packages/airflow/example_dags/example_task_group_decorator.py for tasks to queue
[2024-03-12T12:05:47.820+0000] {logging_mixin.py:188} INFO - [2024-03-12T12:05:47.819+0000] {dagbag.py:540} INFO - Filling up the DagBag from /home/airflow/.local/lib/python3.8/site-packages/airflow/example_dags/example_task_group_decorator.py
[2024-03-12T12:05:47.830+0000] {processor.py:840} INFO - DAG(s) 'example_task_group_decorator' retrieved from /home/airflow/.local/lib/python3.8/site-packages/airflow/example_dags/example_task_group_decorator.py
[2024-03-12T12:05:47.849+0000] {logging_mixin.py:188} INFO - [2024-03-12T12:05:47.849+0000] {dag.py:3047} INFO - Sync 1 DAGs
[2024-03-12T12:05:47.864+0000] {logging_mixin.py:188} INFO - [2024-03-12T12:05:47.864+0000] {dag.py:3834} INFO - Setting next_dagrun for example_task_group_decorator to 2024-03-11 00:00:00+00:00, run_after=2024-03-12 00:00:00+00:00
[2024-03-12T12:05:47.879+0000] {processor.py:183} INFO - Processing /home/airflow/.local/lib/python3.8/site-packages/airflow/example_dags/example_task_group_decorator.py took 0.066 seconds
[2024-03-12T12:06:19.712+0000] {processor.py:161} INFO - Started process (PID=4017) to work on /home/airflow/.local/lib/python3.8/site-packages/airflow/example_dags/example_task_group_decorator.py
[2024-03-12T12:06:19.715+0000] {processor.py:830} INFO - Processing file /home/airflow/.local/lib/python3.8/site-packages/airflow/example_dags/example_task_group_decorator.py for tasks to queue
[2024-03-12T12:06:19.718+0000] {logging_mixin.py:188} INFO - [2024-03-12T12:06:19.717+0000] {dagbag.py:540} INFO - Filling up the DagBag from /home/airflow/.local/lib/python3.8/site-packages/airflow/example_dags/example_task_group_decorator.py
[2024-03-12T12:06:19.742+0000] {processor.py:840} INFO - DAG(s) 'example_task_group_decorator' retrieved from /home/airflow/.local/lib/python3.8/site-packages/airflow/example_dags/example_task_group_decorator.py
[2024-03-12T12:06:19.768+0000] {logging_mixin.py:188} INFO - [2024-03-12T12:06:19.768+0000] {dag.py:3047} INFO - Sync 1 DAGs
[2024-03-12T12:06:19.789+0000] {logging_mixin.py:188} INFO - [2024-03-12T12:06:19.789+0000] {dag.py:3834} INFO - Setting next_dagrun for example_task_group_decorator to 2024-03-11 00:00:00+00:00, run_after=2024-03-12 00:00:00+00:00
[2024-03-12T12:06:19.802+0000] {processor.py:183} INFO - Processing /home/airflow/.local/lib/python3.8/site-packages/airflow/example_dags/example_task_group_decorator.py took 0.093 seconds
[2024-03-12T12:06:50.910+0000] {processor.py:161} INFO - Started process (PID=4264) to work on /home/airflow/.local/lib/python3.8/site-packages/airflow/example_dags/example_task_group_decorator.py
[2024-03-12T12:06:50.917+0000] {processor.py:830} INFO - Processing file /home/airflow/.local/lib/python3.8/site-packages/airflow/example_dags/example_task_group_decorator.py for tasks to queue
[2024-03-12T12:06:50.919+0000] {logging_mixin.py:188} INFO - [2024-03-12T12:06:50.919+0000] {dagbag.py:540} INFO - Filling up the DagBag from /home/airflow/.local/lib/python3.8/site-packages/airflow/example_dags/example_task_group_decorator.py
[2024-03-12T12:06:50.936+0000] {processor.py:840} INFO - DAG(s) 'example_task_group_decorator' retrieved from /home/airflow/.local/lib/python3.8/site-packages/airflow/example_dags/example_task_group_decorator.py
[2024-03-12T12:06:50.979+0000] {logging_mixin.py:188} INFO - [2024-03-12T12:06:50.976+0000] {dag.py:3047} INFO - Sync 1 DAGs
[2024-03-12T12:06:51.013+0000] {logging_mixin.py:188} INFO - [2024-03-12T12:06:51.013+0000] {dag.py:3834} INFO - Setting next_dagrun for example_task_group_decorator to 2024-03-11 00:00:00+00:00, run_after=2024-03-12 00:00:00+00:00
[2024-03-12T12:06:51.039+0000] {processor.py:183} INFO - Processing /home/airflow/.local/lib/python3.8/site-packages/airflow/example_dags/example_task_group_decorator.py took 0.142 seconds
[2024-03-12T12:07:21.618+0000] {processor.py:161} INFO - Started process (PID=4509) to work on /home/airflow/.local/lib/python3.8/site-packages/airflow/example_dags/example_task_group_decorator.py
[2024-03-12T12:07:21.619+0000] {processor.py:830} INFO - Processing file /home/airflow/.local/lib/python3.8/site-packages/airflow/example_dags/example_task_group_decorator.py for tasks to queue
[2024-03-12T12:07:21.620+0000] {logging_mixin.py:188} INFO - [2024-03-12T12:07:21.620+0000] {dagbag.py:540} INFO - Filling up the DagBag from /home/airflow/.local/lib/python3.8/site-packages/airflow/example_dags/example_task_group_decorator.py
[2024-03-12T12:07:21.629+0000] {processor.py:840} INFO - DAG(s) 'example_task_group_decorator' retrieved from /home/airflow/.local/lib/python3.8/site-packages/airflow/example_dags/example_task_group_decorator.py
[2024-03-12T12:07:21.648+0000] {logging_mixin.py:188} INFO - [2024-03-12T12:07:21.648+0000] {dag.py:3047} INFO - Sync 1 DAGs
[2024-03-12T12:07:21.662+0000] {logging_mixin.py:188} INFO - [2024-03-12T12:07:21.662+0000] {dag.py:3834} INFO - Setting next_dagrun for example_task_group_decorator to 2024-03-11 00:00:00+00:00, run_after=2024-03-12 00:00:00+00:00
[2024-03-12T12:07:21.673+0000] {processor.py:183} INFO - Processing /home/airflow/.local/lib/python3.8/site-packages/airflow/example_dags/example_task_group_decorator.py took 0.058 seconds
[2024-03-12T12:07:52.099+0000] {processor.py:161} INFO - Started process (PID=4756) to work on /home/airflow/.local/lib/python3.8/site-packages/airflow/example_dags/example_task_group_decorator.py
[2024-03-12T12:07:52.101+0000] {processor.py:830} INFO - Processing file /home/airflow/.local/lib/python3.8/site-packages/airflow/example_dags/example_task_group_decorator.py for tasks to queue
[2024-03-12T12:07:52.102+0000] {logging_mixin.py:188} INFO - [2024-03-12T12:07:52.101+0000] {dagbag.py:540} INFO - Filling up the DagBag from /home/airflow/.local/lib/python3.8/site-packages/airflow/example_dags/example_task_group_decorator.py
[2024-03-12T12:07:52.111+0000] {processor.py:840} INFO - DAG(s) 'example_task_group_decorator' retrieved from /home/airflow/.local/lib/python3.8/site-packages/airflow/example_dags/example_task_group_decorator.py
[2024-03-12T12:07:52.129+0000] {logging_mixin.py:188} INFO - [2024-03-12T12:07:52.129+0000] {dag.py:3047} INFO - Sync 1 DAGs
[2024-03-12T12:07:52.141+0000] {logging_mixin.py:188} INFO - [2024-03-12T12:07:52.141+0000] {dag.py:3834} INFO - Setting next_dagrun for example_task_group_decorator to 2024-03-11 00:00:00+00:00, run_after=2024-03-12 00:00:00+00:00
[2024-03-12T12:07:52.151+0000] {processor.py:183} INFO - Processing /home/airflow/.local/lib/python3.8/site-packages/airflow/example_dags/example_task_group_decorator.py took 0.054 seconds
[2024-03-12T12:08:22.456+0000] {processor.py:161} INFO - Started process (PID=5003) to work on /home/airflow/.local/lib/python3.8/site-packages/airflow/example_dags/example_task_group_decorator.py
[2024-03-12T12:08:22.458+0000] {processor.py:830} INFO - Processing file /home/airflow/.local/lib/python3.8/site-packages/airflow/example_dags/example_task_group_decorator.py for tasks to queue
[2024-03-12T12:08:22.459+0000] {logging_mixin.py:188} INFO - [2024-03-12T12:08:22.459+0000] {dagbag.py:540} INFO - Filling up the DagBag from /home/airflow/.local/lib/python3.8/site-packages/airflow/example_dags/example_task_group_decorator.py
[2024-03-12T12:08:22.468+0000] {processor.py:840} INFO - DAG(s) 'example_task_group_decorator' retrieved from /home/airflow/.local/lib/python3.8/site-packages/airflow/example_dags/example_task_group_decorator.py
[2024-03-12T12:08:22.486+0000] {logging_mixin.py:188} INFO - [2024-03-12T12:08:22.486+0000] {dag.py:3047} INFO - Sync 1 DAGs
[2024-03-12T12:08:22.498+0000] {logging_mixin.py:188} INFO - [2024-03-12T12:08:22.498+0000] {dag.py:3834} INFO - Setting next_dagrun for example_task_group_decorator to 2024-03-11 00:00:00+00:00, run_after=2024-03-12 00:00:00+00:00
[2024-03-12T12:08:22.507+0000] {processor.py:183} INFO - Processing /home/airflow/.local/lib/python3.8/site-packages/airflow/example_dags/example_task_group_decorator.py took 0.053 seconds
[2024-03-12T12:08:53.126+0000] {processor.py:161} INFO - Started process (PID=5250) to work on /home/airflow/.local/lib/python3.8/site-packages/airflow/example_dags/example_task_group_decorator.py
[2024-03-12T12:08:53.128+0000] {processor.py:830} INFO - Processing file /home/airflow/.local/lib/python3.8/site-packages/airflow/example_dags/example_task_group_decorator.py for tasks to queue
[2024-03-12T12:08:53.129+0000] {logging_mixin.py:188} INFO - [2024-03-12T12:08:53.128+0000] {dagbag.py:540} INFO - Filling up the DagBag from /home/airflow/.local/lib/python3.8/site-packages/airflow/example_dags/example_task_group_decorator.py
[2024-03-12T12:08:53.139+0000] {processor.py:840} INFO - DAG(s) 'example_task_group_decorator' retrieved from /home/airflow/.local/lib/python3.8/site-packages/airflow/example_dags/example_task_group_decorator.py
[2024-03-12T12:08:53.157+0000] {logging_mixin.py:188} INFO - [2024-03-12T12:08:53.157+0000] {dag.py:3047} INFO - Sync 1 DAGs
[2024-03-12T12:08:53.172+0000] {logging_mixin.py:188} INFO - [2024-03-12T12:08:53.172+0000] {dag.py:3834} INFO - Setting next_dagrun for example_task_group_decorator to 2024-03-11 00:00:00+00:00, run_after=2024-03-12 00:00:00+00:00
[2024-03-12T12:08:53.185+0000] {processor.py:183} INFO - Processing /home/airflow/.local/lib/python3.8/site-packages/airflow/example_dags/example_task_group_decorator.py took 0.062 seconds
[2024-03-12T12:09:23.721+0000] {processor.py:161} INFO - Started process (PID=5497) to work on /home/airflow/.local/lib/python3.8/site-packages/airflow/example_dags/example_task_group_decorator.py
[2024-03-12T12:09:23.723+0000] {processor.py:830} INFO - Processing file /home/airflow/.local/lib/python3.8/site-packages/airflow/example_dags/example_task_group_decorator.py for tasks to queue
[2024-03-12T12:09:23.724+0000] {logging_mixin.py:188} INFO - [2024-03-12T12:09:23.724+0000] {dagbag.py:540} INFO - Filling up the DagBag from /home/airflow/.local/lib/python3.8/site-packages/airflow/example_dags/example_task_group_decorator.py
[2024-03-12T12:09:23.733+0000] {processor.py:840} INFO - DAG(s) 'example_task_group_decorator' retrieved from /home/airflow/.local/lib/python3.8/site-packages/airflow/example_dags/example_task_group_decorator.py
[2024-03-12T12:09:23.751+0000] {logging_mixin.py:188} INFO - [2024-03-12T12:09:23.751+0000] {dag.py:3047} INFO - Sync 1 DAGs
[2024-03-12T12:09:23.764+0000] {logging_mixin.py:188} INFO - [2024-03-12T12:09:23.764+0000] {dag.py:3834} INFO - Setting next_dagrun for example_task_group_decorator to 2024-03-11 00:00:00+00:00, run_after=2024-03-12 00:00:00+00:00
[2024-03-12T12:09:23.774+0000] {processor.py:183} INFO - Processing /home/airflow/.local/lib/python3.8/site-packages/airflow/example_dags/example_task_group_decorator.py took 0.055 seconds
[2024-03-12T12:09:54.412+0000] {processor.py:161} INFO - Started process (PID=5744) to work on /home/airflow/.local/lib/python3.8/site-packages/airflow/example_dags/example_task_group_decorator.py
[2024-03-12T12:09:54.413+0000] {processor.py:830} INFO - Processing file /home/airflow/.local/lib/python3.8/site-packages/airflow/example_dags/example_task_group_decorator.py for tasks to queue
[2024-03-12T12:09:54.414+0000] {logging_mixin.py:188} INFO - [2024-03-12T12:09:54.414+0000] {dagbag.py:540} INFO - Filling up the DagBag from /home/airflow/.local/lib/python3.8/site-packages/airflow/example_dags/example_task_group_decorator.py
[2024-03-12T12:09:54.444+0000] {processor.py:840} INFO - DAG(s) 'example_task_group_decorator' retrieved from /home/airflow/.local/lib/python3.8/site-packages/airflow/example_dags/example_task_group_decorator.py
[2024-03-12T12:09:54.463+0000] {logging_mixin.py:188} INFO - [2024-03-12T12:09:54.463+0000] {dag.py:3047} INFO - Sync 1 DAGs
[2024-03-12T12:09:54.477+0000] {logging_mixin.py:188} INFO - [2024-03-12T12:09:54.476+0000] {dag.py:3834} INFO - Setting next_dagrun for example_task_group_decorator to 2024-03-11 00:00:00+00:00, run_after=2024-03-12 00:00:00+00:00
[2024-03-12T12:09:54.486+0000] {processor.py:183} INFO - Processing /home/airflow/.local/lib/python3.8/site-packages/airflow/example_dags/example_task_group_decorator.py took 0.077 seconds
[2024-03-12T12:10:25.010+0000] {processor.py:161} INFO - Started process (PID=5991) to work on /home/airflow/.local/lib/python3.8/site-packages/airflow/example_dags/example_task_group_decorator.py
[2024-03-12T12:10:25.012+0000] {processor.py:830} INFO - Processing file /home/airflow/.local/lib/python3.8/site-packages/airflow/example_dags/example_task_group_decorator.py for tasks to queue
[2024-03-12T12:10:25.013+0000] {logging_mixin.py:188} INFO - [2024-03-12T12:10:25.013+0000] {dagbag.py:540} INFO - Filling up the DagBag from /home/airflow/.local/lib/python3.8/site-packages/airflow/example_dags/example_task_group_decorator.py
[2024-03-12T12:10:25.027+0000] {processor.py:840} INFO - DAG(s) 'example_task_group_decorator' retrieved from /home/airflow/.local/lib/python3.8/site-packages/airflow/example_dags/example_task_group_decorator.py
[2024-03-12T12:10:25.066+0000] {logging_mixin.py:188} INFO - [2024-03-12T12:10:25.065+0000] {dag.py:3047} INFO - Sync 1 DAGs
[2024-03-12T12:10:25.083+0000] {logging_mixin.py:188} INFO - [2024-03-12T12:10:25.083+0000] {dag.py:3834} INFO - Setting next_dagrun for example_task_group_decorator to 2024-03-11 00:00:00+00:00, run_after=2024-03-12 00:00:00+00:00
[2024-03-12T12:10:25.096+0000] {processor.py:183} INFO - Processing /home/airflow/.local/lib/python3.8/site-packages/airflow/example_dags/example_task_group_decorator.py took 0.089 seconds
[2024-03-12T12:10:56.037+0000] {processor.py:161} INFO - Started process (PID=6296) to work on /home/airflow/.local/lib/python3.8/site-packages/airflow/example_dags/example_task_group_decorator.py
[2024-03-12T12:10:56.039+0000] {processor.py:830} INFO - Processing file /home/airflow/.local/lib/python3.8/site-packages/airflow/example_dags/example_task_group_decorator.py for tasks to queue
[2024-03-12T12:10:56.041+0000] {logging_mixin.py:188} INFO - [2024-03-12T12:10:56.040+0000] {dagbag.py:540} INFO - Filling up the DagBag from /home/airflow/.local/lib/python3.8/site-packages/airflow/example_dags/example_task_group_decorator.py
[2024-03-12T12:10:56.056+0000] {processor.py:840} INFO - DAG(s) 'example_task_group_decorator' retrieved from /home/airflow/.local/lib/python3.8/site-packages/airflow/example_dags/example_task_group_decorator.py
[2024-03-12T12:10:56.085+0000] {logging_mixin.py:188} INFO - [2024-03-12T12:10:56.085+0000] {dag.py:3047} INFO - Sync 1 DAGs
[2024-03-12T12:10:56.102+0000] {logging_mixin.py:188} INFO - [2024-03-12T12:10:56.102+0000] {dag.py:3834} INFO - Setting next_dagrun for example_task_group_decorator to 2024-03-11 00:00:00+00:00, run_after=2024-03-12 00:00:00+00:00
[2024-03-12T12:10:56.114+0000] {processor.py:183} INFO - Processing /home/airflow/.local/lib/python3.8/site-packages/airflow/example_dags/example_task_group_decorator.py took 0.082 seconds
