[2024-03-12T11:50:06.084+0000] {processor.py:161} INFO - Started process (PID=344) to work on /home/airflow/.local/lib/python3.8/site-packages/airflow/example_dags/example_task_group.py
[2024-03-12T11:50:06.086+0000] {processor.py:830} INFO - Processing file /home/airflow/.local/lib/python3.8/site-packages/airflow/example_dags/example_task_group.py for tasks to queue
[2024-03-12T11:50:06.088+0000] {logging_mixin.py:188} INFO - [2024-03-12T11:50:06.087+0000] {dagbag.py:540} INFO - Filling up the DagBag from /home/airflow/.local/lib/python3.8/site-packages/airflow/example_dags/example_task_group.py
[2024-03-12T11:50:06.095+0000] {processor.py:840} INFO - DAG(s) 'example_task_group' retrieved from /home/airflow/.local/lib/python3.8/site-packages/airflow/example_dags/example_task_group.py
[2024-03-12T11:50:06.114+0000] {logging_mixin.py:188} INFO - [2024-03-12T11:50:06.114+0000] {dag.py:3047} INFO - Sync 1 DAGs
[2024-03-12T11:50:06.130+0000] {logging_mixin.py:188} INFO - [2024-03-12T11:50:06.130+0000] {dag.py:3834} INFO - Setting next_dagrun for example_task_group to 2024-03-11 00:00:00+00:00, run_after=2024-03-12 00:00:00+00:00
[2024-03-12T11:50:06.142+0000] {processor.py:183} INFO - Processing /home/airflow/.local/lib/python3.8/site-packages/airflow/example_dags/example_task_group.py took 0.061 seconds
[2024-03-12T11:50:36.894+0000] {processor.py:161} INFO - Started process (PID=591) to work on /home/airflow/.local/lib/python3.8/site-packages/airflow/example_dags/example_task_group.py
[2024-03-12T11:50:36.896+0000] {processor.py:830} INFO - Processing file /home/airflow/.local/lib/python3.8/site-packages/airflow/example_dags/example_task_group.py for tasks to queue
[2024-03-12T11:50:36.897+0000] {logging_mixin.py:188} INFO - [2024-03-12T11:50:36.896+0000] {dagbag.py:540} INFO - Filling up the DagBag from /home/airflow/.local/lib/python3.8/site-packages/airflow/example_dags/example_task_group.py
[2024-03-12T11:50:36.906+0000] {processor.py:840} INFO - DAG(s) 'example_task_group' retrieved from /home/airflow/.local/lib/python3.8/site-packages/airflow/example_dags/example_task_group.py
[2024-03-12T11:50:36.925+0000] {logging_mixin.py:188} INFO - [2024-03-12T11:50:36.925+0000] {dag.py:3047} INFO - Sync 1 DAGs
[2024-03-12T11:50:36.942+0000] {logging_mixin.py:188} INFO - [2024-03-12T11:50:36.942+0000] {dag.py:3834} INFO - Setting next_dagrun for example_task_group to 2024-03-11 00:00:00+00:00, run_after=2024-03-12 00:00:00+00:00
[2024-03-12T11:50:36.953+0000] {processor.py:183} INFO - Processing /home/airflow/.local/lib/python3.8/site-packages/airflow/example_dags/example_task_group.py took 0.062 seconds
[2024-03-12T11:51:07.508+0000] {processor.py:161} INFO - Started process (PID=838) to work on /home/airflow/.local/lib/python3.8/site-packages/airflow/example_dags/example_task_group.py
[2024-03-12T11:51:07.510+0000] {processor.py:830} INFO - Processing file /home/airflow/.local/lib/python3.8/site-packages/airflow/example_dags/example_task_group.py for tasks to queue
[2024-03-12T11:51:07.511+0000] {logging_mixin.py:188} INFO - [2024-03-12T11:51:07.511+0000] {dagbag.py:540} INFO - Filling up the DagBag from /home/airflow/.local/lib/python3.8/site-packages/airflow/example_dags/example_task_group.py
[2024-03-12T11:51:07.518+0000] {processor.py:840} INFO - DAG(s) 'example_task_group' retrieved from /home/airflow/.local/lib/python3.8/site-packages/airflow/example_dags/example_task_group.py
[2024-03-12T11:51:07.537+0000] {logging_mixin.py:188} INFO - [2024-03-12T11:51:07.537+0000] {dag.py:3047} INFO - Sync 1 DAGs
[2024-03-12T11:51:07.552+0000] {logging_mixin.py:188} INFO - [2024-03-12T11:51:07.551+0000] {dag.py:3834} INFO - Setting next_dagrun for example_task_group to 2024-03-11 00:00:00+00:00, run_after=2024-03-12 00:00:00+00:00
[2024-03-12T11:51:07.564+0000] {processor.py:183} INFO - Processing /home/airflow/.local/lib/python3.8/site-packages/airflow/example_dags/example_task_group.py took 0.059 seconds
[2024-03-12T11:51:37.864+0000] {processor.py:161} INFO - Started process (PID=1085) to work on /home/airflow/.local/lib/python3.8/site-packages/airflow/example_dags/example_task_group.py
[2024-03-12T11:51:37.867+0000] {processor.py:830} INFO - Processing file /home/airflow/.local/lib/python3.8/site-packages/airflow/example_dags/example_task_group.py for tasks to queue
[2024-03-12T11:51:37.868+0000] {logging_mixin.py:188} INFO - [2024-03-12T11:51:37.868+0000] {dagbag.py:540} INFO - Filling up the DagBag from /home/airflow/.local/lib/python3.8/site-packages/airflow/example_dags/example_task_group.py
[2024-03-12T11:51:37.876+0000] {processor.py:840} INFO - DAG(s) 'example_task_group' retrieved from /home/airflow/.local/lib/python3.8/site-packages/airflow/example_dags/example_task_group.py
[2024-03-12T11:51:37.894+0000] {logging_mixin.py:188} INFO - [2024-03-12T11:51:37.894+0000] {dag.py:3047} INFO - Sync 1 DAGs
[2024-03-12T11:51:37.910+0000] {logging_mixin.py:188} INFO - [2024-03-12T11:51:37.909+0000] {dag.py:3834} INFO - Setting next_dagrun for example_task_group to 2024-03-11 00:00:00+00:00, run_after=2024-03-12 00:00:00+00:00
[2024-03-12T11:51:37.921+0000] {processor.py:183} INFO - Processing /home/airflow/.local/lib/python3.8/site-packages/airflow/example_dags/example_task_group.py took 0.060 seconds
[2024-03-12T11:52:08.682+0000] {processor.py:161} INFO - Started process (PID=1332) to work on /home/airflow/.local/lib/python3.8/site-packages/airflow/example_dags/example_task_group.py
[2024-03-12T11:52:08.684+0000] {processor.py:830} INFO - Processing file /home/airflow/.local/lib/python3.8/site-packages/airflow/example_dags/example_task_group.py for tasks to queue
[2024-03-12T11:52:08.685+0000] {logging_mixin.py:188} INFO - [2024-03-12T11:52:08.685+0000] {dagbag.py:540} INFO - Filling up the DagBag from /home/airflow/.local/lib/python3.8/site-packages/airflow/example_dags/example_task_group.py
[2024-03-12T11:52:08.691+0000] {processor.py:840} INFO - DAG(s) 'example_task_group' retrieved from /home/airflow/.local/lib/python3.8/site-packages/airflow/example_dags/example_task_group.py
[2024-03-12T11:52:08.710+0000] {logging_mixin.py:188} INFO - [2024-03-12T11:52:08.710+0000] {dag.py:3047} INFO - Sync 1 DAGs
[2024-03-12T11:52:08.725+0000] {logging_mixin.py:188} INFO - [2024-03-12T11:52:08.725+0000] {dag.py:3834} INFO - Setting next_dagrun for example_task_group to 2024-03-11 00:00:00+00:00, run_after=2024-03-12 00:00:00+00:00
[2024-03-12T11:52:08.738+0000] {processor.py:183} INFO - Processing /home/airflow/.local/lib/python3.8/site-packages/airflow/example_dags/example_task_group.py took 0.059 seconds
[2024-03-12T11:52:40.191+0000] {processor.py:161} INFO - Started process (PID=1581) to work on /home/airflow/.local/lib/python3.8/site-packages/airflow/example_dags/example_task_group.py
[2024-03-12T11:52:40.192+0000] {processor.py:830} INFO - Processing file /home/airflow/.local/lib/python3.8/site-packages/airflow/example_dags/example_task_group.py for tasks to queue
[2024-03-12T11:52:40.194+0000] {logging_mixin.py:188} INFO - [2024-03-12T11:52:40.194+0000] {dagbag.py:540} INFO - Filling up the DagBag from /home/airflow/.local/lib/python3.8/site-packages/airflow/example_dags/example_task_group.py
[2024-03-12T11:52:40.203+0000] {processor.py:840} INFO - DAG(s) 'example_task_group' retrieved from /home/airflow/.local/lib/python3.8/site-packages/airflow/example_dags/example_task_group.py
[2024-03-12T11:52:40.224+0000] {logging_mixin.py:188} INFO - [2024-03-12T11:52:40.223+0000] {dag.py:3047} INFO - Sync 1 DAGs
[2024-03-12T11:52:40.253+0000] {logging_mixin.py:188} INFO - [2024-03-12T11:52:40.252+0000] {dag.py:3834} INFO - Setting next_dagrun for example_task_group to 2024-03-11 00:00:00+00:00, run_after=2024-03-12 00:00:00+00:00
[2024-03-12T11:52:40.269+0000] {processor.py:183} INFO - Processing /home/airflow/.local/lib/python3.8/site-packages/airflow/example_dags/example_task_group.py took 0.084 seconds
[2024-03-12T11:53:11.272+0000] {processor.py:161} INFO - Started process (PID=1826) to work on /home/airflow/.local/lib/python3.8/site-packages/airflow/example_dags/example_task_group.py
[2024-03-12T11:53:11.274+0000] {processor.py:830} INFO - Processing file /home/airflow/.local/lib/python3.8/site-packages/airflow/example_dags/example_task_group.py for tasks to queue
[2024-03-12T11:53:11.276+0000] {logging_mixin.py:188} INFO - [2024-03-12T11:53:11.275+0000] {dagbag.py:540} INFO - Filling up the DagBag from /home/airflow/.local/lib/python3.8/site-packages/airflow/example_dags/example_task_group.py
[2024-03-12T11:53:11.375+0000] {processor.py:840} INFO - DAG(s) 'example_task_group' retrieved from /home/airflow/.local/lib/python3.8/site-packages/airflow/example_dags/example_task_group.py
[2024-03-12T11:53:11.433+0000] {logging_mixin.py:188} INFO - [2024-03-12T11:53:11.433+0000] {dag.py:3047} INFO - Sync 1 DAGs
[2024-03-12T11:53:11.461+0000] {logging_mixin.py:188} INFO - [2024-03-12T11:53:11.461+0000] {dag.py:3834} INFO - Setting next_dagrun for example_task_group to 2024-03-11 00:00:00+00:00, run_after=2024-03-12 00:00:00+00:00
[2024-03-12T11:53:11.478+0000] {processor.py:183} INFO - Processing /home/airflow/.local/lib/python3.8/site-packages/airflow/example_dags/example_task_group.py took 0.209 seconds
[2024-03-12T11:53:42.352+0000] {processor.py:161} INFO - Started process (PID=2073) to work on /home/airflow/.local/lib/python3.8/site-packages/airflow/example_dags/example_task_group.py
[2024-03-12T11:53:42.356+0000] {processor.py:830} INFO - Processing file /home/airflow/.local/lib/python3.8/site-packages/airflow/example_dags/example_task_group.py for tasks to queue
[2024-03-12T11:53:42.359+0000] {logging_mixin.py:188} INFO - [2024-03-12T11:53:42.358+0000] {dagbag.py:540} INFO - Filling up the DagBag from /home/airflow/.local/lib/python3.8/site-packages/airflow/example_dags/example_task_group.py
[2024-03-12T11:53:42.378+0000] {processor.py:840} INFO - DAG(s) 'example_task_group' retrieved from /home/airflow/.local/lib/python3.8/site-packages/airflow/example_dags/example_task_group.py
[2024-03-12T11:53:42.419+0000] {logging_mixin.py:188} INFO - [2024-03-12T11:53:42.419+0000] {dag.py:3047} INFO - Sync 1 DAGs
[2024-03-12T11:53:42.438+0000] {logging_mixin.py:188} INFO - [2024-03-12T11:53:42.438+0000] {dag.py:3834} INFO - Setting next_dagrun for example_task_group to 2024-03-11 00:00:00+00:00, run_after=2024-03-12 00:00:00+00:00
[2024-03-12T11:53:42.454+0000] {processor.py:183} INFO - Processing /home/airflow/.local/lib/python3.8/site-packages/airflow/example_dags/example_task_group.py took 0.105 seconds
[2024-03-12T11:54:13.911+0000] {processor.py:161} INFO - Started process (PID=2320) to work on /home/airflow/.local/lib/python3.8/site-packages/airflow/example_dags/example_task_group.py
[2024-03-12T11:54:13.913+0000] {processor.py:830} INFO - Processing file /home/airflow/.local/lib/python3.8/site-packages/airflow/example_dags/example_task_group.py for tasks to queue
[2024-03-12T11:54:13.915+0000] {logging_mixin.py:188} INFO - [2024-03-12T11:54:13.915+0000] {dagbag.py:540} INFO - Filling up the DagBag from /home/airflow/.local/lib/python3.8/site-packages/airflow/example_dags/example_task_group.py
[2024-03-12T11:54:14.092+0000] {processor.py:840} INFO - DAG(s) 'example_task_group' retrieved from /home/airflow/.local/lib/python3.8/site-packages/airflow/example_dags/example_task_group.py
[2024-03-12T11:54:14.427+0000] {logging_mixin.py:188} INFO - [2024-03-12T11:54:14.425+0000] {dag.py:3047} INFO - Sync 1 DAGs
[2024-03-12T11:54:14.480+0000] {logging_mixin.py:188} INFO - [2024-03-12T11:54:14.480+0000] {dag.py:3834} INFO - Setting next_dagrun for example_task_group to 2024-03-11 00:00:00+00:00, run_after=2024-03-12 00:00:00+00:00
[2024-03-12T11:54:14.534+0000] {processor.py:183} INFO - Processing /home/airflow/.local/lib/python3.8/site-packages/airflow/example_dags/example_task_group.py took 0.626 seconds
[2024-03-12T11:54:44.657+0000] {processor.py:161} INFO - Started process (PID=2567) to work on /home/airflow/.local/lib/python3.8/site-packages/airflow/example_dags/example_task_group.py
[2024-03-12T11:54:44.659+0000] {processor.py:830} INFO - Processing file /home/airflow/.local/lib/python3.8/site-packages/airflow/example_dags/example_task_group.py for tasks to queue
[2024-03-12T11:54:44.659+0000] {logging_mixin.py:188} INFO - [2024-03-12T11:54:44.659+0000] {dagbag.py:540} INFO - Filling up the DagBag from /home/airflow/.local/lib/python3.8/site-packages/airflow/example_dags/example_task_group.py
[2024-03-12T11:54:44.665+0000] {processor.py:840} INFO - DAG(s) 'example_task_group' retrieved from /home/airflow/.local/lib/python3.8/site-packages/airflow/example_dags/example_task_group.py
[2024-03-12T11:54:44.681+0000] {logging_mixin.py:188} INFO - [2024-03-12T11:54:44.681+0000] {dag.py:3047} INFO - Sync 1 DAGs
[2024-03-12T11:54:44.693+0000] {logging_mixin.py:188} INFO - [2024-03-12T11:54:44.693+0000] {dag.py:3834} INFO - Setting next_dagrun for example_task_group to 2024-03-11 00:00:00+00:00, run_after=2024-03-12 00:00:00+00:00
[2024-03-12T11:54:44.702+0000] {processor.py:183} INFO - Processing /home/airflow/.local/lib/python3.8/site-packages/airflow/example_dags/example_task_group.py took 0.047 seconds
[2024-03-12T11:55:14.939+0000] {processor.py:161} INFO - Started process (PID=2814) to work on /home/airflow/.local/lib/python3.8/site-packages/airflow/example_dags/example_task_group.py
[2024-03-12T11:55:14.941+0000] {processor.py:830} INFO - Processing file /home/airflow/.local/lib/python3.8/site-packages/airflow/example_dags/example_task_group.py for tasks to queue
[2024-03-12T11:55:14.942+0000] {logging_mixin.py:188} INFO - [2024-03-12T11:55:14.942+0000] {dagbag.py:540} INFO - Filling up the DagBag from /home/airflow/.local/lib/python3.8/site-packages/airflow/example_dags/example_task_group.py
[2024-03-12T11:55:14.949+0000] {processor.py:840} INFO - DAG(s) 'example_task_group' retrieved from /home/airflow/.local/lib/python3.8/site-packages/airflow/example_dags/example_task_group.py
[2024-03-12T11:55:14.968+0000] {logging_mixin.py:188} INFO - [2024-03-12T11:55:14.968+0000] {dag.py:3047} INFO - Sync 1 DAGs
[2024-03-12T11:55:14.983+0000] {logging_mixin.py:188} INFO - [2024-03-12T11:55:14.983+0000] {dag.py:3834} INFO - Setting next_dagrun for example_task_group to 2024-03-11 00:00:00+00:00, run_after=2024-03-12 00:00:00+00:00
[2024-03-12T11:55:14.993+0000] {processor.py:183} INFO - Processing /home/airflow/.local/lib/python3.8/site-packages/airflow/example_dags/example_task_group.py took 0.057 seconds
[2024-03-12T11:55:45.473+0000] {processor.py:161} INFO - Started process (PID=3061) to work on /home/airflow/.local/lib/python3.8/site-packages/airflow/example_dags/example_task_group.py
[2024-03-12T11:55:45.474+0000] {processor.py:830} INFO - Processing file /home/airflow/.local/lib/python3.8/site-packages/airflow/example_dags/example_task_group.py for tasks to queue
[2024-03-12T11:55:45.475+0000] {logging_mixin.py:188} INFO - [2024-03-12T11:55:45.475+0000] {dagbag.py:540} INFO - Filling up the DagBag from /home/airflow/.local/lib/python3.8/site-packages/airflow/example_dags/example_task_group.py
[2024-03-12T11:55:45.481+0000] {processor.py:840} INFO - DAG(s) 'example_task_group' retrieved from /home/airflow/.local/lib/python3.8/site-packages/airflow/example_dags/example_task_group.py
[2024-03-12T11:55:45.501+0000] {logging_mixin.py:188} INFO - [2024-03-12T11:55:45.500+0000] {dag.py:3047} INFO - Sync 1 DAGs
[2024-03-12T11:55:45.525+0000] {logging_mixin.py:188} INFO - [2024-03-12T11:55:45.524+0000] {dag.py:3834} INFO - Setting next_dagrun for example_task_group to 2024-03-11 00:00:00+00:00, run_after=2024-03-12 00:00:00+00:00
[2024-03-12T11:55:45.541+0000] {processor.py:183} INFO - Processing /home/airflow/.local/lib/python3.8/site-packages/airflow/example_dags/example_task_group.py took 0.071 seconds
[2024-03-12T11:57:08.450+0000] {processor.py:161} INFO - Started process (PID=344) to work on /home/airflow/.local/lib/python3.8/site-packages/airflow/example_dags/example_task_group.py
[2024-03-12T11:57:08.451+0000] {processor.py:830} INFO - Processing file /home/airflow/.local/lib/python3.8/site-packages/airflow/example_dags/example_task_group.py for tasks to queue
[2024-03-12T11:57:08.452+0000] {logging_mixin.py:188} INFO - [2024-03-12T11:57:08.452+0000] {dagbag.py:540} INFO - Filling up the DagBag from /home/airflow/.local/lib/python3.8/site-packages/airflow/example_dags/example_task_group.py
[2024-03-12T11:57:08.458+0000] {processor.py:840} INFO - DAG(s) 'example_task_group' retrieved from /home/airflow/.local/lib/python3.8/site-packages/airflow/example_dags/example_task_group.py
[2024-03-12T11:57:08.475+0000] {logging_mixin.py:188} INFO - [2024-03-12T11:57:08.475+0000] {dag.py:3047} INFO - Sync 1 DAGs
[2024-03-12T11:57:08.488+0000] {logging_mixin.py:188} INFO - [2024-03-12T11:57:08.488+0000] {dag.py:3834} INFO - Setting next_dagrun for example_task_group to 2024-03-11 00:00:00+00:00, run_after=2024-03-12 00:00:00+00:00
[2024-03-12T11:57:08.500+0000] {processor.py:183} INFO - Processing /home/airflow/.local/lib/python3.8/site-packages/airflow/example_dags/example_task_group.py took 0.053 seconds
[2024-03-12T11:57:38.617+0000] {processor.py:161} INFO - Started process (PID=591) to work on /home/airflow/.local/lib/python3.8/site-packages/airflow/example_dags/example_task_group.py
[2024-03-12T11:57:38.619+0000] {processor.py:830} INFO - Processing file /home/airflow/.local/lib/python3.8/site-packages/airflow/example_dags/example_task_group.py for tasks to queue
[2024-03-12T11:57:38.621+0000] {logging_mixin.py:188} INFO - [2024-03-12T11:57:38.621+0000] {dagbag.py:540} INFO - Filling up the DagBag from /home/airflow/.local/lib/python3.8/site-packages/airflow/example_dags/example_task_group.py
[2024-03-12T11:57:38.629+0000] {processor.py:840} INFO - DAG(s) 'example_task_group' retrieved from /home/airflow/.local/lib/python3.8/site-packages/airflow/example_dags/example_task_group.py
[2024-03-12T11:57:38.648+0000] {logging_mixin.py:188} INFO - [2024-03-12T11:57:38.647+0000] {dag.py:3047} INFO - Sync 1 DAGs
[2024-03-12T11:57:38.664+0000] {logging_mixin.py:188} INFO - [2024-03-12T11:57:38.664+0000] {dag.py:3834} INFO - Setting next_dagrun for example_task_group to 2024-03-11 00:00:00+00:00, run_after=2024-03-12 00:00:00+00:00
[2024-03-12T11:57:38.690+0000] {processor.py:183} INFO - Processing /home/airflow/.local/lib/python3.8/site-packages/airflow/example_dags/example_task_group.py took 0.076 seconds
[2024-03-12T11:58:36.190+0000] {processor.py:161} INFO - Started process (PID=344) to work on /home/airflow/.local/lib/python3.8/site-packages/airflow/example_dags/example_task_group.py
[2024-03-12T11:58:36.191+0000] {processor.py:830} INFO - Processing file /home/airflow/.local/lib/python3.8/site-packages/airflow/example_dags/example_task_group.py for tasks to queue
[2024-03-12T11:58:36.192+0000] {logging_mixin.py:188} INFO - [2024-03-12T11:58:36.192+0000] {dagbag.py:540} INFO - Filling up the DagBag from /home/airflow/.local/lib/python3.8/site-packages/airflow/example_dags/example_task_group.py
[2024-03-12T11:58:36.198+0000] {processor.py:840} INFO - DAG(s) 'example_task_group' retrieved from /home/airflow/.local/lib/python3.8/site-packages/airflow/example_dags/example_task_group.py
[2024-03-12T11:58:36.215+0000] {logging_mixin.py:188} INFO - [2024-03-12T11:58:36.215+0000] {dag.py:3047} INFO - Sync 1 DAGs
[2024-03-12T11:58:36.228+0000] {logging_mixin.py:188} INFO - [2024-03-12T11:58:36.228+0000] {dag.py:3834} INFO - Setting next_dagrun for example_task_group to 2024-03-11 00:00:00+00:00, run_after=2024-03-12 00:00:00+00:00
[2024-03-12T11:58:36.245+0000] {processor.py:183} INFO - Processing /home/airflow/.local/lib/python3.8/site-packages/airflow/example_dags/example_task_group.py took 0.057 seconds
[2024-03-12T11:59:06.287+0000] {processor.py:161} INFO - Started process (PID=591) to work on /home/airflow/.local/lib/python3.8/site-packages/airflow/example_dags/example_task_group.py
[2024-03-12T11:59:06.289+0000] {processor.py:830} INFO - Processing file /home/airflow/.local/lib/python3.8/site-packages/airflow/example_dags/example_task_group.py for tasks to queue
[2024-03-12T11:59:06.290+0000] {logging_mixin.py:188} INFO - [2024-03-12T11:59:06.290+0000] {dagbag.py:540} INFO - Filling up the DagBag from /home/airflow/.local/lib/python3.8/site-packages/airflow/example_dags/example_task_group.py
[2024-03-12T11:59:06.298+0000] {processor.py:840} INFO - DAG(s) 'example_task_group' retrieved from /home/airflow/.local/lib/python3.8/site-packages/airflow/example_dags/example_task_group.py
[2024-03-12T11:59:06.318+0000] {logging_mixin.py:188} INFO - [2024-03-12T11:59:06.318+0000] {dag.py:3047} INFO - Sync 1 DAGs
[2024-03-12T11:59:06.332+0000] {logging_mixin.py:188} INFO - [2024-03-12T11:59:06.332+0000] {dag.py:3834} INFO - Setting next_dagrun for example_task_group to 2024-03-11 00:00:00+00:00, run_after=2024-03-12 00:00:00+00:00
[2024-03-12T11:59:06.343+0000] {processor.py:183} INFO - Processing /home/airflow/.local/lib/python3.8/site-packages/airflow/example_dags/example_task_group.py took 0.058 seconds
[2024-03-12T11:59:36.835+0000] {processor.py:161} INFO - Started process (PID=838) to work on /home/airflow/.local/lib/python3.8/site-packages/airflow/example_dags/example_task_group.py
[2024-03-12T11:59:36.836+0000] {processor.py:830} INFO - Processing file /home/airflow/.local/lib/python3.8/site-packages/airflow/example_dags/example_task_group.py for tasks to queue
[2024-03-12T11:59:36.837+0000] {logging_mixin.py:188} INFO - [2024-03-12T11:59:36.837+0000] {dagbag.py:540} INFO - Filling up the DagBag from /home/airflow/.local/lib/python3.8/site-packages/airflow/example_dags/example_task_group.py
[2024-03-12T11:59:36.843+0000] {processor.py:840} INFO - DAG(s) 'example_task_group' retrieved from /home/airflow/.local/lib/python3.8/site-packages/airflow/example_dags/example_task_group.py
[2024-03-12T11:59:36.859+0000] {logging_mixin.py:188} INFO - [2024-03-12T11:59:36.859+0000] {dag.py:3047} INFO - Sync 1 DAGs
[2024-03-12T11:59:36.871+0000] {logging_mixin.py:188} INFO - [2024-03-12T11:59:36.871+0000] {dag.py:3834} INFO - Setting next_dagrun for example_task_group to 2024-03-11 00:00:00+00:00, run_after=2024-03-12 00:00:00+00:00
[2024-03-12T11:59:36.881+0000] {processor.py:183} INFO - Processing /home/airflow/.local/lib/python3.8/site-packages/airflow/example_dags/example_task_group.py took 0.049 seconds
[2024-03-12T12:00:07.714+0000] {processor.py:161} INFO - Started process (PID=1085) to work on /home/airflow/.local/lib/python3.8/site-packages/airflow/example_dags/example_task_group.py
[2024-03-12T12:00:07.715+0000] {processor.py:830} INFO - Processing file /home/airflow/.local/lib/python3.8/site-packages/airflow/example_dags/example_task_group.py for tasks to queue
[2024-03-12T12:00:07.716+0000] {logging_mixin.py:188} INFO - [2024-03-12T12:00:07.716+0000] {dagbag.py:540} INFO - Filling up the DagBag from /home/airflow/.local/lib/python3.8/site-packages/airflow/example_dags/example_task_group.py
[2024-03-12T12:00:07.722+0000] {processor.py:840} INFO - DAG(s) 'example_task_group' retrieved from /home/airflow/.local/lib/python3.8/site-packages/airflow/example_dags/example_task_group.py
[2024-03-12T12:00:07.738+0000] {logging_mixin.py:188} INFO - [2024-03-12T12:00:07.738+0000] {dag.py:3047} INFO - Sync 1 DAGs
[2024-03-12T12:00:07.754+0000] {logging_mixin.py:188} INFO - [2024-03-12T12:00:07.754+0000] {dag.py:3834} INFO - Setting next_dagrun for example_task_group to 2024-03-11 00:00:00+00:00, run_after=2024-03-12 00:00:00+00:00
[2024-03-12T12:00:07.765+0000] {processor.py:183} INFO - Processing /home/airflow/.local/lib/python3.8/site-packages/airflow/example_dags/example_task_group.py took 0.054 seconds
[2024-03-12T12:00:38.853+0000] {processor.py:161} INFO - Started process (PID=1332) to work on /home/airflow/.local/lib/python3.8/site-packages/airflow/example_dags/example_task_group.py
[2024-03-12T12:00:38.855+0000] {processor.py:830} INFO - Processing file /home/airflow/.local/lib/python3.8/site-packages/airflow/example_dags/example_task_group.py for tasks to queue
[2024-03-12T12:00:38.856+0000] {logging_mixin.py:188} INFO - [2024-03-12T12:00:38.856+0000] {dagbag.py:540} INFO - Filling up the DagBag from /home/airflow/.local/lib/python3.8/site-packages/airflow/example_dags/example_task_group.py
[2024-03-12T12:00:38.863+0000] {processor.py:840} INFO - DAG(s) 'example_task_group' retrieved from /home/airflow/.local/lib/python3.8/site-packages/airflow/example_dags/example_task_group.py
[2024-03-12T12:00:38.880+0000] {logging_mixin.py:188} INFO - [2024-03-12T12:00:38.879+0000] {dag.py:3047} INFO - Sync 1 DAGs
[2024-03-12T12:00:38.892+0000] {logging_mixin.py:188} INFO - [2024-03-12T12:00:38.892+0000] {dag.py:3834} INFO - Setting next_dagrun for example_task_group to 2024-03-11 00:00:00+00:00, run_after=2024-03-12 00:00:00+00:00
[2024-03-12T12:00:38.902+0000] {processor.py:183} INFO - Processing /home/airflow/.local/lib/python3.8/site-packages/airflow/example_dags/example_task_group.py took 0.052 seconds
[2024-03-12T12:01:09.567+0000] {processor.py:161} INFO - Started process (PID=1579) to work on /home/airflow/.local/lib/python3.8/site-packages/airflow/example_dags/example_task_group.py
[2024-03-12T12:01:09.569+0000] {processor.py:830} INFO - Processing file /home/airflow/.local/lib/python3.8/site-packages/airflow/example_dags/example_task_group.py for tasks to queue
[2024-03-12T12:01:09.570+0000] {logging_mixin.py:188} INFO - [2024-03-12T12:01:09.570+0000] {dagbag.py:540} INFO - Filling up the DagBag from /home/airflow/.local/lib/python3.8/site-packages/airflow/example_dags/example_task_group.py
[2024-03-12T12:01:09.576+0000] {processor.py:840} INFO - DAG(s) 'example_task_group' retrieved from /home/airflow/.local/lib/python3.8/site-packages/airflow/example_dags/example_task_group.py
[2024-03-12T12:01:09.599+0000] {logging_mixin.py:188} INFO - [2024-03-12T12:01:09.598+0000] {dag.py:3047} INFO - Sync 1 DAGs
[2024-03-12T12:01:09.616+0000] {logging_mixin.py:188} INFO - [2024-03-12T12:01:09.616+0000] {dag.py:3834} INFO - Setting next_dagrun for example_task_group to 2024-03-11 00:00:00+00:00, run_after=2024-03-12 00:00:00+00:00
[2024-03-12T12:01:09.628+0000] {processor.py:183} INFO - Processing /home/airflow/.local/lib/python3.8/site-packages/airflow/example_dags/example_task_group.py took 0.064 seconds
[2024-03-12T12:01:40.685+0000] {processor.py:161} INFO - Started process (PID=1826) to work on /home/airflow/.local/lib/python3.8/site-packages/airflow/example_dags/example_task_group.py
[2024-03-12T12:01:40.686+0000] {processor.py:830} INFO - Processing file /home/airflow/.local/lib/python3.8/site-packages/airflow/example_dags/example_task_group.py for tasks to queue
[2024-03-12T12:01:40.687+0000] {logging_mixin.py:188} INFO - [2024-03-12T12:01:40.687+0000] {dagbag.py:540} INFO - Filling up the DagBag from /home/airflow/.local/lib/python3.8/site-packages/airflow/example_dags/example_task_group.py
[2024-03-12T12:01:40.693+0000] {processor.py:840} INFO - DAG(s) 'example_task_group' retrieved from /home/airflow/.local/lib/python3.8/site-packages/airflow/example_dags/example_task_group.py
[2024-03-12T12:01:40.710+0000] {logging_mixin.py:188} INFO - [2024-03-12T12:01:40.710+0000] {dag.py:3047} INFO - Sync 1 DAGs
[2024-03-12T12:01:40.723+0000] {logging_mixin.py:188} INFO - [2024-03-12T12:01:40.723+0000] {dag.py:3834} INFO - Setting next_dagrun for example_task_group to 2024-03-11 00:00:00+00:00, run_after=2024-03-12 00:00:00+00:00
[2024-03-12T12:01:40.734+0000] {processor.py:183} INFO - Processing /home/airflow/.local/lib/python3.8/site-packages/airflow/example_dags/example_task_group.py took 0.052 seconds
[2024-03-12T12:02:11.341+0000] {processor.py:161} INFO - Started process (PID=2073) to work on /home/airflow/.local/lib/python3.8/site-packages/airflow/example_dags/example_task_group.py
[2024-03-12T12:02:11.343+0000] {processor.py:830} INFO - Processing file /home/airflow/.local/lib/python3.8/site-packages/airflow/example_dags/example_task_group.py for tasks to queue
[2024-03-12T12:02:11.344+0000] {logging_mixin.py:188} INFO - [2024-03-12T12:02:11.343+0000] {dagbag.py:540} INFO - Filling up the DagBag from /home/airflow/.local/lib/python3.8/site-packages/airflow/example_dags/example_task_group.py
[2024-03-12T12:02:11.349+0000] {processor.py:840} INFO - DAG(s) 'example_task_group' retrieved from /home/airflow/.local/lib/python3.8/site-packages/airflow/example_dags/example_task_group.py
[2024-03-12T12:02:11.366+0000] {logging_mixin.py:188} INFO - [2024-03-12T12:02:11.366+0000] {dag.py:3047} INFO - Sync 1 DAGs
[2024-03-12T12:02:11.379+0000] {logging_mixin.py:188} INFO - [2024-03-12T12:02:11.379+0000] {dag.py:3834} INFO - Setting next_dagrun for example_task_group to 2024-03-11 00:00:00+00:00, run_after=2024-03-12 00:00:00+00:00
[2024-03-12T12:02:11.390+0000] {processor.py:183} INFO - Processing /home/airflow/.local/lib/python3.8/site-packages/airflow/example_dags/example_task_group.py took 0.052 seconds
[2024-03-12T12:02:42.175+0000] {processor.py:161} INFO - Started process (PID=2320) to work on /home/airflow/.local/lib/python3.8/site-packages/airflow/example_dags/example_task_group.py
[2024-03-12T12:02:42.177+0000] {processor.py:830} INFO - Processing file /home/airflow/.local/lib/python3.8/site-packages/airflow/example_dags/example_task_group.py for tasks to queue
[2024-03-12T12:02:42.178+0000] {logging_mixin.py:188} INFO - [2024-03-12T12:02:42.178+0000] {dagbag.py:540} INFO - Filling up the DagBag from /home/airflow/.local/lib/python3.8/site-packages/airflow/example_dags/example_task_group.py
[2024-03-12T12:02:42.186+0000] {processor.py:840} INFO - DAG(s) 'example_task_group' retrieved from /home/airflow/.local/lib/python3.8/site-packages/airflow/example_dags/example_task_group.py
[2024-03-12T12:02:42.209+0000] {logging_mixin.py:188} INFO - [2024-03-12T12:02:42.209+0000] {dag.py:3047} INFO - Sync 1 DAGs
[2024-03-12T12:02:42.229+0000] {logging_mixin.py:188} INFO - [2024-03-12T12:02:42.228+0000] {dag.py:3834} INFO - Setting next_dagrun for example_task_group to 2024-03-11 00:00:00+00:00, run_after=2024-03-12 00:00:00+00:00
[2024-03-12T12:02:42.246+0000] {processor.py:183} INFO - Processing /home/airflow/.local/lib/python3.8/site-packages/airflow/example_dags/example_task_group.py took 0.075 seconds
[2024-03-12T12:03:14.383+0000] {processor.py:161} INFO - Started process (PID=2567) to work on /home/airflow/.local/lib/python3.8/site-packages/airflow/example_dags/example_task_group.py
[2024-03-12T12:03:14.385+0000] {processor.py:830} INFO - Processing file /home/airflow/.local/lib/python3.8/site-packages/airflow/example_dags/example_task_group.py for tasks to queue
[2024-03-12T12:03:14.386+0000] {logging_mixin.py:188} INFO - [2024-03-12T12:03:14.386+0000] {dagbag.py:540} INFO - Filling up the DagBag from /home/airflow/.local/lib/python3.8/site-packages/airflow/example_dags/example_task_group.py
[2024-03-12T12:03:14.396+0000] {processor.py:840} INFO - DAG(s) 'example_task_group' retrieved from /home/airflow/.local/lib/python3.8/site-packages/airflow/example_dags/example_task_group.py
[2024-03-12T12:03:14.429+0000] {logging_mixin.py:188} INFO - [2024-03-12T12:03:14.429+0000] {dag.py:3047} INFO - Sync 1 DAGs
[2024-03-12T12:03:14.447+0000] {logging_mixin.py:188} INFO - [2024-03-12T12:03:14.447+0000] {dag.py:3834} INFO - Setting next_dagrun for example_task_group to 2024-03-11 00:00:00+00:00, run_after=2024-03-12 00:00:00+00:00
[2024-03-12T12:03:14.460+0000] {processor.py:183} INFO - Processing /home/airflow/.local/lib/python3.8/site-packages/airflow/example_dags/example_task_group.py took 0.083 seconds
[2024-03-12T12:03:45.392+0000] {processor.py:161} INFO - Started process (PID=2814) to work on /home/airflow/.local/lib/python3.8/site-packages/airflow/example_dags/example_task_group.py
[2024-03-12T12:03:45.395+0000] {processor.py:830} INFO - Processing file /home/airflow/.local/lib/python3.8/site-packages/airflow/example_dags/example_task_group.py for tasks to queue
[2024-03-12T12:03:45.396+0000] {logging_mixin.py:188} INFO - [2024-03-12T12:03:45.396+0000] {dagbag.py:540} INFO - Filling up the DagBag from /home/airflow/.local/lib/python3.8/site-packages/airflow/example_dags/example_task_group.py
[2024-03-12T12:03:45.410+0000] {processor.py:840} INFO - DAG(s) 'example_task_group' retrieved from /home/airflow/.local/lib/python3.8/site-packages/airflow/example_dags/example_task_group.py
[2024-03-12T12:03:45.442+0000] {logging_mixin.py:188} INFO - [2024-03-12T12:03:45.441+0000] {dag.py:3047} INFO - Sync 1 DAGs
[2024-03-12T12:03:45.474+0000] {logging_mixin.py:188} INFO - [2024-03-12T12:03:45.474+0000] {dag.py:3834} INFO - Setting next_dagrun for example_task_group to 2024-03-11 00:00:00+00:00, run_after=2024-03-12 00:00:00+00:00
[2024-03-12T12:03:45.491+0000] {processor.py:183} INFO - Processing /home/airflow/.local/lib/python3.8/site-packages/airflow/example_dags/example_task_group.py took 0.101 seconds
[2024-03-12T12:04:16.889+0000] {processor.py:161} INFO - Started process (PID=3061) to work on /home/airflow/.local/lib/python3.8/site-packages/airflow/example_dags/example_task_group.py
[2024-03-12T12:04:16.892+0000] {processor.py:830} INFO - Processing file /home/airflow/.local/lib/python3.8/site-packages/airflow/example_dags/example_task_group.py for tasks to queue
[2024-03-12T12:04:16.893+0000] {logging_mixin.py:188} INFO - [2024-03-12T12:04:16.893+0000] {dagbag.py:540} INFO - Filling up the DagBag from /home/airflow/.local/lib/python3.8/site-packages/airflow/example_dags/example_task_group.py
[2024-03-12T12:04:16.906+0000] {processor.py:840} INFO - DAG(s) 'example_task_group' retrieved from /home/airflow/.local/lib/python3.8/site-packages/airflow/example_dags/example_task_group.py
[2024-03-12T12:04:17.026+0000] {logging_mixin.py:188} INFO - [2024-03-12T12:04:17.024+0000] {dag.py:3047} INFO - Sync 1 DAGs
[2024-03-12T12:04:17.078+0000] {logging_mixin.py:188} INFO - [2024-03-12T12:04:17.078+0000] {dag.py:3834} INFO - Setting next_dagrun for example_task_group to 2024-03-11 00:00:00+00:00, run_after=2024-03-12 00:00:00+00:00
[2024-03-12T12:04:17.111+0000] {processor.py:183} INFO - Processing /home/airflow/.local/lib/python3.8/site-packages/airflow/example_dags/example_task_group.py took 0.228 seconds
[2024-03-12T12:04:47.792+0000] {processor.py:161} INFO - Started process (PID=3308) to work on /home/airflow/.local/lib/python3.8/site-packages/airflow/example_dags/example_task_group.py
[2024-03-12T12:04:47.794+0000] {processor.py:830} INFO - Processing file /home/airflow/.local/lib/python3.8/site-packages/airflow/example_dags/example_task_group.py for tasks to queue
[2024-03-12T12:04:47.795+0000] {logging_mixin.py:188} INFO - [2024-03-12T12:04:47.795+0000] {dagbag.py:540} INFO - Filling up the DagBag from /home/airflow/.local/lib/python3.8/site-packages/airflow/example_dags/example_task_group.py
[2024-03-12T12:04:47.802+0000] {processor.py:840} INFO - DAG(s) 'example_task_group' retrieved from /home/airflow/.local/lib/python3.8/site-packages/airflow/example_dags/example_task_group.py
[2024-03-12T12:04:47.829+0000] {logging_mixin.py:188} INFO - [2024-03-12T12:04:47.829+0000] {dag.py:3047} INFO - Sync 1 DAGs
[2024-03-12T12:04:47.846+0000] {logging_mixin.py:188} INFO - [2024-03-12T12:04:47.846+0000] {dag.py:3834} INFO - Setting next_dagrun for example_task_group to 2024-03-11 00:00:00+00:00, run_after=2024-03-12 00:00:00+00:00
[2024-03-12T12:04:47.859+0000] {processor.py:183} INFO - Processing /home/airflow/.local/lib/python3.8/site-packages/airflow/example_dags/example_task_group.py took 0.071 seconds
[2024-03-12T12:05:18.109+0000] {processor.py:161} INFO - Started process (PID=3556) to work on /home/airflow/.local/lib/python3.8/site-packages/airflow/example_dags/example_task_group.py
[2024-03-12T12:05:18.110+0000] {processor.py:830} INFO - Processing file /home/airflow/.local/lib/python3.8/site-packages/airflow/example_dags/example_task_group.py for tasks to queue
[2024-03-12T12:05:18.111+0000] {logging_mixin.py:188} INFO - [2024-03-12T12:05:18.111+0000] {dagbag.py:540} INFO - Filling up the DagBag from /home/airflow/.local/lib/python3.8/site-packages/airflow/example_dags/example_task_group.py
[2024-03-12T12:05:18.117+0000] {processor.py:840} INFO - DAG(s) 'example_task_group' retrieved from /home/airflow/.local/lib/python3.8/site-packages/airflow/example_dags/example_task_group.py
[2024-03-12T12:05:18.134+0000] {logging_mixin.py:188} INFO - [2024-03-12T12:05:18.134+0000] {dag.py:3047} INFO - Sync 1 DAGs
[2024-03-12T12:05:18.150+0000] {logging_mixin.py:188} INFO - [2024-03-12T12:05:18.150+0000] {dag.py:3834} INFO - Setting next_dagrun for example_task_group to 2024-03-11 00:00:00+00:00, run_after=2024-03-12 00:00:00+00:00
[2024-03-12T12:05:18.162+0000] {processor.py:183} INFO - Processing /home/airflow/.local/lib/python3.8/site-packages/airflow/example_dags/example_task_group.py took 0.057 seconds
[2024-03-12T12:05:49.484+0000] {processor.py:161} INFO - Started process (PID=3803) to work on /home/airflow/.local/lib/python3.8/site-packages/airflow/example_dags/example_task_group.py
[2024-03-12T12:05:49.486+0000] {processor.py:830} INFO - Processing file /home/airflow/.local/lib/python3.8/site-packages/airflow/example_dags/example_task_group.py for tasks to queue
[2024-03-12T12:05:49.488+0000] {logging_mixin.py:188} INFO - [2024-03-12T12:05:49.487+0000] {dagbag.py:540} INFO - Filling up the DagBag from /home/airflow/.local/lib/python3.8/site-packages/airflow/example_dags/example_task_group.py
[2024-03-12T12:05:49.495+0000] {processor.py:840} INFO - DAG(s) 'example_task_group' retrieved from /home/airflow/.local/lib/python3.8/site-packages/airflow/example_dags/example_task_group.py
[2024-03-12T12:05:49.529+0000] {logging_mixin.py:188} INFO - [2024-03-12T12:05:49.529+0000] {dag.py:3047} INFO - Sync 1 DAGs
[2024-03-12T12:05:49.551+0000] {logging_mixin.py:188} INFO - [2024-03-12T12:05:49.551+0000] {dag.py:3834} INFO - Setting next_dagrun for example_task_group to 2024-03-11 00:00:00+00:00, run_after=2024-03-12 00:00:00+00:00
[2024-03-12T12:05:49.581+0000] {processor.py:183} INFO - Processing /home/airflow/.local/lib/python3.8/site-packages/airflow/example_dags/example_task_group.py took 0.100 seconds
[2024-03-12T12:06:20.191+0000] {processor.py:161} INFO - Started process (PID=4050) to work on /home/airflow/.local/lib/python3.8/site-packages/airflow/example_dags/example_task_group.py
[2024-03-12T12:06:20.193+0000] {processor.py:830} INFO - Processing file /home/airflow/.local/lib/python3.8/site-packages/airflow/example_dags/example_task_group.py for tasks to queue
[2024-03-12T12:06:20.194+0000] {logging_mixin.py:188} INFO - [2024-03-12T12:06:20.194+0000] {dagbag.py:540} INFO - Filling up the DagBag from /home/airflow/.local/lib/python3.8/site-packages/airflow/example_dags/example_task_group.py
[2024-03-12T12:06:20.200+0000] {processor.py:840} INFO - DAG(s) 'example_task_group' retrieved from /home/airflow/.local/lib/python3.8/site-packages/airflow/example_dags/example_task_group.py
[2024-03-12T12:06:20.216+0000] {logging_mixin.py:188} INFO - [2024-03-12T12:06:20.216+0000] {dag.py:3047} INFO - Sync 1 DAGs
[2024-03-12T12:06:20.229+0000] {logging_mixin.py:188} INFO - [2024-03-12T12:06:20.229+0000] {dag.py:3834} INFO - Setting next_dagrun for example_task_group to 2024-03-11 00:00:00+00:00, run_after=2024-03-12 00:00:00+00:00
[2024-03-12T12:06:20.240+0000] {processor.py:183} INFO - Processing /home/airflow/.local/lib/python3.8/site-packages/airflow/example_dags/example_task_group.py took 0.052 seconds
[2024-03-12T12:06:51.393+0000] {processor.py:161} INFO - Started process (PID=4297) to work on /home/airflow/.local/lib/python3.8/site-packages/airflow/example_dags/example_task_group.py
[2024-03-12T12:06:51.395+0000] {processor.py:830} INFO - Processing file /home/airflow/.local/lib/python3.8/site-packages/airflow/example_dags/example_task_group.py for tasks to queue
[2024-03-12T12:06:51.396+0000] {logging_mixin.py:188} INFO - [2024-03-12T12:06:51.396+0000] {dagbag.py:540} INFO - Filling up the DagBag from /home/airflow/.local/lib/python3.8/site-packages/airflow/example_dags/example_task_group.py
[2024-03-12T12:06:51.403+0000] {processor.py:840} INFO - DAG(s) 'example_task_group' retrieved from /home/airflow/.local/lib/python3.8/site-packages/airflow/example_dags/example_task_group.py
[2024-03-12T12:06:51.426+0000] {logging_mixin.py:188} INFO - [2024-03-12T12:06:51.426+0000] {dag.py:3047} INFO - Sync 1 DAGs
[2024-03-12T12:06:51.449+0000] {logging_mixin.py:188} INFO - [2024-03-12T12:06:51.448+0000] {dag.py:3834} INFO - Setting next_dagrun for example_task_group to 2024-03-11 00:00:00+00:00, run_after=2024-03-12 00:00:00+00:00
[2024-03-12T12:06:51.466+0000] {processor.py:183} INFO - Processing /home/airflow/.local/lib/python3.8/site-packages/airflow/example_dags/example_task_group.py took 0.076 seconds
[2024-03-12T12:07:21.923+0000] {processor.py:161} INFO - Started process (PID=4544) to work on /home/airflow/.local/lib/python3.8/site-packages/airflow/example_dags/example_task_group.py
[2024-03-12T12:07:21.925+0000] {processor.py:830} INFO - Processing file /home/airflow/.local/lib/python3.8/site-packages/airflow/example_dags/example_task_group.py for tasks to queue
[2024-03-12T12:07:21.926+0000] {logging_mixin.py:188} INFO - [2024-03-12T12:07:21.925+0000] {dagbag.py:540} INFO - Filling up the DagBag from /home/airflow/.local/lib/python3.8/site-packages/airflow/example_dags/example_task_group.py
[2024-03-12T12:07:21.931+0000] {processor.py:840} INFO - DAG(s) 'example_task_group' retrieved from /home/airflow/.local/lib/python3.8/site-packages/airflow/example_dags/example_task_group.py
[2024-03-12T12:07:21.949+0000] {logging_mixin.py:188} INFO - [2024-03-12T12:07:21.949+0000] {dag.py:3047} INFO - Sync 1 DAGs
[2024-03-12T12:07:21.964+0000] {logging_mixin.py:188} INFO - [2024-03-12T12:07:21.964+0000] {dag.py:3834} INFO - Setting next_dagrun for example_task_group to 2024-03-11 00:00:00+00:00, run_after=2024-03-12 00:00:00+00:00
[2024-03-12T12:07:21.976+0000] {processor.py:183} INFO - Processing /home/airflow/.local/lib/python3.8/site-packages/airflow/example_dags/example_task_group.py took 0.055 seconds
[2024-03-12T12:07:52.390+0000] {processor.py:161} INFO - Started process (PID=4791) to work on /home/airflow/.local/lib/python3.8/site-packages/airflow/example_dags/example_task_group.py
[2024-03-12T12:07:52.392+0000] {processor.py:830} INFO - Processing file /home/airflow/.local/lib/python3.8/site-packages/airflow/example_dags/example_task_group.py for tasks to queue
[2024-03-12T12:07:52.393+0000] {logging_mixin.py:188} INFO - [2024-03-12T12:07:52.392+0000] {dagbag.py:540} INFO - Filling up the DagBag from /home/airflow/.local/lib/python3.8/site-packages/airflow/example_dags/example_task_group.py
[2024-03-12T12:07:52.400+0000] {processor.py:840} INFO - DAG(s) 'example_task_group' retrieved from /home/airflow/.local/lib/python3.8/site-packages/airflow/example_dags/example_task_group.py
[2024-03-12T12:07:52.419+0000] {logging_mixin.py:188} INFO - [2024-03-12T12:07:52.419+0000] {dag.py:3047} INFO - Sync 1 DAGs
[2024-03-12T12:07:52.435+0000] {logging_mixin.py:188} INFO - [2024-03-12T12:07:52.435+0000] {dag.py:3834} INFO - Setting next_dagrun for example_task_group to 2024-03-11 00:00:00+00:00, run_after=2024-03-12 00:00:00+00:00
[2024-03-12T12:07:52.447+0000] {processor.py:183} INFO - Processing /home/airflow/.local/lib/python3.8/site-packages/airflow/example_dags/example_task_group.py took 0.061 seconds
[2024-03-12T12:08:22.764+0000] {processor.py:161} INFO - Started process (PID=5038) to work on /home/airflow/.local/lib/python3.8/site-packages/airflow/example_dags/example_task_group.py
[2024-03-12T12:08:22.766+0000] {processor.py:830} INFO - Processing file /home/airflow/.local/lib/python3.8/site-packages/airflow/example_dags/example_task_group.py for tasks to queue
[2024-03-12T12:08:22.767+0000] {logging_mixin.py:188} INFO - [2024-03-12T12:08:22.767+0000] {dagbag.py:540} INFO - Filling up the DagBag from /home/airflow/.local/lib/python3.8/site-packages/airflow/example_dags/example_task_group.py
[2024-03-12T12:08:22.773+0000] {processor.py:840} INFO - DAG(s) 'example_task_group' retrieved from /home/airflow/.local/lib/python3.8/site-packages/airflow/example_dags/example_task_group.py
[2024-03-12T12:08:22.790+0000] {logging_mixin.py:188} INFO - [2024-03-12T12:08:22.789+0000] {dag.py:3047} INFO - Sync 1 DAGs
[2024-03-12T12:08:22.805+0000] {logging_mixin.py:188} INFO - [2024-03-12T12:08:22.805+0000] {dag.py:3834} INFO - Setting next_dagrun for example_task_group to 2024-03-11 00:00:00+00:00, run_after=2024-03-12 00:00:00+00:00
[2024-03-12T12:08:22.818+0000] {processor.py:183} INFO - Processing /home/airflow/.local/lib/python3.8/site-packages/airflow/example_dags/example_task_group.py took 0.056 seconds
[2024-03-12T12:08:53.529+0000] {processor.py:161} INFO - Started process (PID=5285) to work on /home/airflow/.local/lib/python3.8/site-packages/airflow/example_dags/example_task_group.py
[2024-03-12T12:08:53.533+0000] {processor.py:830} INFO - Processing file /home/airflow/.local/lib/python3.8/site-packages/airflow/example_dags/example_task_group.py for tasks to queue
[2024-03-12T12:08:53.534+0000] {logging_mixin.py:188} INFO - [2024-03-12T12:08:53.534+0000] {dagbag.py:540} INFO - Filling up the DagBag from /home/airflow/.local/lib/python3.8/site-packages/airflow/example_dags/example_task_group.py
[2024-03-12T12:08:53.541+0000] {processor.py:840} INFO - DAG(s) 'example_task_group' retrieved from /home/airflow/.local/lib/python3.8/site-packages/airflow/example_dags/example_task_group.py
[2024-03-12T12:08:53.562+0000] {logging_mixin.py:188} INFO - [2024-03-12T12:08:53.562+0000] {dag.py:3047} INFO - Sync 1 DAGs
[2024-03-12T12:08:53.579+0000] {logging_mixin.py:188} INFO - [2024-03-12T12:08:53.579+0000] {dag.py:3834} INFO - Setting next_dagrun for example_task_group to 2024-03-11 00:00:00+00:00, run_after=2024-03-12 00:00:00+00:00
[2024-03-12T12:08:53.591+0000] {processor.py:183} INFO - Processing /home/airflow/.local/lib/python3.8/site-packages/airflow/example_dags/example_task_group.py took 0.066 seconds
[2024-03-12T12:09:24.023+0000] {processor.py:161} INFO - Started process (PID=5532) to work on /home/airflow/.local/lib/python3.8/site-packages/airflow/example_dags/example_task_group.py
[2024-03-12T12:09:24.025+0000] {processor.py:830} INFO - Processing file /home/airflow/.local/lib/python3.8/site-packages/airflow/example_dags/example_task_group.py for tasks to queue
[2024-03-12T12:09:24.026+0000] {logging_mixin.py:188} INFO - [2024-03-12T12:09:24.025+0000] {dagbag.py:540} INFO - Filling up the DagBag from /home/airflow/.local/lib/python3.8/site-packages/airflow/example_dags/example_task_group.py
[2024-03-12T12:09:24.031+0000] {processor.py:840} INFO - DAG(s) 'example_task_group' retrieved from /home/airflow/.local/lib/python3.8/site-packages/airflow/example_dags/example_task_group.py
[2024-03-12T12:09:24.055+0000] {logging_mixin.py:188} INFO - [2024-03-12T12:09:24.055+0000] {dag.py:3047} INFO - Sync 1 DAGs
[2024-03-12T12:09:24.071+0000] {logging_mixin.py:188} INFO - [2024-03-12T12:09:24.071+0000] {dag.py:3834} INFO - Setting next_dagrun for example_task_group to 2024-03-11 00:00:00+00:00, run_after=2024-03-12 00:00:00+00:00
[2024-03-12T12:09:24.084+0000] {processor.py:183} INFO - Processing /home/airflow/.local/lib/python3.8/site-packages/airflow/example_dags/example_task_group.py took 0.064 seconds
[2024-03-12T12:09:54.788+0000] {processor.py:161} INFO - Started process (PID=5779) to work on /home/airflow/.local/lib/python3.8/site-packages/airflow/example_dags/example_task_group.py
[2024-03-12T12:09:54.791+0000] {processor.py:830} INFO - Processing file /home/airflow/.local/lib/python3.8/site-packages/airflow/example_dags/example_task_group.py for tasks to queue
[2024-03-12T12:09:54.793+0000] {logging_mixin.py:188} INFO - [2024-03-12T12:09:54.792+0000] {dagbag.py:540} INFO - Filling up the DagBag from /home/airflow/.local/lib/python3.8/site-packages/airflow/example_dags/example_task_group.py
[2024-03-12T12:09:54.801+0000] {processor.py:840} INFO - DAG(s) 'example_task_group' retrieved from /home/airflow/.local/lib/python3.8/site-packages/airflow/example_dags/example_task_group.py
[2024-03-12T12:09:54.819+0000] {logging_mixin.py:188} INFO - [2024-03-12T12:09:54.818+0000] {dag.py:3047} INFO - Sync 1 DAGs
[2024-03-12T12:09:54.833+0000] {logging_mixin.py:188} INFO - [2024-03-12T12:09:54.833+0000] {dag.py:3834} INFO - Setting next_dagrun for example_task_group to 2024-03-11 00:00:00+00:00, run_after=2024-03-12 00:00:00+00:00
[2024-03-12T12:09:54.844+0000] {processor.py:183} INFO - Processing /home/airflow/.local/lib/python3.8/site-packages/airflow/example_dags/example_task_group.py took 0.061 seconds
[2024-03-12T12:10:25.603+0000] {processor.py:161} INFO - Started process (PID=6026) to work on /home/airflow/.local/lib/python3.8/site-packages/airflow/example_dags/example_task_group.py
[2024-03-12T12:10:25.606+0000] {processor.py:830} INFO - Processing file /home/airflow/.local/lib/python3.8/site-packages/airflow/example_dags/example_task_group.py for tasks to queue
[2024-03-12T12:10:25.609+0000] {logging_mixin.py:188} INFO - [2024-03-12T12:10:25.608+0000] {dagbag.py:540} INFO - Filling up the DagBag from /home/airflow/.local/lib/python3.8/site-packages/airflow/example_dags/example_task_group.py
[2024-03-12T12:10:25.617+0000] {processor.py:840} INFO - DAG(s) 'example_task_group' retrieved from /home/airflow/.local/lib/python3.8/site-packages/airflow/example_dags/example_task_group.py
[2024-03-12T12:10:25.635+0000] {logging_mixin.py:188} INFO - [2024-03-12T12:10:25.635+0000] {dag.py:3047} INFO - Sync 1 DAGs
[2024-03-12T12:10:25.648+0000] {logging_mixin.py:188} INFO - [2024-03-12T12:10:25.648+0000] {dag.py:3834} INFO - Setting next_dagrun for example_task_group to 2024-03-11 00:00:00+00:00, run_after=2024-03-12 00:00:00+00:00
[2024-03-12T12:10:25.661+0000] {processor.py:183} INFO - Processing /home/airflow/.local/lib/python3.8/site-packages/airflow/example_dags/example_task_group.py took 0.063 seconds
