[2024-03-12T11:50:06.383+0000] {processor.py:161} INFO - Started process (PID=374) to work on /home/airflow/.local/lib/python3.8/site-packages/airflow/example_dags/example_latest_only_with_trigger.py
[2024-03-12T11:50:06.384+0000] {processor.py:830} INFO - Processing file /home/airflow/.local/lib/python3.8/site-packages/airflow/example_dags/example_latest_only_with_trigger.py for tasks to queue
[2024-03-12T11:50:06.385+0000] {logging_mixin.py:188} INFO - [2024-03-12T11:50:06.385+0000] {dagbag.py:540} INFO - Filling up the DagBag from /home/airflow/.local/lib/python3.8/site-packages/airflow/example_dags/example_latest_only_with_trigger.py
[2024-03-12T11:50:06.390+0000] {processor.py:840} INFO - DAG(s) 'latest_only_with_trigger' retrieved from /home/airflow/.local/lib/python3.8/site-packages/airflow/example_dags/example_latest_only_with_trigger.py
[2024-03-12T11:50:06.407+0000] {logging_mixin.py:188} INFO - [2024-03-12T11:50:06.406+0000] {dag.py:3047} INFO - Sync 1 DAGs
[2024-03-12T11:50:06.420+0000] {logging_mixin.py:188} INFO - [2024-03-12T11:50:06.419+0000] {dag.py:3834} INFO - Setting next_dagrun for latest_only_with_trigger to 2024-03-12 04:00:00+00:00, run_after=2024-03-12 08:00:00+00:00
[2024-03-12T11:50:06.431+0000] {processor.py:183} INFO - Processing /home/airflow/.local/lib/python3.8/site-packages/airflow/example_dags/example_latest_only_with_trigger.py took 0.051 seconds
[2024-03-12T11:50:37.126+0000] {processor.py:161} INFO - Started process (PID=621) to work on /home/airflow/.local/lib/python3.8/site-packages/airflow/example_dags/example_latest_only_with_trigger.py
[2024-03-12T11:50:37.127+0000] {processor.py:830} INFO - Processing file /home/airflow/.local/lib/python3.8/site-packages/airflow/example_dags/example_latest_only_with_trigger.py for tasks to queue
[2024-03-12T11:50:37.128+0000] {logging_mixin.py:188} INFO - [2024-03-12T11:50:37.128+0000] {dagbag.py:540} INFO - Filling up the DagBag from /home/airflow/.local/lib/python3.8/site-packages/airflow/example_dags/example_latest_only_with_trigger.py
[2024-03-12T11:50:37.133+0000] {processor.py:840} INFO - DAG(s) 'latest_only_with_trigger' retrieved from /home/airflow/.local/lib/python3.8/site-packages/airflow/example_dags/example_latest_only_with_trigger.py
[2024-03-12T11:50:37.149+0000] {logging_mixin.py:188} INFO - [2024-03-12T11:50:37.149+0000] {dag.py:3047} INFO - Sync 1 DAGs
[2024-03-12T11:50:37.167+0000] {logging_mixin.py:188} INFO - [2024-03-12T11:50:37.166+0000] {dag.py:3834} INFO - Setting next_dagrun for latest_only_with_trigger to 2024-03-12 04:00:00+00:00, run_after=2024-03-12 08:00:00+00:00
[2024-03-12T11:50:37.181+0000] {processor.py:183} INFO - Processing /home/airflow/.local/lib/python3.8/site-packages/airflow/example_dags/example_latest_only_with_trigger.py took 0.058 seconds
[2024-03-12T11:51:07.748+0000] {processor.py:161} INFO - Started process (PID=868) to work on /home/airflow/.local/lib/python3.8/site-packages/airflow/example_dags/example_latest_only_with_trigger.py
[2024-03-12T11:51:07.750+0000] {processor.py:830} INFO - Processing file /home/airflow/.local/lib/python3.8/site-packages/airflow/example_dags/example_latest_only_with_trigger.py for tasks to queue
[2024-03-12T11:51:07.751+0000] {logging_mixin.py:188} INFO - [2024-03-12T11:51:07.750+0000] {dagbag.py:540} INFO - Filling up the DagBag from /home/airflow/.local/lib/python3.8/site-packages/airflow/example_dags/example_latest_only_with_trigger.py
[2024-03-12T11:51:07.756+0000] {processor.py:840} INFO - DAG(s) 'latest_only_with_trigger' retrieved from /home/airflow/.local/lib/python3.8/site-packages/airflow/example_dags/example_latest_only_with_trigger.py
[2024-03-12T11:51:07.772+0000] {logging_mixin.py:188} INFO - [2024-03-12T11:51:07.772+0000] {dag.py:3047} INFO - Sync 1 DAGs
[2024-03-12T11:51:07.786+0000] {logging_mixin.py:188} INFO - [2024-03-12T11:51:07.786+0000] {dag.py:3834} INFO - Setting next_dagrun for latest_only_with_trigger to 2024-03-12 04:00:00+00:00, run_after=2024-03-12 08:00:00+00:00
[2024-03-12T11:51:07.798+0000] {processor.py:183} INFO - Processing /home/airflow/.local/lib/python3.8/site-packages/airflow/example_dags/example_latest_only_with_trigger.py took 0.052 seconds
[2024-03-12T11:51:38.093+0000] {processor.py:161} INFO - Started process (PID=1115) to work on /home/airflow/.local/lib/python3.8/site-packages/airflow/example_dags/example_latest_only_with_trigger.py
[2024-03-12T11:51:38.094+0000] {processor.py:830} INFO - Processing file /home/airflow/.local/lib/python3.8/site-packages/airflow/example_dags/example_latest_only_with_trigger.py for tasks to queue
[2024-03-12T11:51:38.095+0000] {logging_mixin.py:188} INFO - [2024-03-12T11:51:38.095+0000] {dagbag.py:540} INFO - Filling up the DagBag from /home/airflow/.local/lib/python3.8/site-packages/airflow/example_dags/example_latest_only_with_trigger.py
[2024-03-12T11:51:38.101+0000] {processor.py:840} INFO - DAG(s) 'latest_only_with_trigger' retrieved from /home/airflow/.local/lib/python3.8/site-packages/airflow/example_dags/example_latest_only_with_trigger.py
[2024-03-12T11:51:38.117+0000] {logging_mixin.py:188} INFO - [2024-03-12T11:51:38.117+0000] {dag.py:3047} INFO - Sync 1 DAGs
[2024-03-12T11:51:38.131+0000] {logging_mixin.py:188} INFO - [2024-03-12T11:51:38.131+0000] {dag.py:3834} INFO - Setting next_dagrun for latest_only_with_trigger to 2024-03-12 04:00:00+00:00, run_after=2024-03-12 08:00:00+00:00
[2024-03-12T11:51:38.142+0000] {processor.py:183} INFO - Processing /home/airflow/.local/lib/python3.8/site-packages/airflow/example_dags/example_latest_only_with_trigger.py took 0.052 seconds
[2024-03-12T11:52:08.914+0000] {processor.py:161} INFO - Started process (PID=1362) to work on /home/airflow/.local/lib/python3.8/site-packages/airflow/example_dags/example_latest_only_with_trigger.py
[2024-03-12T11:52:08.915+0000] {processor.py:830} INFO - Processing file /home/airflow/.local/lib/python3.8/site-packages/airflow/example_dags/example_latest_only_with_trigger.py for tasks to queue
[2024-03-12T11:52:08.916+0000] {logging_mixin.py:188} INFO - [2024-03-12T11:52:08.916+0000] {dagbag.py:540} INFO - Filling up the DagBag from /home/airflow/.local/lib/python3.8/site-packages/airflow/example_dags/example_latest_only_with_trigger.py
[2024-03-12T11:52:08.922+0000] {processor.py:840} INFO - DAG(s) 'latest_only_with_trigger' retrieved from /home/airflow/.local/lib/python3.8/site-packages/airflow/example_dags/example_latest_only_with_trigger.py
[2024-03-12T11:52:08.940+0000] {logging_mixin.py:188} INFO - [2024-03-12T11:52:08.940+0000] {dag.py:3047} INFO - Sync 1 DAGs
[2024-03-12T11:52:08.954+0000] {logging_mixin.py:188} INFO - [2024-03-12T11:52:08.954+0000] {dag.py:3834} INFO - Setting next_dagrun for latest_only_with_trigger to 2024-03-12 04:00:00+00:00, run_after=2024-03-12 08:00:00+00:00
[2024-03-12T11:52:08.966+0000] {processor.py:183} INFO - Processing /home/airflow/.local/lib/python3.8/site-packages/airflow/example_dags/example_latest_only_with_trigger.py took 0.054 seconds
[2024-03-12T11:52:40.771+0000] {processor.py:161} INFO - Started process (PID=1611) to work on /home/airflow/.local/lib/python3.8/site-packages/airflow/example_dags/example_latest_only_with_trigger.py
[2024-03-12T11:52:40.773+0000] {processor.py:830} INFO - Processing file /home/airflow/.local/lib/python3.8/site-packages/airflow/example_dags/example_latest_only_with_trigger.py for tasks to queue
[2024-03-12T11:52:40.775+0000] {logging_mixin.py:188} INFO - [2024-03-12T11:52:40.774+0000] {dagbag.py:540} INFO - Filling up the DagBag from /home/airflow/.local/lib/python3.8/site-packages/airflow/example_dags/example_latest_only_with_trigger.py
[2024-03-12T11:52:40.798+0000] {processor.py:840} INFO - DAG(s) 'latest_only_with_trigger' retrieved from /home/airflow/.local/lib/python3.8/site-packages/airflow/example_dags/example_latest_only_with_trigger.py
[2024-03-12T11:52:40.833+0000] {logging_mixin.py:188} INFO - [2024-03-12T11:52:40.833+0000] {dag.py:3047} INFO - Sync 1 DAGs
[2024-03-12T11:52:40.872+0000] {logging_mixin.py:188} INFO - [2024-03-12T11:52:40.872+0000] {dag.py:3834} INFO - Setting next_dagrun for latest_only_with_trigger to 2024-03-12 04:00:00+00:00, run_after=2024-03-12 08:00:00+00:00
[2024-03-12T11:52:40.906+0000] {processor.py:183} INFO - Processing /home/airflow/.local/lib/python3.8/site-packages/airflow/example_dags/example_latest_only_with_trigger.py took 0.139 seconds
[2024-03-12T11:53:11.788+0000] {processor.py:161} INFO - Started process (PID=1856) to work on /home/airflow/.local/lib/python3.8/site-packages/airflow/example_dags/example_latest_only_with_trigger.py
[2024-03-12T11:53:11.790+0000] {processor.py:830} INFO - Processing file /home/airflow/.local/lib/python3.8/site-packages/airflow/example_dags/example_latest_only_with_trigger.py for tasks to queue
[2024-03-12T11:53:11.791+0000] {logging_mixin.py:188} INFO - [2024-03-12T11:53:11.791+0000] {dagbag.py:540} INFO - Filling up the DagBag from /home/airflow/.local/lib/python3.8/site-packages/airflow/example_dags/example_latest_only_with_trigger.py
[2024-03-12T11:53:11.796+0000] {processor.py:840} INFO - DAG(s) 'latest_only_with_trigger' retrieved from /home/airflow/.local/lib/python3.8/site-packages/airflow/example_dags/example_latest_only_with_trigger.py
[2024-03-12T11:53:11.814+0000] {logging_mixin.py:188} INFO - [2024-03-12T11:53:11.813+0000] {dag.py:3047} INFO - Sync 1 DAGs
[2024-03-12T11:53:11.827+0000] {logging_mixin.py:188} INFO - [2024-03-12T11:53:11.826+0000] {dag.py:3834} INFO - Setting next_dagrun for latest_only_with_trigger to 2024-03-12 04:00:00+00:00, run_after=2024-03-12 08:00:00+00:00
[2024-03-12T11:53:11.838+0000] {processor.py:183} INFO - Processing /home/airflow/.local/lib/python3.8/site-packages/airflow/example_dags/example_latest_only_with_trigger.py took 0.053 seconds
[2024-03-12T11:53:42.674+0000] {processor.py:161} INFO - Started process (PID=2103) to work on /home/airflow/.local/lib/python3.8/site-packages/airflow/example_dags/example_latest_only_with_trigger.py
[2024-03-12T11:53:42.675+0000] {processor.py:830} INFO - Processing file /home/airflow/.local/lib/python3.8/site-packages/airflow/example_dags/example_latest_only_with_trigger.py for tasks to queue
[2024-03-12T11:53:42.677+0000] {logging_mixin.py:188} INFO - [2024-03-12T11:53:42.676+0000] {dagbag.py:540} INFO - Filling up the DagBag from /home/airflow/.local/lib/python3.8/site-packages/airflow/example_dags/example_latest_only_with_trigger.py
[2024-03-12T11:53:42.683+0000] {processor.py:840} INFO - DAG(s) 'latest_only_with_trigger' retrieved from /home/airflow/.local/lib/python3.8/site-packages/airflow/example_dags/example_latest_only_with_trigger.py
[2024-03-12T11:53:42.804+0000] {logging_mixin.py:188} INFO - [2024-03-12T11:53:42.804+0000] {dag.py:3047} INFO - Sync 1 DAGs
[2024-03-12T11:53:42.846+0000] {logging_mixin.py:188} INFO - [2024-03-12T11:53:42.846+0000] {dag.py:3834} INFO - Setting next_dagrun for latest_only_with_trigger to 2024-03-12 04:00:00+00:00, run_after=2024-03-12 08:00:00+00:00
[2024-03-12T11:53:42.861+0000] {processor.py:183} INFO - Processing /home/airflow/.local/lib/python3.8/site-packages/airflow/example_dags/example_latest_only_with_trigger.py took 0.191 seconds
[2024-03-12T11:54:14.923+0000] {processor.py:161} INFO - Started process (PID=2348) to work on /home/airflow/.local/lib/python3.8/site-packages/airflow/example_dags/example_latest_only_with_trigger.py
[2024-03-12T11:54:14.926+0000] {processor.py:830} INFO - Processing file /home/airflow/.local/lib/python3.8/site-packages/airflow/example_dags/example_latest_only_with_trigger.py for tasks to queue
[2024-03-12T11:54:14.928+0000] {logging_mixin.py:188} INFO - [2024-03-12T11:54:14.928+0000] {dagbag.py:540} INFO - Filling up the DagBag from /home/airflow/.local/lib/python3.8/site-packages/airflow/example_dags/example_latest_only_with_trigger.py
[2024-03-12T11:54:14.934+0000] {processor.py:840} INFO - DAG(s) 'latest_only_with_trigger' retrieved from /home/airflow/.local/lib/python3.8/site-packages/airflow/example_dags/example_latest_only_with_trigger.py
[2024-03-12T11:54:14.954+0000] {logging_mixin.py:188} INFO - [2024-03-12T11:54:14.954+0000] {dag.py:3047} INFO - Sync 1 DAGs
[2024-03-12T11:54:14.973+0000] {logging_mixin.py:188} INFO - [2024-03-12T11:54:14.972+0000] {dag.py:3834} INFO - Setting next_dagrun for latest_only_with_trigger to 2024-03-12 04:00:00+00:00, run_after=2024-03-12 08:00:00+00:00
[2024-03-12T11:54:14.995+0000] {processor.py:183} INFO - Processing /home/airflow/.local/lib/python3.8/site-packages/airflow/example_dags/example_latest_only_with_trigger.py took 0.079 seconds
[2024-03-12T11:54:45.900+0000] {processor.py:161} INFO - Started process (PID=2599) to work on /home/airflow/.local/lib/python3.8/site-packages/airflow/example_dags/example_latest_only_with_trigger.py
[2024-03-12T11:54:45.902+0000] {processor.py:830} INFO - Processing file /home/airflow/.local/lib/python3.8/site-packages/airflow/example_dags/example_latest_only_with_trigger.py for tasks to queue
[2024-03-12T11:54:45.903+0000] {logging_mixin.py:188} INFO - [2024-03-12T11:54:45.902+0000] {dagbag.py:540} INFO - Filling up the DagBag from /home/airflow/.local/lib/python3.8/site-packages/airflow/example_dags/example_latest_only_with_trigger.py
[2024-03-12T11:54:45.908+0000] {processor.py:840} INFO - DAG(s) 'latest_only_with_trigger' retrieved from /home/airflow/.local/lib/python3.8/site-packages/airflow/example_dags/example_latest_only_with_trigger.py
[2024-03-12T11:54:45.925+0000] {logging_mixin.py:188} INFO - [2024-03-12T11:54:45.925+0000] {dag.py:3047} INFO - Sync 1 DAGs
[2024-03-12T11:54:45.943+0000] {logging_mixin.py:188} INFO - [2024-03-12T11:54:45.943+0000] {dag.py:3834} INFO - Setting next_dagrun for latest_only_with_trigger to 2024-03-12 04:00:00+00:00, run_after=2024-03-12 08:00:00+00:00
[2024-03-12T11:54:45.955+0000] {processor.py:183} INFO - Processing /home/airflow/.local/lib/python3.8/site-packages/airflow/example_dags/example_latest_only_with_trigger.py took 0.057 seconds
[2024-03-12T11:55:16.261+0000] {processor.py:161} INFO - Started process (PID=2846) to work on /home/airflow/.local/lib/python3.8/site-packages/airflow/example_dags/example_latest_only_with_trigger.py
[2024-03-12T11:55:16.263+0000] {processor.py:830} INFO - Processing file /home/airflow/.local/lib/python3.8/site-packages/airflow/example_dags/example_latest_only_with_trigger.py for tasks to queue
[2024-03-12T11:55:16.265+0000] {logging_mixin.py:188} INFO - [2024-03-12T11:55:16.264+0000] {dagbag.py:540} INFO - Filling up the DagBag from /home/airflow/.local/lib/python3.8/site-packages/airflow/example_dags/example_latest_only_with_trigger.py
[2024-03-12T11:55:16.270+0000] {processor.py:840} INFO - DAG(s) 'latest_only_with_trigger' retrieved from /home/airflow/.local/lib/python3.8/site-packages/airflow/example_dags/example_latest_only_with_trigger.py
[2024-03-12T11:55:16.291+0000] {logging_mixin.py:188} INFO - [2024-03-12T11:55:16.291+0000] {dag.py:3047} INFO - Sync 1 DAGs
[2024-03-12T11:55:16.304+0000] {logging_mixin.py:188} INFO - [2024-03-12T11:55:16.304+0000] {dag.py:3834} INFO - Setting next_dagrun for latest_only_with_trigger to 2024-03-12 04:00:00+00:00, run_after=2024-03-12 08:00:00+00:00
[2024-03-12T11:55:16.314+0000] {processor.py:183} INFO - Processing /home/airflow/.local/lib/python3.8/site-packages/airflow/example_dags/example_latest_only_with_trigger.py took 0.056 seconds
[2024-03-12T11:55:46.780+0000] {processor.py:161} INFO - Started process (PID=3093) to work on /home/airflow/.local/lib/python3.8/site-packages/airflow/example_dags/example_latest_only_with_trigger.py
[2024-03-12T11:55:46.782+0000] {processor.py:830} INFO - Processing file /home/airflow/.local/lib/python3.8/site-packages/airflow/example_dags/example_latest_only_with_trigger.py for tasks to queue
[2024-03-12T11:55:46.783+0000] {logging_mixin.py:188} INFO - [2024-03-12T11:55:46.783+0000] {dagbag.py:540} INFO - Filling up the DagBag from /home/airflow/.local/lib/python3.8/site-packages/airflow/example_dags/example_latest_only_with_trigger.py
[2024-03-12T11:55:46.790+0000] {processor.py:840} INFO - DAG(s) 'latest_only_with_trigger' retrieved from /home/airflow/.local/lib/python3.8/site-packages/airflow/example_dags/example_latest_only_with_trigger.py
[2024-03-12T11:55:46.815+0000] {logging_mixin.py:188} INFO - [2024-03-12T11:55:46.815+0000] {dag.py:3047} INFO - Sync 1 DAGs
[2024-03-12T11:55:46.833+0000] {logging_mixin.py:188} INFO - [2024-03-12T11:55:46.833+0000] {dag.py:3834} INFO - Setting next_dagrun for latest_only_with_trigger to 2024-03-12 04:00:00+00:00, run_after=2024-03-12 08:00:00+00:00
[2024-03-12T11:55:46.848+0000] {processor.py:183} INFO - Processing /home/airflow/.local/lib/python3.8/site-packages/airflow/example_dags/example_latest_only_with_trigger.py took 0.071 seconds
[2024-03-12T11:57:08.723+0000] {processor.py:161} INFO - Started process (PID=376) to work on /home/airflow/.local/lib/python3.8/site-packages/airflow/example_dags/example_latest_only_with_trigger.py
[2024-03-12T11:57:08.724+0000] {processor.py:830} INFO - Processing file /home/airflow/.local/lib/python3.8/site-packages/airflow/example_dags/example_latest_only_with_trigger.py for tasks to queue
[2024-03-12T11:57:08.726+0000] {logging_mixin.py:188} INFO - [2024-03-12T11:57:08.726+0000] {dagbag.py:540} INFO - Filling up the DagBag from /home/airflow/.local/lib/python3.8/site-packages/airflow/example_dags/example_latest_only_with_trigger.py
[2024-03-12T11:57:08.731+0000] {processor.py:840} INFO - DAG(s) 'latest_only_with_trigger' retrieved from /home/airflow/.local/lib/python3.8/site-packages/airflow/example_dags/example_latest_only_with_trigger.py
[2024-03-12T11:57:08.747+0000] {logging_mixin.py:188} INFO - [2024-03-12T11:57:08.747+0000] {dag.py:3047} INFO - Sync 1 DAGs
[2024-03-12T11:57:08.760+0000] {logging_mixin.py:188} INFO - [2024-03-12T11:57:08.760+0000] {dag.py:3834} INFO - Setting next_dagrun for latest_only_with_trigger to 2024-03-12 04:00:00+00:00, run_after=2024-03-12 08:00:00+00:00
[2024-03-12T11:57:08.771+0000] {processor.py:183} INFO - Processing /home/airflow/.local/lib/python3.8/site-packages/airflow/example_dags/example_latest_only_with_trigger.py took 0.051 seconds
[2024-03-12T11:57:39.020+0000] {processor.py:161} INFO - Started process (PID=623) to work on /home/airflow/.local/lib/python3.8/site-packages/airflow/example_dags/example_latest_only_with_trigger.py
[2024-03-12T11:57:39.022+0000] {processor.py:830} INFO - Processing file /home/airflow/.local/lib/python3.8/site-packages/airflow/example_dags/example_latest_only_with_trigger.py for tasks to queue
[2024-03-12T11:57:39.023+0000] {logging_mixin.py:188} INFO - [2024-03-12T11:57:39.022+0000] {dagbag.py:540} INFO - Filling up the DagBag from /home/airflow/.local/lib/python3.8/site-packages/airflow/example_dags/example_latest_only_with_trigger.py
[2024-03-12T11:57:39.028+0000] {processor.py:840} INFO - DAG(s) 'latest_only_with_trigger' retrieved from /home/airflow/.local/lib/python3.8/site-packages/airflow/example_dags/example_latest_only_with_trigger.py
[2024-03-12T11:57:39.044+0000] {logging_mixin.py:188} INFO - [2024-03-12T11:57:39.043+0000] {dag.py:3047} INFO - Sync 1 DAGs
[2024-03-12T11:57:39.056+0000] {logging_mixin.py:188} INFO - [2024-03-12T11:57:39.056+0000] {dag.py:3834} INFO - Setting next_dagrun for latest_only_with_trigger to 2024-03-12 04:00:00+00:00, run_after=2024-03-12 08:00:00+00:00
[2024-03-12T11:57:39.066+0000] {processor.py:183} INFO - Processing /home/airflow/.local/lib/python3.8/site-packages/airflow/example_dags/example_latest_only_with_trigger.py took 0.048 seconds
[2024-03-12T11:58:36.500+0000] {processor.py:161} INFO - Started process (PID=376) to work on /home/airflow/.local/lib/python3.8/site-packages/airflow/example_dags/example_latest_only_with_trigger.py
[2024-03-12T11:58:36.503+0000] {processor.py:830} INFO - Processing file /home/airflow/.local/lib/python3.8/site-packages/airflow/example_dags/example_latest_only_with_trigger.py for tasks to queue
[2024-03-12T11:58:36.504+0000] {logging_mixin.py:188} INFO - [2024-03-12T11:58:36.503+0000] {dagbag.py:540} INFO - Filling up the DagBag from /home/airflow/.local/lib/python3.8/site-packages/airflow/example_dags/example_latest_only_with_trigger.py
[2024-03-12T11:58:36.509+0000] {processor.py:840} INFO - DAG(s) 'latest_only_with_trigger' retrieved from /home/airflow/.local/lib/python3.8/site-packages/airflow/example_dags/example_latest_only_with_trigger.py
[2024-03-12T11:58:36.529+0000] {logging_mixin.py:188} INFO - [2024-03-12T11:58:36.529+0000] {dag.py:3047} INFO - Sync 1 DAGs
[2024-03-12T11:58:36.541+0000] {logging_mixin.py:188} INFO - [2024-03-12T11:58:36.541+0000] {dag.py:3834} INFO - Setting next_dagrun for latest_only_with_trigger to 2024-03-12 04:00:00+00:00, run_after=2024-03-12 08:00:00+00:00
[2024-03-12T11:58:36.552+0000] {processor.py:183} INFO - Processing /home/airflow/.local/lib/python3.8/site-packages/airflow/example_dags/example_latest_only_with_trigger.py took 0.056 seconds
[2024-03-12T11:59:06.576+0000] {processor.py:161} INFO - Started process (PID=621) to work on /home/airflow/.local/lib/python3.8/site-packages/airflow/example_dags/example_latest_only_with_trigger.py
[2024-03-12T11:59:06.577+0000] {processor.py:830} INFO - Processing file /home/airflow/.local/lib/python3.8/site-packages/airflow/example_dags/example_latest_only_with_trigger.py for tasks to queue
[2024-03-12T11:59:06.578+0000] {logging_mixin.py:188} INFO - [2024-03-12T11:59:06.578+0000] {dagbag.py:540} INFO - Filling up the DagBag from /home/airflow/.local/lib/python3.8/site-packages/airflow/example_dags/example_latest_only_with_trigger.py
[2024-03-12T11:59:06.584+0000] {processor.py:840} INFO - DAG(s) 'latest_only_with_trigger' retrieved from /home/airflow/.local/lib/python3.8/site-packages/airflow/example_dags/example_latest_only_with_trigger.py
[2024-03-12T11:59:06.603+0000] {logging_mixin.py:188} INFO - [2024-03-12T11:59:06.603+0000] {dag.py:3047} INFO - Sync 1 DAGs
[2024-03-12T11:59:06.622+0000] {logging_mixin.py:188} INFO - [2024-03-12T11:59:06.622+0000] {dag.py:3834} INFO - Setting next_dagrun for latest_only_with_trigger to 2024-03-12 04:00:00+00:00, run_after=2024-03-12 08:00:00+00:00
[2024-03-12T11:59:06.637+0000] {processor.py:183} INFO - Processing /home/airflow/.local/lib/python3.8/site-packages/airflow/example_dags/example_latest_only_with_trigger.py took 0.064 seconds
[2024-03-12T11:59:37.185+0000] {processor.py:161} INFO - Started process (PID=868) to work on /home/airflow/.local/lib/python3.8/site-packages/airflow/example_dags/example_latest_only_with_trigger.py
[2024-03-12T11:59:37.187+0000] {processor.py:830} INFO - Processing file /home/airflow/.local/lib/python3.8/site-packages/airflow/example_dags/example_latest_only_with_trigger.py for tasks to queue
[2024-03-12T11:59:37.188+0000] {logging_mixin.py:188} INFO - [2024-03-12T11:59:37.187+0000] {dagbag.py:540} INFO - Filling up the DagBag from /home/airflow/.local/lib/python3.8/site-packages/airflow/example_dags/example_latest_only_with_trigger.py
[2024-03-12T11:59:37.194+0000] {processor.py:840} INFO - DAG(s) 'latest_only_with_trigger' retrieved from /home/airflow/.local/lib/python3.8/site-packages/airflow/example_dags/example_latest_only_with_trigger.py
[2024-03-12T11:59:37.211+0000] {logging_mixin.py:188} INFO - [2024-03-12T11:59:37.211+0000] {dag.py:3047} INFO - Sync 1 DAGs
[2024-03-12T11:59:37.223+0000] {logging_mixin.py:188} INFO - [2024-03-12T11:59:37.223+0000] {dag.py:3834} INFO - Setting next_dagrun for latest_only_with_trigger to 2024-03-12 04:00:00+00:00, run_after=2024-03-12 08:00:00+00:00
[2024-03-12T11:59:37.233+0000] {processor.py:183} INFO - Processing /home/airflow/.local/lib/python3.8/site-packages/airflow/example_dags/example_latest_only_with_trigger.py took 0.050 seconds
[2024-03-12T12:00:07.969+0000] {processor.py:161} INFO - Started process (PID=1115) to work on /home/airflow/.local/lib/python3.8/site-packages/airflow/example_dags/example_latest_only_with_trigger.py
[2024-03-12T12:00:07.970+0000] {processor.py:830} INFO - Processing file /home/airflow/.local/lib/python3.8/site-packages/airflow/example_dags/example_latest_only_with_trigger.py for tasks to queue
[2024-03-12T12:00:07.971+0000] {logging_mixin.py:188} INFO - [2024-03-12T12:00:07.971+0000] {dagbag.py:540} INFO - Filling up the DagBag from /home/airflow/.local/lib/python3.8/site-packages/airflow/example_dags/example_latest_only_with_trigger.py
[2024-03-12T12:00:07.976+0000] {processor.py:840} INFO - DAG(s) 'latest_only_with_trigger' retrieved from /home/airflow/.local/lib/python3.8/site-packages/airflow/example_dags/example_latest_only_with_trigger.py
[2024-03-12T12:00:07.998+0000] {logging_mixin.py:188} INFO - [2024-03-12T12:00:07.997+0000] {dag.py:3047} INFO - Sync 1 DAGs
[2024-03-12T12:00:08.019+0000] {logging_mixin.py:188} INFO - [2024-03-12T12:00:08.019+0000] {dag.py:3834} INFO - Setting next_dagrun for latest_only_with_trigger to 2024-03-12 08:00:00+00:00, run_after=2024-03-12 12:00:00+00:00
[2024-03-12T12:00:08.032+0000] {processor.py:183} INFO - Processing /home/airflow/.local/lib/python3.8/site-packages/airflow/example_dags/example_latest_only_with_trigger.py took 0.066 seconds
[2024-03-12T12:00:39.064+0000] {processor.py:161} INFO - Started process (PID=1362) to work on /home/airflow/.local/lib/python3.8/site-packages/airflow/example_dags/example_latest_only_with_trigger.py
[2024-03-12T12:00:39.065+0000] {processor.py:830} INFO - Processing file /home/airflow/.local/lib/python3.8/site-packages/airflow/example_dags/example_latest_only_with_trigger.py for tasks to queue
[2024-03-12T12:00:39.066+0000] {logging_mixin.py:188} INFO - [2024-03-12T12:00:39.066+0000] {dagbag.py:540} INFO - Filling up the DagBag from /home/airflow/.local/lib/python3.8/site-packages/airflow/example_dags/example_latest_only_with_trigger.py
[2024-03-12T12:00:39.072+0000] {processor.py:840} INFO - DAG(s) 'latest_only_with_trigger' retrieved from /home/airflow/.local/lib/python3.8/site-packages/airflow/example_dags/example_latest_only_with_trigger.py
[2024-03-12T12:00:39.089+0000] {logging_mixin.py:188} INFO - [2024-03-12T12:00:39.089+0000] {dag.py:3047} INFO - Sync 1 DAGs
[2024-03-12T12:00:39.103+0000] {logging_mixin.py:188} INFO - [2024-03-12T12:00:39.103+0000] {dag.py:3834} INFO - Setting next_dagrun for latest_only_with_trigger to 2024-03-12 08:00:00+00:00, run_after=2024-03-12 12:00:00+00:00
[2024-03-12T12:00:39.115+0000] {processor.py:183} INFO - Processing /home/airflow/.local/lib/python3.8/site-packages/airflow/example_dags/example_latest_only_with_trigger.py took 0.054 seconds
[2024-03-12T12:01:09.826+0000] {processor.py:161} INFO - Started process (PID=1609) to work on /home/airflow/.local/lib/python3.8/site-packages/airflow/example_dags/example_latest_only_with_trigger.py
[2024-03-12T12:01:09.827+0000] {processor.py:830} INFO - Processing file /home/airflow/.local/lib/python3.8/site-packages/airflow/example_dags/example_latest_only_with_trigger.py for tasks to queue
[2024-03-12T12:01:09.828+0000] {logging_mixin.py:188} INFO - [2024-03-12T12:01:09.828+0000] {dagbag.py:540} INFO - Filling up the DagBag from /home/airflow/.local/lib/python3.8/site-packages/airflow/example_dags/example_latest_only_with_trigger.py
[2024-03-12T12:01:09.833+0000] {processor.py:840} INFO - DAG(s) 'latest_only_with_trigger' retrieved from /home/airflow/.local/lib/python3.8/site-packages/airflow/example_dags/example_latest_only_with_trigger.py
[2024-03-12T12:01:09.849+0000] {logging_mixin.py:188} INFO - [2024-03-12T12:01:09.849+0000] {dag.py:3047} INFO - Sync 1 DAGs
[2024-03-12T12:01:09.863+0000] {logging_mixin.py:188} INFO - [2024-03-12T12:01:09.863+0000] {dag.py:3834} INFO - Setting next_dagrun for latest_only_with_trigger to 2024-03-12 08:00:00+00:00, run_after=2024-03-12 12:00:00+00:00
[2024-03-12T12:01:09.874+0000] {processor.py:183} INFO - Processing /home/airflow/.local/lib/python3.8/site-packages/airflow/example_dags/example_latest_only_with_trigger.py took 0.051 seconds
[2024-03-12T12:01:40.903+0000] {processor.py:161} INFO - Started process (PID=1856) to work on /home/airflow/.local/lib/python3.8/site-packages/airflow/example_dags/example_latest_only_with_trigger.py
[2024-03-12T12:01:40.905+0000] {processor.py:830} INFO - Processing file /home/airflow/.local/lib/python3.8/site-packages/airflow/example_dags/example_latest_only_with_trigger.py for tasks to queue
[2024-03-12T12:01:40.906+0000] {logging_mixin.py:188} INFO - [2024-03-12T12:01:40.906+0000] {dagbag.py:540} INFO - Filling up the DagBag from /home/airflow/.local/lib/python3.8/site-packages/airflow/example_dags/example_latest_only_with_trigger.py
[2024-03-12T12:01:40.911+0000] {processor.py:840} INFO - DAG(s) 'latest_only_with_trigger' retrieved from /home/airflow/.local/lib/python3.8/site-packages/airflow/example_dags/example_latest_only_with_trigger.py
[2024-03-12T12:01:40.927+0000] {logging_mixin.py:188} INFO - [2024-03-12T12:01:40.927+0000] {dag.py:3047} INFO - Sync 1 DAGs
[2024-03-12T12:01:40.940+0000] {logging_mixin.py:188} INFO - [2024-03-12T12:01:40.940+0000] {dag.py:3834} INFO - Setting next_dagrun for latest_only_with_trigger to 2024-03-12 08:00:00+00:00, run_after=2024-03-12 12:00:00+00:00
[2024-03-12T12:01:40.951+0000] {processor.py:183} INFO - Processing /home/airflow/.local/lib/python3.8/site-packages/airflow/example_dags/example_latest_only_with_trigger.py took 0.050 seconds
[2024-03-12T12:02:11.557+0000] {processor.py:161} INFO - Started process (PID=2103) to work on /home/airflow/.local/lib/python3.8/site-packages/airflow/example_dags/example_latest_only_with_trigger.py
[2024-03-12T12:02:11.559+0000] {processor.py:830} INFO - Processing file /home/airflow/.local/lib/python3.8/site-packages/airflow/example_dags/example_latest_only_with_trigger.py for tasks to queue
[2024-03-12T12:02:11.560+0000] {logging_mixin.py:188} INFO - [2024-03-12T12:02:11.559+0000] {dagbag.py:540} INFO - Filling up the DagBag from /home/airflow/.local/lib/python3.8/site-packages/airflow/example_dags/example_latest_only_with_trigger.py
[2024-03-12T12:02:11.565+0000] {processor.py:840} INFO - DAG(s) 'latest_only_with_trigger' retrieved from /home/airflow/.local/lib/python3.8/site-packages/airflow/example_dags/example_latest_only_with_trigger.py
[2024-03-12T12:02:11.581+0000] {logging_mixin.py:188} INFO - [2024-03-12T12:02:11.581+0000] {dag.py:3047} INFO - Sync 1 DAGs
[2024-03-12T12:02:11.594+0000] {logging_mixin.py:188} INFO - [2024-03-12T12:02:11.594+0000] {dag.py:3834} INFO - Setting next_dagrun for latest_only_with_trigger to 2024-03-12 08:00:00+00:00, run_after=2024-03-12 12:00:00+00:00
[2024-03-12T12:02:11.605+0000] {processor.py:183} INFO - Processing /home/airflow/.local/lib/python3.8/site-packages/airflow/example_dags/example_latest_only_with_trigger.py took 0.050 seconds
[2024-03-12T12:02:42.452+0000] {processor.py:161} INFO - Started process (PID=2350) to work on /home/airflow/.local/lib/python3.8/site-packages/airflow/example_dags/example_latest_only_with_trigger.py
[2024-03-12T12:02:42.454+0000] {processor.py:830} INFO - Processing file /home/airflow/.local/lib/python3.8/site-packages/airflow/example_dags/example_latest_only_with_trigger.py for tasks to queue
[2024-03-12T12:02:42.456+0000] {logging_mixin.py:188} INFO - [2024-03-12T12:02:42.455+0000] {dagbag.py:540} INFO - Filling up the DagBag from /home/airflow/.local/lib/python3.8/site-packages/airflow/example_dags/example_latest_only_with_trigger.py
[2024-03-12T12:02:42.463+0000] {processor.py:840} INFO - DAG(s) 'latest_only_with_trigger' retrieved from /home/airflow/.local/lib/python3.8/site-packages/airflow/example_dags/example_latest_only_with_trigger.py
[2024-03-12T12:02:42.482+0000] {logging_mixin.py:188} INFO - [2024-03-12T12:02:42.481+0000] {dag.py:3047} INFO - Sync 1 DAGs
[2024-03-12T12:02:42.497+0000] {logging_mixin.py:188} INFO - [2024-03-12T12:02:42.497+0000] {dag.py:3834} INFO - Setting next_dagrun for latest_only_with_trigger to 2024-03-12 08:00:00+00:00, run_after=2024-03-12 12:00:00+00:00
[2024-03-12T12:02:42.509+0000] {processor.py:183} INFO - Processing /home/airflow/.local/lib/python3.8/site-packages/airflow/example_dags/example_latest_only_with_trigger.py took 0.060 seconds
[2024-03-12T12:03:14.666+0000] {processor.py:161} INFO - Started process (PID=2597) to work on /home/airflow/.local/lib/python3.8/site-packages/airflow/example_dags/example_latest_only_with_trigger.py
[2024-03-12T12:03:14.667+0000] {processor.py:830} INFO - Processing file /home/airflow/.local/lib/python3.8/site-packages/airflow/example_dags/example_latest_only_with_trigger.py for tasks to queue
[2024-03-12T12:03:14.668+0000] {logging_mixin.py:188} INFO - [2024-03-12T12:03:14.668+0000] {dagbag.py:540} INFO - Filling up the DagBag from /home/airflow/.local/lib/python3.8/site-packages/airflow/example_dags/example_latest_only_with_trigger.py
[2024-03-12T12:03:14.674+0000] {processor.py:840} INFO - DAG(s) 'latest_only_with_trigger' retrieved from /home/airflow/.local/lib/python3.8/site-packages/airflow/example_dags/example_latest_only_with_trigger.py
[2024-03-12T12:03:14.698+0000] {logging_mixin.py:188} INFO - [2024-03-12T12:03:14.697+0000] {dag.py:3047} INFO - Sync 1 DAGs
[2024-03-12T12:03:14.722+0000] {logging_mixin.py:188} INFO - [2024-03-12T12:03:14.722+0000] {dag.py:3834} INFO - Setting next_dagrun for latest_only_with_trigger to 2024-03-12 08:00:00+00:00, run_after=2024-03-12 12:00:00+00:00
[2024-03-12T12:03:14.746+0000] {processor.py:183} INFO - Processing /home/airflow/.local/lib/python3.8/site-packages/airflow/example_dags/example_latest_only_with_trigger.py took 0.084 seconds
[2024-03-12T12:03:45.760+0000] {processor.py:161} INFO - Started process (PID=2844) to work on /home/airflow/.local/lib/python3.8/site-packages/airflow/example_dags/example_latest_only_with_trigger.py
[2024-03-12T12:03:45.762+0000] {processor.py:830} INFO - Processing file /home/airflow/.local/lib/python3.8/site-packages/airflow/example_dags/example_latest_only_with_trigger.py for tasks to queue
[2024-03-12T12:03:45.764+0000] {logging_mixin.py:188} INFO - [2024-03-12T12:03:45.763+0000] {dagbag.py:540} INFO - Filling up the DagBag from /home/airflow/.local/lib/python3.8/site-packages/airflow/example_dags/example_latest_only_with_trigger.py
[2024-03-12T12:03:45.770+0000] {processor.py:840} INFO - DAG(s) 'latest_only_with_trigger' retrieved from /home/airflow/.local/lib/python3.8/site-packages/airflow/example_dags/example_latest_only_with_trigger.py
[2024-03-12T12:03:45.791+0000] {logging_mixin.py:188} INFO - [2024-03-12T12:03:45.791+0000] {dag.py:3047} INFO - Sync 1 DAGs
[2024-03-12T12:03:45.809+0000] {logging_mixin.py:188} INFO - [2024-03-12T12:03:45.808+0000] {dag.py:3834} INFO - Setting next_dagrun for latest_only_with_trigger to 2024-03-12 08:00:00+00:00, run_after=2024-03-12 12:00:00+00:00
[2024-03-12T12:03:45.823+0000] {processor.py:183} INFO - Processing /home/airflow/.local/lib/python3.8/site-packages/airflow/example_dags/example_latest_only_with_trigger.py took 0.068 seconds
[2024-03-12T12:04:17.711+0000] {processor.py:161} INFO - Started process (PID=3091) to work on /home/airflow/.local/lib/python3.8/site-packages/airflow/example_dags/example_latest_only_with_trigger.py
[2024-03-12T12:04:17.713+0000] {processor.py:830} INFO - Processing file /home/airflow/.local/lib/python3.8/site-packages/airflow/example_dags/example_latest_only_with_trigger.py for tasks to queue
[2024-03-12T12:04:17.715+0000] {logging_mixin.py:188} INFO - [2024-03-12T12:04:17.714+0000] {dagbag.py:540} INFO - Filling up the DagBag from /home/airflow/.local/lib/python3.8/site-packages/airflow/example_dags/example_latest_only_with_trigger.py
[2024-03-12T12:04:17.725+0000] {processor.py:840} INFO - DAG(s) 'latest_only_with_trigger' retrieved from /home/airflow/.local/lib/python3.8/site-packages/airflow/example_dags/example_latest_only_with_trigger.py
[2024-03-12T12:04:17.759+0000] {logging_mixin.py:188} INFO - [2024-03-12T12:04:17.758+0000] {dag.py:3047} INFO - Sync 1 DAGs
[2024-03-12T12:04:17.785+0000] {logging_mixin.py:188} INFO - [2024-03-12T12:04:17.784+0000] {dag.py:3834} INFO - Setting next_dagrun for latest_only_with_trigger to 2024-03-12 08:00:00+00:00, run_after=2024-03-12 12:00:00+00:00
[2024-03-12T12:04:17.802+0000] {processor.py:183} INFO - Processing /home/airflow/.local/lib/python3.8/site-packages/airflow/example_dags/example_latest_only_with_trigger.py took 0.094 seconds
[2024-03-12T12:04:48.113+0000] {processor.py:161} INFO - Started process (PID=3338) to work on /home/airflow/.local/lib/python3.8/site-packages/airflow/example_dags/example_latest_only_with_trigger.py
[2024-03-12T12:04:48.115+0000] {processor.py:830} INFO - Processing file /home/airflow/.local/lib/python3.8/site-packages/airflow/example_dags/example_latest_only_with_trigger.py for tasks to queue
[2024-03-12T12:04:48.116+0000] {logging_mixin.py:188} INFO - [2024-03-12T12:04:48.115+0000] {dagbag.py:540} INFO - Filling up the DagBag from /home/airflow/.local/lib/python3.8/site-packages/airflow/example_dags/example_latest_only_with_trigger.py
[2024-03-12T12:04:48.124+0000] {processor.py:840} INFO - DAG(s) 'latest_only_with_trigger' retrieved from /home/airflow/.local/lib/python3.8/site-packages/airflow/example_dags/example_latest_only_with_trigger.py
[2024-03-12T12:04:48.143+0000] {logging_mixin.py:188} INFO - [2024-03-12T12:04:48.143+0000] {dag.py:3047} INFO - Sync 1 DAGs
[2024-03-12T12:04:48.159+0000] {logging_mixin.py:188} INFO - [2024-03-12T12:04:48.159+0000] {dag.py:3834} INFO - Setting next_dagrun for latest_only_with_trigger to 2024-03-12 08:00:00+00:00, run_after=2024-03-12 12:00:00+00:00
[2024-03-12T12:04:48.174+0000] {processor.py:183} INFO - Processing /home/airflow/.local/lib/python3.8/site-packages/airflow/example_dags/example_latest_only_with_trigger.py took 0.064 seconds
[2024-03-12T12:05:18.337+0000] {processor.py:161} INFO - Started process (PID=3586) to work on /home/airflow/.local/lib/python3.8/site-packages/airflow/example_dags/example_latest_only_with_trigger.py
[2024-03-12T12:05:18.338+0000] {processor.py:830} INFO - Processing file /home/airflow/.local/lib/python3.8/site-packages/airflow/example_dags/example_latest_only_with_trigger.py for tasks to queue
[2024-03-12T12:05:18.339+0000] {logging_mixin.py:188} INFO - [2024-03-12T12:05:18.339+0000] {dagbag.py:540} INFO - Filling up the DagBag from /home/airflow/.local/lib/python3.8/site-packages/airflow/example_dags/example_latest_only_with_trigger.py
[2024-03-12T12:05:18.344+0000] {processor.py:840} INFO - DAG(s) 'latest_only_with_trigger' retrieved from /home/airflow/.local/lib/python3.8/site-packages/airflow/example_dags/example_latest_only_with_trigger.py
[2024-03-12T12:05:18.360+0000] {logging_mixin.py:188} INFO - [2024-03-12T12:05:18.360+0000] {dag.py:3047} INFO - Sync 1 DAGs
[2024-03-12T12:05:18.373+0000] {logging_mixin.py:188} INFO - [2024-03-12T12:05:18.373+0000] {dag.py:3834} INFO - Setting next_dagrun for latest_only_with_trigger to 2024-03-12 08:00:00+00:00, run_after=2024-03-12 12:00:00+00:00
[2024-03-12T12:05:18.384+0000] {processor.py:183} INFO - Processing /home/airflow/.local/lib/python3.8/site-packages/airflow/example_dags/example_latest_only_with_trigger.py took 0.050 seconds
[2024-03-12T12:05:49.830+0000] {processor.py:161} INFO - Started process (PID=3833) to work on /home/airflow/.local/lib/python3.8/site-packages/airflow/example_dags/example_latest_only_with_trigger.py
[2024-03-12T12:05:49.832+0000] {processor.py:830} INFO - Processing file /home/airflow/.local/lib/python3.8/site-packages/airflow/example_dags/example_latest_only_with_trigger.py for tasks to queue
[2024-03-12T12:05:49.833+0000] {logging_mixin.py:188} INFO - [2024-03-12T12:05:49.832+0000] {dagbag.py:540} INFO - Filling up the DagBag from /home/airflow/.local/lib/python3.8/site-packages/airflow/example_dags/example_latest_only_with_trigger.py
[2024-03-12T12:05:49.837+0000] {processor.py:840} INFO - DAG(s) 'latest_only_with_trigger' retrieved from /home/airflow/.local/lib/python3.8/site-packages/airflow/example_dags/example_latest_only_with_trigger.py
[2024-03-12T12:05:49.871+0000] {logging_mixin.py:188} INFO - [2024-03-12T12:05:49.871+0000] {dag.py:3047} INFO - Sync 1 DAGs
[2024-03-12T12:05:49.888+0000] {logging_mixin.py:188} INFO - [2024-03-12T12:05:49.888+0000] {dag.py:3834} INFO - Setting next_dagrun for latest_only_with_trigger to 2024-03-12 08:00:00+00:00, run_after=2024-03-12 12:00:00+00:00
[2024-03-12T12:05:49.914+0000] {processor.py:183} INFO - Processing /home/airflow/.local/lib/python3.8/site-packages/airflow/example_dags/example_latest_only_with_trigger.py took 0.086 seconds
[2024-03-12T12:06:20.469+0000] {processor.py:161} INFO - Started process (PID=4082) to work on /home/airflow/.local/lib/python3.8/site-packages/airflow/example_dags/example_latest_only_with_trigger.py
[2024-03-12T12:06:20.470+0000] {processor.py:830} INFO - Processing file /home/airflow/.local/lib/python3.8/site-packages/airflow/example_dags/example_latest_only_with_trigger.py for tasks to queue
[2024-03-12T12:06:20.472+0000] {logging_mixin.py:188} INFO - [2024-03-12T12:06:20.471+0000] {dagbag.py:540} INFO - Filling up the DagBag from /home/airflow/.local/lib/python3.8/site-packages/airflow/example_dags/example_latest_only_with_trigger.py
[2024-03-12T12:06:20.477+0000] {processor.py:840} INFO - DAG(s) 'latest_only_with_trigger' retrieved from /home/airflow/.local/lib/python3.8/site-packages/airflow/example_dags/example_latest_only_with_trigger.py
[2024-03-12T12:06:20.492+0000] {logging_mixin.py:188} INFO - [2024-03-12T12:06:20.492+0000] {dag.py:3047} INFO - Sync 1 DAGs
[2024-03-12T12:06:20.506+0000] {logging_mixin.py:188} INFO - [2024-03-12T12:06:20.505+0000] {dag.py:3834} INFO - Setting next_dagrun for latest_only_with_trigger to 2024-03-12 08:00:00+00:00, run_after=2024-03-12 12:00:00+00:00
[2024-03-12T12:06:20.517+0000] {processor.py:183} INFO - Processing /home/airflow/.local/lib/python3.8/site-packages/airflow/example_dags/example_latest_only_with_trigger.py took 0.050 seconds
[2024-03-12T12:06:51.675+0000] {processor.py:161} INFO - Started process (PID=4327) to work on /home/airflow/.local/lib/python3.8/site-packages/airflow/example_dags/example_latest_only_with_trigger.py
[2024-03-12T12:06:51.677+0000] {processor.py:830} INFO - Processing file /home/airflow/.local/lib/python3.8/site-packages/airflow/example_dags/example_latest_only_with_trigger.py for tasks to queue
[2024-03-12T12:06:51.678+0000] {logging_mixin.py:188} INFO - [2024-03-12T12:06:51.677+0000] {dagbag.py:540} INFO - Filling up the DagBag from /home/airflow/.local/lib/python3.8/site-packages/airflow/example_dags/example_latest_only_with_trigger.py
[2024-03-12T12:06:51.683+0000] {processor.py:840} INFO - DAG(s) 'latest_only_with_trigger' retrieved from /home/airflow/.local/lib/python3.8/site-packages/airflow/example_dags/example_latest_only_with_trigger.py
[2024-03-12T12:06:51.700+0000] {logging_mixin.py:188} INFO - [2024-03-12T12:06:51.700+0000] {dag.py:3047} INFO - Sync 1 DAGs
[2024-03-12T12:06:51.714+0000] {logging_mixin.py:188} INFO - [2024-03-12T12:06:51.714+0000] {dag.py:3834} INFO - Setting next_dagrun for latest_only_with_trigger to 2024-03-12 08:00:00+00:00, run_after=2024-03-12 12:00:00+00:00
[2024-03-12T12:06:51.726+0000] {processor.py:183} INFO - Processing /home/airflow/.local/lib/python3.8/site-packages/airflow/example_dags/example_latest_only_with_trigger.py took 0.054 seconds
[2024-03-12T12:07:22.137+0000] {processor.py:161} INFO - Started process (PID=4574) to work on /home/airflow/.local/lib/python3.8/site-packages/airflow/example_dags/example_latest_only_with_trigger.py
[2024-03-12T12:07:22.139+0000] {processor.py:830} INFO - Processing file /home/airflow/.local/lib/python3.8/site-packages/airflow/example_dags/example_latest_only_with_trigger.py for tasks to queue
[2024-03-12T12:07:22.139+0000] {logging_mixin.py:188} INFO - [2024-03-12T12:07:22.139+0000] {dagbag.py:540} INFO - Filling up the DagBag from /home/airflow/.local/lib/python3.8/site-packages/airflow/example_dags/example_latest_only_with_trigger.py
[2024-03-12T12:07:22.144+0000] {processor.py:840} INFO - DAG(s) 'latest_only_with_trigger' retrieved from /home/airflow/.local/lib/python3.8/site-packages/airflow/example_dags/example_latest_only_with_trigger.py
[2024-03-12T12:07:22.161+0000] {logging_mixin.py:188} INFO - [2024-03-12T12:07:22.160+0000] {dag.py:3047} INFO - Sync 1 DAGs
[2024-03-12T12:07:22.174+0000] {logging_mixin.py:188} INFO - [2024-03-12T12:07:22.174+0000] {dag.py:3834} INFO - Setting next_dagrun for latest_only_with_trigger to 2024-03-12 08:00:00+00:00, run_after=2024-03-12 12:00:00+00:00
[2024-03-12T12:07:22.184+0000] {processor.py:183} INFO - Processing /home/airflow/.local/lib/python3.8/site-packages/airflow/example_dags/example_latest_only_with_trigger.py took 0.050 seconds
[2024-03-12T12:07:52.614+0000] {processor.py:161} INFO - Started process (PID=4821) to work on /home/airflow/.local/lib/python3.8/site-packages/airflow/example_dags/example_latest_only_with_trigger.py
[2024-03-12T12:07:52.615+0000] {processor.py:830} INFO - Processing file /home/airflow/.local/lib/python3.8/site-packages/airflow/example_dags/example_latest_only_with_trigger.py for tasks to queue
[2024-03-12T12:07:52.616+0000] {logging_mixin.py:188} INFO - [2024-03-12T12:07:52.616+0000] {dagbag.py:540} INFO - Filling up the DagBag from /home/airflow/.local/lib/python3.8/site-packages/airflow/example_dags/example_latest_only_with_trigger.py
[2024-03-12T12:07:52.621+0000] {processor.py:840} INFO - DAG(s) 'latest_only_with_trigger' retrieved from /home/airflow/.local/lib/python3.8/site-packages/airflow/example_dags/example_latest_only_with_trigger.py
[2024-03-12T12:07:52.637+0000] {logging_mixin.py:188} INFO - [2024-03-12T12:07:52.637+0000] {dag.py:3047} INFO - Sync 1 DAGs
[2024-03-12T12:07:52.650+0000] {logging_mixin.py:188} INFO - [2024-03-12T12:07:52.650+0000] {dag.py:3834} INFO - Setting next_dagrun for latest_only_with_trigger to 2024-03-12 08:00:00+00:00, run_after=2024-03-12 12:00:00+00:00
[2024-03-12T12:07:52.661+0000] {processor.py:183} INFO - Processing /home/airflow/.local/lib/python3.8/site-packages/airflow/example_dags/example_latest_only_with_trigger.py took 0.050 seconds
[2024-03-12T12:08:22.980+0000] {processor.py:161} INFO - Started process (PID=5068) to work on /home/airflow/.local/lib/python3.8/site-packages/airflow/example_dags/example_latest_only_with_trigger.py
[2024-03-12T12:08:22.982+0000] {processor.py:830} INFO - Processing file /home/airflow/.local/lib/python3.8/site-packages/airflow/example_dags/example_latest_only_with_trigger.py for tasks to queue
[2024-03-12T12:08:22.983+0000] {logging_mixin.py:188} INFO - [2024-03-12T12:08:22.982+0000] {dagbag.py:540} INFO - Filling up the DagBag from /home/airflow/.local/lib/python3.8/site-packages/airflow/example_dags/example_latest_only_with_trigger.py
[2024-03-12T12:08:22.988+0000] {processor.py:840} INFO - DAG(s) 'latest_only_with_trigger' retrieved from /home/airflow/.local/lib/python3.8/site-packages/airflow/example_dags/example_latest_only_with_trigger.py
[2024-03-12T12:08:23.003+0000] {logging_mixin.py:188} INFO - [2024-03-12T12:08:23.003+0000] {dag.py:3047} INFO - Sync 1 DAGs
[2024-03-12T12:08:23.016+0000] {logging_mixin.py:188} INFO - [2024-03-12T12:08:23.016+0000] {dag.py:3834} INFO - Setting next_dagrun for latest_only_with_trigger to 2024-03-12 08:00:00+00:00, run_after=2024-03-12 12:00:00+00:00
[2024-03-12T12:08:23.027+0000] {processor.py:183} INFO - Processing /home/airflow/.local/lib/python3.8/site-packages/airflow/example_dags/example_latest_only_with_trigger.py took 0.050 seconds
[2024-03-12T12:08:53.776+0000] {processor.py:161} INFO - Started process (PID=5315) to work on /home/airflow/.local/lib/python3.8/site-packages/airflow/example_dags/example_latest_only_with_trigger.py
[2024-03-12T12:08:53.777+0000] {processor.py:830} INFO - Processing file /home/airflow/.local/lib/python3.8/site-packages/airflow/example_dags/example_latest_only_with_trigger.py for tasks to queue
[2024-03-12T12:08:53.778+0000] {logging_mixin.py:188} INFO - [2024-03-12T12:08:53.778+0000] {dagbag.py:540} INFO - Filling up the DagBag from /home/airflow/.local/lib/python3.8/site-packages/airflow/example_dags/example_latest_only_with_trigger.py
[2024-03-12T12:08:53.784+0000] {processor.py:840} INFO - DAG(s) 'latest_only_with_trigger' retrieved from /home/airflow/.local/lib/python3.8/site-packages/airflow/example_dags/example_latest_only_with_trigger.py
[2024-03-12T12:08:53.804+0000] {logging_mixin.py:188} INFO - [2024-03-12T12:08:53.803+0000] {dag.py:3047} INFO - Sync 1 DAGs
[2024-03-12T12:08:53.818+0000] {logging_mixin.py:188} INFO - [2024-03-12T12:08:53.818+0000] {dag.py:3834} INFO - Setting next_dagrun for latest_only_with_trigger to 2024-03-12 08:00:00+00:00, run_after=2024-03-12 12:00:00+00:00
[2024-03-12T12:08:53.830+0000] {processor.py:183} INFO - Processing /home/airflow/.local/lib/python3.8/site-packages/airflow/example_dags/example_latest_only_with_trigger.py took 0.057 seconds
[2024-03-12T12:09:24.250+0000] {processor.py:161} INFO - Started process (PID=5562) to work on /home/airflow/.local/lib/python3.8/site-packages/airflow/example_dags/example_latest_only_with_trigger.py
[2024-03-12T12:09:24.251+0000] {processor.py:830} INFO - Processing file /home/airflow/.local/lib/python3.8/site-packages/airflow/example_dags/example_latest_only_with_trigger.py for tasks to queue
[2024-03-12T12:09:24.252+0000] {logging_mixin.py:188} INFO - [2024-03-12T12:09:24.252+0000] {dagbag.py:540} INFO - Filling up the DagBag from /home/airflow/.local/lib/python3.8/site-packages/airflow/example_dags/example_latest_only_with_trigger.py
[2024-03-12T12:09:24.257+0000] {processor.py:840} INFO - DAG(s) 'latest_only_with_trigger' retrieved from /home/airflow/.local/lib/python3.8/site-packages/airflow/example_dags/example_latest_only_with_trigger.py
[2024-03-12T12:09:24.273+0000] {logging_mixin.py:188} INFO - [2024-03-12T12:09:24.273+0000] {dag.py:3047} INFO - Sync 1 DAGs
[2024-03-12T12:09:24.286+0000] {logging_mixin.py:188} INFO - [2024-03-12T12:09:24.286+0000] {dag.py:3834} INFO - Setting next_dagrun for latest_only_with_trigger to 2024-03-12 08:00:00+00:00, run_after=2024-03-12 12:00:00+00:00
[2024-03-12T12:09:24.297+0000] {processor.py:183} INFO - Processing /home/airflow/.local/lib/python3.8/site-packages/airflow/example_dags/example_latest_only_with_trigger.py took 0.050 seconds
[2024-03-12T12:09:55.028+0000] {processor.py:161} INFO - Started process (PID=5809) to work on /home/airflow/.local/lib/python3.8/site-packages/airflow/example_dags/example_latest_only_with_trigger.py
[2024-03-12T12:09:55.031+0000] {processor.py:830} INFO - Processing file /home/airflow/.local/lib/python3.8/site-packages/airflow/example_dags/example_latest_only_with_trigger.py for tasks to queue
[2024-03-12T12:09:55.032+0000] {logging_mixin.py:188} INFO - [2024-03-12T12:09:55.032+0000] {dagbag.py:540} INFO - Filling up the DagBag from /home/airflow/.local/lib/python3.8/site-packages/airflow/example_dags/example_latest_only_with_trigger.py
[2024-03-12T12:09:55.046+0000] {processor.py:840} INFO - DAG(s) 'latest_only_with_trigger' retrieved from /home/airflow/.local/lib/python3.8/site-packages/airflow/example_dags/example_latest_only_with_trigger.py
[2024-03-12T12:09:55.071+0000] {logging_mixin.py:188} INFO - [2024-03-12T12:09:55.071+0000] {dag.py:3047} INFO - Sync 1 DAGs
[2024-03-12T12:09:55.087+0000] {logging_mixin.py:188} INFO - [2024-03-12T12:09:55.087+0000] {dag.py:3834} INFO - Setting next_dagrun for latest_only_with_trigger to 2024-03-12 08:00:00+00:00, run_after=2024-03-12 12:00:00+00:00
[2024-03-12T12:09:55.098+0000] {processor.py:183} INFO - Processing /home/airflow/.local/lib/python3.8/site-packages/airflow/example_dags/example_latest_only_with_trigger.py took 0.075 seconds
[2024-03-12T12:10:25.866+0000] {processor.py:161} INFO - Started process (PID=6056) to work on /home/airflow/.local/lib/python3.8/site-packages/airflow/example_dags/example_latest_only_with_trigger.py
[2024-03-12T12:10:25.868+0000] {processor.py:830} INFO - Processing file /home/airflow/.local/lib/python3.8/site-packages/airflow/example_dags/example_latest_only_with_trigger.py for tasks to queue
[2024-03-12T12:10:25.872+0000] {logging_mixin.py:188} INFO - [2024-03-12T12:10:25.871+0000] {dagbag.py:540} INFO - Filling up the DagBag from /home/airflow/.local/lib/python3.8/site-packages/airflow/example_dags/example_latest_only_with_trigger.py
[2024-03-12T12:10:25.879+0000] {processor.py:840} INFO - DAG(s) 'latest_only_with_trigger' retrieved from /home/airflow/.local/lib/python3.8/site-packages/airflow/example_dags/example_latest_only_with_trigger.py
[2024-03-12T12:10:26.003+0000] {logging_mixin.py:188} INFO - [2024-03-12T12:10:26.003+0000] {dag.py:3047} INFO - Sync 1 DAGs
[2024-03-12T12:10:26.029+0000] {logging_mixin.py:188} INFO - [2024-03-12T12:10:26.029+0000] {dag.py:3834} INFO - Setting next_dagrun for latest_only_with_trigger to 2024-03-12 08:00:00+00:00, run_after=2024-03-12 12:00:00+00:00
[2024-03-12T12:10:26.044+0000] {processor.py:183} INFO - Processing /home/airflow/.local/lib/python3.8/site-packages/airflow/example_dags/example_latest_only_with_trigger.py took 0.182 seconds
