[2024-03-12T11:50:04.474+0000] {processor.py:161} INFO - Started process (PID=224) to work on /home/airflow/.local/lib/python3.8/site-packages/airflow/example_dags/example_skip_dag.py
[2024-03-12T11:50:04.476+0000] {processor.py:830} INFO - Processing file /home/airflow/.local/lib/python3.8/site-packages/airflow/example_dags/example_skip_dag.py for tasks to queue
[2024-03-12T11:50:04.478+0000] {logging_mixin.py:188} INFO - [2024-03-12T11:50:04.478+0000] {dagbag.py:540} INFO - Filling up the DagBag from /home/airflow/.local/lib/python3.8/site-packages/airflow/example_dags/example_skip_dag.py
[2024-03-12T11:50:04.487+0000] {processor.py:840} INFO - DAG(s) 'example_skip_dag' retrieved from /home/airflow/.local/lib/python3.8/site-packages/airflow/example_dags/example_skip_dag.py
[2024-03-12T11:50:04.510+0000] {logging_mixin.py:188} INFO - [2024-03-12T11:50:04.509+0000] {dag.py:3047} INFO - Sync 1 DAGs
[2024-03-12T11:50:04.527+0000] {logging_mixin.py:188} INFO - [2024-03-12T11:50:04.526+0000] {dag.py:3834} INFO - Setting next_dagrun for example_skip_dag to 2024-03-11 00:00:00+00:00, run_after=2024-03-12 00:00:00+00:00
[2024-03-12T11:50:04.550+0000] {processor.py:183} INFO - Processing /home/airflow/.local/lib/python3.8/site-packages/airflow/example_dags/example_skip_dag.py took 0.081 seconds
[2024-03-12T11:50:34.705+0000] {processor.py:161} INFO - Started process (PID=471) to work on /home/airflow/.local/lib/python3.8/site-packages/airflow/example_dags/example_skip_dag.py
[2024-03-12T11:50:34.706+0000] {processor.py:830} INFO - Processing file /home/airflow/.local/lib/python3.8/site-packages/airflow/example_dags/example_skip_dag.py for tasks to queue
[2024-03-12T11:50:34.707+0000] {logging_mixin.py:188} INFO - [2024-03-12T11:50:34.707+0000] {dagbag.py:540} INFO - Filling up the DagBag from /home/airflow/.local/lib/python3.8/site-packages/airflow/example_dags/example_skip_dag.py
[2024-03-12T11:50:34.713+0000] {processor.py:840} INFO - DAG(s) 'example_skip_dag' retrieved from /home/airflow/.local/lib/python3.8/site-packages/airflow/example_dags/example_skip_dag.py
[2024-03-12T11:50:34.730+0000] {logging_mixin.py:188} INFO - [2024-03-12T11:50:34.730+0000] {dag.py:3047} INFO - Sync 1 DAGs
[2024-03-12T11:50:34.742+0000] {logging_mixin.py:188} INFO - [2024-03-12T11:50:34.741+0000] {dag.py:3834} INFO - Setting next_dagrun for example_skip_dag to 2024-03-11 00:00:00+00:00, run_after=2024-03-12 00:00:00+00:00
[2024-03-12T11:50:34.752+0000] {processor.py:183} INFO - Processing /home/airflow/.local/lib/python3.8/site-packages/airflow/example_dags/example_skip_dag.py took 0.049 seconds
[2024-03-12T11:51:05.239+0000] {processor.py:161} INFO - Started process (PID=718) to work on /home/airflow/.local/lib/python3.8/site-packages/airflow/example_dags/example_skip_dag.py
[2024-03-12T11:51:05.240+0000] {processor.py:830} INFO - Processing file /home/airflow/.local/lib/python3.8/site-packages/airflow/example_dags/example_skip_dag.py for tasks to queue
[2024-03-12T11:51:05.241+0000] {logging_mixin.py:188} INFO - [2024-03-12T11:51:05.241+0000] {dagbag.py:540} INFO - Filling up the DagBag from /home/airflow/.local/lib/python3.8/site-packages/airflow/example_dags/example_skip_dag.py
[2024-03-12T11:51:05.246+0000] {processor.py:840} INFO - DAG(s) 'example_skip_dag' retrieved from /home/airflow/.local/lib/python3.8/site-packages/airflow/example_dags/example_skip_dag.py
[2024-03-12T11:51:05.263+0000] {logging_mixin.py:188} INFO - [2024-03-12T11:51:05.262+0000] {dag.py:3047} INFO - Sync 1 DAGs
[2024-03-12T11:51:05.276+0000] {logging_mixin.py:188} INFO - [2024-03-12T11:51:05.276+0000] {dag.py:3834} INFO - Setting next_dagrun for example_skip_dag to 2024-03-11 00:00:00+00:00, run_after=2024-03-12 00:00:00+00:00
[2024-03-12T11:51:05.287+0000] {processor.py:183} INFO - Processing /home/airflow/.local/lib/python3.8/site-packages/airflow/example_dags/example_skip_dag.py took 0.052 seconds
[2024-03-12T11:51:35.770+0000] {processor.py:161} INFO - Started process (PID=965) to work on /home/airflow/.local/lib/python3.8/site-packages/airflow/example_dags/example_skip_dag.py
[2024-03-12T11:51:35.772+0000] {processor.py:830} INFO - Processing file /home/airflow/.local/lib/python3.8/site-packages/airflow/example_dags/example_skip_dag.py for tasks to queue
[2024-03-12T11:51:35.774+0000] {logging_mixin.py:188} INFO - [2024-03-12T11:51:35.773+0000] {dagbag.py:540} INFO - Filling up the DagBag from /home/airflow/.local/lib/python3.8/site-packages/airflow/example_dags/example_skip_dag.py
[2024-03-12T11:51:35.779+0000] {processor.py:840} INFO - DAG(s) 'example_skip_dag' retrieved from /home/airflow/.local/lib/python3.8/site-packages/airflow/example_dags/example_skip_dag.py
[2024-03-12T11:51:35.796+0000] {logging_mixin.py:188} INFO - [2024-03-12T11:51:35.796+0000] {dag.py:3047} INFO - Sync 1 DAGs
[2024-03-12T11:51:35.809+0000] {logging_mixin.py:188} INFO - [2024-03-12T11:51:35.809+0000] {dag.py:3834} INFO - Setting next_dagrun for example_skip_dag to 2024-03-11 00:00:00+00:00, run_after=2024-03-12 00:00:00+00:00
[2024-03-12T11:51:35.820+0000] {processor.py:183} INFO - Processing /home/airflow/.local/lib/python3.8/site-packages/airflow/example_dags/example_skip_dag.py took 0.053 seconds
[2024-03-12T11:52:06.444+0000] {processor.py:161} INFO - Started process (PID=1214) to work on /home/airflow/.local/lib/python3.8/site-packages/airflow/example_dags/example_skip_dag.py
[2024-03-12T11:52:06.445+0000] {processor.py:830} INFO - Processing file /home/airflow/.local/lib/python3.8/site-packages/airflow/example_dags/example_skip_dag.py for tasks to queue
[2024-03-12T11:52:06.446+0000] {logging_mixin.py:188} INFO - [2024-03-12T11:52:06.446+0000] {dagbag.py:540} INFO - Filling up the DagBag from /home/airflow/.local/lib/python3.8/site-packages/airflow/example_dags/example_skip_dag.py
[2024-03-12T11:52:06.454+0000] {processor.py:840} INFO - DAG(s) 'example_skip_dag' retrieved from /home/airflow/.local/lib/python3.8/site-packages/airflow/example_dags/example_skip_dag.py
[2024-03-12T11:52:06.475+0000] {logging_mixin.py:188} INFO - [2024-03-12T11:52:06.475+0000] {dag.py:3047} INFO - Sync 1 DAGs
[2024-03-12T11:52:06.493+0000] {logging_mixin.py:188} INFO - [2024-03-12T11:52:06.493+0000] {dag.py:3834} INFO - Setting next_dagrun for example_skip_dag to 2024-03-11 00:00:00+00:00, run_after=2024-03-12 00:00:00+00:00
[2024-03-12T11:52:06.525+0000] {processor.py:183} INFO - Processing /home/airflow/.local/lib/python3.8/site-packages/airflow/example_dags/example_skip_dag.py took 0.085 seconds
[2024-03-12T11:52:37.143+0000] {processor.py:161} INFO - Started process (PID=1459) to work on /home/airflow/.local/lib/python3.8/site-packages/airflow/example_dags/example_skip_dag.py
[2024-03-12T11:52:37.145+0000] {processor.py:830} INFO - Processing file /home/airflow/.local/lib/python3.8/site-packages/airflow/example_dags/example_skip_dag.py for tasks to queue
[2024-03-12T11:52:37.146+0000] {logging_mixin.py:188} INFO - [2024-03-12T11:52:37.145+0000] {dagbag.py:540} INFO - Filling up the DagBag from /home/airflow/.local/lib/python3.8/site-packages/airflow/example_dags/example_skip_dag.py
[2024-03-12T11:52:37.151+0000] {processor.py:840} INFO - DAG(s) 'example_skip_dag' retrieved from /home/airflow/.local/lib/python3.8/site-packages/airflow/example_dags/example_skip_dag.py
[2024-03-12T11:52:37.168+0000] {logging_mixin.py:188} INFO - [2024-03-12T11:52:37.168+0000] {dag.py:3047} INFO - Sync 1 DAGs
[2024-03-12T11:52:37.183+0000] {logging_mixin.py:188} INFO - [2024-03-12T11:52:37.183+0000] {dag.py:3834} INFO - Setting next_dagrun for example_skip_dag to 2024-03-11 00:00:00+00:00, run_after=2024-03-12 00:00:00+00:00
[2024-03-12T11:52:37.194+0000] {processor.py:183} INFO - Processing /home/airflow/.local/lib/python3.8/site-packages/airflow/example_dags/example_skip_dag.py took 0.053 seconds
[2024-03-12T11:53:08.632+0000] {processor.py:161} INFO - Started process (PID=1708) to work on /home/airflow/.local/lib/python3.8/site-packages/airflow/example_dags/example_skip_dag.py
[2024-03-12T11:53:08.635+0000] {processor.py:830} INFO - Processing file /home/airflow/.local/lib/python3.8/site-packages/airflow/example_dags/example_skip_dag.py for tasks to queue
[2024-03-12T11:53:08.638+0000] {logging_mixin.py:188} INFO - [2024-03-12T11:53:08.638+0000] {dagbag.py:540} INFO - Filling up the DagBag from /home/airflow/.local/lib/python3.8/site-packages/airflow/example_dags/example_skip_dag.py
[2024-03-12T11:53:08.650+0000] {processor.py:840} INFO - DAG(s) 'example_skip_dag' retrieved from /home/airflow/.local/lib/python3.8/site-packages/airflow/example_dags/example_skip_dag.py
[2024-03-12T11:53:08.710+0000] {logging_mixin.py:188} INFO - [2024-03-12T11:53:08.710+0000] {dag.py:3047} INFO - Sync 1 DAGs
[2024-03-12T11:53:08.733+0000] {logging_mixin.py:188} INFO - [2024-03-12T11:53:08.733+0000] {dag.py:3834} INFO - Setting next_dagrun for example_skip_dag to 2024-03-11 00:00:00+00:00, run_after=2024-03-12 00:00:00+00:00
[2024-03-12T11:53:08.751+0000] {processor.py:183} INFO - Processing /home/airflow/.local/lib/python3.8/site-packages/airflow/example_dags/example_skip_dag.py took 0.124 seconds
[2024-03-12T11:53:39.576+0000] {processor.py:161} INFO - Started process (PID=1953) to work on /home/airflow/.local/lib/python3.8/site-packages/airflow/example_dags/example_skip_dag.py
[2024-03-12T11:53:39.580+0000] {processor.py:830} INFO - Processing file /home/airflow/.local/lib/python3.8/site-packages/airflow/example_dags/example_skip_dag.py for tasks to queue
[2024-03-12T11:53:39.583+0000] {logging_mixin.py:188} INFO - [2024-03-12T11:53:39.582+0000] {dagbag.py:540} INFO - Filling up the DagBag from /home/airflow/.local/lib/python3.8/site-packages/airflow/example_dags/example_skip_dag.py
[2024-03-12T11:53:39.591+0000] {processor.py:840} INFO - DAG(s) 'example_skip_dag' retrieved from /home/airflow/.local/lib/python3.8/site-packages/airflow/example_dags/example_skip_dag.py
[2024-03-12T11:53:39.650+0000] {logging_mixin.py:188} INFO - [2024-03-12T11:53:39.650+0000] {dag.py:3047} INFO - Sync 1 DAGs
[2024-03-12T11:53:39.669+0000] {logging_mixin.py:188} INFO - [2024-03-12T11:53:39.669+0000] {dag.py:3834} INFO - Setting next_dagrun for example_skip_dag to 2024-03-11 00:00:00+00:00, run_after=2024-03-12 00:00:00+00:00
[2024-03-12T11:53:39.682+0000] {processor.py:183} INFO - Processing /home/airflow/.local/lib/python3.8/site-packages/airflow/example_dags/example_skip_dag.py took 0.113 seconds
[2024-03-12T11:54:10.755+0000] {processor.py:161} INFO - Started process (PID=2197) to work on /home/airflow/.local/lib/python3.8/site-packages/airflow/example_dags/example_skip_dag.py
[2024-03-12T11:54:10.756+0000] {processor.py:830} INFO - Processing file /home/airflow/.local/lib/python3.8/site-packages/airflow/example_dags/example_skip_dag.py for tasks to queue
[2024-03-12T11:54:10.758+0000] {logging_mixin.py:188} INFO - [2024-03-12T11:54:10.757+0000] {dagbag.py:540} INFO - Filling up the DagBag from /home/airflow/.local/lib/python3.8/site-packages/airflow/example_dags/example_skip_dag.py
[2024-03-12T11:54:10.765+0000] {processor.py:840} INFO - DAG(s) 'example_skip_dag' retrieved from /home/airflow/.local/lib/python3.8/site-packages/airflow/example_dags/example_skip_dag.py
[2024-03-12T11:54:10.785+0000] {logging_mixin.py:188} INFO - [2024-03-12T11:54:10.785+0000] {dag.py:3047} INFO - Sync 1 DAGs
[2024-03-12T11:54:10.799+0000] {logging_mixin.py:188} INFO - [2024-03-12T11:54:10.799+0000] {dag.py:3834} INFO - Setting next_dagrun for example_skip_dag to 2024-03-11 00:00:00+00:00, run_after=2024-03-12 00:00:00+00:00
[2024-03-12T11:54:10.812+0000] {processor.py:183} INFO - Processing /home/airflow/.local/lib/python3.8/site-packages/airflow/example_dags/example_skip_dag.py took 0.061 seconds
[2024-03-12T11:54:41.405+0000] {processor.py:161} INFO - Started process (PID=2447) to work on /home/airflow/.local/lib/python3.8/site-packages/airflow/example_dags/example_skip_dag.py
[2024-03-12T11:54:41.406+0000] {processor.py:830} INFO - Processing file /home/airflow/.local/lib/python3.8/site-packages/airflow/example_dags/example_skip_dag.py for tasks to queue
[2024-03-12T11:54:41.407+0000] {logging_mixin.py:188} INFO - [2024-03-12T11:54:41.406+0000] {dagbag.py:540} INFO - Filling up the DagBag from /home/airflow/.local/lib/python3.8/site-packages/airflow/example_dags/example_skip_dag.py
[2024-03-12T11:54:41.412+0000] {processor.py:840} INFO - DAG(s) 'example_skip_dag' retrieved from /home/airflow/.local/lib/python3.8/site-packages/airflow/example_dags/example_skip_dag.py
[2024-03-12T11:54:41.428+0000] {logging_mixin.py:188} INFO - [2024-03-12T11:54:41.428+0000] {dag.py:3047} INFO - Sync 1 DAGs
[2024-03-12T11:54:41.440+0000] {logging_mixin.py:188} INFO - [2024-03-12T11:54:41.440+0000] {dag.py:3834} INFO - Setting next_dagrun for example_skip_dag to 2024-03-11 00:00:00+00:00, run_after=2024-03-12 00:00:00+00:00
[2024-03-12T11:54:41.451+0000] {processor.py:183} INFO - Processing /home/airflow/.local/lib/python3.8/site-packages/airflow/example_dags/example_skip_dag.py took 0.049 seconds
[2024-03-12T11:55:12.706+0000] {processor.py:161} INFO - Started process (PID=2696) to work on /home/airflow/.local/lib/python3.8/site-packages/airflow/example_dags/example_skip_dag.py
[2024-03-12T11:55:12.708+0000] {processor.py:830} INFO - Processing file /home/airflow/.local/lib/python3.8/site-packages/airflow/example_dags/example_skip_dag.py for tasks to queue
[2024-03-12T11:55:12.709+0000] {logging_mixin.py:188} INFO - [2024-03-12T11:55:12.709+0000] {dagbag.py:540} INFO - Filling up the DagBag from /home/airflow/.local/lib/python3.8/site-packages/airflow/example_dags/example_skip_dag.py
[2024-03-12T11:55:12.714+0000] {processor.py:840} INFO - DAG(s) 'example_skip_dag' retrieved from /home/airflow/.local/lib/python3.8/site-packages/airflow/example_dags/example_skip_dag.py
[2024-03-12T11:55:12.732+0000] {logging_mixin.py:188} INFO - [2024-03-12T11:55:12.732+0000] {dag.py:3047} INFO - Sync 1 DAGs
[2024-03-12T11:55:12.745+0000] {logging_mixin.py:188} INFO - [2024-03-12T11:55:12.745+0000] {dag.py:3834} INFO - Setting next_dagrun for example_skip_dag to 2024-03-11 00:00:00+00:00, run_after=2024-03-12 00:00:00+00:00
[2024-03-12T11:55:12.759+0000] {processor.py:183} INFO - Processing /home/airflow/.local/lib/python3.8/site-packages/airflow/example_dags/example_skip_dag.py took 0.056 seconds
[2024-03-12T11:55:43.535+0000] {processor.py:161} INFO - Started process (PID=2943) to work on /home/airflow/.local/lib/python3.8/site-packages/airflow/example_dags/example_skip_dag.py
[2024-03-12T11:55:43.536+0000] {processor.py:830} INFO - Processing file /home/airflow/.local/lib/python3.8/site-packages/airflow/example_dags/example_skip_dag.py for tasks to queue
[2024-03-12T11:55:43.538+0000] {logging_mixin.py:188} INFO - [2024-03-12T11:55:43.537+0000] {dagbag.py:540} INFO - Filling up the DagBag from /home/airflow/.local/lib/python3.8/site-packages/airflow/example_dags/example_skip_dag.py
[2024-03-12T11:55:43.543+0000] {processor.py:840} INFO - DAG(s) 'example_skip_dag' retrieved from /home/airflow/.local/lib/python3.8/site-packages/airflow/example_dags/example_skip_dag.py
[2024-03-12T11:55:43.560+0000] {logging_mixin.py:188} INFO - [2024-03-12T11:55:43.560+0000] {dag.py:3047} INFO - Sync 1 DAGs
[2024-03-12T11:55:43.573+0000] {logging_mixin.py:188} INFO - [2024-03-12T11:55:43.572+0000] {dag.py:3834} INFO - Setting next_dagrun for example_skip_dag to 2024-03-11 00:00:00+00:00, run_after=2024-03-12 00:00:00+00:00
[2024-03-12T11:55:43.585+0000] {processor.py:183} INFO - Processing /home/airflow/.local/lib/python3.8/site-packages/airflow/example_dags/example_skip_dag.py took 0.053 seconds
[2024-03-12T11:57:07.094+0000] {processor.py:161} INFO - Started process (PID=224) to work on /home/airflow/.local/lib/python3.8/site-packages/airflow/example_dags/example_skip_dag.py
[2024-03-12T11:57:07.097+0000] {processor.py:830} INFO - Processing file /home/airflow/.local/lib/python3.8/site-packages/airflow/example_dags/example_skip_dag.py for tasks to queue
[2024-03-12T11:57:07.099+0000] {logging_mixin.py:188} INFO - [2024-03-12T11:57:07.099+0000] {dagbag.py:540} INFO - Filling up the DagBag from /home/airflow/.local/lib/python3.8/site-packages/airflow/example_dags/example_skip_dag.py
[2024-03-12T11:57:07.109+0000] {processor.py:840} INFO - DAG(s) 'example_skip_dag' retrieved from /home/airflow/.local/lib/python3.8/site-packages/airflow/example_dags/example_skip_dag.py
[2024-03-12T11:57:07.132+0000] {logging_mixin.py:188} INFO - [2024-03-12T11:57:07.132+0000] {dag.py:3047} INFO - Sync 1 DAGs
[2024-03-12T11:57:07.149+0000] {logging_mixin.py:188} INFO - [2024-03-12T11:57:07.149+0000] {dag.py:3834} INFO - Setting next_dagrun for example_skip_dag to 2024-03-11 00:00:00+00:00, run_after=2024-03-12 00:00:00+00:00
[2024-03-12T11:57:07.165+0000] {processor.py:183} INFO - Processing /home/airflow/.local/lib/python3.8/site-packages/airflow/example_dags/example_skip_dag.py took 0.074 seconds
[2024-03-12T11:57:37.277+0000] {processor.py:161} INFO - Started process (PID=471) to work on /home/airflow/.local/lib/python3.8/site-packages/airflow/example_dags/example_skip_dag.py
[2024-03-12T11:57:37.279+0000] {processor.py:830} INFO - Processing file /home/airflow/.local/lib/python3.8/site-packages/airflow/example_dags/example_skip_dag.py for tasks to queue
[2024-03-12T11:57:37.280+0000] {logging_mixin.py:188} INFO - [2024-03-12T11:57:37.280+0000] {dagbag.py:540} INFO - Filling up the DagBag from /home/airflow/.local/lib/python3.8/site-packages/airflow/example_dags/example_skip_dag.py
[2024-03-12T11:57:37.286+0000] {processor.py:840} INFO - DAG(s) 'example_skip_dag' retrieved from /home/airflow/.local/lib/python3.8/site-packages/airflow/example_dags/example_skip_dag.py
[2024-03-12T11:57:37.303+0000] {logging_mixin.py:188} INFO - [2024-03-12T11:57:37.303+0000] {dag.py:3047} INFO - Sync 1 DAGs
[2024-03-12T11:57:37.318+0000] {logging_mixin.py:188} INFO - [2024-03-12T11:57:37.317+0000] {dag.py:3834} INFO - Setting next_dagrun for example_skip_dag to 2024-03-11 00:00:00+00:00, run_after=2024-03-12 00:00:00+00:00
[2024-03-12T11:57:37.329+0000] {processor.py:183} INFO - Processing /home/airflow/.local/lib/python3.8/site-packages/airflow/example_dags/example_skip_dag.py took 0.055 seconds
[2024-03-12T11:58:34.898+0000] {processor.py:161} INFO - Started process (PID=224) to work on /home/airflow/.local/lib/python3.8/site-packages/airflow/example_dags/example_skip_dag.py
[2024-03-12T11:58:34.900+0000] {processor.py:830} INFO - Processing file /home/airflow/.local/lib/python3.8/site-packages/airflow/example_dags/example_skip_dag.py for tasks to queue
[2024-03-12T11:58:34.901+0000] {logging_mixin.py:188} INFO - [2024-03-12T11:58:34.901+0000] {dagbag.py:540} INFO - Filling up the DagBag from /home/airflow/.local/lib/python3.8/site-packages/airflow/example_dags/example_skip_dag.py
[2024-03-12T11:58:34.909+0000] {processor.py:840} INFO - DAG(s) 'example_skip_dag' retrieved from /home/airflow/.local/lib/python3.8/site-packages/airflow/example_dags/example_skip_dag.py
[2024-03-12T11:58:34.944+0000] {logging_mixin.py:188} INFO - [2024-03-12T11:58:34.944+0000] {dag.py:3047} INFO - Sync 1 DAGs
[2024-03-12T11:58:34.963+0000] {logging_mixin.py:188} INFO - [2024-03-12T11:58:34.963+0000] {dag.py:3834} INFO - Setting next_dagrun for example_skip_dag to 2024-03-11 00:00:00+00:00, run_after=2024-03-12 00:00:00+00:00
[2024-03-12T11:58:34.976+0000] {processor.py:183} INFO - Processing /home/airflow/.local/lib/python3.8/site-packages/airflow/example_dags/example_skip_dag.py took 0.082 seconds
[2024-03-12T11:59:05.143+0000] {processor.py:161} INFO - Started process (PID=471) to work on /home/airflow/.local/lib/python3.8/site-packages/airflow/example_dags/example_skip_dag.py
[2024-03-12T11:59:05.145+0000] {processor.py:830} INFO - Processing file /home/airflow/.local/lib/python3.8/site-packages/airflow/example_dags/example_skip_dag.py for tasks to queue
[2024-03-12T11:59:05.146+0000] {logging_mixin.py:188} INFO - [2024-03-12T11:59:05.145+0000] {dagbag.py:540} INFO - Filling up the DagBag from /home/airflow/.local/lib/python3.8/site-packages/airflow/example_dags/example_skip_dag.py
[2024-03-12T11:59:05.152+0000] {processor.py:840} INFO - DAG(s) 'example_skip_dag' retrieved from /home/airflow/.local/lib/python3.8/site-packages/airflow/example_dags/example_skip_dag.py
[2024-03-12T11:59:05.182+0000] {logging_mixin.py:188} INFO - [2024-03-12T11:59:05.182+0000] {dag.py:3047} INFO - Sync 1 DAGs
[2024-03-12T11:59:05.205+0000] {logging_mixin.py:188} INFO - [2024-03-12T11:59:05.205+0000] {dag.py:3834} INFO - Setting next_dagrun for example_skip_dag to 2024-03-11 00:00:00+00:00, run_after=2024-03-12 00:00:00+00:00
[2024-03-12T11:59:05.216+0000] {processor.py:183} INFO - Processing /home/airflow/.local/lib/python3.8/site-packages/airflow/example_dags/example_skip_dag.py took 0.076 seconds
[2024-03-12T11:59:35.750+0000] {processor.py:161} INFO - Started process (PID=718) to work on /home/airflow/.local/lib/python3.8/site-packages/airflow/example_dags/example_skip_dag.py
[2024-03-12T11:59:35.752+0000] {processor.py:830} INFO - Processing file /home/airflow/.local/lib/python3.8/site-packages/airflow/example_dags/example_skip_dag.py for tasks to queue
[2024-03-12T11:59:35.753+0000] {logging_mixin.py:188} INFO - [2024-03-12T11:59:35.753+0000] {dagbag.py:540} INFO - Filling up the DagBag from /home/airflow/.local/lib/python3.8/site-packages/airflow/example_dags/example_skip_dag.py
[2024-03-12T11:59:35.758+0000] {processor.py:840} INFO - DAG(s) 'example_skip_dag' retrieved from /home/airflow/.local/lib/python3.8/site-packages/airflow/example_dags/example_skip_dag.py
[2024-03-12T11:59:35.776+0000] {logging_mixin.py:188} INFO - [2024-03-12T11:59:35.776+0000] {dag.py:3047} INFO - Sync 1 DAGs
[2024-03-12T11:59:35.790+0000] {logging_mixin.py:188} INFO - [2024-03-12T11:59:35.789+0000] {dag.py:3834} INFO - Setting next_dagrun for example_skip_dag to 2024-03-11 00:00:00+00:00, run_after=2024-03-12 00:00:00+00:00
[2024-03-12T11:59:35.800+0000] {processor.py:183} INFO - Processing /home/airflow/.local/lib/python3.8/site-packages/airflow/example_dags/example_skip_dag.py took 0.053 seconds
[2024-03-12T12:00:06.651+0000] {processor.py:161} INFO - Started process (PID=965) to work on /home/airflow/.local/lib/python3.8/site-packages/airflow/example_dags/example_skip_dag.py
[2024-03-12T12:00:06.653+0000] {processor.py:830} INFO - Processing file /home/airflow/.local/lib/python3.8/site-packages/airflow/example_dags/example_skip_dag.py for tasks to queue
[2024-03-12T12:00:06.654+0000] {logging_mixin.py:188} INFO - [2024-03-12T12:00:06.653+0000] {dagbag.py:540} INFO - Filling up the DagBag from /home/airflow/.local/lib/python3.8/site-packages/airflow/example_dags/example_skip_dag.py
[2024-03-12T12:00:06.659+0000] {processor.py:840} INFO - DAG(s) 'example_skip_dag' retrieved from /home/airflow/.local/lib/python3.8/site-packages/airflow/example_dags/example_skip_dag.py
[2024-03-12T12:00:06.677+0000] {logging_mixin.py:188} INFO - [2024-03-12T12:00:06.677+0000] {dag.py:3047} INFO - Sync 1 DAGs
[2024-03-12T12:00:06.692+0000] {logging_mixin.py:188} INFO - [2024-03-12T12:00:06.692+0000] {dag.py:3834} INFO - Setting next_dagrun for example_skip_dag to 2024-03-11 00:00:00+00:00, run_after=2024-03-12 00:00:00+00:00
[2024-03-12T12:00:06.705+0000] {processor.py:183} INFO - Processing /home/airflow/.local/lib/python3.8/site-packages/airflow/example_dags/example_skip_dag.py took 0.056 seconds
[2024-03-12T12:00:37.434+0000] {processor.py:161} INFO - Started process (PID=1212) to work on /home/airflow/.local/lib/python3.8/site-packages/airflow/example_dags/example_skip_dag.py
[2024-03-12T12:00:37.435+0000] {processor.py:830} INFO - Processing file /home/airflow/.local/lib/python3.8/site-packages/airflow/example_dags/example_skip_dag.py for tasks to queue
[2024-03-12T12:00:37.436+0000] {logging_mixin.py:188} INFO - [2024-03-12T12:00:37.436+0000] {dagbag.py:540} INFO - Filling up the DagBag from /home/airflow/.local/lib/python3.8/site-packages/airflow/example_dags/example_skip_dag.py
[2024-03-12T12:00:37.442+0000] {processor.py:840} INFO - DAG(s) 'example_skip_dag' retrieved from /home/airflow/.local/lib/python3.8/site-packages/airflow/example_dags/example_skip_dag.py
[2024-03-12T12:00:37.461+0000] {logging_mixin.py:188} INFO - [2024-03-12T12:00:37.461+0000] {dag.py:3047} INFO - Sync 1 DAGs
[2024-03-12T12:00:37.478+0000] {logging_mixin.py:188} INFO - [2024-03-12T12:00:37.477+0000] {dag.py:3834} INFO - Setting next_dagrun for example_skip_dag to 2024-03-11 00:00:00+00:00, run_after=2024-03-12 00:00:00+00:00
[2024-03-12T12:00:37.490+0000] {processor.py:183} INFO - Processing /home/airflow/.local/lib/python3.8/site-packages/airflow/example_dags/example_skip_dag.py took 0.060 seconds
[2024-03-12T12:01:08.535+0000] {processor.py:161} INFO - Started process (PID=1461) to work on /home/airflow/.local/lib/python3.8/site-packages/airflow/example_dags/example_skip_dag.py
[2024-03-12T12:01:08.537+0000] {processor.py:830} INFO - Processing file /home/airflow/.local/lib/python3.8/site-packages/airflow/example_dags/example_skip_dag.py for tasks to queue
[2024-03-12T12:01:08.537+0000] {logging_mixin.py:188} INFO - [2024-03-12T12:01:08.537+0000] {dagbag.py:540} INFO - Filling up the DagBag from /home/airflow/.local/lib/python3.8/site-packages/airflow/example_dags/example_skip_dag.py
[2024-03-12T12:01:08.543+0000] {processor.py:840} INFO - DAG(s) 'example_skip_dag' retrieved from /home/airflow/.local/lib/python3.8/site-packages/airflow/example_dags/example_skip_dag.py
[2024-03-12T12:01:08.559+0000] {logging_mixin.py:188} INFO - [2024-03-12T12:01:08.559+0000] {dag.py:3047} INFO - Sync 1 DAGs
[2024-03-12T12:01:08.572+0000] {logging_mixin.py:188} INFO - [2024-03-12T12:01:08.572+0000] {dag.py:3834} INFO - Setting next_dagrun for example_skip_dag to 2024-03-11 00:00:00+00:00, run_after=2024-03-12 00:00:00+00:00
[2024-03-12T12:01:08.582+0000] {processor.py:183} INFO - Processing /home/airflow/.local/lib/python3.8/site-packages/airflow/example_dags/example_skip_dag.py took 0.050 seconds
[2024-03-12T12:01:39.427+0000] {processor.py:161} INFO - Started process (PID=1708) to work on /home/airflow/.local/lib/python3.8/site-packages/airflow/example_dags/example_skip_dag.py
[2024-03-12T12:01:39.429+0000] {processor.py:830} INFO - Processing file /home/airflow/.local/lib/python3.8/site-packages/airflow/example_dags/example_skip_dag.py for tasks to queue
[2024-03-12T12:01:39.430+0000] {logging_mixin.py:188} INFO - [2024-03-12T12:01:39.429+0000] {dagbag.py:540} INFO - Filling up the DagBag from /home/airflow/.local/lib/python3.8/site-packages/airflow/example_dags/example_skip_dag.py
[2024-03-12T12:01:39.435+0000] {processor.py:840} INFO - DAG(s) 'example_skip_dag' retrieved from /home/airflow/.local/lib/python3.8/site-packages/airflow/example_dags/example_skip_dag.py
[2024-03-12T12:01:39.452+0000] {logging_mixin.py:188} INFO - [2024-03-12T12:01:39.452+0000] {dag.py:3047} INFO - Sync 1 DAGs
[2024-03-12T12:01:39.465+0000] {logging_mixin.py:188} INFO - [2024-03-12T12:01:39.465+0000] {dag.py:3834} INFO - Setting next_dagrun for example_skip_dag to 2024-03-11 00:00:00+00:00, run_after=2024-03-12 00:00:00+00:00
[2024-03-12T12:01:39.479+0000] {processor.py:183} INFO - Processing /home/airflow/.local/lib/python3.8/site-packages/airflow/example_dags/example_skip_dag.py took 0.055 seconds
[2024-03-12T12:02:10.251+0000] {processor.py:161} INFO - Started process (PID=1953) to work on /home/airflow/.local/lib/python3.8/site-packages/airflow/example_dags/example_skip_dag.py
[2024-03-12T12:02:10.252+0000] {processor.py:830} INFO - Processing file /home/airflow/.local/lib/python3.8/site-packages/airflow/example_dags/example_skip_dag.py for tasks to queue
[2024-03-12T12:02:10.254+0000] {logging_mixin.py:188} INFO - [2024-03-12T12:02:10.253+0000] {dagbag.py:540} INFO - Filling up the DagBag from /home/airflow/.local/lib/python3.8/site-packages/airflow/example_dags/example_skip_dag.py
[2024-03-12T12:02:10.259+0000] {processor.py:840} INFO - DAG(s) 'example_skip_dag' retrieved from /home/airflow/.local/lib/python3.8/site-packages/airflow/example_dags/example_skip_dag.py
[2024-03-12T12:02:10.278+0000] {logging_mixin.py:188} INFO - [2024-03-12T12:02:10.278+0000] {dag.py:3047} INFO - Sync 1 DAGs
[2024-03-12T12:02:10.294+0000] {logging_mixin.py:188} INFO - [2024-03-12T12:02:10.294+0000] {dag.py:3834} INFO - Setting next_dagrun for example_skip_dag to 2024-03-11 00:00:00+00:00, run_after=2024-03-12 00:00:00+00:00
[2024-03-12T12:02:10.305+0000] {processor.py:183} INFO - Processing /home/airflow/.local/lib/python3.8/site-packages/airflow/example_dags/example_skip_dag.py took 0.058 seconds
[2024-03-12T12:02:40.827+0000] {processor.py:161} INFO - Started process (PID=2200) to work on /home/airflow/.local/lib/python3.8/site-packages/airflow/example_dags/example_skip_dag.py
[2024-03-12T12:02:40.829+0000] {processor.py:830} INFO - Processing file /home/airflow/.local/lib/python3.8/site-packages/airflow/example_dags/example_skip_dag.py for tasks to queue
[2024-03-12T12:02:40.830+0000] {logging_mixin.py:188} INFO - [2024-03-12T12:02:40.830+0000] {dagbag.py:540} INFO - Filling up the DagBag from /home/airflow/.local/lib/python3.8/site-packages/airflow/example_dags/example_skip_dag.py
[2024-03-12T12:02:40.836+0000] {processor.py:840} INFO - DAG(s) 'example_skip_dag' retrieved from /home/airflow/.local/lib/python3.8/site-packages/airflow/example_dags/example_skip_dag.py
[2024-03-12T12:02:40.853+0000] {logging_mixin.py:188} INFO - [2024-03-12T12:02:40.853+0000] {dag.py:3047} INFO - Sync 1 DAGs
[2024-03-12T12:02:40.870+0000] {logging_mixin.py:188} INFO - [2024-03-12T12:02:40.870+0000] {dag.py:3834} INFO - Setting next_dagrun for example_skip_dag to 2024-03-11 00:00:00+00:00, run_after=2024-03-12 00:00:00+00:00
[2024-03-12T12:02:40.882+0000] {processor.py:183} INFO - Processing /home/airflow/.local/lib/python3.8/site-packages/airflow/example_dags/example_skip_dag.py took 0.057 seconds
[2024-03-12T12:03:12.364+0000] {processor.py:161} INFO - Started process (PID=2449) to work on /home/airflow/.local/lib/python3.8/site-packages/airflow/example_dags/example_skip_dag.py
[2024-03-12T12:03:12.367+0000] {processor.py:830} INFO - Processing file /home/airflow/.local/lib/python3.8/site-packages/airflow/example_dags/example_skip_dag.py for tasks to queue
[2024-03-12T12:03:12.368+0000] {logging_mixin.py:188} INFO - [2024-03-12T12:03:12.368+0000] {dagbag.py:540} INFO - Filling up the DagBag from /home/airflow/.local/lib/python3.8/site-packages/airflow/example_dags/example_skip_dag.py
[2024-03-12T12:03:12.374+0000] {processor.py:840} INFO - DAG(s) 'example_skip_dag' retrieved from /home/airflow/.local/lib/python3.8/site-packages/airflow/example_dags/example_skip_dag.py
[2024-03-12T12:03:12.393+0000] {logging_mixin.py:188} INFO - [2024-03-12T12:03:12.393+0000] {dag.py:3047} INFO - Sync 1 DAGs
[2024-03-12T12:03:12.409+0000] {logging_mixin.py:188} INFO - [2024-03-12T12:03:12.409+0000] {dag.py:3834} INFO - Setting next_dagrun for example_skip_dag to 2024-03-11 00:00:00+00:00, run_after=2024-03-12 00:00:00+00:00
[2024-03-12T12:03:12.426+0000] {processor.py:183} INFO - Processing /home/airflow/.local/lib/python3.8/site-packages/airflow/example_dags/example_skip_dag.py took 0.065 seconds
[2024-03-12T12:03:43.470+0000] {processor.py:161} INFO - Started process (PID=2696) to work on /home/airflow/.local/lib/python3.8/site-packages/airflow/example_dags/example_skip_dag.py
[2024-03-12T12:03:43.472+0000] {processor.py:830} INFO - Processing file /home/airflow/.local/lib/python3.8/site-packages/airflow/example_dags/example_skip_dag.py for tasks to queue
[2024-03-12T12:03:43.474+0000] {logging_mixin.py:188} INFO - [2024-03-12T12:03:43.474+0000] {dagbag.py:540} INFO - Filling up the DagBag from /home/airflow/.local/lib/python3.8/site-packages/airflow/example_dags/example_skip_dag.py
[2024-03-12T12:03:43.482+0000] {processor.py:840} INFO - DAG(s) 'example_skip_dag' retrieved from /home/airflow/.local/lib/python3.8/site-packages/airflow/example_dags/example_skip_dag.py
[2024-03-12T12:03:43.503+0000] {logging_mixin.py:188} INFO - [2024-03-12T12:03:43.503+0000] {dag.py:3047} INFO - Sync 1 DAGs
[2024-03-12T12:03:43.523+0000] {logging_mixin.py:188} INFO - [2024-03-12T12:03:43.523+0000] {dag.py:3834} INFO - Setting next_dagrun for example_skip_dag to 2024-03-11 00:00:00+00:00, run_after=2024-03-12 00:00:00+00:00
[2024-03-12T12:03:43.537+0000] {processor.py:183} INFO - Processing /home/airflow/.local/lib/python3.8/site-packages/airflow/example_dags/example_skip_dag.py took 0.071 seconds
[2024-03-12T12:04:14.512+0000] {processor.py:161} INFO - Started process (PID=2943) to work on /home/airflow/.local/lib/python3.8/site-packages/airflow/example_dags/example_skip_dag.py
[2024-03-12T12:04:14.514+0000] {processor.py:830} INFO - Processing file /home/airflow/.local/lib/python3.8/site-packages/airflow/example_dags/example_skip_dag.py for tasks to queue
[2024-03-12T12:04:14.515+0000] {logging_mixin.py:188} INFO - [2024-03-12T12:04:14.515+0000] {dagbag.py:540} INFO - Filling up the DagBag from /home/airflow/.local/lib/python3.8/site-packages/airflow/example_dags/example_skip_dag.py
[2024-03-12T12:04:14.522+0000] {processor.py:840} INFO - DAG(s) 'example_skip_dag' retrieved from /home/airflow/.local/lib/python3.8/site-packages/airflow/example_dags/example_skip_dag.py
[2024-03-12T12:04:14.545+0000] {logging_mixin.py:188} INFO - [2024-03-12T12:04:14.545+0000] {dag.py:3047} INFO - Sync 1 DAGs
[2024-03-12T12:04:14.562+0000] {logging_mixin.py:188} INFO - [2024-03-12T12:04:14.562+0000] {dag.py:3834} INFO - Setting next_dagrun for example_skip_dag to 2024-03-11 00:00:00+00:00, run_after=2024-03-12 00:00:00+00:00
[2024-03-12T12:04:14.588+0000] {processor.py:183} INFO - Processing /home/airflow/.local/lib/python3.8/site-packages/airflow/example_dags/example_skip_dag.py took 0.080 seconds
[2024-03-12T12:04:45.236+0000] {processor.py:161} INFO - Started process (PID=3190) to work on /home/airflow/.local/lib/python3.8/site-packages/airflow/example_dags/example_skip_dag.py
[2024-03-12T12:04:45.238+0000] {processor.py:830} INFO - Processing file /home/airflow/.local/lib/python3.8/site-packages/airflow/example_dags/example_skip_dag.py for tasks to queue
[2024-03-12T12:04:45.240+0000] {logging_mixin.py:188} INFO - [2024-03-12T12:04:45.239+0000] {dagbag.py:540} INFO - Filling up the DagBag from /home/airflow/.local/lib/python3.8/site-packages/airflow/example_dags/example_skip_dag.py
[2024-03-12T12:04:45.251+0000] {processor.py:840} INFO - DAG(s) 'example_skip_dag' retrieved from /home/airflow/.local/lib/python3.8/site-packages/airflow/example_dags/example_skip_dag.py
[2024-03-12T12:04:45.328+0000] {logging_mixin.py:188} INFO - [2024-03-12T12:04:45.328+0000] {dag.py:3047} INFO - Sync 1 DAGs
[2024-03-12T12:04:45.362+0000] {logging_mixin.py:188} INFO - [2024-03-12T12:04:45.362+0000] {dag.py:3834} INFO - Setting next_dagrun for example_skip_dag to 2024-03-11 00:00:00+00:00, run_after=2024-03-12 00:00:00+00:00
[2024-03-12T12:04:45.383+0000] {processor.py:183} INFO - Processing /home/airflow/.local/lib/python3.8/site-packages/airflow/example_dags/example_skip_dag.py took 0.152 seconds
[2024-03-12T12:05:15.614+0000] {processor.py:161} INFO - Started process (PID=3438) to work on /home/airflow/.local/lib/python3.8/site-packages/airflow/example_dags/example_skip_dag.py
[2024-03-12T12:05:15.615+0000] {processor.py:830} INFO - Processing file /home/airflow/.local/lib/python3.8/site-packages/airflow/example_dags/example_skip_dag.py for tasks to queue
[2024-03-12T12:05:15.616+0000] {logging_mixin.py:188} INFO - [2024-03-12T12:05:15.616+0000] {dagbag.py:540} INFO - Filling up the DagBag from /home/airflow/.local/lib/python3.8/site-packages/airflow/example_dags/example_skip_dag.py
[2024-03-12T12:05:15.622+0000] {processor.py:840} INFO - DAG(s) 'example_skip_dag' retrieved from /home/airflow/.local/lib/python3.8/site-packages/airflow/example_dags/example_skip_dag.py
[2024-03-12T12:05:15.638+0000] {logging_mixin.py:188} INFO - [2024-03-12T12:05:15.637+0000] {dag.py:3047} INFO - Sync 1 DAGs
[2024-03-12T12:05:15.649+0000] {logging_mixin.py:188} INFO - [2024-03-12T12:05:15.649+0000] {dag.py:3834} INFO - Setting next_dagrun for example_skip_dag to 2024-03-11 00:00:00+00:00, run_after=2024-03-12 00:00:00+00:00
[2024-03-12T12:05:15.658+0000] {processor.py:183} INFO - Processing /home/airflow/.local/lib/python3.8/site-packages/airflow/example_dags/example_skip_dag.py took 0.047 seconds
[2024-03-12T12:05:46.065+0000] {processor.py:161} INFO - Started process (PID=3685) to work on /home/airflow/.local/lib/python3.8/site-packages/airflow/example_dags/example_skip_dag.py
[2024-03-12T12:05:46.067+0000] {processor.py:830} INFO - Processing file /home/airflow/.local/lib/python3.8/site-packages/airflow/example_dags/example_skip_dag.py for tasks to queue
[2024-03-12T12:05:46.068+0000] {logging_mixin.py:188} INFO - [2024-03-12T12:05:46.068+0000] {dagbag.py:540} INFO - Filling up the DagBag from /home/airflow/.local/lib/python3.8/site-packages/airflow/example_dags/example_skip_dag.py
[2024-03-12T12:05:46.074+0000] {processor.py:840} INFO - DAG(s) 'example_skip_dag' retrieved from /home/airflow/.local/lib/python3.8/site-packages/airflow/example_dags/example_skip_dag.py
[2024-03-12T12:05:46.091+0000] {logging_mixin.py:188} INFO - [2024-03-12T12:05:46.091+0000] {dag.py:3047} INFO - Sync 1 DAGs
[2024-03-12T12:05:46.107+0000] {logging_mixin.py:188} INFO - [2024-03-12T12:05:46.107+0000] {dag.py:3834} INFO - Setting next_dagrun for example_skip_dag to 2024-03-11 00:00:00+00:00, run_after=2024-03-12 00:00:00+00:00
[2024-03-12T12:05:46.118+0000] {processor.py:183} INFO - Processing /home/airflow/.local/lib/python3.8/site-packages/airflow/example_dags/example_skip_dag.py took 0.056 seconds
[2024-03-12T12:06:17.232+0000] {processor.py:161} INFO - Started process (PID=3930) to work on /home/airflow/.local/lib/python3.8/site-packages/airflow/example_dags/example_skip_dag.py
[2024-03-12T12:06:17.238+0000] {processor.py:830} INFO - Processing file /home/airflow/.local/lib/python3.8/site-packages/airflow/example_dags/example_skip_dag.py for tasks to queue
[2024-03-12T12:06:17.243+0000] {logging_mixin.py:188} INFO - [2024-03-12T12:06:17.241+0000] {dagbag.py:540} INFO - Filling up the DagBag from /home/airflow/.local/lib/python3.8/site-packages/airflow/example_dags/example_skip_dag.py
[2024-03-12T12:06:17.281+0000] {processor.py:840} INFO - DAG(s) 'example_skip_dag' retrieved from /home/airflow/.local/lib/python3.8/site-packages/airflow/example_dags/example_skip_dag.py
[2024-03-12T12:06:17.707+0000] {logging_mixin.py:188} INFO - [2024-03-12T12:06:17.706+0000] {dag.py:3047} INFO - Sync 1 DAGs
[2024-03-12T12:06:17.768+0000] {logging_mixin.py:188} INFO - [2024-03-12T12:06:17.768+0000] {dag.py:3834} INFO - Setting next_dagrun for example_skip_dag to 2024-03-11 00:00:00+00:00, run_after=2024-03-12 00:00:00+00:00
[2024-03-12T12:06:17.829+0000] {processor.py:183} INFO - Processing /home/airflow/.local/lib/python3.8/site-packages/airflow/example_dags/example_skip_dag.py took 0.606 seconds
[2024-03-12T12:06:48.064+0000] {processor.py:161} INFO - Started process (PID=4174) to work on /home/airflow/.local/lib/python3.8/site-packages/airflow/example_dags/example_skip_dag.py
[2024-03-12T12:06:48.068+0000] {processor.py:830} INFO - Processing file /home/airflow/.local/lib/python3.8/site-packages/airflow/example_dags/example_skip_dag.py for tasks to queue
[2024-03-12T12:06:48.069+0000] {logging_mixin.py:188} INFO - [2024-03-12T12:06:48.069+0000] {dagbag.py:540} INFO - Filling up the DagBag from /home/airflow/.local/lib/python3.8/site-packages/airflow/example_dags/example_skip_dag.py
[2024-03-12T12:06:48.076+0000] {processor.py:840} INFO - DAG(s) 'example_skip_dag' retrieved from /home/airflow/.local/lib/python3.8/site-packages/airflow/example_dags/example_skip_dag.py
[2024-03-12T12:06:48.094+0000] {logging_mixin.py:188} INFO - [2024-03-12T12:06:48.093+0000] {dag.py:3047} INFO - Sync 1 DAGs
[2024-03-12T12:06:48.107+0000] {logging_mixin.py:188} INFO - [2024-03-12T12:06:48.107+0000] {dag.py:3834} INFO - Setting next_dagrun for example_skip_dag to 2024-03-11 00:00:00+00:00, run_after=2024-03-12 00:00:00+00:00
[2024-03-12T12:06:48.124+0000] {processor.py:183} INFO - Processing /home/airflow/.local/lib/python3.8/site-packages/airflow/example_dags/example_skip_dag.py took 0.063 seconds
[2024-03-12T12:07:18.824+0000] {processor.py:161} INFO - Started process (PID=4424) to work on /home/airflow/.local/lib/python3.8/site-packages/airflow/example_dags/example_skip_dag.py
[2024-03-12T12:07:18.826+0000] {processor.py:830} INFO - Processing file /home/airflow/.local/lib/python3.8/site-packages/airflow/example_dags/example_skip_dag.py for tasks to queue
[2024-03-12T12:07:18.828+0000] {logging_mixin.py:188} INFO - [2024-03-12T12:07:18.827+0000] {dagbag.py:540} INFO - Filling up the DagBag from /home/airflow/.local/lib/python3.8/site-packages/airflow/example_dags/example_skip_dag.py
[2024-03-12T12:07:18.835+0000] {processor.py:840} INFO - DAG(s) 'example_skip_dag' retrieved from /home/airflow/.local/lib/python3.8/site-packages/airflow/example_dags/example_skip_dag.py
[2024-03-12T12:07:18.854+0000] {logging_mixin.py:188} INFO - [2024-03-12T12:07:18.854+0000] {dag.py:3047} INFO - Sync 1 DAGs
[2024-03-12T12:07:18.869+0000] {logging_mixin.py:188} INFO - [2024-03-12T12:07:18.869+0000] {dag.py:3834} INFO - Setting next_dagrun for example_skip_dag to 2024-03-11 00:00:00+00:00, run_after=2024-03-12 00:00:00+00:00
[2024-03-12T12:07:18.886+0000] {processor.py:183} INFO - Processing /home/airflow/.local/lib/python3.8/site-packages/airflow/example_dags/example_skip_dag.py took 0.066 seconds
[2024-03-12T12:07:49.459+0000] {processor.py:161} INFO - Started process (PID=4673) to work on /home/airflow/.local/lib/python3.8/site-packages/airflow/example_dags/example_skip_dag.py
[2024-03-12T12:07:49.460+0000] {processor.py:830} INFO - Processing file /home/airflow/.local/lib/python3.8/site-packages/airflow/example_dags/example_skip_dag.py for tasks to queue
[2024-03-12T12:07:49.461+0000] {logging_mixin.py:188} INFO - [2024-03-12T12:07:49.461+0000] {dagbag.py:540} INFO - Filling up the DagBag from /home/airflow/.local/lib/python3.8/site-packages/airflow/example_dags/example_skip_dag.py
[2024-03-12T12:07:49.466+0000] {processor.py:840} INFO - DAG(s) 'example_skip_dag' retrieved from /home/airflow/.local/lib/python3.8/site-packages/airflow/example_dags/example_skip_dag.py
[2024-03-12T12:07:49.482+0000] {logging_mixin.py:188} INFO - [2024-03-12T12:07:49.482+0000] {dag.py:3047} INFO - Sync 1 DAGs
[2024-03-12T12:07:49.494+0000] {logging_mixin.py:188} INFO - [2024-03-12T12:07:49.493+0000] {dag.py:3834} INFO - Setting next_dagrun for example_skip_dag to 2024-03-11 00:00:00+00:00, run_after=2024-03-12 00:00:00+00:00
[2024-03-12T12:07:49.506+0000] {processor.py:183} INFO - Processing /home/airflow/.local/lib/python3.8/site-packages/airflow/example_dags/example_skip_dag.py took 0.050 seconds
[2024-03-12T12:08:19.739+0000] {processor.py:161} INFO - Started process (PID=4918) to work on /home/airflow/.local/lib/python3.8/site-packages/airflow/example_dags/example_skip_dag.py
[2024-03-12T12:08:19.740+0000] {processor.py:830} INFO - Processing file /home/airflow/.local/lib/python3.8/site-packages/airflow/example_dags/example_skip_dag.py for tasks to queue
[2024-03-12T12:08:19.741+0000] {logging_mixin.py:188} INFO - [2024-03-12T12:08:19.741+0000] {dagbag.py:540} INFO - Filling up the DagBag from /home/airflow/.local/lib/python3.8/site-packages/airflow/example_dags/example_skip_dag.py
[2024-03-12T12:08:19.747+0000] {processor.py:840} INFO - DAG(s) 'example_skip_dag' retrieved from /home/airflow/.local/lib/python3.8/site-packages/airflow/example_dags/example_skip_dag.py
[2024-03-12T12:08:19.765+0000] {logging_mixin.py:188} INFO - [2024-03-12T12:08:19.765+0000] {dag.py:3047} INFO - Sync 1 DAGs
[2024-03-12T12:08:19.781+0000] {logging_mixin.py:188} INFO - [2024-03-12T12:08:19.781+0000] {dag.py:3834} INFO - Setting next_dagrun for example_skip_dag to 2024-03-11 00:00:00+00:00, run_after=2024-03-12 00:00:00+00:00
[2024-03-12T12:08:19.793+0000] {processor.py:183} INFO - Processing /home/airflow/.local/lib/python3.8/site-packages/airflow/example_dags/example_skip_dag.py took 0.057 seconds
[2024-03-12T12:08:50.409+0000] {processor.py:161} INFO - Started process (PID=5167) to work on /home/airflow/.local/lib/python3.8/site-packages/airflow/example_dags/example_skip_dag.py
[2024-03-12T12:08:50.410+0000] {processor.py:830} INFO - Processing file /home/airflow/.local/lib/python3.8/site-packages/airflow/example_dags/example_skip_dag.py for tasks to queue
[2024-03-12T12:08:50.411+0000] {logging_mixin.py:188} INFO - [2024-03-12T12:08:50.411+0000] {dagbag.py:540} INFO - Filling up the DagBag from /home/airflow/.local/lib/python3.8/site-packages/airflow/example_dags/example_skip_dag.py
[2024-03-12T12:08:50.417+0000] {processor.py:840} INFO - DAG(s) 'example_skip_dag' retrieved from /home/airflow/.local/lib/python3.8/site-packages/airflow/example_dags/example_skip_dag.py
[2024-03-12T12:08:50.434+0000] {logging_mixin.py:188} INFO - [2024-03-12T12:08:50.434+0000] {dag.py:3047} INFO - Sync 1 DAGs
[2024-03-12T12:08:50.447+0000] {logging_mixin.py:188} INFO - [2024-03-12T12:08:50.447+0000] {dag.py:3834} INFO - Setting next_dagrun for example_skip_dag to 2024-03-11 00:00:00+00:00, run_after=2024-03-12 00:00:00+00:00
[2024-03-12T12:08:50.458+0000] {processor.py:183} INFO - Processing /home/airflow/.local/lib/python3.8/site-packages/airflow/example_dags/example_skip_dag.py took 0.052 seconds
[2024-03-12T12:09:20.943+0000] {processor.py:161} INFO - Started process (PID=5412) to work on /home/airflow/.local/lib/python3.8/site-packages/airflow/example_dags/example_skip_dag.py
[2024-03-12T12:09:20.944+0000] {processor.py:830} INFO - Processing file /home/airflow/.local/lib/python3.8/site-packages/airflow/example_dags/example_skip_dag.py for tasks to queue
[2024-03-12T12:09:20.945+0000] {logging_mixin.py:188} INFO - [2024-03-12T12:09:20.945+0000] {dagbag.py:540} INFO - Filling up the DagBag from /home/airflow/.local/lib/python3.8/site-packages/airflow/example_dags/example_skip_dag.py
[2024-03-12T12:09:20.951+0000] {processor.py:840} INFO - DAG(s) 'example_skip_dag' retrieved from /home/airflow/.local/lib/python3.8/site-packages/airflow/example_dags/example_skip_dag.py
[2024-03-12T12:09:20.971+0000] {logging_mixin.py:188} INFO - [2024-03-12T12:09:20.971+0000] {dag.py:3047} INFO - Sync 1 DAGs
[2024-03-12T12:09:20.986+0000] {logging_mixin.py:188} INFO - [2024-03-12T12:09:20.986+0000] {dag.py:3834} INFO - Setting next_dagrun for example_skip_dag to 2024-03-11 00:00:00+00:00, run_after=2024-03-12 00:00:00+00:00
[2024-03-12T12:09:20.997+0000] {processor.py:183} INFO - Processing /home/airflow/.local/lib/python3.8/site-packages/airflow/example_dags/example_skip_dag.py took 0.057 seconds
[2024-03-12T12:09:51.571+0000] {processor.py:161} INFO - Started process (PID=5661) to work on /home/airflow/.local/lib/python3.8/site-packages/airflow/example_dags/example_skip_dag.py
[2024-03-12T12:09:51.572+0000] {processor.py:830} INFO - Processing file /home/airflow/.local/lib/python3.8/site-packages/airflow/example_dags/example_skip_dag.py for tasks to queue
[2024-03-12T12:09:51.573+0000] {logging_mixin.py:188} INFO - [2024-03-12T12:09:51.573+0000] {dagbag.py:540} INFO - Filling up the DagBag from /home/airflow/.local/lib/python3.8/site-packages/airflow/example_dags/example_skip_dag.py
[2024-03-12T12:09:51.578+0000] {processor.py:840} INFO - DAG(s) 'example_skip_dag' retrieved from /home/airflow/.local/lib/python3.8/site-packages/airflow/example_dags/example_skip_dag.py
[2024-03-12T12:09:51.594+0000] {logging_mixin.py:188} INFO - [2024-03-12T12:09:51.594+0000] {dag.py:3047} INFO - Sync 1 DAGs
[2024-03-12T12:09:51.605+0000] {logging_mixin.py:188} INFO - [2024-03-12T12:09:51.605+0000] {dag.py:3834} INFO - Setting next_dagrun for example_skip_dag to 2024-03-11 00:00:00+00:00, run_after=2024-03-12 00:00:00+00:00
[2024-03-12T12:09:51.614+0000] {processor.py:183} INFO - Processing /home/airflow/.local/lib/python3.8/site-packages/airflow/example_dags/example_skip_dag.py took 0.046 seconds
[2024-03-12T12:10:21.869+0000] {processor.py:161} INFO - Started process (PID=5908) to work on /home/airflow/.local/lib/python3.8/site-packages/airflow/example_dags/example_skip_dag.py
[2024-03-12T12:10:21.870+0000] {processor.py:830} INFO - Processing file /home/airflow/.local/lib/python3.8/site-packages/airflow/example_dags/example_skip_dag.py for tasks to queue
[2024-03-12T12:10:21.871+0000] {logging_mixin.py:188} INFO - [2024-03-12T12:10:21.871+0000] {dagbag.py:540} INFO - Filling up the DagBag from /home/airflow/.local/lib/python3.8/site-packages/airflow/example_dags/example_skip_dag.py
[2024-03-12T12:10:21.876+0000] {processor.py:840} INFO - DAG(s) 'example_skip_dag' retrieved from /home/airflow/.local/lib/python3.8/site-packages/airflow/example_dags/example_skip_dag.py
[2024-03-12T12:10:21.893+0000] {logging_mixin.py:188} INFO - [2024-03-12T12:10:21.893+0000] {dag.py:3047} INFO - Sync 1 DAGs
[2024-03-12T12:10:21.914+0000] {logging_mixin.py:188} INFO - [2024-03-12T12:10:21.913+0000] {dag.py:3834} INFO - Setting next_dagrun for example_skip_dag to 2024-03-11 00:00:00+00:00, run_after=2024-03-12 00:00:00+00:00
[2024-03-12T12:10:21.927+0000] {processor.py:183} INFO - Processing /home/airflow/.local/lib/python3.8/site-packages/airflow/example_dags/example_skip_dag.py took 0.064 seconds
[2024-03-12T12:10:52.270+0000] {processor.py:161} INFO - Started process (PID=6155) to work on /home/airflow/.local/lib/python3.8/site-packages/airflow/example_dags/example_skip_dag.py
[2024-03-12T12:10:52.272+0000] {processor.py:830} INFO - Processing file /home/airflow/.local/lib/python3.8/site-packages/airflow/example_dags/example_skip_dag.py for tasks to queue
[2024-03-12T12:10:52.273+0000] {logging_mixin.py:188} INFO - [2024-03-12T12:10:52.272+0000] {dagbag.py:540} INFO - Filling up the DagBag from /home/airflow/.local/lib/python3.8/site-packages/airflow/example_dags/example_skip_dag.py
[2024-03-12T12:10:52.278+0000] {processor.py:840} INFO - DAG(s) 'example_skip_dag' retrieved from /home/airflow/.local/lib/python3.8/site-packages/airflow/example_dags/example_skip_dag.py
[2024-03-12T12:10:52.293+0000] {logging_mixin.py:188} INFO - [2024-03-12T12:10:52.293+0000] {dag.py:3047} INFO - Sync 1 DAGs
[2024-03-12T12:10:52.305+0000] {logging_mixin.py:188} INFO - [2024-03-12T12:10:52.305+0000] {dag.py:3834} INFO - Setting next_dagrun for example_skip_dag to 2024-03-11 00:00:00+00:00, run_after=2024-03-12 00:00:00+00:00
[2024-03-12T12:10:52.314+0000] {processor.py:183} INFO - Processing /home/airflow/.local/lib/python3.8/site-packages/airflow/example_dags/example_skip_dag.py took 0.047 seconds
