[2024-03-12T11:50:04.367+0000] {processor.py:161} INFO - Started process (PID=214) to work on /home/airflow/.local/lib/python3.8/site-packages/airflow/example_dags/example_setup_teardown.py
[2024-03-12T11:50:04.369+0000] {processor.py:830} INFO - Processing file /home/airflow/.local/lib/python3.8/site-packages/airflow/example_dags/example_setup_teardown.py for tasks to queue
[2024-03-12T11:50:04.370+0000] {logging_mixin.py:188} INFO - [2024-03-12T11:50:04.370+0000] {dagbag.py:540} INFO - Filling up the DagBag from /home/airflow/.local/lib/python3.8/site-packages/airflow/example_dags/example_setup_teardown.py
[2024-03-12T11:50:04.381+0000] {processor.py:840} INFO - DAG(s) 'example_setup_teardown' retrieved from /home/airflow/.local/lib/python3.8/site-packages/airflow/example_dags/example_setup_teardown.py
[2024-03-12T11:50:04.401+0000] {logging_mixin.py:188} INFO - [2024-03-12T11:50:04.401+0000] {dag.py:3047} INFO - Sync 1 DAGs
[2024-03-12T11:50:04.416+0000] {logging_mixin.py:188} INFO - [2024-03-12T11:50:04.416+0000] {dag.py:3834} INFO - Setting next_dagrun for example_setup_teardown to 2024-03-11 00:00:00+00:00, run_after=2024-03-12 00:00:00+00:00
[2024-03-12T11:50:04.431+0000] {processor.py:183} INFO - Processing /home/airflow/.local/lib/python3.8/site-packages/airflow/example_dags/example_setup_teardown.py took 0.067 seconds
[2024-03-12T11:50:34.632+0000] {processor.py:161} INFO - Started process (PID=461) to work on /home/airflow/.local/lib/python3.8/site-packages/airflow/example_dags/example_setup_teardown.py
[2024-03-12T11:50:34.633+0000] {processor.py:830} INFO - Processing file /home/airflow/.local/lib/python3.8/site-packages/airflow/example_dags/example_setup_teardown.py for tasks to queue
[2024-03-12T11:50:34.634+0000] {logging_mixin.py:188} INFO - [2024-03-12T11:50:34.634+0000] {dagbag.py:540} INFO - Filling up the DagBag from /home/airflow/.local/lib/python3.8/site-packages/airflow/example_dags/example_setup_teardown.py
[2024-03-12T11:50:34.639+0000] {processor.py:840} INFO - DAG(s) 'example_setup_teardown' retrieved from /home/airflow/.local/lib/python3.8/site-packages/airflow/example_dags/example_setup_teardown.py
[2024-03-12T11:50:34.656+0000] {logging_mixin.py:188} INFO - [2024-03-12T11:50:34.656+0000] {dag.py:3047} INFO - Sync 1 DAGs
[2024-03-12T11:50:34.669+0000] {logging_mixin.py:188} INFO - [2024-03-12T11:50:34.668+0000] {dag.py:3834} INFO - Setting next_dagrun for example_setup_teardown to 2024-03-11 00:00:00+00:00, run_after=2024-03-12 00:00:00+00:00
[2024-03-12T11:50:34.680+0000] {processor.py:183} INFO - Processing /home/airflow/.local/lib/python3.8/site-packages/airflow/example_dags/example_setup_teardown.py took 0.051 seconds
[2024-03-12T11:51:05.166+0000] {processor.py:161} INFO - Started process (PID=708) to work on /home/airflow/.local/lib/python3.8/site-packages/airflow/example_dags/example_setup_teardown.py
[2024-03-12T11:51:05.167+0000] {processor.py:830} INFO - Processing file /home/airflow/.local/lib/python3.8/site-packages/airflow/example_dags/example_setup_teardown.py for tasks to queue
[2024-03-12T11:51:05.168+0000] {logging_mixin.py:188} INFO - [2024-03-12T11:51:05.168+0000] {dagbag.py:540} INFO - Filling up the DagBag from /home/airflow/.local/lib/python3.8/site-packages/airflow/example_dags/example_setup_teardown.py
[2024-03-12T11:51:05.174+0000] {processor.py:840} INFO - DAG(s) 'example_setup_teardown' retrieved from /home/airflow/.local/lib/python3.8/site-packages/airflow/example_dags/example_setup_teardown.py
[2024-03-12T11:51:05.191+0000] {logging_mixin.py:188} INFO - [2024-03-12T11:51:05.191+0000] {dag.py:3047} INFO - Sync 1 DAGs
[2024-03-12T11:51:05.205+0000] {logging_mixin.py:188} INFO - [2024-03-12T11:51:05.205+0000] {dag.py:3834} INFO - Setting next_dagrun for example_setup_teardown to 2024-03-11 00:00:00+00:00, run_after=2024-03-12 00:00:00+00:00
[2024-03-12T11:51:05.215+0000] {processor.py:183} INFO - Processing /home/airflow/.local/lib/python3.8/site-packages/airflow/example_dags/example_setup_teardown.py took 0.052 seconds
[2024-03-12T11:51:35.695+0000] {processor.py:161} INFO - Started process (PID=955) to work on /home/airflow/.local/lib/python3.8/site-packages/airflow/example_dags/example_setup_teardown.py
[2024-03-12T11:51:35.696+0000] {processor.py:830} INFO - Processing file /home/airflow/.local/lib/python3.8/site-packages/airflow/example_dags/example_setup_teardown.py for tasks to queue
[2024-03-12T11:51:35.697+0000] {logging_mixin.py:188} INFO - [2024-03-12T11:51:35.697+0000] {dagbag.py:540} INFO - Filling up the DagBag from /home/airflow/.local/lib/python3.8/site-packages/airflow/example_dags/example_setup_teardown.py
[2024-03-12T11:51:35.703+0000] {processor.py:840} INFO - DAG(s) 'example_setup_teardown' retrieved from /home/airflow/.local/lib/python3.8/site-packages/airflow/example_dags/example_setup_teardown.py
[2024-03-12T11:51:35.719+0000] {logging_mixin.py:188} INFO - [2024-03-12T11:51:35.719+0000] {dag.py:3047} INFO - Sync 1 DAGs
[2024-03-12T11:51:35.732+0000] {logging_mixin.py:188} INFO - [2024-03-12T11:51:35.732+0000] {dag.py:3834} INFO - Setting next_dagrun for example_setup_teardown to 2024-03-11 00:00:00+00:00, run_after=2024-03-12 00:00:00+00:00
[2024-03-12T11:51:35.744+0000] {processor.py:183} INFO - Processing /home/airflow/.local/lib/python3.8/site-packages/airflow/example_dags/example_setup_teardown.py took 0.052 seconds
[2024-03-12T11:52:06.238+0000] {processor.py:161} INFO - Started process (PID=1202) to work on /home/airflow/.local/lib/python3.8/site-packages/airflow/example_dags/example_setup_teardown.py
[2024-03-12T11:52:06.240+0000] {processor.py:830} INFO - Processing file /home/airflow/.local/lib/python3.8/site-packages/airflow/example_dags/example_setup_teardown.py for tasks to queue
[2024-03-12T11:52:06.241+0000] {logging_mixin.py:188} INFO - [2024-03-12T11:52:06.240+0000] {dagbag.py:540} INFO - Filling up the DagBag from /home/airflow/.local/lib/python3.8/site-packages/airflow/example_dags/example_setup_teardown.py
[2024-03-12T11:52:06.247+0000] {processor.py:840} INFO - DAG(s) 'example_setup_teardown' retrieved from /home/airflow/.local/lib/python3.8/site-packages/airflow/example_dags/example_setup_teardown.py
[2024-03-12T11:52:06.263+0000] {logging_mixin.py:188} INFO - [2024-03-12T11:52:06.263+0000] {dag.py:3047} INFO - Sync 1 DAGs
[2024-03-12T11:52:06.277+0000] {logging_mixin.py:188} INFO - [2024-03-12T11:52:06.277+0000] {dag.py:3834} INFO - Setting next_dagrun for example_setup_teardown to 2024-03-11 00:00:00+00:00, run_after=2024-03-12 00:00:00+00:00
[2024-03-12T11:52:06.290+0000] {processor.py:183} INFO - Processing /home/airflow/.local/lib/python3.8/site-packages/airflow/example_dags/example_setup_teardown.py took 0.055 seconds
[2024-03-12T11:52:37.068+0000] {processor.py:161} INFO - Started process (PID=1449) to work on /home/airflow/.local/lib/python3.8/site-packages/airflow/example_dags/example_setup_teardown.py
[2024-03-12T11:52:37.070+0000] {processor.py:830} INFO - Processing file /home/airflow/.local/lib/python3.8/site-packages/airflow/example_dags/example_setup_teardown.py for tasks to queue
[2024-03-12T11:52:37.071+0000] {logging_mixin.py:188} INFO - [2024-03-12T11:52:37.070+0000] {dagbag.py:540} INFO - Filling up the DagBag from /home/airflow/.local/lib/python3.8/site-packages/airflow/example_dags/example_setup_teardown.py
[2024-03-12T11:52:37.076+0000] {processor.py:840} INFO - DAG(s) 'example_setup_teardown' retrieved from /home/airflow/.local/lib/python3.8/site-packages/airflow/example_dags/example_setup_teardown.py
[2024-03-12T11:52:37.092+0000] {logging_mixin.py:188} INFO - [2024-03-12T11:52:37.092+0000] {dag.py:3047} INFO - Sync 1 DAGs
[2024-03-12T11:52:37.105+0000] {logging_mixin.py:188} INFO - [2024-03-12T11:52:37.104+0000] {dag.py:3834} INFO - Setting next_dagrun for example_setup_teardown to 2024-03-11 00:00:00+00:00, run_after=2024-03-12 00:00:00+00:00
[2024-03-12T11:52:37.116+0000] {processor.py:183} INFO - Processing /home/airflow/.local/lib/python3.8/site-packages/airflow/example_dags/example_setup_teardown.py took 0.050 seconds
[2024-03-12T11:53:08.228+0000] {processor.py:161} INFO - Started process (PID=1696) to work on /home/airflow/.local/lib/python3.8/site-packages/airflow/example_dags/example_setup_teardown.py
[2024-03-12T11:53:08.229+0000] {processor.py:830} INFO - Processing file /home/airflow/.local/lib/python3.8/site-packages/airflow/example_dags/example_setup_teardown.py for tasks to queue
[2024-03-12T11:53:08.230+0000] {logging_mixin.py:188} INFO - [2024-03-12T11:53:08.230+0000] {dagbag.py:540} INFO - Filling up the DagBag from /home/airflow/.local/lib/python3.8/site-packages/airflow/example_dags/example_setup_teardown.py
[2024-03-12T11:53:08.236+0000] {processor.py:840} INFO - DAG(s) 'example_setup_teardown' retrieved from /home/airflow/.local/lib/python3.8/site-packages/airflow/example_dags/example_setup_teardown.py
[2024-03-12T11:53:08.252+0000] {logging_mixin.py:188} INFO - [2024-03-12T11:53:08.252+0000] {dag.py:3047} INFO - Sync 1 DAGs
[2024-03-12T11:53:08.264+0000] {logging_mixin.py:188} INFO - [2024-03-12T11:53:08.264+0000] {dag.py:3834} INFO - Setting next_dagrun for example_setup_teardown to 2024-03-11 00:00:00+00:00, run_after=2024-03-12 00:00:00+00:00
[2024-03-12T11:53:08.275+0000] {processor.py:183} INFO - Processing /home/airflow/.local/lib/python3.8/site-packages/airflow/example_dags/example_setup_teardown.py took 0.051 seconds
[2024-03-12T11:53:39.416+0000] {processor.py:161} INFO - Started process (PID=1945) to work on /home/airflow/.local/lib/python3.8/site-packages/airflow/example_dags/example_setup_teardown.py
[2024-03-12T11:53:39.421+0000] {processor.py:830} INFO - Processing file /home/airflow/.local/lib/python3.8/site-packages/airflow/example_dags/example_setup_teardown.py for tasks to queue
[2024-03-12T11:53:39.425+0000] {logging_mixin.py:188} INFO - [2024-03-12T11:53:39.424+0000] {dagbag.py:540} INFO - Filling up the DagBag from /home/airflow/.local/lib/python3.8/site-packages/airflow/example_dags/example_setup_teardown.py
[2024-03-12T11:53:39.449+0000] {processor.py:840} INFO - DAG(s) 'example_setup_teardown' retrieved from /home/airflow/.local/lib/python3.8/site-packages/airflow/example_dags/example_setup_teardown.py
[2024-03-12T11:53:39.499+0000] {logging_mixin.py:188} INFO - [2024-03-12T11:53:39.499+0000] {dag.py:3047} INFO - Sync 1 DAGs
[2024-03-12T11:53:39.516+0000] {logging_mixin.py:188} INFO - [2024-03-12T11:53:39.516+0000] {dag.py:3834} INFO - Setting next_dagrun for example_setup_teardown to 2024-03-11 00:00:00+00:00, run_after=2024-03-12 00:00:00+00:00
[2024-03-12T11:53:39.536+0000] {processor.py:183} INFO - Processing /home/airflow/.local/lib/python3.8/site-packages/airflow/example_dags/example_setup_teardown.py took 0.167 seconds
[2024-03-12T11:54:10.572+0000] {processor.py:161} INFO - Started process (PID=2190) to work on /home/airflow/.local/lib/python3.8/site-packages/airflow/example_dags/example_setup_teardown.py
[2024-03-12T11:54:10.574+0000] {processor.py:830} INFO - Processing file /home/airflow/.local/lib/python3.8/site-packages/airflow/example_dags/example_setup_teardown.py for tasks to queue
[2024-03-12T11:54:10.576+0000] {logging_mixin.py:188} INFO - [2024-03-12T11:54:10.576+0000] {dagbag.py:540} INFO - Filling up the DagBag from /home/airflow/.local/lib/python3.8/site-packages/airflow/example_dags/example_setup_teardown.py
[2024-03-12T11:54:10.589+0000] {processor.py:840} INFO - DAG(s) 'example_setup_teardown' retrieved from /home/airflow/.local/lib/python3.8/site-packages/airflow/example_dags/example_setup_teardown.py
[2024-03-12T11:54:10.637+0000] {logging_mixin.py:188} INFO - [2024-03-12T11:54:10.636+0000] {dag.py:3047} INFO - Sync 1 DAGs
[2024-03-12T11:54:10.691+0000] {logging_mixin.py:188} INFO - [2024-03-12T11:54:10.690+0000] {dag.py:3834} INFO - Setting next_dagrun for example_setup_teardown to 2024-03-11 00:00:00+00:00, run_after=2024-03-12 00:00:00+00:00
[2024-03-12T11:54:10.717+0000] {processor.py:183} INFO - Processing /home/airflow/.local/lib/python3.8/site-packages/airflow/example_dags/example_setup_teardown.py took 0.149 seconds
[2024-03-12T11:54:41.333+0000] {processor.py:161} INFO - Started process (PID=2437) to work on /home/airflow/.local/lib/python3.8/site-packages/airflow/example_dags/example_setup_teardown.py
[2024-03-12T11:54:41.334+0000] {processor.py:830} INFO - Processing file /home/airflow/.local/lib/python3.8/site-packages/airflow/example_dags/example_setup_teardown.py for tasks to queue
[2024-03-12T11:54:41.335+0000] {logging_mixin.py:188} INFO - [2024-03-12T11:54:41.335+0000] {dagbag.py:540} INFO - Filling up the DagBag from /home/airflow/.local/lib/python3.8/site-packages/airflow/example_dags/example_setup_teardown.py
[2024-03-12T11:54:41.341+0000] {processor.py:840} INFO - DAG(s) 'example_setup_teardown' retrieved from /home/airflow/.local/lib/python3.8/site-packages/airflow/example_dags/example_setup_teardown.py
[2024-03-12T11:54:41.356+0000] {logging_mixin.py:188} INFO - [2024-03-12T11:54:41.356+0000] {dag.py:3047} INFO - Sync 1 DAGs
[2024-03-12T11:54:41.368+0000] {logging_mixin.py:188} INFO - [2024-03-12T11:54:41.367+0000] {dag.py:3834} INFO - Setting next_dagrun for example_setup_teardown to 2024-03-11 00:00:00+00:00, run_after=2024-03-12 00:00:00+00:00
[2024-03-12T11:54:41.377+0000] {processor.py:183} INFO - Processing /home/airflow/.local/lib/python3.8/site-packages/airflow/example_dags/example_setup_teardown.py took 0.047 seconds
[2024-03-12T11:55:12.544+0000] {processor.py:161} INFO - Started process (PID=2684) to work on /home/airflow/.local/lib/python3.8/site-packages/airflow/example_dags/example_setup_teardown.py
[2024-03-12T11:55:12.549+0000] {processor.py:830} INFO - Processing file /home/airflow/.local/lib/python3.8/site-packages/airflow/example_dags/example_setup_teardown.py for tasks to queue
[2024-03-12T11:55:12.550+0000] {logging_mixin.py:188} INFO - [2024-03-12T11:55:12.549+0000] {dagbag.py:540} INFO - Filling up the DagBag from /home/airflow/.local/lib/python3.8/site-packages/airflow/example_dags/example_setup_teardown.py
[2024-03-12T11:55:12.556+0000] {processor.py:840} INFO - DAG(s) 'example_setup_teardown' retrieved from /home/airflow/.local/lib/python3.8/site-packages/airflow/example_dags/example_setup_teardown.py
[2024-03-12T11:55:12.573+0000] {logging_mixin.py:188} INFO - [2024-03-12T11:55:12.573+0000] {dag.py:3047} INFO - Sync 1 DAGs
[2024-03-12T11:55:12.586+0000] {logging_mixin.py:188} INFO - [2024-03-12T11:55:12.586+0000] {dag.py:3834} INFO - Setting next_dagrun for example_setup_teardown to 2024-03-11 00:00:00+00:00, run_after=2024-03-12 00:00:00+00:00
[2024-03-12T11:55:12.596+0000] {processor.py:183} INFO - Processing /home/airflow/.local/lib/python3.8/site-packages/airflow/example_dags/example_setup_teardown.py took 0.055 seconds
[2024-03-12T11:55:43.379+0000] {processor.py:161} INFO - Started process (PID=2931) to work on /home/airflow/.local/lib/python3.8/site-packages/airflow/example_dags/example_setup_teardown.py
[2024-03-12T11:55:43.380+0000] {processor.py:830} INFO - Processing file /home/airflow/.local/lib/python3.8/site-packages/airflow/example_dags/example_setup_teardown.py for tasks to queue
[2024-03-12T11:55:43.381+0000] {logging_mixin.py:188} INFO - [2024-03-12T11:55:43.381+0000] {dagbag.py:540} INFO - Filling up the DagBag from /home/airflow/.local/lib/python3.8/site-packages/airflow/example_dags/example_setup_teardown.py
[2024-03-12T11:55:43.386+0000] {processor.py:840} INFO - DAG(s) 'example_setup_teardown' retrieved from /home/airflow/.local/lib/python3.8/site-packages/airflow/example_dags/example_setup_teardown.py
[2024-03-12T11:55:43.400+0000] {logging_mixin.py:188} INFO - [2024-03-12T11:55:43.400+0000] {dag.py:3047} INFO - Sync 1 DAGs
[2024-03-12T11:55:43.412+0000] {logging_mixin.py:188} INFO - [2024-03-12T11:55:43.412+0000] {dag.py:3834} INFO - Setting next_dagrun for example_setup_teardown to 2024-03-11 00:00:00+00:00, run_after=2024-03-12 00:00:00+00:00
[2024-03-12T11:55:43.422+0000] {processor.py:183} INFO - Processing /home/airflow/.local/lib/python3.8/site-packages/airflow/example_dags/example_setup_teardown.py took 0.046 seconds
[2024-03-12T11:56:14.080+0000] {processor.py:161} INFO - Started process (PID=3178) to work on /home/airflow/.local/lib/python3.8/site-packages/airflow/example_dags/example_setup_teardown.py
[2024-03-12T11:56:14.083+0000] {processor.py:830} INFO - Processing file /home/airflow/.local/lib/python3.8/site-packages/airflow/example_dags/example_setup_teardown.py for tasks to queue
[2024-03-12T11:56:14.084+0000] {logging_mixin.py:188} INFO - [2024-03-12T11:56:14.084+0000] {dagbag.py:540} INFO - Filling up the DagBag from /home/airflow/.local/lib/python3.8/site-packages/airflow/example_dags/example_setup_teardown.py
[2024-03-12T11:56:14.095+0000] {processor.py:840} INFO - DAG(s) 'example_setup_teardown' retrieved from /home/airflow/.local/lib/python3.8/site-packages/airflow/example_dags/example_setup_teardown.py
[2024-03-12T11:56:14.129+0000] {logging_mixin.py:188} INFO - [2024-03-12T11:56:14.129+0000] {dag.py:3047} INFO - Sync 1 DAGs
[2024-03-12T11:56:14.166+0000] {logging_mixin.py:188} INFO - [2024-03-12T11:56:14.164+0000] {dag.py:3834} INFO - Setting next_dagrun for example_setup_teardown to 2024-03-11 00:00:00+00:00, run_after=2024-03-12 00:00:00+00:00
[2024-03-12T11:56:14.208+0000] {processor.py:183} INFO - Processing /home/airflow/.local/lib/python3.8/site-packages/airflow/example_dags/example_setup_teardown.py took 0.131 seconds
[2024-03-12T11:57:06.998+0000] {processor.py:161} INFO - Started process (PID=214) to work on /home/airflow/.local/lib/python3.8/site-packages/airflow/example_dags/example_setup_teardown.py
[2024-03-12T11:57:07.000+0000] {processor.py:830} INFO - Processing file /home/airflow/.local/lib/python3.8/site-packages/airflow/example_dags/example_setup_teardown.py for tasks to queue
[2024-03-12T11:57:07.002+0000] {logging_mixin.py:188} INFO - [2024-03-12T11:57:07.001+0000] {dagbag.py:540} INFO - Filling up the DagBag from /home/airflow/.local/lib/python3.8/site-packages/airflow/example_dags/example_setup_teardown.py
[2024-03-12T11:57:07.010+0000] {processor.py:840} INFO - DAG(s) 'example_setup_teardown' retrieved from /home/airflow/.local/lib/python3.8/site-packages/airflow/example_dags/example_setup_teardown.py
[2024-03-12T11:57:07.031+0000] {logging_mixin.py:188} INFO - [2024-03-12T11:57:07.031+0000] {dag.py:3047} INFO - Sync 1 DAGs
[2024-03-12T11:57:07.048+0000] {logging_mixin.py:188} INFO - [2024-03-12T11:57:07.048+0000] {dag.py:3834} INFO - Setting next_dagrun for example_setup_teardown to 2024-03-11 00:00:00+00:00, run_after=2024-03-12 00:00:00+00:00
[2024-03-12T11:57:07.062+0000] {processor.py:183} INFO - Processing /home/airflow/.local/lib/python3.8/site-packages/airflow/example_dags/example_setup_teardown.py took 0.068 seconds
[2024-03-12T11:57:37.200+0000] {processor.py:161} INFO - Started process (PID=461) to work on /home/airflow/.local/lib/python3.8/site-packages/airflow/example_dags/example_setup_teardown.py
[2024-03-12T11:57:37.201+0000] {processor.py:830} INFO - Processing file /home/airflow/.local/lib/python3.8/site-packages/airflow/example_dags/example_setup_teardown.py for tasks to queue
[2024-03-12T11:57:37.203+0000] {logging_mixin.py:188} INFO - [2024-03-12T11:57:37.202+0000] {dagbag.py:540} INFO - Filling up the DagBag from /home/airflow/.local/lib/python3.8/site-packages/airflow/example_dags/example_setup_teardown.py
[2024-03-12T11:57:37.209+0000] {processor.py:840} INFO - DAG(s) 'example_setup_teardown' retrieved from /home/airflow/.local/lib/python3.8/site-packages/airflow/example_dags/example_setup_teardown.py
[2024-03-12T11:57:37.227+0000] {logging_mixin.py:188} INFO - [2024-03-12T11:57:37.226+0000] {dag.py:3047} INFO - Sync 1 DAGs
[2024-03-12T11:57:37.240+0000] {logging_mixin.py:188} INFO - [2024-03-12T11:57:37.240+0000] {dag.py:3834} INFO - Setting next_dagrun for example_setup_teardown to 2024-03-11 00:00:00+00:00, run_after=2024-03-12 00:00:00+00:00
[2024-03-12T11:57:37.251+0000] {processor.py:183} INFO - Processing /home/airflow/.local/lib/python3.8/site-packages/airflow/example_dags/example_setup_teardown.py took 0.055 seconds
[2024-03-12T11:58:34.776+0000] {processor.py:161} INFO - Started process (PID=214) to work on /home/airflow/.local/lib/python3.8/site-packages/airflow/example_dags/example_setup_teardown.py
[2024-03-12T11:58:34.778+0000] {processor.py:830} INFO - Processing file /home/airflow/.local/lib/python3.8/site-packages/airflow/example_dags/example_setup_teardown.py for tasks to queue
[2024-03-12T11:58:34.781+0000] {logging_mixin.py:188} INFO - [2024-03-12T11:58:34.781+0000] {dagbag.py:540} INFO - Filling up the DagBag from /home/airflow/.local/lib/python3.8/site-packages/airflow/example_dags/example_setup_teardown.py
[2024-03-12T11:58:34.804+0000] {processor.py:840} INFO - DAG(s) 'example_setup_teardown' retrieved from /home/airflow/.local/lib/python3.8/site-packages/airflow/example_dags/example_setup_teardown.py
[2024-03-12T11:58:34.835+0000] {logging_mixin.py:188} INFO - [2024-03-12T11:58:34.835+0000] {dag.py:3047} INFO - Sync 1 DAGs
[2024-03-12T11:58:34.853+0000] {logging_mixin.py:188} INFO - [2024-03-12T11:58:34.852+0000] {dag.py:3834} INFO - Setting next_dagrun for example_setup_teardown to 2024-03-11 00:00:00+00:00, run_after=2024-03-12 00:00:00+00:00
[2024-03-12T11:58:34.867+0000] {processor.py:183} INFO - Processing /home/airflow/.local/lib/python3.8/site-packages/airflow/example_dags/example_setup_teardown.py took 0.095 seconds
[2024-03-12T11:59:05.070+0000] {processor.py:161} INFO - Started process (PID=463) to work on /home/airflow/.local/lib/python3.8/site-packages/airflow/example_dags/example_setup_teardown.py
[2024-03-12T11:59:05.071+0000] {processor.py:830} INFO - Processing file /home/airflow/.local/lib/python3.8/site-packages/airflow/example_dags/example_setup_teardown.py for tasks to queue
[2024-03-12T11:59:05.072+0000] {logging_mixin.py:188} INFO - [2024-03-12T11:59:05.072+0000] {dagbag.py:540} INFO - Filling up the DagBag from /home/airflow/.local/lib/python3.8/site-packages/airflow/example_dags/example_setup_teardown.py
[2024-03-12T11:59:05.077+0000] {processor.py:840} INFO - DAG(s) 'example_setup_teardown' retrieved from /home/airflow/.local/lib/python3.8/site-packages/airflow/example_dags/example_setup_teardown.py
[2024-03-12T11:59:05.094+0000] {logging_mixin.py:188} INFO - [2024-03-12T11:59:05.094+0000] {dag.py:3047} INFO - Sync 1 DAGs
[2024-03-12T11:59:05.106+0000] {logging_mixin.py:188} INFO - [2024-03-12T11:59:05.106+0000] {dag.py:3834} INFO - Setting next_dagrun for example_setup_teardown to 2024-03-11 00:00:00+00:00, run_after=2024-03-12 00:00:00+00:00
[2024-03-12T11:59:05.116+0000] {processor.py:183} INFO - Processing /home/airflow/.local/lib/python3.8/site-packages/airflow/example_dags/example_setup_teardown.py took 0.050 seconds
[2024-03-12T11:59:35.680+0000] {processor.py:161} INFO - Started process (PID=708) to work on /home/airflow/.local/lib/python3.8/site-packages/airflow/example_dags/example_setup_teardown.py
[2024-03-12T11:59:35.681+0000] {processor.py:830} INFO - Processing file /home/airflow/.local/lib/python3.8/site-packages/airflow/example_dags/example_setup_teardown.py for tasks to queue
[2024-03-12T11:59:35.682+0000] {logging_mixin.py:188} INFO - [2024-03-12T11:59:35.682+0000] {dagbag.py:540} INFO - Filling up the DagBag from /home/airflow/.local/lib/python3.8/site-packages/airflow/example_dags/example_setup_teardown.py
[2024-03-12T11:59:35.688+0000] {processor.py:840} INFO - DAG(s) 'example_setup_teardown' retrieved from /home/airflow/.local/lib/python3.8/site-packages/airflow/example_dags/example_setup_teardown.py
[2024-03-12T11:59:35.704+0000] {logging_mixin.py:188} INFO - [2024-03-12T11:59:35.703+0000] {dag.py:3047} INFO - Sync 1 DAGs
[2024-03-12T11:59:35.716+0000] {logging_mixin.py:188} INFO - [2024-03-12T11:59:35.716+0000] {dag.py:3834} INFO - Setting next_dagrun for example_setup_teardown to 2024-03-11 00:00:00+00:00, run_after=2024-03-12 00:00:00+00:00
[2024-03-12T11:59:35.726+0000] {processor.py:183} INFO - Processing /home/airflow/.local/lib/python3.8/site-packages/airflow/example_dags/example_setup_teardown.py took 0.049 seconds
[2024-03-12T12:00:06.581+0000] {processor.py:161} INFO - Started process (PID=957) to work on /home/airflow/.local/lib/python3.8/site-packages/airflow/example_dags/example_setup_teardown.py
[2024-03-12T12:00:06.582+0000] {processor.py:830} INFO - Processing file /home/airflow/.local/lib/python3.8/site-packages/airflow/example_dags/example_setup_teardown.py for tasks to queue
[2024-03-12T12:00:06.583+0000] {logging_mixin.py:188} INFO - [2024-03-12T12:00:06.583+0000] {dagbag.py:540} INFO - Filling up the DagBag from /home/airflow/.local/lib/python3.8/site-packages/airflow/example_dags/example_setup_teardown.py
[2024-03-12T12:00:06.589+0000] {processor.py:840} INFO - DAG(s) 'example_setup_teardown' retrieved from /home/airflow/.local/lib/python3.8/site-packages/airflow/example_dags/example_setup_teardown.py
[2024-03-12T12:00:06.604+0000] {logging_mixin.py:188} INFO - [2024-03-12T12:00:06.604+0000] {dag.py:3047} INFO - Sync 1 DAGs
[2024-03-12T12:00:06.616+0000] {logging_mixin.py:188} INFO - [2024-03-12T12:00:06.616+0000] {dag.py:3834} INFO - Setting next_dagrun for example_setup_teardown to 2024-03-11 00:00:00+00:00, run_after=2024-03-12 00:00:00+00:00
[2024-03-12T12:00:06.626+0000] {processor.py:183} INFO - Processing /home/airflow/.local/lib/python3.8/site-packages/airflow/example_dags/example_setup_teardown.py took 0.047 seconds
[2024-03-12T12:00:37.349+0000] {processor.py:161} INFO - Started process (PID=1202) to work on /home/airflow/.local/lib/python3.8/site-packages/airflow/example_dags/example_setup_teardown.py
[2024-03-12T12:00:37.350+0000] {processor.py:830} INFO - Processing file /home/airflow/.local/lib/python3.8/site-packages/airflow/example_dags/example_setup_teardown.py for tasks to queue
[2024-03-12T12:00:37.351+0000] {logging_mixin.py:188} INFO - [2024-03-12T12:00:37.351+0000] {dagbag.py:540} INFO - Filling up the DagBag from /home/airflow/.local/lib/python3.8/site-packages/airflow/example_dags/example_setup_teardown.py
[2024-03-12T12:00:37.357+0000] {processor.py:840} INFO - DAG(s) 'example_setup_teardown' retrieved from /home/airflow/.local/lib/python3.8/site-packages/airflow/example_dags/example_setup_teardown.py
[2024-03-12T12:00:37.374+0000] {logging_mixin.py:188} INFO - [2024-03-12T12:00:37.374+0000] {dag.py:3047} INFO - Sync 1 DAGs
[2024-03-12T12:00:37.387+0000] {logging_mixin.py:188} INFO - [2024-03-12T12:00:37.387+0000] {dag.py:3834} INFO - Setting next_dagrun for example_setup_teardown to 2024-03-11 00:00:00+00:00, run_after=2024-03-12 00:00:00+00:00
[2024-03-12T12:00:37.399+0000] {processor.py:183} INFO - Processing /home/airflow/.local/lib/python3.8/site-packages/airflow/example_dags/example_setup_teardown.py took 0.053 seconds
[2024-03-12T12:01:08.382+0000] {processor.py:161} INFO - Started process (PID=1449) to work on /home/airflow/.local/lib/python3.8/site-packages/airflow/example_dags/example_setup_teardown.py
[2024-03-12T12:01:08.384+0000] {processor.py:830} INFO - Processing file /home/airflow/.local/lib/python3.8/site-packages/airflow/example_dags/example_setup_teardown.py for tasks to queue
[2024-03-12T12:01:08.384+0000] {logging_mixin.py:188} INFO - [2024-03-12T12:01:08.384+0000] {dagbag.py:540} INFO - Filling up the DagBag from /home/airflow/.local/lib/python3.8/site-packages/airflow/example_dags/example_setup_teardown.py
[2024-03-12T12:01:08.390+0000] {processor.py:840} INFO - DAG(s) 'example_setup_teardown' retrieved from /home/airflow/.local/lib/python3.8/site-packages/airflow/example_dags/example_setup_teardown.py
[2024-03-12T12:01:08.405+0000] {logging_mixin.py:188} INFO - [2024-03-12T12:01:08.405+0000] {dag.py:3047} INFO - Sync 1 DAGs
[2024-03-12T12:01:08.416+0000] {logging_mixin.py:188} INFO - [2024-03-12T12:01:08.416+0000] {dag.py:3834} INFO - Setting next_dagrun for example_setup_teardown to 2024-03-11 00:00:00+00:00, run_after=2024-03-12 00:00:00+00:00
[2024-03-12T12:01:08.426+0000] {processor.py:183} INFO - Processing /home/airflow/.local/lib/python3.8/site-packages/airflow/example_dags/example_setup_teardown.py took 0.047 seconds
[2024-03-12T12:01:39.260+0000] {processor.py:161} INFO - Started process (PID=1696) to work on /home/airflow/.local/lib/python3.8/site-packages/airflow/example_dags/example_setup_teardown.py
[2024-03-12T12:01:39.262+0000] {processor.py:830} INFO - Processing file /home/airflow/.local/lib/python3.8/site-packages/airflow/example_dags/example_setup_teardown.py for tasks to queue
[2024-03-12T12:01:39.263+0000] {logging_mixin.py:188} INFO - [2024-03-12T12:01:39.263+0000] {dagbag.py:540} INFO - Filling up the DagBag from /home/airflow/.local/lib/python3.8/site-packages/airflow/example_dags/example_setup_teardown.py
[2024-03-12T12:01:39.268+0000] {processor.py:840} INFO - DAG(s) 'example_setup_teardown' retrieved from /home/airflow/.local/lib/python3.8/site-packages/airflow/example_dags/example_setup_teardown.py
[2024-03-12T12:01:39.284+0000] {logging_mixin.py:188} INFO - [2024-03-12T12:01:39.284+0000] {dag.py:3047} INFO - Sync 1 DAGs
[2024-03-12T12:01:39.296+0000] {logging_mixin.py:188} INFO - [2024-03-12T12:01:39.296+0000] {dag.py:3834} INFO - Setting next_dagrun for example_setup_teardown to 2024-03-11 00:00:00+00:00, run_after=2024-03-12 00:00:00+00:00
[2024-03-12T12:01:39.306+0000] {processor.py:183} INFO - Processing /home/airflow/.local/lib/python3.8/site-packages/airflow/example_dags/example_setup_teardown.py took 0.048 seconds
[2024-03-12T12:02:10.170+0000] {processor.py:161} INFO - Started process (PID=1945) to work on /home/airflow/.local/lib/python3.8/site-packages/airflow/example_dags/example_setup_teardown.py
[2024-03-12T12:02:10.172+0000] {processor.py:830} INFO - Processing file /home/airflow/.local/lib/python3.8/site-packages/airflow/example_dags/example_setup_teardown.py for tasks to queue
[2024-03-12T12:02:10.173+0000] {logging_mixin.py:188} INFO - [2024-03-12T12:02:10.173+0000] {dagbag.py:540} INFO - Filling up the DagBag from /home/airflow/.local/lib/python3.8/site-packages/airflow/example_dags/example_setup_teardown.py
[2024-03-12T12:02:10.179+0000] {processor.py:840} INFO - DAG(s) 'example_setup_teardown' retrieved from /home/airflow/.local/lib/python3.8/site-packages/airflow/example_dags/example_setup_teardown.py
[2024-03-12T12:02:10.196+0000] {logging_mixin.py:188} INFO - [2024-03-12T12:02:10.196+0000] {dag.py:3047} INFO - Sync 1 DAGs
[2024-03-12T12:02:10.209+0000] {logging_mixin.py:188} INFO - [2024-03-12T12:02:10.209+0000] {dag.py:3834} INFO - Setting next_dagrun for example_setup_teardown to 2024-03-11 00:00:00+00:00, run_after=2024-03-12 00:00:00+00:00
[2024-03-12T12:02:10.220+0000] {processor.py:183} INFO - Processing /home/airflow/.local/lib/python3.8/site-packages/airflow/example_dags/example_setup_teardown.py took 0.053 seconds
[2024-03-12T12:02:40.738+0000] {processor.py:161} INFO - Started process (PID=2190) to work on /home/airflow/.local/lib/python3.8/site-packages/airflow/example_dags/example_setup_teardown.py
[2024-03-12T12:02:40.740+0000] {processor.py:830} INFO - Processing file /home/airflow/.local/lib/python3.8/site-packages/airflow/example_dags/example_setup_teardown.py for tasks to queue
[2024-03-12T12:02:40.741+0000] {logging_mixin.py:188} INFO - [2024-03-12T12:02:40.741+0000] {dagbag.py:540} INFO - Filling up the DagBag from /home/airflow/.local/lib/python3.8/site-packages/airflow/example_dags/example_setup_teardown.py
[2024-03-12T12:02:40.747+0000] {processor.py:840} INFO - DAG(s) 'example_setup_teardown' retrieved from /home/airflow/.local/lib/python3.8/site-packages/airflow/example_dags/example_setup_teardown.py
[2024-03-12T12:02:40.764+0000] {logging_mixin.py:188} INFO - [2024-03-12T12:02:40.764+0000] {dag.py:3047} INFO - Sync 1 DAGs
[2024-03-12T12:02:40.781+0000] {logging_mixin.py:188} INFO - [2024-03-12T12:02:40.781+0000] {dag.py:3834} INFO - Setting next_dagrun for example_setup_teardown to 2024-03-11 00:00:00+00:00, run_after=2024-03-12 00:00:00+00:00
[2024-03-12T12:02:40.797+0000] {processor.py:183} INFO - Processing /home/airflow/.local/lib/python3.8/site-packages/airflow/example_dags/example_setup_teardown.py took 0.061 seconds
[2024-03-12T12:03:12.117+0000] {processor.py:161} INFO - Started process (PID=2437) to work on /home/airflow/.local/lib/python3.8/site-packages/airflow/example_dags/example_setup_teardown.py
[2024-03-12T12:03:12.119+0000] {processor.py:830} INFO - Processing file /home/airflow/.local/lib/python3.8/site-packages/airflow/example_dags/example_setup_teardown.py for tasks to queue
[2024-03-12T12:03:12.120+0000] {logging_mixin.py:188} INFO - [2024-03-12T12:03:12.120+0000] {dagbag.py:540} INFO - Filling up the DagBag from /home/airflow/.local/lib/python3.8/site-packages/airflow/example_dags/example_setup_teardown.py
[2024-03-12T12:03:12.126+0000] {processor.py:840} INFO - DAG(s) 'example_setup_teardown' retrieved from /home/airflow/.local/lib/python3.8/site-packages/airflow/example_dags/example_setup_teardown.py
[2024-03-12T12:03:12.146+0000] {logging_mixin.py:188} INFO - [2024-03-12T12:03:12.145+0000] {dag.py:3047} INFO - Sync 1 DAGs
[2024-03-12T12:03:12.175+0000] {logging_mixin.py:188} INFO - [2024-03-12T12:03:12.173+0000] {dag.py:3834} INFO - Setting next_dagrun for example_setup_teardown to 2024-03-11 00:00:00+00:00, run_after=2024-03-12 00:00:00+00:00
[2024-03-12T12:03:12.205+0000] {processor.py:183} INFO - Processing /home/airflow/.local/lib/python3.8/site-packages/airflow/example_dags/example_setup_teardown.py took 0.091 seconds
[2024-03-12T12:03:43.212+0000] {processor.py:161} INFO - Started process (PID=2684) to work on /home/airflow/.local/lib/python3.8/site-packages/airflow/example_dags/example_setup_teardown.py
[2024-03-12T12:03:43.214+0000] {processor.py:830} INFO - Processing file /home/airflow/.local/lib/python3.8/site-packages/airflow/example_dags/example_setup_teardown.py for tasks to queue
[2024-03-12T12:03:43.215+0000] {logging_mixin.py:188} INFO - [2024-03-12T12:03:43.215+0000] {dagbag.py:540} INFO - Filling up the DagBag from /home/airflow/.local/lib/python3.8/site-packages/airflow/example_dags/example_setup_teardown.py
[2024-03-12T12:03:43.230+0000] {processor.py:840} INFO - DAG(s) 'example_setup_teardown' retrieved from /home/airflow/.local/lib/python3.8/site-packages/airflow/example_dags/example_setup_teardown.py
[2024-03-12T12:03:43.260+0000] {logging_mixin.py:188} INFO - [2024-03-12T12:03:43.260+0000] {dag.py:3047} INFO - Sync 1 DAGs
[2024-03-12T12:03:43.289+0000] {logging_mixin.py:188} INFO - [2024-03-12T12:03:43.289+0000] {dag.py:3834} INFO - Setting next_dagrun for example_setup_teardown to 2024-03-11 00:00:00+00:00, run_after=2024-03-12 00:00:00+00:00
[2024-03-12T12:03:43.305+0000] {processor.py:183} INFO - Processing /home/airflow/.local/lib/python3.8/site-packages/airflow/example_dags/example_setup_teardown.py took 0.096 seconds
[2024-03-12T12:04:13.984+0000] {processor.py:161} INFO - Started process (PID=2931) to work on /home/airflow/.local/lib/python3.8/site-packages/airflow/example_dags/example_setup_teardown.py
[2024-03-12T12:04:13.987+0000] {processor.py:830} INFO - Processing file /home/airflow/.local/lib/python3.8/site-packages/airflow/example_dags/example_setup_teardown.py for tasks to queue
[2024-03-12T12:04:13.989+0000] {logging_mixin.py:188} INFO - [2024-03-12T12:04:13.989+0000] {dagbag.py:540} INFO - Filling up the DagBag from /home/airflow/.local/lib/python3.8/site-packages/airflow/example_dags/example_setup_teardown.py
[2024-03-12T12:04:14.042+0000] {processor.py:840} INFO - DAG(s) 'example_setup_teardown' retrieved from /home/airflow/.local/lib/python3.8/site-packages/airflow/example_dags/example_setup_teardown.py
[2024-03-12T12:04:14.098+0000] {logging_mixin.py:188} INFO - [2024-03-12T12:04:14.098+0000] {dag.py:3047} INFO - Sync 1 DAGs
[2024-03-12T12:04:14.120+0000] {logging_mixin.py:188} INFO - [2024-03-12T12:04:14.120+0000] {dag.py:3834} INFO - Setting next_dagrun for example_setup_teardown to 2024-03-11 00:00:00+00:00, run_after=2024-03-12 00:00:00+00:00
[2024-03-12T12:04:14.136+0000] {processor.py:183} INFO - Processing /home/airflow/.local/lib/python3.8/site-packages/airflow/example_dags/example_setup_teardown.py took 0.157 seconds
[2024-03-12T12:04:44.600+0000] {processor.py:161} INFO - Started process (PID=3178) to work on /home/airflow/.local/lib/python3.8/site-packages/airflow/example_dags/example_setup_teardown.py
[2024-03-12T12:04:44.604+0000] {processor.py:830} INFO - Processing file /home/airflow/.local/lib/python3.8/site-packages/airflow/example_dags/example_setup_teardown.py for tasks to queue
[2024-03-12T12:04:44.606+0000] {logging_mixin.py:188} INFO - [2024-03-12T12:04:44.606+0000] {dagbag.py:540} INFO - Filling up the DagBag from /home/airflow/.local/lib/python3.8/site-packages/airflow/example_dags/example_setup_teardown.py
[2024-03-12T12:04:44.619+0000] {processor.py:840} INFO - DAG(s) 'example_setup_teardown' retrieved from /home/airflow/.local/lib/python3.8/site-packages/airflow/example_dags/example_setup_teardown.py
[2024-03-12T12:04:44.669+0000] {logging_mixin.py:188} INFO - [2024-03-12T12:04:44.669+0000] {dag.py:3047} INFO - Sync 1 DAGs
[2024-03-12T12:04:44.705+0000] {logging_mixin.py:188} INFO - [2024-03-12T12:04:44.704+0000] {dag.py:3834} INFO - Setting next_dagrun for example_setup_teardown to 2024-03-11 00:00:00+00:00, run_after=2024-03-12 00:00:00+00:00
[2024-03-12T12:04:44.749+0000] {processor.py:183} INFO - Processing /home/airflow/.local/lib/python3.8/site-packages/airflow/example_dags/example_setup_teardown.py took 0.163 seconds
[2024-03-12T12:05:15.443+0000] {processor.py:161} INFO - Started process (PID=3426) to work on /home/airflow/.local/lib/python3.8/site-packages/airflow/example_dags/example_setup_teardown.py
[2024-03-12T12:05:15.445+0000] {processor.py:830} INFO - Processing file /home/airflow/.local/lib/python3.8/site-packages/airflow/example_dags/example_setup_teardown.py for tasks to queue
[2024-03-12T12:05:15.446+0000] {logging_mixin.py:188} INFO - [2024-03-12T12:05:15.446+0000] {dagbag.py:540} INFO - Filling up the DagBag from /home/airflow/.local/lib/python3.8/site-packages/airflow/example_dags/example_setup_teardown.py
[2024-03-12T12:05:15.453+0000] {processor.py:840} INFO - DAG(s) 'example_setup_teardown' retrieved from /home/airflow/.local/lib/python3.8/site-packages/airflow/example_dags/example_setup_teardown.py
[2024-03-12T12:05:15.471+0000] {logging_mixin.py:188} INFO - [2024-03-12T12:05:15.471+0000] {dag.py:3047} INFO - Sync 1 DAGs
[2024-03-12T12:05:15.484+0000] {logging_mixin.py:188} INFO - [2024-03-12T12:05:15.484+0000] {dag.py:3834} INFO - Setting next_dagrun for example_setup_teardown to 2024-03-11 00:00:00+00:00, run_after=2024-03-12 00:00:00+00:00
[2024-03-12T12:05:15.494+0000] {processor.py:183} INFO - Processing /home/airflow/.local/lib/python3.8/site-packages/airflow/example_dags/example_setup_teardown.py took 0.055 seconds
[2024-03-12T12:05:45.874+0000] {processor.py:161} INFO - Started process (PID=3673) to work on /home/airflow/.local/lib/python3.8/site-packages/airflow/example_dags/example_setup_teardown.py
[2024-03-12T12:05:45.876+0000] {processor.py:830} INFO - Processing file /home/airflow/.local/lib/python3.8/site-packages/airflow/example_dags/example_setup_teardown.py for tasks to queue
[2024-03-12T12:05:45.877+0000] {logging_mixin.py:188} INFO - [2024-03-12T12:05:45.877+0000] {dagbag.py:540} INFO - Filling up the DagBag from /home/airflow/.local/lib/python3.8/site-packages/airflow/example_dags/example_setup_teardown.py
[2024-03-12T12:05:45.885+0000] {processor.py:840} INFO - DAG(s) 'example_setup_teardown' retrieved from /home/airflow/.local/lib/python3.8/site-packages/airflow/example_dags/example_setup_teardown.py
[2024-03-12T12:05:45.906+0000] {logging_mixin.py:188} INFO - [2024-03-12T12:05:45.906+0000] {dag.py:3047} INFO - Sync 1 DAGs
[2024-03-12T12:05:45.921+0000] {logging_mixin.py:188} INFO - [2024-03-12T12:05:45.921+0000] {dag.py:3834} INFO - Setting next_dagrun for example_setup_teardown to 2024-03-11 00:00:00+00:00, run_after=2024-03-12 00:00:00+00:00
[2024-03-12T12:05:45.934+0000] {processor.py:183} INFO - Processing /home/airflow/.local/lib/python3.8/site-packages/airflow/example_dags/example_setup_teardown.py took 0.065 seconds
[2024-03-12T12:06:16.638+0000] {processor.py:161} INFO - Started process (PID=3920) to work on /home/airflow/.local/lib/python3.8/site-packages/airflow/example_dags/example_setup_teardown.py
[2024-03-12T12:06:16.670+0000] {processor.py:830} INFO - Processing file /home/airflow/.local/lib/python3.8/site-packages/airflow/example_dags/example_setup_teardown.py for tasks to queue
[2024-03-12T12:06:16.672+0000] {logging_mixin.py:188} INFO - [2024-03-12T12:06:16.672+0000] {dagbag.py:540} INFO - Filling up the DagBag from /home/airflow/.local/lib/python3.8/site-packages/airflow/example_dags/example_setup_teardown.py
[2024-03-12T12:06:16.718+0000] {processor.py:840} INFO - DAG(s) 'example_setup_teardown' retrieved from /home/airflow/.local/lib/python3.8/site-packages/airflow/example_dags/example_setup_teardown.py
[2024-03-12T12:06:16.930+0000] {logging_mixin.py:188} INFO - [2024-03-12T12:06:16.927+0000] {dag.py:3047} INFO - Sync 1 DAGs
[2024-03-12T12:06:17.007+0000] {logging_mixin.py:188} INFO - [2024-03-12T12:06:17.007+0000] {dag.py:3834} INFO - Setting next_dagrun for example_setup_teardown to 2024-03-11 00:00:00+00:00, run_after=2024-03-12 00:00:00+00:00
[2024-03-12T12:06:17.040+0000] {processor.py:183} INFO - Processing /home/airflow/.local/lib/python3.8/site-packages/airflow/example_dags/example_setup_teardown.py took 0.406 seconds
[2024-03-12T12:06:47.953+0000] {processor.py:161} INFO - Started process (PID=4166) to work on /home/airflow/.local/lib/python3.8/site-packages/airflow/example_dags/example_setup_teardown.py
[2024-03-12T12:06:47.956+0000] {processor.py:830} INFO - Processing file /home/airflow/.local/lib/python3.8/site-packages/airflow/example_dags/example_setup_teardown.py for tasks to queue
[2024-03-12T12:06:47.957+0000] {logging_mixin.py:188} INFO - [2024-03-12T12:06:47.957+0000] {dagbag.py:540} INFO - Filling up the DagBag from /home/airflow/.local/lib/python3.8/site-packages/airflow/example_dags/example_setup_teardown.py
[2024-03-12T12:06:47.969+0000] {processor.py:840} INFO - DAG(s) 'example_setup_teardown' retrieved from /home/airflow/.local/lib/python3.8/site-packages/airflow/example_dags/example_setup_teardown.py
[2024-03-12T12:06:47.999+0000] {logging_mixin.py:188} INFO - [2024-03-12T12:06:47.999+0000] {dag.py:3047} INFO - Sync 1 DAGs
[2024-03-12T12:06:48.022+0000] {logging_mixin.py:188} INFO - [2024-03-12T12:06:48.022+0000] {dag.py:3834} INFO - Setting next_dagrun for example_setup_teardown to 2024-03-11 00:00:00+00:00, run_after=2024-03-12 00:00:00+00:00
[2024-03-12T12:06:48.035+0000] {processor.py:183} INFO - Processing /home/airflow/.local/lib/python3.8/site-packages/airflow/example_dags/example_setup_teardown.py took 0.088 seconds
[2024-03-12T12:07:18.745+0000] {processor.py:161} INFO - Started process (PID=4414) to work on /home/airflow/.local/lib/python3.8/site-packages/airflow/example_dags/example_setup_teardown.py
[2024-03-12T12:07:18.747+0000] {processor.py:830} INFO - Processing file /home/airflow/.local/lib/python3.8/site-packages/airflow/example_dags/example_setup_teardown.py for tasks to queue
[2024-03-12T12:07:18.748+0000] {logging_mixin.py:188} INFO - [2024-03-12T12:07:18.748+0000] {dagbag.py:540} INFO - Filling up the DagBag from /home/airflow/.local/lib/python3.8/site-packages/airflow/example_dags/example_setup_teardown.py
[2024-03-12T12:07:18.754+0000] {processor.py:840} INFO - DAG(s) 'example_setup_teardown' retrieved from /home/airflow/.local/lib/python3.8/site-packages/airflow/example_dags/example_setup_teardown.py
[2024-03-12T12:07:18.770+0000] {logging_mixin.py:188} INFO - [2024-03-12T12:07:18.770+0000] {dag.py:3047} INFO - Sync 1 DAGs
[2024-03-12T12:07:18.782+0000] {logging_mixin.py:188} INFO - [2024-03-12T12:07:18.782+0000] {dag.py:3834} INFO - Setting next_dagrun for example_setup_teardown to 2024-03-11 00:00:00+00:00, run_after=2024-03-12 00:00:00+00:00
[2024-03-12T12:07:18.793+0000] {processor.py:183} INFO - Processing /home/airflow/.local/lib/python3.8/site-packages/airflow/example_dags/example_setup_teardown.py took 0.051 seconds
[2024-03-12T12:07:49.242+0000] {processor.py:161} INFO - Started process (PID=4661) to work on /home/airflow/.local/lib/python3.8/site-packages/airflow/example_dags/example_setup_teardown.py
[2024-03-12T12:07:49.245+0000] {processor.py:830} INFO - Processing file /home/airflow/.local/lib/python3.8/site-packages/airflow/example_dags/example_setup_teardown.py for tasks to queue
[2024-03-12T12:07:49.247+0000] {logging_mixin.py:188} INFO - [2024-03-12T12:07:49.246+0000] {dagbag.py:540} INFO - Filling up the DagBag from /home/airflow/.local/lib/python3.8/site-packages/airflow/example_dags/example_setup_teardown.py
[2024-03-12T12:07:49.258+0000] {processor.py:840} INFO - DAG(s) 'example_setup_teardown' retrieved from /home/airflow/.local/lib/python3.8/site-packages/airflow/example_dags/example_setup_teardown.py
[2024-03-12T12:07:49.297+0000] {logging_mixin.py:188} INFO - [2024-03-12T12:07:49.297+0000] {dag.py:3047} INFO - Sync 1 DAGs
[2024-03-12T12:07:49.316+0000] {logging_mixin.py:188} INFO - [2024-03-12T12:07:49.316+0000] {dag.py:3834} INFO - Setting next_dagrun for example_setup_teardown to 2024-03-11 00:00:00+00:00, run_after=2024-03-12 00:00:00+00:00
[2024-03-12T12:07:49.330+0000] {processor.py:183} INFO - Processing /home/airflow/.local/lib/python3.8/site-packages/airflow/example_dags/example_setup_teardown.py took 0.093 seconds
[2024-03-12T12:08:19.639+0000] {processor.py:161} INFO - Started process (PID=4908) to work on /home/airflow/.local/lib/python3.8/site-packages/airflow/example_dags/example_setup_teardown.py
[2024-03-12T12:08:19.640+0000] {processor.py:830} INFO - Processing file /home/airflow/.local/lib/python3.8/site-packages/airflow/example_dags/example_setup_teardown.py for tasks to queue
[2024-03-12T12:08:19.642+0000] {logging_mixin.py:188} INFO - [2024-03-12T12:08:19.641+0000] {dagbag.py:540} INFO - Filling up the DagBag from /home/airflow/.local/lib/python3.8/site-packages/airflow/example_dags/example_setup_teardown.py
[2024-03-12T12:08:19.652+0000] {processor.py:840} INFO - DAG(s) 'example_setup_teardown' retrieved from /home/airflow/.local/lib/python3.8/site-packages/airflow/example_dags/example_setup_teardown.py
[2024-03-12T12:08:19.672+0000] {logging_mixin.py:188} INFO - [2024-03-12T12:08:19.672+0000] {dag.py:3047} INFO - Sync 1 DAGs
[2024-03-12T12:08:19.688+0000] {logging_mixin.py:188} INFO - [2024-03-12T12:08:19.688+0000] {dag.py:3834} INFO - Setting next_dagrun for example_setup_teardown to 2024-03-11 00:00:00+00:00, run_after=2024-03-12 00:00:00+00:00
[2024-03-12T12:08:19.700+0000] {processor.py:183} INFO - Processing /home/airflow/.local/lib/python3.8/site-packages/airflow/example_dags/example_setup_teardown.py took 0.067 seconds
[2024-03-12T12:08:50.193+0000] {processor.py:161} INFO - Started process (PID=5155) to work on /home/airflow/.local/lib/python3.8/site-packages/airflow/example_dags/example_setup_teardown.py
[2024-03-12T12:08:50.195+0000] {processor.py:830} INFO - Processing file /home/airflow/.local/lib/python3.8/site-packages/airflow/example_dags/example_setup_teardown.py for tasks to queue
[2024-03-12T12:08:50.196+0000] {logging_mixin.py:188} INFO - [2024-03-12T12:08:50.196+0000] {dagbag.py:540} INFO - Filling up the DagBag from /home/airflow/.local/lib/python3.8/site-packages/airflow/example_dags/example_setup_teardown.py
[2024-03-12T12:08:50.207+0000] {processor.py:840} INFO - DAG(s) 'example_setup_teardown' retrieved from /home/airflow/.local/lib/python3.8/site-packages/airflow/example_dags/example_setup_teardown.py
[2024-03-12T12:08:50.232+0000] {logging_mixin.py:188} INFO - [2024-03-12T12:08:50.232+0000] {dag.py:3047} INFO - Sync 1 DAGs
[2024-03-12T12:08:50.251+0000] {logging_mixin.py:188} INFO - [2024-03-12T12:08:50.251+0000] {dag.py:3834} INFO - Setting next_dagrun for example_setup_teardown to 2024-03-11 00:00:00+00:00, run_after=2024-03-12 00:00:00+00:00
[2024-03-12T12:08:50.264+0000] {processor.py:183} INFO - Processing /home/airflow/.local/lib/python3.8/site-packages/airflow/example_dags/example_setup_teardown.py took 0.074 seconds
[2024-03-12T12:09:20.844+0000] {processor.py:161} INFO - Started process (PID=5402) to work on /home/airflow/.local/lib/python3.8/site-packages/airflow/example_dags/example_setup_teardown.py
[2024-03-12T12:09:20.846+0000] {processor.py:830} INFO - Processing file /home/airflow/.local/lib/python3.8/site-packages/airflow/example_dags/example_setup_teardown.py for tasks to queue
[2024-03-12T12:09:20.848+0000] {logging_mixin.py:188} INFO - [2024-03-12T12:09:20.848+0000] {dagbag.py:540} INFO - Filling up the DagBag from /home/airflow/.local/lib/python3.8/site-packages/airflow/example_dags/example_setup_teardown.py
[2024-03-12T12:09:20.860+0000] {processor.py:840} INFO - DAG(s) 'example_setup_teardown' retrieved from /home/airflow/.local/lib/python3.8/site-packages/airflow/example_dags/example_setup_teardown.py
[2024-03-12T12:09:20.883+0000] {logging_mixin.py:188} INFO - [2024-03-12T12:09:20.883+0000] {dag.py:3047} INFO - Sync 1 DAGs
[2024-03-12T12:09:20.900+0000] {logging_mixin.py:188} INFO - [2024-03-12T12:09:20.899+0000] {dag.py:3834} INFO - Setting next_dagrun for example_setup_teardown to 2024-03-11 00:00:00+00:00, run_after=2024-03-12 00:00:00+00:00
[2024-03-12T12:09:20.913+0000] {processor.py:183} INFO - Processing /home/airflow/.local/lib/python3.8/site-packages/airflow/example_dags/example_setup_teardown.py took 0.076 seconds
[2024-03-12T12:09:51.412+0000] {processor.py:161} INFO - Started process (PID=5649) to work on /home/airflow/.local/lib/python3.8/site-packages/airflow/example_dags/example_setup_teardown.py
[2024-03-12T12:09:51.413+0000] {processor.py:830} INFO - Processing file /home/airflow/.local/lib/python3.8/site-packages/airflow/example_dags/example_setup_teardown.py for tasks to queue
[2024-03-12T12:09:51.415+0000] {logging_mixin.py:188} INFO - [2024-03-12T12:09:51.414+0000] {dagbag.py:540} INFO - Filling up the DagBag from /home/airflow/.local/lib/python3.8/site-packages/airflow/example_dags/example_setup_teardown.py
[2024-03-12T12:09:51.421+0000] {processor.py:840} INFO - DAG(s) 'example_setup_teardown' retrieved from /home/airflow/.local/lib/python3.8/site-packages/airflow/example_dags/example_setup_teardown.py
[2024-03-12T12:09:51.439+0000] {logging_mixin.py:188} INFO - [2024-03-12T12:09:51.439+0000] {dag.py:3047} INFO - Sync 1 DAGs
[2024-03-12T12:09:51.452+0000] {logging_mixin.py:188} INFO - [2024-03-12T12:09:51.452+0000] {dag.py:3834} INFO - Setting next_dagrun for example_setup_teardown to 2024-03-11 00:00:00+00:00, run_after=2024-03-12 00:00:00+00:00
[2024-03-12T12:09:51.463+0000] {processor.py:183} INFO - Processing /home/airflow/.local/lib/python3.8/site-packages/airflow/example_dags/example_setup_teardown.py took 0.054 seconds
[2024-03-12T12:10:21.627+0000] {processor.py:161} INFO - Started process (PID=5896) to work on /home/airflow/.local/lib/python3.8/site-packages/airflow/example_dags/example_setup_teardown.py
[2024-03-12T12:10:21.631+0000] {processor.py:830} INFO - Processing file /home/airflow/.local/lib/python3.8/site-packages/airflow/example_dags/example_setup_teardown.py for tasks to queue
[2024-03-12T12:10:21.634+0000] {logging_mixin.py:188} INFO - [2024-03-12T12:10:21.633+0000] {dagbag.py:540} INFO - Filling up the DagBag from /home/airflow/.local/lib/python3.8/site-packages/airflow/example_dags/example_setup_teardown.py
[2024-03-12T12:10:21.647+0000] {processor.py:840} INFO - DAG(s) 'example_setup_teardown' retrieved from /home/airflow/.local/lib/python3.8/site-packages/airflow/example_dags/example_setup_teardown.py
[2024-03-12T12:10:21.680+0000] {logging_mixin.py:188} INFO - [2024-03-12T12:10:21.680+0000] {dag.py:3047} INFO - Sync 1 DAGs
[2024-03-12T12:10:21.700+0000] {logging_mixin.py:188} INFO - [2024-03-12T12:10:21.700+0000] {dag.py:3834} INFO - Setting next_dagrun for example_setup_teardown to 2024-03-11 00:00:00+00:00, run_after=2024-03-12 00:00:00+00:00
[2024-03-12T12:10:21.714+0000] {processor.py:183} INFO - Processing /home/airflow/.local/lib/python3.8/site-packages/airflow/example_dags/example_setup_teardown.py took 0.103 seconds
[2024-03-12T12:10:52.100+0000] {processor.py:161} INFO - Started process (PID=6143) to work on /home/airflow/.local/lib/python3.8/site-packages/airflow/example_dags/example_setup_teardown.py
[2024-03-12T12:10:52.101+0000] {processor.py:830} INFO - Processing file /home/airflow/.local/lib/python3.8/site-packages/airflow/example_dags/example_setup_teardown.py for tasks to queue
[2024-03-12T12:10:52.102+0000] {logging_mixin.py:188} INFO - [2024-03-12T12:10:52.102+0000] {dagbag.py:540} INFO - Filling up the DagBag from /home/airflow/.local/lib/python3.8/site-packages/airflow/example_dags/example_setup_teardown.py
[2024-03-12T12:10:52.108+0000] {processor.py:840} INFO - DAG(s) 'example_setup_teardown' retrieved from /home/airflow/.local/lib/python3.8/site-packages/airflow/example_dags/example_setup_teardown.py
[2024-03-12T12:10:52.125+0000] {logging_mixin.py:188} INFO - [2024-03-12T12:10:52.125+0000] {dag.py:3047} INFO - Sync 1 DAGs
[2024-03-12T12:10:52.138+0000] {logging_mixin.py:188} INFO - [2024-03-12T12:10:52.138+0000] {dag.py:3834} INFO - Setting next_dagrun for example_setup_teardown to 2024-03-11 00:00:00+00:00, run_after=2024-03-12 00:00:00+00:00
[2024-03-12T12:10:52.149+0000] {processor.py:183} INFO - Processing /home/airflow/.local/lib/python3.8/site-packages/airflow/example_dags/example_setup_teardown.py took 0.052 seconds
