[2024-03-12T11:50:03.140+0000] {processor.py:161} INFO - Started process (PID=169) to work on /home/airflow/.local/lib/python3.8/site-packages/airflow/example_dags/example_python_decorator.py
[2024-03-12T11:50:03.143+0000] {processor.py:830} INFO - Processing file /home/airflow/.local/lib/python3.8/site-packages/airflow/example_dags/example_python_decorator.py for tasks to queue
[2024-03-12T11:50:03.147+0000] {logging_mixin.py:188} INFO - [2024-03-12T11:50:03.147+0000] {dagbag.py:540} INFO - Filling up the DagBag from /home/airflow/.local/lib/python3.8/site-packages/airflow/example_dags/example_python_decorator.py
[2024-03-12T11:50:03.204+0000] {processor.py:840} INFO - DAG(s) 'example_python_decorator' retrieved from /home/airflow/.local/lib/python3.8/site-packages/airflow/example_dags/example_python_decorator.py
[2024-03-12T11:50:03.819+0000] {logging_mixin.py:188} INFO - [2024-03-12T11:50:03.819+0000] {dag.py:3047} INFO - Sync 1 DAGs
[2024-03-12T11:50:03.847+0000] {logging_mixin.py:188} INFO - [2024-03-12T11:50:03.847+0000] {dag.py:3834} INFO - Setting next_dagrun for example_python_decorator to None, run_after=None
[2024-03-12T11:50:03.887+0000] {processor.py:183} INFO - Processing /home/airflow/.local/lib/python3.8/site-packages/airflow/example_dags/example_python_decorator.py took 0.758 seconds
[2024-03-12T11:50:34.161+0000] {processor.py:161} INFO - Started process (PID=416) to work on /home/airflow/.local/lib/python3.8/site-packages/airflow/example_dags/example_python_decorator.py
[2024-03-12T11:50:34.164+0000] {processor.py:830} INFO - Processing file /home/airflow/.local/lib/python3.8/site-packages/airflow/example_dags/example_python_decorator.py for tasks to queue
[2024-03-12T11:50:34.165+0000] {logging_mixin.py:188} INFO - [2024-03-12T11:50:34.165+0000] {dagbag.py:540} INFO - Filling up the DagBag from /home/airflow/.local/lib/python3.8/site-packages/airflow/example_dags/example_python_decorator.py
[2024-03-12T11:50:34.183+0000] {processor.py:840} INFO - DAG(s) 'example_python_decorator' retrieved from /home/airflow/.local/lib/python3.8/site-packages/airflow/example_dags/example_python_decorator.py
[2024-03-12T11:50:34.209+0000] {logging_mixin.py:188} INFO - [2024-03-12T11:50:34.209+0000] {dag.py:3047} INFO - Sync 1 DAGs
[2024-03-12T11:50:34.229+0000] {logging_mixin.py:188} INFO - [2024-03-12T11:50:34.229+0000] {dag.py:3834} INFO - Setting next_dagrun for example_python_decorator to None, run_after=None
[2024-03-12T11:50:34.245+0000] {processor.py:183} INFO - Processing /home/airflow/.local/lib/python3.8/site-packages/airflow/example_dags/example_python_decorator.py took 0.089 seconds
[2024-03-12T11:51:04.733+0000] {processor.py:161} INFO - Started process (PID=663) to work on /home/airflow/.local/lib/python3.8/site-packages/airflow/example_dags/example_python_decorator.py
[2024-03-12T11:51:04.735+0000] {processor.py:830} INFO - Processing file /home/airflow/.local/lib/python3.8/site-packages/airflow/example_dags/example_python_decorator.py for tasks to queue
[2024-03-12T11:51:04.736+0000] {logging_mixin.py:188} INFO - [2024-03-12T11:51:04.736+0000] {dagbag.py:540} INFO - Filling up the DagBag from /home/airflow/.local/lib/python3.8/site-packages/airflow/example_dags/example_python_decorator.py
[2024-03-12T11:51:04.775+0000] {processor.py:840} INFO - DAG(s) 'example_python_decorator' retrieved from /home/airflow/.local/lib/python3.8/site-packages/airflow/example_dags/example_python_decorator.py
[2024-03-12T11:51:04.801+0000] {logging_mixin.py:188} INFO - [2024-03-12T11:51:04.801+0000] {dag.py:3047} INFO - Sync 1 DAGs
[2024-03-12T11:51:04.813+0000] {logging_mixin.py:188} INFO - [2024-03-12T11:51:04.813+0000] {dag.py:3834} INFO - Setting next_dagrun for example_python_decorator to None, run_after=None
[2024-03-12T11:51:04.833+0000] {processor.py:183} INFO - Processing /home/airflow/.local/lib/python3.8/site-packages/airflow/example_dags/example_python_decorator.py took 0.104 seconds
[2024-03-12T11:51:35.296+0000] {processor.py:161} INFO - Started process (PID=909) to work on /home/airflow/.local/lib/python3.8/site-packages/airflow/example_dags/example_python_decorator.py
[2024-03-12T11:51:35.299+0000] {processor.py:830} INFO - Processing file /home/airflow/.local/lib/python3.8/site-packages/airflow/example_dags/example_python_decorator.py for tasks to queue
[2024-03-12T11:51:35.301+0000] {logging_mixin.py:188} INFO - [2024-03-12T11:51:35.300+0000] {dagbag.py:540} INFO - Filling up the DagBag from /home/airflow/.local/lib/python3.8/site-packages/airflow/example_dags/example_python_decorator.py
[2024-03-12T11:51:35.317+0000] {processor.py:840} INFO - DAG(s) 'example_python_decorator' retrieved from /home/airflow/.local/lib/python3.8/site-packages/airflow/example_dags/example_python_decorator.py
[2024-03-12T11:51:35.339+0000] {logging_mixin.py:188} INFO - [2024-03-12T11:51:35.339+0000] {dag.py:3047} INFO - Sync 1 DAGs
[2024-03-12T11:51:35.347+0000] {logging_mixin.py:188} INFO - [2024-03-12T11:51:35.347+0000] {dag.py:3834} INFO - Setting next_dagrun for example_python_decorator to None, run_after=None
[2024-03-12T11:51:35.359+0000] {processor.py:183} INFO - Processing /home/airflow/.local/lib/python3.8/site-packages/airflow/example_dags/example_python_decorator.py took 0.068 seconds
[2024-03-12T11:52:05.632+0000] {processor.py:161} INFO - Started process (PID=1157) to work on /home/airflow/.local/lib/python3.8/site-packages/airflow/example_dags/example_python_decorator.py
[2024-03-12T11:52:05.634+0000] {processor.py:830} INFO - Processing file /home/airflow/.local/lib/python3.8/site-packages/airflow/example_dags/example_python_decorator.py for tasks to queue
[2024-03-12T11:52:05.636+0000] {logging_mixin.py:188} INFO - [2024-03-12T11:52:05.635+0000] {dagbag.py:540} INFO - Filling up the DagBag from /home/airflow/.local/lib/python3.8/site-packages/airflow/example_dags/example_python_decorator.py
[2024-03-12T11:52:05.666+0000] {processor.py:840} INFO - DAG(s) 'example_python_decorator' retrieved from /home/airflow/.local/lib/python3.8/site-packages/airflow/example_dags/example_python_decorator.py
[2024-03-12T11:52:05.691+0000] {logging_mixin.py:188} INFO - [2024-03-12T11:52:05.691+0000] {dag.py:3047} INFO - Sync 1 DAGs
[2024-03-12T11:52:05.702+0000] {logging_mixin.py:188} INFO - [2024-03-12T11:52:05.701+0000] {dag.py:3834} INFO - Setting next_dagrun for example_python_decorator to None, run_after=None
[2024-03-12T11:52:05.716+0000] {processor.py:183} INFO - Processing /home/airflow/.local/lib/python3.8/site-packages/airflow/example_dags/example_python_decorator.py took 0.092 seconds
[2024-03-12T11:52:36.560+0000] {processor.py:161} INFO - Started process (PID=1404) to work on /home/airflow/.local/lib/python3.8/site-packages/airflow/example_dags/example_python_decorator.py
[2024-03-12T11:52:36.564+0000] {processor.py:830} INFO - Processing file /home/airflow/.local/lib/python3.8/site-packages/airflow/example_dags/example_python_decorator.py for tasks to queue
[2024-03-12T11:52:36.568+0000] {logging_mixin.py:188} INFO - [2024-03-12T11:52:36.567+0000] {dagbag.py:540} INFO - Filling up the DagBag from /home/airflow/.local/lib/python3.8/site-packages/airflow/example_dags/example_python_decorator.py
[2024-03-12T11:52:36.610+0000] {processor.py:840} INFO - DAG(s) 'example_python_decorator' retrieved from /home/airflow/.local/lib/python3.8/site-packages/airflow/example_dags/example_python_decorator.py
[2024-03-12T11:52:36.658+0000] {logging_mixin.py:188} INFO - [2024-03-12T11:52:36.658+0000] {dag.py:3047} INFO - Sync 1 DAGs
[2024-03-12T11:52:36.672+0000] {logging_mixin.py:188} INFO - [2024-03-12T11:52:36.672+0000] {dag.py:3834} INFO - Setting next_dagrun for example_python_decorator to None, run_after=None
[2024-03-12T11:52:36.687+0000] {processor.py:183} INFO - Processing /home/airflow/.local/lib/python3.8/site-packages/airflow/example_dags/example_python_decorator.py took 0.146 seconds
[2024-03-12T11:53:07.687+0000] {processor.py:161} INFO - Started process (PID=1651) to work on /home/airflow/.local/lib/python3.8/site-packages/airflow/example_dags/example_python_decorator.py
[2024-03-12T11:53:07.691+0000] {processor.py:830} INFO - Processing file /home/airflow/.local/lib/python3.8/site-packages/airflow/example_dags/example_python_decorator.py for tasks to queue
[2024-03-12T11:53:07.694+0000] {logging_mixin.py:188} INFO - [2024-03-12T11:53:07.693+0000] {dagbag.py:540} INFO - Filling up the DagBag from /home/airflow/.local/lib/python3.8/site-packages/airflow/example_dags/example_python_decorator.py
[2024-03-12T11:53:07.716+0000] {processor.py:840} INFO - DAG(s) 'example_python_decorator' retrieved from /home/airflow/.local/lib/python3.8/site-packages/airflow/example_dags/example_python_decorator.py
[2024-03-12T11:53:07.743+0000] {logging_mixin.py:188} INFO - [2024-03-12T11:53:07.743+0000] {dag.py:3047} INFO - Sync 1 DAGs
[2024-03-12T11:53:07.755+0000] {logging_mixin.py:188} INFO - [2024-03-12T11:53:07.754+0000] {dag.py:3834} INFO - Setting next_dagrun for example_python_decorator to None, run_after=None
[2024-03-12T11:53:07.769+0000] {processor.py:183} INFO - Processing /home/airflow/.local/lib/python3.8/site-packages/airflow/example_dags/example_python_decorator.py took 0.087 seconds
[2024-03-12T11:53:38.474+0000] {processor.py:161} INFO - Started process (PID=1897) to work on /home/airflow/.local/lib/python3.8/site-packages/airflow/example_dags/example_python_decorator.py
[2024-03-12T11:53:38.482+0000] {processor.py:830} INFO - Processing file /home/airflow/.local/lib/python3.8/site-packages/airflow/example_dags/example_python_decorator.py for tasks to queue
[2024-03-12T11:53:38.487+0000] {logging_mixin.py:188} INFO - [2024-03-12T11:53:38.487+0000] {dagbag.py:540} INFO - Filling up the DagBag from /home/airflow/.local/lib/python3.8/site-packages/airflow/example_dags/example_python_decorator.py
[2024-03-12T11:53:38.513+0000] {processor.py:840} INFO - DAG(s) 'example_python_decorator' retrieved from /home/airflow/.local/lib/python3.8/site-packages/airflow/example_dags/example_python_decorator.py
[2024-03-12T11:53:38.535+0000] {logging_mixin.py:188} INFO - [2024-03-12T11:53:38.534+0000] {dag.py:3047} INFO - Sync 1 DAGs
[2024-03-12T11:53:38.555+0000] {logging_mixin.py:188} INFO - [2024-03-12T11:53:38.555+0000] {dag.py:3834} INFO - Setting next_dagrun for example_python_decorator to None, run_after=None
[2024-03-12T11:53:38.575+0000] {processor.py:183} INFO - Processing /home/airflow/.local/lib/python3.8/site-packages/airflow/example_dags/example_python_decorator.py took 0.113 seconds
[2024-03-12T11:54:08.925+0000] {processor.py:161} INFO - Started process (PID=2144) to work on /home/airflow/.local/lib/python3.8/site-packages/airflow/example_dags/example_python_decorator.py
[2024-03-12T11:54:08.933+0000] {processor.py:830} INFO - Processing file /home/airflow/.local/lib/python3.8/site-packages/airflow/example_dags/example_python_decorator.py for tasks to queue
[2024-03-12T11:54:08.950+0000] {logging_mixin.py:188} INFO - [2024-03-12T11:54:08.947+0000] {dagbag.py:540} INFO - Filling up the DagBag from /home/airflow/.local/lib/python3.8/site-packages/airflow/example_dags/example_python_decorator.py
[2024-03-12T11:54:09.282+0000] {processor.py:840} INFO - DAG(s) 'example_python_decorator' retrieved from /home/airflow/.local/lib/python3.8/site-packages/airflow/example_dags/example_python_decorator.py
[2024-03-12T11:54:09.377+0000] {logging_mixin.py:188} INFO - [2024-03-12T11:54:09.376+0000] {dag.py:3047} INFO - Sync 1 DAGs
[2024-03-12T11:54:09.400+0000] {logging_mixin.py:188} INFO - [2024-03-12T11:54:09.400+0000] {dag.py:3834} INFO - Setting next_dagrun for example_python_decorator to None, run_after=None
[2024-03-12T11:54:09.446+0000] {processor.py:183} INFO - Processing /home/airflow/.local/lib/python3.8/site-packages/airflow/example_dags/example_python_decorator.py took 0.543 seconds
[2024-03-12T11:54:39.842+0000] {processor.py:161} INFO - Started process (PID=2392) to work on /home/airflow/.local/lib/python3.8/site-packages/airflow/example_dags/example_python_decorator.py
[2024-03-12T11:54:39.844+0000] {processor.py:830} INFO - Processing file /home/airflow/.local/lib/python3.8/site-packages/airflow/example_dags/example_python_decorator.py for tasks to queue
[2024-03-12T11:54:39.845+0000] {logging_mixin.py:188} INFO - [2024-03-12T11:54:39.845+0000] {dagbag.py:540} INFO - Filling up the DagBag from /home/airflow/.local/lib/python3.8/site-packages/airflow/example_dags/example_python_decorator.py
[2024-03-12T11:54:39.862+0000] {processor.py:840} INFO - DAG(s) 'example_python_decorator' retrieved from /home/airflow/.local/lib/python3.8/site-packages/airflow/example_dags/example_python_decorator.py
[2024-03-12T11:54:39.886+0000] {logging_mixin.py:188} INFO - [2024-03-12T11:54:39.886+0000] {dag.py:3047} INFO - Sync 1 DAGs
[2024-03-12T11:54:39.898+0000] {logging_mixin.py:188} INFO - [2024-03-12T11:54:39.897+0000] {dag.py:3834} INFO - Setting next_dagrun for example_python_decorator to None, run_after=None
[2024-03-12T11:54:39.923+0000] {processor.py:183} INFO - Processing /home/airflow/.local/lib/python3.8/site-packages/airflow/example_dags/example_python_decorator.py took 0.090 seconds
[2024-03-12T11:55:10.745+0000] {processor.py:161} INFO - Started process (PID=2639) to work on /home/airflow/.local/lib/python3.8/site-packages/airflow/example_dags/example_python_decorator.py
[2024-03-12T11:55:10.748+0000] {processor.py:830} INFO - Processing file /home/airflow/.local/lib/python3.8/site-packages/airflow/example_dags/example_python_decorator.py for tasks to queue
[2024-03-12T11:55:10.751+0000] {logging_mixin.py:188} INFO - [2024-03-12T11:55:10.751+0000] {dagbag.py:540} INFO - Filling up the DagBag from /home/airflow/.local/lib/python3.8/site-packages/airflow/example_dags/example_python_decorator.py
[2024-03-12T11:55:10.769+0000] {processor.py:840} INFO - DAG(s) 'example_python_decorator' retrieved from /home/airflow/.local/lib/python3.8/site-packages/airflow/example_dags/example_python_decorator.py
[2024-03-12T11:55:10.810+0000] {logging_mixin.py:188} INFO - [2024-03-12T11:55:10.810+0000] {dag.py:3047} INFO - Sync 1 DAGs
[2024-03-12T11:55:10.823+0000] {logging_mixin.py:188} INFO - [2024-03-12T11:55:10.823+0000] {dag.py:3834} INFO - Setting next_dagrun for example_python_decorator to None, run_after=None
[2024-03-12T11:55:10.838+0000] {processor.py:183} INFO - Processing /home/airflow/.local/lib/python3.8/site-packages/airflow/example_dags/example_python_decorator.py took 0.098 seconds
[2024-03-12T11:55:40.941+0000] {processor.py:161} INFO - Started process (PID=2886) to work on /home/airflow/.local/lib/python3.8/site-packages/airflow/example_dags/example_python_decorator.py
[2024-03-12T11:55:40.945+0000] {processor.py:830} INFO - Processing file /home/airflow/.local/lib/python3.8/site-packages/airflow/example_dags/example_python_decorator.py for tasks to queue
[2024-03-12T11:55:40.947+0000] {logging_mixin.py:188} INFO - [2024-03-12T11:55:40.946+0000] {dagbag.py:540} INFO - Filling up the DagBag from /home/airflow/.local/lib/python3.8/site-packages/airflow/example_dags/example_python_decorator.py
[2024-03-12T11:55:40.967+0000] {processor.py:840} INFO - DAG(s) 'example_python_decorator' retrieved from /home/airflow/.local/lib/python3.8/site-packages/airflow/example_dags/example_python_decorator.py
[2024-03-12T11:55:40.991+0000] {logging_mixin.py:188} INFO - [2024-03-12T11:55:40.991+0000] {dag.py:3047} INFO - Sync 1 DAGs
[2024-03-12T11:55:41.002+0000] {logging_mixin.py:188} INFO - [2024-03-12T11:55:41.002+0000] {dag.py:3834} INFO - Setting next_dagrun for example_python_decorator to None, run_after=None
[2024-03-12T11:55:41.024+0000] {processor.py:183} INFO - Processing /home/airflow/.local/lib/python3.8/site-packages/airflow/example_dags/example_python_decorator.py took 0.090 seconds
[2024-03-12T11:56:11.544+0000] {processor.py:161} INFO - Started process (PID=3133) to work on /home/airflow/.local/lib/python3.8/site-packages/airflow/example_dags/example_python_decorator.py
[2024-03-12T11:56:11.546+0000] {processor.py:830} INFO - Processing file /home/airflow/.local/lib/python3.8/site-packages/airflow/example_dags/example_python_decorator.py for tasks to queue
[2024-03-12T11:56:11.548+0000] {logging_mixin.py:188} INFO - [2024-03-12T11:56:11.548+0000] {dagbag.py:540} INFO - Filling up the DagBag from /home/airflow/.local/lib/python3.8/site-packages/airflow/example_dags/example_python_decorator.py
[2024-03-12T11:56:11.564+0000] {processor.py:840} INFO - DAG(s) 'example_python_decorator' retrieved from /home/airflow/.local/lib/python3.8/site-packages/airflow/example_dags/example_python_decorator.py
[2024-03-12T11:56:11.602+0000] {logging_mixin.py:188} INFO - [2024-03-12T11:56:11.602+0000] {dag.py:3047} INFO - Sync 1 DAGs
[2024-03-12T11:56:11.613+0000] {logging_mixin.py:188} INFO - [2024-03-12T11:56:11.613+0000] {dag.py:3834} INFO - Setting next_dagrun for example_python_decorator to None, run_after=None
[2024-03-12T11:56:11.627+0000] {processor.py:183} INFO - Processing /home/airflow/.local/lib/python3.8/site-packages/airflow/example_dags/example_python_decorator.py took 0.086 seconds
[2024-03-12T11:57:06.361+0000] {processor.py:161} INFO - Started process (PID=169) to work on /home/airflow/.local/lib/python3.8/site-packages/airflow/example_dags/example_python_decorator.py
[2024-03-12T11:57:06.363+0000] {processor.py:830} INFO - Processing file /home/airflow/.local/lib/python3.8/site-packages/airflow/example_dags/example_python_decorator.py for tasks to queue
[2024-03-12T11:57:06.364+0000] {logging_mixin.py:188} INFO - [2024-03-12T11:57:06.364+0000] {dagbag.py:540} INFO - Filling up the DagBag from /home/airflow/.local/lib/python3.8/site-packages/airflow/example_dags/example_python_decorator.py
[2024-03-12T11:57:06.402+0000] {processor.py:840} INFO - DAG(s) 'example_python_decorator' retrieved from /home/airflow/.local/lib/python3.8/site-packages/airflow/example_dags/example_python_decorator.py
[2024-03-12T11:57:06.526+0000] {logging_mixin.py:188} INFO - [2024-03-12T11:57:06.526+0000] {dag.py:3047} INFO - Sync 1 DAGs
[2024-03-12T11:57:06.533+0000] {logging_mixin.py:188} INFO - [2024-03-12T11:57:06.533+0000] {dag.py:3834} INFO - Setting next_dagrun for example_python_decorator to None, run_after=None
[2024-03-12T11:57:06.547+0000] {processor.py:183} INFO - Processing /home/airflow/.local/lib/python3.8/site-packages/airflow/example_dags/example_python_decorator.py took 0.191 seconds
[2024-03-12T11:57:36.715+0000] {processor.py:161} INFO - Started process (PID=418) to work on /home/airflow/.local/lib/python3.8/site-packages/airflow/example_dags/example_python_decorator.py
[2024-03-12T11:57:36.717+0000] {processor.py:830} INFO - Processing file /home/airflow/.local/lib/python3.8/site-packages/airflow/example_dags/example_python_decorator.py for tasks to queue
[2024-03-12T11:57:36.718+0000] {logging_mixin.py:188} INFO - [2024-03-12T11:57:36.717+0000] {dagbag.py:540} INFO - Filling up the DagBag from /home/airflow/.local/lib/python3.8/site-packages/airflow/example_dags/example_python_decorator.py
[2024-03-12T11:57:36.729+0000] {processor.py:840} INFO - DAG(s) 'example_python_decorator' retrieved from /home/airflow/.local/lib/python3.8/site-packages/airflow/example_dags/example_python_decorator.py
[2024-03-12T11:57:36.753+0000] {logging_mixin.py:188} INFO - [2024-03-12T11:57:36.752+0000] {dag.py:3047} INFO - Sync 1 DAGs
[2024-03-12T11:57:36.764+0000] {logging_mixin.py:188} INFO - [2024-03-12T11:57:36.763+0000] {dag.py:3834} INFO - Setting next_dagrun for example_python_decorator to None, run_after=None
[2024-03-12T11:57:36.779+0000] {processor.py:183} INFO - Processing /home/airflow/.local/lib/python3.8/site-packages/airflow/example_dags/example_python_decorator.py took 0.069 seconds
[2024-03-12T11:58:34.195+0000] {processor.py:161} INFO - Started process (PID=169) to work on /home/airflow/.local/lib/python3.8/site-packages/airflow/example_dags/example_python_decorator.py
[2024-03-12T11:58:34.202+0000] {processor.py:830} INFO - Processing file /home/airflow/.local/lib/python3.8/site-packages/airflow/example_dags/example_python_decorator.py for tasks to queue
[2024-03-12T11:58:34.205+0000] {logging_mixin.py:188} INFO - [2024-03-12T11:58:34.204+0000] {dagbag.py:540} INFO - Filling up the DagBag from /home/airflow/.local/lib/python3.8/site-packages/airflow/example_dags/example_python_decorator.py
[2024-03-12T11:58:34.222+0000] {processor.py:840} INFO - DAG(s) 'example_python_decorator' retrieved from /home/airflow/.local/lib/python3.8/site-packages/airflow/example_dags/example_python_decorator.py
[2024-03-12T11:58:34.374+0000] {logging_mixin.py:188} INFO - [2024-03-12T11:58:34.374+0000] {dag.py:3047} INFO - Sync 1 DAGs
[2024-03-12T11:58:34.381+0000] {logging_mixin.py:188} INFO - [2024-03-12T11:58:34.381+0000] {dag.py:3834} INFO - Setting next_dagrun for example_python_decorator to None, run_after=None
[2024-03-12T11:58:34.395+0000] {processor.py:183} INFO - Processing /home/airflow/.local/lib/python3.8/site-packages/airflow/example_dags/example_python_decorator.py took 0.208 seconds
[2024-03-12T11:59:04.573+0000] {processor.py:161} INFO - Started process (PID=418) to work on /home/airflow/.local/lib/python3.8/site-packages/airflow/example_dags/example_python_decorator.py
[2024-03-12T11:59:04.575+0000] {processor.py:830} INFO - Processing file /home/airflow/.local/lib/python3.8/site-packages/airflow/example_dags/example_python_decorator.py for tasks to queue
[2024-03-12T11:59:04.576+0000] {logging_mixin.py:188} INFO - [2024-03-12T11:59:04.576+0000] {dagbag.py:540} INFO - Filling up the DagBag from /home/airflow/.local/lib/python3.8/site-packages/airflow/example_dags/example_python_decorator.py
[2024-03-12T11:59:04.588+0000] {processor.py:840} INFO - DAG(s) 'example_python_decorator' retrieved from /home/airflow/.local/lib/python3.8/site-packages/airflow/example_dags/example_python_decorator.py
[2024-03-12T11:59:04.612+0000] {logging_mixin.py:188} INFO - [2024-03-12T11:59:04.612+0000] {dag.py:3047} INFO - Sync 1 DAGs
[2024-03-12T11:59:04.622+0000] {logging_mixin.py:188} INFO - [2024-03-12T11:59:04.622+0000] {dag.py:3834} INFO - Setting next_dagrun for example_python_decorator to None, run_after=None
[2024-03-12T11:59:04.633+0000] {processor.py:183} INFO - Processing /home/airflow/.local/lib/python3.8/site-packages/airflow/example_dags/example_python_decorator.py took 0.063 seconds
[2024-03-12T11:59:35.183+0000] {processor.py:161} INFO - Started process (PID=663) to work on /home/airflow/.local/lib/python3.8/site-packages/airflow/example_dags/example_python_decorator.py
[2024-03-12T11:59:35.185+0000] {processor.py:830} INFO - Processing file /home/airflow/.local/lib/python3.8/site-packages/airflow/example_dags/example_python_decorator.py for tasks to queue
[2024-03-12T11:59:35.187+0000] {logging_mixin.py:188} INFO - [2024-03-12T11:59:35.187+0000] {dagbag.py:540} INFO - Filling up the DagBag from /home/airflow/.local/lib/python3.8/site-packages/airflow/example_dags/example_python_decorator.py
[2024-03-12T11:59:35.218+0000] {processor.py:840} INFO - DAG(s) 'example_python_decorator' retrieved from /home/airflow/.local/lib/python3.8/site-packages/airflow/example_dags/example_python_decorator.py
[2024-03-12T11:59:35.244+0000] {logging_mixin.py:188} INFO - [2024-03-12T11:59:35.244+0000] {dag.py:3047} INFO - Sync 1 DAGs
[2024-03-12T11:59:35.254+0000] {logging_mixin.py:188} INFO - [2024-03-12T11:59:35.254+0000] {dag.py:3834} INFO - Setting next_dagrun for example_python_decorator to None, run_after=None
[2024-03-12T11:59:35.268+0000] {processor.py:183} INFO - Processing /home/airflow/.local/lib/python3.8/site-packages/airflow/example_dags/example_python_decorator.py took 0.092 seconds
[2024-03-12T12:00:06.065+0000] {processor.py:161} INFO - Started process (PID=910) to work on /home/airflow/.local/lib/python3.8/site-packages/airflow/example_dags/example_python_decorator.py
[2024-03-12T12:00:06.068+0000] {processor.py:830} INFO - Processing file /home/airflow/.local/lib/python3.8/site-packages/airflow/example_dags/example_python_decorator.py for tasks to queue
[2024-03-12T12:00:06.069+0000] {logging_mixin.py:188} INFO - [2024-03-12T12:00:06.069+0000] {dagbag.py:540} INFO - Filling up the DagBag from /home/airflow/.local/lib/python3.8/site-packages/airflow/example_dags/example_python_decorator.py
[2024-03-12T12:00:06.110+0000] {processor.py:840} INFO - DAG(s) 'example_python_decorator' retrieved from /home/airflow/.local/lib/python3.8/site-packages/airflow/example_dags/example_python_decorator.py
[2024-03-12T12:00:06.140+0000] {logging_mixin.py:188} INFO - [2024-03-12T12:00:06.140+0000] {dag.py:3047} INFO - Sync 1 DAGs
[2024-03-12T12:00:06.152+0000] {logging_mixin.py:188} INFO - [2024-03-12T12:00:06.152+0000] {dag.py:3834} INFO - Setting next_dagrun for example_python_decorator to None, run_after=None
[2024-03-12T12:00:06.166+0000] {processor.py:183} INFO - Processing /home/airflow/.local/lib/python3.8/site-packages/airflow/example_dags/example_python_decorator.py took 0.104 seconds
[2024-03-12T12:00:36.758+0000] {processor.py:161} INFO - Started process (PID=1157) to work on /home/airflow/.local/lib/python3.8/site-packages/airflow/example_dags/example_python_decorator.py
[2024-03-12T12:00:36.760+0000] {processor.py:830} INFO - Processing file /home/airflow/.local/lib/python3.8/site-packages/airflow/example_dags/example_python_decorator.py for tasks to queue
[2024-03-12T12:00:36.761+0000] {logging_mixin.py:188} INFO - [2024-03-12T12:00:36.761+0000] {dagbag.py:540} INFO - Filling up the DagBag from /home/airflow/.local/lib/python3.8/site-packages/airflow/example_dags/example_python_decorator.py
[2024-03-12T12:00:36.778+0000] {processor.py:840} INFO - DAG(s) 'example_python_decorator' retrieved from /home/airflow/.local/lib/python3.8/site-packages/airflow/example_dags/example_python_decorator.py
[2024-03-12T12:00:36.813+0000] {logging_mixin.py:188} INFO - [2024-03-12T12:00:36.813+0000] {dag.py:3047} INFO - Sync 1 DAGs
[2024-03-12T12:00:36.851+0000] {logging_mixin.py:188} INFO - [2024-03-12T12:00:36.851+0000] {dag.py:3834} INFO - Setting next_dagrun for example_python_decorator to None, run_after=None
[2024-03-12T12:00:36.868+0000] {processor.py:183} INFO - Processing /home/airflow/.local/lib/python3.8/site-packages/airflow/example_dags/example_python_decorator.py took 0.120 seconds
[2024-03-12T12:01:07.872+0000] {processor.py:161} INFO - Started process (PID=1404) to work on /home/airflow/.local/lib/python3.8/site-packages/airflow/example_dags/example_python_decorator.py
[2024-03-12T12:01:07.876+0000] {processor.py:830} INFO - Processing file /home/airflow/.local/lib/python3.8/site-packages/airflow/example_dags/example_python_decorator.py for tasks to queue
[2024-03-12T12:01:07.877+0000] {logging_mixin.py:188} INFO - [2024-03-12T12:01:07.877+0000] {dagbag.py:540} INFO - Filling up the DagBag from /home/airflow/.local/lib/python3.8/site-packages/airflow/example_dags/example_python_decorator.py
[2024-03-12T12:01:07.906+0000] {processor.py:840} INFO - DAG(s) 'example_python_decorator' retrieved from /home/airflow/.local/lib/python3.8/site-packages/airflow/example_dags/example_python_decorator.py
[2024-03-12T12:01:07.932+0000] {logging_mixin.py:188} INFO - [2024-03-12T12:01:07.931+0000] {dag.py:3047} INFO - Sync 1 DAGs
[2024-03-12T12:01:07.945+0000] {logging_mixin.py:188} INFO - [2024-03-12T12:01:07.945+0000] {dag.py:3834} INFO - Setting next_dagrun for example_python_decorator to None, run_after=None
[2024-03-12T12:01:07.961+0000] {processor.py:183} INFO - Processing /home/airflow/.local/lib/python3.8/site-packages/airflow/example_dags/example_python_decorator.py took 0.092 seconds
[2024-03-12T12:01:38.759+0000] {processor.py:161} INFO - Started process (PID=1651) to work on /home/airflow/.local/lib/python3.8/site-packages/airflow/example_dags/example_python_decorator.py
[2024-03-12T12:01:38.765+0000] {processor.py:830} INFO - Processing file /home/airflow/.local/lib/python3.8/site-packages/airflow/example_dags/example_python_decorator.py for tasks to queue
[2024-03-12T12:01:38.770+0000] {logging_mixin.py:188} INFO - [2024-03-12T12:01:38.770+0000] {dagbag.py:540} INFO - Filling up the DagBag from /home/airflow/.local/lib/python3.8/site-packages/airflow/example_dags/example_python_decorator.py
[2024-03-12T12:01:38.794+0000] {processor.py:840} INFO - DAG(s) 'example_python_decorator' retrieved from /home/airflow/.local/lib/python3.8/site-packages/airflow/example_dags/example_python_decorator.py
[2024-03-12T12:01:38.817+0000] {logging_mixin.py:188} INFO - [2024-03-12T12:01:38.817+0000] {dag.py:3047} INFO - Sync 1 DAGs
[2024-03-12T12:01:38.829+0000] {logging_mixin.py:188} INFO - [2024-03-12T12:01:38.829+0000] {dag.py:3834} INFO - Setting next_dagrun for example_python_decorator to None, run_after=None
[2024-03-12T12:01:38.847+0000] {processor.py:183} INFO - Processing /home/airflow/.local/lib/python3.8/site-packages/airflow/example_dags/example_python_decorator.py took 0.099 seconds
[2024-03-12T12:02:09.548+0000] {processor.py:161} INFO - Started process (PID=1898) to work on /home/airflow/.local/lib/python3.8/site-packages/airflow/example_dags/example_python_decorator.py
[2024-03-12T12:02:09.552+0000] {processor.py:830} INFO - Processing file /home/airflow/.local/lib/python3.8/site-packages/airflow/example_dags/example_python_decorator.py for tasks to queue
[2024-03-12T12:02:09.554+0000] {logging_mixin.py:188} INFO - [2024-03-12T12:02:09.553+0000] {dagbag.py:540} INFO - Filling up the DagBag from /home/airflow/.local/lib/python3.8/site-packages/airflow/example_dags/example_python_decorator.py
[2024-03-12T12:02:09.572+0000] {processor.py:840} INFO - DAG(s) 'example_python_decorator' retrieved from /home/airflow/.local/lib/python3.8/site-packages/airflow/example_dags/example_python_decorator.py
[2024-03-12T12:02:09.592+0000] {logging_mixin.py:188} INFO - [2024-03-12T12:02:09.592+0000] {dag.py:3047} INFO - Sync 1 DAGs
[2024-03-12T12:02:09.601+0000] {logging_mixin.py:188} INFO - [2024-03-12T12:02:09.601+0000] {dag.py:3834} INFO - Setting next_dagrun for example_python_decorator to None, run_after=None
[2024-03-12T12:02:09.615+0000] {processor.py:183} INFO - Processing /home/airflow/.local/lib/python3.8/site-packages/airflow/example_dags/example_python_decorator.py took 0.081 seconds
[2024-03-12T12:02:40.209+0000] {processor.py:161} INFO - Started process (PID=2144) to work on /home/airflow/.local/lib/python3.8/site-packages/airflow/example_dags/example_python_decorator.py
[2024-03-12T12:02:40.216+0000] {processor.py:830} INFO - Processing file /home/airflow/.local/lib/python3.8/site-packages/airflow/example_dags/example_python_decorator.py for tasks to queue
[2024-03-12T12:02:40.218+0000] {logging_mixin.py:188} INFO - [2024-03-12T12:02:40.217+0000] {dagbag.py:540} INFO - Filling up the DagBag from /home/airflow/.local/lib/python3.8/site-packages/airflow/example_dags/example_python_decorator.py
[2024-03-12T12:02:40.245+0000] {processor.py:840} INFO - DAG(s) 'example_python_decorator' retrieved from /home/airflow/.local/lib/python3.8/site-packages/airflow/example_dags/example_python_decorator.py
[2024-03-12T12:02:40.271+0000] {logging_mixin.py:188} INFO - [2024-03-12T12:02:40.271+0000] {dag.py:3047} INFO - Sync 1 DAGs
[2024-03-12T12:02:40.288+0000] {logging_mixin.py:188} INFO - [2024-03-12T12:02:40.287+0000] {dag.py:3834} INFO - Setting next_dagrun for example_python_decorator to None, run_after=None
[2024-03-12T12:02:40.305+0000] {processor.py:183} INFO - Processing /home/airflow/.local/lib/python3.8/site-packages/airflow/example_dags/example_python_decorator.py took 0.102 seconds
[2024-03-12T12:03:10.461+0000] {processor.py:161} INFO - Started process (PID=2392) to work on /home/airflow/.local/lib/python3.8/site-packages/airflow/example_dags/example_python_decorator.py
[2024-03-12T12:03:10.466+0000] {processor.py:830} INFO - Processing file /home/airflow/.local/lib/python3.8/site-packages/airflow/example_dags/example_python_decorator.py for tasks to queue
[2024-03-12T12:03:10.477+0000] {logging_mixin.py:188} INFO - [2024-03-12T12:03:10.475+0000] {dagbag.py:540} INFO - Filling up the DagBag from /home/airflow/.local/lib/python3.8/site-packages/airflow/example_dags/example_python_decorator.py
[2024-03-12T12:03:10.504+0000] {processor.py:840} INFO - DAG(s) 'example_python_decorator' retrieved from /home/airflow/.local/lib/python3.8/site-packages/airflow/example_dags/example_python_decorator.py
[2024-03-12T12:03:10.555+0000] {logging_mixin.py:188} INFO - [2024-03-12T12:03:10.554+0000] {dag.py:3047} INFO - Sync 1 DAGs
[2024-03-12T12:03:10.574+0000] {logging_mixin.py:188} INFO - [2024-03-12T12:03:10.573+0000] {dag.py:3834} INFO - Setting next_dagrun for example_python_decorator to None, run_after=None
[2024-03-12T12:03:10.611+0000] {processor.py:183} INFO - Processing /home/airflow/.local/lib/python3.8/site-packages/airflow/example_dags/example_python_decorator.py took 0.161 seconds
[2024-03-12T12:03:41.588+0000] {processor.py:161} INFO - Started process (PID=2639) to work on /home/airflow/.local/lib/python3.8/site-packages/airflow/example_dags/example_python_decorator.py
[2024-03-12T12:03:41.593+0000] {processor.py:830} INFO - Processing file /home/airflow/.local/lib/python3.8/site-packages/airflow/example_dags/example_python_decorator.py for tasks to queue
[2024-03-12T12:03:41.598+0000] {logging_mixin.py:188} INFO - [2024-03-12T12:03:41.597+0000] {dagbag.py:540} INFO - Filling up the DagBag from /home/airflow/.local/lib/python3.8/site-packages/airflow/example_dags/example_python_decorator.py
[2024-03-12T12:03:41.631+0000] {processor.py:840} INFO - DAG(s) 'example_python_decorator' retrieved from /home/airflow/.local/lib/python3.8/site-packages/airflow/example_dags/example_python_decorator.py
[2024-03-12T12:03:41.682+0000] {logging_mixin.py:188} INFO - [2024-03-12T12:03:41.682+0000] {dag.py:3047} INFO - Sync 1 DAGs
[2024-03-12T12:03:41.697+0000] {logging_mixin.py:188} INFO - [2024-03-12T12:03:41.697+0000] {dag.py:3834} INFO - Setting next_dagrun for example_python_decorator to None, run_after=None
[2024-03-12T12:03:41.726+0000] {processor.py:183} INFO - Processing /home/airflow/.local/lib/python3.8/site-packages/airflow/example_dags/example_python_decorator.py took 0.144 seconds
[2024-03-12T12:04:11.886+0000] {processor.py:161} INFO - Started process (PID=2886) to work on /home/airflow/.local/lib/python3.8/site-packages/airflow/example_dags/example_python_decorator.py
[2024-03-12T12:04:11.890+0000] {processor.py:830} INFO - Processing file /home/airflow/.local/lib/python3.8/site-packages/airflow/example_dags/example_python_decorator.py for tasks to queue
[2024-03-12T12:04:11.893+0000] {logging_mixin.py:188} INFO - [2024-03-12T12:04:11.892+0000] {dagbag.py:540} INFO - Filling up the DagBag from /home/airflow/.local/lib/python3.8/site-packages/airflow/example_dags/example_python_decorator.py
[2024-03-12T12:04:11.936+0000] {processor.py:840} INFO - DAG(s) 'example_python_decorator' retrieved from /home/airflow/.local/lib/python3.8/site-packages/airflow/example_dags/example_python_decorator.py
[2024-03-12T12:04:11.973+0000] {logging_mixin.py:188} INFO - [2024-03-12T12:04:11.972+0000] {dag.py:3047} INFO - Sync 1 DAGs
[2024-03-12T12:04:11.986+0000] {logging_mixin.py:188} INFO - [2024-03-12T12:04:11.986+0000] {dag.py:3834} INFO - Setting next_dagrun for example_python_decorator to None, run_after=None
[2024-03-12T12:04:12.003+0000] {processor.py:183} INFO - Processing /home/airflow/.local/lib/python3.8/site-packages/airflow/example_dags/example_python_decorator.py took 0.141 seconds
[2024-03-12T12:04:43.047+0000] {processor.py:161} INFO - Started process (PID=3132) to work on /home/airflow/.local/lib/python3.8/site-packages/airflow/example_dags/example_python_decorator.py
[2024-03-12T12:04:43.051+0000] {processor.py:830} INFO - Processing file /home/airflow/.local/lib/python3.8/site-packages/airflow/example_dags/example_python_decorator.py for tasks to queue
[2024-03-12T12:04:43.054+0000] {logging_mixin.py:188} INFO - [2024-03-12T12:04:43.053+0000] {dagbag.py:540} INFO - Filling up the DagBag from /home/airflow/.local/lib/python3.8/site-packages/airflow/example_dags/example_python_decorator.py
[2024-03-12T12:04:43.075+0000] {processor.py:840} INFO - DAG(s) 'example_python_decorator' retrieved from /home/airflow/.local/lib/python3.8/site-packages/airflow/example_dags/example_python_decorator.py
[2024-03-12T12:04:43.119+0000] {logging_mixin.py:188} INFO - [2024-03-12T12:04:43.118+0000] {dag.py:3047} INFO - Sync 1 DAGs
[2024-03-12T12:04:43.135+0000] {logging_mixin.py:188} INFO - [2024-03-12T12:04:43.134+0000] {dag.py:3834} INFO - Setting next_dagrun for example_python_decorator to None, run_after=None
[2024-03-12T12:04:43.156+0000] {processor.py:183} INFO - Processing /home/airflow/.local/lib/python3.8/site-packages/airflow/example_dags/example_python_decorator.py took 0.127 seconds
[2024-03-12T12:05:13.998+0000] {processor.py:161} INFO - Started process (PID=3381) to work on /home/airflow/.local/lib/python3.8/site-packages/airflow/example_dags/example_python_decorator.py
[2024-03-12T12:05:14.000+0000] {processor.py:830} INFO - Processing file /home/airflow/.local/lib/python3.8/site-packages/airflow/example_dags/example_python_decorator.py for tasks to queue
[2024-03-12T12:05:14.002+0000] {logging_mixin.py:188} INFO - [2024-03-12T12:05:14.001+0000] {dagbag.py:540} INFO - Filling up the DagBag from /home/airflow/.local/lib/python3.8/site-packages/airflow/example_dags/example_python_decorator.py
[2024-03-12T12:05:14.025+0000] {processor.py:840} INFO - DAG(s) 'example_python_decorator' retrieved from /home/airflow/.local/lib/python3.8/site-packages/airflow/example_dags/example_python_decorator.py
[2024-03-12T12:05:14.046+0000] {logging_mixin.py:188} INFO - [2024-03-12T12:05:14.046+0000] {dag.py:3047} INFO - Sync 1 DAGs
[2024-03-12T12:05:14.056+0000] {logging_mixin.py:188} INFO - [2024-03-12T12:05:14.055+0000] {dag.py:3834} INFO - Setting next_dagrun for example_python_decorator to None, run_after=None
[2024-03-12T12:05:14.078+0000] {processor.py:183} INFO - Processing /home/airflow/.local/lib/python3.8/site-packages/airflow/example_dags/example_python_decorator.py took 0.086 seconds
[2024-03-12T12:05:44.280+0000] {processor.py:161} INFO - Started process (PID=3628) to work on /home/airflow/.local/lib/python3.8/site-packages/airflow/example_dags/example_python_decorator.py
[2024-03-12T12:05:44.295+0000] {processor.py:830} INFO - Processing file /home/airflow/.local/lib/python3.8/site-packages/airflow/example_dags/example_python_decorator.py for tasks to queue
[2024-03-12T12:05:44.306+0000] {logging_mixin.py:188} INFO - [2024-03-12T12:05:44.305+0000] {dagbag.py:540} INFO - Filling up the DagBag from /home/airflow/.local/lib/python3.8/site-packages/airflow/example_dags/example_python_decorator.py
[2024-03-12T12:05:44.353+0000] {processor.py:840} INFO - DAG(s) 'example_python_decorator' retrieved from /home/airflow/.local/lib/python3.8/site-packages/airflow/example_dags/example_python_decorator.py
[2024-03-12T12:05:44.394+0000] {logging_mixin.py:188} INFO - [2024-03-12T12:05:44.394+0000] {dag.py:3047} INFO - Sync 1 DAGs
[2024-03-12T12:05:44.406+0000] {logging_mixin.py:188} INFO - [2024-03-12T12:05:44.406+0000] {dag.py:3834} INFO - Setting next_dagrun for example_python_decorator to None, run_after=None
[2024-03-12T12:05:44.422+0000] {processor.py:183} INFO - Processing /home/airflow/.local/lib/python3.8/site-packages/airflow/example_dags/example_python_decorator.py took 0.151 seconds
[2024-03-12T12:06:14.614+0000] {processor.py:161} INFO - Started process (PID=3874) to work on /home/airflow/.local/lib/python3.8/site-packages/airflow/example_dags/example_python_decorator.py
[2024-03-12T12:06:14.619+0000] {processor.py:830} INFO - Processing file /home/airflow/.local/lib/python3.8/site-packages/airflow/example_dags/example_python_decorator.py for tasks to queue
[2024-03-12T12:06:14.621+0000] {logging_mixin.py:188} INFO - [2024-03-12T12:06:14.621+0000] {dagbag.py:540} INFO - Filling up the DagBag from /home/airflow/.local/lib/python3.8/site-packages/airflow/example_dags/example_python_decorator.py
[2024-03-12T12:06:14.649+0000] {processor.py:840} INFO - DAG(s) 'example_python_decorator' retrieved from /home/airflow/.local/lib/python3.8/site-packages/airflow/example_dags/example_python_decorator.py
[2024-03-12T12:06:14.738+0000] {logging_mixin.py:188} INFO - [2024-03-12T12:06:14.738+0000] {dag.py:3047} INFO - Sync 1 DAGs
[2024-03-12T12:06:14.754+0000] {logging_mixin.py:188} INFO - [2024-03-12T12:06:14.754+0000] {dag.py:3834} INFO - Setting next_dagrun for example_python_decorator to None, run_after=None
[2024-03-12T12:06:14.793+0000] {processor.py:183} INFO - Processing /home/airflow/.local/lib/python3.8/site-packages/airflow/example_dags/example_python_decorator.py took 0.200 seconds
[2024-03-12T12:06:44.965+0000] {processor.py:161} INFO - Started process (PID=4122) to work on /home/airflow/.local/lib/python3.8/site-packages/airflow/example_dags/example_python_decorator.py
[2024-03-12T12:06:44.967+0000] {processor.py:830} INFO - Processing file /home/airflow/.local/lib/python3.8/site-packages/airflow/example_dags/example_python_decorator.py for tasks to queue
[2024-03-12T12:06:44.970+0000] {logging_mixin.py:188} INFO - [2024-03-12T12:06:44.969+0000] {dagbag.py:540} INFO - Filling up the DagBag from /home/airflow/.local/lib/python3.8/site-packages/airflow/example_dags/example_python_decorator.py
[2024-03-12T12:06:45.008+0000] {processor.py:840} INFO - DAG(s) 'example_python_decorator' retrieved from /home/airflow/.local/lib/python3.8/site-packages/airflow/example_dags/example_python_decorator.py
[2024-03-12T12:06:45.058+0000] {logging_mixin.py:188} INFO - [2024-03-12T12:06:45.058+0000] {dag.py:3047} INFO - Sync 1 DAGs
[2024-03-12T12:06:45.074+0000] {logging_mixin.py:188} INFO - [2024-03-12T12:06:45.074+0000] {dag.py:3834} INFO - Setting next_dagrun for example_python_decorator to None, run_after=None
[2024-03-12T12:06:45.106+0000] {processor.py:183} INFO - Processing /home/airflow/.local/lib/python3.8/site-packages/airflow/example_dags/example_python_decorator.py took 0.151 seconds
[2024-03-12T12:07:15.296+0000] {processor.py:161} INFO - Started process (PID=4369) to work on /home/airflow/.local/lib/python3.8/site-packages/airflow/example_dags/example_python_decorator.py
[2024-03-12T12:07:15.297+0000] {processor.py:830} INFO - Processing file /home/airflow/.local/lib/python3.8/site-packages/airflow/example_dags/example_python_decorator.py for tasks to queue
[2024-03-12T12:07:15.299+0000] {logging_mixin.py:188} INFO - [2024-03-12T12:07:15.298+0000] {dagbag.py:540} INFO - Filling up the DagBag from /home/airflow/.local/lib/python3.8/site-packages/airflow/example_dags/example_python_decorator.py
[2024-03-12T12:07:15.326+0000] {processor.py:840} INFO - DAG(s) 'example_python_decorator' retrieved from /home/airflow/.local/lib/python3.8/site-packages/airflow/example_dags/example_python_decorator.py
[2024-03-12T12:07:15.351+0000] {logging_mixin.py:188} INFO - [2024-03-12T12:07:15.350+0000] {dag.py:3047} INFO - Sync 1 DAGs
[2024-03-12T12:07:15.361+0000] {logging_mixin.py:188} INFO - [2024-03-12T12:07:15.361+0000] {dag.py:3834} INFO - Setting next_dagrun for example_python_decorator to None, run_after=None
[2024-03-12T12:07:15.377+0000] {processor.py:183} INFO - Processing /home/airflow/.local/lib/python3.8/site-packages/airflow/example_dags/example_python_decorator.py took 0.088 seconds
[2024-03-12T12:07:45.740+0000] {processor.py:161} INFO - Started process (PID=4616) to work on /home/airflow/.local/lib/python3.8/site-packages/airflow/example_dags/example_python_decorator.py
[2024-03-12T12:07:45.742+0000] {processor.py:830} INFO - Processing file /home/airflow/.local/lib/python3.8/site-packages/airflow/example_dags/example_python_decorator.py for tasks to queue
[2024-03-12T12:07:45.743+0000] {logging_mixin.py:188} INFO - [2024-03-12T12:07:45.743+0000] {dagbag.py:540} INFO - Filling up the DagBag from /home/airflow/.local/lib/python3.8/site-packages/airflow/example_dags/example_python_decorator.py
[2024-03-12T12:07:45.775+0000] {processor.py:840} INFO - DAG(s) 'example_python_decorator' retrieved from /home/airflow/.local/lib/python3.8/site-packages/airflow/example_dags/example_python_decorator.py
[2024-03-12T12:07:45.798+0000] {logging_mixin.py:188} INFO - [2024-03-12T12:07:45.798+0000] {dag.py:3047} INFO - Sync 1 DAGs
[2024-03-12T12:07:45.810+0000] {logging_mixin.py:188} INFO - [2024-03-12T12:07:45.810+0000] {dag.py:3834} INFO - Setting next_dagrun for example_python_decorator to None, run_after=None
[2024-03-12T12:07:45.824+0000] {processor.py:183} INFO - Processing /home/airflow/.local/lib/python3.8/site-packages/airflow/example_dags/example_python_decorator.py took 0.089 seconds
[2024-03-12T12:08:16.165+0000] {processor.py:161} INFO - Started process (PID=4863) to work on /home/airflow/.local/lib/python3.8/site-packages/airflow/example_dags/example_python_decorator.py
[2024-03-12T12:08:16.168+0000] {processor.py:830} INFO - Processing file /home/airflow/.local/lib/python3.8/site-packages/airflow/example_dags/example_python_decorator.py for tasks to queue
[2024-03-12T12:08:16.169+0000] {logging_mixin.py:188} INFO - [2024-03-12T12:08:16.169+0000] {dagbag.py:540} INFO - Filling up the DagBag from /home/airflow/.local/lib/python3.8/site-packages/airflow/example_dags/example_python_decorator.py
[2024-03-12T12:08:16.197+0000] {processor.py:840} INFO - DAG(s) 'example_python_decorator' retrieved from /home/airflow/.local/lib/python3.8/site-packages/airflow/example_dags/example_python_decorator.py
[2024-03-12T12:08:16.222+0000] {logging_mixin.py:188} INFO - [2024-03-12T12:08:16.221+0000] {dag.py:3047} INFO - Sync 1 DAGs
[2024-03-12T12:08:16.231+0000] {logging_mixin.py:188} INFO - [2024-03-12T12:08:16.231+0000] {dag.py:3834} INFO - Setting next_dagrun for example_python_decorator to None, run_after=None
[2024-03-12T12:08:16.244+0000] {processor.py:183} INFO - Processing /home/airflow/.local/lib/python3.8/site-packages/airflow/example_dags/example_python_decorator.py took 0.084 seconds
[2024-03-12T12:08:46.672+0000] {processor.py:161} INFO - Started process (PID=5110) to work on /home/airflow/.local/lib/python3.8/site-packages/airflow/example_dags/example_python_decorator.py
[2024-03-12T12:08:46.675+0000] {processor.py:830} INFO - Processing file /home/airflow/.local/lib/python3.8/site-packages/airflow/example_dags/example_python_decorator.py for tasks to queue
[2024-03-12T12:08:46.677+0000] {logging_mixin.py:188} INFO - [2024-03-12T12:08:46.676+0000] {dagbag.py:540} INFO - Filling up the DagBag from /home/airflow/.local/lib/python3.8/site-packages/airflow/example_dags/example_python_decorator.py
[2024-03-12T12:08:46.694+0000] {processor.py:840} INFO - DAG(s) 'example_python_decorator' retrieved from /home/airflow/.local/lib/python3.8/site-packages/airflow/example_dags/example_python_decorator.py
[2024-03-12T12:08:46.729+0000] {logging_mixin.py:188} INFO - [2024-03-12T12:08:46.729+0000] {dag.py:3047} INFO - Sync 1 DAGs
[2024-03-12T12:08:46.740+0000] {logging_mixin.py:188} INFO - [2024-03-12T12:08:46.740+0000] {dag.py:3834} INFO - Setting next_dagrun for example_python_decorator to None, run_after=None
[2024-03-12T12:08:46.754+0000] {processor.py:183} INFO - Processing /home/airflow/.local/lib/python3.8/site-packages/airflow/example_dags/example_python_decorator.py took 0.086 seconds
[2024-03-12T12:09:17.341+0000] {processor.py:161} INFO - Started process (PID=5357) to work on /home/airflow/.local/lib/python3.8/site-packages/airflow/example_dags/example_python_decorator.py
[2024-03-12T12:09:17.347+0000] {processor.py:830} INFO - Processing file /home/airflow/.local/lib/python3.8/site-packages/airflow/example_dags/example_python_decorator.py for tasks to queue
[2024-03-12T12:09:17.348+0000] {logging_mixin.py:188} INFO - [2024-03-12T12:09:17.348+0000] {dagbag.py:540} INFO - Filling up the DagBag from /home/airflow/.local/lib/python3.8/site-packages/airflow/example_dags/example_python_decorator.py
[2024-03-12T12:09:17.369+0000] {processor.py:840} INFO - DAG(s) 'example_python_decorator' retrieved from /home/airflow/.local/lib/python3.8/site-packages/airflow/example_dags/example_python_decorator.py
[2024-03-12T12:09:17.394+0000] {logging_mixin.py:188} INFO - [2024-03-12T12:09:17.394+0000] {dag.py:3047} INFO - Sync 1 DAGs
[2024-03-12T12:09:17.408+0000] {logging_mixin.py:188} INFO - [2024-03-12T12:09:17.408+0000] {dag.py:3834} INFO - Setting next_dagrun for example_python_decorator to None, run_after=None
[2024-03-12T12:09:17.422+0000] {processor.py:183} INFO - Processing /home/airflow/.local/lib/python3.8/site-packages/airflow/example_dags/example_python_decorator.py took 0.085 seconds
[2024-03-12T12:09:47.880+0000] {processor.py:161} INFO - Started process (PID=5604) to work on /home/airflow/.local/lib/python3.8/site-packages/airflow/example_dags/example_python_decorator.py
[2024-03-12T12:09:47.883+0000] {processor.py:830} INFO - Processing file /home/airflow/.local/lib/python3.8/site-packages/airflow/example_dags/example_python_decorator.py for tasks to queue
[2024-03-12T12:09:47.885+0000] {logging_mixin.py:188} INFO - [2024-03-12T12:09:47.884+0000] {dagbag.py:540} INFO - Filling up the DagBag from /home/airflow/.local/lib/python3.8/site-packages/airflow/example_dags/example_python_decorator.py
[2024-03-12T12:09:47.902+0000] {processor.py:840} INFO - DAG(s) 'example_python_decorator' retrieved from /home/airflow/.local/lib/python3.8/site-packages/airflow/example_dags/example_python_decorator.py
[2024-03-12T12:09:47.929+0000] {logging_mixin.py:188} INFO - [2024-03-12T12:09:47.929+0000] {dag.py:3047} INFO - Sync 1 DAGs
[2024-03-12T12:09:47.939+0000] {logging_mixin.py:188} INFO - [2024-03-12T12:09:47.939+0000] {dag.py:3834} INFO - Setting next_dagrun for example_python_decorator to None, run_after=None
[2024-03-12T12:09:47.953+0000] {processor.py:183} INFO - Processing /home/airflow/.local/lib/python3.8/site-packages/airflow/example_dags/example_python_decorator.py took 0.084 seconds
[2024-03-12T12:10:18.754+0000] {processor.py:161} INFO - Started process (PID=5851) to work on /home/airflow/.local/lib/python3.8/site-packages/airflow/example_dags/example_python_decorator.py
[2024-03-12T12:10:18.759+0000] {processor.py:830} INFO - Processing file /home/airflow/.local/lib/python3.8/site-packages/airflow/example_dags/example_python_decorator.py for tasks to queue
[2024-03-12T12:10:18.763+0000] {logging_mixin.py:188} INFO - [2024-03-12T12:10:18.762+0000] {dagbag.py:540} INFO - Filling up the DagBag from /home/airflow/.local/lib/python3.8/site-packages/airflow/example_dags/example_python_decorator.py
[2024-03-12T12:10:18.827+0000] {processor.py:840} INFO - DAG(s) 'example_python_decorator' retrieved from /home/airflow/.local/lib/python3.8/site-packages/airflow/example_dags/example_python_decorator.py
[2024-03-12T12:10:18.958+0000] {logging_mixin.py:188} INFO - [2024-03-12T12:10:18.957+0000] {dag.py:3047} INFO - Sync 1 DAGs
[2024-03-12T12:10:18.983+0000] {logging_mixin.py:188} INFO - [2024-03-12T12:10:18.983+0000] {dag.py:3834} INFO - Setting next_dagrun for example_python_decorator to None, run_after=None
[2024-03-12T12:10:19.000+0000] {processor.py:183} INFO - Processing /home/airflow/.local/lib/python3.8/site-packages/airflow/example_dags/example_python_decorator.py took 0.262 seconds
[2024-03-12T12:10:49.627+0000] {processor.py:161} INFO - Started process (PID=6098) to work on /home/airflow/.local/lib/python3.8/site-packages/airflow/example_dags/example_python_decorator.py
[2024-03-12T12:10:49.629+0000] {processor.py:830} INFO - Processing file /home/airflow/.local/lib/python3.8/site-packages/airflow/example_dags/example_python_decorator.py for tasks to queue
[2024-03-12T12:10:49.630+0000] {logging_mixin.py:188} INFO - [2024-03-12T12:10:49.630+0000] {dagbag.py:540} INFO - Filling up the DagBag from /home/airflow/.local/lib/python3.8/site-packages/airflow/example_dags/example_python_decorator.py
[2024-03-12T12:10:49.649+0000] {processor.py:840} INFO - DAG(s) 'example_python_decorator' retrieved from /home/airflow/.local/lib/python3.8/site-packages/airflow/example_dags/example_python_decorator.py
[2024-03-12T12:10:49.673+0000] {logging_mixin.py:188} INFO - [2024-03-12T12:10:49.672+0000] {dag.py:3047} INFO - Sync 1 DAGs
[2024-03-12T12:10:49.685+0000] {logging_mixin.py:188} INFO - [2024-03-12T12:10:49.685+0000] {dag.py:3834} INFO - Setting next_dagrun for example_python_decorator to None, run_after=None
[2024-03-12T12:10:49.702+0000] {processor.py:183} INFO - Processing /home/airflow/.local/lib/python3.8/site-packages/airflow/example_dags/example_python_decorator.py took 0.084 seconds
