[2024-03-12T11:50:04.466+0000] {processor.py:161} INFO - Started process (PID=221) to work on /home/airflow/.local/lib/python3.8/site-packages/airflow/example_dags/example_datasets.py
[2024-03-12T11:50:04.469+0000] {processor.py:830} INFO - Processing file /home/airflow/.local/lib/python3.8/site-packages/airflow/example_dags/example_datasets.py for tasks to queue
[2024-03-12T11:50:04.470+0000] {logging_mixin.py:188} INFO - [2024-03-12T11:50:04.470+0000] {dagbag.py:540} INFO - Filling up the DagBag from /home/airflow/.local/lib/python3.8/site-packages/airflow/example_dags/example_datasets.py
[2024-03-12T11:50:04.483+0000] {processor.py:840} INFO - DAG(s) 'dataset_produces_1', 'dataset_consumes_unknown_never_scheduled', 'dataset_produces_2', 'dataset_consumes_1_never_scheduled', 'dataset_consumes_1_and_2', 'dataset_consumes_1' retrieved from /home/airflow/.local/lib/python3.8/site-packages/airflow/example_dags/example_datasets.py
[2024-03-12T11:50:04.515+0000] {logging_mixin.py:188} INFO - [2024-03-12T11:50:04.515+0000] {dag.py:3047} INFO - Sync 6 DAGs
[2024-03-12T11:50:04.536+0000] {logging_mixin.py:188} INFO - [2024-03-12T11:50:04.536+0000] {dag.py:3834} INFO - Setting next_dagrun for dataset_consumes_1 to None, run_after=None
[2024-03-12T11:50:04.540+0000] {logging_mixin.py:188} INFO - [2024-03-12T11:50:04.540+0000] {dag.py:3834} INFO - Setting next_dagrun for dataset_consumes_1_and_2 to None, run_after=None
[2024-03-12T11:50:04.542+0000] {logging_mixin.py:188} INFO - [2024-03-12T11:50:04.542+0000] {dag.py:3834} INFO - Setting next_dagrun for dataset_consumes_1_never_scheduled to None, run_after=None
[2024-03-12T11:50:04.544+0000] {logging_mixin.py:188} INFO - [2024-03-12T11:50:04.544+0000] {dag.py:3834} INFO - Setting next_dagrun for dataset_consumes_unknown_never_scheduled to None, run_after=None
[2024-03-12T11:50:04.549+0000] {logging_mixin.py:188} INFO - [2024-03-12T11:50:04.549+0000] {dag.py:3834} INFO - Setting next_dagrun for dataset_produces_1 to 2024-03-11 00:00:00+00:00, run_after=2024-03-12 00:00:00+00:00
[2024-03-12T11:50:04.551+0000] {logging_mixin.py:188} INFO - [2024-03-12T11:50:04.551+0000] {dag.py:3834} INFO - Setting next_dagrun for dataset_produces_2 to None, run_after=None
[2024-03-12T11:50:04.577+0000] {processor.py:183} INFO - Processing /home/airflow/.local/lib/python3.8/site-packages/airflow/example_dags/example_datasets.py took 0.115 seconds
[2024-03-12T11:50:34.695+0000] {processor.py:161} INFO - Started process (PID=468) to work on /home/airflow/.local/lib/python3.8/site-packages/airflow/example_dags/example_datasets.py
[2024-03-12T11:50:34.696+0000] {processor.py:830} INFO - Processing file /home/airflow/.local/lib/python3.8/site-packages/airflow/example_dags/example_datasets.py for tasks to queue
[2024-03-12T11:50:34.697+0000] {logging_mixin.py:188} INFO - [2024-03-12T11:50:34.697+0000] {dagbag.py:540} INFO - Filling up the DagBag from /home/airflow/.local/lib/python3.8/site-packages/airflow/example_dags/example_datasets.py
[2024-03-12T11:50:34.704+0000] {processor.py:840} INFO - DAG(s) 'dataset_consumes_1_never_scheduled', 'dataset_consumes_unknown_never_scheduled', 'dataset_produces_1', 'dataset_consumes_1_and_2', 'dataset_consumes_1', 'dataset_produces_2' retrieved from /home/airflow/.local/lib/python3.8/site-packages/airflow/example_dags/example_datasets.py
[2024-03-12T11:50:34.727+0000] {logging_mixin.py:188} INFO - [2024-03-12T11:50:34.727+0000] {dag.py:3047} INFO - Sync 6 DAGs
[2024-03-12T11:50:34.740+0000] {logging_mixin.py:188} INFO - [2024-03-12T11:50:34.740+0000] {dag.py:3834} INFO - Setting next_dagrun for dataset_consumes_1 to None, run_after=None
[2024-03-12T11:50:34.742+0000] {logging_mixin.py:188} INFO - [2024-03-12T11:50:34.742+0000] {dag.py:3834} INFO - Setting next_dagrun for dataset_consumes_1_and_2 to None, run_after=None
[2024-03-12T11:50:34.743+0000] {logging_mixin.py:188} INFO - [2024-03-12T11:50:34.743+0000] {dag.py:3834} INFO - Setting next_dagrun for dataset_consumes_1_never_scheduled to None, run_after=None
[2024-03-12T11:50:34.745+0000] {logging_mixin.py:188} INFO - [2024-03-12T11:50:34.744+0000] {dag.py:3834} INFO - Setting next_dagrun for dataset_consumes_unknown_never_scheduled to None, run_after=None
[2024-03-12T11:50:34.747+0000] {logging_mixin.py:188} INFO - [2024-03-12T11:50:34.747+0000] {dag.py:3834} INFO - Setting next_dagrun for dataset_produces_1 to 2024-03-11 00:00:00+00:00, run_after=2024-03-12 00:00:00+00:00
[2024-03-12T11:50:34.748+0000] {logging_mixin.py:188} INFO - [2024-03-12T11:50:34.748+0000] {dag.py:3834} INFO - Setting next_dagrun for dataset_produces_2 to None, run_after=None
[2024-03-12T11:50:34.765+0000] {processor.py:183} INFO - Processing /home/airflow/.local/lib/python3.8/site-packages/airflow/example_dags/example_datasets.py took 0.073 seconds
[2024-03-12T11:51:05.189+0000] {processor.py:161} INFO - Started process (PID=713) to work on /home/airflow/.local/lib/python3.8/site-packages/airflow/example_dags/example_datasets.py
[2024-03-12T11:51:05.191+0000] {processor.py:830} INFO - Processing file /home/airflow/.local/lib/python3.8/site-packages/airflow/example_dags/example_datasets.py for tasks to queue
[2024-03-12T11:51:05.192+0000] {logging_mixin.py:188} INFO - [2024-03-12T11:51:05.192+0000] {dagbag.py:540} INFO - Filling up the DagBag from /home/airflow/.local/lib/python3.8/site-packages/airflow/example_dags/example_datasets.py
[2024-03-12T11:51:05.199+0000] {processor.py:840} INFO - DAG(s) 'dataset_produces_2', 'dataset_consumes_1', 'dataset_consumes_1_never_scheduled', 'dataset_produces_1', 'dataset_consumes_unknown_never_scheduled', 'dataset_consumes_1_and_2' retrieved from /home/airflow/.local/lib/python3.8/site-packages/airflow/example_dags/example_datasets.py
[2024-03-12T11:51:05.223+0000] {logging_mixin.py:188} INFO - [2024-03-12T11:51:05.223+0000] {dag.py:3047} INFO - Sync 6 DAGs
[2024-03-12T11:51:05.238+0000] {logging_mixin.py:188} INFO - [2024-03-12T11:51:05.237+0000] {dag.py:3834} INFO - Setting next_dagrun for dataset_consumes_1 to None, run_after=None
[2024-03-12T11:51:05.240+0000] {logging_mixin.py:188} INFO - [2024-03-12T11:51:05.240+0000] {dag.py:3834} INFO - Setting next_dagrun for dataset_consumes_1_and_2 to None, run_after=None
[2024-03-12T11:51:05.241+0000] {logging_mixin.py:188} INFO - [2024-03-12T11:51:05.241+0000] {dag.py:3834} INFO - Setting next_dagrun for dataset_consumes_1_never_scheduled to None, run_after=None
[2024-03-12T11:51:05.242+0000] {logging_mixin.py:188} INFO - [2024-03-12T11:51:05.242+0000] {dag.py:3834} INFO - Setting next_dagrun for dataset_consumes_unknown_never_scheduled to None, run_after=None
[2024-03-12T11:51:05.244+0000] {logging_mixin.py:188} INFO - [2024-03-12T11:51:05.244+0000] {dag.py:3834} INFO - Setting next_dagrun for dataset_produces_1 to 2024-03-11 00:00:00+00:00, run_after=2024-03-12 00:00:00+00:00
[2024-03-12T11:51:05.245+0000] {logging_mixin.py:188} INFO - [2024-03-12T11:51:05.245+0000] {dag.py:3834} INFO - Setting next_dagrun for dataset_produces_2 to None, run_after=None
[2024-03-12T11:51:05.261+0000] {processor.py:183} INFO - Processing /home/airflow/.local/lib/python3.8/site-packages/airflow/example_dags/example_datasets.py took 0.074 seconds
[2024-03-12T11:51:35.759+0000] {processor.py:161} INFO - Started process (PID=962) to work on /home/airflow/.local/lib/python3.8/site-packages/airflow/example_dags/example_datasets.py
[2024-03-12T11:51:35.760+0000] {processor.py:830} INFO - Processing file /home/airflow/.local/lib/python3.8/site-packages/airflow/example_dags/example_datasets.py for tasks to queue
[2024-03-12T11:51:35.761+0000] {logging_mixin.py:188} INFO - [2024-03-12T11:51:35.761+0000] {dagbag.py:540} INFO - Filling up the DagBag from /home/airflow/.local/lib/python3.8/site-packages/airflow/example_dags/example_datasets.py
[2024-03-12T11:51:35.768+0000] {processor.py:840} INFO - DAG(s) 'dataset_consumes_unknown_never_scheduled', 'dataset_produces_1', 'dataset_consumes_1', 'dataset_consumes_1_and_2', 'dataset_produces_2', 'dataset_consumes_1_never_scheduled' retrieved from /home/airflow/.local/lib/python3.8/site-packages/airflow/example_dags/example_datasets.py
[2024-03-12T11:51:35.791+0000] {logging_mixin.py:188} INFO - [2024-03-12T11:51:35.791+0000] {dag.py:3047} INFO - Sync 6 DAGs
[2024-03-12T11:51:35.804+0000] {logging_mixin.py:188} INFO - [2024-03-12T11:51:35.804+0000] {dag.py:3834} INFO - Setting next_dagrun for dataset_consumes_1 to None, run_after=None
[2024-03-12T11:51:35.807+0000] {logging_mixin.py:188} INFO - [2024-03-12T11:51:35.807+0000] {dag.py:3834} INFO - Setting next_dagrun for dataset_consumes_1_and_2 to None, run_after=None
[2024-03-12T11:51:35.809+0000] {logging_mixin.py:188} INFO - [2024-03-12T11:51:35.808+0000] {dag.py:3834} INFO - Setting next_dagrun for dataset_consumes_1_never_scheduled to None, run_after=None
[2024-03-12T11:51:35.810+0000] {logging_mixin.py:188} INFO - [2024-03-12T11:51:35.810+0000] {dag.py:3834} INFO - Setting next_dagrun for dataset_consumes_unknown_never_scheduled to None, run_after=None
[2024-03-12T11:51:35.812+0000] {logging_mixin.py:188} INFO - [2024-03-12T11:51:35.812+0000] {dag.py:3834} INFO - Setting next_dagrun for dataset_produces_1 to 2024-03-11 00:00:00+00:00, run_after=2024-03-12 00:00:00+00:00
[2024-03-12T11:51:35.814+0000] {logging_mixin.py:188} INFO - [2024-03-12T11:51:35.814+0000] {dag.py:3834} INFO - Setting next_dagrun for dataset_produces_2 to None, run_after=None
[2024-03-12T11:51:35.833+0000] {processor.py:183} INFO - Processing /home/airflow/.local/lib/python3.8/site-packages/airflow/example_dags/example_datasets.py took 0.076 seconds
[2024-03-12T11:52:06.319+0000] {processor.py:161} INFO - Started process (PID=1209) to work on /home/airflow/.local/lib/python3.8/site-packages/airflow/example_dags/example_datasets.py
[2024-03-12T11:52:06.320+0000] {processor.py:830} INFO - Processing file /home/airflow/.local/lib/python3.8/site-packages/airflow/example_dags/example_datasets.py for tasks to queue
[2024-03-12T11:52:06.322+0000] {logging_mixin.py:188} INFO - [2024-03-12T11:52:06.321+0000] {dagbag.py:540} INFO - Filling up the DagBag from /home/airflow/.local/lib/python3.8/site-packages/airflow/example_dags/example_datasets.py
[2024-03-12T11:52:06.329+0000] {processor.py:840} INFO - DAG(s) 'dataset_consumes_1', 'dataset_consumes_unknown_never_scheduled', 'dataset_produces_1', 'dataset_consumes_1_never_scheduled', 'dataset_consumes_1_and_2', 'dataset_produces_2' retrieved from /home/airflow/.local/lib/python3.8/site-packages/airflow/example_dags/example_datasets.py
[2024-03-12T11:52:06.359+0000] {logging_mixin.py:188} INFO - [2024-03-12T11:52:06.359+0000] {dag.py:3047} INFO - Sync 6 DAGs
[2024-03-12T11:52:06.374+0000] {logging_mixin.py:188} INFO - [2024-03-12T11:52:06.374+0000] {dag.py:3834} INFO - Setting next_dagrun for dataset_consumes_1 to None, run_after=None
[2024-03-12T11:52:06.377+0000] {logging_mixin.py:188} INFO - [2024-03-12T11:52:06.377+0000] {dag.py:3834} INFO - Setting next_dagrun for dataset_consumes_1_and_2 to None, run_after=None
[2024-03-12T11:52:06.379+0000] {logging_mixin.py:188} INFO - [2024-03-12T11:52:06.379+0000] {dag.py:3834} INFO - Setting next_dagrun for dataset_consumes_1_never_scheduled to None, run_after=None
[2024-03-12T11:52:06.381+0000] {logging_mixin.py:188} INFO - [2024-03-12T11:52:06.380+0000] {dag.py:3834} INFO - Setting next_dagrun for dataset_consumes_unknown_never_scheduled to None, run_after=None
[2024-03-12T11:52:06.383+0000] {logging_mixin.py:188} INFO - [2024-03-12T11:52:06.383+0000] {dag.py:3834} INFO - Setting next_dagrun for dataset_produces_1 to 2024-03-11 00:00:00+00:00, run_after=2024-03-12 00:00:00+00:00
[2024-03-12T11:52:06.385+0000] {logging_mixin.py:188} INFO - [2024-03-12T11:52:06.385+0000] {dag.py:3834} INFO - Setting next_dagrun for dataset_produces_2 to None, run_after=None
[2024-03-12T11:52:06.404+0000] {processor.py:183} INFO - Processing /home/airflow/.local/lib/python3.8/site-packages/airflow/example_dags/example_datasets.py took 0.088 seconds
[2024-03-12T11:52:37.127+0000] {processor.py:161} INFO - Started process (PID=1454) to work on /home/airflow/.local/lib/python3.8/site-packages/airflow/example_dags/example_datasets.py
[2024-03-12T11:52:37.128+0000] {processor.py:830} INFO - Processing file /home/airflow/.local/lib/python3.8/site-packages/airflow/example_dags/example_datasets.py for tasks to queue
[2024-03-12T11:52:37.130+0000] {logging_mixin.py:188} INFO - [2024-03-12T11:52:37.129+0000] {dagbag.py:540} INFO - Filling up the DagBag from /home/airflow/.local/lib/python3.8/site-packages/airflow/example_dags/example_datasets.py
[2024-03-12T11:52:37.137+0000] {processor.py:840} INFO - DAG(s) 'dataset_produces_2', 'dataset_consumes_1', 'dataset_consumes_1_never_scheduled', 'dataset_consumes_1_and_2', 'dataset_produces_1', 'dataset_consumes_unknown_never_scheduled' retrieved from /home/airflow/.local/lib/python3.8/site-packages/airflow/example_dags/example_datasets.py
[2024-03-12T11:52:37.160+0000] {logging_mixin.py:188} INFO - [2024-03-12T11:52:37.160+0000] {dag.py:3047} INFO - Sync 6 DAGs
[2024-03-12T11:52:37.174+0000] {logging_mixin.py:188} INFO - [2024-03-12T11:52:37.174+0000] {dag.py:3834} INFO - Setting next_dagrun for dataset_consumes_1 to None, run_after=None
[2024-03-12T11:52:37.177+0000] {logging_mixin.py:188} INFO - [2024-03-12T11:52:37.177+0000] {dag.py:3834} INFO - Setting next_dagrun for dataset_consumes_1_and_2 to None, run_after=None
[2024-03-12T11:52:37.178+0000] {logging_mixin.py:188} INFO - [2024-03-12T11:52:37.178+0000] {dag.py:3834} INFO - Setting next_dagrun for dataset_consumes_1_never_scheduled to None, run_after=None
[2024-03-12T11:52:37.179+0000] {logging_mixin.py:188} INFO - [2024-03-12T11:52:37.179+0000] {dag.py:3834} INFO - Setting next_dagrun for dataset_consumes_unknown_never_scheduled to None, run_after=None
[2024-03-12T11:52:37.181+0000] {logging_mixin.py:188} INFO - [2024-03-12T11:52:37.181+0000] {dag.py:3834} INFO - Setting next_dagrun for dataset_produces_1 to 2024-03-11 00:00:00+00:00, run_after=2024-03-12 00:00:00+00:00
[2024-03-12T11:52:37.183+0000] {logging_mixin.py:188} INFO - [2024-03-12T11:52:37.183+0000] {dag.py:3834} INFO - Setting next_dagrun for dataset_produces_2 to None, run_after=None
[2024-03-12T11:52:37.202+0000] {processor.py:183} INFO - Processing /home/airflow/.local/lib/python3.8/site-packages/airflow/example_dags/example_datasets.py took 0.078 seconds
[2024-03-12T11:53:08.307+0000] {processor.py:161} INFO - Started process (PID=1703) to work on /home/airflow/.local/lib/python3.8/site-packages/airflow/example_dags/example_datasets.py
[2024-03-12T11:53:08.309+0000] {processor.py:830} INFO - Processing file /home/airflow/.local/lib/python3.8/site-packages/airflow/example_dags/example_datasets.py for tasks to queue
[2024-03-12T11:53:08.311+0000] {logging_mixin.py:188} INFO - [2024-03-12T11:53:08.310+0000] {dagbag.py:540} INFO - Filling up the DagBag from /home/airflow/.local/lib/python3.8/site-packages/airflow/example_dags/example_datasets.py
[2024-03-12T11:53:08.320+0000] {processor.py:840} INFO - DAG(s) 'dataset_produces_1', 'dataset_consumes_1_and_2', 'dataset_produces_2', 'dataset_consumes_1', 'dataset_consumes_unknown_never_scheduled', 'dataset_consumes_1_never_scheduled' retrieved from /home/airflow/.local/lib/python3.8/site-packages/airflow/example_dags/example_datasets.py
[2024-03-12T11:53:08.402+0000] {logging_mixin.py:188} INFO - [2024-03-12T11:53:08.402+0000] {dag.py:3047} INFO - Sync 6 DAGs
[2024-03-12T11:53:08.477+0000] {logging_mixin.py:188} INFO - [2024-03-12T11:53:08.476+0000] {dag.py:3834} INFO - Setting next_dagrun for dataset_consumes_1 to None, run_after=None
[2024-03-12T11:53:08.481+0000] {logging_mixin.py:188} INFO - [2024-03-12T11:53:08.481+0000] {dag.py:3834} INFO - Setting next_dagrun for dataset_consumes_1_and_2 to None, run_after=None
[2024-03-12T11:53:08.483+0000] {logging_mixin.py:188} INFO - [2024-03-12T11:53:08.482+0000] {dag.py:3834} INFO - Setting next_dagrun for dataset_consumes_1_never_scheduled to None, run_after=None
[2024-03-12T11:53:08.484+0000] {logging_mixin.py:188} INFO - [2024-03-12T11:53:08.484+0000] {dag.py:3834} INFO - Setting next_dagrun for dataset_consumes_unknown_never_scheduled to None, run_after=None
[2024-03-12T11:53:08.504+0000] {logging_mixin.py:188} INFO - [2024-03-12T11:53:08.503+0000] {dag.py:3834} INFO - Setting next_dagrun for dataset_produces_1 to 2024-03-11 00:00:00+00:00, run_after=2024-03-12 00:00:00+00:00
[2024-03-12T11:53:08.514+0000] {logging_mixin.py:188} INFO - [2024-03-12T11:53:08.513+0000] {dag.py:3834} INFO - Setting next_dagrun for dataset_produces_2 to None, run_after=None
[2024-03-12T11:53:08.562+0000] {processor.py:183} INFO - Processing /home/airflow/.local/lib/python3.8/site-packages/airflow/example_dags/example_datasets.py took 0.259 seconds
[2024-03-12T11:53:39.568+0000] {processor.py:161} INFO - Started process (PID=1950) to work on /home/airflow/.local/lib/python3.8/site-packages/airflow/example_dags/example_datasets.py
[2024-03-12T11:53:39.569+0000] {processor.py:830} INFO - Processing file /home/airflow/.local/lib/python3.8/site-packages/airflow/example_dags/example_datasets.py for tasks to queue
[2024-03-12T11:53:39.570+0000] {logging_mixin.py:188} INFO - [2024-03-12T11:53:39.570+0000] {dagbag.py:540} INFO - Filling up the DagBag from /home/airflow/.local/lib/python3.8/site-packages/airflow/example_dags/example_datasets.py
[2024-03-12T11:53:39.585+0000] {processor.py:840} INFO - DAG(s) 'dataset_produces_1', 'dataset_consumes_1', 'dataset_consumes_1_never_scheduled', 'dataset_consumes_1_and_2', 'dataset_consumes_unknown_never_scheduled', 'dataset_produces_2' retrieved from /home/airflow/.local/lib/python3.8/site-packages/airflow/example_dags/example_datasets.py
[2024-03-12T11:53:39.647+0000] {logging_mixin.py:188} INFO - [2024-03-12T11:53:39.647+0000] {dag.py:3047} INFO - Sync 6 DAGs
[2024-03-12T11:53:39.669+0000] {logging_mixin.py:188} INFO - [2024-03-12T11:53:39.669+0000] {dag.py:3834} INFO - Setting next_dagrun for dataset_consumes_1 to None, run_after=None
[2024-03-12T11:53:39.672+0000] {logging_mixin.py:188} INFO - [2024-03-12T11:53:39.672+0000] {dag.py:3834} INFO - Setting next_dagrun for dataset_consumes_1_and_2 to None, run_after=None
[2024-03-12T11:53:39.673+0000] {logging_mixin.py:188} INFO - [2024-03-12T11:53:39.673+0000] {dag.py:3834} INFO - Setting next_dagrun for dataset_consumes_1_never_scheduled to None, run_after=None
[2024-03-12T11:53:39.675+0000] {logging_mixin.py:188} INFO - [2024-03-12T11:53:39.674+0000] {dag.py:3834} INFO - Setting next_dagrun for dataset_consumes_unknown_never_scheduled to None, run_after=None
[2024-03-12T11:53:39.677+0000] {logging_mixin.py:188} INFO - [2024-03-12T11:53:39.677+0000] {dag.py:3834} INFO - Setting next_dagrun for dataset_produces_1 to 2024-03-11 00:00:00+00:00, run_after=2024-03-12 00:00:00+00:00
[2024-03-12T11:53:39.679+0000] {logging_mixin.py:188} INFO - [2024-03-12T11:53:39.679+0000] {dag.py:3834} INFO - Setting next_dagrun for dataset_produces_2 to None, run_after=None
[2024-03-12T11:53:39.868+0000] {processor.py:183} INFO - Processing /home/airflow/.local/lib/python3.8/site-packages/airflow/example_dags/example_datasets.py took 0.303 seconds
[2024-03-12T11:54:10.847+0000] {processor.py:161} INFO - Started process (PID=2202) to work on /home/airflow/.local/lib/python3.8/site-packages/airflow/example_dags/example_datasets.py
[2024-03-12T11:54:10.848+0000] {processor.py:830} INFO - Processing file /home/airflow/.local/lib/python3.8/site-packages/airflow/example_dags/example_datasets.py for tasks to queue
[2024-03-12T11:54:10.850+0000] {logging_mixin.py:188} INFO - [2024-03-12T11:54:10.849+0000] {dagbag.py:540} INFO - Filling up the DagBag from /home/airflow/.local/lib/python3.8/site-packages/airflow/example_dags/example_datasets.py
[2024-03-12T11:54:10.861+0000] {processor.py:840} INFO - DAG(s) 'dataset_consumes_unknown_never_scheduled', 'dataset_consumes_1_never_scheduled', 'dataset_consumes_1', 'dataset_produces_1', 'dataset_produces_2', 'dataset_consumes_1_and_2' retrieved from /home/airflow/.local/lib/python3.8/site-packages/airflow/example_dags/example_datasets.py
[2024-03-12T11:54:10.922+0000] {logging_mixin.py:188} INFO - [2024-03-12T11:54:10.921+0000] {dag.py:3047} INFO - Sync 6 DAGs
[2024-03-12T11:54:10.963+0000] {logging_mixin.py:188} INFO - [2024-03-12T11:54:10.962+0000] {dag.py:3834} INFO - Setting next_dagrun for dataset_consumes_1 to None, run_after=None
[2024-03-12T11:54:10.978+0000] {logging_mixin.py:188} INFO - [2024-03-12T11:54:10.977+0000] {dag.py:3834} INFO - Setting next_dagrun for dataset_consumes_1_and_2 to None, run_after=None
[2024-03-12T11:54:10.984+0000] {logging_mixin.py:188} INFO - [2024-03-12T11:54:10.984+0000] {dag.py:3834} INFO - Setting next_dagrun for dataset_consumes_1_never_scheduled to None, run_after=None
[2024-03-12T11:54:10.989+0000] {logging_mixin.py:188} INFO - [2024-03-12T11:54:10.989+0000] {dag.py:3834} INFO - Setting next_dagrun for dataset_consumes_unknown_never_scheduled to None, run_after=None
[2024-03-12T11:54:10.993+0000] {logging_mixin.py:188} INFO - [2024-03-12T11:54:10.993+0000] {dag.py:3834} INFO - Setting next_dagrun for dataset_produces_1 to 2024-03-11 00:00:00+00:00, run_after=2024-03-12 00:00:00+00:00
[2024-03-12T11:54:10.996+0000] {logging_mixin.py:188} INFO - [2024-03-12T11:54:10.995+0000] {dag.py:3834} INFO - Setting next_dagrun for dataset_produces_2 to None, run_after=None
[2024-03-12T11:54:11.029+0000] {processor.py:183} INFO - Processing /home/airflow/.local/lib/python3.8/site-packages/airflow/example_dags/example_datasets.py took 0.186 seconds
[2024-03-12T11:54:41.401+0000] {processor.py:161} INFO - Started process (PID=2444) to work on /home/airflow/.local/lib/python3.8/site-packages/airflow/example_dags/example_datasets.py
[2024-03-12T11:54:41.402+0000] {processor.py:830} INFO - Processing file /home/airflow/.local/lib/python3.8/site-packages/airflow/example_dags/example_datasets.py for tasks to queue
[2024-03-12T11:54:41.403+0000] {logging_mixin.py:188} INFO - [2024-03-12T11:54:41.403+0000] {dagbag.py:540} INFO - Filling up the DagBag from /home/airflow/.local/lib/python3.8/site-packages/airflow/example_dags/example_datasets.py
[2024-03-12T11:54:41.410+0000] {processor.py:840} INFO - DAG(s) 'dataset_consumes_1', 'dataset_consumes_unknown_never_scheduled', 'dataset_produces_1', 'dataset_consumes_1_never_scheduled', 'dataset_produces_2', 'dataset_consumes_1_and_2' retrieved from /home/airflow/.local/lib/python3.8/site-packages/airflow/example_dags/example_datasets.py
[2024-03-12T11:54:41.433+0000] {logging_mixin.py:188} INFO - [2024-03-12T11:54:41.433+0000] {dag.py:3047} INFO - Sync 6 DAGs
[2024-03-12T11:54:41.445+0000] {logging_mixin.py:188} INFO - [2024-03-12T11:54:41.445+0000] {dag.py:3834} INFO - Setting next_dagrun for dataset_consumes_1 to None, run_after=None
[2024-03-12T11:54:41.447+0000] {logging_mixin.py:188} INFO - [2024-03-12T11:54:41.447+0000] {dag.py:3834} INFO - Setting next_dagrun for dataset_consumes_1_and_2 to None, run_after=None
[2024-03-12T11:54:41.448+0000] {logging_mixin.py:188} INFO - [2024-03-12T11:54:41.448+0000] {dag.py:3834} INFO - Setting next_dagrun for dataset_consumes_1_never_scheduled to None, run_after=None
[2024-03-12T11:54:41.449+0000] {logging_mixin.py:188} INFO - [2024-03-12T11:54:41.449+0000] {dag.py:3834} INFO - Setting next_dagrun for dataset_consumes_unknown_never_scheduled to None, run_after=None
[2024-03-12T11:54:41.451+0000] {logging_mixin.py:188} INFO - [2024-03-12T11:54:41.451+0000] {dag.py:3834} INFO - Setting next_dagrun for dataset_produces_1 to 2024-03-11 00:00:00+00:00, run_after=2024-03-12 00:00:00+00:00
[2024-03-12T11:54:41.452+0000] {logging_mixin.py:188} INFO - [2024-03-12T11:54:41.452+0000] {dag.py:3834} INFO - Setting next_dagrun for dataset_produces_2 to None, run_after=None
[2024-03-12T11:54:41.469+0000] {processor.py:183} INFO - Processing /home/airflow/.local/lib/python3.8/site-packages/airflow/example_dags/example_datasets.py took 0.071 seconds
[2024-03-12T11:55:12.616+0000] {processor.py:161} INFO - Started process (PID=2691) to work on /home/airflow/.local/lib/python3.8/site-packages/airflow/example_dags/example_datasets.py
[2024-03-12T11:55:12.617+0000] {processor.py:830} INFO - Processing file /home/airflow/.local/lib/python3.8/site-packages/airflow/example_dags/example_datasets.py for tasks to queue
[2024-03-12T11:55:12.619+0000] {logging_mixin.py:188} INFO - [2024-03-12T11:55:12.618+0000] {dagbag.py:540} INFO - Filling up the DagBag from /home/airflow/.local/lib/python3.8/site-packages/airflow/example_dags/example_datasets.py
[2024-03-12T11:55:12.625+0000] {processor.py:840} INFO - DAG(s) 'dataset_produces_1', 'dataset_produces_2', 'dataset_consumes_1_never_scheduled', 'dataset_consumes_unknown_never_scheduled', 'dataset_consumes_1', 'dataset_consumes_1_and_2' retrieved from /home/airflow/.local/lib/python3.8/site-packages/airflow/example_dags/example_datasets.py
[2024-03-12T11:55:12.648+0000] {logging_mixin.py:188} INFO - [2024-03-12T11:55:12.647+0000] {dag.py:3047} INFO - Sync 6 DAGs
[2024-03-12T11:55:12.660+0000] {logging_mixin.py:188} INFO - [2024-03-12T11:55:12.660+0000] {dag.py:3834} INFO - Setting next_dagrun for dataset_consumes_1 to None, run_after=None
[2024-03-12T11:55:12.662+0000] {logging_mixin.py:188} INFO - [2024-03-12T11:55:12.662+0000] {dag.py:3834} INFO - Setting next_dagrun for dataset_consumes_1_and_2 to None, run_after=None
[2024-03-12T11:55:12.663+0000] {logging_mixin.py:188} INFO - [2024-03-12T11:55:12.663+0000] {dag.py:3834} INFO - Setting next_dagrun for dataset_consumes_1_never_scheduled to None, run_after=None
[2024-03-12T11:55:12.664+0000] {logging_mixin.py:188} INFO - [2024-03-12T11:55:12.664+0000] {dag.py:3834} INFO - Setting next_dagrun for dataset_consumes_unknown_never_scheduled to None, run_after=None
[2024-03-12T11:55:12.666+0000] {logging_mixin.py:188} INFO - [2024-03-12T11:55:12.666+0000] {dag.py:3834} INFO - Setting next_dagrun for dataset_produces_1 to 2024-03-11 00:00:00+00:00, run_after=2024-03-12 00:00:00+00:00
[2024-03-12T11:55:12.668+0000] {logging_mixin.py:188} INFO - [2024-03-12T11:55:12.667+0000] {dag.py:3834} INFO - Setting next_dagrun for dataset_produces_2 to None, run_after=None
[2024-03-12T11:55:12.684+0000] {processor.py:183} INFO - Processing /home/airflow/.local/lib/python3.8/site-packages/airflow/example_dags/example_datasets.py took 0.071 seconds
[2024-03-12T11:55:43.446+0000] {processor.py:161} INFO - Started process (PID=2938) to work on /home/airflow/.local/lib/python3.8/site-packages/airflow/example_dags/example_datasets.py
[2024-03-12T11:55:43.447+0000] {processor.py:830} INFO - Processing file /home/airflow/.local/lib/python3.8/site-packages/airflow/example_dags/example_datasets.py for tasks to queue
[2024-03-12T11:55:43.448+0000] {logging_mixin.py:188} INFO - [2024-03-12T11:55:43.447+0000] {dagbag.py:540} INFO - Filling up the DagBag from /home/airflow/.local/lib/python3.8/site-packages/airflow/example_dags/example_datasets.py
[2024-03-12T11:55:43.454+0000] {processor.py:840} INFO - DAG(s) 'dataset_produces_1', 'dataset_consumes_1', 'dataset_consumes_1_and_2', 'dataset_consumes_unknown_never_scheduled', 'dataset_produces_2', 'dataset_consumes_1_never_scheduled' retrieved from /home/airflow/.local/lib/python3.8/site-packages/airflow/example_dags/example_datasets.py
[2024-03-12T11:55:43.476+0000] {logging_mixin.py:188} INFO - [2024-03-12T11:55:43.475+0000] {dag.py:3047} INFO - Sync 6 DAGs
[2024-03-12T11:55:43.488+0000] {logging_mixin.py:188} INFO - [2024-03-12T11:55:43.488+0000] {dag.py:3834} INFO - Setting next_dagrun for dataset_consumes_1 to None, run_after=None
[2024-03-12T11:55:43.491+0000] {logging_mixin.py:188} INFO - [2024-03-12T11:55:43.490+0000] {dag.py:3834} INFO - Setting next_dagrun for dataset_consumes_1_and_2 to None, run_after=None
[2024-03-12T11:55:43.492+0000] {logging_mixin.py:188} INFO - [2024-03-12T11:55:43.491+0000] {dag.py:3834} INFO - Setting next_dagrun for dataset_consumes_1_never_scheduled to None, run_after=None
[2024-03-12T11:55:43.492+0000] {logging_mixin.py:188} INFO - [2024-03-12T11:55:43.492+0000] {dag.py:3834} INFO - Setting next_dagrun for dataset_consumes_unknown_never_scheduled to None, run_after=None
[2024-03-12T11:55:43.494+0000] {logging_mixin.py:188} INFO - [2024-03-12T11:55:43.494+0000] {dag.py:3834} INFO - Setting next_dagrun for dataset_produces_1 to 2024-03-11 00:00:00+00:00, run_after=2024-03-12 00:00:00+00:00
[2024-03-12T11:55:43.496+0000] {logging_mixin.py:188} INFO - [2024-03-12T11:55:43.495+0000] {dag.py:3834} INFO - Setting next_dagrun for dataset_produces_2 to None, run_after=None
[2024-03-12T11:55:43.511+0000] {processor.py:183} INFO - Processing /home/airflow/.local/lib/python3.8/site-packages/airflow/example_dags/example_datasets.py took 0.068 seconds
[2024-03-12T11:56:14.255+0000] {processor.py:161} INFO - Started process (PID=3185) to work on /home/airflow/.local/lib/python3.8/site-packages/airflow/example_dags/example_datasets.py
[2024-03-12T11:56:14.257+0000] {processor.py:830} INFO - Processing file /home/airflow/.local/lib/python3.8/site-packages/airflow/example_dags/example_datasets.py for tasks to queue
[2024-03-12T11:56:14.258+0000] {logging_mixin.py:188} INFO - [2024-03-12T11:56:14.257+0000] {dagbag.py:540} INFO - Filling up the DagBag from /home/airflow/.local/lib/python3.8/site-packages/airflow/example_dags/example_datasets.py
[2024-03-12T11:57:07.069+0000] {processor.py:161} INFO - Started process (PID=219) to work on /home/airflow/.local/lib/python3.8/site-packages/airflow/example_dags/example_datasets.py
[2024-03-12T11:57:07.071+0000] {processor.py:830} INFO - Processing file /home/airflow/.local/lib/python3.8/site-packages/airflow/example_dags/example_datasets.py for tasks to queue
[2024-03-12T11:57:07.073+0000] {logging_mixin.py:188} INFO - [2024-03-12T11:57:07.073+0000] {dagbag.py:540} INFO - Filling up the DagBag from /home/airflow/.local/lib/python3.8/site-packages/airflow/example_dags/example_datasets.py
[2024-03-12T11:57:07.084+0000] {processor.py:840} INFO - DAG(s) 'dataset_consumes_1_never_scheduled', 'dataset_consumes_1_and_2', 'dataset_produces_1', 'dataset_consumes_unknown_never_scheduled', 'dataset_produces_2', 'dataset_consumes_1' retrieved from /home/airflow/.local/lib/python3.8/site-packages/airflow/example_dags/example_datasets.py
[2024-03-12T11:57:07.116+0000] {logging_mixin.py:188} INFO - [2024-03-12T11:57:07.116+0000] {dag.py:3047} INFO - Sync 6 DAGs
[2024-03-12T11:57:07.132+0000] {logging_mixin.py:188} INFO - [2024-03-12T11:57:07.132+0000] {dag.py:3834} INFO - Setting next_dagrun for dataset_consumes_1 to None, run_after=None
[2024-03-12T11:57:07.136+0000] {logging_mixin.py:188} INFO - [2024-03-12T11:57:07.135+0000] {dag.py:3834} INFO - Setting next_dagrun for dataset_consumes_1_and_2 to None, run_after=None
[2024-03-12T11:57:07.137+0000] {logging_mixin.py:188} INFO - [2024-03-12T11:57:07.137+0000] {dag.py:3834} INFO - Setting next_dagrun for dataset_consumes_1_never_scheduled to None, run_after=None
[2024-03-12T11:57:07.139+0000] {logging_mixin.py:188} INFO - [2024-03-12T11:57:07.139+0000] {dag.py:3834} INFO - Setting next_dagrun for dataset_consumes_unknown_never_scheduled to None, run_after=None
[2024-03-12T11:57:07.142+0000] {logging_mixin.py:188} INFO - [2024-03-12T11:57:07.142+0000] {dag.py:3834} INFO - Setting next_dagrun for dataset_produces_1 to 2024-03-11 00:00:00+00:00, run_after=2024-03-12 00:00:00+00:00
[2024-03-12T11:57:07.144+0000] {logging_mixin.py:188} INFO - [2024-03-12T11:57:07.144+0000] {dag.py:3834} INFO - Setting next_dagrun for dataset_produces_2 to None, run_after=None
[2024-03-12T11:57:07.169+0000] {processor.py:183} INFO - Processing /home/airflow/.local/lib/python3.8/site-packages/airflow/example_dags/example_datasets.py took 0.103 seconds
[2024-03-12T11:57:37.221+0000] {processor.py:161} INFO - Started process (PID=466) to work on /home/airflow/.local/lib/python3.8/site-packages/airflow/example_dags/example_datasets.py
[2024-03-12T11:57:37.222+0000] {processor.py:830} INFO - Processing file /home/airflow/.local/lib/python3.8/site-packages/airflow/example_dags/example_datasets.py for tasks to queue
[2024-03-12T11:57:37.223+0000] {logging_mixin.py:188} INFO - [2024-03-12T11:57:37.223+0000] {dagbag.py:540} INFO - Filling up the DagBag from /home/airflow/.local/lib/python3.8/site-packages/airflow/example_dags/example_datasets.py
[2024-03-12T11:57:37.230+0000] {processor.py:840} INFO - DAG(s) 'dataset_consumes_1', 'dataset_produces_2', 'dataset_consumes_1_never_scheduled', 'dataset_consumes_unknown_never_scheduled', 'dataset_consumes_1_and_2', 'dataset_produces_1' retrieved from /home/airflow/.local/lib/python3.8/site-packages/airflow/example_dags/example_datasets.py
[2024-03-12T11:57:37.255+0000] {logging_mixin.py:188} INFO - [2024-03-12T11:57:37.254+0000] {dag.py:3047} INFO - Sync 6 DAGs
[2024-03-12T11:57:37.270+0000] {logging_mixin.py:188} INFO - [2024-03-12T11:57:37.269+0000] {dag.py:3834} INFO - Setting next_dagrun for dataset_consumes_1 to None, run_after=None
[2024-03-12T11:57:37.273+0000] {logging_mixin.py:188} INFO - [2024-03-12T11:57:37.273+0000] {dag.py:3834} INFO - Setting next_dagrun for dataset_consumes_1_and_2 to None, run_after=None
[2024-03-12T11:57:37.274+0000] {logging_mixin.py:188} INFO - [2024-03-12T11:57:37.274+0000] {dag.py:3834} INFO - Setting next_dagrun for dataset_consumes_1_never_scheduled to None, run_after=None
[2024-03-12T11:57:37.276+0000] {logging_mixin.py:188} INFO - [2024-03-12T11:57:37.276+0000] {dag.py:3834} INFO - Setting next_dagrun for dataset_consumes_unknown_never_scheduled to None, run_after=None
[2024-03-12T11:57:37.279+0000] {logging_mixin.py:188} INFO - [2024-03-12T11:57:37.278+0000] {dag.py:3834} INFO - Setting next_dagrun for dataset_produces_1 to 2024-03-11 00:00:00+00:00, run_after=2024-03-12 00:00:00+00:00
[2024-03-12T11:57:37.280+0000] {logging_mixin.py:188} INFO - [2024-03-12T11:57:37.279+0000] {dag.py:3834} INFO - Setting next_dagrun for dataset_produces_2 to None, run_after=None
[2024-03-12T11:57:37.297+0000] {processor.py:183} INFO - Processing /home/airflow/.local/lib/python3.8/site-packages/airflow/example_dags/example_datasets.py took 0.079 seconds
[2024-03-12T11:58:34.864+0000] {processor.py:161} INFO - Started process (PID=219) to work on /home/airflow/.local/lib/python3.8/site-packages/airflow/example_dags/example_datasets.py
[2024-03-12T11:58:34.866+0000] {processor.py:830} INFO - Processing file /home/airflow/.local/lib/python3.8/site-packages/airflow/example_dags/example_datasets.py for tasks to queue
[2024-03-12T11:58:34.867+0000] {logging_mixin.py:188} INFO - [2024-03-12T11:58:34.867+0000] {dagbag.py:540} INFO - Filling up the DagBag from /home/airflow/.local/lib/python3.8/site-packages/airflow/example_dags/example_datasets.py
[2024-03-12T11:58:34.878+0000] {processor.py:840} INFO - DAG(s) 'dataset_consumes_1_and_2', 'dataset_produces_1', 'dataset_consumes_1_never_scheduled', 'dataset_consumes_unknown_never_scheduled', 'dataset_produces_2', 'dataset_consumes_1' retrieved from /home/airflow/.local/lib/python3.8/site-packages/airflow/example_dags/example_datasets.py
[2024-03-12T11:58:34.905+0000] {logging_mixin.py:188} INFO - [2024-03-12T11:58:34.905+0000] {dag.py:3047} INFO - Sync 6 DAGs
[2024-03-12T11:58:34.921+0000] {logging_mixin.py:188} INFO - [2024-03-12T11:58:34.920+0000] {dag.py:3834} INFO - Setting next_dagrun for dataset_consumes_1 to None, run_after=None
[2024-03-12T11:58:34.926+0000] {logging_mixin.py:188} INFO - [2024-03-12T11:58:34.926+0000] {dag.py:3834} INFO - Setting next_dagrun for dataset_consumes_1_and_2 to None, run_after=None
[2024-03-12T11:58:34.936+0000] {logging_mixin.py:188} INFO - [2024-03-12T11:58:34.935+0000] {dag.py:3834} INFO - Setting next_dagrun for dataset_consumes_1_never_scheduled to None, run_after=None
[2024-03-12T11:58:34.939+0000] {logging_mixin.py:188} INFO - [2024-03-12T11:58:34.939+0000] {dag.py:3834} INFO - Setting next_dagrun for dataset_consumes_unknown_never_scheduled to None, run_after=None
[2024-03-12T11:58:34.944+0000] {logging_mixin.py:188} INFO - [2024-03-12T11:58:34.943+0000] {dag.py:3834} INFO - Setting next_dagrun for dataset_produces_1 to 2024-03-11 00:00:00+00:00, run_after=2024-03-12 00:00:00+00:00
[2024-03-12T11:58:34.946+0000] {logging_mixin.py:188} INFO - [2024-03-12T11:58:34.946+0000] {dag.py:3834} INFO - Setting next_dagrun for dataset_produces_2 to None, run_after=None
[2024-03-12T11:58:34.970+0000] {processor.py:183} INFO - Processing /home/airflow/.local/lib/python3.8/site-packages/airflow/example_dags/example_datasets.py took 0.110 seconds
[2024-03-12T11:59:05.073+0000] {processor.py:161} INFO - Started process (PID=466) to work on /home/airflow/.local/lib/python3.8/site-packages/airflow/example_dags/example_datasets.py
[2024-03-12T11:59:05.074+0000] {processor.py:830} INFO - Processing file /home/airflow/.local/lib/python3.8/site-packages/airflow/example_dags/example_datasets.py for tasks to queue
[2024-03-12T11:59:05.075+0000] {logging_mixin.py:188} INFO - [2024-03-12T11:59:05.075+0000] {dagbag.py:540} INFO - Filling up the DagBag from /home/airflow/.local/lib/python3.8/site-packages/airflow/example_dags/example_datasets.py
[2024-03-12T11:59:05.082+0000] {processor.py:840} INFO - DAG(s) 'dataset_consumes_1', 'dataset_produces_2', 'dataset_consumes_unknown_never_scheduled', 'dataset_consumes_1_and_2', 'dataset_produces_1', 'dataset_consumes_1_never_scheduled' retrieved from /home/airflow/.local/lib/python3.8/site-packages/airflow/example_dags/example_datasets.py
[2024-03-12T11:59:05.105+0000] {logging_mixin.py:188} INFO - [2024-03-12T11:59:05.105+0000] {dag.py:3047} INFO - Sync 6 DAGs
[2024-03-12T11:59:05.118+0000] {logging_mixin.py:188} INFO - [2024-03-12T11:59:05.118+0000] {dag.py:3834} INFO - Setting next_dagrun for dataset_consumes_1 to None, run_after=None
[2024-03-12T11:59:05.121+0000] {logging_mixin.py:188} INFO - [2024-03-12T11:59:05.121+0000] {dag.py:3834} INFO - Setting next_dagrun for dataset_consumes_1_and_2 to None, run_after=None
[2024-03-12T11:59:05.122+0000] {logging_mixin.py:188} INFO - [2024-03-12T11:59:05.122+0000] {dag.py:3834} INFO - Setting next_dagrun for dataset_consumes_1_never_scheduled to None, run_after=None
[2024-03-12T11:59:05.124+0000] {logging_mixin.py:188} INFO - [2024-03-12T11:59:05.124+0000] {dag.py:3834} INFO - Setting next_dagrun for dataset_consumes_unknown_never_scheduled to None, run_after=None
[2024-03-12T11:59:05.126+0000] {logging_mixin.py:188} INFO - [2024-03-12T11:59:05.125+0000] {dag.py:3834} INFO - Setting next_dagrun for dataset_produces_1 to 2024-03-11 00:00:00+00:00, run_after=2024-03-12 00:00:00+00:00
[2024-03-12T11:59:05.127+0000] {logging_mixin.py:188} INFO - [2024-03-12T11:59:05.127+0000] {dag.py:3834} INFO - Setting next_dagrun for dataset_produces_2 to None, run_after=None
[2024-03-12T11:59:05.147+0000] {processor.py:183} INFO - Processing /home/airflow/.local/lib/python3.8/site-packages/airflow/example_dags/example_datasets.py took 0.077 seconds
[2024-03-12T11:59:35.693+0000] {processor.py:161} INFO - Started process (PID=713) to work on /home/airflow/.local/lib/python3.8/site-packages/airflow/example_dags/example_datasets.py
[2024-03-12T11:59:35.694+0000] {processor.py:830} INFO - Processing file /home/airflow/.local/lib/python3.8/site-packages/airflow/example_dags/example_datasets.py for tasks to queue
[2024-03-12T11:59:35.695+0000] {logging_mixin.py:188} INFO - [2024-03-12T11:59:35.695+0000] {dagbag.py:540} INFO - Filling up the DagBag from /home/airflow/.local/lib/python3.8/site-packages/airflow/example_dags/example_datasets.py
[2024-03-12T11:59:35.702+0000] {processor.py:840} INFO - DAG(s) 'dataset_produces_2', 'dataset_consumes_1_and_2', 'dataset_consumes_1', 'dataset_produces_1', 'dataset_consumes_1_never_scheduled', 'dataset_consumes_unknown_never_scheduled' retrieved from /home/airflow/.local/lib/python3.8/site-packages/airflow/example_dags/example_datasets.py
[2024-03-12T11:59:35.724+0000] {logging_mixin.py:188} INFO - [2024-03-12T11:59:35.724+0000] {dag.py:3047} INFO - Sync 6 DAGs
[2024-03-12T11:59:35.739+0000] {logging_mixin.py:188} INFO - [2024-03-12T11:59:35.738+0000] {dag.py:3834} INFO - Setting next_dagrun for dataset_consumes_1 to None, run_after=None
[2024-03-12T11:59:35.741+0000] {logging_mixin.py:188} INFO - [2024-03-12T11:59:35.741+0000] {dag.py:3834} INFO - Setting next_dagrun for dataset_consumes_1_and_2 to None, run_after=None
[2024-03-12T11:59:35.742+0000] {logging_mixin.py:188} INFO - [2024-03-12T11:59:35.742+0000] {dag.py:3834} INFO - Setting next_dagrun for dataset_consumes_1_never_scheduled to None, run_after=None
[2024-03-12T11:59:35.743+0000] {logging_mixin.py:188} INFO - [2024-03-12T11:59:35.743+0000] {dag.py:3834} INFO - Setting next_dagrun for dataset_consumes_unknown_never_scheduled to None, run_after=None
[2024-03-12T11:59:35.746+0000] {logging_mixin.py:188} INFO - [2024-03-12T11:59:35.745+0000] {dag.py:3834} INFO - Setting next_dagrun for dataset_produces_1 to 2024-03-11 00:00:00+00:00, run_after=2024-03-12 00:00:00+00:00
[2024-03-12T11:59:35.747+0000] {logging_mixin.py:188} INFO - [2024-03-12T11:59:35.747+0000] {dag.py:3834} INFO - Setting next_dagrun for dataset_produces_2 to None, run_after=None
[2024-03-12T11:59:35.764+0000] {processor.py:183} INFO - Processing /home/airflow/.local/lib/python3.8/site-packages/airflow/example_dags/example_datasets.py took 0.074 seconds
[2024-03-12T12:00:06.594+0000] {processor.py:161} INFO - Started process (PID=960) to work on /home/airflow/.local/lib/python3.8/site-packages/airflow/example_dags/example_datasets.py
[2024-03-12T12:00:06.595+0000] {processor.py:830} INFO - Processing file /home/airflow/.local/lib/python3.8/site-packages/airflow/example_dags/example_datasets.py for tasks to queue
[2024-03-12T12:00:06.596+0000] {logging_mixin.py:188} INFO - [2024-03-12T12:00:06.596+0000] {dagbag.py:540} INFO - Filling up the DagBag from /home/airflow/.local/lib/python3.8/site-packages/airflow/example_dags/example_datasets.py
[2024-03-12T12:00:06.603+0000] {processor.py:840} INFO - DAG(s) 'dataset_consumes_1_never_scheduled', 'dataset_produces_2', 'dataset_produces_1', 'dataset_consumes_unknown_never_scheduled', 'dataset_consumes_1_and_2', 'dataset_consumes_1' retrieved from /home/airflow/.local/lib/python3.8/site-packages/airflow/example_dags/example_datasets.py
[2024-03-12T12:00:06.626+0000] {logging_mixin.py:188} INFO - [2024-03-12T12:00:06.626+0000] {dag.py:3047} INFO - Sync 6 DAGs
[2024-03-12T12:00:06.639+0000] {logging_mixin.py:188} INFO - [2024-03-12T12:00:06.639+0000] {dag.py:3834} INFO - Setting next_dagrun for dataset_consumes_1 to None, run_after=None
[2024-03-12T12:00:06.642+0000] {logging_mixin.py:188} INFO - [2024-03-12T12:00:06.642+0000] {dag.py:3834} INFO - Setting next_dagrun for dataset_consumes_1_and_2 to None, run_after=None
[2024-03-12T12:00:06.644+0000] {logging_mixin.py:188} INFO - [2024-03-12T12:00:06.644+0000] {dag.py:3834} INFO - Setting next_dagrun for dataset_consumes_1_never_scheduled to None, run_after=None
[2024-03-12T12:00:06.646+0000] {logging_mixin.py:188} INFO - [2024-03-12T12:00:06.645+0000] {dag.py:3834} INFO - Setting next_dagrun for dataset_consumes_unknown_never_scheduled to None, run_after=None
[2024-03-12T12:00:06.647+0000] {logging_mixin.py:188} INFO - [2024-03-12T12:00:06.647+0000] {dag.py:3834} INFO - Setting next_dagrun for dataset_produces_1 to 2024-03-11 00:00:00+00:00, run_after=2024-03-12 00:00:00+00:00
[2024-03-12T12:00:06.649+0000] {logging_mixin.py:188} INFO - [2024-03-12T12:00:06.648+0000] {dag.py:3834} INFO - Setting next_dagrun for dataset_produces_2 to None, run_after=None
[2024-03-12T12:00:06.665+0000] {processor.py:183} INFO - Processing /home/airflow/.local/lib/python3.8/site-packages/airflow/example_dags/example_datasets.py took 0.073 seconds
[2024-03-12T12:00:37.365+0000] {processor.py:161} INFO - Started process (PID=1207) to work on /home/airflow/.local/lib/python3.8/site-packages/airflow/example_dags/example_datasets.py
[2024-03-12T12:00:37.366+0000] {processor.py:830} INFO - Processing file /home/airflow/.local/lib/python3.8/site-packages/airflow/example_dags/example_datasets.py for tasks to queue
[2024-03-12T12:00:37.368+0000] {logging_mixin.py:188} INFO - [2024-03-12T12:00:37.367+0000] {dagbag.py:540} INFO - Filling up the DagBag from /home/airflow/.local/lib/python3.8/site-packages/airflow/example_dags/example_datasets.py
[2024-03-12T12:00:37.375+0000] {processor.py:840} INFO - DAG(s) 'dataset_produces_2', 'dataset_consumes_1_and_2', 'dataset_produces_1', 'dataset_consumes_1_never_scheduled', 'dataset_consumes_1', 'dataset_consumes_unknown_never_scheduled' retrieved from /home/airflow/.local/lib/python3.8/site-packages/airflow/example_dags/example_datasets.py
[2024-03-12T12:00:37.402+0000] {logging_mixin.py:188} INFO - [2024-03-12T12:00:37.402+0000] {dag.py:3047} INFO - Sync 6 DAGs
[2024-03-12T12:00:37.424+0000] {logging_mixin.py:188} INFO - [2024-03-12T12:00:37.424+0000] {dag.py:3834} INFO - Setting next_dagrun for dataset_consumes_1 to None, run_after=None
[2024-03-12T12:00:37.430+0000] {logging_mixin.py:188} INFO - [2024-03-12T12:00:37.430+0000] {dag.py:3834} INFO - Setting next_dagrun for dataset_consumes_1_and_2 to None, run_after=None
[2024-03-12T12:00:37.431+0000] {logging_mixin.py:188} INFO - [2024-03-12T12:00:37.431+0000] {dag.py:3834} INFO - Setting next_dagrun for dataset_consumes_1_never_scheduled to None, run_after=None
[2024-03-12T12:00:37.433+0000] {logging_mixin.py:188} INFO - [2024-03-12T12:00:37.432+0000] {dag.py:3834} INFO - Setting next_dagrun for dataset_consumes_unknown_never_scheduled to None, run_after=None
[2024-03-12T12:00:37.435+0000] {logging_mixin.py:188} INFO - [2024-03-12T12:00:37.434+0000] {dag.py:3834} INFO - Setting next_dagrun for dataset_produces_1 to 2024-03-11 00:00:00+00:00, run_after=2024-03-12 00:00:00+00:00
[2024-03-12T12:00:37.436+0000] {logging_mixin.py:188} INFO - [2024-03-12T12:00:37.436+0000] {dag.py:3834} INFO - Setting next_dagrun for dataset_produces_2 to None, run_after=None
[2024-03-12T12:00:37.454+0000] {processor.py:183} INFO - Processing /home/airflow/.local/lib/python3.8/site-packages/airflow/example_dags/example_datasets.py took 0.092 seconds
[2024-03-12T12:01:08.450+0000] {processor.py:161} INFO - Started process (PID=1456) to work on /home/airflow/.local/lib/python3.8/site-packages/airflow/example_dags/example_datasets.py
[2024-03-12T12:01:08.451+0000] {processor.py:830} INFO - Processing file /home/airflow/.local/lib/python3.8/site-packages/airflow/example_dags/example_datasets.py for tasks to queue
[2024-03-12T12:01:08.452+0000] {logging_mixin.py:188} INFO - [2024-03-12T12:01:08.451+0000] {dagbag.py:540} INFO - Filling up the DagBag from /home/airflow/.local/lib/python3.8/site-packages/airflow/example_dags/example_datasets.py
[2024-03-12T12:01:08.458+0000] {processor.py:840} INFO - DAG(s) 'dataset_consumes_1_never_scheduled', 'dataset_consumes_unknown_never_scheduled', 'dataset_produces_2', 'dataset_produces_1', 'dataset_consumes_1', 'dataset_consumes_1_and_2' retrieved from /home/airflow/.local/lib/python3.8/site-packages/airflow/example_dags/example_datasets.py
[2024-03-12T12:01:08.479+0000] {logging_mixin.py:188} INFO - [2024-03-12T12:01:08.479+0000] {dag.py:3047} INFO - Sync 6 DAGs
[2024-03-12T12:01:08.491+0000] {logging_mixin.py:188} INFO - [2024-03-12T12:01:08.491+0000] {dag.py:3834} INFO - Setting next_dagrun for dataset_consumes_1 to None, run_after=None
[2024-03-12T12:01:08.493+0000] {logging_mixin.py:188} INFO - [2024-03-12T12:01:08.493+0000] {dag.py:3834} INFO - Setting next_dagrun for dataset_consumes_1_and_2 to None, run_after=None
[2024-03-12T12:01:08.494+0000] {logging_mixin.py:188} INFO - [2024-03-12T12:01:08.494+0000] {dag.py:3834} INFO - Setting next_dagrun for dataset_consumes_1_never_scheduled to None, run_after=None
[2024-03-12T12:01:08.495+0000] {logging_mixin.py:188} INFO - [2024-03-12T12:01:08.495+0000] {dag.py:3834} INFO - Setting next_dagrun for dataset_consumes_unknown_never_scheduled to None, run_after=None
[2024-03-12T12:01:08.497+0000] {logging_mixin.py:188} INFO - [2024-03-12T12:01:08.497+0000] {dag.py:3834} INFO - Setting next_dagrun for dataset_produces_1 to 2024-03-11 00:00:00+00:00, run_after=2024-03-12 00:00:00+00:00
[2024-03-12T12:01:08.498+0000] {logging_mixin.py:188} INFO - [2024-03-12T12:01:08.498+0000] {dag.py:3834} INFO - Setting next_dagrun for dataset_produces_2 to None, run_after=None
[2024-03-12T12:01:08.512+0000] {processor.py:183} INFO - Processing /home/airflow/.local/lib/python3.8/site-packages/airflow/example_dags/example_datasets.py took 0.065 seconds
[2024-03-12T12:01:39.327+0000] {processor.py:161} INFO - Started process (PID=1703) to work on /home/airflow/.local/lib/python3.8/site-packages/airflow/example_dags/example_datasets.py
[2024-03-12T12:01:39.329+0000] {processor.py:830} INFO - Processing file /home/airflow/.local/lib/python3.8/site-packages/airflow/example_dags/example_datasets.py for tasks to queue
[2024-03-12T12:01:39.330+0000] {logging_mixin.py:188} INFO - [2024-03-12T12:01:39.330+0000] {dagbag.py:540} INFO - Filling up the DagBag from /home/airflow/.local/lib/python3.8/site-packages/airflow/example_dags/example_datasets.py
[2024-03-12T12:01:39.336+0000] {processor.py:840} INFO - DAG(s) 'dataset_produces_1', 'dataset_consumes_unknown_never_scheduled', 'dataset_consumes_1', 'dataset_consumes_1_and_2', 'dataset_consumes_1_never_scheduled', 'dataset_produces_2' retrieved from /home/airflow/.local/lib/python3.8/site-packages/airflow/example_dags/example_datasets.py
[2024-03-12T12:01:39.361+0000] {logging_mixin.py:188} INFO - [2024-03-12T12:01:39.361+0000] {dag.py:3047} INFO - Sync 6 DAGs
[2024-03-12T12:01:39.378+0000] {logging_mixin.py:188} INFO - [2024-03-12T12:01:39.378+0000] {dag.py:3834} INFO - Setting next_dagrun for dataset_consumes_1 to None, run_after=None
[2024-03-12T12:01:39.381+0000] {logging_mixin.py:188} INFO - [2024-03-12T12:01:39.381+0000] {dag.py:3834} INFO - Setting next_dagrun for dataset_consumes_1_and_2 to None, run_after=None
[2024-03-12T12:01:39.382+0000] {logging_mixin.py:188} INFO - [2024-03-12T12:01:39.382+0000] {dag.py:3834} INFO - Setting next_dagrun for dataset_consumes_1_never_scheduled to None, run_after=None
[2024-03-12T12:01:39.383+0000] {logging_mixin.py:188} INFO - [2024-03-12T12:01:39.383+0000] {dag.py:3834} INFO - Setting next_dagrun for dataset_consumes_unknown_never_scheduled to None, run_after=None
[2024-03-12T12:01:39.384+0000] {logging_mixin.py:188} INFO - [2024-03-12T12:01:39.384+0000] {dag.py:3834} INFO - Setting next_dagrun for dataset_produces_1 to 2024-03-11 00:00:00+00:00, run_after=2024-03-12 00:00:00+00:00
[2024-03-12T12:01:39.386+0000] {logging_mixin.py:188} INFO - [2024-03-12T12:01:39.386+0000] {dag.py:3834} INFO - Setting next_dagrun for dataset_produces_2 to None, run_after=None
[2024-03-12T12:01:39.401+0000] {processor.py:183} INFO - Processing /home/airflow/.local/lib/python3.8/site-packages/airflow/example_dags/example_datasets.py took 0.077 seconds
[2024-03-12T12:02:10.176+0000] {processor.py:161} INFO - Started process (PID=1948) to work on /home/airflow/.local/lib/python3.8/site-packages/airflow/example_dags/example_datasets.py
[2024-03-12T12:02:10.178+0000] {processor.py:830} INFO - Processing file /home/airflow/.local/lib/python3.8/site-packages/airflow/example_dags/example_datasets.py for tasks to queue
[2024-03-12T12:02:10.179+0000] {logging_mixin.py:188} INFO - [2024-03-12T12:02:10.178+0000] {dagbag.py:540} INFO - Filling up the DagBag from /home/airflow/.local/lib/python3.8/site-packages/airflow/example_dags/example_datasets.py
[2024-03-12T12:02:10.186+0000] {processor.py:840} INFO - DAG(s) 'dataset_consumes_unknown_never_scheduled', 'dataset_produces_1', 'dataset_consumes_1', 'dataset_produces_2', 'dataset_consumes_1_never_scheduled', 'dataset_consumes_1_and_2' retrieved from /home/airflow/.local/lib/python3.8/site-packages/airflow/example_dags/example_datasets.py
[2024-03-12T12:02:10.210+0000] {logging_mixin.py:188} INFO - [2024-03-12T12:02:10.210+0000] {dag.py:3047} INFO - Sync 6 DAGs
[2024-03-12T12:02:10.223+0000] {logging_mixin.py:188} INFO - [2024-03-12T12:02:10.223+0000] {dag.py:3834} INFO - Setting next_dagrun for dataset_consumes_1 to None, run_after=None
[2024-03-12T12:02:10.226+0000] {logging_mixin.py:188} INFO - [2024-03-12T12:02:10.226+0000] {dag.py:3834} INFO - Setting next_dagrun for dataset_consumes_1_and_2 to None, run_after=None
[2024-03-12T12:02:10.228+0000] {logging_mixin.py:188} INFO - [2024-03-12T12:02:10.228+0000] {dag.py:3834} INFO - Setting next_dagrun for dataset_consumes_1_never_scheduled to None, run_after=None
[2024-03-12T12:02:10.229+0000] {logging_mixin.py:188} INFO - [2024-03-12T12:02:10.229+0000] {dag.py:3834} INFO - Setting next_dagrun for dataset_consumes_unknown_never_scheduled to None, run_after=None
[2024-03-12T12:02:10.231+0000] {logging_mixin.py:188} INFO - [2024-03-12T12:02:10.231+0000] {dag.py:3834} INFO - Setting next_dagrun for dataset_produces_1 to 2024-03-11 00:00:00+00:00, run_after=2024-03-12 00:00:00+00:00
[2024-03-12T12:02:10.233+0000] {logging_mixin.py:188} INFO - [2024-03-12T12:02:10.232+0000] {dag.py:3834} INFO - Setting next_dagrun for dataset_produces_2 to None, run_after=None
[2024-03-12T12:02:10.254+0000] {processor.py:183} INFO - Processing /home/airflow/.local/lib/python3.8/site-packages/airflow/example_dags/example_datasets.py took 0.080 seconds
[2024-03-12T12:02:40.807+0000] {processor.py:161} INFO - Started process (PID=2195) to work on /home/airflow/.local/lib/python3.8/site-packages/airflow/example_dags/example_datasets.py
[2024-03-12T12:02:40.809+0000] {processor.py:830} INFO - Processing file /home/airflow/.local/lib/python3.8/site-packages/airflow/example_dags/example_datasets.py for tasks to queue
[2024-03-12T12:02:40.811+0000] {logging_mixin.py:188} INFO - [2024-03-12T12:02:40.810+0000] {dagbag.py:540} INFO - Filling up the DagBag from /home/airflow/.local/lib/python3.8/site-packages/airflow/example_dags/example_datasets.py
[2024-03-12T12:02:40.818+0000] {processor.py:840} INFO - DAG(s) 'dataset_produces_1', 'dataset_consumes_1_never_scheduled', 'dataset_produces_2', 'dataset_consumes_1_and_2', 'dataset_consumes_unknown_never_scheduled', 'dataset_consumes_1' retrieved from /home/airflow/.local/lib/python3.8/site-packages/airflow/example_dags/example_datasets.py
[2024-03-12T12:02:40.844+0000] {logging_mixin.py:188} INFO - [2024-03-12T12:02:40.844+0000] {dag.py:3047} INFO - Sync 6 DAGs
[2024-03-12T12:02:40.860+0000] {logging_mixin.py:188} INFO - [2024-03-12T12:02:40.860+0000] {dag.py:3834} INFO - Setting next_dagrun for dataset_consumes_1 to None, run_after=None
[2024-03-12T12:02:40.864+0000] {logging_mixin.py:188} INFO - [2024-03-12T12:02:40.864+0000] {dag.py:3834} INFO - Setting next_dagrun for dataset_consumes_1_and_2 to None, run_after=None
[2024-03-12T12:02:40.866+0000] {logging_mixin.py:188} INFO - [2024-03-12T12:02:40.866+0000] {dag.py:3834} INFO - Setting next_dagrun for dataset_consumes_1_never_scheduled to None, run_after=None
[2024-03-12T12:02:40.867+0000] {logging_mixin.py:188} INFO - [2024-03-12T12:02:40.867+0000] {dag.py:3834} INFO - Setting next_dagrun for dataset_consumes_unknown_never_scheduled to None, run_after=None
[2024-03-12T12:02:40.869+0000] {logging_mixin.py:188} INFO - [2024-03-12T12:02:40.869+0000] {dag.py:3834} INFO - Setting next_dagrun for dataset_produces_1 to 2024-03-11 00:00:00+00:00, run_after=2024-03-12 00:00:00+00:00
[2024-03-12T12:02:40.871+0000] {logging_mixin.py:188} INFO - [2024-03-12T12:02:40.871+0000] {dag.py:3834} INFO - Setting next_dagrun for dataset_produces_2 to None, run_after=None
[2024-03-12T12:02:40.891+0000] {processor.py:183} INFO - Processing /home/airflow/.local/lib/python3.8/site-packages/airflow/example_dags/example_datasets.py took 0.088 seconds
[2024-03-12T12:03:12.241+0000] {processor.py:161} INFO - Started process (PID=2444) to work on /home/airflow/.local/lib/python3.8/site-packages/airflow/example_dags/example_datasets.py
[2024-03-12T12:03:12.243+0000] {processor.py:830} INFO - Processing file /home/airflow/.local/lib/python3.8/site-packages/airflow/example_dags/example_datasets.py for tasks to queue
[2024-03-12T12:03:12.244+0000] {logging_mixin.py:188} INFO - [2024-03-12T12:03:12.244+0000] {dagbag.py:540} INFO - Filling up the DagBag from /home/airflow/.local/lib/python3.8/site-packages/airflow/example_dags/example_datasets.py
[2024-03-12T12:03:12.253+0000] {processor.py:840} INFO - DAG(s) 'dataset_produces_1', 'dataset_consumes_unknown_never_scheduled', 'dataset_consumes_1', 'dataset_consumes_1_and_2', 'dataset_produces_2', 'dataset_consumes_1_never_scheduled' retrieved from /home/airflow/.local/lib/python3.8/site-packages/airflow/example_dags/example_datasets.py
[2024-03-12T12:03:12.278+0000] {logging_mixin.py:188} INFO - [2024-03-12T12:03:12.278+0000] {dag.py:3047} INFO - Sync 6 DAGs
[2024-03-12T12:03:12.292+0000] {logging_mixin.py:188} INFO - [2024-03-12T12:03:12.292+0000] {dag.py:3834} INFO - Setting next_dagrun for dataset_consumes_1 to None, run_after=None
[2024-03-12T12:03:12.295+0000] {logging_mixin.py:188} INFO - [2024-03-12T12:03:12.295+0000] {dag.py:3834} INFO - Setting next_dagrun for dataset_consumes_1_and_2 to None, run_after=None
[2024-03-12T12:03:12.297+0000] {logging_mixin.py:188} INFO - [2024-03-12T12:03:12.297+0000] {dag.py:3834} INFO - Setting next_dagrun for dataset_consumes_1_never_scheduled to None, run_after=None
[2024-03-12T12:03:12.299+0000] {logging_mixin.py:188} INFO - [2024-03-12T12:03:12.299+0000] {dag.py:3834} INFO - Setting next_dagrun for dataset_consumes_unknown_never_scheduled to None, run_after=None
[2024-03-12T12:03:12.301+0000] {logging_mixin.py:188} INFO - [2024-03-12T12:03:12.301+0000] {dag.py:3834} INFO - Setting next_dagrun for dataset_produces_1 to 2024-03-11 00:00:00+00:00, run_after=2024-03-12 00:00:00+00:00
[2024-03-12T12:03:12.303+0000] {logging_mixin.py:188} INFO - [2024-03-12T12:03:12.303+0000] {dag.py:3834} INFO - Setting next_dagrun for dataset_produces_2 to None, run_after=None
[2024-03-12T12:03:12.335+0000] {processor.py:183} INFO - Processing /home/airflow/.local/lib/python3.8/site-packages/airflow/example_dags/example_datasets.py took 0.097 seconds
[2024-03-12T12:03:43.340+0000] {processor.py:161} INFO - Started process (PID=2691) to work on /home/airflow/.local/lib/python3.8/site-packages/airflow/example_dags/example_datasets.py
[2024-03-12T12:03:43.342+0000] {processor.py:830} INFO - Processing file /home/airflow/.local/lib/python3.8/site-packages/airflow/example_dags/example_datasets.py for tasks to queue
[2024-03-12T12:03:43.344+0000] {logging_mixin.py:188} INFO - [2024-03-12T12:03:43.343+0000] {dagbag.py:540} INFO - Filling up the DagBag from /home/airflow/.local/lib/python3.8/site-packages/airflow/example_dags/example_datasets.py
[2024-03-12T12:03:43.354+0000] {processor.py:840} INFO - DAG(s) 'dataset_consumes_1', 'dataset_consumes_unknown_never_scheduled', 'dataset_consumes_1_and_2', 'dataset_produces_2', 'dataset_produces_1', 'dataset_consumes_1_never_scheduled' retrieved from /home/airflow/.local/lib/python3.8/site-packages/airflow/example_dags/example_datasets.py
[2024-03-12T12:03:43.390+0000] {logging_mixin.py:188} INFO - [2024-03-12T12:03:43.390+0000] {dag.py:3047} INFO - Sync 6 DAGs
[2024-03-12T12:03:43.411+0000] {logging_mixin.py:188} INFO - [2024-03-12T12:03:43.411+0000] {dag.py:3834} INFO - Setting next_dagrun for dataset_consumes_1 to None, run_after=None
[2024-03-12T12:03:43.414+0000] {logging_mixin.py:188} INFO - [2024-03-12T12:03:43.414+0000] {dag.py:3834} INFO - Setting next_dagrun for dataset_consumes_1_and_2 to None, run_after=None
[2024-03-12T12:03:43.416+0000] {logging_mixin.py:188} INFO - [2024-03-12T12:03:43.416+0000] {dag.py:3834} INFO - Setting next_dagrun for dataset_consumes_1_never_scheduled to None, run_after=None
[2024-03-12T12:03:43.417+0000] {logging_mixin.py:188} INFO - [2024-03-12T12:03:43.417+0000] {dag.py:3834} INFO - Setting next_dagrun for dataset_consumes_unknown_never_scheduled to None, run_after=None
[2024-03-12T12:03:43.419+0000] {logging_mixin.py:188} INFO - [2024-03-12T12:03:43.419+0000] {dag.py:3834} INFO - Setting next_dagrun for dataset_produces_1 to 2024-03-11 00:00:00+00:00, run_after=2024-03-12 00:00:00+00:00
[2024-03-12T12:03:43.421+0000] {logging_mixin.py:188} INFO - [2024-03-12T12:03:43.421+0000] {dag.py:3834} INFO - Setting next_dagrun for dataset_produces_2 to None, run_after=None
[2024-03-12T12:03:43.440+0000] {processor.py:183} INFO - Processing /home/airflow/.local/lib/python3.8/site-packages/airflow/example_dags/example_datasets.py took 0.103 seconds
[2024-03-12T12:04:14.180+0000] {processor.py:161} INFO - Started process (PID=2938) to work on /home/airflow/.local/lib/python3.8/site-packages/airflow/example_dags/example_datasets.py
[2024-03-12T12:04:14.184+0000] {processor.py:830} INFO - Processing file /home/airflow/.local/lib/python3.8/site-packages/airflow/example_dags/example_datasets.py for tasks to queue
[2024-03-12T12:04:14.186+0000] {logging_mixin.py:188} INFO - [2024-03-12T12:04:14.185+0000] {dagbag.py:540} INFO - Filling up the DagBag from /home/airflow/.local/lib/python3.8/site-packages/airflow/example_dags/example_datasets.py
[2024-03-12T12:04:14.194+0000] {processor.py:840} INFO - DAG(s) 'dataset_consumes_1_and_2', 'dataset_consumes_1_never_scheduled', 'dataset_produces_2', 'dataset_consumes_unknown_never_scheduled', 'dataset_consumes_1', 'dataset_produces_1' retrieved from /home/airflow/.local/lib/python3.8/site-packages/airflow/example_dags/example_datasets.py
[2024-03-12T12:04:14.223+0000] {logging_mixin.py:188} INFO - [2024-03-12T12:04:14.222+0000] {dag.py:3047} INFO - Sync 6 DAGs
[2024-03-12T12:04:14.246+0000] {logging_mixin.py:188} INFO - [2024-03-12T12:04:14.246+0000] {dag.py:3834} INFO - Setting next_dagrun for dataset_consumes_1 to None, run_after=None
[2024-03-12T12:04:14.259+0000] {logging_mixin.py:188} INFO - [2024-03-12T12:04:14.259+0000] {dag.py:3834} INFO - Setting next_dagrun for dataset_consumes_1_and_2 to None, run_after=None
[2024-03-12T12:04:14.280+0000] {logging_mixin.py:188} INFO - [2024-03-12T12:04:14.280+0000] {dag.py:3834} INFO - Setting next_dagrun for dataset_consumes_1_never_scheduled to None, run_after=None
[2024-03-12T12:04:14.334+0000] {logging_mixin.py:188} INFO - [2024-03-12T12:04:14.334+0000] {dag.py:3834} INFO - Setting next_dagrun for dataset_consumes_unknown_never_scheduled to None, run_after=None
[2024-03-12T12:04:14.400+0000] {logging_mixin.py:188} INFO - [2024-03-12T12:04:14.400+0000] {dag.py:3834} INFO - Setting next_dagrun for dataset_produces_1 to 2024-03-11 00:00:00+00:00, run_after=2024-03-12 00:00:00+00:00
[2024-03-12T12:04:14.402+0000] {logging_mixin.py:188} INFO - [2024-03-12T12:04:14.402+0000] {dag.py:3834} INFO - Setting next_dagrun for dataset_produces_2 to None, run_after=None
[2024-03-12T12:04:14.469+0000] {processor.py:183} INFO - Processing /home/airflow/.local/lib/python3.8/site-packages/airflow/example_dags/example_datasets.py took 0.292 seconds
[2024-03-12T12:04:44.834+0000] {processor.py:161} INFO - Started process (PID=3185) to work on /home/airflow/.local/lib/python3.8/site-packages/airflow/example_dags/example_datasets.py
[2024-03-12T12:04:44.846+0000] {processor.py:830} INFO - Processing file /home/airflow/.local/lib/python3.8/site-packages/airflow/example_dags/example_datasets.py for tasks to queue
[2024-03-12T12:04:44.848+0000] {logging_mixin.py:188} INFO - [2024-03-12T12:04:44.847+0000] {dagbag.py:540} INFO - Filling up the DagBag from /home/airflow/.local/lib/python3.8/site-packages/airflow/example_dags/example_datasets.py
[2024-03-12T12:04:44.857+0000] {processor.py:840} INFO - DAG(s) 'dataset_consumes_unknown_never_scheduled', 'dataset_consumes_1_never_scheduled', 'dataset_consumes_1', 'dataset_produces_1', 'dataset_produces_2', 'dataset_consumes_1_and_2' retrieved from /home/airflow/.local/lib/python3.8/site-packages/airflow/example_dags/example_datasets.py
[2024-03-12T12:04:45.052+0000] {logging_mixin.py:188} INFO - [2024-03-12T12:04:45.047+0000] {dag.py:3047} INFO - Sync 6 DAGs
[2024-03-12T12:04:45.107+0000] {logging_mixin.py:188} INFO - [2024-03-12T12:04:45.106+0000] {dag.py:3834} INFO - Setting next_dagrun for dataset_consumes_1 to None, run_after=None
[2024-03-12T12:04:45.112+0000] {logging_mixin.py:188} INFO - [2024-03-12T12:04:45.111+0000] {dag.py:3834} INFO - Setting next_dagrun for dataset_consumes_1_and_2 to None, run_after=None
[2024-03-12T12:04:45.113+0000] {logging_mixin.py:188} INFO - [2024-03-12T12:04:45.113+0000] {dag.py:3834} INFO - Setting next_dagrun for dataset_consumes_1_never_scheduled to None, run_after=None
[2024-03-12T12:04:45.114+0000] {logging_mixin.py:188} INFO - [2024-03-12T12:04:45.114+0000] {dag.py:3834} INFO - Setting next_dagrun for dataset_consumes_unknown_never_scheduled to None, run_after=None
[2024-03-12T12:04:45.117+0000] {logging_mixin.py:188} INFO - [2024-03-12T12:04:45.116+0000] {dag.py:3834} INFO - Setting next_dagrun for dataset_produces_1 to 2024-03-11 00:00:00+00:00, run_after=2024-03-12 00:00:00+00:00
[2024-03-12T12:04:45.118+0000] {logging_mixin.py:188} INFO - [2024-03-12T12:04:45.118+0000] {dag.py:3834} INFO - Setting next_dagrun for dataset_produces_2 to None, run_after=None
[2024-03-12T12:04:45.148+0000] {processor.py:183} INFO - Processing /home/airflow/.local/lib/python3.8/site-packages/airflow/example_dags/example_datasets.py took 0.320 seconds
[2024-03-12T12:05:15.518+0000] {processor.py:161} INFO - Started process (PID=3433) to work on /home/airflow/.local/lib/python3.8/site-packages/airflow/example_dags/example_datasets.py
[2024-03-12T12:05:15.519+0000] {processor.py:830} INFO - Processing file /home/airflow/.local/lib/python3.8/site-packages/airflow/example_dags/example_datasets.py for tasks to queue
[2024-03-12T12:05:15.520+0000] {logging_mixin.py:188} INFO - [2024-03-12T12:05:15.520+0000] {dagbag.py:540} INFO - Filling up the DagBag from /home/airflow/.local/lib/python3.8/site-packages/airflow/example_dags/example_datasets.py
[2024-03-12T12:05:15.532+0000] {processor.py:840} INFO - DAG(s) 'dataset_consumes_1', 'dataset_produces_2', 'dataset_consumes_1_and_2', 'dataset_consumes_unknown_never_scheduled', 'dataset_consumes_1_never_scheduled', 'dataset_produces_1' retrieved from /home/airflow/.local/lib/python3.8/site-packages/airflow/example_dags/example_datasets.py
[2024-03-12T12:05:15.558+0000] {logging_mixin.py:188} INFO - [2024-03-12T12:05:15.558+0000] {dag.py:3047} INFO - Sync 6 DAGs
[2024-03-12T12:05:15.571+0000] {logging_mixin.py:188} INFO - [2024-03-12T12:05:15.571+0000] {dag.py:3834} INFO - Setting next_dagrun for dataset_consumes_1 to None, run_after=None
[2024-03-12T12:05:15.573+0000] {logging_mixin.py:188} INFO - [2024-03-12T12:05:15.573+0000] {dag.py:3834} INFO - Setting next_dagrun for dataset_consumes_1_and_2 to None, run_after=None
[2024-03-12T12:05:15.574+0000] {logging_mixin.py:188} INFO - [2024-03-12T12:05:15.574+0000] {dag.py:3834} INFO - Setting next_dagrun for dataset_consumes_1_never_scheduled to None, run_after=None
[2024-03-12T12:05:15.575+0000] {logging_mixin.py:188} INFO - [2024-03-12T12:05:15.575+0000] {dag.py:3834} INFO - Setting next_dagrun for dataset_consumes_unknown_never_scheduled to None, run_after=None
[2024-03-12T12:05:15.577+0000] {logging_mixin.py:188} INFO - [2024-03-12T12:05:15.577+0000] {dag.py:3834} INFO - Setting next_dagrun for dataset_produces_1 to 2024-03-11 00:00:00+00:00, run_after=2024-03-12 00:00:00+00:00
[2024-03-12T12:05:15.578+0000] {logging_mixin.py:188} INFO - [2024-03-12T12:05:15.578+0000] {dag.py:3834} INFO - Setting next_dagrun for dataset_produces_2 to None, run_after=None
[2024-03-12T12:05:15.592+0000] {processor.py:183} INFO - Processing /home/airflow/.local/lib/python3.8/site-packages/airflow/example_dags/example_datasets.py took 0.077 seconds
[2024-03-12T12:05:45.958+0000] {processor.py:161} INFO - Started process (PID=3680) to work on /home/airflow/.local/lib/python3.8/site-packages/airflow/example_dags/example_datasets.py
[2024-03-12T12:05:45.960+0000] {processor.py:830} INFO - Processing file /home/airflow/.local/lib/python3.8/site-packages/airflow/example_dags/example_datasets.py for tasks to queue
[2024-03-12T12:05:45.961+0000] {logging_mixin.py:188} INFO - [2024-03-12T12:05:45.961+0000] {dagbag.py:540} INFO - Filling up the DagBag from /home/airflow/.local/lib/python3.8/site-packages/airflow/example_dags/example_datasets.py
[2024-03-12T12:05:45.970+0000] {processor.py:840} INFO - DAG(s) 'dataset_produces_1', 'dataset_consumes_1_never_scheduled', 'dataset_consumes_unknown_never_scheduled', 'dataset_consumes_1', 'dataset_consumes_1_and_2', 'dataset_produces_2' retrieved from /home/airflow/.local/lib/python3.8/site-packages/airflow/example_dags/example_datasets.py
[2024-03-12T12:05:45.996+0000] {logging_mixin.py:188} INFO - [2024-03-12T12:05:45.996+0000] {dag.py:3047} INFO - Sync 6 DAGs
[2024-03-12T12:05:46.013+0000] {logging_mixin.py:188} INFO - [2024-03-12T12:05:46.013+0000] {dag.py:3834} INFO - Setting next_dagrun for dataset_consumes_1 to None, run_after=None
[2024-03-12T12:05:46.016+0000] {logging_mixin.py:188} INFO - [2024-03-12T12:05:46.016+0000] {dag.py:3834} INFO - Setting next_dagrun for dataset_consumes_1_and_2 to None, run_after=None
[2024-03-12T12:05:46.017+0000] {logging_mixin.py:188} INFO - [2024-03-12T12:05:46.017+0000] {dag.py:3834} INFO - Setting next_dagrun for dataset_consumes_1_never_scheduled to None, run_after=None
[2024-03-12T12:05:46.018+0000] {logging_mixin.py:188} INFO - [2024-03-12T12:05:46.018+0000] {dag.py:3834} INFO - Setting next_dagrun for dataset_consumes_unknown_never_scheduled to None, run_after=None
[2024-03-12T12:05:46.020+0000] {logging_mixin.py:188} INFO - [2024-03-12T12:05:46.019+0000] {dag.py:3834} INFO - Setting next_dagrun for dataset_produces_1 to 2024-03-11 00:00:00+00:00, run_after=2024-03-12 00:00:00+00:00
[2024-03-12T12:05:46.021+0000] {logging_mixin.py:188} INFO - [2024-03-12T12:05:46.020+0000] {dag.py:3834} INFO - Setting next_dagrun for dataset_produces_2 to None, run_after=None
[2024-03-12T12:05:46.037+0000] {processor.py:183} INFO - Processing /home/airflow/.local/lib/python3.8/site-packages/airflow/example_dags/example_datasets.py took 0.082 seconds
[2024-03-12T12:06:17.230+0000] {processor.py:161} INFO - Started process (PID=3927) to work on /home/airflow/.local/lib/python3.8/site-packages/airflow/example_dags/example_datasets.py
[2024-03-12T12:06:17.236+0000] {processor.py:830} INFO - Processing file /home/airflow/.local/lib/python3.8/site-packages/airflow/example_dags/example_datasets.py for tasks to queue
[2024-03-12T12:06:17.243+0000] {logging_mixin.py:188} INFO - [2024-03-12T12:06:17.241+0000] {dagbag.py:540} INFO - Filling up the DagBag from /home/airflow/.local/lib/python3.8/site-packages/airflow/example_dags/example_datasets.py
[2024-03-12T12:06:17.285+0000] {processor.py:840} INFO - DAG(s) 'dataset_produces_2', 'dataset_consumes_1_never_scheduled', 'dataset_consumes_1', 'dataset_consumes_1_and_2', 'dataset_consumes_unknown_never_scheduled', 'dataset_produces_1' retrieved from /home/airflow/.local/lib/python3.8/site-packages/airflow/example_dags/example_datasets.py
[2024-03-12T12:06:17.732+0000] {logging_mixin.py:188} INFO - [2024-03-12T12:06:17.731+0000] {dag.py:3047} INFO - Sync 6 DAGs
[2024-03-12T12:06:17.771+0000] {logging_mixin.py:188} INFO - [2024-03-12T12:06:17.770+0000] {dag.py:3834} INFO - Setting next_dagrun for dataset_consumes_1 to None, run_after=None
[2024-03-12T12:06:17.776+0000] {logging_mixin.py:188} INFO - [2024-03-12T12:06:17.775+0000] {dag.py:3834} INFO - Setting next_dagrun for dataset_consumes_1_and_2 to None, run_after=None
[2024-03-12T12:06:17.782+0000] {logging_mixin.py:188} INFO - [2024-03-12T12:06:17.781+0000] {dag.py:3834} INFO - Setting next_dagrun for dataset_consumes_1_never_scheduled to None, run_after=None
[2024-03-12T12:06:17.788+0000] {logging_mixin.py:188} INFO - [2024-03-12T12:06:17.787+0000] {dag.py:3834} INFO - Setting next_dagrun for dataset_consumes_unknown_never_scheduled to None, run_after=None
[2024-03-12T12:06:17.819+0000] {logging_mixin.py:188} INFO - [2024-03-12T12:06:17.819+0000] {dag.py:3834} INFO - Setting next_dagrun for dataset_produces_1 to 2024-03-11 00:00:00+00:00, run_after=2024-03-12 00:00:00+00:00
[2024-03-12T12:06:17.823+0000] {logging_mixin.py:188} INFO - [2024-03-12T12:06:17.823+0000] {dag.py:3834} INFO - Setting next_dagrun for dataset_produces_2 to None, run_after=None
[2024-03-12T12:06:17.869+0000] {processor.py:183} INFO - Processing /home/airflow/.local/lib/python3.8/site-packages/airflow/example_dags/example_datasets.py took 0.646 seconds
[2024-03-12T12:06:48.179+0000] {processor.py:161} INFO - Started process (PID=4179) to work on /home/airflow/.local/lib/python3.8/site-packages/airflow/example_dags/example_datasets.py
[2024-03-12T12:06:48.189+0000] {processor.py:830} INFO - Processing file /home/airflow/.local/lib/python3.8/site-packages/airflow/example_dags/example_datasets.py for tasks to queue
[2024-03-12T12:06:48.192+0000] {logging_mixin.py:188} INFO - [2024-03-12T12:06:48.192+0000] {dagbag.py:540} INFO - Filling up the DagBag from /home/airflow/.local/lib/python3.8/site-packages/airflow/example_dags/example_datasets.py
[2024-03-12T12:06:48.217+0000] {processor.py:840} INFO - DAG(s) 'dataset_consumes_unknown_never_scheduled', 'dataset_produces_2', 'dataset_consumes_1', 'dataset_consumes_1_and_2', 'dataset_consumes_1_never_scheduled', 'dataset_produces_1' retrieved from /home/airflow/.local/lib/python3.8/site-packages/airflow/example_dags/example_datasets.py
[2024-03-12T12:06:48.251+0000] {logging_mixin.py:188} INFO - [2024-03-12T12:06:48.250+0000] {dag.py:3047} INFO - Sync 6 DAGs
[2024-03-12T12:06:48.269+0000] {logging_mixin.py:188} INFO - [2024-03-12T12:06:48.269+0000] {dag.py:3834} INFO - Setting next_dagrun for dataset_consumes_1 to None, run_after=None
[2024-03-12T12:06:48.273+0000] {logging_mixin.py:188} INFO - [2024-03-12T12:06:48.273+0000] {dag.py:3834} INFO - Setting next_dagrun for dataset_consumes_1_and_2 to None, run_after=None
[2024-03-12T12:06:48.274+0000] {logging_mixin.py:188} INFO - [2024-03-12T12:06:48.274+0000] {dag.py:3834} INFO - Setting next_dagrun for dataset_consumes_1_never_scheduled to None, run_after=None
[2024-03-12T12:06:48.275+0000] {logging_mixin.py:188} INFO - [2024-03-12T12:06:48.275+0000] {dag.py:3834} INFO - Setting next_dagrun for dataset_consumes_unknown_never_scheduled to None, run_after=None
[2024-03-12T12:06:48.277+0000] {logging_mixin.py:188} INFO - [2024-03-12T12:06:48.277+0000] {dag.py:3834} INFO - Setting next_dagrun for dataset_produces_1 to 2024-03-11 00:00:00+00:00, run_after=2024-03-12 00:00:00+00:00
[2024-03-12T12:06:48.281+0000] {logging_mixin.py:188} INFO - [2024-03-12T12:06:48.281+0000] {dag.py:3834} INFO - Setting next_dagrun for dataset_produces_2 to None, run_after=None
[2024-03-12T12:06:48.315+0000] {processor.py:183} INFO - Processing /home/airflow/.local/lib/python3.8/site-packages/airflow/example_dags/example_datasets.py took 0.145 seconds
[2024-03-12T12:07:18.817+0000] {processor.py:161} INFO - Started process (PID=4421) to work on /home/airflow/.local/lib/python3.8/site-packages/airflow/example_dags/example_datasets.py
[2024-03-12T12:07:18.819+0000] {processor.py:830} INFO - Processing file /home/airflow/.local/lib/python3.8/site-packages/airflow/example_dags/example_datasets.py for tasks to queue
[2024-03-12T12:07:18.820+0000] {logging_mixin.py:188} INFO - [2024-03-12T12:07:18.819+0000] {dagbag.py:540} INFO - Filling up the DagBag from /home/airflow/.local/lib/python3.8/site-packages/airflow/example_dags/example_datasets.py
[2024-03-12T12:07:18.831+0000] {processor.py:840} INFO - DAG(s) 'dataset_consumes_1', 'dataset_consumes_1_and_2', 'dataset_consumes_unknown_never_scheduled', 'dataset_produces_1', 'dataset_produces_2', 'dataset_consumes_1_never_scheduled' retrieved from /home/airflow/.local/lib/python3.8/site-packages/airflow/example_dags/example_datasets.py
[2024-03-12T12:07:18.858+0000] {logging_mixin.py:188} INFO - [2024-03-12T12:07:18.858+0000] {dag.py:3047} INFO - Sync 6 DAGs
[2024-03-12T12:07:18.876+0000] {logging_mixin.py:188} INFO - [2024-03-12T12:07:18.875+0000] {dag.py:3834} INFO - Setting next_dagrun for dataset_consumes_1 to None, run_after=None
[2024-03-12T12:07:18.879+0000] {logging_mixin.py:188} INFO - [2024-03-12T12:07:18.879+0000] {dag.py:3834} INFO - Setting next_dagrun for dataset_consumes_1_and_2 to None, run_after=None
[2024-03-12T12:07:18.881+0000] {logging_mixin.py:188} INFO - [2024-03-12T12:07:18.881+0000] {dag.py:3834} INFO - Setting next_dagrun for dataset_consumes_1_never_scheduled to None, run_after=None
[2024-03-12T12:07:18.882+0000] {logging_mixin.py:188} INFO - [2024-03-12T12:07:18.882+0000] {dag.py:3834} INFO - Setting next_dagrun for dataset_consumes_unknown_never_scheduled to None, run_after=None
[2024-03-12T12:07:18.886+0000] {logging_mixin.py:188} INFO - [2024-03-12T12:07:18.885+0000] {dag.py:3834} INFO - Setting next_dagrun for dataset_produces_1 to 2024-03-11 00:00:00+00:00, run_after=2024-03-12 00:00:00+00:00
[2024-03-12T12:07:18.888+0000] {logging_mixin.py:188} INFO - [2024-03-12T12:07:18.888+0000] {dag.py:3834} INFO - Setting next_dagrun for dataset_produces_2 to None, run_after=None
[2024-03-12T12:07:18.925+0000] {processor.py:183} INFO - Processing /home/airflow/.local/lib/python3.8/site-packages/airflow/example_dags/example_datasets.py took 0.112 seconds
[2024-03-12T12:07:49.360+0000] {processor.py:161} INFO - Started process (PID=4668) to work on /home/airflow/.local/lib/python3.8/site-packages/airflow/example_dags/example_datasets.py
[2024-03-12T12:07:49.364+0000] {processor.py:830} INFO - Processing file /home/airflow/.local/lib/python3.8/site-packages/airflow/example_dags/example_datasets.py for tasks to queue
[2024-03-12T12:07:49.365+0000] {logging_mixin.py:188} INFO - [2024-03-12T12:07:49.365+0000] {dagbag.py:540} INFO - Filling up the DagBag from /home/airflow/.local/lib/python3.8/site-packages/airflow/example_dags/example_datasets.py
[2024-03-12T12:07:49.372+0000] {processor.py:840} INFO - DAG(s) 'dataset_consumes_1_and_2', 'dataset_produces_1', 'dataset_consumes_1_never_scheduled', 'dataset_consumes_1', 'dataset_consumes_unknown_never_scheduled', 'dataset_produces_2' retrieved from /home/airflow/.local/lib/python3.8/site-packages/airflow/example_dags/example_datasets.py
[2024-03-12T12:07:49.396+0000] {logging_mixin.py:188} INFO - [2024-03-12T12:07:49.396+0000] {dag.py:3047} INFO - Sync 6 DAGs
[2024-03-12T12:07:49.409+0000] {logging_mixin.py:188} INFO - [2024-03-12T12:07:49.409+0000] {dag.py:3834} INFO - Setting next_dagrun for dataset_consumes_1 to None, run_after=None
[2024-03-12T12:07:49.412+0000] {logging_mixin.py:188} INFO - [2024-03-12T12:07:49.412+0000] {dag.py:3834} INFO - Setting next_dagrun for dataset_consumes_1_and_2 to None, run_after=None
[2024-03-12T12:07:49.413+0000] {logging_mixin.py:188} INFO - [2024-03-12T12:07:49.413+0000] {dag.py:3834} INFO - Setting next_dagrun for dataset_consumes_1_never_scheduled to None, run_after=None
[2024-03-12T12:07:49.414+0000] {logging_mixin.py:188} INFO - [2024-03-12T12:07:49.414+0000] {dag.py:3834} INFO - Setting next_dagrun for dataset_consumes_unknown_never_scheduled to None, run_after=None
[2024-03-12T12:07:49.415+0000] {logging_mixin.py:188} INFO - [2024-03-12T12:07:49.415+0000] {dag.py:3834} INFO - Setting next_dagrun for dataset_produces_1 to 2024-03-11 00:00:00+00:00, run_after=2024-03-12 00:00:00+00:00
[2024-03-12T12:07:49.416+0000] {logging_mixin.py:188} INFO - [2024-03-12T12:07:49.416+0000] {dag.py:3834} INFO - Setting next_dagrun for dataset_produces_2 to None, run_after=None
[2024-03-12T12:07:49.436+0000] {processor.py:183} INFO - Processing /home/airflow/.local/lib/python3.8/site-packages/airflow/example_dags/example_datasets.py took 0.080 seconds
[2024-03-12T12:08:19.736+0000] {processor.py:161} INFO - Started process (PID=4915) to work on /home/airflow/.local/lib/python3.8/site-packages/airflow/example_dags/example_datasets.py
[2024-03-12T12:08:19.737+0000] {processor.py:830} INFO - Processing file /home/airflow/.local/lib/python3.8/site-packages/airflow/example_dags/example_datasets.py for tasks to queue
[2024-03-12T12:08:19.738+0000] {logging_mixin.py:188} INFO - [2024-03-12T12:08:19.738+0000] {dagbag.py:540} INFO - Filling up the DagBag from /home/airflow/.local/lib/python3.8/site-packages/airflow/example_dags/example_datasets.py
[2024-03-12T12:08:19.746+0000] {processor.py:840} INFO - DAG(s) 'dataset_consumes_1', 'dataset_consumes_unknown_never_scheduled', 'dataset_consumes_1_and_2', 'dataset_produces_1', 'dataset_produces_2', 'dataset_consumes_1_never_scheduled' retrieved from /home/airflow/.local/lib/python3.8/site-packages/airflow/example_dags/example_datasets.py
[2024-03-12T12:08:19.773+0000] {logging_mixin.py:188} INFO - [2024-03-12T12:08:19.773+0000] {dag.py:3047} INFO - Sync 6 DAGs
[2024-03-12T12:08:19.788+0000] {logging_mixin.py:188} INFO - [2024-03-12T12:08:19.788+0000] {dag.py:3834} INFO - Setting next_dagrun for dataset_consumes_1 to None, run_after=None
[2024-03-12T12:08:19.791+0000] {logging_mixin.py:188} INFO - [2024-03-12T12:08:19.791+0000] {dag.py:3834} INFO - Setting next_dagrun for dataset_consumes_1_and_2 to None, run_after=None
[2024-03-12T12:08:19.792+0000] {logging_mixin.py:188} INFO - [2024-03-12T12:08:19.792+0000] {dag.py:3834} INFO - Setting next_dagrun for dataset_consumes_1_never_scheduled to None, run_after=None
[2024-03-12T12:08:19.793+0000] {logging_mixin.py:188} INFO - [2024-03-12T12:08:19.793+0000] {dag.py:3834} INFO - Setting next_dagrun for dataset_consumes_unknown_never_scheduled to None, run_after=None
[2024-03-12T12:08:19.795+0000] {logging_mixin.py:188} INFO - [2024-03-12T12:08:19.795+0000] {dag.py:3834} INFO - Setting next_dagrun for dataset_produces_1 to 2024-03-11 00:00:00+00:00, run_after=2024-03-12 00:00:00+00:00
[2024-03-12T12:08:19.797+0000] {logging_mixin.py:188} INFO - [2024-03-12T12:08:19.797+0000] {dag.py:3834} INFO - Setting next_dagrun for dataset_produces_2 to None, run_after=None
[2024-03-12T12:08:19.813+0000] {processor.py:183} INFO - Processing /home/airflow/.local/lib/python3.8/site-packages/airflow/example_dags/example_datasets.py took 0.081 seconds
[2024-03-12T12:08:50.292+0000] {processor.py:161} INFO - Started process (PID=5162) to work on /home/airflow/.local/lib/python3.8/site-packages/airflow/example_dags/example_datasets.py
[2024-03-12T12:08:50.294+0000] {processor.py:830} INFO - Processing file /home/airflow/.local/lib/python3.8/site-packages/airflow/example_dags/example_datasets.py for tasks to queue
[2024-03-12T12:08:50.295+0000] {logging_mixin.py:188} INFO - [2024-03-12T12:08:50.294+0000] {dagbag.py:540} INFO - Filling up the DagBag from /home/airflow/.local/lib/python3.8/site-packages/airflow/example_dags/example_datasets.py
[2024-03-12T12:08:50.302+0000] {processor.py:840} INFO - DAG(s) 'dataset_consumes_1_never_scheduled', 'dataset_consumes_unknown_never_scheduled', 'dataset_produces_1', 'dataset_consumes_1_and_2', 'dataset_consumes_1', 'dataset_produces_2' retrieved from /home/airflow/.local/lib/python3.8/site-packages/airflow/example_dags/example_datasets.py
[2024-03-12T12:08:50.328+0000] {logging_mixin.py:188} INFO - [2024-03-12T12:08:50.328+0000] {dag.py:3047} INFO - Sync 6 DAGs
[2024-03-12T12:08:50.344+0000] {logging_mixin.py:188} INFO - [2024-03-12T12:08:50.344+0000] {dag.py:3834} INFO - Setting next_dagrun for dataset_consumes_1 to None, run_after=None
[2024-03-12T12:08:50.350+0000] {logging_mixin.py:188} INFO - [2024-03-12T12:08:50.349+0000] {dag.py:3834} INFO - Setting next_dagrun for dataset_consumes_1_and_2 to None, run_after=None
[2024-03-12T12:08:50.354+0000] {logging_mixin.py:188} INFO - [2024-03-12T12:08:50.353+0000] {dag.py:3834} INFO - Setting next_dagrun for dataset_consumes_1_never_scheduled to None, run_after=None
[2024-03-12T12:08:50.358+0000] {logging_mixin.py:188} INFO - [2024-03-12T12:08:50.357+0000] {dag.py:3834} INFO - Setting next_dagrun for dataset_consumes_unknown_never_scheduled to None, run_after=None
[2024-03-12T12:08:50.362+0000] {logging_mixin.py:188} INFO - [2024-03-12T12:08:50.362+0000] {dag.py:3834} INFO - Setting next_dagrun for dataset_produces_1 to 2024-03-11 00:00:00+00:00, run_after=2024-03-12 00:00:00+00:00
[2024-03-12T12:08:50.364+0000] {logging_mixin.py:188} INFO - [2024-03-12T12:08:50.364+0000] {dag.py:3834} INFO - Setting next_dagrun for dataset_produces_2 to None, run_after=None
[2024-03-12T12:08:50.382+0000] {processor.py:183} INFO - Processing /home/airflow/.local/lib/python3.8/site-packages/airflow/example_dags/example_datasets.py took 0.093 seconds
[2024-03-12T12:09:20.940+0000] {processor.py:161} INFO - Started process (PID=5409) to work on /home/airflow/.local/lib/python3.8/site-packages/airflow/example_dags/example_datasets.py
[2024-03-12T12:09:20.941+0000] {processor.py:830} INFO - Processing file /home/airflow/.local/lib/python3.8/site-packages/airflow/example_dags/example_datasets.py for tasks to queue
[2024-03-12T12:09:20.942+0000] {logging_mixin.py:188} INFO - [2024-03-12T12:09:20.942+0000] {dagbag.py:540} INFO - Filling up the DagBag from /home/airflow/.local/lib/python3.8/site-packages/airflow/example_dags/example_datasets.py
[2024-03-12T12:09:20.949+0000] {processor.py:840} INFO - DAG(s) 'dataset_consumes_1', 'dataset_consumes_1_never_scheduled', 'dataset_consumes_1_and_2', 'dataset_produces_2', 'dataset_consumes_unknown_never_scheduled', 'dataset_produces_1' retrieved from /home/airflow/.local/lib/python3.8/site-packages/airflow/example_dags/example_datasets.py
[2024-03-12T12:09:20.979+0000] {logging_mixin.py:188} INFO - [2024-03-12T12:09:20.979+0000] {dag.py:3047} INFO - Sync 6 DAGs
[2024-03-12T12:09:20.994+0000] {logging_mixin.py:188} INFO - [2024-03-12T12:09:20.993+0000] {dag.py:3834} INFO - Setting next_dagrun for dataset_consumes_1 to None, run_after=None
[2024-03-12T12:09:20.996+0000] {logging_mixin.py:188} INFO - [2024-03-12T12:09:20.996+0000] {dag.py:3834} INFO - Setting next_dagrun for dataset_consumes_1_and_2 to None, run_after=None
[2024-03-12T12:09:20.997+0000] {logging_mixin.py:188} INFO - [2024-03-12T12:09:20.997+0000] {dag.py:3834} INFO - Setting next_dagrun for dataset_consumes_1_never_scheduled to None, run_after=None
[2024-03-12T12:09:20.998+0000] {logging_mixin.py:188} INFO - [2024-03-12T12:09:20.998+0000] {dag.py:3834} INFO - Setting next_dagrun for dataset_consumes_unknown_never_scheduled to None, run_after=None
[2024-03-12T12:09:21.000+0000] {logging_mixin.py:188} INFO - [2024-03-12T12:09:21.000+0000] {dag.py:3834} INFO - Setting next_dagrun for dataset_produces_1 to 2024-03-11 00:00:00+00:00, run_after=2024-03-12 00:00:00+00:00
[2024-03-12T12:09:21.002+0000] {logging_mixin.py:188} INFO - [2024-03-12T12:09:21.002+0000] {dag.py:3834} INFO - Setting next_dagrun for dataset_produces_2 to None, run_after=None
[2024-03-12T12:09:21.021+0000] {processor.py:183} INFO - Processing /home/airflow/.local/lib/python3.8/site-packages/airflow/example_dags/example_datasets.py took 0.085 seconds
[2024-03-12T12:09:51.486+0000] {processor.py:161} INFO - Started process (PID=5656) to work on /home/airflow/.local/lib/python3.8/site-packages/airflow/example_dags/example_datasets.py
[2024-03-12T12:09:51.487+0000] {processor.py:830} INFO - Processing file /home/airflow/.local/lib/python3.8/site-packages/airflow/example_dags/example_datasets.py for tasks to queue
[2024-03-12T12:09:51.488+0000] {logging_mixin.py:188} INFO - [2024-03-12T12:09:51.487+0000] {dagbag.py:540} INFO - Filling up the DagBag from /home/airflow/.local/lib/python3.8/site-packages/airflow/example_dags/example_datasets.py
[2024-03-12T12:09:51.494+0000] {processor.py:840} INFO - DAG(s) 'dataset_consumes_1_never_scheduled', 'dataset_consumes_1', 'dataset_produces_1', 'dataset_produces_2', 'dataset_consumes_1_and_2', 'dataset_consumes_unknown_never_scheduled' retrieved from /home/airflow/.local/lib/python3.8/site-packages/airflow/example_dags/example_datasets.py
[2024-03-12T12:09:51.516+0000] {logging_mixin.py:188} INFO - [2024-03-12T12:09:51.515+0000] {dag.py:3047} INFO - Sync 6 DAGs
[2024-03-12T12:09:51.527+0000] {logging_mixin.py:188} INFO - [2024-03-12T12:09:51.527+0000] {dag.py:3834} INFO - Setting next_dagrun for dataset_consumes_1 to None, run_after=None
[2024-03-12T12:09:51.530+0000] {logging_mixin.py:188} INFO - [2024-03-12T12:09:51.530+0000] {dag.py:3834} INFO - Setting next_dagrun for dataset_consumes_1_and_2 to None, run_after=None
[2024-03-12T12:09:51.531+0000] {logging_mixin.py:188} INFO - [2024-03-12T12:09:51.531+0000] {dag.py:3834} INFO - Setting next_dagrun for dataset_consumes_1_never_scheduled to None, run_after=None
[2024-03-12T12:09:51.532+0000] {logging_mixin.py:188} INFO - [2024-03-12T12:09:51.532+0000] {dag.py:3834} INFO - Setting next_dagrun for dataset_consumes_unknown_never_scheduled to None, run_after=None
[2024-03-12T12:09:51.533+0000] {logging_mixin.py:188} INFO - [2024-03-12T12:09:51.533+0000] {dag.py:3834} INFO - Setting next_dagrun for dataset_produces_1 to 2024-03-11 00:00:00+00:00, run_after=2024-03-12 00:00:00+00:00
[2024-03-12T12:09:51.534+0000] {logging_mixin.py:188} INFO - [2024-03-12T12:09:51.534+0000] {dag.py:3834} INFO - Setting next_dagrun for dataset_produces_2 to None, run_after=None
[2024-03-12T12:09:51.549+0000] {processor.py:183} INFO - Processing /home/airflow/.local/lib/python3.8/site-packages/airflow/example_dags/example_datasets.py took 0.066 seconds
[2024-03-12T12:10:21.763+0000] {processor.py:161} INFO - Started process (PID=5903) to work on /home/airflow/.local/lib/python3.8/site-packages/airflow/example_dags/example_datasets.py
[2024-03-12T12:10:21.765+0000] {processor.py:830} INFO - Processing file /home/airflow/.local/lib/python3.8/site-packages/airflow/example_dags/example_datasets.py for tasks to queue
[2024-03-12T12:10:21.766+0000] {logging_mixin.py:188} INFO - [2024-03-12T12:10:21.766+0000] {dagbag.py:540} INFO - Filling up the DagBag from /home/airflow/.local/lib/python3.8/site-packages/airflow/example_dags/example_datasets.py
[2024-03-12T12:10:21.774+0000] {processor.py:840} INFO - DAG(s) 'dataset_produces_2', 'dataset_consumes_1_and_2', 'dataset_consumes_1_never_scheduled', 'dataset_consumes_1', 'dataset_produces_1', 'dataset_consumes_unknown_never_scheduled' retrieved from /home/airflow/.local/lib/python3.8/site-packages/airflow/example_dags/example_datasets.py
[2024-03-12T12:10:21.802+0000] {logging_mixin.py:188} INFO - [2024-03-12T12:10:21.802+0000] {dag.py:3047} INFO - Sync 6 DAGs
[2024-03-12T12:10:21.815+0000] {logging_mixin.py:188} INFO - [2024-03-12T12:10:21.815+0000] {dag.py:3834} INFO - Setting next_dagrun for dataset_consumes_1 to None, run_after=None
[2024-03-12T12:10:21.817+0000] {logging_mixin.py:188} INFO - [2024-03-12T12:10:21.817+0000] {dag.py:3834} INFO - Setting next_dagrun for dataset_consumes_1_and_2 to None, run_after=None
[2024-03-12T12:10:21.818+0000] {logging_mixin.py:188} INFO - [2024-03-12T12:10:21.818+0000] {dag.py:3834} INFO - Setting next_dagrun for dataset_consumes_1_never_scheduled to None, run_after=None
[2024-03-12T12:10:21.819+0000] {logging_mixin.py:188} INFO - [2024-03-12T12:10:21.819+0000] {dag.py:3834} INFO - Setting next_dagrun for dataset_consumes_unknown_never_scheduled to None, run_after=None
[2024-03-12T12:10:21.821+0000] {logging_mixin.py:188} INFO - [2024-03-12T12:10:21.821+0000] {dag.py:3834} INFO - Setting next_dagrun for dataset_produces_1 to 2024-03-11 00:00:00+00:00, run_after=2024-03-12 00:00:00+00:00
[2024-03-12T12:10:21.822+0000] {logging_mixin.py:188} INFO - [2024-03-12T12:10:21.822+0000] {dag.py:3834} INFO - Setting next_dagrun for dataset_produces_2 to None, run_after=None
[2024-03-12T12:10:21.837+0000] {processor.py:183} INFO - Processing /home/airflow/.local/lib/python3.8/site-packages/airflow/example_dags/example_datasets.py took 0.078 seconds
[2024-03-12T12:10:52.172+0000] {processor.py:161} INFO - Started process (PID=6150) to work on /home/airflow/.local/lib/python3.8/site-packages/airflow/example_dags/example_datasets.py
[2024-03-12T12:10:52.174+0000] {processor.py:830} INFO - Processing file /home/airflow/.local/lib/python3.8/site-packages/airflow/example_dags/example_datasets.py for tasks to queue
[2024-03-12T12:10:52.175+0000] {logging_mixin.py:188} INFO - [2024-03-12T12:10:52.174+0000] {dagbag.py:540} INFO - Filling up the DagBag from /home/airflow/.local/lib/python3.8/site-packages/airflow/example_dags/example_datasets.py
[2024-03-12T12:10:52.182+0000] {processor.py:840} INFO - DAG(s) 'dataset_consumes_1', 'dataset_consumes_1_and_2', 'dataset_consumes_unknown_never_scheduled', 'dataset_consumes_1_never_scheduled', 'dataset_produces_2', 'dataset_produces_1' retrieved from /home/airflow/.local/lib/python3.8/site-packages/airflow/example_dags/example_datasets.py
[2024-03-12T12:10:52.204+0000] {logging_mixin.py:188} INFO - [2024-03-12T12:10:52.204+0000] {dag.py:3047} INFO - Sync 6 DAGs
[2024-03-12T12:10:52.220+0000] {logging_mixin.py:188} INFO - [2024-03-12T12:10:52.219+0000] {dag.py:3834} INFO - Setting next_dagrun for dataset_consumes_1 to None, run_after=None
[2024-03-12T12:10:52.222+0000] {logging_mixin.py:188} INFO - [2024-03-12T12:10:52.222+0000] {dag.py:3834} INFO - Setting next_dagrun for dataset_consumes_1_and_2 to None, run_after=None
[2024-03-12T12:10:52.223+0000] {logging_mixin.py:188} INFO - [2024-03-12T12:10:52.223+0000] {dag.py:3834} INFO - Setting next_dagrun for dataset_consumes_1_never_scheduled to None, run_after=None
[2024-03-12T12:10:52.224+0000] {logging_mixin.py:188} INFO - [2024-03-12T12:10:52.224+0000] {dag.py:3834} INFO - Setting next_dagrun for dataset_consumes_unknown_never_scheduled to None, run_after=None
[2024-03-12T12:10:52.226+0000] {logging_mixin.py:188} INFO - [2024-03-12T12:10:52.226+0000] {dag.py:3834} INFO - Setting next_dagrun for dataset_produces_1 to 2024-03-11 00:00:00+00:00, run_after=2024-03-12 00:00:00+00:00
[2024-03-12T12:10:52.230+0000] {logging_mixin.py:188} INFO - [2024-03-12T12:10:52.230+0000] {dag.py:3834} INFO - Setting next_dagrun for dataset_produces_2 to None, run_after=None
[2024-03-12T12:10:52.247+0000] {processor.py:183} INFO - Processing /home/airflow/.local/lib/python3.8/site-packages/airflow/example_dags/example_datasets.py took 0.077 seconds
