[2024-03-12T11:50:04.143+0000] {processor.py:161} INFO - Started process (PID=199) to work on /home/airflow/.local/lib/python3.8/site-packages/airflow/example_dags/example_branch_operator.py
[2024-03-12T11:50:04.144+0000] {processor.py:830} INFO - Processing file /home/airflow/.local/lib/python3.8/site-packages/airflow/example_dags/example_branch_operator.py for tasks to queue
[2024-03-12T11:50:04.145+0000] {logging_mixin.py:188} INFO - [2024-03-12T11:50:04.145+0000] {dagbag.py:540} INFO - Filling up the DagBag from /home/airflow/.local/lib/python3.8/site-packages/airflow/example_dags/example_branch_operator.py
[2024-03-12T11:50:04.160+0000] {processor.py:840} INFO - DAG(s) 'example_branch_operator' retrieved from /home/airflow/.local/lib/python3.8/site-packages/airflow/example_dags/example_branch_operator.py
[2024-03-12T11:50:04.241+0000] {logging_mixin.py:188} INFO - [2024-03-12T11:50:04.241+0000] {dag.py:3047} INFO - Sync 1 DAGs
[2024-03-12T11:50:04.264+0000] {logging_mixin.py:188} INFO - [2024-03-12T11:50:04.264+0000] {dag.py:3834} INFO - Setting next_dagrun for example_branch_operator to 2024-03-11 00:00:00+00:00, run_after=2024-03-12 00:00:00+00:00
[2024-03-12T11:50:04.300+0000] {processor.py:183} INFO - Processing /home/airflow/.local/lib/python3.8/site-packages/airflow/example_dags/example_branch_operator.py took 0.161 seconds
[2024-03-12T11:50:34.537+0000] {processor.py:161} INFO - Started process (PID=446) to work on /home/airflow/.local/lib/python3.8/site-packages/airflow/example_dags/example_branch_operator.py
[2024-03-12T11:50:34.538+0000] {processor.py:830} INFO - Processing file /home/airflow/.local/lib/python3.8/site-packages/airflow/example_dags/example_branch_operator.py for tasks to queue
[2024-03-12T11:50:34.539+0000] {logging_mixin.py:188} INFO - [2024-03-12T11:50:34.539+0000] {dagbag.py:540} INFO - Filling up the DagBag from /home/airflow/.local/lib/python3.8/site-packages/airflow/example_dags/example_branch_operator.py
[2024-03-12T11:50:34.550+0000] {processor.py:840} INFO - DAG(s) 'example_branch_operator' retrieved from /home/airflow/.local/lib/python3.8/site-packages/airflow/example_dags/example_branch_operator.py
[2024-03-12T11:50:34.570+0000] {logging_mixin.py:188} INFO - [2024-03-12T11:50:34.570+0000] {dag.py:3047} INFO - Sync 1 DAGs
[2024-03-12T11:50:34.584+0000] {logging_mixin.py:188} INFO - [2024-03-12T11:50:34.584+0000] {dag.py:3834} INFO - Setting next_dagrun for example_branch_operator to 2024-03-11 00:00:00+00:00, run_after=2024-03-12 00:00:00+00:00
[2024-03-12T11:50:34.595+0000] {processor.py:183} INFO - Processing /home/airflow/.local/lib/python3.8/site-packages/airflow/example_dags/example_branch_operator.py took 0.062 seconds
[2024-03-12T11:51:05.023+0000] {processor.py:161} INFO - Started process (PID=693) to work on /home/airflow/.local/lib/python3.8/site-packages/airflow/example_dags/example_branch_operator.py
[2024-03-12T11:51:05.024+0000] {processor.py:830} INFO - Processing file /home/airflow/.local/lib/python3.8/site-packages/airflow/example_dags/example_branch_operator.py for tasks to queue
[2024-03-12T11:51:05.025+0000] {logging_mixin.py:188} INFO - [2024-03-12T11:51:05.025+0000] {dagbag.py:540} INFO - Filling up the DagBag from /home/airflow/.local/lib/python3.8/site-packages/airflow/example_dags/example_branch_operator.py
[2024-03-12T11:51:05.037+0000] {processor.py:840} INFO - DAG(s) 'example_branch_operator' retrieved from /home/airflow/.local/lib/python3.8/site-packages/airflow/example_dags/example_branch_operator.py
[2024-03-12T11:51:05.057+0000] {logging_mixin.py:188} INFO - [2024-03-12T11:51:05.057+0000] {dag.py:3047} INFO - Sync 1 DAGs
[2024-03-12T11:51:05.072+0000] {logging_mixin.py:188} INFO - [2024-03-12T11:51:05.072+0000] {dag.py:3834} INFO - Setting next_dagrun for example_branch_operator to 2024-03-11 00:00:00+00:00, run_after=2024-03-12 00:00:00+00:00
[2024-03-12T11:51:05.083+0000] {processor.py:183} INFO - Processing /home/airflow/.local/lib/python3.8/site-packages/airflow/example_dags/example_branch_operator.py took 0.063 seconds
[2024-03-12T11:51:35.602+0000] {processor.py:161} INFO - Started process (PID=940) to work on /home/airflow/.local/lib/python3.8/site-packages/airflow/example_dags/example_branch_operator.py
[2024-03-12T11:51:35.604+0000] {processor.py:830} INFO - Processing file /home/airflow/.local/lib/python3.8/site-packages/airflow/example_dags/example_branch_operator.py for tasks to queue
[2024-03-12T11:51:35.605+0000] {logging_mixin.py:188} INFO - [2024-03-12T11:51:35.604+0000] {dagbag.py:540} INFO - Filling up the DagBag from /home/airflow/.local/lib/python3.8/site-packages/airflow/example_dags/example_branch_operator.py
[2024-03-12T11:51:35.616+0000] {processor.py:840} INFO - DAG(s) 'example_branch_operator' retrieved from /home/airflow/.local/lib/python3.8/site-packages/airflow/example_dags/example_branch_operator.py
[2024-03-12T11:51:35.636+0000] {logging_mixin.py:188} INFO - [2024-03-12T11:51:35.636+0000] {dag.py:3047} INFO - Sync 1 DAGs
[2024-03-12T11:51:35.650+0000] {logging_mixin.py:188} INFO - [2024-03-12T11:51:35.650+0000] {dag.py:3834} INFO - Setting next_dagrun for example_branch_operator to 2024-03-11 00:00:00+00:00, run_after=2024-03-12 00:00:00+00:00
[2024-03-12T11:51:35.661+0000] {processor.py:183} INFO - Processing /home/airflow/.local/lib/python3.8/site-packages/airflow/example_dags/example_branch_operator.py took 0.062 seconds
[2024-03-12T11:52:06.071+0000] {processor.py:161} INFO - Started process (PID=1187) to work on /home/airflow/.local/lib/python3.8/site-packages/airflow/example_dags/example_branch_operator.py
[2024-03-12T11:52:06.073+0000] {processor.py:830} INFO - Processing file /home/airflow/.local/lib/python3.8/site-packages/airflow/example_dags/example_branch_operator.py for tasks to queue
[2024-03-12T11:52:06.074+0000] {logging_mixin.py:188} INFO - [2024-03-12T11:52:06.073+0000] {dagbag.py:540} INFO - Filling up the DagBag from /home/airflow/.local/lib/python3.8/site-packages/airflow/example_dags/example_branch_operator.py
[2024-03-12T11:52:06.085+0000] {processor.py:840} INFO - DAG(s) 'example_branch_operator' retrieved from /home/airflow/.local/lib/python3.8/site-packages/airflow/example_dags/example_branch_operator.py
[2024-03-12T11:52:06.105+0000] {logging_mixin.py:188} INFO - [2024-03-12T11:52:06.105+0000] {dag.py:3047} INFO - Sync 1 DAGs
[2024-03-12T11:52:06.122+0000] {logging_mixin.py:188} INFO - [2024-03-12T11:52:06.121+0000] {dag.py:3834} INFO - Setting next_dagrun for example_branch_operator to 2024-03-11 00:00:00+00:00, run_after=2024-03-12 00:00:00+00:00
[2024-03-12T11:52:06.135+0000] {processor.py:183} INFO - Processing /home/airflow/.local/lib/python3.8/site-packages/airflow/example_dags/example_branch_operator.py took 0.066 seconds
[2024-03-12T11:52:36.968+0000] {processor.py:161} INFO - Started process (PID=1434) to work on /home/airflow/.local/lib/python3.8/site-packages/airflow/example_dags/example_branch_operator.py
[2024-03-12T11:52:36.969+0000] {processor.py:830} INFO - Processing file /home/airflow/.local/lib/python3.8/site-packages/airflow/example_dags/example_branch_operator.py for tasks to queue
[2024-03-12T11:52:36.970+0000] {logging_mixin.py:188} INFO - [2024-03-12T11:52:36.970+0000] {dagbag.py:540} INFO - Filling up the DagBag from /home/airflow/.local/lib/python3.8/site-packages/airflow/example_dags/example_branch_operator.py
[2024-03-12T11:52:36.983+0000] {processor.py:840} INFO - DAG(s) 'example_branch_operator' retrieved from /home/airflow/.local/lib/python3.8/site-packages/airflow/example_dags/example_branch_operator.py
[2024-03-12T11:52:37.003+0000] {logging_mixin.py:188} INFO - [2024-03-12T11:52:37.003+0000] {dag.py:3047} INFO - Sync 1 DAGs
[2024-03-12T11:52:37.016+0000] {logging_mixin.py:188} INFO - [2024-03-12T11:52:37.016+0000] {dag.py:3834} INFO - Setting next_dagrun for example_branch_operator to 2024-03-11 00:00:00+00:00, run_after=2024-03-12 00:00:00+00:00
[2024-03-12T11:52:37.026+0000] {processor.py:183} INFO - Processing /home/airflow/.local/lib/python3.8/site-packages/airflow/example_dags/example_branch_operator.py took 0.061 seconds
[2024-03-12T11:53:08.073+0000] {processor.py:161} INFO - Started process (PID=1681) to work on /home/airflow/.local/lib/python3.8/site-packages/airflow/example_dags/example_branch_operator.py
[2024-03-12T11:53:08.075+0000] {processor.py:830} INFO - Processing file /home/airflow/.local/lib/python3.8/site-packages/airflow/example_dags/example_branch_operator.py for tasks to queue
[2024-03-12T11:53:08.076+0000] {logging_mixin.py:188} INFO - [2024-03-12T11:53:08.075+0000] {dagbag.py:540} INFO - Filling up the DagBag from /home/airflow/.local/lib/python3.8/site-packages/airflow/example_dags/example_branch_operator.py
[2024-03-12T11:53:08.087+0000] {processor.py:840} INFO - DAG(s) 'example_branch_operator' retrieved from /home/airflow/.local/lib/python3.8/site-packages/airflow/example_dags/example_branch_operator.py
[2024-03-12T11:53:08.108+0000] {logging_mixin.py:188} INFO - [2024-03-12T11:53:08.108+0000] {dag.py:3047} INFO - Sync 1 DAGs
[2024-03-12T11:53:08.121+0000] {logging_mixin.py:188} INFO - [2024-03-12T11:53:08.121+0000] {dag.py:3834} INFO - Setting next_dagrun for example_branch_operator to 2024-03-11 00:00:00+00:00, run_after=2024-03-12 00:00:00+00:00
[2024-03-12T11:53:08.133+0000] {processor.py:183} INFO - Processing /home/airflow/.local/lib/python3.8/site-packages/airflow/example_dags/example_branch_operator.py took 0.063 seconds
[2024-03-12T11:53:38.911+0000] {processor.py:161} INFO - Started process (PID=1928) to work on /home/airflow/.local/lib/python3.8/site-packages/airflow/example_dags/example_branch_operator.py
[2024-03-12T11:53:38.912+0000] {processor.py:830} INFO - Processing file /home/airflow/.local/lib/python3.8/site-packages/airflow/example_dags/example_branch_operator.py for tasks to queue
[2024-03-12T11:53:38.913+0000] {logging_mixin.py:188} INFO - [2024-03-12T11:53:38.913+0000] {dagbag.py:540} INFO - Filling up the DagBag from /home/airflow/.local/lib/python3.8/site-packages/airflow/example_dags/example_branch_operator.py
[2024-03-12T11:53:38.931+0000] {processor.py:840} INFO - DAG(s) 'example_branch_operator' retrieved from /home/airflow/.local/lib/python3.8/site-packages/airflow/example_dags/example_branch_operator.py
[2024-03-12T11:53:39.164+0000] {logging_mixin.py:188} INFO - [2024-03-12T11:53:39.164+0000] {dag.py:3047} INFO - Sync 1 DAGs
[2024-03-12T11:53:39.193+0000] {logging_mixin.py:188} INFO - [2024-03-12T11:53:39.193+0000] {dag.py:3834} INFO - Setting next_dagrun for example_branch_operator to 2024-03-11 00:00:00+00:00, run_after=2024-03-12 00:00:00+00:00
[2024-03-12T11:53:39.208+0000] {processor.py:183} INFO - Processing /home/airflow/.local/lib/python3.8/site-packages/airflow/example_dags/example_branch_operator.py took 0.301 seconds
[2024-03-12T11:54:09.907+0000] {processor.py:161} INFO - Started process (PID=2175) to work on /home/airflow/.local/lib/python3.8/site-packages/airflow/example_dags/example_branch_operator.py
[2024-03-12T11:54:09.909+0000] {processor.py:830} INFO - Processing file /home/airflow/.local/lib/python3.8/site-packages/airflow/example_dags/example_branch_operator.py for tasks to queue
[2024-03-12T11:54:09.912+0000] {logging_mixin.py:188} INFO - [2024-03-12T11:54:09.911+0000] {dagbag.py:540} INFO - Filling up the DagBag from /home/airflow/.local/lib/python3.8/site-packages/airflow/example_dags/example_branch_operator.py
[2024-03-12T11:54:10.127+0000] {processor.py:840} INFO - DAG(s) 'example_branch_operator' retrieved from /home/airflow/.local/lib/python3.8/site-packages/airflow/example_dags/example_branch_operator.py
[2024-03-12T11:54:10.226+0000] {logging_mixin.py:188} INFO - [2024-03-12T11:54:10.226+0000] {dag.py:3047} INFO - Sync 1 DAGs
[2024-03-12T11:54:10.254+0000] {logging_mixin.py:188} INFO - [2024-03-12T11:54:10.253+0000] {dag.py:3834} INFO - Setting next_dagrun for example_branch_operator to 2024-03-11 00:00:00+00:00, run_after=2024-03-12 00:00:00+00:00
[2024-03-12T11:54:10.331+0000] {processor.py:183} INFO - Processing /home/airflow/.local/lib/python3.8/site-packages/airflow/example_dags/example_branch_operator.py took 0.431 seconds
[2024-03-12T11:54:41.170+0000] {processor.py:161} INFO - Started process (PID=2422) to work on /home/airflow/.local/lib/python3.8/site-packages/airflow/example_dags/example_branch_operator.py
[2024-03-12T11:54:41.173+0000] {processor.py:830} INFO - Processing file /home/airflow/.local/lib/python3.8/site-packages/airflow/example_dags/example_branch_operator.py for tasks to queue
[2024-03-12T11:54:41.175+0000] {logging_mixin.py:188} INFO - [2024-03-12T11:54:41.175+0000] {dagbag.py:540} INFO - Filling up the DagBag from /home/airflow/.local/lib/python3.8/site-packages/airflow/example_dags/example_branch_operator.py
[2024-03-12T11:54:41.191+0000] {processor.py:840} INFO - DAG(s) 'example_branch_operator' retrieved from /home/airflow/.local/lib/python3.8/site-packages/airflow/example_dags/example_branch_operator.py
[2024-03-12T11:54:41.212+0000] {logging_mixin.py:188} INFO - [2024-03-12T11:54:41.212+0000] {dag.py:3047} INFO - Sync 1 DAGs
[2024-03-12T11:54:41.224+0000] {logging_mixin.py:188} INFO - [2024-03-12T11:54:41.224+0000] {dag.py:3834} INFO - Setting next_dagrun for example_branch_operator to 2024-03-11 00:00:00+00:00, run_after=2024-03-12 00:00:00+00:00
[2024-03-12T11:54:41.235+0000] {processor.py:183} INFO - Processing /home/airflow/.local/lib/python3.8/site-packages/airflow/example_dags/example_branch_operator.py took 0.070 seconds
[2024-03-12T11:55:12.260+0000] {processor.py:161} INFO - Started process (PID=2669) to work on /home/airflow/.local/lib/python3.8/site-packages/airflow/example_dags/example_branch_operator.py
[2024-03-12T11:55:12.262+0000] {processor.py:830} INFO - Processing file /home/airflow/.local/lib/python3.8/site-packages/airflow/example_dags/example_branch_operator.py for tasks to queue
[2024-03-12T11:55:12.263+0000] {logging_mixin.py:188} INFO - [2024-03-12T11:55:12.262+0000] {dagbag.py:540} INFO - Filling up the DagBag from /home/airflow/.local/lib/python3.8/site-packages/airflow/example_dags/example_branch_operator.py
[2024-03-12T11:55:12.283+0000] {processor.py:840} INFO - DAG(s) 'example_branch_operator' retrieved from /home/airflow/.local/lib/python3.8/site-packages/airflow/example_dags/example_branch_operator.py
[2024-03-12T11:55:12.321+0000] {logging_mixin.py:188} INFO - [2024-03-12T11:55:12.321+0000] {dag.py:3047} INFO - Sync 1 DAGs
[2024-03-12T11:55:12.341+0000] {logging_mixin.py:188} INFO - [2024-03-12T11:55:12.341+0000] {dag.py:3834} INFO - Setting next_dagrun for example_branch_operator to 2024-03-11 00:00:00+00:00, run_after=2024-03-12 00:00:00+00:00
[2024-03-12T11:55:12.357+0000] {processor.py:183} INFO - Processing /home/airflow/.local/lib/python3.8/site-packages/airflow/example_dags/example_branch_operator.py took 0.101 seconds
[2024-03-12T11:55:43.224+0000] {processor.py:161} INFO - Started process (PID=2916) to work on /home/airflow/.local/lib/python3.8/site-packages/airflow/example_dags/example_branch_operator.py
[2024-03-12T11:55:43.226+0000] {processor.py:830} INFO - Processing file /home/airflow/.local/lib/python3.8/site-packages/airflow/example_dags/example_branch_operator.py for tasks to queue
[2024-03-12T11:55:43.227+0000] {logging_mixin.py:188} INFO - [2024-03-12T11:55:43.227+0000] {dagbag.py:540} INFO - Filling up the DagBag from /home/airflow/.local/lib/python3.8/site-packages/airflow/example_dags/example_branch_operator.py
[2024-03-12T11:55:43.243+0000] {processor.py:840} INFO - DAG(s) 'example_branch_operator' retrieved from /home/airflow/.local/lib/python3.8/site-packages/airflow/example_dags/example_branch_operator.py
[2024-03-12T11:55:43.264+0000] {logging_mixin.py:188} INFO - [2024-03-12T11:55:43.263+0000] {dag.py:3047} INFO - Sync 1 DAGs
[2024-03-12T11:55:43.276+0000] {logging_mixin.py:188} INFO - [2024-03-12T11:55:43.276+0000] {dag.py:3834} INFO - Setting next_dagrun for example_branch_operator to 2024-03-11 00:00:00+00:00, run_after=2024-03-12 00:00:00+00:00
[2024-03-12T11:55:43.287+0000] {processor.py:183} INFO - Processing /home/airflow/.local/lib/python3.8/site-packages/airflow/example_dags/example_branch_operator.py took 0.068 seconds
[2024-03-12T11:56:13.870+0000] {processor.py:161} INFO - Started process (PID=3163) to work on /home/airflow/.local/lib/python3.8/site-packages/airflow/example_dags/example_branch_operator.py
[2024-03-12T11:56:13.872+0000] {processor.py:830} INFO - Processing file /home/airflow/.local/lib/python3.8/site-packages/airflow/example_dags/example_branch_operator.py for tasks to queue
[2024-03-12T11:56:13.873+0000] {logging_mixin.py:188} INFO - [2024-03-12T11:56:13.873+0000] {dagbag.py:540} INFO - Filling up the DagBag from /home/airflow/.local/lib/python3.8/site-packages/airflow/example_dags/example_branch_operator.py
[2024-03-12T11:56:13.888+0000] {processor.py:840} INFO - DAG(s) 'example_branch_operator' retrieved from /home/airflow/.local/lib/python3.8/site-packages/airflow/example_dags/example_branch_operator.py
[2024-03-12T11:56:13.911+0000] {logging_mixin.py:188} INFO - [2024-03-12T11:56:13.911+0000] {dag.py:3047} INFO - Sync 1 DAGs
[2024-03-12T11:56:13.930+0000] {logging_mixin.py:188} INFO - [2024-03-12T11:56:13.930+0000] {dag.py:3834} INFO - Setting next_dagrun for example_branch_operator to 2024-03-11 00:00:00+00:00, run_after=2024-03-12 00:00:00+00:00
[2024-03-12T11:56:13.950+0000] {processor.py:183} INFO - Processing /home/airflow/.local/lib/python3.8/site-packages/airflow/example_dags/example_branch_operator.py took 0.082 seconds
[2024-03-12T11:57:06.789+0000] {processor.py:161} INFO - Started process (PID=199) to work on /home/airflow/.local/lib/python3.8/site-packages/airflow/example_dags/example_branch_operator.py
[2024-03-12T11:57:06.790+0000] {processor.py:830} INFO - Processing file /home/airflow/.local/lib/python3.8/site-packages/airflow/example_dags/example_branch_operator.py for tasks to queue
[2024-03-12T11:57:06.792+0000] {logging_mixin.py:188} INFO - [2024-03-12T11:57:06.791+0000] {dagbag.py:540} INFO - Filling up the DagBag from /home/airflow/.local/lib/python3.8/site-packages/airflow/example_dags/example_branch_operator.py
[2024-03-12T11:57:06.806+0000] {processor.py:840} INFO - DAG(s) 'example_branch_operator' retrieved from /home/airflow/.local/lib/python3.8/site-packages/airflow/example_dags/example_branch_operator.py
[2024-03-12T11:57:06.907+0000] {logging_mixin.py:188} INFO - [2024-03-12T11:57:06.907+0000] {dag.py:3047} INFO - Sync 1 DAGs
[2024-03-12T11:57:06.941+0000] {logging_mixin.py:188} INFO - [2024-03-12T11:57:06.941+0000] {dag.py:3834} INFO - Setting next_dagrun for example_branch_operator to 2024-03-11 00:00:00+00:00, run_after=2024-03-12 00:00:00+00:00
[2024-03-12T11:57:06.957+0000] {processor.py:183} INFO - Processing /home/airflow/.local/lib/python3.8/site-packages/airflow/example_dags/example_branch_operator.py took 0.171 seconds
[2024-03-12T11:57:36.991+0000] {processor.py:161} INFO - Started process (PID=446) to work on /home/airflow/.local/lib/python3.8/site-packages/airflow/example_dags/example_branch_operator.py
[2024-03-12T11:57:36.994+0000] {processor.py:830} INFO - Processing file /home/airflow/.local/lib/python3.8/site-packages/airflow/example_dags/example_branch_operator.py for tasks to queue
[2024-03-12T11:57:37.002+0000] {logging_mixin.py:188} INFO - [2024-03-12T11:57:37.001+0000] {dagbag.py:540} INFO - Filling up the DagBag from /home/airflow/.local/lib/python3.8/site-packages/airflow/example_dags/example_branch_operator.py
[2024-03-12T11:57:37.056+0000] {processor.py:840} INFO - DAG(s) 'example_branch_operator' retrieved from /home/airflow/.local/lib/python3.8/site-packages/airflow/example_dags/example_branch_operator.py
[2024-03-12T11:57:37.080+0000] {logging_mixin.py:188} INFO - [2024-03-12T11:57:37.080+0000] {dag.py:3047} INFO - Sync 1 DAGs
[2024-03-12T11:57:37.097+0000] {logging_mixin.py:188} INFO - [2024-03-12T11:57:37.096+0000] {dag.py:3834} INFO - Setting next_dagrun for example_branch_operator to 2024-03-11 00:00:00+00:00, run_after=2024-03-12 00:00:00+00:00
[2024-03-12T11:57:37.111+0000] {processor.py:183} INFO - Processing /home/airflow/.local/lib/python3.8/site-packages/airflow/example_dags/example_branch_operator.py took 0.122 seconds
[2024-03-12T11:58:34.586+0000] {processor.py:161} INFO - Started process (PID=199) to work on /home/airflow/.local/lib/python3.8/site-packages/airflow/example_dags/example_branch_operator.py
[2024-03-12T11:58:34.589+0000] {processor.py:830} INFO - Processing file /home/airflow/.local/lib/python3.8/site-packages/airflow/example_dags/example_branch_operator.py for tasks to queue
[2024-03-12T11:58:34.591+0000] {logging_mixin.py:188} INFO - [2024-03-12T11:58:34.590+0000] {dagbag.py:540} INFO - Filling up the DagBag from /home/airflow/.local/lib/python3.8/site-packages/airflow/example_dags/example_branch_operator.py
[2024-03-12T11:58:34.606+0000] {processor.py:840} INFO - DAG(s) 'example_branch_operator' retrieved from /home/airflow/.local/lib/python3.8/site-packages/airflow/example_dags/example_branch_operator.py
[2024-03-12T11:58:34.672+0000] {logging_mixin.py:188} INFO - [2024-03-12T11:58:34.672+0000] {dag.py:3047} INFO - Sync 1 DAGs
[2024-03-12T11:58:34.698+0000] {logging_mixin.py:188} INFO - [2024-03-12T11:58:34.698+0000] {dag.py:3834} INFO - Setting next_dagrun for example_branch_operator to 2024-03-11 00:00:00+00:00, run_after=2024-03-12 00:00:00+00:00
[2024-03-12T11:58:34.727+0000] {processor.py:183} INFO - Processing /home/airflow/.local/lib/python3.8/site-packages/airflow/example_dags/example_branch_operator.py took 0.144 seconds
[2024-03-12T11:59:04.896+0000] {processor.py:161} INFO - Started process (PID=448) to work on /home/airflow/.local/lib/python3.8/site-packages/airflow/example_dags/example_branch_operator.py
[2024-03-12T11:59:04.897+0000] {processor.py:830} INFO - Processing file /home/airflow/.local/lib/python3.8/site-packages/airflow/example_dags/example_branch_operator.py for tasks to queue
[2024-03-12T11:59:04.898+0000] {logging_mixin.py:188} INFO - [2024-03-12T11:59:04.898+0000] {dagbag.py:540} INFO - Filling up the DagBag from /home/airflow/.local/lib/python3.8/site-packages/airflow/example_dags/example_branch_operator.py
[2024-03-12T11:59:04.909+0000] {processor.py:840} INFO - DAG(s) 'example_branch_operator' retrieved from /home/airflow/.local/lib/python3.8/site-packages/airflow/example_dags/example_branch_operator.py
[2024-03-12T11:59:04.929+0000] {logging_mixin.py:188} INFO - [2024-03-12T11:59:04.929+0000] {dag.py:3047} INFO - Sync 1 DAGs
[2024-03-12T11:59:04.956+0000] {logging_mixin.py:188} INFO - [2024-03-12T11:59:04.956+0000] {dag.py:3834} INFO - Setting next_dagrun for example_branch_operator to 2024-03-11 00:00:00+00:00, run_after=2024-03-12 00:00:00+00:00
[2024-03-12T11:59:04.973+0000] {processor.py:183} INFO - Processing /home/airflow/.local/lib/python3.8/site-packages/airflow/example_dags/example_branch_operator.py took 0.080 seconds
[2024-03-12T11:59:35.516+0000] {processor.py:161} INFO - Started process (PID=693) to work on /home/airflow/.local/lib/python3.8/site-packages/airflow/example_dags/example_branch_operator.py
[2024-03-12T11:59:35.518+0000] {processor.py:830} INFO - Processing file /home/airflow/.local/lib/python3.8/site-packages/airflow/example_dags/example_branch_operator.py for tasks to queue
[2024-03-12T11:59:35.519+0000] {logging_mixin.py:188} INFO - [2024-03-12T11:59:35.519+0000] {dagbag.py:540} INFO - Filling up the DagBag from /home/airflow/.local/lib/python3.8/site-packages/airflow/example_dags/example_branch_operator.py
[2024-03-12T11:59:35.533+0000] {processor.py:840} INFO - DAG(s) 'example_branch_operator' retrieved from /home/airflow/.local/lib/python3.8/site-packages/airflow/example_dags/example_branch_operator.py
[2024-03-12T11:59:35.558+0000] {logging_mixin.py:188} INFO - [2024-03-12T11:59:35.558+0000] {dag.py:3047} INFO - Sync 1 DAGs
[2024-03-12T11:59:35.577+0000] {logging_mixin.py:188} INFO - [2024-03-12T11:59:35.577+0000] {dag.py:3834} INFO - Setting next_dagrun for example_branch_operator to 2024-03-11 00:00:00+00:00, run_after=2024-03-12 00:00:00+00:00
[2024-03-12T11:59:35.589+0000] {processor.py:183} INFO - Processing /home/airflow/.local/lib/python3.8/site-packages/airflow/example_dags/example_branch_operator.py took 0.075 seconds
[2024-03-12T12:00:06.436+0000] {processor.py:161} INFO - Started process (PID=940) to work on /home/airflow/.local/lib/python3.8/site-packages/airflow/example_dags/example_branch_operator.py
[2024-03-12T12:00:06.438+0000] {processor.py:830} INFO - Processing file /home/airflow/.local/lib/python3.8/site-packages/airflow/example_dags/example_branch_operator.py for tasks to queue
[2024-03-12T12:00:06.439+0000] {logging_mixin.py:188} INFO - [2024-03-12T12:00:06.439+0000] {dagbag.py:540} INFO - Filling up the DagBag from /home/airflow/.local/lib/python3.8/site-packages/airflow/example_dags/example_branch_operator.py
[2024-03-12T12:00:06.450+0000] {processor.py:840} INFO - DAG(s) 'example_branch_operator' retrieved from /home/airflow/.local/lib/python3.8/site-packages/airflow/example_dags/example_branch_operator.py
[2024-03-12T12:00:06.470+0000] {logging_mixin.py:188} INFO - [2024-03-12T12:00:06.469+0000] {dag.py:3047} INFO - Sync 1 DAGs
[2024-03-12T12:00:06.482+0000] {logging_mixin.py:188} INFO - [2024-03-12T12:00:06.482+0000] {dag.py:3834} INFO - Setting next_dagrun for example_branch_operator to 2024-03-11 00:00:00+00:00, run_after=2024-03-12 00:00:00+00:00
[2024-03-12T12:00:06.493+0000] {processor.py:183} INFO - Processing /home/airflow/.local/lib/python3.8/site-packages/airflow/example_dags/example_branch_operator.py took 0.061 seconds
[2024-03-12T12:00:37.100+0000] {processor.py:161} INFO - Started process (PID=1187) to work on /home/airflow/.local/lib/python3.8/site-packages/airflow/example_dags/example_branch_operator.py
[2024-03-12T12:00:37.103+0000] {processor.py:830} INFO - Processing file /home/airflow/.local/lib/python3.8/site-packages/airflow/example_dags/example_branch_operator.py for tasks to queue
[2024-03-12T12:00:37.105+0000] {logging_mixin.py:188} INFO - [2024-03-12T12:00:37.104+0000] {dagbag.py:540} INFO - Filling up the DagBag from /home/airflow/.local/lib/python3.8/site-packages/airflow/example_dags/example_branch_operator.py
[2024-03-12T12:00:37.121+0000] {processor.py:840} INFO - DAG(s) 'example_branch_operator' retrieved from /home/airflow/.local/lib/python3.8/site-packages/airflow/example_dags/example_branch_operator.py
[2024-03-12T12:00:37.143+0000] {logging_mixin.py:188} INFO - [2024-03-12T12:00:37.143+0000] {dag.py:3047} INFO - Sync 1 DAGs
[2024-03-12T12:00:37.166+0000] {logging_mixin.py:188} INFO - [2024-03-12T12:00:37.165+0000] {dag.py:3834} INFO - Setting next_dagrun for example_branch_operator to 2024-03-11 00:00:00+00:00, run_after=2024-03-12 00:00:00+00:00
[2024-03-12T12:00:37.197+0000] {processor.py:183} INFO - Processing /home/airflow/.local/lib/python3.8/site-packages/airflow/example_dags/example_branch_operator.py took 0.103 seconds
[2024-03-12T12:01:08.237+0000] {processor.py:161} INFO - Started process (PID=1434) to work on /home/airflow/.local/lib/python3.8/site-packages/airflow/example_dags/example_branch_operator.py
[2024-03-12T12:01:08.239+0000] {processor.py:830} INFO - Processing file /home/airflow/.local/lib/python3.8/site-packages/airflow/example_dags/example_branch_operator.py for tasks to queue
[2024-03-12T12:01:08.240+0000] {logging_mixin.py:188} INFO - [2024-03-12T12:01:08.239+0000] {dagbag.py:540} INFO - Filling up the DagBag from /home/airflow/.local/lib/python3.8/site-packages/airflow/example_dags/example_branch_operator.py
[2024-03-12T12:01:08.250+0000] {processor.py:840} INFO - DAG(s) 'example_branch_operator' retrieved from /home/airflow/.local/lib/python3.8/site-packages/airflow/example_dags/example_branch_operator.py
[2024-03-12T12:01:08.270+0000] {logging_mixin.py:188} INFO - [2024-03-12T12:01:08.270+0000] {dag.py:3047} INFO - Sync 1 DAGs
[2024-03-12T12:01:08.283+0000] {logging_mixin.py:188} INFO - [2024-03-12T12:01:08.283+0000] {dag.py:3834} INFO - Setting next_dagrun for example_branch_operator to 2024-03-11 00:00:00+00:00, run_after=2024-03-12 00:00:00+00:00
[2024-03-12T12:01:08.293+0000] {processor.py:183} INFO - Processing /home/airflow/.local/lib/python3.8/site-packages/airflow/example_dags/example_branch_operator.py took 0.059 seconds
[2024-03-12T12:01:39.116+0000] {processor.py:161} INFO - Started process (PID=1681) to work on /home/airflow/.local/lib/python3.8/site-packages/airflow/example_dags/example_branch_operator.py
[2024-03-12T12:01:39.118+0000] {processor.py:830} INFO - Processing file /home/airflow/.local/lib/python3.8/site-packages/airflow/example_dags/example_branch_operator.py for tasks to queue
[2024-03-12T12:01:39.118+0000] {logging_mixin.py:188} INFO - [2024-03-12T12:01:39.118+0000] {dagbag.py:540} INFO - Filling up the DagBag from /home/airflow/.local/lib/python3.8/site-packages/airflow/example_dags/example_branch_operator.py
[2024-03-12T12:01:39.130+0000] {processor.py:840} INFO - DAG(s) 'example_branch_operator' retrieved from /home/airflow/.local/lib/python3.8/site-packages/airflow/example_dags/example_branch_operator.py
[2024-03-12T12:01:39.149+0000] {logging_mixin.py:188} INFO - [2024-03-12T12:01:39.149+0000] {dag.py:3047} INFO - Sync 1 DAGs
[2024-03-12T12:01:39.162+0000] {logging_mixin.py:188} INFO - [2024-03-12T12:01:39.162+0000] {dag.py:3834} INFO - Setting next_dagrun for example_branch_operator to 2024-03-11 00:00:00+00:00, run_after=2024-03-12 00:00:00+00:00
[2024-03-12T12:01:39.172+0000] {processor.py:183} INFO - Processing /home/airflow/.local/lib/python3.8/site-packages/airflow/example_dags/example_branch_operator.py took 0.059 seconds
[2024-03-12T12:02:09.951+0000] {processor.py:161} INFO - Started process (PID=1928) to work on /home/airflow/.local/lib/python3.8/site-packages/airflow/example_dags/example_branch_operator.py
[2024-03-12T12:02:09.954+0000] {processor.py:830} INFO - Processing file /home/airflow/.local/lib/python3.8/site-packages/airflow/example_dags/example_branch_operator.py for tasks to queue
[2024-03-12T12:02:09.956+0000] {logging_mixin.py:188} INFO - [2024-03-12T12:02:09.956+0000] {dagbag.py:540} INFO - Filling up the DagBag from /home/airflow/.local/lib/python3.8/site-packages/airflow/example_dags/example_branch_operator.py
[2024-03-12T12:02:09.970+0000] {processor.py:840} INFO - DAG(s) 'example_branch_operator' retrieved from /home/airflow/.local/lib/python3.8/site-packages/airflow/example_dags/example_branch_operator.py
[2024-03-12T12:02:09.991+0000] {logging_mixin.py:188} INFO - [2024-03-12T12:02:09.991+0000] {dag.py:3047} INFO - Sync 1 DAGs
[2024-03-12T12:02:10.004+0000] {logging_mixin.py:188} INFO - [2024-03-12T12:02:10.004+0000] {dag.py:3834} INFO - Setting next_dagrun for example_branch_operator to 2024-03-11 00:00:00+00:00, run_after=2024-03-12 00:00:00+00:00
[2024-03-12T12:02:10.016+0000] {processor.py:183} INFO - Processing /home/airflow/.local/lib/python3.8/site-packages/airflow/example_dags/example_branch_operator.py took 0.073 seconds
[2024-03-12T12:02:40.630+0000] {processor.py:161} INFO - Started process (PID=2175) to work on /home/airflow/.local/lib/python3.8/site-packages/airflow/example_dags/example_branch_operator.py
[2024-03-12T12:02:40.631+0000] {processor.py:830} INFO - Processing file /home/airflow/.local/lib/python3.8/site-packages/airflow/example_dags/example_branch_operator.py for tasks to queue
[2024-03-12T12:02:40.633+0000] {logging_mixin.py:188} INFO - [2024-03-12T12:02:40.632+0000] {dagbag.py:540} INFO - Filling up the DagBag from /home/airflow/.local/lib/python3.8/site-packages/airflow/example_dags/example_branch_operator.py
[2024-03-12T12:02:40.644+0000] {processor.py:840} INFO - DAG(s) 'example_branch_operator' retrieved from /home/airflow/.local/lib/python3.8/site-packages/airflow/example_dags/example_branch_operator.py
[2024-03-12T12:02:40.665+0000] {logging_mixin.py:188} INFO - [2024-03-12T12:02:40.665+0000] {dag.py:3047} INFO - Sync 1 DAGs
[2024-03-12T12:02:40.682+0000] {logging_mixin.py:188} INFO - [2024-03-12T12:02:40.681+0000] {dag.py:3834} INFO - Setting next_dagrun for example_branch_operator to 2024-03-11 00:00:00+00:00, run_after=2024-03-12 00:00:00+00:00
[2024-03-12T12:02:40.694+0000] {processor.py:183} INFO - Processing /home/airflow/.local/lib/python3.8/site-packages/airflow/example_dags/example_branch_operator.py took 0.067 seconds
[2024-03-12T12:03:11.518+0000] {processor.py:161} INFO - Started process (PID=2422) to work on /home/airflow/.local/lib/python3.8/site-packages/airflow/example_dags/example_branch_operator.py
[2024-03-12T12:03:11.529+0000] {processor.py:830} INFO - Processing file /home/airflow/.local/lib/python3.8/site-packages/airflow/example_dags/example_branch_operator.py for tasks to queue
[2024-03-12T12:03:11.535+0000] {logging_mixin.py:188} INFO - [2024-03-12T12:03:11.533+0000] {dagbag.py:540} INFO - Filling up the DagBag from /home/airflow/.local/lib/python3.8/site-packages/airflow/example_dags/example_branch_operator.py
[2024-03-12T12:03:11.643+0000] {processor.py:840} INFO - DAG(s) 'example_branch_operator' retrieved from /home/airflow/.local/lib/python3.8/site-packages/airflow/example_dags/example_branch_operator.py
[2024-03-12T12:03:11.750+0000] {logging_mixin.py:188} INFO - [2024-03-12T12:03:11.750+0000] {dag.py:3047} INFO - Sync 1 DAGs
[2024-03-12T12:03:11.826+0000] {logging_mixin.py:188} INFO - [2024-03-12T12:03:11.826+0000] {dag.py:3834} INFO - Setting next_dagrun for example_branch_operator to 2024-03-11 00:00:00+00:00, run_after=2024-03-12 00:00:00+00:00
[2024-03-12T12:03:11.888+0000] {processor.py:183} INFO - Processing /home/airflow/.local/lib/python3.8/site-packages/airflow/example_dags/example_branch_operator.py took 0.376 seconds
[2024-03-12T12:03:41.974+0000] {processor.py:161} INFO - Started process (PID=2666) to work on /home/airflow/.local/lib/python3.8/site-packages/airflow/example_dags/example_branch_operator.py
[2024-03-12T12:03:41.976+0000] {processor.py:830} INFO - Processing file /home/airflow/.local/lib/python3.8/site-packages/airflow/example_dags/example_branch_operator.py for tasks to queue
[2024-03-12T12:03:41.977+0000] {logging_mixin.py:188} INFO - [2024-03-12T12:03:41.977+0000] {dagbag.py:540} INFO - Filling up the DagBag from /home/airflow/.local/lib/python3.8/site-packages/airflow/example_dags/example_branch_operator.py
[2024-03-12T12:03:41.987+0000] {processor.py:840} INFO - DAG(s) 'example_branch_operator' retrieved from /home/airflow/.local/lib/python3.8/site-packages/airflow/example_dags/example_branch_operator.py
[2024-03-12T12:03:42.006+0000] {logging_mixin.py:188} INFO - [2024-03-12T12:03:42.006+0000] {dag.py:3047} INFO - Sync 1 DAGs
[2024-03-12T12:03:42.018+0000] {logging_mixin.py:188} INFO - [2024-03-12T12:03:42.018+0000] {dag.py:3834} INFO - Setting next_dagrun for example_branch_operator to 2024-03-11 00:00:00+00:00, run_after=2024-03-12 00:00:00+00:00
[2024-03-12T12:03:42.028+0000] {processor.py:183} INFO - Processing /home/airflow/.local/lib/python3.8/site-packages/airflow/example_dags/example_branch_operator.py took 0.056 seconds
[2024-03-12T12:04:12.794+0000] {processor.py:161} INFO - Started process (PID=2918) to work on /home/airflow/.local/lib/python3.8/site-packages/airflow/example_dags/example_branch_operator.py
[2024-03-12T12:04:12.795+0000] {processor.py:830} INFO - Processing file /home/airflow/.local/lib/python3.8/site-packages/airflow/example_dags/example_branch_operator.py for tasks to queue
[2024-03-12T12:04:12.797+0000] {logging_mixin.py:188} INFO - [2024-03-12T12:04:12.796+0000] {dagbag.py:540} INFO - Filling up the DagBag from /home/airflow/.local/lib/python3.8/site-packages/airflow/example_dags/example_branch_operator.py
[2024-03-12T12:04:12.815+0000] {processor.py:840} INFO - DAG(s) 'example_branch_operator' retrieved from /home/airflow/.local/lib/python3.8/site-packages/airflow/example_dags/example_branch_operator.py
[2024-03-12T12:04:12.848+0000] {logging_mixin.py:188} INFO - [2024-03-12T12:04:12.848+0000] {dag.py:3047} INFO - Sync 1 DAGs
[2024-03-12T12:04:12.871+0000] {logging_mixin.py:188} INFO - [2024-03-12T12:04:12.871+0000] {dag.py:3834} INFO - Setting next_dagrun for example_branch_operator to 2024-03-11 00:00:00+00:00, run_after=2024-03-12 00:00:00+00:00
[2024-03-12T12:04:12.885+0000] {processor.py:183} INFO - Processing /home/airflow/.local/lib/python3.8/site-packages/airflow/example_dags/example_branch_operator.py took 0.094 seconds
[2024-03-12T12:04:43.407+0000] {processor.py:161} INFO - Started process (PID=3163) to work on /home/airflow/.local/lib/python3.8/site-packages/airflow/example_dags/example_branch_operator.py
[2024-03-12T12:04:43.409+0000] {processor.py:830} INFO - Processing file /home/airflow/.local/lib/python3.8/site-packages/airflow/example_dags/example_branch_operator.py for tasks to queue
[2024-03-12T12:04:43.411+0000] {logging_mixin.py:188} INFO - [2024-03-12T12:04:43.410+0000] {dagbag.py:540} INFO - Filling up the DagBag from /home/airflow/.local/lib/python3.8/site-packages/airflow/example_dags/example_branch_operator.py
[2024-03-12T12:04:43.428+0000] {processor.py:840} INFO - DAG(s) 'example_branch_operator' retrieved from /home/airflow/.local/lib/python3.8/site-packages/airflow/example_dags/example_branch_operator.py
[2024-03-12T12:04:43.456+0000] {logging_mixin.py:188} INFO - [2024-03-12T12:04:43.456+0000] {dag.py:3047} INFO - Sync 1 DAGs
[2024-03-12T12:04:43.472+0000] {logging_mixin.py:188} INFO - [2024-03-12T12:04:43.472+0000] {dag.py:3834} INFO - Setting next_dagrun for example_branch_operator to 2024-03-11 00:00:00+00:00, run_after=2024-03-12 00:00:00+00:00
[2024-03-12T12:04:43.484+0000] {processor.py:183} INFO - Processing /home/airflow/.local/lib/python3.8/site-packages/airflow/example_dags/example_branch_operator.py took 0.080 seconds
[2024-03-12T12:05:14.320+0000] {processor.py:161} INFO - Started process (PID=3411) to work on /home/airflow/.local/lib/python3.8/site-packages/airflow/example_dags/example_branch_operator.py
[2024-03-12T12:05:14.322+0000] {processor.py:830} INFO - Processing file /home/airflow/.local/lib/python3.8/site-packages/airflow/example_dags/example_branch_operator.py for tasks to queue
[2024-03-12T12:05:14.323+0000] {logging_mixin.py:188} INFO - [2024-03-12T12:05:14.323+0000] {dagbag.py:540} INFO - Filling up the DagBag from /home/airflow/.local/lib/python3.8/site-packages/airflow/example_dags/example_branch_operator.py
[2024-03-12T12:05:14.334+0000] {processor.py:840} INFO - DAG(s) 'example_branch_operator' retrieved from /home/airflow/.local/lib/python3.8/site-packages/airflow/example_dags/example_branch_operator.py
[2024-03-12T12:05:14.354+0000] {logging_mixin.py:188} INFO - [2024-03-12T12:05:14.354+0000] {dag.py:3047} INFO - Sync 1 DAGs
[2024-03-12T12:05:14.369+0000] {logging_mixin.py:188} INFO - [2024-03-12T12:05:14.369+0000] {dag.py:3834} INFO - Setting next_dagrun for example_branch_operator to 2024-03-11 00:00:00+00:00, run_after=2024-03-12 00:00:00+00:00
[2024-03-12T12:05:14.381+0000] {processor.py:183} INFO - Processing /home/airflow/.local/lib/python3.8/site-packages/airflow/example_dags/example_branch_operator.py took 0.065 seconds
[2024-03-12T12:05:44.684+0000] {processor.py:161} INFO - Started process (PID=3658) to work on /home/airflow/.local/lib/python3.8/site-packages/airflow/example_dags/example_branch_operator.py
[2024-03-12T12:05:44.685+0000] {processor.py:830} INFO - Processing file /home/airflow/.local/lib/python3.8/site-packages/airflow/example_dags/example_branch_operator.py for tasks to queue
[2024-03-12T12:05:44.686+0000] {logging_mixin.py:188} INFO - [2024-03-12T12:05:44.686+0000] {dagbag.py:540} INFO - Filling up the DagBag from /home/airflow/.local/lib/python3.8/site-packages/airflow/example_dags/example_branch_operator.py
[2024-03-12T12:05:44.698+0000] {processor.py:840} INFO - DAG(s) 'example_branch_operator' retrieved from /home/airflow/.local/lib/python3.8/site-packages/airflow/example_dags/example_branch_operator.py
[2024-03-12T12:05:44.725+0000] {logging_mixin.py:188} INFO - [2024-03-12T12:05:44.725+0000] {dag.py:3047} INFO - Sync 1 DAGs
[2024-03-12T12:05:44.764+0000] {logging_mixin.py:188} INFO - [2024-03-12T12:05:44.764+0000] {dag.py:3834} INFO - Setting next_dagrun for example_branch_operator to 2024-03-11 00:00:00+00:00, run_after=2024-03-12 00:00:00+00:00
[2024-03-12T12:05:44.795+0000] {processor.py:183} INFO - Processing /home/airflow/.local/lib/python3.8/site-packages/airflow/example_dags/example_branch_operator.py took 0.115 seconds
[2024-03-12T12:06:15.129+0000] {processor.py:161} INFO - Started process (PID=3905) to work on /home/airflow/.local/lib/python3.8/site-packages/airflow/example_dags/example_branch_operator.py
[2024-03-12T12:06:15.134+0000] {processor.py:830} INFO - Processing file /home/airflow/.local/lib/python3.8/site-packages/airflow/example_dags/example_branch_operator.py for tasks to queue
[2024-03-12T12:06:15.137+0000] {logging_mixin.py:188} INFO - [2024-03-12T12:06:15.137+0000] {dagbag.py:540} INFO - Filling up the DagBag from /home/airflow/.local/lib/python3.8/site-packages/airflow/example_dags/example_branch_operator.py
[2024-03-12T12:06:15.156+0000] {processor.py:840} INFO - DAG(s) 'example_branch_operator' retrieved from /home/airflow/.local/lib/python3.8/site-packages/airflow/example_dags/example_branch_operator.py
[2024-03-12T12:06:15.193+0000] {logging_mixin.py:188} INFO - [2024-03-12T12:06:15.193+0000] {dag.py:3047} INFO - Sync 1 DAGs
[2024-03-12T12:06:15.231+0000] {logging_mixin.py:188} INFO - [2024-03-12T12:06:15.231+0000] {dag.py:3834} INFO - Setting next_dagrun for example_branch_operator to 2024-03-11 00:00:00+00:00, run_after=2024-03-12 00:00:00+00:00
[2024-03-12T12:06:15.282+0000] {processor.py:183} INFO - Processing /home/airflow/.local/lib/python3.8/site-packages/airflow/example_dags/example_branch_operator.py took 0.162 seconds
[2024-03-12T12:06:45.722+0000] {processor.py:161} INFO - Started process (PID=4152) to work on /home/airflow/.local/lib/python3.8/site-packages/airflow/example_dags/example_branch_operator.py
[2024-03-12T12:06:45.723+0000] {processor.py:830} INFO - Processing file /home/airflow/.local/lib/python3.8/site-packages/airflow/example_dags/example_branch_operator.py for tasks to queue
[2024-03-12T12:06:45.725+0000] {logging_mixin.py:188} INFO - [2024-03-12T12:06:45.724+0000] {dagbag.py:540} INFO - Filling up the DagBag from /home/airflow/.local/lib/python3.8/site-packages/airflow/example_dags/example_branch_operator.py
[2024-03-12T12:06:45.740+0000] {processor.py:840} INFO - DAG(s) 'example_branch_operator' retrieved from /home/airflow/.local/lib/python3.8/site-packages/airflow/example_dags/example_branch_operator.py
[2024-03-12T12:06:45.821+0000] {logging_mixin.py:188} INFO - [2024-03-12T12:06:45.820+0000] {dag.py:3047} INFO - Sync 1 DAGs
[2024-03-12T12:06:45.849+0000] {logging_mixin.py:188} INFO - [2024-03-12T12:06:45.849+0000] {dag.py:3834} INFO - Setting next_dagrun for example_branch_operator to 2024-03-11 00:00:00+00:00, run_after=2024-03-12 00:00:00+00:00
[2024-03-12T12:06:45.864+0000] {processor.py:183} INFO - Processing /home/airflow/.local/lib/python3.8/site-packages/airflow/example_dags/example_branch_operator.py took 0.146 seconds
[2024-03-12T12:07:16.610+0000] {processor.py:161} INFO - Started process (PID=4399) to work on /home/airflow/.local/lib/python3.8/site-packages/airflow/example_dags/example_branch_operator.py
[2024-03-12T12:07:16.611+0000] {processor.py:830} INFO - Processing file /home/airflow/.local/lib/python3.8/site-packages/airflow/example_dags/example_branch_operator.py for tasks to queue
[2024-03-12T12:07:16.612+0000] {logging_mixin.py:188} INFO - [2024-03-12T12:07:16.612+0000] {dagbag.py:540} INFO - Filling up the DagBag from /home/airflow/.local/lib/python3.8/site-packages/airflow/example_dags/example_branch_operator.py
[2024-03-12T12:07:16.627+0000] {processor.py:840} INFO - DAG(s) 'example_branch_operator' retrieved from /home/airflow/.local/lib/python3.8/site-packages/airflow/example_dags/example_branch_operator.py
[2024-03-12T12:07:16.647+0000] {logging_mixin.py:188} INFO - [2024-03-12T12:07:16.647+0000] {dag.py:3047} INFO - Sync 1 DAGs
[2024-03-12T12:07:16.660+0000] {logging_mixin.py:188} INFO - [2024-03-12T12:07:16.660+0000] {dag.py:3834} INFO - Setting next_dagrun for example_branch_operator to 2024-03-11 00:00:00+00:00, run_after=2024-03-12 00:00:00+00:00
[2024-03-12T12:07:16.671+0000] {processor.py:183} INFO - Processing /home/airflow/.local/lib/python3.8/site-packages/airflow/example_dags/example_branch_operator.py took 0.064 seconds
[2024-03-12T12:07:47.061+0000] {processor.py:161} INFO - Started process (PID=4646) to work on /home/airflow/.local/lib/python3.8/site-packages/airflow/example_dags/example_branch_operator.py
[2024-03-12T12:07:47.062+0000] {processor.py:830} INFO - Processing file /home/airflow/.local/lib/python3.8/site-packages/airflow/example_dags/example_branch_operator.py for tasks to queue
[2024-03-12T12:07:47.063+0000] {logging_mixin.py:188} INFO - [2024-03-12T12:07:47.063+0000] {dagbag.py:540} INFO - Filling up the DagBag from /home/airflow/.local/lib/python3.8/site-packages/airflow/example_dags/example_branch_operator.py
[2024-03-12T12:07:47.074+0000] {processor.py:840} INFO - DAG(s) 'example_branch_operator' retrieved from /home/airflow/.local/lib/python3.8/site-packages/airflow/example_dags/example_branch_operator.py
[2024-03-12T12:07:47.093+0000] {logging_mixin.py:188} INFO - [2024-03-12T12:07:47.093+0000] {dag.py:3047} INFO - Sync 1 DAGs
[2024-03-12T12:07:47.107+0000] {logging_mixin.py:188} INFO - [2024-03-12T12:07:47.107+0000] {dag.py:3834} INFO - Setting next_dagrun for example_branch_operator to 2024-03-11 00:00:00+00:00, run_after=2024-03-12 00:00:00+00:00
[2024-03-12T12:07:47.118+0000] {processor.py:183} INFO - Processing /home/airflow/.local/lib/python3.8/site-packages/airflow/example_dags/example_branch_operator.py took 0.060 seconds
[2024-03-12T12:08:17.469+0000] {processor.py:161} INFO - Started process (PID=4893) to work on /home/airflow/.local/lib/python3.8/site-packages/airflow/example_dags/example_branch_operator.py
[2024-03-12T12:08:17.471+0000] {processor.py:830} INFO - Processing file /home/airflow/.local/lib/python3.8/site-packages/airflow/example_dags/example_branch_operator.py for tasks to queue
[2024-03-12T12:08:17.472+0000] {logging_mixin.py:188} INFO - [2024-03-12T12:08:17.471+0000] {dagbag.py:540} INFO - Filling up the DagBag from /home/airflow/.local/lib/python3.8/site-packages/airflow/example_dags/example_branch_operator.py
[2024-03-12T12:08:17.482+0000] {processor.py:840} INFO - DAG(s) 'example_branch_operator' retrieved from /home/airflow/.local/lib/python3.8/site-packages/airflow/example_dags/example_branch_operator.py
[2024-03-12T12:08:17.502+0000] {logging_mixin.py:188} INFO - [2024-03-12T12:08:17.502+0000] {dag.py:3047} INFO - Sync 1 DAGs
[2024-03-12T12:08:17.515+0000] {logging_mixin.py:188} INFO - [2024-03-12T12:08:17.515+0000] {dag.py:3834} INFO - Setting next_dagrun for example_branch_operator to 2024-03-11 00:00:00+00:00, run_after=2024-03-12 00:00:00+00:00
[2024-03-12T12:08:17.526+0000] {processor.py:183} INFO - Processing /home/airflow/.local/lib/python3.8/site-packages/airflow/example_dags/example_branch_operator.py took 0.059 seconds
[2024-03-12T12:08:48.061+0000] {processor.py:161} INFO - Started process (PID=5140) to work on /home/airflow/.local/lib/python3.8/site-packages/airflow/example_dags/example_branch_operator.py
[2024-03-12T12:08:48.064+0000] {processor.py:830} INFO - Processing file /home/airflow/.local/lib/python3.8/site-packages/airflow/example_dags/example_branch_operator.py for tasks to queue
[2024-03-12T12:08:48.065+0000] {logging_mixin.py:188} INFO - [2024-03-12T12:08:48.065+0000] {dagbag.py:540} INFO - Filling up the DagBag from /home/airflow/.local/lib/python3.8/site-packages/airflow/example_dags/example_branch_operator.py
[2024-03-12T12:08:48.081+0000] {processor.py:840} INFO - DAG(s) 'example_branch_operator' retrieved from /home/airflow/.local/lib/python3.8/site-packages/airflow/example_dags/example_branch_operator.py
[2024-03-12T12:08:48.101+0000] {logging_mixin.py:188} INFO - [2024-03-12T12:08:48.101+0000] {dag.py:3047} INFO - Sync 1 DAGs
[2024-03-12T12:08:48.115+0000] {logging_mixin.py:188} INFO - [2024-03-12T12:08:48.114+0000] {dag.py:3834} INFO - Setting next_dagrun for example_branch_operator to 2024-03-11 00:00:00+00:00, run_after=2024-03-12 00:00:00+00:00
[2024-03-12T12:08:48.126+0000] {processor.py:183} INFO - Processing /home/airflow/.local/lib/python3.8/site-packages/airflow/example_dags/example_branch_operator.py took 0.068 seconds
[2024-03-12T12:09:18.671+0000] {processor.py:161} INFO - Started process (PID=5387) to work on /home/airflow/.local/lib/python3.8/site-packages/airflow/example_dags/example_branch_operator.py
[2024-03-12T12:09:18.673+0000] {processor.py:830} INFO - Processing file /home/airflow/.local/lib/python3.8/site-packages/airflow/example_dags/example_branch_operator.py for tasks to queue
[2024-03-12T12:09:18.674+0000] {logging_mixin.py:188} INFO - [2024-03-12T12:09:18.674+0000] {dagbag.py:540} INFO - Filling up the DagBag from /home/airflow/.local/lib/python3.8/site-packages/airflow/example_dags/example_branch_operator.py
[2024-03-12T12:09:18.687+0000] {processor.py:840} INFO - DAG(s) 'example_branch_operator' retrieved from /home/airflow/.local/lib/python3.8/site-packages/airflow/example_dags/example_branch_operator.py
[2024-03-12T12:09:18.708+0000] {logging_mixin.py:188} INFO - [2024-03-12T12:09:18.708+0000] {dag.py:3047} INFO - Sync 1 DAGs
[2024-03-12T12:09:18.722+0000] {logging_mixin.py:188} INFO - [2024-03-12T12:09:18.722+0000] {dag.py:3834} INFO - Setting next_dagrun for example_branch_operator to 2024-03-11 00:00:00+00:00, run_after=2024-03-12 00:00:00+00:00
[2024-03-12T12:09:18.733+0000] {processor.py:183} INFO - Processing /home/airflow/.local/lib/python3.8/site-packages/airflow/example_dags/example_branch_operator.py took 0.066 seconds
[2024-03-12T12:09:49.277+0000] {processor.py:161} INFO - Started process (PID=5634) to work on /home/airflow/.local/lib/python3.8/site-packages/airflow/example_dags/example_branch_operator.py
[2024-03-12T12:09:49.279+0000] {processor.py:830} INFO - Processing file /home/airflow/.local/lib/python3.8/site-packages/airflow/example_dags/example_branch_operator.py for tasks to queue
[2024-03-12T12:09:49.281+0000] {logging_mixin.py:188} INFO - [2024-03-12T12:09:49.280+0000] {dagbag.py:540} INFO - Filling up the DagBag from /home/airflow/.local/lib/python3.8/site-packages/airflow/example_dags/example_branch_operator.py
[2024-03-12T12:09:49.295+0000] {processor.py:840} INFO - DAG(s) 'example_branch_operator' retrieved from /home/airflow/.local/lib/python3.8/site-packages/airflow/example_dags/example_branch_operator.py
[2024-03-12T12:09:49.314+0000] {logging_mixin.py:188} INFO - [2024-03-12T12:09:49.314+0000] {dag.py:3047} INFO - Sync 1 DAGs
[2024-03-12T12:09:49.329+0000] {logging_mixin.py:188} INFO - [2024-03-12T12:09:49.329+0000] {dag.py:3834} INFO - Setting next_dagrun for example_branch_operator to 2024-03-11 00:00:00+00:00, run_after=2024-03-12 00:00:00+00:00
[2024-03-12T12:09:49.341+0000] {processor.py:183} INFO - Processing /home/airflow/.local/lib/python3.8/site-packages/airflow/example_dags/example_branch_operator.py took 0.068 seconds
[2024-03-12T12:10:20.428+0000] {processor.py:161} INFO - Started process (PID=5881) to work on /home/airflow/.local/lib/python3.8/site-packages/airflow/example_dags/example_branch_operator.py
[2024-03-12T12:10:20.429+0000] {processor.py:830} INFO - Processing file /home/airflow/.local/lib/python3.8/site-packages/airflow/example_dags/example_branch_operator.py for tasks to queue
[2024-03-12T12:10:20.431+0000] {logging_mixin.py:188} INFO - [2024-03-12T12:10:20.430+0000] {dagbag.py:540} INFO - Filling up the DagBag from /home/airflow/.local/lib/python3.8/site-packages/airflow/example_dags/example_branch_operator.py
[2024-03-12T12:10:20.444+0000] {processor.py:840} INFO - DAG(s) 'example_branch_operator' retrieved from /home/airflow/.local/lib/python3.8/site-packages/airflow/example_dags/example_branch_operator.py
[2024-03-12T12:10:20.464+0000] {logging_mixin.py:188} INFO - [2024-03-12T12:10:20.464+0000] {dag.py:3047} INFO - Sync 1 DAGs
[2024-03-12T12:10:20.479+0000] {logging_mixin.py:188} INFO - [2024-03-12T12:10:20.479+0000] {dag.py:3834} INFO - Setting next_dagrun for example_branch_operator to 2024-03-11 00:00:00+00:00, run_after=2024-03-12 00:00:00+00:00
[2024-03-12T12:10:20.492+0000] {processor.py:183} INFO - Processing /home/airflow/.local/lib/python3.8/site-packages/airflow/example_dags/example_branch_operator.py took 0.068 seconds
[2024-03-12T12:10:50.980+0000] {processor.py:161} INFO - Started process (PID=6128) to work on /home/airflow/.local/lib/python3.8/site-packages/airflow/example_dags/example_branch_operator.py
[2024-03-12T12:10:50.982+0000] {processor.py:830} INFO - Processing file /home/airflow/.local/lib/python3.8/site-packages/airflow/example_dags/example_branch_operator.py for tasks to queue
[2024-03-12T12:10:50.984+0000] {logging_mixin.py:188} INFO - [2024-03-12T12:10:50.983+0000] {dagbag.py:540} INFO - Filling up the DagBag from /home/airflow/.local/lib/python3.8/site-packages/airflow/example_dags/example_branch_operator.py
[2024-03-12T12:10:51.000+0000] {processor.py:840} INFO - DAG(s) 'example_branch_operator' retrieved from /home/airflow/.local/lib/python3.8/site-packages/airflow/example_dags/example_branch_operator.py
[2024-03-12T12:10:51.027+0000] {logging_mixin.py:188} INFO - [2024-03-12T12:10:51.027+0000] {dag.py:3047} INFO - Sync 1 DAGs
[2024-03-12T12:10:51.041+0000] {logging_mixin.py:188} INFO - [2024-03-12T12:10:51.041+0000] {dag.py:3834} INFO - Setting next_dagrun for example_branch_operator to 2024-03-11 00:00:00+00:00, run_after=2024-03-12 00:00:00+00:00
[2024-03-12T12:10:51.054+0000] {processor.py:183} INFO - Processing /home/airflow/.local/lib/python3.8/site-packages/airflow/example_dags/example_branch_operator.py took 0.077 seconds
