[2024-03-12T11:50:06.242+0000] {processor.py:161} INFO - Started process (PID=356) to work on /home/airflow/.local/lib/python3.8/site-packages/airflow/example_dags/example_external_task_marker_dag.py
[2024-03-12T11:50:06.244+0000] {processor.py:830} INFO - Processing file /home/airflow/.local/lib/python3.8/site-packages/airflow/example_dags/example_external_task_marker_dag.py for tasks to queue
[2024-03-12T11:50:06.245+0000] {logging_mixin.py:188} INFO - [2024-03-12T11:50:06.245+0000] {dagbag.py:540} INFO - Filling up the DagBag from /home/airflow/.local/lib/python3.8/site-packages/airflow/example_dags/example_external_task_marker_dag.py
[2024-03-12T11:50:06.251+0000] {processor.py:840} INFO - DAG(s) 'example_external_task_marker_parent', 'example_external_task_marker_child' retrieved from /home/airflow/.local/lib/python3.8/site-packages/airflow/example_dags/example_external_task_marker_dag.py
[2024-03-12T11:50:06.269+0000] {logging_mixin.py:188} INFO - [2024-03-12T11:50:06.269+0000] {dag.py:3047} INFO - Sync 2 DAGs
[2024-03-12T11:50:06.277+0000] {logging_mixin.py:188} INFO - [2024-03-12T11:50:06.277+0000] {dag.py:3834} INFO - Setting next_dagrun for example_external_task_marker_child to None, run_after=None
[2024-03-12T11:50:06.279+0000] {logging_mixin.py:188} INFO - [2024-03-12T11:50:06.279+0000] {dag.py:3834} INFO - Setting next_dagrun for example_external_task_marker_parent to None, run_after=None
[2024-03-12T11:50:06.288+0000] {processor.py:183} INFO - Processing /home/airflow/.local/lib/python3.8/site-packages/airflow/example_dags/example_external_task_marker_dag.py took 0.049 seconds
[2024-03-12T11:50:36.979+0000] {processor.py:161} INFO - Started process (PID=601) to work on /home/airflow/.local/lib/python3.8/site-packages/airflow/example_dags/example_external_task_marker_dag.py
[2024-03-12T11:50:36.980+0000] {processor.py:830} INFO - Processing file /home/airflow/.local/lib/python3.8/site-packages/airflow/example_dags/example_external_task_marker_dag.py for tasks to queue
[2024-03-12T11:50:36.981+0000] {logging_mixin.py:188} INFO - [2024-03-12T11:50:36.981+0000] {dagbag.py:540} INFO - Filling up the DagBag from /home/airflow/.local/lib/python3.8/site-packages/airflow/example_dags/example_external_task_marker_dag.py
[2024-03-12T11:50:36.986+0000] {processor.py:840} INFO - DAG(s) 'example_external_task_marker_parent', 'example_external_task_marker_child' retrieved from /home/airflow/.local/lib/python3.8/site-packages/airflow/example_dags/example_external_task_marker_dag.py
[2024-03-12T11:50:37.005+0000] {logging_mixin.py:188} INFO - [2024-03-12T11:50:37.005+0000] {dag.py:3047} INFO - Sync 2 DAGs
[2024-03-12T11:50:37.014+0000] {logging_mixin.py:188} INFO - [2024-03-12T11:50:37.013+0000] {dag.py:3834} INFO - Setting next_dagrun for example_external_task_marker_child to None, run_after=None
[2024-03-12T11:50:37.016+0000] {logging_mixin.py:188} INFO - [2024-03-12T11:50:37.016+0000] {dag.py:3834} INFO - Setting next_dagrun for example_external_task_marker_parent to None, run_after=None
[2024-03-12T11:50:37.030+0000] {processor.py:183} INFO - Processing /home/airflow/.local/lib/python3.8/site-packages/airflow/example_dags/example_external_task_marker_dag.py took 0.053 seconds
[2024-03-12T11:51:07.604+0000] {processor.py:161} INFO - Started process (PID=848) to work on /home/airflow/.local/lib/python3.8/site-packages/airflow/example_dags/example_external_task_marker_dag.py
[2024-03-12T11:51:07.605+0000] {processor.py:830} INFO - Processing file /home/airflow/.local/lib/python3.8/site-packages/airflow/example_dags/example_external_task_marker_dag.py for tasks to queue
[2024-03-12T11:51:07.607+0000] {logging_mixin.py:188} INFO - [2024-03-12T11:51:07.606+0000] {dagbag.py:540} INFO - Filling up the DagBag from /home/airflow/.local/lib/python3.8/site-packages/airflow/example_dags/example_external_task_marker_dag.py
[2024-03-12T11:51:07.613+0000] {processor.py:840} INFO - DAG(s) 'example_external_task_marker_child', 'example_external_task_marker_parent' retrieved from /home/airflow/.local/lib/python3.8/site-packages/airflow/example_dags/example_external_task_marker_dag.py
[2024-03-12T11:51:07.634+0000] {logging_mixin.py:188} INFO - [2024-03-12T11:51:07.634+0000] {dag.py:3047} INFO - Sync 2 DAGs
[2024-03-12T11:51:07.643+0000] {logging_mixin.py:188} INFO - [2024-03-12T11:51:07.643+0000] {dag.py:3834} INFO - Setting next_dagrun for example_external_task_marker_child to None, run_after=None
[2024-03-12T11:51:07.646+0000] {logging_mixin.py:188} INFO - [2024-03-12T11:51:07.646+0000] {dag.py:3834} INFO - Setting next_dagrun for example_external_task_marker_parent to None, run_after=None
[2024-03-12T11:51:07.656+0000] {processor.py:183} INFO - Processing /home/airflow/.local/lib/python3.8/site-packages/airflow/example_dags/example_external_task_marker_dag.py took 0.055 seconds
[2024-03-12T11:51:37.949+0000] {processor.py:161} INFO - Started process (PID=1095) to work on /home/airflow/.local/lib/python3.8/site-packages/airflow/example_dags/example_external_task_marker_dag.py
[2024-03-12T11:51:37.951+0000] {processor.py:830} INFO - Processing file /home/airflow/.local/lib/python3.8/site-packages/airflow/example_dags/example_external_task_marker_dag.py for tasks to queue
[2024-03-12T11:51:37.952+0000] {logging_mixin.py:188} INFO - [2024-03-12T11:51:37.952+0000] {dagbag.py:540} INFO - Filling up the DagBag from /home/airflow/.local/lib/python3.8/site-packages/airflow/example_dags/example_external_task_marker_dag.py
[2024-03-12T11:51:37.957+0000] {processor.py:840} INFO - DAG(s) 'example_external_task_marker_child', 'example_external_task_marker_parent' retrieved from /home/airflow/.local/lib/python3.8/site-packages/airflow/example_dags/example_external_task_marker_dag.py
[2024-03-12T11:51:37.976+0000] {logging_mixin.py:188} INFO - [2024-03-12T11:51:37.976+0000] {dag.py:3047} INFO - Sync 2 DAGs
[2024-03-12T11:51:37.984+0000] {logging_mixin.py:188} INFO - [2024-03-12T11:51:37.984+0000] {dag.py:3834} INFO - Setting next_dagrun for example_external_task_marker_child to None, run_after=None
[2024-03-12T11:51:37.987+0000] {logging_mixin.py:188} INFO - [2024-03-12T11:51:37.987+0000] {dag.py:3834} INFO - Setting next_dagrun for example_external_task_marker_parent to None, run_after=None
[2024-03-12T11:51:37.997+0000] {processor.py:183} INFO - Processing /home/airflow/.local/lib/python3.8/site-packages/airflow/example_dags/example_external_task_marker_dag.py took 0.050 seconds
[2024-03-12T11:52:08.766+0000] {processor.py:161} INFO - Started process (PID=1342) to work on /home/airflow/.local/lib/python3.8/site-packages/airflow/example_dags/example_external_task_marker_dag.py
[2024-03-12T11:52:08.768+0000] {processor.py:830} INFO - Processing file /home/airflow/.local/lib/python3.8/site-packages/airflow/example_dags/example_external_task_marker_dag.py for tasks to queue
[2024-03-12T11:52:08.769+0000] {logging_mixin.py:188} INFO - [2024-03-12T11:52:08.769+0000] {dagbag.py:540} INFO - Filling up the DagBag from /home/airflow/.local/lib/python3.8/site-packages/airflow/example_dags/example_external_task_marker_dag.py
[2024-03-12T11:52:08.774+0000] {processor.py:840} INFO - DAG(s) 'example_external_task_marker_child', 'example_external_task_marker_parent' retrieved from /home/airflow/.local/lib/python3.8/site-packages/airflow/example_dags/example_external_task_marker_dag.py
[2024-03-12T11:52:08.793+0000] {logging_mixin.py:188} INFO - [2024-03-12T11:52:08.793+0000] {dag.py:3047} INFO - Sync 2 DAGs
[2024-03-12T11:52:08.802+0000] {logging_mixin.py:188} INFO - [2024-03-12T11:52:08.802+0000] {dag.py:3834} INFO - Setting next_dagrun for example_external_task_marker_child to None, run_after=None
[2024-03-12T11:52:08.805+0000] {logging_mixin.py:188} INFO - [2024-03-12T11:52:08.805+0000] {dag.py:3834} INFO - Setting next_dagrun for example_external_task_marker_parent to None, run_after=None
[2024-03-12T11:52:08.816+0000] {processor.py:183} INFO - Processing /home/airflow/.local/lib/python3.8/site-packages/airflow/example_dags/example_external_task_marker_dag.py took 0.052 seconds
[2024-03-12T11:52:40.298+0000] {processor.py:161} INFO - Started process (PID=1591) to work on /home/airflow/.local/lib/python3.8/site-packages/airflow/example_dags/example_external_task_marker_dag.py
[2024-03-12T11:52:40.299+0000] {processor.py:830} INFO - Processing file /home/airflow/.local/lib/python3.8/site-packages/airflow/example_dags/example_external_task_marker_dag.py for tasks to queue
[2024-03-12T11:52:40.300+0000] {logging_mixin.py:188} INFO - [2024-03-12T11:52:40.300+0000] {dagbag.py:540} INFO - Filling up the DagBag from /home/airflow/.local/lib/python3.8/site-packages/airflow/example_dags/example_external_task_marker_dag.py
[2024-03-12T11:52:40.306+0000] {processor.py:840} INFO - DAG(s) 'example_external_task_marker_child', 'example_external_task_marker_parent' retrieved from /home/airflow/.local/lib/python3.8/site-packages/airflow/example_dags/example_external_task_marker_dag.py
[2024-03-12T11:52:40.334+0000] {logging_mixin.py:188} INFO - [2024-03-12T11:52:40.334+0000] {dag.py:3047} INFO - Sync 2 DAGs
[2024-03-12T11:52:40.346+0000] {logging_mixin.py:188} INFO - [2024-03-12T11:52:40.346+0000] {dag.py:3834} INFO - Setting next_dagrun for example_external_task_marker_child to None, run_after=None
[2024-03-12T11:52:40.349+0000] {logging_mixin.py:188} INFO - [2024-03-12T11:52:40.349+0000] {dag.py:3834} INFO - Setting next_dagrun for example_external_task_marker_parent to None, run_after=None
[2024-03-12T11:52:40.361+0000] {processor.py:183} INFO - Processing /home/airflow/.local/lib/python3.8/site-packages/airflow/example_dags/example_external_task_marker_dag.py took 0.066 seconds
[2024-03-12T11:53:11.557+0000] {processor.py:161} INFO - Started process (PID=1836) to work on /home/airflow/.local/lib/python3.8/site-packages/airflow/example_dags/example_external_task_marker_dag.py
[2024-03-12T11:53:11.560+0000] {processor.py:830} INFO - Processing file /home/airflow/.local/lib/python3.8/site-packages/airflow/example_dags/example_external_task_marker_dag.py for tasks to queue
[2024-03-12T11:53:11.562+0000] {logging_mixin.py:188} INFO - [2024-03-12T11:53:11.562+0000] {dagbag.py:540} INFO - Filling up the DagBag from /home/airflow/.local/lib/python3.8/site-packages/airflow/example_dags/example_external_task_marker_dag.py
[2024-03-12T11:53:11.569+0000] {processor.py:840} INFO - DAG(s) 'example_external_task_marker_parent', 'example_external_task_marker_child' retrieved from /home/airflow/.local/lib/python3.8/site-packages/airflow/example_dags/example_external_task_marker_dag.py
[2024-03-12T11:53:11.605+0000] {logging_mixin.py:188} INFO - [2024-03-12T11:53:11.605+0000] {dag.py:3047} INFO - Sync 2 DAGs
[2024-03-12T11:53:11.622+0000] {logging_mixin.py:188} INFO - [2024-03-12T11:53:11.621+0000] {dag.py:3834} INFO - Setting next_dagrun for example_external_task_marker_child to None, run_after=None
[2024-03-12T11:53:11.627+0000] {logging_mixin.py:188} INFO - [2024-03-12T11:53:11.627+0000] {dag.py:3834} INFO - Setting next_dagrun for example_external_task_marker_parent to None, run_after=None
[2024-03-12T11:53:11.652+0000] {processor.py:183} INFO - Processing /home/airflow/.local/lib/python3.8/site-packages/airflow/example_dags/example_external_task_marker_dag.py took 0.099 seconds
[2024-03-12T11:53:42.497+0000] {processor.py:161} INFO - Started process (PID=2083) to work on /home/airflow/.local/lib/python3.8/site-packages/airflow/example_dags/example_external_task_marker_dag.py
[2024-03-12T11:53:42.499+0000] {processor.py:830} INFO - Processing file /home/airflow/.local/lib/python3.8/site-packages/airflow/example_dags/example_external_task_marker_dag.py for tasks to queue
[2024-03-12T11:53:42.501+0000] {logging_mixin.py:188} INFO - [2024-03-12T11:53:42.501+0000] {dagbag.py:540} INFO - Filling up the DagBag from /home/airflow/.local/lib/python3.8/site-packages/airflow/example_dags/example_external_task_marker_dag.py
[2024-03-12T11:53:42.508+0000] {processor.py:840} INFO - DAG(s) 'example_external_task_marker_parent', 'example_external_task_marker_child' retrieved from /home/airflow/.local/lib/python3.8/site-packages/airflow/example_dags/example_external_task_marker_dag.py
[2024-03-12T11:53:42.535+0000] {logging_mixin.py:188} INFO - [2024-03-12T11:53:42.535+0000] {dag.py:3047} INFO - Sync 2 DAGs
[2024-03-12T11:53:42.547+0000] {logging_mixin.py:188} INFO - [2024-03-12T11:53:42.547+0000] {dag.py:3834} INFO - Setting next_dagrun for example_external_task_marker_child to None, run_after=None
[2024-03-12T11:53:42.550+0000] {logging_mixin.py:188} INFO - [2024-03-12T11:53:42.550+0000] {dag.py:3834} INFO - Setting next_dagrun for example_external_task_marker_parent to None, run_after=None
[2024-03-12T11:53:42.562+0000] {processor.py:183} INFO - Processing /home/airflow/.local/lib/python3.8/site-packages/airflow/example_dags/example_external_task_marker_dag.py took 0.069 seconds
[2024-03-12T11:54:14.673+0000] {processor.py:161} INFO - Started process (PID=2332) to work on /home/airflow/.local/lib/python3.8/site-packages/airflow/example_dags/example_external_task_marker_dag.py
[2024-03-12T11:54:14.675+0000] {processor.py:830} INFO - Processing file /home/airflow/.local/lib/python3.8/site-packages/airflow/example_dags/example_external_task_marker_dag.py for tasks to queue
[2024-03-12T11:54:14.676+0000] {logging_mixin.py:188} INFO - [2024-03-12T11:54:14.676+0000] {dagbag.py:540} INFO - Filling up the DagBag from /home/airflow/.local/lib/python3.8/site-packages/airflow/example_dags/example_external_task_marker_dag.py
[2024-03-12T11:54:14.684+0000] {processor.py:840} INFO - DAG(s) 'example_external_task_marker_parent', 'example_external_task_marker_child' retrieved from /home/airflow/.local/lib/python3.8/site-packages/airflow/example_dags/example_external_task_marker_dag.py
[2024-03-12T11:54:14.705+0000] {logging_mixin.py:188} INFO - [2024-03-12T11:54:14.704+0000] {dag.py:3047} INFO - Sync 2 DAGs
[2024-03-12T11:54:14.713+0000] {logging_mixin.py:188} INFO - [2024-03-12T11:54:14.713+0000] {dag.py:3834} INFO - Setting next_dagrun for example_external_task_marker_child to None, run_after=None
[2024-03-12T11:54:14.719+0000] {logging_mixin.py:188} INFO - [2024-03-12T11:54:14.718+0000] {dag.py:3834} INFO - Setting next_dagrun for example_external_task_marker_parent to None, run_after=None
[2024-03-12T11:54:14.732+0000] {processor.py:183} INFO - Processing /home/airflow/.local/lib/python3.8/site-packages/airflow/example_dags/example_external_task_marker_dag.py took 0.062 seconds
[2024-03-12T11:54:44.785+0000] {processor.py:161} INFO - Started process (PID=2579) to work on /home/airflow/.local/lib/python3.8/site-packages/airflow/example_dags/example_external_task_marker_dag.py
[2024-03-12T11:54:44.787+0000] {processor.py:830} INFO - Processing file /home/airflow/.local/lib/python3.8/site-packages/airflow/example_dags/example_external_task_marker_dag.py for tasks to queue
[2024-03-12T11:54:44.788+0000] {logging_mixin.py:188} INFO - [2024-03-12T11:54:44.787+0000] {dagbag.py:540} INFO - Filling up the DagBag from /home/airflow/.local/lib/python3.8/site-packages/airflow/example_dags/example_external_task_marker_dag.py
[2024-03-12T11:54:44.792+0000] {processor.py:840} INFO - DAG(s) 'example_external_task_marker_child', 'example_external_task_marker_parent' retrieved from /home/airflow/.local/lib/python3.8/site-packages/airflow/example_dags/example_external_task_marker_dag.py
[2024-03-12T11:54:44.809+0000] {logging_mixin.py:188} INFO - [2024-03-12T11:54:44.809+0000] {dag.py:3047} INFO - Sync 2 DAGs
[2024-03-12T11:54:44.817+0000] {logging_mixin.py:188} INFO - [2024-03-12T11:54:44.817+0000] {dag.py:3834} INFO - Setting next_dagrun for example_external_task_marker_child to None, run_after=None
[2024-03-12T11:54:44.819+0000] {logging_mixin.py:188} INFO - [2024-03-12T11:54:44.819+0000] {dag.py:3834} INFO - Setting next_dagrun for example_external_task_marker_parent to None, run_after=None
[2024-03-12T11:54:44.827+0000] {processor.py:183} INFO - Processing /home/airflow/.local/lib/python3.8/site-packages/airflow/example_dags/example_external_task_marker_dag.py took 0.045 seconds
[2024-03-12T11:55:15.020+0000] {processor.py:161} INFO - Started process (PID=2824) to work on /home/airflow/.local/lib/python3.8/site-packages/airflow/example_dags/example_external_task_marker_dag.py
[2024-03-12T11:55:15.022+0000] {processor.py:830} INFO - Processing file /home/airflow/.local/lib/python3.8/site-packages/airflow/example_dags/example_external_task_marker_dag.py for tasks to queue
[2024-03-12T11:55:15.023+0000] {logging_mixin.py:188} INFO - [2024-03-12T11:55:15.023+0000] {dagbag.py:540} INFO - Filling up the DagBag from /home/airflow/.local/lib/python3.8/site-packages/airflow/example_dags/example_external_task_marker_dag.py
[2024-03-12T11:55:15.029+0000] {processor.py:840} INFO - DAG(s) 'example_external_task_marker_child', 'example_external_task_marker_parent' retrieved from /home/airflow/.local/lib/python3.8/site-packages/airflow/example_dags/example_external_task_marker_dag.py
[2024-03-12T11:55:15.048+0000] {logging_mixin.py:188} INFO - [2024-03-12T11:55:15.048+0000] {dag.py:3047} INFO - Sync 2 DAGs
[2024-03-12T11:55:15.056+0000] {logging_mixin.py:188} INFO - [2024-03-12T11:55:15.056+0000] {dag.py:3834} INFO - Setting next_dagrun for example_external_task_marker_child to None, run_after=None
[2024-03-12T11:55:15.059+0000] {logging_mixin.py:188} INFO - [2024-03-12T11:55:15.059+0000] {dag.py:3834} INFO - Setting next_dagrun for example_external_task_marker_parent to None, run_after=None
[2024-03-12T11:55:15.071+0000] {processor.py:183} INFO - Processing /home/airflow/.local/lib/python3.8/site-packages/airflow/example_dags/example_external_task_marker_dag.py took 0.054 seconds
[2024-03-12T11:55:45.596+0000] {processor.py:161} INFO - Started process (PID=3071) to work on /home/airflow/.local/lib/python3.8/site-packages/airflow/example_dags/example_external_task_marker_dag.py
[2024-03-12T11:55:45.597+0000] {processor.py:830} INFO - Processing file /home/airflow/.local/lib/python3.8/site-packages/airflow/example_dags/example_external_task_marker_dag.py for tasks to queue
[2024-03-12T11:55:45.598+0000] {logging_mixin.py:188} INFO - [2024-03-12T11:55:45.598+0000] {dagbag.py:540} INFO - Filling up the DagBag from /home/airflow/.local/lib/python3.8/site-packages/airflow/example_dags/example_external_task_marker_dag.py
[2024-03-12T11:55:45.603+0000] {processor.py:840} INFO - DAG(s) 'example_external_task_marker_parent', 'example_external_task_marker_child' retrieved from /home/airflow/.local/lib/python3.8/site-packages/airflow/example_dags/example_external_task_marker_dag.py
[2024-03-12T11:55:45.622+0000] {logging_mixin.py:188} INFO - [2024-03-12T11:55:45.621+0000] {dag.py:3047} INFO - Sync 2 DAGs
[2024-03-12T11:55:45.630+0000] {logging_mixin.py:188} INFO - [2024-03-12T11:55:45.630+0000] {dag.py:3834} INFO - Setting next_dagrun for example_external_task_marker_child to None, run_after=None
[2024-03-12T11:55:45.633+0000] {logging_mixin.py:188} INFO - [2024-03-12T11:55:45.633+0000] {dag.py:3834} INFO - Setting next_dagrun for example_external_task_marker_parent to None, run_after=None
[2024-03-12T11:55:45.642+0000] {processor.py:183} INFO - Processing /home/airflow/.local/lib/python3.8/site-packages/airflow/example_dags/example_external_task_marker_dag.py took 0.050 seconds
[2024-03-12T11:57:08.580+0000] {processor.py:161} INFO - Started process (PID=356) to work on /home/airflow/.local/lib/python3.8/site-packages/airflow/example_dags/example_external_task_marker_dag.py
[2024-03-12T11:57:08.582+0000] {processor.py:830} INFO - Processing file /home/airflow/.local/lib/python3.8/site-packages/airflow/example_dags/example_external_task_marker_dag.py for tasks to queue
[2024-03-12T11:57:08.582+0000] {logging_mixin.py:188} INFO - [2024-03-12T11:57:08.582+0000] {dagbag.py:540} INFO - Filling up the DagBag from /home/airflow/.local/lib/python3.8/site-packages/airflow/example_dags/example_external_task_marker_dag.py
[2024-03-12T11:57:08.588+0000] {processor.py:840} INFO - DAG(s) 'example_external_task_marker_child', 'example_external_task_marker_parent' retrieved from /home/airflow/.local/lib/python3.8/site-packages/airflow/example_dags/example_external_task_marker_dag.py
[2024-03-12T11:57:08.607+0000] {logging_mixin.py:188} INFO - [2024-03-12T11:57:08.607+0000] {dag.py:3047} INFO - Sync 2 DAGs
[2024-03-12T11:57:08.616+0000] {logging_mixin.py:188} INFO - [2024-03-12T11:57:08.615+0000] {dag.py:3834} INFO - Setting next_dagrun for example_external_task_marker_child to None, run_after=None
[2024-03-12T11:57:08.619+0000] {logging_mixin.py:188} INFO - [2024-03-12T11:57:08.619+0000] {dag.py:3834} INFO - Setting next_dagrun for example_external_task_marker_parent to None, run_after=None
[2024-03-12T11:57:08.628+0000] {processor.py:183} INFO - Processing /home/airflow/.local/lib/python3.8/site-packages/airflow/example_dags/example_external_task_marker_dag.py took 0.050 seconds
[2024-03-12T11:57:38.790+0000] {processor.py:161} INFO - Started process (PID=603) to work on /home/airflow/.local/lib/python3.8/site-packages/airflow/example_dags/example_external_task_marker_dag.py
[2024-03-12T11:57:38.792+0000] {processor.py:830} INFO - Processing file /home/airflow/.local/lib/python3.8/site-packages/airflow/example_dags/example_external_task_marker_dag.py for tasks to queue
[2024-03-12T11:57:38.793+0000] {logging_mixin.py:188} INFO - [2024-03-12T11:57:38.793+0000] {dagbag.py:540} INFO - Filling up the DagBag from /home/airflow/.local/lib/python3.8/site-packages/airflow/example_dags/example_external_task_marker_dag.py
[2024-03-12T11:57:38.798+0000] {processor.py:840} INFO - DAG(s) 'example_external_task_marker_child', 'example_external_task_marker_parent' retrieved from /home/airflow/.local/lib/python3.8/site-packages/airflow/example_dags/example_external_task_marker_dag.py
[2024-03-12T11:57:38.816+0000] {logging_mixin.py:188} INFO - [2024-03-12T11:57:38.816+0000] {dag.py:3047} INFO - Sync 2 DAGs
[2024-03-12T11:57:38.824+0000] {logging_mixin.py:188} INFO - [2024-03-12T11:57:38.824+0000] {dag.py:3834} INFO - Setting next_dagrun for example_external_task_marker_child to None, run_after=None
[2024-03-12T11:57:38.831+0000] {logging_mixin.py:188} INFO - [2024-03-12T11:57:38.831+0000] {dag.py:3834} INFO - Setting next_dagrun for example_external_task_marker_parent to None, run_after=None
[2024-03-12T11:57:38.854+0000] {processor.py:183} INFO - Processing /home/airflow/.local/lib/python3.8/site-packages/airflow/example_dags/example_external_task_marker_dag.py took 0.067 seconds
[2024-03-12T11:58:36.340+0000] {processor.py:161} INFO - Started process (PID=356) to work on /home/airflow/.local/lib/python3.8/site-packages/airflow/example_dags/example_external_task_marker_dag.py
[2024-03-12T11:58:36.342+0000] {processor.py:830} INFO - Processing file /home/airflow/.local/lib/python3.8/site-packages/airflow/example_dags/example_external_task_marker_dag.py for tasks to queue
[2024-03-12T11:58:36.343+0000] {logging_mixin.py:188} INFO - [2024-03-12T11:58:36.343+0000] {dagbag.py:540} INFO - Filling up the DagBag from /home/airflow/.local/lib/python3.8/site-packages/airflow/example_dags/example_external_task_marker_dag.py
[2024-03-12T11:58:36.349+0000] {processor.py:840} INFO - DAG(s) 'example_external_task_marker_parent', 'example_external_task_marker_child' retrieved from /home/airflow/.local/lib/python3.8/site-packages/airflow/example_dags/example_external_task_marker_dag.py
[2024-03-12T11:58:36.367+0000] {logging_mixin.py:188} INFO - [2024-03-12T11:58:36.367+0000] {dag.py:3047} INFO - Sync 2 DAGs
[2024-03-12T11:58:36.375+0000] {logging_mixin.py:188} INFO - [2024-03-12T11:58:36.375+0000] {dag.py:3834} INFO - Setting next_dagrun for example_external_task_marker_child to None, run_after=None
[2024-03-12T11:58:36.378+0000] {logging_mixin.py:188} INFO - [2024-03-12T11:58:36.378+0000] {dag.py:3834} INFO - Setting next_dagrun for example_external_task_marker_parent to None, run_after=None
[2024-03-12T11:58:36.388+0000] {processor.py:183} INFO - Processing /home/airflow/.local/lib/python3.8/site-packages/airflow/example_dags/example_external_task_marker_dag.py took 0.051 seconds
[2024-03-12T11:59:06.436+0000] {processor.py:161} INFO - Started process (PID=601) to work on /home/airflow/.local/lib/python3.8/site-packages/airflow/example_dags/example_external_task_marker_dag.py
[2024-03-12T11:59:06.438+0000] {processor.py:830} INFO - Processing file /home/airflow/.local/lib/python3.8/site-packages/airflow/example_dags/example_external_task_marker_dag.py for tasks to queue
[2024-03-12T11:59:06.440+0000] {logging_mixin.py:188} INFO - [2024-03-12T11:59:06.440+0000] {dagbag.py:540} INFO - Filling up the DagBag from /home/airflow/.local/lib/python3.8/site-packages/airflow/example_dags/example_external_task_marker_dag.py
[2024-03-12T11:59:06.446+0000] {processor.py:840} INFO - DAG(s) 'example_external_task_marker_child', 'example_external_task_marker_parent' retrieved from /home/airflow/.local/lib/python3.8/site-packages/airflow/example_dags/example_external_task_marker_dag.py
[2024-03-12T11:59:06.466+0000] {logging_mixin.py:188} INFO - [2024-03-12T11:59:06.465+0000] {dag.py:3047} INFO - Sync 2 DAGs
[2024-03-12T11:59:06.473+0000] {logging_mixin.py:188} INFO - [2024-03-12T11:59:06.473+0000] {dag.py:3834} INFO - Setting next_dagrun for example_external_task_marker_child to None, run_after=None
[2024-03-12T11:59:06.476+0000] {logging_mixin.py:188} INFO - [2024-03-12T11:59:06.476+0000] {dag.py:3834} INFO - Setting next_dagrun for example_external_task_marker_parent to None, run_after=None
[2024-03-12T11:59:06.485+0000] {processor.py:183} INFO - Processing /home/airflow/.local/lib/python3.8/site-packages/airflow/example_dags/example_external_task_marker_dag.py took 0.052 seconds
[2024-03-12T11:59:36.959+0000] {processor.py:161} INFO - Started process (PID=850) to work on /home/airflow/.local/lib/python3.8/site-packages/airflow/example_dags/example_external_task_marker_dag.py
[2024-03-12T11:59:36.960+0000] {processor.py:830} INFO - Processing file /home/airflow/.local/lib/python3.8/site-packages/airflow/example_dags/example_external_task_marker_dag.py for tasks to queue
[2024-03-12T11:59:36.961+0000] {logging_mixin.py:188} INFO - [2024-03-12T11:59:36.961+0000] {dagbag.py:540} INFO - Filling up the DagBag from /home/airflow/.local/lib/python3.8/site-packages/airflow/example_dags/example_external_task_marker_dag.py
[2024-03-12T11:59:36.966+0000] {processor.py:840} INFO - DAG(s) 'example_external_task_marker_parent', 'example_external_task_marker_child' retrieved from /home/airflow/.local/lib/python3.8/site-packages/airflow/example_dags/example_external_task_marker_dag.py
[2024-03-12T11:59:36.985+0000] {logging_mixin.py:188} INFO - [2024-03-12T11:59:36.985+0000] {dag.py:3047} INFO - Sync 2 DAGs
[2024-03-12T11:59:37.012+0000] {logging_mixin.py:188} INFO - [2024-03-12T11:59:37.011+0000] {dag.py:3834} INFO - Setting next_dagrun for example_external_task_marker_child to None, run_after=None
[2024-03-12T11:59:37.018+0000] {logging_mixin.py:188} INFO - [2024-03-12T11:59:37.017+0000] {dag.py:3834} INFO - Setting next_dagrun for example_external_task_marker_parent to None, run_after=None
[2024-03-12T11:59:37.081+0000] {processor.py:183} INFO - Processing /home/airflow/.local/lib/python3.8/site-packages/airflow/example_dags/example_external_task_marker_dag.py took 0.125 seconds
[2024-03-12T12:00:07.811+0000] {processor.py:161} INFO - Started process (PID=1095) to work on /home/airflow/.local/lib/python3.8/site-packages/airflow/example_dags/example_external_task_marker_dag.py
[2024-03-12T12:00:07.812+0000] {processor.py:830} INFO - Processing file /home/airflow/.local/lib/python3.8/site-packages/airflow/example_dags/example_external_task_marker_dag.py for tasks to queue
[2024-03-12T12:00:07.813+0000] {logging_mixin.py:188} INFO - [2024-03-12T12:00:07.813+0000] {dagbag.py:540} INFO - Filling up the DagBag from /home/airflow/.local/lib/python3.8/site-packages/airflow/example_dags/example_external_task_marker_dag.py
[2024-03-12T12:00:07.818+0000] {processor.py:840} INFO - DAG(s) 'example_external_task_marker_child', 'example_external_task_marker_parent' retrieved from /home/airflow/.local/lib/python3.8/site-packages/airflow/example_dags/example_external_task_marker_dag.py
[2024-03-12T12:00:07.836+0000] {logging_mixin.py:188} INFO - [2024-03-12T12:00:07.836+0000] {dag.py:3047} INFO - Sync 2 DAGs
[2024-03-12T12:00:07.844+0000] {logging_mixin.py:188} INFO - [2024-03-12T12:00:07.844+0000] {dag.py:3834} INFO - Setting next_dagrun for example_external_task_marker_child to None, run_after=None
[2024-03-12T12:00:07.847+0000] {logging_mixin.py:188} INFO - [2024-03-12T12:00:07.847+0000] {dag.py:3834} INFO - Setting next_dagrun for example_external_task_marker_parent to None, run_after=None
[2024-03-12T12:00:07.857+0000] {processor.py:183} INFO - Processing /home/airflow/.local/lib/python3.8/site-packages/airflow/example_dags/example_external_task_marker_dag.py took 0.049 seconds
[2024-03-12T12:00:38.929+0000] {processor.py:161} INFO - Started process (PID=1342) to work on /home/airflow/.local/lib/python3.8/site-packages/airflow/example_dags/example_external_task_marker_dag.py
[2024-03-12T12:00:38.930+0000] {processor.py:830} INFO - Processing file /home/airflow/.local/lib/python3.8/site-packages/airflow/example_dags/example_external_task_marker_dag.py for tasks to queue
[2024-03-12T12:00:38.931+0000] {logging_mixin.py:188} INFO - [2024-03-12T12:00:38.931+0000] {dagbag.py:540} INFO - Filling up the DagBag from /home/airflow/.local/lib/python3.8/site-packages/airflow/example_dags/example_external_task_marker_dag.py
[2024-03-12T12:00:38.936+0000] {processor.py:840} INFO - DAG(s) 'example_external_task_marker_child', 'example_external_task_marker_parent' retrieved from /home/airflow/.local/lib/python3.8/site-packages/airflow/example_dags/example_external_task_marker_dag.py
[2024-03-12T12:00:38.955+0000] {logging_mixin.py:188} INFO - [2024-03-12T12:00:38.955+0000] {dag.py:3047} INFO - Sync 2 DAGs
[2024-03-12T12:00:38.963+0000] {logging_mixin.py:188} INFO - [2024-03-12T12:00:38.963+0000] {dag.py:3834} INFO - Setting next_dagrun for example_external_task_marker_child to None, run_after=None
[2024-03-12T12:00:38.965+0000] {logging_mixin.py:188} INFO - [2024-03-12T12:00:38.965+0000] {dag.py:3834} INFO - Setting next_dagrun for example_external_task_marker_parent to None, run_after=None
[2024-03-12T12:00:38.974+0000] {processor.py:183} INFO - Processing /home/airflow/.local/lib/python3.8/site-packages/airflow/example_dags/example_external_task_marker_dag.py took 0.049 seconds
[2024-03-12T12:01:09.653+0000] {processor.py:161} INFO - Started process (PID=1589) to work on /home/airflow/.local/lib/python3.8/site-packages/airflow/example_dags/example_external_task_marker_dag.py
[2024-03-12T12:01:09.655+0000] {processor.py:830} INFO - Processing file /home/airflow/.local/lib/python3.8/site-packages/airflow/example_dags/example_external_task_marker_dag.py for tasks to queue
[2024-03-12T12:01:09.656+0000] {logging_mixin.py:188} INFO - [2024-03-12T12:01:09.655+0000] {dagbag.py:540} INFO - Filling up the DagBag from /home/airflow/.local/lib/python3.8/site-packages/airflow/example_dags/example_external_task_marker_dag.py
[2024-03-12T12:01:09.660+0000] {processor.py:840} INFO - DAG(s) 'example_external_task_marker_child', 'example_external_task_marker_parent' retrieved from /home/airflow/.local/lib/python3.8/site-packages/airflow/example_dags/example_external_task_marker_dag.py
[2024-03-12T12:01:09.680+0000] {logging_mixin.py:188} INFO - [2024-03-12T12:01:09.680+0000] {dag.py:3047} INFO - Sync 2 DAGs
[2024-03-12T12:01:09.690+0000] {logging_mixin.py:188} INFO - [2024-03-12T12:01:09.690+0000] {dag.py:3834} INFO - Setting next_dagrun for example_external_task_marker_child to None, run_after=None
[2024-03-12T12:01:09.694+0000] {logging_mixin.py:188} INFO - [2024-03-12T12:01:09.694+0000] {dag.py:3834} INFO - Setting next_dagrun for example_external_task_marker_parent to None, run_after=None
[2024-03-12T12:01:09.708+0000] {processor.py:183} INFO - Processing /home/airflow/.local/lib/python3.8/site-packages/airflow/example_dags/example_external_task_marker_dag.py took 0.057 seconds
[2024-03-12T12:01:40.760+0000] {processor.py:161} INFO - Started process (PID=1836) to work on /home/airflow/.local/lib/python3.8/site-packages/airflow/example_dags/example_external_task_marker_dag.py
[2024-03-12T12:01:40.761+0000] {processor.py:830} INFO - Processing file /home/airflow/.local/lib/python3.8/site-packages/airflow/example_dags/example_external_task_marker_dag.py for tasks to queue
[2024-03-12T12:01:40.763+0000] {logging_mixin.py:188} INFO - [2024-03-12T12:01:40.762+0000] {dagbag.py:540} INFO - Filling up the DagBag from /home/airflow/.local/lib/python3.8/site-packages/airflow/example_dags/example_external_task_marker_dag.py
[2024-03-12T12:01:40.767+0000] {processor.py:840} INFO - DAG(s) 'example_external_task_marker_parent', 'example_external_task_marker_child' retrieved from /home/airflow/.local/lib/python3.8/site-packages/airflow/example_dags/example_external_task_marker_dag.py
[2024-03-12T12:01:40.785+0000] {logging_mixin.py:188} INFO - [2024-03-12T12:01:40.785+0000] {dag.py:3047} INFO - Sync 2 DAGs
[2024-03-12T12:01:40.793+0000] {logging_mixin.py:188} INFO - [2024-03-12T12:01:40.793+0000] {dag.py:3834} INFO - Setting next_dagrun for example_external_task_marker_child to None, run_after=None
[2024-03-12T12:01:40.796+0000] {logging_mixin.py:188} INFO - [2024-03-12T12:01:40.796+0000] {dag.py:3834} INFO - Setting next_dagrun for example_external_task_marker_parent to None, run_after=None
[2024-03-12T12:01:40.806+0000] {processor.py:183} INFO - Processing /home/airflow/.local/lib/python3.8/site-packages/airflow/example_dags/example_external_task_marker_dag.py took 0.049 seconds
[2024-03-12T12:02:11.420+0000] {processor.py:161} INFO - Started process (PID=2083) to work on /home/airflow/.local/lib/python3.8/site-packages/airflow/example_dags/example_external_task_marker_dag.py
[2024-03-12T12:02:11.421+0000] {processor.py:830} INFO - Processing file /home/airflow/.local/lib/python3.8/site-packages/airflow/example_dags/example_external_task_marker_dag.py for tasks to queue
[2024-03-12T12:02:11.422+0000] {logging_mixin.py:188} INFO - [2024-03-12T12:02:11.422+0000] {dagbag.py:540} INFO - Filling up the DagBag from /home/airflow/.local/lib/python3.8/site-packages/airflow/example_dags/example_external_task_marker_dag.py
[2024-03-12T12:02:11.427+0000] {processor.py:840} INFO - DAG(s) 'example_external_task_marker_parent', 'example_external_task_marker_child' retrieved from /home/airflow/.local/lib/python3.8/site-packages/airflow/example_dags/example_external_task_marker_dag.py
[2024-03-12T12:02:11.445+0000] {logging_mixin.py:188} INFO - [2024-03-12T12:02:11.444+0000] {dag.py:3047} INFO - Sync 2 DAGs
[2024-03-12T12:02:11.452+0000] {logging_mixin.py:188} INFO - [2024-03-12T12:02:11.452+0000] {dag.py:3834} INFO - Setting next_dagrun for example_external_task_marker_child to None, run_after=None
[2024-03-12T12:02:11.455+0000] {logging_mixin.py:188} INFO - [2024-03-12T12:02:11.455+0000] {dag.py:3834} INFO - Setting next_dagrun for example_external_task_marker_parent to None, run_after=None
[2024-03-12T12:02:11.465+0000] {processor.py:183} INFO - Processing /home/airflow/.local/lib/python3.8/site-packages/airflow/example_dags/example_external_task_marker_dag.py took 0.048 seconds
[2024-03-12T12:02:42.280+0000] {processor.py:161} INFO - Started process (PID=2330) to work on /home/airflow/.local/lib/python3.8/site-packages/airflow/example_dags/example_external_task_marker_dag.py
[2024-03-12T12:02:42.282+0000] {processor.py:830} INFO - Processing file /home/airflow/.local/lib/python3.8/site-packages/airflow/example_dags/example_external_task_marker_dag.py for tasks to queue
[2024-03-12T12:02:42.284+0000] {logging_mixin.py:188} INFO - [2024-03-12T12:02:42.283+0000] {dagbag.py:540} INFO - Filling up the DagBag from /home/airflow/.local/lib/python3.8/site-packages/airflow/example_dags/example_external_task_marker_dag.py
[2024-03-12T12:02:42.289+0000] {processor.py:840} INFO - DAG(s) 'example_external_task_marker_parent', 'example_external_task_marker_child' retrieved from /home/airflow/.local/lib/python3.8/site-packages/airflow/example_dags/example_external_task_marker_dag.py
[2024-03-12T12:02:42.312+0000] {logging_mixin.py:188} INFO - [2024-03-12T12:02:42.312+0000] {dag.py:3047} INFO - Sync 2 DAGs
[2024-03-12T12:02:42.322+0000] {logging_mixin.py:188} INFO - [2024-03-12T12:02:42.322+0000] {dag.py:3834} INFO - Setting next_dagrun for example_external_task_marker_child to None, run_after=None
[2024-03-12T12:02:42.325+0000] {logging_mixin.py:188} INFO - [2024-03-12T12:02:42.325+0000] {dag.py:3834} INFO - Setting next_dagrun for example_external_task_marker_parent to None, run_after=None
[2024-03-12T12:02:42.336+0000] {processor.py:183} INFO - Processing /home/airflow/.local/lib/python3.8/site-packages/airflow/example_dags/example_external_task_marker_dag.py took 0.060 seconds
[2024-03-12T12:03:14.486+0000] {processor.py:161} INFO - Started process (PID=2577) to work on /home/airflow/.local/lib/python3.8/site-packages/airflow/example_dags/example_external_task_marker_dag.py
[2024-03-12T12:03:14.488+0000] {processor.py:830} INFO - Processing file /home/airflow/.local/lib/python3.8/site-packages/airflow/example_dags/example_external_task_marker_dag.py for tasks to queue
[2024-03-12T12:03:14.489+0000] {logging_mixin.py:188} INFO - [2024-03-12T12:03:14.488+0000] {dagbag.py:540} INFO - Filling up the DagBag from /home/airflow/.local/lib/python3.8/site-packages/airflow/example_dags/example_external_task_marker_dag.py
[2024-03-12T12:03:14.494+0000] {processor.py:840} INFO - DAG(s) 'example_external_task_marker_parent', 'example_external_task_marker_child' retrieved from /home/airflow/.local/lib/python3.8/site-packages/airflow/example_dags/example_external_task_marker_dag.py
[2024-03-12T12:03:14.514+0000] {logging_mixin.py:188} INFO - [2024-03-12T12:03:14.514+0000] {dag.py:3047} INFO - Sync 2 DAGs
[2024-03-12T12:03:14.522+0000] {logging_mixin.py:188} INFO - [2024-03-12T12:03:14.522+0000] {dag.py:3834} INFO - Setting next_dagrun for example_external_task_marker_child to None, run_after=None
[2024-03-12T12:03:14.525+0000] {logging_mixin.py:188} INFO - [2024-03-12T12:03:14.525+0000] {dag.py:3834} INFO - Setting next_dagrun for example_external_task_marker_parent to None, run_after=None
[2024-03-12T12:03:14.545+0000] {processor.py:183} INFO - Processing /home/airflow/.local/lib/python3.8/site-packages/airflow/example_dags/example_external_task_marker_dag.py took 0.062 seconds
[2024-03-12T12:03:45.526+0000] {processor.py:161} INFO - Started process (PID=2824) to work on /home/airflow/.local/lib/python3.8/site-packages/airflow/example_dags/example_external_task_marker_dag.py
[2024-03-12T12:03:45.528+0000] {processor.py:830} INFO - Processing file /home/airflow/.local/lib/python3.8/site-packages/airflow/example_dags/example_external_task_marker_dag.py for tasks to queue
[2024-03-12T12:03:45.529+0000] {logging_mixin.py:188} INFO - [2024-03-12T12:03:45.529+0000] {dagbag.py:540} INFO - Filling up the DagBag from /home/airflow/.local/lib/python3.8/site-packages/airflow/example_dags/example_external_task_marker_dag.py
[2024-03-12T12:03:45.536+0000] {processor.py:840} INFO - DAG(s) 'example_external_task_marker_parent', 'example_external_task_marker_child' retrieved from /home/airflow/.local/lib/python3.8/site-packages/airflow/example_dags/example_external_task_marker_dag.py
[2024-03-12T12:03:45.560+0000] {logging_mixin.py:188} INFO - [2024-03-12T12:03:45.560+0000] {dag.py:3047} INFO - Sync 2 DAGs
[2024-03-12T12:03:45.569+0000] {logging_mixin.py:188} INFO - [2024-03-12T12:03:45.569+0000] {dag.py:3834} INFO - Setting next_dagrun for example_external_task_marker_child to None, run_after=None
[2024-03-12T12:03:45.573+0000] {logging_mixin.py:188} INFO - [2024-03-12T12:03:45.573+0000] {dag.py:3834} INFO - Setting next_dagrun for example_external_task_marker_parent to None, run_after=None
[2024-03-12T12:03:45.607+0000] {processor.py:183} INFO - Processing /home/airflow/.local/lib/python3.8/site-packages/airflow/example_dags/example_external_task_marker_dag.py took 0.085 seconds
[2024-03-12T12:04:17.253+0000] {processor.py:161} INFO - Started process (PID=3071) to work on /home/airflow/.local/lib/python3.8/site-packages/airflow/example_dags/example_external_task_marker_dag.py
[2024-03-12T12:04:17.258+0000] {processor.py:830} INFO - Processing file /home/airflow/.local/lib/python3.8/site-packages/airflow/example_dags/example_external_task_marker_dag.py for tasks to queue
[2024-03-12T12:04:17.261+0000] {logging_mixin.py:188} INFO - [2024-03-12T12:04:17.260+0000] {dagbag.py:540} INFO - Filling up the DagBag from /home/airflow/.local/lib/python3.8/site-packages/airflow/example_dags/example_external_task_marker_dag.py
[2024-03-12T12:04:17.269+0000] {processor.py:840} INFO - DAG(s) 'example_external_task_marker_child', 'example_external_task_marker_parent' retrieved from /home/airflow/.local/lib/python3.8/site-packages/airflow/example_dags/example_external_task_marker_dag.py
[2024-03-12T12:04:17.388+0000] {logging_mixin.py:188} INFO - [2024-03-12T12:04:17.388+0000] {dag.py:3047} INFO - Sync 2 DAGs
[2024-03-12T12:04:17.459+0000] {logging_mixin.py:188} INFO - [2024-03-12T12:04:17.459+0000] {dag.py:3834} INFO - Setting next_dagrun for example_external_task_marker_child to None, run_after=None
[2024-03-12T12:04:17.483+0000] {logging_mixin.py:188} INFO - [2024-03-12T12:04:17.483+0000] {dag.py:3834} INFO - Setting next_dagrun for example_external_task_marker_parent to None, run_after=None
[2024-03-12T12:04:17.528+0000] {processor.py:183} INFO - Processing /home/airflow/.local/lib/python3.8/site-packages/airflow/example_dags/example_external_task_marker_dag.py took 0.280 seconds
[2024-03-12T12:04:47.927+0000] {processor.py:161} INFO - Started process (PID=3318) to work on /home/airflow/.local/lib/python3.8/site-packages/airflow/example_dags/example_external_task_marker_dag.py
[2024-03-12T12:04:47.929+0000] {processor.py:830} INFO - Processing file /home/airflow/.local/lib/python3.8/site-packages/airflow/example_dags/example_external_task_marker_dag.py for tasks to queue
[2024-03-12T12:04:47.931+0000] {logging_mixin.py:188} INFO - [2024-03-12T12:04:47.931+0000] {dagbag.py:540} INFO - Filling up the DagBag from /home/airflow/.local/lib/python3.8/site-packages/airflow/example_dags/example_external_task_marker_dag.py
[2024-03-12T12:04:47.939+0000] {processor.py:840} INFO - DAG(s) 'example_external_task_marker_child', 'example_external_task_marker_parent' retrieved from /home/airflow/.local/lib/python3.8/site-packages/airflow/example_dags/example_external_task_marker_dag.py
[2024-03-12T12:04:47.960+0000] {logging_mixin.py:188} INFO - [2024-03-12T12:04:47.960+0000] {dag.py:3047} INFO - Sync 2 DAGs
[2024-03-12T12:04:47.971+0000] {logging_mixin.py:188} INFO - [2024-03-12T12:04:47.970+0000] {dag.py:3834} INFO - Setting next_dagrun for example_external_task_marker_child to None, run_after=None
[2024-03-12T12:04:47.974+0000] {logging_mixin.py:188} INFO - [2024-03-12T12:04:47.973+0000] {dag.py:3834} INFO - Setting next_dagrun for example_external_task_marker_parent to None, run_after=None
[2024-03-12T12:04:47.985+0000] {processor.py:183} INFO - Processing /home/airflow/.local/lib/python3.8/site-packages/airflow/example_dags/example_external_task_marker_dag.py took 0.066 seconds
[2024-03-12T12:05:18.189+0000] {processor.py:161} INFO - Started process (PID=3566) to work on /home/airflow/.local/lib/python3.8/site-packages/airflow/example_dags/example_external_task_marker_dag.py
[2024-03-12T12:05:18.190+0000] {processor.py:830} INFO - Processing file /home/airflow/.local/lib/python3.8/site-packages/airflow/example_dags/example_external_task_marker_dag.py for tasks to queue
[2024-03-12T12:05:18.191+0000] {logging_mixin.py:188} INFO - [2024-03-12T12:05:18.191+0000] {dagbag.py:540} INFO - Filling up the DagBag from /home/airflow/.local/lib/python3.8/site-packages/airflow/example_dags/example_external_task_marker_dag.py
[2024-03-12T12:05:18.196+0000] {processor.py:840} INFO - DAG(s) 'example_external_task_marker_parent', 'example_external_task_marker_child' retrieved from /home/airflow/.local/lib/python3.8/site-packages/airflow/example_dags/example_external_task_marker_dag.py
[2024-03-12T12:05:18.214+0000] {logging_mixin.py:188} INFO - [2024-03-12T12:05:18.214+0000] {dag.py:3047} INFO - Sync 2 DAGs
[2024-03-12T12:05:18.223+0000] {logging_mixin.py:188} INFO - [2024-03-12T12:05:18.222+0000] {dag.py:3834} INFO - Setting next_dagrun for example_external_task_marker_child to None, run_after=None
[2024-03-12T12:05:18.226+0000] {logging_mixin.py:188} INFO - [2024-03-12T12:05:18.226+0000] {dag.py:3834} INFO - Setting next_dagrun for example_external_task_marker_parent to None, run_after=None
[2024-03-12T12:05:18.238+0000] {processor.py:183} INFO - Processing /home/airflow/.local/lib/python3.8/site-packages/airflow/example_dags/example_external_task_marker_dag.py took 0.052 seconds
[2024-03-12T12:05:49.626+0000] {processor.py:161} INFO - Started process (PID=3813) to work on /home/airflow/.local/lib/python3.8/site-packages/airflow/example_dags/example_external_task_marker_dag.py
[2024-03-12T12:05:49.628+0000] {processor.py:830} INFO - Processing file /home/airflow/.local/lib/python3.8/site-packages/airflow/example_dags/example_external_task_marker_dag.py for tasks to queue
[2024-03-12T12:05:49.629+0000] {logging_mixin.py:188} INFO - [2024-03-12T12:05:49.628+0000] {dagbag.py:540} INFO - Filling up the DagBag from /home/airflow/.local/lib/python3.8/site-packages/airflow/example_dags/example_external_task_marker_dag.py
[2024-03-12T12:05:49.634+0000] {processor.py:840} INFO - DAG(s) 'example_external_task_marker_parent', 'example_external_task_marker_child' retrieved from /home/airflow/.local/lib/python3.8/site-packages/airflow/example_dags/example_external_task_marker_dag.py
[2024-03-12T12:05:49.655+0000] {logging_mixin.py:188} INFO - [2024-03-12T12:05:49.655+0000] {dag.py:3047} INFO - Sync 2 DAGs
[2024-03-12T12:05:49.665+0000] {logging_mixin.py:188} INFO - [2024-03-12T12:05:49.664+0000] {dag.py:3834} INFO - Setting next_dagrun for example_external_task_marker_child to None, run_after=None
[2024-03-12T12:05:49.667+0000] {logging_mixin.py:188} INFO - [2024-03-12T12:05:49.667+0000] {dag.py:3834} INFO - Setting next_dagrun for example_external_task_marker_parent to None, run_after=None
[2024-03-12T12:05:49.690+0000] {processor.py:183} INFO - Processing /home/airflow/.local/lib/python3.8/site-packages/airflow/example_dags/example_external_task_marker_dag.py took 0.067 seconds
[2024-03-12T12:06:20.322+0000] {processor.py:161} INFO - Started process (PID=4062) to work on /home/airflow/.local/lib/python3.8/site-packages/airflow/example_dags/example_external_task_marker_dag.py
[2024-03-12T12:06:20.323+0000] {processor.py:830} INFO - Processing file /home/airflow/.local/lib/python3.8/site-packages/airflow/example_dags/example_external_task_marker_dag.py for tasks to queue
[2024-03-12T12:06:20.324+0000] {logging_mixin.py:188} INFO - [2024-03-12T12:06:20.324+0000] {dagbag.py:540} INFO - Filling up the DagBag from /home/airflow/.local/lib/python3.8/site-packages/airflow/example_dags/example_external_task_marker_dag.py
[2024-03-12T12:06:20.329+0000] {processor.py:840} INFO - DAG(s) 'example_external_task_marker_parent', 'example_external_task_marker_child' retrieved from /home/airflow/.local/lib/python3.8/site-packages/airflow/example_dags/example_external_task_marker_dag.py
[2024-03-12T12:06:20.347+0000] {logging_mixin.py:188} INFO - [2024-03-12T12:06:20.347+0000] {dag.py:3047} INFO - Sync 2 DAGs
[2024-03-12T12:06:20.356+0000] {logging_mixin.py:188} INFO - [2024-03-12T12:06:20.356+0000] {dag.py:3834} INFO - Setting next_dagrun for example_external_task_marker_child to None, run_after=None
[2024-03-12T12:06:20.358+0000] {logging_mixin.py:188} INFO - [2024-03-12T12:06:20.358+0000] {dag.py:3834} INFO - Setting next_dagrun for example_external_task_marker_parent to None, run_after=None
[2024-03-12T12:06:20.367+0000] {processor.py:183} INFO - Processing /home/airflow/.local/lib/python3.8/site-packages/airflow/example_dags/example_external_task_marker_dag.py took 0.048 seconds
[2024-03-12T12:06:51.502+0000] {processor.py:161} INFO - Started process (PID=4307) to work on /home/airflow/.local/lib/python3.8/site-packages/airflow/example_dags/example_external_task_marker_dag.py
[2024-03-12T12:06:51.504+0000] {processor.py:830} INFO - Processing file /home/airflow/.local/lib/python3.8/site-packages/airflow/example_dags/example_external_task_marker_dag.py for tasks to queue
[2024-03-12T12:06:51.507+0000] {logging_mixin.py:188} INFO - [2024-03-12T12:06:51.507+0000] {dagbag.py:540} INFO - Filling up the DagBag from /home/airflow/.local/lib/python3.8/site-packages/airflow/example_dags/example_external_task_marker_dag.py
[2024-03-12T12:06:51.516+0000] {processor.py:840} INFO - DAG(s) 'example_external_task_marker_parent', 'example_external_task_marker_child' retrieved from /home/airflow/.local/lib/python3.8/site-packages/airflow/example_dags/example_external_task_marker_dag.py
[2024-03-12T12:06:51.539+0000] {logging_mixin.py:188} INFO - [2024-03-12T12:06:51.539+0000] {dag.py:3047} INFO - Sync 2 DAGs
[2024-03-12T12:06:51.548+0000] {logging_mixin.py:188} INFO - [2024-03-12T12:06:51.548+0000] {dag.py:3834} INFO - Setting next_dagrun for example_external_task_marker_child to None, run_after=None
[2024-03-12T12:06:51.552+0000] {logging_mixin.py:188} INFO - [2024-03-12T12:06:51.551+0000] {dag.py:3834} INFO - Setting next_dagrun for example_external_task_marker_parent to None, run_after=None
[2024-03-12T12:06:51.564+0000] {processor.py:183} INFO - Processing /home/airflow/.local/lib/python3.8/site-packages/airflow/example_dags/example_external_task_marker_dag.py took 0.065 seconds
[2024-03-12T12:07:22.001+0000] {processor.py:161} INFO - Started process (PID=4554) to work on /home/airflow/.local/lib/python3.8/site-packages/airflow/example_dags/example_external_task_marker_dag.py
[2024-03-12T12:07:22.002+0000] {processor.py:830} INFO - Processing file /home/airflow/.local/lib/python3.8/site-packages/airflow/example_dags/example_external_task_marker_dag.py for tasks to queue
[2024-03-12T12:07:22.003+0000] {logging_mixin.py:188} INFO - [2024-03-12T12:07:22.003+0000] {dagbag.py:540} INFO - Filling up the DagBag from /home/airflow/.local/lib/python3.8/site-packages/airflow/example_dags/example_external_task_marker_dag.py
[2024-03-12T12:07:22.008+0000] {processor.py:840} INFO - DAG(s) 'example_external_task_marker_parent', 'example_external_task_marker_child' retrieved from /home/airflow/.local/lib/python3.8/site-packages/airflow/example_dags/example_external_task_marker_dag.py
[2024-03-12T12:07:22.026+0000] {logging_mixin.py:188} INFO - [2024-03-12T12:07:22.026+0000] {dag.py:3047} INFO - Sync 2 DAGs
[2024-03-12T12:07:22.034+0000] {logging_mixin.py:188} INFO - [2024-03-12T12:07:22.034+0000] {dag.py:3834} INFO - Setting next_dagrun for example_external_task_marker_child to None, run_after=None
[2024-03-12T12:07:22.037+0000] {logging_mixin.py:188} INFO - [2024-03-12T12:07:22.037+0000] {dag.py:3834} INFO - Setting next_dagrun for example_external_task_marker_parent to None, run_after=None
[2024-03-12T12:07:22.046+0000] {processor.py:183} INFO - Processing /home/airflow/.local/lib/python3.8/site-packages/airflow/example_dags/example_external_task_marker_dag.py took 0.048 seconds
[2024-03-12T12:07:52.473+0000] {processor.py:161} INFO - Started process (PID=4801) to work on /home/airflow/.local/lib/python3.8/site-packages/airflow/example_dags/example_external_task_marker_dag.py
[2024-03-12T12:07:52.474+0000] {processor.py:830} INFO - Processing file /home/airflow/.local/lib/python3.8/site-packages/airflow/example_dags/example_external_task_marker_dag.py for tasks to queue
[2024-03-12T12:07:52.475+0000] {logging_mixin.py:188} INFO - [2024-03-12T12:07:52.475+0000] {dagbag.py:540} INFO - Filling up the DagBag from /home/airflow/.local/lib/python3.8/site-packages/airflow/example_dags/example_external_task_marker_dag.py
[2024-03-12T12:07:52.479+0000] {processor.py:840} INFO - DAG(s) 'example_external_task_marker_parent', 'example_external_task_marker_child' retrieved from /home/airflow/.local/lib/python3.8/site-packages/airflow/example_dags/example_external_task_marker_dag.py
[2024-03-12T12:07:52.498+0000] {logging_mixin.py:188} INFO - [2024-03-12T12:07:52.498+0000] {dag.py:3047} INFO - Sync 2 DAGs
[2024-03-12T12:07:52.507+0000] {logging_mixin.py:188} INFO - [2024-03-12T12:07:52.507+0000] {dag.py:3834} INFO - Setting next_dagrun for example_external_task_marker_child to None, run_after=None
[2024-03-12T12:07:52.510+0000] {logging_mixin.py:188} INFO - [2024-03-12T12:07:52.510+0000] {dag.py:3834} INFO - Setting next_dagrun for example_external_task_marker_parent to None, run_after=None
[2024-03-12T12:07:52.520+0000] {processor.py:183} INFO - Processing /home/airflow/.local/lib/python3.8/site-packages/airflow/example_dags/example_external_task_marker_dag.py took 0.050 seconds
[2024-03-12T12:08:22.843+0000] {processor.py:161} INFO - Started process (PID=5048) to work on /home/airflow/.local/lib/python3.8/site-packages/airflow/example_dags/example_external_task_marker_dag.py
[2024-03-12T12:08:22.844+0000] {processor.py:830} INFO - Processing file /home/airflow/.local/lib/python3.8/site-packages/airflow/example_dags/example_external_task_marker_dag.py for tasks to queue
[2024-03-12T12:08:22.845+0000] {logging_mixin.py:188} INFO - [2024-03-12T12:08:22.845+0000] {dagbag.py:540} INFO - Filling up the DagBag from /home/airflow/.local/lib/python3.8/site-packages/airflow/example_dags/example_external_task_marker_dag.py
[2024-03-12T12:08:22.850+0000] {processor.py:840} INFO - DAG(s) 'example_external_task_marker_child', 'example_external_task_marker_parent' retrieved from /home/airflow/.local/lib/python3.8/site-packages/airflow/example_dags/example_external_task_marker_dag.py
[2024-03-12T12:08:22.868+0000] {logging_mixin.py:188} INFO - [2024-03-12T12:08:22.867+0000] {dag.py:3047} INFO - Sync 2 DAGs
[2024-03-12T12:08:22.875+0000] {logging_mixin.py:188} INFO - [2024-03-12T12:08:22.875+0000] {dag.py:3834} INFO - Setting next_dagrun for example_external_task_marker_child to None, run_after=None
[2024-03-12T12:08:22.878+0000] {logging_mixin.py:188} INFO - [2024-03-12T12:08:22.878+0000] {dag.py:3834} INFO - Setting next_dagrun for example_external_task_marker_parent to None, run_after=None
[2024-03-12T12:08:22.888+0000] {processor.py:183} INFO - Processing /home/airflow/.local/lib/python3.8/site-packages/airflow/example_dags/example_external_task_marker_dag.py took 0.047 seconds
[2024-03-12T12:08:53.622+0000] {processor.py:161} INFO - Started process (PID=5295) to work on /home/airflow/.local/lib/python3.8/site-packages/airflow/example_dags/example_external_task_marker_dag.py
[2024-03-12T12:08:53.624+0000] {processor.py:830} INFO - Processing file /home/airflow/.local/lib/python3.8/site-packages/airflow/example_dags/example_external_task_marker_dag.py for tasks to queue
[2024-03-12T12:08:53.625+0000] {logging_mixin.py:188} INFO - [2024-03-12T12:08:53.625+0000] {dagbag.py:540} INFO - Filling up the DagBag from /home/airflow/.local/lib/python3.8/site-packages/airflow/example_dags/example_external_task_marker_dag.py
[2024-03-12T12:08:53.630+0000] {processor.py:840} INFO - DAG(s) 'example_external_task_marker_parent', 'example_external_task_marker_child' retrieved from /home/airflow/.local/lib/python3.8/site-packages/airflow/example_dags/example_external_task_marker_dag.py
[2024-03-12T12:08:53.649+0000] {logging_mixin.py:188} INFO - [2024-03-12T12:08:53.649+0000] {dag.py:3047} INFO - Sync 2 DAGs
[2024-03-12T12:08:53.659+0000] {logging_mixin.py:188} INFO - [2024-03-12T12:08:53.659+0000] {dag.py:3834} INFO - Setting next_dagrun for example_external_task_marker_child to None, run_after=None
[2024-03-12T12:08:53.662+0000] {logging_mixin.py:188} INFO - [2024-03-12T12:08:53.662+0000] {dag.py:3834} INFO - Setting next_dagrun for example_external_task_marker_parent to None, run_after=None
[2024-03-12T12:08:53.672+0000] {processor.py:183} INFO - Processing /home/airflow/.local/lib/python3.8/site-packages/airflow/example_dags/example_external_task_marker_dag.py took 0.054 seconds
[2024-03-12T12:09:24.109+0000] {processor.py:161} INFO - Started process (PID=5542) to work on /home/airflow/.local/lib/python3.8/site-packages/airflow/example_dags/example_external_task_marker_dag.py
[2024-03-12T12:09:24.111+0000] {processor.py:830} INFO - Processing file /home/airflow/.local/lib/python3.8/site-packages/airflow/example_dags/example_external_task_marker_dag.py for tasks to queue
[2024-03-12T12:09:24.112+0000] {logging_mixin.py:188} INFO - [2024-03-12T12:09:24.111+0000] {dagbag.py:540} INFO - Filling up the DagBag from /home/airflow/.local/lib/python3.8/site-packages/airflow/example_dags/example_external_task_marker_dag.py
[2024-03-12T12:09:24.116+0000] {processor.py:840} INFO - DAG(s) 'example_external_task_marker_parent', 'example_external_task_marker_child' retrieved from /home/airflow/.local/lib/python3.8/site-packages/airflow/example_dags/example_external_task_marker_dag.py
[2024-03-12T12:09:24.135+0000] {logging_mixin.py:188} INFO - [2024-03-12T12:09:24.134+0000] {dag.py:3047} INFO - Sync 2 DAGs
[2024-03-12T12:09:24.142+0000] {logging_mixin.py:188} INFO - [2024-03-12T12:09:24.142+0000] {dag.py:3834} INFO - Setting next_dagrun for example_external_task_marker_child to None, run_after=None
[2024-03-12T12:09:24.145+0000] {logging_mixin.py:188} INFO - [2024-03-12T12:09:24.145+0000] {dag.py:3834} INFO - Setting next_dagrun for example_external_task_marker_parent to None, run_after=None
[2024-03-12T12:09:24.155+0000] {processor.py:183} INFO - Processing /home/airflow/.local/lib/python3.8/site-packages/airflow/example_dags/example_external_task_marker_dag.py took 0.048 seconds
[2024-03-12T12:09:54.870+0000] {processor.py:161} INFO - Started process (PID=5789) to work on /home/airflow/.local/lib/python3.8/site-packages/airflow/example_dags/example_external_task_marker_dag.py
[2024-03-12T12:09:54.872+0000] {processor.py:830} INFO - Processing file /home/airflow/.local/lib/python3.8/site-packages/airflow/example_dags/example_external_task_marker_dag.py for tasks to queue
[2024-03-12T12:09:54.873+0000] {logging_mixin.py:188} INFO - [2024-03-12T12:09:54.873+0000] {dagbag.py:540} INFO - Filling up the DagBag from /home/airflow/.local/lib/python3.8/site-packages/airflow/example_dags/example_external_task_marker_dag.py
[2024-03-12T12:09:54.877+0000] {processor.py:840} INFO - DAG(s) 'example_external_task_marker_child', 'example_external_task_marker_parent' retrieved from /home/airflow/.local/lib/python3.8/site-packages/airflow/example_dags/example_external_task_marker_dag.py
[2024-03-12T12:09:54.897+0000] {logging_mixin.py:188} INFO - [2024-03-12T12:09:54.896+0000] {dag.py:3047} INFO - Sync 2 DAGs
[2024-03-12T12:09:54.909+0000] {logging_mixin.py:188} INFO - [2024-03-12T12:09:54.909+0000] {dag.py:3834} INFO - Setting next_dagrun for example_external_task_marker_child to None, run_after=None
[2024-03-12T12:09:54.912+0000] {logging_mixin.py:188} INFO - [2024-03-12T12:09:54.912+0000] {dag.py:3834} INFO - Setting next_dagrun for example_external_task_marker_parent to None, run_after=None
[2024-03-12T12:09:54.922+0000] {processor.py:183} INFO - Processing /home/airflow/.local/lib/python3.8/site-packages/airflow/example_dags/example_external_task_marker_dag.py took 0.055 seconds
[2024-03-12T12:10:25.686+0000] {processor.py:161} INFO - Started process (PID=6038) to work on /home/airflow/.local/lib/python3.8/site-packages/airflow/example_dags/example_external_task_marker_dag.py
[2024-03-12T12:10:25.687+0000] {processor.py:830} INFO - Processing file /home/airflow/.local/lib/python3.8/site-packages/airflow/example_dags/example_external_task_marker_dag.py for tasks to queue
[2024-03-12T12:10:25.688+0000] {logging_mixin.py:188} INFO - [2024-03-12T12:10:25.688+0000] {dagbag.py:540} INFO - Filling up the DagBag from /home/airflow/.local/lib/python3.8/site-packages/airflow/example_dags/example_external_task_marker_dag.py
[2024-03-12T12:10:25.692+0000] {processor.py:840} INFO - DAG(s) 'example_external_task_marker_parent', 'example_external_task_marker_child' retrieved from /home/airflow/.local/lib/python3.8/site-packages/airflow/example_dags/example_external_task_marker_dag.py
[2024-03-12T12:10:25.712+0000] {logging_mixin.py:188} INFO - [2024-03-12T12:10:25.712+0000] {dag.py:3047} INFO - Sync 2 DAGs
[2024-03-12T12:10:25.724+0000] {logging_mixin.py:188} INFO - [2024-03-12T12:10:25.723+0000] {dag.py:3834} INFO - Setting next_dagrun for example_external_task_marker_child to None, run_after=None
[2024-03-12T12:10:25.727+0000] {logging_mixin.py:188} INFO - [2024-03-12T12:10:25.726+0000] {dag.py:3834} INFO - Setting next_dagrun for example_external_task_marker_parent to None, run_after=None
[2024-03-12T12:10:25.737+0000] {processor.py:183} INFO - Processing /home/airflow/.local/lib/python3.8/site-packages/airflow/example_dags/example_external_task_marker_dag.py took 0.054 seconds
