[2024-03-12T11:50:05.131+0000] {processor.py:161} INFO - Started process (PID=271) to work on /home/airflow/.local/lib/python3.8/site-packages/airflow/example_dags/example_xcomargs.py
[2024-03-12T11:50:05.132+0000] {processor.py:830} INFO - Processing file /home/airflow/.local/lib/python3.8/site-packages/airflow/example_dags/example_xcomargs.py for tasks to queue
[2024-03-12T11:50:05.133+0000] {logging_mixin.py:188} INFO - [2024-03-12T11:50:05.132+0000] {dagbag.py:540} INFO - Filling up the DagBag from /home/airflow/.local/lib/python3.8/site-packages/airflow/example_dags/example_xcomargs.py
[2024-03-12T11:50:05.142+0000] {processor.py:840} INFO - DAG(s) 'example_xcom_args_with_operators', 'example_xcom_args' retrieved from /home/airflow/.local/lib/python3.8/site-packages/airflow/example_dags/example_xcomargs.py
[2024-03-12T11:50:05.162+0000] {logging_mixin.py:188} INFO - [2024-03-12T11:50:05.162+0000] {dag.py:3047} INFO - Sync 2 DAGs
[2024-03-12T11:50:05.169+0000] {logging_mixin.py:188} INFO - [2024-03-12T11:50:05.169+0000] {dag.py:3834} INFO - Setting next_dagrun for example_xcom_args to None, run_after=None
[2024-03-12T11:50:05.172+0000] {logging_mixin.py:188} INFO - [2024-03-12T11:50:05.172+0000] {dag.py:3834} INFO - Setting next_dagrun for example_xcom_args_with_operators to None, run_after=None
[2024-03-12T11:50:05.182+0000] {processor.py:183} INFO - Processing /home/airflow/.local/lib/python3.8/site-packages/airflow/example_dags/example_xcomargs.py took 0.053 seconds
[2024-03-12T11:50:36.149+0000] {processor.py:161} INFO - Started process (PID=516) to work on /home/airflow/.local/lib/python3.8/site-packages/airflow/example_dags/example_xcomargs.py
[2024-03-12T11:50:36.151+0000] {processor.py:830} INFO - Processing file /home/airflow/.local/lib/python3.8/site-packages/airflow/example_dags/example_xcomargs.py for tasks to queue
[2024-03-12T11:50:36.152+0000] {logging_mixin.py:188} INFO - [2024-03-12T11:50:36.152+0000] {dagbag.py:540} INFO - Filling up the DagBag from /home/airflow/.local/lib/python3.8/site-packages/airflow/example_dags/example_xcomargs.py
[2024-03-12T11:50:36.159+0000] {processor.py:840} INFO - DAG(s) 'example_xcom_args', 'example_xcom_args_with_operators' retrieved from /home/airflow/.local/lib/python3.8/site-packages/airflow/example_dags/example_xcomargs.py
[2024-03-12T11:50:36.180+0000] {logging_mixin.py:188} INFO - [2024-03-12T11:50:36.180+0000] {dag.py:3047} INFO - Sync 2 DAGs
[2024-03-12T11:50:36.192+0000] {logging_mixin.py:188} INFO - [2024-03-12T11:50:36.191+0000] {dag.py:3834} INFO - Setting next_dagrun for example_xcom_args to None, run_after=None
[2024-03-12T11:50:36.195+0000] {logging_mixin.py:188} INFO - [2024-03-12T11:50:36.195+0000] {dag.py:3834} INFO - Setting next_dagrun for example_xcom_args_with_operators to None, run_after=None
[2024-03-12T11:50:36.207+0000] {processor.py:183} INFO - Processing /home/airflow/.local/lib/python3.8/site-packages/airflow/example_dags/example_xcomargs.py took 0.061 seconds
[2024-03-12T11:51:06.620+0000] {processor.py:161} INFO - Started process (PID=763) to work on /home/airflow/.local/lib/python3.8/site-packages/airflow/example_dags/example_xcomargs.py
[2024-03-12T11:51:06.622+0000] {processor.py:830} INFO - Processing file /home/airflow/.local/lib/python3.8/site-packages/airflow/example_dags/example_xcomargs.py for tasks to queue
[2024-03-12T11:51:06.623+0000] {logging_mixin.py:188} INFO - [2024-03-12T11:51:06.623+0000] {dagbag.py:540} INFO - Filling up the DagBag from /home/airflow/.local/lib/python3.8/site-packages/airflow/example_dags/example_xcomargs.py
[2024-03-12T11:51:06.631+0000] {processor.py:840} INFO - DAG(s) 'example_xcom_args', 'example_xcom_args_with_operators' retrieved from /home/airflow/.local/lib/python3.8/site-packages/airflow/example_dags/example_xcomargs.py
[2024-03-12T11:51:06.653+0000] {logging_mixin.py:188} INFO - [2024-03-12T11:51:06.653+0000] {dag.py:3047} INFO - Sync 2 DAGs
[2024-03-12T11:51:06.664+0000] {logging_mixin.py:188} INFO - [2024-03-12T11:51:06.664+0000] {dag.py:3834} INFO - Setting next_dagrun for example_xcom_args to None, run_after=None
[2024-03-12T11:51:06.667+0000] {logging_mixin.py:188} INFO - [2024-03-12T11:51:06.667+0000] {dag.py:3834} INFO - Setting next_dagrun for example_xcom_args_with_operators to None, run_after=None
[2024-03-12T11:51:06.678+0000] {processor.py:183} INFO - Processing /home/airflow/.local/lib/python3.8/site-packages/airflow/example_dags/example_xcomargs.py took 0.062 seconds
[2024-03-12T11:51:37.189+0000] {processor.py:161} INFO - Started process (PID=1010) to work on /home/airflow/.local/lib/python3.8/site-packages/airflow/example_dags/example_xcomargs.py
[2024-03-12T11:51:37.190+0000] {processor.py:830} INFO - Processing file /home/airflow/.local/lib/python3.8/site-packages/airflow/example_dags/example_xcomargs.py for tasks to queue
[2024-03-12T11:51:37.192+0000] {logging_mixin.py:188} INFO - [2024-03-12T11:51:37.191+0000] {dagbag.py:540} INFO - Filling up the DagBag from /home/airflow/.local/lib/python3.8/site-packages/airflow/example_dags/example_xcomargs.py
[2024-03-12T11:51:37.199+0000] {processor.py:840} INFO - DAG(s) 'example_xcom_args_with_operators', 'example_xcom_args' retrieved from /home/airflow/.local/lib/python3.8/site-packages/airflow/example_dags/example_xcomargs.py
[2024-03-12T11:51:37.217+0000] {logging_mixin.py:188} INFO - [2024-03-12T11:51:37.217+0000] {dag.py:3047} INFO - Sync 2 DAGs
[2024-03-12T11:51:37.227+0000] {logging_mixin.py:188} INFO - [2024-03-12T11:51:37.227+0000] {dag.py:3834} INFO - Setting next_dagrun for example_xcom_args to None, run_after=None
[2024-03-12T11:51:37.230+0000] {logging_mixin.py:188} INFO - [2024-03-12T11:51:37.230+0000] {dag.py:3834} INFO - Setting next_dagrun for example_xcom_args_with_operators to None, run_after=None
[2024-03-12T11:51:37.242+0000] {processor.py:183} INFO - Processing /home/airflow/.local/lib/python3.8/site-packages/airflow/example_dags/example_xcomargs.py took 0.057 seconds
[2024-03-12T11:52:07.973+0000] {processor.py:161} INFO - Started process (PID=1257) to work on /home/airflow/.local/lib/python3.8/site-packages/airflow/example_dags/example_xcomargs.py
[2024-03-12T11:52:07.974+0000] {processor.py:830} INFO - Processing file /home/airflow/.local/lib/python3.8/site-packages/airflow/example_dags/example_xcomargs.py for tasks to queue
[2024-03-12T11:52:07.975+0000] {logging_mixin.py:188} INFO - [2024-03-12T11:52:07.975+0000] {dagbag.py:540} INFO - Filling up the DagBag from /home/airflow/.local/lib/python3.8/site-packages/airflow/example_dags/example_xcomargs.py
[2024-03-12T11:52:07.981+0000] {processor.py:840} INFO - DAG(s) 'example_xcom_args', 'example_xcom_args_with_operators' retrieved from /home/airflow/.local/lib/python3.8/site-packages/airflow/example_dags/example_xcomargs.py
[2024-03-12T11:52:08.001+0000] {logging_mixin.py:188} INFO - [2024-03-12T11:52:08.001+0000] {dag.py:3047} INFO - Sync 2 DAGs
[2024-03-12T11:52:08.015+0000] {logging_mixin.py:188} INFO - [2024-03-12T11:52:08.015+0000] {dag.py:3834} INFO - Setting next_dagrun for example_xcom_args to None, run_after=None
[2024-03-12T11:52:08.018+0000] {logging_mixin.py:188} INFO - [2024-03-12T11:52:08.018+0000] {dag.py:3834} INFO - Setting next_dagrun for example_xcom_args_with_operators to None, run_after=None
[2024-03-12T11:52:08.031+0000] {processor.py:183} INFO - Processing /home/airflow/.local/lib/python3.8/site-packages/airflow/example_dags/example_xcomargs.py took 0.061 seconds
[2024-03-12T11:52:39.115+0000] {processor.py:161} INFO - Started process (PID=1504) to work on /home/airflow/.local/lib/python3.8/site-packages/airflow/example_dags/example_xcomargs.py
[2024-03-12T11:52:39.116+0000] {processor.py:830} INFO - Processing file /home/airflow/.local/lib/python3.8/site-packages/airflow/example_dags/example_xcomargs.py for tasks to queue
[2024-03-12T11:52:39.118+0000] {logging_mixin.py:188} INFO - [2024-03-12T11:52:39.117+0000] {dagbag.py:540} INFO - Filling up the DagBag from /home/airflow/.local/lib/python3.8/site-packages/airflow/example_dags/example_xcomargs.py
[2024-03-12T11:52:39.124+0000] {processor.py:840} INFO - DAG(s) 'example_xcom_args', 'example_xcom_args_with_operators' retrieved from /home/airflow/.local/lib/python3.8/site-packages/airflow/example_dags/example_xcomargs.py
[2024-03-12T11:52:39.143+0000] {logging_mixin.py:188} INFO - [2024-03-12T11:52:39.143+0000] {dag.py:3047} INFO - Sync 2 DAGs
[2024-03-12T11:52:39.151+0000] {logging_mixin.py:188} INFO - [2024-03-12T11:52:39.150+0000] {dag.py:3834} INFO - Setting next_dagrun for example_xcom_args to None, run_after=None
[2024-03-12T11:52:39.156+0000] {logging_mixin.py:188} INFO - [2024-03-12T11:52:39.156+0000] {dag.py:3834} INFO - Setting next_dagrun for example_xcom_args_with_operators to None, run_after=None
[2024-03-12T11:52:39.169+0000] {processor.py:183} INFO - Processing /home/airflow/.local/lib/python3.8/site-packages/airflow/example_dags/example_xcomargs.py took 0.058 seconds
[2024-03-12T11:53:09.413+0000] {processor.py:161} INFO - Started process (PID=1751) to work on /home/airflow/.local/lib/python3.8/site-packages/airflow/example_dags/example_xcomargs.py
[2024-03-12T11:53:09.415+0000] {processor.py:830} INFO - Processing file /home/airflow/.local/lib/python3.8/site-packages/airflow/example_dags/example_xcomargs.py for tasks to queue
[2024-03-12T11:53:09.416+0000] {logging_mixin.py:188} INFO - [2024-03-12T11:53:09.415+0000] {dagbag.py:540} INFO - Filling up the DagBag from /home/airflow/.local/lib/python3.8/site-packages/airflow/example_dags/example_xcomargs.py
[2024-03-12T11:53:09.422+0000] {processor.py:840} INFO - DAG(s) 'example_xcom_args', 'example_xcom_args_with_operators' retrieved from /home/airflow/.local/lib/python3.8/site-packages/airflow/example_dags/example_xcomargs.py
[2024-03-12T11:53:09.442+0000] {logging_mixin.py:188} INFO - [2024-03-12T11:53:09.442+0000] {dag.py:3047} INFO - Sync 2 DAGs
[2024-03-12T11:53:09.450+0000] {logging_mixin.py:188} INFO - [2024-03-12T11:53:09.450+0000] {dag.py:3834} INFO - Setting next_dagrun for example_xcom_args to None, run_after=None
[2024-03-12T11:53:09.453+0000] {logging_mixin.py:188} INFO - [2024-03-12T11:53:09.453+0000] {dag.py:3834} INFO - Setting next_dagrun for example_xcom_args_with_operators to None, run_after=None
[2024-03-12T11:53:09.464+0000] {processor.py:183} INFO - Processing /home/airflow/.local/lib/python3.8/site-packages/airflow/example_dags/example_xcomargs.py took 0.054 seconds
[2024-03-12T11:53:40.412+0000] {processor.py:161} INFO - Started process (PID=1998) to work on /home/airflow/.local/lib/python3.8/site-packages/airflow/example_dags/example_xcomargs.py
[2024-03-12T11:53:40.414+0000] {processor.py:830} INFO - Processing file /home/airflow/.local/lib/python3.8/site-packages/airflow/example_dags/example_xcomargs.py for tasks to queue
[2024-03-12T11:53:40.416+0000] {logging_mixin.py:188} INFO - [2024-03-12T11:53:40.415+0000] {dagbag.py:540} INFO - Filling up the DagBag from /home/airflow/.local/lib/python3.8/site-packages/airflow/example_dags/example_xcomargs.py
[2024-03-12T11:53:40.423+0000] {processor.py:840} INFO - DAG(s) 'example_xcom_args_with_operators', 'example_xcom_args' retrieved from /home/airflow/.local/lib/python3.8/site-packages/airflow/example_dags/example_xcomargs.py
[2024-03-12T11:53:40.444+0000] {logging_mixin.py:188} INFO - [2024-03-12T11:53:40.444+0000] {dag.py:3047} INFO - Sync 2 DAGs
[2024-03-12T11:53:40.453+0000] {logging_mixin.py:188} INFO - [2024-03-12T11:53:40.453+0000] {dag.py:3834} INFO - Setting next_dagrun for example_xcom_args to None, run_after=None
[2024-03-12T11:53:40.459+0000] {logging_mixin.py:188} INFO - [2024-03-12T11:53:40.458+0000] {dag.py:3834} INFO - Setting next_dagrun for example_xcom_args_with_operators to None, run_after=None
[2024-03-12T11:53:40.469+0000] {processor.py:183} INFO - Processing /home/airflow/.local/lib/python3.8/site-packages/airflow/example_dags/example_xcomargs.py took 0.060 seconds
[2024-03-12T11:54:12.333+0000] {processor.py:161} INFO - Started process (PID=2247) to work on /home/airflow/.local/lib/python3.8/site-packages/airflow/example_dags/example_xcomargs.py
[2024-03-12T11:54:12.335+0000] {processor.py:830} INFO - Processing file /home/airflow/.local/lib/python3.8/site-packages/airflow/example_dags/example_xcomargs.py for tasks to queue
[2024-03-12T11:54:12.337+0000] {logging_mixin.py:188} INFO - [2024-03-12T11:54:12.337+0000] {dagbag.py:540} INFO - Filling up the DagBag from /home/airflow/.local/lib/python3.8/site-packages/airflow/example_dags/example_xcomargs.py
[2024-03-12T11:54:12.345+0000] {processor.py:840} INFO - DAG(s) 'example_xcom_args', 'example_xcom_args_with_operators' retrieved from /home/airflow/.local/lib/python3.8/site-packages/airflow/example_dags/example_xcomargs.py
[2024-03-12T11:54:12.373+0000] {logging_mixin.py:188} INFO - [2024-03-12T11:54:12.373+0000] {dag.py:3047} INFO - Sync 2 DAGs
[2024-03-12T11:54:12.386+0000] {logging_mixin.py:188} INFO - [2024-03-12T11:54:12.385+0000] {dag.py:3834} INFO - Setting next_dagrun for example_xcom_args to None, run_after=None
[2024-03-12T11:54:12.389+0000] {logging_mixin.py:188} INFO - [2024-03-12T11:54:12.389+0000] {dag.py:3834} INFO - Setting next_dagrun for example_xcom_args_with_operators to None, run_after=None
[2024-03-12T11:54:12.410+0000] {processor.py:183} INFO - Processing /home/airflow/.local/lib/python3.8/site-packages/airflow/example_dags/example_xcomargs.py took 0.081 seconds
[2024-03-12T11:54:42.910+0000] {processor.py:161} INFO - Started process (PID=2492) to work on /home/airflow/.local/lib/python3.8/site-packages/airflow/example_dags/example_xcomargs.py
[2024-03-12T11:54:42.912+0000] {processor.py:830} INFO - Processing file /home/airflow/.local/lib/python3.8/site-packages/airflow/example_dags/example_xcomargs.py for tasks to queue
[2024-03-12T11:54:42.913+0000] {logging_mixin.py:188} INFO - [2024-03-12T11:54:42.913+0000] {dagbag.py:540} INFO - Filling up the DagBag from /home/airflow/.local/lib/python3.8/site-packages/airflow/example_dags/example_xcomargs.py
[2024-03-12T11:54:42.920+0000] {processor.py:840} INFO - DAG(s) 'example_xcom_args', 'example_xcom_args_with_operators' retrieved from /home/airflow/.local/lib/python3.8/site-packages/airflow/example_dags/example_xcomargs.py
[2024-03-12T11:54:42.944+0000] {logging_mixin.py:188} INFO - [2024-03-12T11:54:42.944+0000] {dag.py:3047} INFO - Sync 2 DAGs
[2024-03-12T11:54:42.955+0000] {logging_mixin.py:188} INFO - [2024-03-12T11:54:42.954+0000] {dag.py:3834} INFO - Setting next_dagrun for example_xcom_args to None, run_after=None
[2024-03-12T11:54:42.958+0000] {logging_mixin.py:188} INFO - [2024-03-12T11:54:42.958+0000] {dag.py:3834} INFO - Setting next_dagrun for example_xcom_args_with_operators to None, run_after=None
[2024-03-12T11:54:42.972+0000] {processor.py:183} INFO - Processing /home/airflow/.local/lib/python3.8/site-packages/airflow/example_dags/example_xcomargs.py took 0.064 seconds
[2024-03-12T11:55:13.049+0000] {processor.py:161} INFO - Started process (PID=2739) to work on /home/airflow/.local/lib/python3.8/site-packages/airflow/example_dags/example_xcomargs.py
[2024-03-12T11:55:13.050+0000] {processor.py:830} INFO - Processing file /home/airflow/.local/lib/python3.8/site-packages/airflow/example_dags/example_xcomargs.py for tasks to queue
[2024-03-12T11:55:13.051+0000] {logging_mixin.py:188} INFO - [2024-03-12T11:55:13.051+0000] {dagbag.py:540} INFO - Filling up the DagBag from /home/airflow/.local/lib/python3.8/site-packages/airflow/example_dags/example_xcomargs.py
[2024-03-12T11:55:13.057+0000] {processor.py:840} INFO - DAG(s) 'example_xcom_args_with_operators', 'example_xcom_args' retrieved from /home/airflow/.local/lib/python3.8/site-packages/airflow/example_dags/example_xcomargs.py
[2024-03-12T11:55:13.077+0000] {logging_mixin.py:188} INFO - [2024-03-12T11:55:13.077+0000] {dag.py:3047} INFO - Sync 2 DAGs
[2024-03-12T11:55:13.086+0000] {logging_mixin.py:188} INFO - [2024-03-12T11:55:13.086+0000] {dag.py:3834} INFO - Setting next_dagrun for example_xcom_args to None, run_after=None
[2024-03-12T11:55:13.089+0000] {logging_mixin.py:188} INFO - [2024-03-12T11:55:13.089+0000] {dag.py:3834} INFO - Setting next_dagrun for example_xcom_args_with_operators to None, run_after=None
[2024-03-12T11:55:13.099+0000] {processor.py:183} INFO - Processing /home/airflow/.local/lib/python3.8/site-packages/airflow/example_dags/example_xcomargs.py took 0.053 seconds
[2024-03-12T11:55:43.849+0000] {processor.py:161} INFO - Started process (PID=2986) to work on /home/airflow/.local/lib/python3.8/site-packages/airflow/example_dags/example_xcomargs.py
[2024-03-12T11:55:43.850+0000] {processor.py:830} INFO - Processing file /home/airflow/.local/lib/python3.8/site-packages/airflow/example_dags/example_xcomargs.py for tasks to queue
[2024-03-12T11:55:43.851+0000] {logging_mixin.py:188} INFO - [2024-03-12T11:55:43.851+0000] {dagbag.py:540} INFO - Filling up the DagBag from /home/airflow/.local/lib/python3.8/site-packages/airflow/example_dags/example_xcomargs.py
[2024-03-12T11:55:43.857+0000] {processor.py:840} INFO - DAG(s) 'example_xcom_args_with_operators', 'example_xcom_args' retrieved from /home/airflow/.local/lib/python3.8/site-packages/airflow/example_dags/example_xcomargs.py
[2024-03-12T11:55:43.874+0000] {logging_mixin.py:188} INFO - [2024-03-12T11:55:43.874+0000] {dag.py:3047} INFO - Sync 2 DAGs
[2024-03-12T11:55:43.882+0000] {logging_mixin.py:188} INFO - [2024-03-12T11:55:43.882+0000] {dag.py:3834} INFO - Setting next_dagrun for example_xcom_args to None, run_after=None
[2024-03-12T11:55:43.885+0000] {logging_mixin.py:188} INFO - [2024-03-12T11:55:43.885+0000] {dag.py:3834} INFO - Setting next_dagrun for example_xcom_args_with_operators to None, run_after=None
[2024-03-12T11:55:43.895+0000] {processor.py:183} INFO - Processing /home/airflow/.local/lib/python3.8/site-packages/airflow/example_dags/example_xcomargs.py took 0.049 seconds
[2024-03-12T11:57:07.624+0000] {processor.py:161} INFO - Started process (PID=269) to work on /home/airflow/.local/lib/python3.8/site-packages/airflow/example_dags/example_xcomargs.py
[2024-03-12T11:57:07.627+0000] {processor.py:830} INFO - Processing file /home/airflow/.local/lib/python3.8/site-packages/airflow/example_dags/example_xcomargs.py for tasks to queue
[2024-03-12T11:57:07.629+0000] {logging_mixin.py:188} INFO - [2024-03-12T11:57:07.629+0000] {dagbag.py:540} INFO - Filling up the DagBag from /home/airflow/.local/lib/python3.8/site-packages/airflow/example_dags/example_xcomargs.py
[2024-03-12T11:57:07.651+0000] {processor.py:840} INFO - DAG(s) 'example_xcom_args', 'example_xcom_args_with_operators' retrieved from /home/airflow/.local/lib/python3.8/site-packages/airflow/example_dags/example_xcomargs.py
[2024-03-12T11:57:07.673+0000] {logging_mixin.py:188} INFO - [2024-03-12T11:57:07.673+0000] {dag.py:3047} INFO - Sync 2 DAGs
[2024-03-12T11:57:07.681+0000] {logging_mixin.py:188} INFO - [2024-03-12T11:57:07.681+0000] {dag.py:3834} INFO - Setting next_dagrun for example_xcom_args to None, run_after=None
[2024-03-12T11:57:07.684+0000] {logging_mixin.py:188} INFO - [2024-03-12T11:57:07.684+0000] {dag.py:3834} INFO - Setting next_dagrun for example_xcom_args_with_operators to None, run_after=None
[2024-03-12T11:57:07.693+0000] {processor.py:183} INFO - Processing /home/airflow/.local/lib/python3.8/site-packages/airflow/example_dags/example_xcomargs.py took 0.074 seconds
[2024-03-12T11:57:37.791+0000] {processor.py:161} INFO - Started process (PID=516) to work on /home/airflow/.local/lib/python3.8/site-packages/airflow/example_dags/example_xcomargs.py
[2024-03-12T11:57:37.792+0000] {processor.py:830} INFO - Processing file /home/airflow/.local/lib/python3.8/site-packages/airflow/example_dags/example_xcomargs.py for tasks to queue
[2024-03-12T11:57:37.793+0000] {logging_mixin.py:188} INFO - [2024-03-12T11:57:37.793+0000] {dagbag.py:540} INFO - Filling up the DagBag from /home/airflow/.local/lib/python3.8/site-packages/airflow/example_dags/example_xcomargs.py
[2024-03-12T11:57:37.799+0000] {processor.py:840} INFO - DAG(s) 'example_xcom_args', 'example_xcom_args_with_operators' retrieved from /home/airflow/.local/lib/python3.8/site-packages/airflow/example_dags/example_xcomargs.py
[2024-03-12T11:57:37.818+0000] {logging_mixin.py:188} INFO - [2024-03-12T11:57:37.818+0000] {dag.py:3047} INFO - Sync 2 DAGs
[2024-03-12T11:57:37.826+0000] {logging_mixin.py:188} INFO - [2024-03-12T11:57:37.826+0000] {dag.py:3834} INFO - Setting next_dagrun for example_xcom_args to None, run_after=None
[2024-03-12T11:57:37.829+0000] {logging_mixin.py:188} INFO - [2024-03-12T11:57:37.829+0000] {dag.py:3834} INFO - Setting next_dagrun for example_xcom_args_with_operators to None, run_after=None
[2024-03-12T11:57:37.848+0000] {processor.py:183} INFO - Processing /home/airflow/.local/lib/python3.8/site-packages/airflow/example_dags/example_xcomargs.py took 0.060 seconds
[2024-03-12T11:58:35.448+0000] {processor.py:161} INFO - Started process (PID=271) to work on /home/airflow/.local/lib/python3.8/site-packages/airflow/example_dags/example_xcomargs.py
[2024-03-12T11:58:35.449+0000] {processor.py:830} INFO - Processing file /home/airflow/.local/lib/python3.8/site-packages/airflow/example_dags/example_xcomargs.py for tasks to queue
[2024-03-12T11:58:35.450+0000] {logging_mixin.py:188} INFO - [2024-03-12T11:58:35.450+0000] {dagbag.py:540} INFO - Filling up the DagBag from /home/airflow/.local/lib/python3.8/site-packages/airflow/example_dags/example_xcomargs.py
[2024-03-12T11:58:35.459+0000] {processor.py:840} INFO - DAG(s) 'example_xcom_args', 'example_xcom_args_with_operators' retrieved from /home/airflow/.local/lib/python3.8/site-packages/airflow/example_dags/example_xcomargs.py
[2024-03-12T11:58:35.478+0000] {logging_mixin.py:188} INFO - [2024-03-12T11:58:35.478+0000] {dag.py:3047} INFO - Sync 2 DAGs
[2024-03-12T11:58:35.486+0000] {logging_mixin.py:188} INFO - [2024-03-12T11:58:35.486+0000] {dag.py:3834} INFO - Setting next_dagrun for example_xcom_args to None, run_after=None
[2024-03-12T11:58:35.489+0000] {logging_mixin.py:188} INFO - [2024-03-12T11:58:35.489+0000] {dag.py:3834} INFO - Setting next_dagrun for example_xcom_args_with_operators to None, run_after=None
[2024-03-12T11:58:35.502+0000] {processor.py:183} INFO - Processing /home/airflow/.local/lib/python3.8/site-packages/airflow/example_dags/example_xcomargs.py took 0.056 seconds
[2024-03-12T11:59:05.532+0000] {processor.py:161} INFO - Started process (PID=518) to work on /home/airflow/.local/lib/python3.8/site-packages/airflow/example_dags/example_xcomargs.py
[2024-03-12T11:59:05.534+0000] {processor.py:830} INFO - Processing file /home/airflow/.local/lib/python3.8/site-packages/airflow/example_dags/example_xcomargs.py for tasks to queue
[2024-03-12T11:59:05.534+0000] {logging_mixin.py:188} INFO - [2024-03-12T11:59:05.534+0000] {dagbag.py:540} INFO - Filling up the DagBag from /home/airflow/.local/lib/python3.8/site-packages/airflow/example_dags/example_xcomargs.py
[2024-03-12T11:59:05.540+0000] {processor.py:840} INFO - DAG(s) 'example_xcom_args_with_operators', 'example_xcom_args' retrieved from /home/airflow/.local/lib/python3.8/site-packages/airflow/example_dags/example_xcomargs.py
[2024-03-12T11:59:05.557+0000] {logging_mixin.py:188} INFO - [2024-03-12T11:59:05.557+0000] {dag.py:3047} INFO - Sync 2 DAGs
[2024-03-12T11:59:05.565+0000] {logging_mixin.py:188} INFO - [2024-03-12T11:59:05.564+0000] {dag.py:3834} INFO - Setting next_dagrun for example_xcom_args to None, run_after=None
[2024-03-12T11:59:05.567+0000] {logging_mixin.py:188} INFO - [2024-03-12T11:59:05.567+0000] {dag.py:3834} INFO - Setting next_dagrun for example_xcom_args_with_operators to None, run_after=None
[2024-03-12T11:59:05.575+0000] {processor.py:183} INFO - Processing /home/airflow/.local/lib/python3.8/site-packages/airflow/example_dags/example_xcomargs.py took 0.046 seconds
[2024-03-12T11:59:36.112+0000] {processor.py:161} INFO - Started process (PID=763) to work on /home/airflow/.local/lib/python3.8/site-packages/airflow/example_dags/example_xcomargs.py
[2024-03-12T11:59:36.113+0000] {processor.py:830} INFO - Processing file /home/airflow/.local/lib/python3.8/site-packages/airflow/example_dags/example_xcomargs.py for tasks to queue
[2024-03-12T11:59:36.114+0000] {logging_mixin.py:188} INFO - [2024-03-12T11:59:36.114+0000] {dagbag.py:540} INFO - Filling up the DagBag from /home/airflow/.local/lib/python3.8/site-packages/airflow/example_dags/example_xcomargs.py
[2024-03-12T11:59:36.121+0000] {processor.py:840} INFO - DAG(s) 'example_xcom_args_with_operators', 'example_xcom_args' retrieved from /home/airflow/.local/lib/python3.8/site-packages/airflow/example_dags/example_xcomargs.py
[2024-03-12T11:59:36.140+0000] {logging_mixin.py:188} INFO - [2024-03-12T11:59:36.140+0000] {dag.py:3047} INFO - Sync 2 DAGs
[2024-03-12T11:59:36.148+0000] {logging_mixin.py:188} INFO - [2024-03-12T11:59:36.148+0000] {dag.py:3834} INFO - Setting next_dagrun for example_xcom_args to None, run_after=None
[2024-03-12T11:59:36.151+0000] {logging_mixin.py:188} INFO - [2024-03-12T11:59:36.151+0000] {dag.py:3834} INFO - Setting next_dagrun for example_xcom_args_with_operators to None, run_after=None
[2024-03-12T11:59:36.160+0000] {processor.py:183} INFO - Processing /home/airflow/.local/lib/python3.8/site-packages/airflow/example_dags/example_xcomargs.py took 0.051 seconds
[2024-03-12T12:00:07.027+0000] {processor.py:161} INFO - Started process (PID=1010) to work on /home/airflow/.local/lib/python3.8/site-packages/airflow/example_dags/example_xcomargs.py
[2024-03-12T12:00:07.029+0000] {processor.py:830} INFO - Processing file /home/airflow/.local/lib/python3.8/site-packages/airflow/example_dags/example_xcomargs.py for tasks to queue
[2024-03-12T12:00:07.030+0000] {logging_mixin.py:188} INFO - [2024-03-12T12:00:07.029+0000] {dagbag.py:540} INFO - Filling up the DagBag from /home/airflow/.local/lib/python3.8/site-packages/airflow/example_dags/example_xcomargs.py
[2024-03-12T12:00:07.036+0000] {processor.py:840} INFO - DAG(s) 'example_xcom_args', 'example_xcom_args_with_operators' retrieved from /home/airflow/.local/lib/python3.8/site-packages/airflow/example_dags/example_xcomargs.py
[2024-03-12T12:00:07.055+0000] {logging_mixin.py:188} INFO - [2024-03-12T12:00:07.055+0000] {dag.py:3047} INFO - Sync 2 DAGs
[2024-03-12T12:00:07.062+0000] {logging_mixin.py:188} INFO - [2024-03-12T12:00:07.062+0000] {dag.py:3834} INFO - Setting next_dagrun for example_xcom_args to None, run_after=None
[2024-03-12T12:00:07.065+0000] {logging_mixin.py:188} INFO - [2024-03-12T12:00:07.065+0000] {dag.py:3834} INFO - Setting next_dagrun for example_xcom_args_with_operators to None, run_after=None
[2024-03-12T12:00:07.074+0000] {processor.py:183} INFO - Processing /home/airflow/.local/lib/python3.8/site-packages/airflow/example_dags/example_xcomargs.py took 0.050 seconds
[2024-03-12T12:00:37.910+0000] {processor.py:161} INFO - Started process (PID=1257) to work on /home/airflow/.local/lib/python3.8/site-packages/airflow/example_dags/example_xcomargs.py
[2024-03-12T12:00:37.919+0000] {processor.py:830} INFO - Processing file /home/airflow/.local/lib/python3.8/site-packages/airflow/example_dags/example_xcomargs.py for tasks to queue
[2024-03-12T12:00:37.921+0000] {logging_mixin.py:188} INFO - [2024-03-12T12:00:37.920+0000] {dagbag.py:540} INFO - Filling up the DagBag from /home/airflow/.local/lib/python3.8/site-packages/airflow/example_dags/example_xcomargs.py
[2024-03-12T12:00:37.952+0000] {processor.py:840} INFO - DAG(s) 'example_xcom_args', 'example_xcom_args_with_operators' retrieved from /home/airflow/.local/lib/python3.8/site-packages/airflow/example_dags/example_xcomargs.py
[2024-03-12T12:00:38.009+0000] {logging_mixin.py:188} INFO - [2024-03-12T12:00:38.009+0000] {dag.py:3047} INFO - Sync 2 DAGs
[2024-03-12T12:00:38.042+0000] {logging_mixin.py:188} INFO - [2024-03-12T12:00:38.040+0000] {dag.py:3834} INFO - Setting next_dagrun for example_xcom_args to None, run_after=None
[2024-03-12T12:00:38.050+0000] {logging_mixin.py:188} INFO - [2024-03-12T12:00:38.050+0000] {dag.py:3834} INFO - Setting next_dagrun for example_xcom_args_with_operators to None, run_after=None
[2024-03-12T12:00:38.072+0000] {processor.py:183} INFO - Processing /home/airflow/.local/lib/python3.8/site-packages/airflow/example_dags/example_xcomargs.py took 0.167 seconds
[2024-03-12T12:01:08.904+0000] {processor.py:161} INFO - Started process (PID=1504) to work on /home/airflow/.local/lib/python3.8/site-packages/airflow/example_dags/example_xcomargs.py
[2024-03-12T12:01:08.906+0000] {processor.py:830} INFO - Processing file /home/airflow/.local/lib/python3.8/site-packages/airflow/example_dags/example_xcomargs.py for tasks to queue
[2024-03-12T12:01:08.908+0000] {logging_mixin.py:188} INFO - [2024-03-12T12:01:08.908+0000] {dagbag.py:540} INFO - Filling up the DagBag from /home/airflow/.local/lib/python3.8/site-packages/airflow/example_dags/example_xcomargs.py
[2024-03-12T12:01:08.916+0000] {processor.py:840} INFO - DAG(s) 'example_xcom_args_with_operators', 'example_xcom_args' retrieved from /home/airflow/.local/lib/python3.8/site-packages/airflow/example_dags/example_xcomargs.py
[2024-03-12T12:01:08.934+0000] {logging_mixin.py:188} INFO - [2024-03-12T12:01:08.934+0000] {dag.py:3047} INFO - Sync 2 DAGs
[2024-03-12T12:01:08.943+0000] {logging_mixin.py:188} INFO - [2024-03-12T12:01:08.943+0000] {dag.py:3834} INFO - Setting next_dagrun for example_xcom_args to None, run_after=None
[2024-03-12T12:01:08.946+0000] {logging_mixin.py:188} INFO - [2024-03-12T12:01:08.946+0000] {dag.py:3834} INFO - Setting next_dagrun for example_xcom_args_with_operators to None, run_after=None
[2024-03-12T12:01:08.956+0000] {processor.py:183} INFO - Processing /home/airflow/.local/lib/python3.8/site-packages/airflow/example_dags/example_xcomargs.py took 0.055 seconds
[2024-03-12T12:01:39.845+0000] {processor.py:161} INFO - Started process (PID=1751) to work on /home/airflow/.local/lib/python3.8/site-packages/airflow/example_dags/example_xcomargs.py
[2024-03-12T12:01:39.847+0000] {processor.py:830} INFO - Processing file /home/airflow/.local/lib/python3.8/site-packages/airflow/example_dags/example_xcomargs.py for tasks to queue
[2024-03-12T12:01:39.848+0000] {logging_mixin.py:188} INFO - [2024-03-12T12:01:39.848+0000] {dagbag.py:540} INFO - Filling up the DagBag from /home/airflow/.local/lib/python3.8/site-packages/airflow/example_dags/example_xcomargs.py
[2024-03-12T12:01:39.854+0000] {processor.py:840} INFO - DAG(s) 'example_xcom_args', 'example_xcom_args_with_operators' retrieved from /home/airflow/.local/lib/python3.8/site-packages/airflow/example_dags/example_xcomargs.py
[2024-03-12T12:01:39.872+0000] {logging_mixin.py:188} INFO - [2024-03-12T12:01:39.872+0000] {dag.py:3047} INFO - Sync 2 DAGs
[2024-03-12T12:01:39.880+0000] {logging_mixin.py:188} INFO - [2024-03-12T12:01:39.880+0000] {dag.py:3834} INFO - Setting next_dagrun for example_xcom_args to None, run_after=None
[2024-03-12T12:01:39.883+0000] {logging_mixin.py:188} INFO - [2024-03-12T12:01:39.883+0000] {dag.py:3834} INFO - Setting next_dagrun for example_xcom_args_with_operators to None, run_after=None
[2024-03-12T12:01:39.893+0000] {processor.py:183} INFO - Processing /home/airflow/.local/lib/python3.8/site-packages/airflow/example_dags/example_xcomargs.py took 0.051 seconds
[2024-03-12T12:02:10.600+0000] {processor.py:161} INFO - Started process (PID=1998) to work on /home/airflow/.local/lib/python3.8/site-packages/airflow/example_dags/example_xcomargs.py
[2024-03-12T12:02:10.601+0000] {processor.py:830} INFO - Processing file /home/airflow/.local/lib/python3.8/site-packages/airflow/example_dags/example_xcomargs.py for tasks to queue
[2024-03-12T12:02:10.602+0000] {logging_mixin.py:188} INFO - [2024-03-12T12:02:10.602+0000] {dagbag.py:540} INFO - Filling up the DagBag from /home/airflow/.local/lib/python3.8/site-packages/airflow/example_dags/example_xcomargs.py
[2024-03-12T12:02:10.611+0000] {processor.py:840} INFO - DAG(s) 'example_xcom_args', 'example_xcom_args_with_operators' retrieved from /home/airflow/.local/lib/python3.8/site-packages/airflow/example_dags/example_xcomargs.py
[2024-03-12T12:02:10.635+0000] {logging_mixin.py:188} INFO - [2024-03-12T12:02:10.635+0000] {dag.py:3047} INFO - Sync 2 DAGs
[2024-03-12T12:02:10.645+0000] {logging_mixin.py:188} INFO - [2024-03-12T12:02:10.645+0000] {dag.py:3834} INFO - Setting next_dagrun for example_xcom_args to None, run_after=None
[2024-03-12T12:02:10.648+0000] {logging_mixin.py:188} INFO - [2024-03-12T12:02:10.648+0000] {dag.py:3834} INFO - Setting next_dagrun for example_xcom_args_with_operators to None, run_after=None
[2024-03-12T12:02:10.659+0000] {processor.py:183} INFO - Processing /home/airflow/.local/lib/python3.8/site-packages/airflow/example_dags/example_xcomargs.py took 0.063 seconds
[2024-03-12T12:02:41.253+0000] {processor.py:161} INFO - Started process (PID=2245) to work on /home/airflow/.local/lib/python3.8/site-packages/airflow/example_dags/example_xcomargs.py
[2024-03-12T12:02:41.255+0000] {processor.py:830} INFO - Processing file /home/airflow/.local/lib/python3.8/site-packages/airflow/example_dags/example_xcomargs.py for tasks to queue
[2024-03-12T12:02:41.256+0000] {logging_mixin.py:188} INFO - [2024-03-12T12:02:41.255+0000] {dagbag.py:540} INFO - Filling up the DagBag from /home/airflow/.local/lib/python3.8/site-packages/airflow/example_dags/example_xcomargs.py
[2024-03-12T12:02:41.262+0000] {processor.py:840} INFO - DAG(s) 'example_xcom_args_with_operators', 'example_xcom_args' retrieved from /home/airflow/.local/lib/python3.8/site-packages/airflow/example_dags/example_xcomargs.py
[2024-03-12T12:02:41.280+0000] {logging_mixin.py:188} INFO - [2024-03-12T12:02:41.280+0000] {dag.py:3047} INFO - Sync 2 DAGs
[2024-03-12T12:02:41.287+0000] {logging_mixin.py:188} INFO - [2024-03-12T12:02:41.287+0000] {dag.py:3834} INFO - Setting next_dagrun for example_xcom_args to None, run_after=None
[2024-03-12T12:02:41.290+0000] {logging_mixin.py:188} INFO - [2024-03-12T12:02:41.290+0000] {dag.py:3834} INFO - Setting next_dagrun for example_xcom_args_with_operators to None, run_after=None
[2024-03-12T12:02:41.300+0000] {processor.py:183} INFO - Processing /home/airflow/.local/lib/python3.8/site-packages/airflow/example_dags/example_xcomargs.py took 0.050 seconds
[2024-03-12T12:03:12.852+0000] {processor.py:161} INFO - Started process (PID=2492) to work on /home/airflow/.local/lib/python3.8/site-packages/airflow/example_dags/example_xcomargs.py
[2024-03-12T12:03:12.854+0000] {processor.py:830} INFO - Processing file /home/airflow/.local/lib/python3.8/site-packages/airflow/example_dags/example_xcomargs.py for tasks to queue
[2024-03-12T12:03:12.856+0000] {logging_mixin.py:188} INFO - [2024-03-12T12:03:12.855+0000] {dagbag.py:540} INFO - Filling up the DagBag from /home/airflow/.local/lib/python3.8/site-packages/airflow/example_dags/example_xcomargs.py
[2024-03-12T12:03:12.865+0000] {processor.py:840} INFO - DAG(s) 'example_xcom_args_with_operators', 'example_xcom_args' retrieved from /home/airflow/.local/lib/python3.8/site-packages/airflow/example_dags/example_xcomargs.py
[2024-03-12T12:03:12.889+0000] {logging_mixin.py:188} INFO - [2024-03-12T12:03:12.889+0000] {dag.py:3047} INFO - Sync 2 DAGs
[2024-03-12T12:03:12.899+0000] {logging_mixin.py:188} INFO - [2024-03-12T12:03:12.899+0000] {dag.py:3834} INFO - Setting next_dagrun for example_xcom_args to None, run_after=None
[2024-03-12T12:03:12.904+0000] {logging_mixin.py:188} INFO - [2024-03-12T12:03:12.904+0000] {dag.py:3834} INFO - Setting next_dagrun for example_xcom_args_with_operators to None, run_after=None
[2024-03-12T12:03:12.917+0000] {processor.py:183} INFO - Processing /home/airflow/.local/lib/python3.8/site-packages/airflow/example_dags/example_xcomargs.py took 0.069 seconds
[2024-03-12T12:03:43.883+0000] {processor.py:161} INFO - Started process (PID=2739) to work on /home/airflow/.local/lib/python3.8/site-packages/airflow/example_dags/example_xcomargs.py
[2024-03-12T12:03:43.884+0000] {processor.py:830} INFO - Processing file /home/airflow/.local/lib/python3.8/site-packages/airflow/example_dags/example_xcomargs.py for tasks to queue
[2024-03-12T12:03:43.885+0000] {logging_mixin.py:188} INFO - [2024-03-12T12:03:43.885+0000] {dagbag.py:540} INFO - Filling up the DagBag from /home/airflow/.local/lib/python3.8/site-packages/airflow/example_dags/example_xcomargs.py
[2024-03-12T12:03:43.892+0000] {processor.py:840} INFO - DAG(s) 'example_xcom_args', 'example_xcom_args_with_operators' retrieved from /home/airflow/.local/lib/python3.8/site-packages/airflow/example_dags/example_xcomargs.py
[2024-03-12T12:03:43.922+0000] {logging_mixin.py:188} INFO - [2024-03-12T12:03:43.922+0000] {dag.py:3047} INFO - Sync 2 DAGs
[2024-03-12T12:03:43.931+0000] {logging_mixin.py:188} INFO - [2024-03-12T12:03:43.931+0000] {dag.py:3834} INFO - Setting next_dagrun for example_xcom_args to None, run_after=None
[2024-03-12T12:03:43.935+0000] {logging_mixin.py:188} INFO - [2024-03-12T12:03:43.935+0000] {dag.py:3834} INFO - Setting next_dagrun for example_xcom_args_with_operators to None, run_after=None
[2024-03-12T12:03:43.956+0000] {processor.py:183} INFO - Processing /home/airflow/.local/lib/python3.8/site-packages/airflow/example_dags/example_xcomargs.py took 0.076 seconds
[2024-03-12T12:04:15.487+0000] {processor.py:161} INFO - Started process (PID=2986) to work on /home/airflow/.local/lib/python3.8/site-packages/airflow/example_dags/example_xcomargs.py
[2024-03-12T12:04:15.488+0000] {processor.py:830} INFO - Processing file /home/airflow/.local/lib/python3.8/site-packages/airflow/example_dags/example_xcomargs.py for tasks to queue
[2024-03-12T12:04:15.489+0000] {logging_mixin.py:188} INFO - [2024-03-12T12:04:15.489+0000] {dagbag.py:540} INFO - Filling up the DagBag from /home/airflow/.local/lib/python3.8/site-packages/airflow/example_dags/example_xcomargs.py
[2024-03-12T12:04:15.496+0000] {processor.py:840} INFO - DAG(s) 'example_xcom_args_with_operators', 'example_xcom_args' retrieved from /home/airflow/.local/lib/python3.8/site-packages/airflow/example_dags/example_xcomargs.py
[2024-03-12T12:04:15.525+0000] {logging_mixin.py:188} INFO - [2024-03-12T12:04:15.525+0000] {dag.py:3047} INFO - Sync 2 DAGs
[2024-03-12T12:04:15.534+0000] {logging_mixin.py:188} INFO - [2024-03-12T12:04:15.534+0000] {dag.py:3834} INFO - Setting next_dagrun for example_xcom_args to None, run_after=None
[2024-03-12T12:04:15.538+0000] {logging_mixin.py:188} INFO - [2024-03-12T12:04:15.537+0000] {dag.py:3834} INFO - Setting next_dagrun for example_xcom_args_with_operators to None, run_after=None
[2024-03-12T12:04:15.552+0000] {processor.py:183} INFO - Processing /home/airflow/.local/lib/python3.8/site-packages/airflow/example_dags/example_xcomargs.py took 0.068 seconds
[2024-03-12T12:04:45.774+0000] {processor.py:161} INFO - Started process (PID=3233) to work on /home/airflow/.local/lib/python3.8/site-packages/airflow/example_dags/example_xcomargs.py
[2024-03-12T12:04:45.776+0000] {processor.py:830} INFO - Processing file /home/airflow/.local/lib/python3.8/site-packages/airflow/example_dags/example_xcomargs.py for tasks to queue
[2024-03-12T12:04:45.777+0000] {logging_mixin.py:188} INFO - [2024-03-12T12:04:45.777+0000] {dagbag.py:540} INFO - Filling up the DagBag from /home/airflow/.local/lib/python3.8/site-packages/airflow/example_dags/example_xcomargs.py
[2024-03-12T12:04:45.784+0000] {processor.py:840} INFO - DAG(s) 'example_xcom_args_with_operators', 'example_xcom_args' retrieved from /home/airflow/.local/lib/python3.8/site-packages/airflow/example_dags/example_xcomargs.py
[2024-03-12T12:04:45.805+0000] {logging_mixin.py:188} INFO - [2024-03-12T12:04:45.805+0000] {dag.py:3047} INFO - Sync 2 DAGs
[2024-03-12T12:04:45.818+0000] {logging_mixin.py:188} INFO - [2024-03-12T12:04:45.818+0000] {dag.py:3834} INFO - Setting next_dagrun for example_xcom_args to None, run_after=None
[2024-03-12T12:04:45.826+0000] {logging_mixin.py:188} INFO - [2024-03-12T12:04:45.825+0000] {dag.py:3834} INFO - Setting next_dagrun for example_xcom_args_with_operators to None, run_after=None
[2024-03-12T12:04:45.861+0000] {processor.py:183} INFO - Processing /home/airflow/.local/lib/python3.8/site-packages/airflow/example_dags/example_xcomargs.py took 0.089 seconds
[2024-03-12T12:05:16.085+0000] {processor.py:161} INFO - Started process (PID=3483) to work on /home/airflow/.local/lib/python3.8/site-packages/airflow/example_dags/example_xcomargs.py
[2024-03-12T12:05:16.086+0000] {processor.py:830} INFO - Processing file /home/airflow/.local/lib/python3.8/site-packages/airflow/example_dags/example_xcomargs.py for tasks to queue
[2024-03-12T12:05:16.087+0000] {logging_mixin.py:188} INFO - [2024-03-12T12:05:16.087+0000] {dagbag.py:540} INFO - Filling up the DagBag from /home/airflow/.local/lib/python3.8/site-packages/airflow/example_dags/example_xcomargs.py
[2024-03-12T12:05:16.093+0000] {processor.py:840} INFO - DAG(s) 'example_xcom_args_with_operators', 'example_xcom_args' retrieved from /home/airflow/.local/lib/python3.8/site-packages/airflow/example_dags/example_xcomargs.py
[2024-03-12T12:05:16.111+0000] {logging_mixin.py:188} INFO - [2024-03-12T12:05:16.110+0000] {dag.py:3047} INFO - Sync 2 DAGs
[2024-03-12T12:05:16.118+0000] {logging_mixin.py:188} INFO - [2024-03-12T12:05:16.118+0000] {dag.py:3834} INFO - Setting next_dagrun for example_xcom_args to None, run_after=None
[2024-03-12T12:05:16.121+0000] {logging_mixin.py:188} INFO - [2024-03-12T12:05:16.121+0000] {dag.py:3834} INFO - Setting next_dagrun for example_xcom_args_with_operators to None, run_after=None
[2024-03-12T12:05:16.130+0000] {processor.py:183} INFO - Processing /home/airflow/.local/lib/python3.8/site-packages/airflow/example_dags/example_xcomargs.py took 0.048 seconds
[2024-03-12T12:05:46.420+0000] {processor.py:161} INFO - Started process (PID=3728) to work on /home/airflow/.local/lib/python3.8/site-packages/airflow/example_dags/example_xcomargs.py
[2024-03-12T12:05:46.422+0000] {processor.py:830} INFO - Processing file /home/airflow/.local/lib/python3.8/site-packages/airflow/example_dags/example_xcomargs.py for tasks to queue
[2024-03-12T12:05:46.423+0000] {logging_mixin.py:188} INFO - [2024-03-12T12:05:46.423+0000] {dagbag.py:540} INFO - Filling up the DagBag from /home/airflow/.local/lib/python3.8/site-packages/airflow/example_dags/example_xcomargs.py
[2024-03-12T12:05:46.429+0000] {processor.py:840} INFO - DAG(s) 'example_xcom_args_with_operators', 'example_xcom_args' retrieved from /home/airflow/.local/lib/python3.8/site-packages/airflow/example_dags/example_xcomargs.py
[2024-03-12T12:05:46.449+0000] {logging_mixin.py:188} INFO - [2024-03-12T12:05:46.449+0000] {dag.py:3047} INFO - Sync 2 DAGs
[2024-03-12T12:05:46.457+0000] {logging_mixin.py:188} INFO - [2024-03-12T12:05:46.457+0000] {dag.py:3834} INFO - Setting next_dagrun for example_xcom_args to None, run_after=None
[2024-03-12T12:05:46.462+0000] {logging_mixin.py:188} INFO - [2024-03-12T12:05:46.461+0000] {dag.py:3834} INFO - Setting next_dagrun for example_xcom_args_with_operators to None, run_after=None
[2024-03-12T12:05:46.479+0000] {processor.py:183} INFO - Processing /home/airflow/.local/lib/python3.8/site-packages/airflow/example_dags/example_xcomargs.py took 0.061 seconds
[2024-03-12T12:06:19.347+0000] {processor.py:161} INFO - Started process (PID=3975) to work on /home/airflow/.local/lib/python3.8/site-packages/airflow/example_dags/example_xcomargs.py
[2024-03-12T12:06:19.348+0000] {processor.py:830} INFO - Processing file /home/airflow/.local/lib/python3.8/site-packages/airflow/example_dags/example_xcomargs.py for tasks to queue
[2024-03-12T12:06:19.349+0000] {logging_mixin.py:188} INFO - [2024-03-12T12:06:19.349+0000] {dagbag.py:540} INFO - Filling up the DagBag from /home/airflow/.local/lib/python3.8/site-packages/airflow/example_dags/example_xcomargs.py
[2024-03-12T12:06:19.356+0000] {processor.py:840} INFO - DAG(s) 'example_xcom_args_with_operators', 'example_xcom_args' retrieved from /home/airflow/.local/lib/python3.8/site-packages/airflow/example_dags/example_xcomargs.py
[2024-03-12T12:06:19.376+0000] {logging_mixin.py:188} INFO - [2024-03-12T12:06:19.375+0000] {dag.py:3047} INFO - Sync 2 DAGs
[2024-03-12T12:06:19.383+0000] {logging_mixin.py:188} INFO - [2024-03-12T12:06:19.383+0000] {dag.py:3834} INFO - Setting next_dagrun for example_xcom_args to None, run_after=None
[2024-03-12T12:06:19.386+0000] {logging_mixin.py:188} INFO - [2024-03-12T12:06:19.386+0000] {dag.py:3834} INFO - Setting next_dagrun for example_xcom_args_with_operators to None, run_after=None
[2024-03-12T12:06:19.395+0000] {processor.py:183} INFO - Processing /home/airflow/.local/lib/python3.8/site-packages/airflow/example_dags/example_xcomargs.py took 0.051 seconds
[2024-03-12T12:06:50.341+0000] {processor.py:161} INFO - Started process (PID=4222) to work on /home/airflow/.local/lib/python3.8/site-packages/airflow/example_dags/example_xcomargs.py
[2024-03-12T12:06:50.343+0000] {processor.py:830} INFO - Processing file /home/airflow/.local/lib/python3.8/site-packages/airflow/example_dags/example_xcomargs.py for tasks to queue
[2024-03-12T12:06:50.344+0000] {logging_mixin.py:188} INFO - [2024-03-12T12:06:50.344+0000] {dagbag.py:540} INFO - Filling up the DagBag from /home/airflow/.local/lib/python3.8/site-packages/airflow/example_dags/example_xcomargs.py
[2024-03-12T12:06:50.351+0000] {processor.py:840} INFO - DAG(s) 'example_xcom_args', 'example_xcom_args_with_operators' retrieved from /home/airflow/.local/lib/python3.8/site-packages/airflow/example_dags/example_xcomargs.py
[2024-03-12T12:06:50.374+0000] {logging_mixin.py:188} INFO - [2024-03-12T12:06:50.374+0000] {dag.py:3047} INFO - Sync 2 DAGs
[2024-03-12T12:06:50.384+0000] {logging_mixin.py:188} INFO - [2024-03-12T12:06:50.384+0000] {dag.py:3834} INFO - Setting next_dagrun for example_xcom_args to None, run_after=None
[2024-03-12T12:06:50.387+0000] {logging_mixin.py:188} INFO - [2024-03-12T12:06:50.387+0000] {dag.py:3834} INFO - Setting next_dagrun for example_xcom_args_with_operators to None, run_after=None
[2024-03-12T12:06:50.398+0000] {processor.py:183} INFO - Processing /home/airflow/.local/lib/python3.8/site-packages/airflow/example_dags/example_xcomargs.py took 0.060 seconds
[2024-03-12T12:07:21.291+0000] {processor.py:161} INFO - Started process (PID=4469) to work on /home/airflow/.local/lib/python3.8/site-packages/airflow/example_dags/example_xcomargs.py
[2024-03-12T12:07:21.293+0000] {processor.py:830} INFO - Processing file /home/airflow/.local/lib/python3.8/site-packages/airflow/example_dags/example_xcomargs.py for tasks to queue
[2024-03-12T12:07:21.294+0000] {logging_mixin.py:188} INFO - [2024-03-12T12:07:21.293+0000] {dagbag.py:540} INFO - Filling up the DagBag from /home/airflow/.local/lib/python3.8/site-packages/airflow/example_dags/example_xcomargs.py
[2024-03-12T12:07:21.303+0000] {processor.py:840} INFO - DAG(s) 'example_xcom_args', 'example_xcom_args_with_operators' retrieved from /home/airflow/.local/lib/python3.8/site-packages/airflow/example_dags/example_xcomargs.py
[2024-03-12T12:07:21.321+0000] {logging_mixin.py:188} INFO - [2024-03-12T12:07:21.321+0000] {dag.py:3047} INFO - Sync 2 DAGs
[2024-03-12T12:07:21.329+0000] {logging_mixin.py:188} INFO - [2024-03-12T12:07:21.328+0000] {dag.py:3834} INFO - Setting next_dagrun for example_xcom_args to None, run_after=None
[2024-03-12T12:07:21.332+0000] {logging_mixin.py:188} INFO - [2024-03-12T12:07:21.331+0000] {dag.py:3834} INFO - Setting next_dagrun for example_xcom_args_with_operators to None, run_after=None
[2024-03-12T12:07:21.343+0000] {processor.py:183} INFO - Processing /home/airflow/.local/lib/python3.8/site-packages/airflow/example_dags/example_xcomargs.py took 0.054 seconds
[2024-03-12T12:07:51.774+0000] {processor.py:161} INFO - Started process (PID=4716) to work on /home/airflow/.local/lib/python3.8/site-packages/airflow/example_dags/example_xcomargs.py
[2024-03-12T12:07:51.775+0000] {processor.py:830} INFO - Processing file /home/airflow/.local/lib/python3.8/site-packages/airflow/example_dags/example_xcomargs.py for tasks to queue
[2024-03-12T12:07:51.776+0000] {logging_mixin.py:188} INFO - [2024-03-12T12:07:51.776+0000] {dagbag.py:540} INFO - Filling up the DagBag from /home/airflow/.local/lib/python3.8/site-packages/airflow/example_dags/example_xcomargs.py
[2024-03-12T12:07:51.782+0000] {processor.py:840} INFO - DAG(s) 'example_xcom_args_with_operators', 'example_xcom_args' retrieved from /home/airflow/.local/lib/python3.8/site-packages/airflow/example_dags/example_xcomargs.py
[2024-03-12T12:07:51.800+0000] {logging_mixin.py:188} INFO - [2024-03-12T12:07:51.800+0000] {dag.py:3047} INFO - Sync 2 DAGs
[2024-03-12T12:07:51.808+0000] {logging_mixin.py:188} INFO - [2024-03-12T12:07:51.807+0000] {dag.py:3834} INFO - Setting next_dagrun for example_xcom_args to None, run_after=None
[2024-03-12T12:07:51.810+0000] {logging_mixin.py:188} INFO - [2024-03-12T12:07:51.810+0000] {dag.py:3834} INFO - Setting next_dagrun for example_xcom_args_with_operators to None, run_after=None
[2024-03-12T12:07:51.820+0000] {processor.py:183} INFO - Processing /home/airflow/.local/lib/python3.8/site-packages/airflow/example_dags/example_xcomargs.py took 0.049 seconds
[2024-03-12T12:08:22.138+0000] {processor.py:161} INFO - Started process (PID=4963) to work on /home/airflow/.local/lib/python3.8/site-packages/airflow/example_dags/example_xcomargs.py
[2024-03-12T12:08:22.139+0000] {processor.py:830} INFO - Processing file /home/airflow/.local/lib/python3.8/site-packages/airflow/example_dags/example_xcomargs.py for tasks to queue
[2024-03-12T12:08:22.140+0000] {logging_mixin.py:188} INFO - [2024-03-12T12:08:22.140+0000] {dagbag.py:540} INFO - Filling up the DagBag from /home/airflow/.local/lib/python3.8/site-packages/airflow/example_dags/example_xcomargs.py
[2024-03-12T12:08:22.146+0000] {processor.py:840} INFO - DAG(s) 'example_xcom_args', 'example_xcom_args_with_operators' retrieved from /home/airflow/.local/lib/python3.8/site-packages/airflow/example_dags/example_xcomargs.py
[2024-03-12T12:08:22.163+0000] {logging_mixin.py:188} INFO - [2024-03-12T12:08:22.163+0000] {dag.py:3047} INFO - Sync 2 DAGs
[2024-03-12T12:08:22.171+0000] {logging_mixin.py:188} INFO - [2024-03-12T12:08:22.170+0000] {dag.py:3834} INFO - Setting next_dagrun for example_xcom_args to None, run_after=None
[2024-03-12T12:08:22.173+0000] {logging_mixin.py:188} INFO - [2024-03-12T12:08:22.173+0000] {dag.py:3834} INFO - Setting next_dagrun for example_xcom_args_with_operators to None, run_after=None
[2024-03-12T12:08:22.182+0000] {processor.py:183} INFO - Processing /home/airflow/.local/lib/python3.8/site-packages/airflow/example_dags/example_xcomargs.py took 0.048 seconds
[2024-03-12T12:08:52.736+0000] {processor.py:161} INFO - Started process (PID=5210) to work on /home/airflow/.local/lib/python3.8/site-packages/airflow/example_dags/example_xcomargs.py
[2024-03-12T12:08:52.738+0000] {processor.py:830} INFO - Processing file /home/airflow/.local/lib/python3.8/site-packages/airflow/example_dags/example_xcomargs.py for tasks to queue
[2024-03-12T12:08:52.739+0000] {logging_mixin.py:188} INFO - [2024-03-12T12:08:52.738+0000] {dagbag.py:540} INFO - Filling up the DagBag from /home/airflow/.local/lib/python3.8/site-packages/airflow/example_dags/example_xcomargs.py
[2024-03-12T12:08:52.745+0000] {processor.py:840} INFO - DAG(s) 'example_xcom_args_with_operators', 'example_xcom_args' retrieved from /home/airflow/.local/lib/python3.8/site-packages/airflow/example_dags/example_xcomargs.py
[2024-03-12T12:08:52.776+0000] {logging_mixin.py:188} INFO - [2024-03-12T12:08:52.776+0000] {dag.py:3047} INFO - Sync 2 DAGs
[2024-03-12T12:08:52.787+0000] {logging_mixin.py:188} INFO - [2024-03-12T12:08:52.787+0000] {dag.py:3834} INFO - Setting next_dagrun for example_xcom_args to None, run_after=None
[2024-03-12T12:08:52.790+0000] {logging_mixin.py:188} INFO - [2024-03-12T12:08:52.790+0000] {dag.py:3834} INFO - Setting next_dagrun for example_xcom_args_with_operators to None, run_after=None
[2024-03-12T12:08:52.803+0000] {processor.py:183} INFO - Processing /home/airflow/.local/lib/python3.8/site-packages/airflow/example_dags/example_xcomargs.py took 0.070 seconds
[2024-03-12T12:09:23.377+0000] {processor.py:161} INFO - Started process (PID=5457) to work on /home/airflow/.local/lib/python3.8/site-packages/airflow/example_dags/example_xcomargs.py
[2024-03-12T12:09:23.379+0000] {processor.py:830} INFO - Processing file /home/airflow/.local/lib/python3.8/site-packages/airflow/example_dags/example_xcomargs.py for tasks to queue
[2024-03-12T12:09:23.380+0000] {logging_mixin.py:188} INFO - [2024-03-12T12:09:23.380+0000] {dagbag.py:540} INFO - Filling up the DagBag from /home/airflow/.local/lib/python3.8/site-packages/airflow/example_dags/example_xcomargs.py
[2024-03-12T12:09:23.388+0000] {processor.py:840} INFO - DAG(s) 'example_xcom_args_with_operators', 'example_xcom_args' retrieved from /home/airflow/.local/lib/python3.8/site-packages/airflow/example_dags/example_xcomargs.py
[2024-03-12T12:09:23.408+0000] {logging_mixin.py:188} INFO - [2024-03-12T12:09:23.407+0000] {dag.py:3047} INFO - Sync 2 DAGs
[2024-03-12T12:09:23.415+0000] {logging_mixin.py:188} INFO - [2024-03-12T12:09:23.415+0000] {dag.py:3834} INFO - Setting next_dagrun for example_xcom_args to None, run_after=None
[2024-03-12T12:09:23.418+0000] {logging_mixin.py:188} INFO - [2024-03-12T12:09:23.418+0000] {dag.py:3834} INFO - Setting next_dagrun for example_xcom_args_with_operators to None, run_after=None
[2024-03-12T12:09:23.428+0000] {processor.py:183} INFO - Processing /home/airflow/.local/lib/python3.8/site-packages/airflow/example_dags/example_xcomargs.py took 0.054 seconds
[2024-03-12T12:09:54.086+0000] {processor.py:161} INFO - Started process (PID=5704) to work on /home/airflow/.local/lib/python3.8/site-packages/airflow/example_dags/example_xcomargs.py
[2024-03-12T12:09:54.088+0000] {processor.py:830} INFO - Processing file /home/airflow/.local/lib/python3.8/site-packages/airflow/example_dags/example_xcomargs.py for tasks to queue
[2024-03-12T12:09:54.089+0000] {logging_mixin.py:188} INFO - [2024-03-12T12:09:54.089+0000] {dagbag.py:540} INFO - Filling up the DagBag from /home/airflow/.local/lib/python3.8/site-packages/airflow/example_dags/example_xcomargs.py
[2024-03-12T12:09:54.095+0000] {processor.py:840} INFO - DAG(s) 'example_xcom_args', 'example_xcom_args_with_operators' retrieved from /home/airflow/.local/lib/python3.8/site-packages/airflow/example_dags/example_xcomargs.py
[2024-03-12T12:09:54.113+0000] {logging_mixin.py:188} INFO - [2024-03-12T12:09:54.113+0000] {dag.py:3047} INFO - Sync 2 DAGs
[2024-03-12T12:09:54.121+0000] {logging_mixin.py:188} INFO - [2024-03-12T12:09:54.120+0000] {dag.py:3834} INFO - Setting next_dagrun for example_xcom_args to None, run_after=None
[2024-03-12T12:09:54.123+0000] {logging_mixin.py:188} INFO - [2024-03-12T12:09:54.123+0000] {dag.py:3834} INFO - Setting next_dagrun for example_xcom_args_with_operators to None, run_after=None
[2024-03-12T12:09:54.134+0000] {processor.py:183} INFO - Processing /home/airflow/.local/lib/python3.8/site-packages/airflow/example_dags/example_xcomargs.py took 0.051 seconds
[2024-03-12T12:10:24.520+0000] {processor.py:161} INFO - Started process (PID=5951) to work on /home/airflow/.local/lib/python3.8/site-packages/airflow/example_dags/example_xcomargs.py
[2024-03-12T12:10:24.521+0000] {processor.py:830} INFO - Processing file /home/airflow/.local/lib/python3.8/site-packages/airflow/example_dags/example_xcomargs.py for tasks to queue
[2024-03-12T12:10:24.522+0000] {logging_mixin.py:188} INFO - [2024-03-12T12:10:24.522+0000] {dagbag.py:540} INFO - Filling up the DagBag from /home/airflow/.local/lib/python3.8/site-packages/airflow/example_dags/example_xcomargs.py
[2024-03-12T12:10:24.529+0000] {processor.py:840} INFO - DAG(s) 'example_xcom_args_with_operators', 'example_xcom_args' retrieved from /home/airflow/.local/lib/python3.8/site-packages/airflow/example_dags/example_xcomargs.py
[2024-03-12T12:10:24.548+0000] {logging_mixin.py:188} INFO - [2024-03-12T12:10:24.548+0000] {dag.py:3047} INFO - Sync 2 DAGs
[2024-03-12T12:10:24.556+0000] {logging_mixin.py:188} INFO - [2024-03-12T12:10:24.556+0000] {dag.py:3834} INFO - Setting next_dagrun for example_xcom_args to None, run_after=None
[2024-03-12T12:10:24.559+0000] {logging_mixin.py:188} INFO - [2024-03-12T12:10:24.559+0000] {dag.py:3834} INFO - Setting next_dagrun for example_xcom_args_with_operators to None, run_after=None
[2024-03-12T12:10:24.570+0000] {processor.py:183} INFO - Processing /home/airflow/.local/lib/python3.8/site-packages/airflow/example_dags/example_xcomargs.py took 0.053 seconds
[2024-03-12T12:10:54.766+0000] {processor.py:161} INFO - Started process (PID=6198) to work on /home/airflow/.local/lib/python3.8/site-packages/airflow/example_dags/example_xcomargs.py
[2024-03-12T12:10:54.769+0000] {processor.py:830} INFO - Processing file /home/airflow/.local/lib/python3.8/site-packages/airflow/example_dags/example_xcomargs.py for tasks to queue
[2024-03-12T12:10:54.770+0000] {logging_mixin.py:188} INFO - [2024-03-12T12:10:54.769+0000] {dagbag.py:540} INFO - Filling up the DagBag from /home/airflow/.local/lib/python3.8/site-packages/airflow/example_dags/example_xcomargs.py
[2024-03-12T12:10:54.782+0000] {processor.py:840} INFO - DAG(s) 'example_xcom_args', 'example_xcom_args_with_operators' retrieved from /home/airflow/.local/lib/python3.8/site-packages/airflow/example_dags/example_xcomargs.py
[2024-03-12T12:10:54.808+0000] {logging_mixin.py:188} INFO - [2024-03-12T12:10:54.808+0000] {dag.py:3047} INFO - Sync 2 DAGs
[2024-03-12T12:10:54.819+0000] {logging_mixin.py:188} INFO - [2024-03-12T12:10:54.819+0000] {dag.py:3834} INFO - Setting next_dagrun for example_xcom_args to None, run_after=None
[2024-03-12T12:10:54.823+0000] {logging_mixin.py:188} INFO - [2024-03-12T12:10:54.823+0000] {dag.py:3834} INFO - Setting next_dagrun for example_xcom_args_with_operators to None, run_after=None
[2024-03-12T12:10:54.838+0000] {processor.py:183} INFO - Processing /home/airflow/.local/lib/python3.8/site-packages/airflow/example_dags/example_xcomargs.py took 0.076 seconds
