[2024-03-12T11:50:05.954+0000] {processor.py:161} INFO - Started process (PID=334) to work on /home/airflow/.local/lib/python3.8/site-packages/airflow/example_dags/example_dag_decorator.py
[2024-03-12T11:50:05.956+0000] {processor.py:830} INFO - Processing file /home/airflow/.local/lib/python3.8/site-packages/airflow/example_dags/example_dag_decorator.py for tasks to queue
[2024-03-12T11:50:05.958+0000] {logging_mixin.py:188} INFO - [2024-03-12T11:50:05.958+0000] {dagbag.py:540} INFO - Filling up the DagBag from /home/airflow/.local/lib/python3.8/site-packages/airflow/example_dags/example_dag_decorator.py
[2024-03-12T11:50:06.050+0000] {processor.py:840} INFO - DAG(s) 'example_dag_decorator' retrieved from /home/airflow/.local/lib/python3.8/site-packages/airflow/example_dags/example_dag_decorator.py
[2024-03-12T11:50:06.123+0000] {logging_mixin.py:188} INFO - [2024-03-12T11:50:06.123+0000] {dag.py:3047} INFO - Sync 1 DAGs
[2024-03-12T11:50:06.131+0000] {logging_mixin.py:188} INFO - [2024-03-12T11:50:06.131+0000] {dag.py:3834} INFO - Setting next_dagrun for example_dag_decorator to None, run_after=None
[2024-03-12T11:50:06.142+0000] {processor.py:183} INFO - Processing /home/airflow/.local/lib/python3.8/site-packages/airflow/example_dags/example_dag_decorator.py took 0.193 seconds
[2024-03-12T11:50:36.763+0000] {processor.py:161} INFO - Started process (PID=581) to work on /home/airflow/.local/lib/python3.8/site-packages/airflow/example_dags/example_dag_decorator.py
[2024-03-12T11:50:36.765+0000] {processor.py:830} INFO - Processing file /home/airflow/.local/lib/python3.8/site-packages/airflow/example_dags/example_dag_decorator.py for tasks to queue
[2024-03-12T11:50:36.766+0000] {logging_mixin.py:188} INFO - [2024-03-12T11:50:36.766+0000] {dagbag.py:540} INFO - Filling up the DagBag from /home/airflow/.local/lib/python3.8/site-packages/airflow/example_dags/example_dag_decorator.py
[2024-03-12T11:50:36.824+0000] {processor.py:840} INFO - DAG(s) 'example_dag_decorator' retrieved from /home/airflow/.local/lib/python3.8/site-packages/airflow/example_dags/example_dag_decorator.py
[2024-03-12T11:50:36.905+0000] {logging_mixin.py:188} INFO - [2024-03-12T11:50:36.905+0000] {dag.py:3047} INFO - Sync 1 DAGs
[2024-03-12T11:50:36.914+0000] {logging_mixin.py:188} INFO - [2024-03-12T11:50:36.914+0000] {dag.py:3834} INFO - Setting next_dagrun for example_dag_decorator to None, run_after=None
[2024-03-12T11:50:36.927+0000] {processor.py:183} INFO - Processing /home/airflow/.local/lib/python3.8/site-packages/airflow/example_dags/example_dag_decorator.py took 0.167 seconds
[2024-03-12T11:51:07.422+0000] {processor.py:161} INFO - Started process (PID=830) to work on /home/airflow/.local/lib/python3.8/site-packages/airflow/example_dags/example_dag_decorator.py
[2024-03-12T11:51:07.423+0000] {processor.py:830} INFO - Processing file /home/airflow/.local/lib/python3.8/site-packages/airflow/example_dags/example_dag_decorator.py for tasks to queue
[2024-03-12T11:51:07.424+0000] {logging_mixin.py:188} INFO - [2024-03-12T11:51:07.424+0000] {dagbag.py:540} INFO - Filling up the DagBag from /home/airflow/.local/lib/python3.8/site-packages/airflow/example_dags/example_dag_decorator.py
[2024-03-12T11:51:07.481+0000] {processor.py:840} INFO - DAG(s) 'example_dag_decorator' retrieved from /home/airflow/.local/lib/python3.8/site-packages/airflow/example_dags/example_dag_decorator.py
[2024-03-12T11:51:07.554+0000] {logging_mixin.py:188} INFO - [2024-03-12T11:51:07.553+0000] {dag.py:3047} INFO - Sync 1 DAGs
[2024-03-12T11:51:07.561+0000] {logging_mixin.py:188} INFO - [2024-03-12T11:51:07.561+0000] {dag.py:3834} INFO - Setting next_dagrun for example_dag_decorator to None, run_after=None
[2024-03-12T11:51:07.575+0000] {processor.py:183} INFO - Processing /home/airflow/.local/lib/python3.8/site-packages/airflow/example_dags/example_dag_decorator.py took 0.156 seconds
[2024-03-12T11:51:37.751+0000] {processor.py:161} INFO - Started process (PID=1075) to work on /home/airflow/.local/lib/python3.8/site-packages/airflow/example_dags/example_dag_decorator.py
[2024-03-12T11:51:37.752+0000] {processor.py:830} INFO - Processing file /home/airflow/.local/lib/python3.8/site-packages/airflow/example_dags/example_dag_decorator.py for tasks to queue
[2024-03-12T11:51:37.754+0000] {logging_mixin.py:188} INFO - [2024-03-12T11:51:37.753+0000] {dagbag.py:540} INFO - Filling up the DagBag from /home/airflow/.local/lib/python3.8/site-packages/airflow/example_dags/example_dag_decorator.py
[2024-03-12T11:51:37.806+0000] {processor.py:840} INFO - DAG(s) 'example_dag_decorator' retrieved from /home/airflow/.local/lib/python3.8/site-packages/airflow/example_dags/example_dag_decorator.py
[2024-03-12T11:51:37.881+0000] {logging_mixin.py:188} INFO - [2024-03-12T11:51:37.880+0000] {dag.py:3047} INFO - Sync 1 DAGs
[2024-03-12T11:51:37.887+0000] {logging_mixin.py:188} INFO - [2024-03-12T11:51:37.887+0000] {dag.py:3834} INFO - Setting next_dagrun for example_dag_decorator to None, run_after=None
[2024-03-12T11:51:37.899+0000] {processor.py:183} INFO - Processing /home/airflow/.local/lib/python3.8/site-packages/airflow/example_dags/example_dag_decorator.py took 0.150 seconds
[2024-03-12T11:52:08.540+0000] {processor.py:161} INFO - Started process (PID=1322) to work on /home/airflow/.local/lib/python3.8/site-packages/airflow/example_dags/example_dag_decorator.py
[2024-03-12T11:52:08.541+0000] {processor.py:830} INFO - Processing file /home/airflow/.local/lib/python3.8/site-packages/airflow/example_dags/example_dag_decorator.py for tasks to queue
[2024-03-12T11:52:08.542+0000] {logging_mixin.py:188} INFO - [2024-03-12T11:52:08.542+0000] {dagbag.py:540} INFO - Filling up the DagBag from /home/airflow/.local/lib/python3.8/site-packages/airflow/example_dags/example_dag_decorator.py
[2024-03-12T11:52:08.618+0000] {processor.py:840} INFO - DAG(s) 'example_dag_decorator' retrieved from /home/airflow/.local/lib/python3.8/site-packages/airflow/example_dags/example_dag_decorator.py
[2024-03-12T11:52:08.705+0000] {logging_mixin.py:188} INFO - [2024-03-12T11:52:08.705+0000] {dag.py:3047} INFO - Sync 1 DAGs
[2024-03-12T11:52:08.713+0000] {logging_mixin.py:188} INFO - [2024-03-12T11:52:08.713+0000] {dag.py:3834} INFO - Setting next_dagrun for example_dag_decorator to None, run_after=None
[2024-03-12T11:52:08.724+0000] {processor.py:183} INFO - Processing /home/airflow/.local/lib/python3.8/site-packages/airflow/example_dags/example_dag_decorator.py took 0.187 seconds
[2024-03-12T11:52:39.803+0000] {processor.py:161} INFO - Started process (PID=1569) to work on /home/airflow/.local/lib/python3.8/site-packages/airflow/example_dags/example_dag_decorator.py
[2024-03-12T11:52:39.807+0000] {processor.py:830} INFO - Processing file /home/airflow/.local/lib/python3.8/site-packages/airflow/example_dags/example_dag_decorator.py for tasks to queue
[2024-03-12T11:52:39.813+0000] {logging_mixin.py:188} INFO - [2024-03-12T11:52:39.812+0000] {dagbag.py:540} INFO - Filling up the DagBag from /home/airflow/.local/lib/python3.8/site-packages/airflow/example_dags/example_dag_decorator.py
[2024-03-12T11:52:39.883+0000] {processor.py:840} INFO - DAG(s) 'example_dag_decorator' retrieved from /home/airflow/.local/lib/python3.8/site-packages/airflow/example_dags/example_dag_decorator.py
[2024-03-12T11:52:40.133+0000] {logging_mixin.py:188} INFO - [2024-03-12T11:52:40.133+0000] {dag.py:3047} INFO - Sync 1 DAGs
[2024-03-12T11:52:40.143+0000] {logging_mixin.py:188} INFO - [2024-03-12T11:52:40.143+0000] {dag.py:3834} INFO - Setting next_dagrun for example_dag_decorator to None, run_after=None
[2024-03-12T11:52:40.164+0000] {processor.py:183} INFO - Processing /home/airflow/.local/lib/python3.8/site-packages/airflow/example_dags/example_dag_decorator.py took 0.366 seconds
[2024-03-12T11:53:11.155+0000] {processor.py:161} INFO - Started process (PID=1818) to work on /home/airflow/.local/lib/python3.8/site-packages/airflow/example_dags/example_dag_decorator.py
[2024-03-12T11:53:11.159+0000] {processor.py:830} INFO - Processing file /home/airflow/.local/lib/python3.8/site-packages/airflow/example_dags/example_dag_decorator.py for tasks to queue
[2024-03-12T11:53:11.162+0000] {logging_mixin.py:188} INFO - [2024-03-12T11:53:11.161+0000] {dagbag.py:540} INFO - Filling up the DagBag from /home/airflow/.local/lib/python3.8/site-packages/airflow/example_dags/example_dag_decorator.py
[2024-03-12T11:53:11.248+0000] {processor.py:840} INFO - DAG(s) 'example_dag_decorator' retrieved from /home/airflow/.local/lib/python3.8/site-packages/airflow/example_dags/example_dag_decorator.py
[2024-03-12T11:53:11.466+0000] {logging_mixin.py:188} INFO - [2024-03-12T11:53:11.465+0000] {dag.py:3047} INFO - Sync 1 DAGs
[2024-03-12T11:53:11.475+0000] {logging_mixin.py:188} INFO - [2024-03-12T11:53:11.475+0000] {dag.py:3834} INFO - Setting next_dagrun for example_dag_decorator to None, run_after=None
[2024-03-12T11:53:11.492+0000] {processor.py:183} INFO - Processing /home/airflow/.local/lib/python3.8/site-packages/airflow/example_dags/example_dag_decorator.py took 0.345 seconds
[2024-03-12T11:53:41.911+0000] {processor.py:161} INFO - Started process (PID=2063) to work on /home/airflow/.local/lib/python3.8/site-packages/airflow/example_dags/example_dag_decorator.py
[2024-03-12T11:53:41.914+0000] {processor.py:830} INFO - Processing file /home/airflow/.local/lib/python3.8/site-packages/airflow/example_dags/example_dag_decorator.py for tasks to queue
[2024-03-12T11:53:41.917+0000] {logging_mixin.py:188} INFO - [2024-03-12T11:53:41.916+0000] {dagbag.py:540} INFO - Filling up the DagBag from /home/airflow/.local/lib/python3.8/site-packages/airflow/example_dags/example_dag_decorator.py
[2024-03-12T11:53:42.156+0000] {processor.py:840} INFO - DAG(s) 'example_dag_decorator' retrieved from /home/airflow/.local/lib/python3.8/site-packages/airflow/example_dags/example_dag_decorator.py
[2024-03-12T11:53:42.340+0000] {logging_mixin.py:188} INFO - [2024-03-12T11:53:42.340+0000] {dag.py:3047} INFO - Sync 1 DAGs
[2024-03-12T11:53:42.348+0000] {logging_mixin.py:188} INFO - [2024-03-12T11:53:42.348+0000] {dag.py:3834} INFO - Setting next_dagrun for example_dag_decorator to None, run_after=None
[2024-03-12T11:53:42.370+0000] {processor.py:183} INFO - Processing /home/airflow/.local/lib/python3.8/site-packages/airflow/example_dags/example_dag_decorator.py took 0.463 seconds
[2024-03-12T11:54:13.652+0000] {processor.py:161} INFO - Started process (PID=2312) to work on /home/airflow/.local/lib/python3.8/site-packages/airflow/example_dags/example_dag_decorator.py
[2024-03-12T11:54:13.655+0000] {processor.py:830} INFO - Processing file /home/airflow/.local/lib/python3.8/site-packages/airflow/example_dags/example_dag_decorator.py for tasks to queue
[2024-03-12T11:54:13.657+0000] {logging_mixin.py:188} INFO - [2024-03-12T11:54:13.657+0000] {dagbag.py:540} INFO - Filling up the DagBag from /home/airflow/.local/lib/python3.8/site-packages/airflow/example_dags/example_dag_decorator.py
[2024-03-12T11:54:13.742+0000] {processor.py:840} INFO - DAG(s) 'example_dag_decorator' retrieved from /home/airflow/.local/lib/python3.8/site-packages/airflow/example_dags/example_dag_decorator.py
[2024-03-12T11:54:13.826+0000] {logging_mixin.py:188} INFO - [2024-03-12T11:54:13.826+0000] {dag.py:3047} INFO - Sync 1 DAGs
[2024-03-12T11:54:13.845+0000] {logging_mixin.py:188} INFO - [2024-03-12T11:54:13.844+0000] {dag.py:3834} INFO - Setting next_dagrun for example_dag_decorator to None, run_after=None
[2024-03-12T11:54:13.866+0000] {processor.py:183} INFO - Processing /home/airflow/.local/lib/python3.8/site-packages/airflow/example_dags/example_dag_decorator.py took 0.218 seconds
[2024-03-12T11:54:44.499+0000] {processor.py:161} INFO - Started process (PID=2557) to work on /home/airflow/.local/lib/python3.8/site-packages/airflow/example_dags/example_dag_decorator.py
[2024-03-12T11:54:44.500+0000] {processor.py:830} INFO - Processing file /home/airflow/.local/lib/python3.8/site-packages/airflow/example_dags/example_dag_decorator.py for tasks to queue
[2024-03-12T11:54:44.501+0000] {logging_mixin.py:188} INFO - [2024-03-12T11:54:44.501+0000] {dagbag.py:540} INFO - Filling up the DagBag from /home/airflow/.local/lib/python3.8/site-packages/airflow/example_dags/example_dag_decorator.py
[2024-03-12T11:54:44.552+0000] {processor.py:840} INFO - DAG(s) 'example_dag_decorator' retrieved from /home/airflow/.local/lib/python3.8/site-packages/airflow/example_dags/example_dag_decorator.py
[2024-03-12T11:54:44.610+0000] {logging_mixin.py:188} INFO - [2024-03-12T11:54:44.610+0000] {dag.py:3047} INFO - Sync 1 DAGs
[2024-03-12T11:54:44.615+0000] {logging_mixin.py:188} INFO - [2024-03-12T11:54:44.615+0000] {dag.py:3834} INFO - Setting next_dagrun for example_dag_decorator to None, run_after=None
[2024-03-12T11:54:44.627+0000] {processor.py:183} INFO - Processing /home/airflow/.local/lib/python3.8/site-packages/airflow/example_dags/example_dag_decorator.py took 0.131 seconds
[2024-03-12T11:55:14.749+0000] {processor.py:161} INFO - Started process (PID=2804) to work on /home/airflow/.local/lib/python3.8/site-packages/airflow/example_dags/example_dag_decorator.py
[2024-03-12T11:55:14.751+0000] {processor.py:830} INFO - Processing file /home/airflow/.local/lib/python3.8/site-packages/airflow/example_dags/example_dag_decorator.py for tasks to queue
[2024-03-12T11:55:14.753+0000] {logging_mixin.py:188} INFO - [2024-03-12T11:55:14.752+0000] {dagbag.py:540} INFO - Filling up the DagBag from /home/airflow/.local/lib/python3.8/site-packages/airflow/example_dags/example_dag_decorator.py
[2024-03-12T11:55:14.814+0000] {processor.py:840} INFO - DAG(s) 'example_dag_decorator' retrieved from /home/airflow/.local/lib/python3.8/site-packages/airflow/example_dags/example_dag_decorator.py
[2024-03-12T11:55:14.907+0000] {logging_mixin.py:188} INFO - [2024-03-12T11:55:14.907+0000] {dag.py:3047} INFO - Sync 1 DAGs
[2024-03-12T11:55:14.919+0000] {logging_mixin.py:188} INFO - [2024-03-12T11:55:14.919+0000] {dag.py:3834} INFO - Setting next_dagrun for example_dag_decorator to None, run_after=None
[2024-03-12T11:55:14.933+0000] {processor.py:183} INFO - Processing /home/airflow/.local/lib/python3.8/site-packages/airflow/example_dags/example_dag_decorator.py took 0.189 seconds
[2024-03-12T11:55:45.390+0000] {processor.py:161} INFO - Started process (PID=3053) to work on /home/airflow/.local/lib/python3.8/site-packages/airflow/example_dags/example_dag_decorator.py
[2024-03-12T11:55:45.391+0000] {processor.py:830} INFO - Processing file /home/airflow/.local/lib/python3.8/site-packages/airflow/example_dags/example_dag_decorator.py for tasks to queue
[2024-03-12T11:55:45.392+0000] {logging_mixin.py:188} INFO - [2024-03-12T11:55:45.392+0000] {dagbag.py:540} INFO - Filling up the DagBag from /home/airflow/.local/lib/python3.8/site-packages/airflow/example_dags/example_dag_decorator.py
[2024-03-12T11:55:45.449+0000] {processor.py:840} INFO - DAG(s) 'example_dag_decorator' retrieved from /home/airflow/.local/lib/python3.8/site-packages/airflow/example_dags/example_dag_decorator.py
[2024-03-12T11:55:45.526+0000] {logging_mixin.py:188} INFO - [2024-03-12T11:55:45.525+0000] {dag.py:3047} INFO - Sync 1 DAGs
[2024-03-12T11:55:45.536+0000] {logging_mixin.py:188} INFO - [2024-03-12T11:55:45.536+0000] {dag.py:3834} INFO - Setting next_dagrun for example_dag_decorator to None, run_after=None
[2024-03-12T11:55:45.558+0000] {processor.py:183} INFO - Processing /home/airflow/.local/lib/python3.8/site-packages/airflow/example_dags/example_dag_decorator.py took 0.170 seconds
[2024-03-12T11:57:08.339+0000] {processor.py:161} INFO - Started process (PID=334) to work on /home/airflow/.local/lib/python3.8/site-packages/airflow/example_dags/example_dag_decorator.py
[2024-03-12T11:57:08.340+0000] {processor.py:830} INFO - Processing file /home/airflow/.local/lib/python3.8/site-packages/airflow/example_dags/example_dag_decorator.py for tasks to queue
[2024-03-12T11:57:08.341+0000] {logging_mixin.py:188} INFO - [2024-03-12T11:57:08.341+0000] {dagbag.py:540} INFO - Filling up the DagBag from /home/airflow/.local/lib/python3.8/site-packages/airflow/example_dags/example_dag_decorator.py
[2024-03-12T11:57:08.416+0000] {processor.py:840} INFO - DAG(s) 'example_dag_decorator' retrieved from /home/airflow/.local/lib/python3.8/site-packages/airflow/example_dags/example_dag_decorator.py
[2024-03-12T11:57:08.473+0000] {logging_mixin.py:188} INFO - [2024-03-12T11:57:08.473+0000] {dag.py:3047} INFO - Sync 1 DAGs
[2024-03-12T11:57:08.481+0000] {logging_mixin.py:188} INFO - [2024-03-12T11:57:08.480+0000] {dag.py:3834} INFO - Setting next_dagrun for example_dag_decorator to None, run_after=None
[2024-03-12T11:57:08.492+0000] {processor.py:183} INFO - Processing /home/airflow/.local/lib/python3.8/site-packages/airflow/example_dags/example_dag_decorator.py took 0.156 seconds
[2024-03-12T11:57:38.613+0000] {processor.py:161} INFO - Started process (PID=588) to work on /home/airflow/.local/lib/python3.8/site-packages/airflow/example_dags/example_dag_decorator.py
[2024-03-12T11:57:38.614+0000] {processor.py:830} INFO - Processing file /home/airflow/.local/lib/python3.8/site-packages/airflow/example_dags/example_dag_decorator.py for tasks to queue
[2024-03-12T11:57:38.616+0000] {logging_mixin.py:188} INFO - [2024-03-12T11:57:38.615+0000] {dagbag.py:540} INFO - Filling up the DagBag from /home/airflow/.local/lib/python3.8/site-packages/airflow/example_dags/example_dag_decorator.py
[2024-03-12T11:57:38.670+0000] {processor.py:840} INFO - DAG(s) 'example_dag_decorator' retrieved from /home/airflow/.local/lib/python3.8/site-packages/airflow/example_dags/example_dag_decorator.py
[2024-03-12T11:57:38.739+0000] {logging_mixin.py:188} INFO - [2024-03-12T11:57:38.739+0000] {dag.py:3047} INFO - Sync 1 DAGs
[2024-03-12T11:57:38.747+0000] {logging_mixin.py:188} INFO - [2024-03-12T11:57:38.747+0000] {dag.py:3834} INFO - Setting next_dagrun for example_dag_decorator to None, run_after=None
[2024-03-12T11:57:38.762+0000] {processor.py:183} INFO - Processing /home/airflow/.local/lib/python3.8/site-packages/airflow/example_dags/example_dag_decorator.py took 0.153 seconds
[2024-03-12T11:58:36.079+0000] {processor.py:161} INFO - Started process (PID=334) to work on /home/airflow/.local/lib/python3.8/site-packages/airflow/example_dags/example_dag_decorator.py
[2024-03-12T11:58:36.081+0000] {processor.py:830} INFO - Processing file /home/airflow/.local/lib/python3.8/site-packages/airflow/example_dags/example_dag_decorator.py for tasks to queue
[2024-03-12T11:58:36.082+0000] {logging_mixin.py:188} INFO - [2024-03-12T11:58:36.082+0000] {dagbag.py:540} INFO - Filling up the DagBag from /home/airflow/.local/lib/python3.8/site-packages/airflow/example_dags/example_dag_decorator.py
[2024-03-12T11:58:36.157+0000] {processor.py:840} INFO - DAG(s) 'example_dag_decorator' retrieved from /home/airflow/.local/lib/python3.8/site-packages/airflow/example_dags/example_dag_decorator.py
[2024-03-12T11:58:36.216+0000] {logging_mixin.py:188} INFO - [2024-03-12T11:58:36.215+0000] {dag.py:3047} INFO - Sync 1 DAGs
[2024-03-12T11:58:36.222+0000] {logging_mixin.py:188} INFO - [2024-03-12T11:58:36.222+0000] {dag.py:3834} INFO - Setting next_dagrun for example_dag_decorator to None, run_after=None
[2024-03-12T11:58:36.239+0000] {processor.py:183} INFO - Processing /home/airflow/.local/lib/python3.8/site-packages/airflow/example_dags/example_dag_decorator.py took 0.162 seconds
[2024-03-12T11:59:06.283+0000] {processor.py:161} INFO - Started process (PID=588) to work on /home/airflow/.local/lib/python3.8/site-packages/airflow/example_dags/example_dag_decorator.py
[2024-03-12T11:59:06.284+0000] {processor.py:830} INFO - Processing file /home/airflow/.local/lib/python3.8/site-packages/airflow/example_dags/example_dag_decorator.py for tasks to queue
[2024-03-12T11:59:06.285+0000] {logging_mixin.py:188} INFO - [2024-03-12T11:59:06.285+0000] {dagbag.py:540} INFO - Filling up the DagBag from /home/airflow/.local/lib/python3.8/site-packages/airflow/example_dags/example_dag_decorator.py
[2024-03-12T11:59:06.342+0000] {processor.py:840} INFO - DAG(s) 'example_dag_decorator' retrieved from /home/airflow/.local/lib/python3.8/site-packages/airflow/example_dags/example_dag_decorator.py
[2024-03-12T11:59:06.406+0000] {logging_mixin.py:188} INFO - [2024-03-12T11:59:06.406+0000] {dag.py:3047} INFO - Sync 1 DAGs
[2024-03-12T11:59:06.414+0000] {logging_mixin.py:188} INFO - [2024-03-12T11:59:06.414+0000] {dag.py:3834} INFO - Setting next_dagrun for example_dag_decorator to None, run_after=None
[2024-03-12T11:59:06.426+0000] {processor.py:183} INFO - Processing /home/airflow/.local/lib/python3.8/site-packages/airflow/example_dags/example_dag_decorator.py took 0.146 seconds
[2024-03-12T11:59:36.678+0000] {processor.py:161} INFO - Started process (PID=830) to work on /home/airflow/.local/lib/python3.8/site-packages/airflow/example_dags/example_dag_decorator.py
[2024-03-12T11:59:36.679+0000] {processor.py:830} INFO - Processing file /home/airflow/.local/lib/python3.8/site-packages/airflow/example_dags/example_dag_decorator.py for tasks to queue
[2024-03-12T11:59:36.680+0000] {logging_mixin.py:188} INFO - [2024-03-12T11:59:36.680+0000] {dagbag.py:540} INFO - Filling up the DagBag from /home/airflow/.local/lib/python3.8/site-packages/airflow/example_dags/example_dag_decorator.py
[2024-03-12T11:59:36.727+0000] {processor.py:840} INFO - DAG(s) 'example_dag_decorator' retrieved from /home/airflow/.local/lib/python3.8/site-packages/airflow/example_dags/example_dag_decorator.py
[2024-03-12T11:59:36.789+0000] {logging_mixin.py:188} INFO - [2024-03-12T11:59:36.789+0000] {dag.py:3047} INFO - Sync 1 DAGs
[2024-03-12T11:59:36.795+0000] {logging_mixin.py:188} INFO - [2024-03-12T11:59:36.795+0000] {dag.py:3834} INFO - Setting next_dagrun for example_dag_decorator to None, run_after=None
[2024-03-12T11:59:36.806+0000] {processor.py:183} INFO - Processing /home/airflow/.local/lib/python3.8/site-packages/airflow/example_dags/example_dag_decorator.py took 0.131 seconds
[2024-03-12T12:00:07.640+0000] {processor.py:161} INFO - Started process (PID=1077) to work on /home/airflow/.local/lib/python3.8/site-packages/airflow/example_dags/example_dag_decorator.py
[2024-03-12T12:00:07.642+0000] {processor.py:830} INFO - Processing file /home/airflow/.local/lib/python3.8/site-packages/airflow/example_dags/example_dag_decorator.py for tasks to queue
[2024-03-12T12:00:07.642+0000] {logging_mixin.py:188} INFO - [2024-03-12T12:00:07.642+0000] {dagbag.py:540} INFO - Filling up the DagBag from /home/airflow/.local/lib/python3.8/site-packages/airflow/example_dags/example_dag_decorator.py
[2024-03-12T12:00:07.696+0000] {processor.py:840} INFO - DAG(s) 'example_dag_decorator' retrieved from /home/airflow/.local/lib/python3.8/site-packages/airflow/example_dags/example_dag_decorator.py
[2024-03-12T12:00:07.761+0000] {logging_mixin.py:188} INFO - [2024-03-12T12:00:07.761+0000] {dag.py:3047} INFO - Sync 1 DAGs
[2024-03-12T12:00:07.769+0000] {logging_mixin.py:188} INFO - [2024-03-12T12:00:07.768+0000] {dag.py:3834} INFO - Setting next_dagrun for example_dag_decorator to None, run_after=None
[2024-03-12T12:00:07.779+0000] {processor.py:183} INFO - Processing /home/airflow/.local/lib/python3.8/site-packages/airflow/example_dags/example_dag_decorator.py took 0.142 seconds
[2024-03-12T12:00:38.682+0000] {processor.py:161} INFO - Started process (PID=1322) to work on /home/airflow/.local/lib/python3.8/site-packages/airflow/example_dags/example_dag_decorator.py
[2024-03-12T12:00:38.683+0000] {processor.py:830} INFO - Processing file /home/airflow/.local/lib/python3.8/site-packages/airflow/example_dags/example_dag_decorator.py for tasks to queue
[2024-03-12T12:00:38.684+0000] {logging_mixin.py:188} INFO - [2024-03-12T12:00:38.684+0000] {dagbag.py:540} INFO - Filling up the DagBag from /home/airflow/.local/lib/python3.8/site-packages/airflow/example_dags/example_dag_decorator.py
[2024-03-12T12:00:38.748+0000] {processor.py:840} INFO - DAG(s) 'example_dag_decorator' retrieved from /home/airflow/.local/lib/python3.8/site-packages/airflow/example_dags/example_dag_decorator.py
[2024-03-12T12:00:38.830+0000] {logging_mixin.py:188} INFO - [2024-03-12T12:00:38.829+0000] {dag.py:3047} INFO - Sync 1 DAGs
[2024-03-12T12:00:38.836+0000] {logging_mixin.py:188} INFO - [2024-03-12T12:00:38.836+0000] {dag.py:3834} INFO - Setting next_dagrun for example_dag_decorator to None, run_after=None
[2024-03-12T12:00:38.848+0000] {processor.py:183} INFO - Processing /home/airflow/.local/lib/python3.8/site-packages/airflow/example_dags/example_dag_decorator.py took 0.169 seconds
[2024-03-12T12:01:09.460+0000] {processor.py:161} INFO - Started process (PID=1569) to work on /home/airflow/.local/lib/python3.8/site-packages/airflow/example_dags/example_dag_decorator.py
[2024-03-12T12:01:09.462+0000] {processor.py:830} INFO - Processing file /home/airflow/.local/lib/python3.8/site-packages/airflow/example_dags/example_dag_decorator.py for tasks to queue
[2024-03-12T12:01:09.463+0000] {logging_mixin.py:188} INFO - [2024-03-12T12:01:09.463+0000] {dagbag.py:540} INFO - Filling up the DagBag from /home/airflow/.local/lib/python3.8/site-packages/airflow/example_dags/example_dag_decorator.py
[2024-03-12T12:01:09.514+0000] {processor.py:840} INFO - DAG(s) 'example_dag_decorator' retrieved from /home/airflow/.local/lib/python3.8/site-packages/airflow/example_dags/example_dag_decorator.py
[2024-03-12T12:01:09.577+0000] {logging_mixin.py:188} INFO - [2024-03-12T12:01:09.577+0000] {dag.py:3047} INFO - Sync 1 DAGs
[2024-03-12T12:01:09.585+0000] {logging_mixin.py:188} INFO - [2024-03-12T12:01:09.585+0000] {dag.py:3834} INFO - Setting next_dagrun for example_dag_decorator to None, run_after=None
[2024-03-12T12:01:09.598+0000] {processor.py:183} INFO - Processing /home/airflow/.local/lib/python3.8/site-packages/airflow/example_dags/example_dag_decorator.py took 0.141 seconds
[2024-03-12T12:01:40.497+0000] {processor.py:161} INFO - Started process (PID=1818) to work on /home/airflow/.local/lib/python3.8/site-packages/airflow/example_dags/example_dag_decorator.py
[2024-03-12T12:01:40.500+0000] {processor.py:830} INFO - Processing file /home/airflow/.local/lib/python3.8/site-packages/airflow/example_dags/example_dag_decorator.py for tasks to queue
[2024-03-12T12:01:40.503+0000] {logging_mixin.py:188} INFO - [2024-03-12T12:01:40.503+0000] {dagbag.py:540} INFO - Filling up the DagBag from /home/airflow/.local/lib/python3.8/site-packages/airflow/example_dags/example_dag_decorator.py
[2024-03-12T12:01:40.565+0000] {processor.py:840} INFO - DAG(s) 'example_dag_decorator' retrieved from /home/airflow/.local/lib/python3.8/site-packages/airflow/example_dags/example_dag_decorator.py
[2024-03-12T12:01:40.636+0000] {logging_mixin.py:188} INFO - [2024-03-12T12:01:40.636+0000] {dag.py:3047} INFO - Sync 1 DAGs
[2024-03-12T12:01:40.643+0000] {logging_mixin.py:188} INFO - [2024-03-12T12:01:40.643+0000] {dag.py:3834} INFO - Setting next_dagrun for example_dag_decorator to None, run_after=None
[2024-03-12T12:01:40.655+0000] {processor.py:183} INFO - Processing /home/airflow/.local/lib/python3.8/site-packages/airflow/example_dags/example_dag_decorator.py took 0.162 seconds
[2024-03-12T12:02:11.218+0000] {processor.py:161} INFO - Started process (PID=2065) to work on /home/airflow/.local/lib/python3.8/site-packages/airflow/example_dags/example_dag_decorator.py
[2024-03-12T12:02:11.219+0000] {processor.py:830} INFO - Processing file /home/airflow/.local/lib/python3.8/site-packages/airflow/example_dags/example_dag_decorator.py for tasks to queue
[2024-03-12T12:02:11.220+0000] {logging_mixin.py:188} INFO - [2024-03-12T12:02:11.220+0000] {dagbag.py:540} INFO - Filling up the DagBag from /home/airflow/.local/lib/python3.8/site-packages/airflow/example_dags/example_dag_decorator.py
[2024-03-12T12:02:11.276+0000] {processor.py:840} INFO - DAG(s) 'example_dag_decorator' retrieved from /home/airflow/.local/lib/python3.8/site-packages/airflow/example_dags/example_dag_decorator.py
[2024-03-12T12:02:11.295+0000] {logging_mixin.py:188} INFO - [2024-03-12T12:02:11.294+0000] {dag.py:3047} INFO - Sync 1 DAGs
[2024-03-12T12:02:11.302+0000] {logging_mixin.py:188} INFO - [2024-03-12T12:02:11.302+0000] {dag.py:3834} INFO - Setting next_dagrun for example_dag_decorator to None, run_after=None
[2024-03-12T12:02:11.312+0000] {processor.py:183} INFO - Processing /home/airflow/.local/lib/python3.8/site-packages/airflow/example_dags/example_dag_decorator.py took 0.097 seconds
[2024-03-12T12:02:42.018+0000] {processor.py:161} INFO - Started process (PID=2310) to work on /home/airflow/.local/lib/python3.8/site-packages/airflow/example_dags/example_dag_decorator.py
[2024-03-12T12:02:42.020+0000] {processor.py:830} INFO - Processing file /home/airflow/.local/lib/python3.8/site-packages/airflow/example_dags/example_dag_decorator.py for tasks to queue
[2024-03-12T12:02:42.021+0000] {logging_mixin.py:188} INFO - [2024-03-12T12:02:42.021+0000] {dagbag.py:540} INFO - Filling up the DagBag from /home/airflow/.local/lib/python3.8/site-packages/airflow/example_dags/example_dag_decorator.py
[2024-03-12T12:02:42.080+0000] {processor.py:840} INFO - DAG(s) 'example_dag_decorator' retrieved from /home/airflow/.local/lib/python3.8/site-packages/airflow/example_dags/example_dag_decorator.py
[2024-03-12T12:02:42.171+0000] {logging_mixin.py:188} INFO - [2024-03-12T12:02:42.171+0000] {dag.py:3047} INFO - Sync 1 DAGs
[2024-03-12T12:02:42.179+0000] {logging_mixin.py:188} INFO - [2024-03-12T12:02:42.178+0000] {dag.py:3834} INFO - Setting next_dagrun for example_dag_decorator to None, run_after=None
[2024-03-12T12:02:42.192+0000] {processor.py:183} INFO - Processing /home/airflow/.local/lib/python3.8/site-packages/airflow/example_dags/example_dag_decorator.py took 0.177 seconds
[2024-03-12T12:03:13.773+0000] {processor.py:161} INFO - Started process (PID=2557) to work on /home/airflow/.local/lib/python3.8/site-packages/airflow/example_dags/example_dag_decorator.py
[2024-03-12T12:03:13.775+0000] {processor.py:830} INFO - Processing file /home/airflow/.local/lib/python3.8/site-packages/airflow/example_dags/example_dag_decorator.py for tasks to queue
[2024-03-12T12:03:13.777+0000] {logging_mixin.py:188} INFO - [2024-03-12T12:03:13.776+0000] {dagbag.py:540} INFO - Filling up the DagBag from /home/airflow/.local/lib/python3.8/site-packages/airflow/example_dags/example_dag_decorator.py
[2024-03-12T12:03:13.865+0000] {processor.py:840} INFO - DAG(s) 'example_dag_decorator' retrieved from /home/airflow/.local/lib/python3.8/site-packages/airflow/example_dags/example_dag_decorator.py
[2024-03-12T12:03:14.369+0000] {logging_mixin.py:188} INFO - [2024-03-12T12:03:14.366+0000] {dag.py:3047} INFO - Sync 1 DAGs
[2024-03-12T12:03:14.384+0000] {logging_mixin.py:188} INFO - [2024-03-12T12:03:14.384+0000] {dag.py:3834} INFO - Setting next_dagrun for example_dag_decorator to None, run_after=None
[2024-03-12T12:03:14.400+0000] {processor.py:183} INFO - Processing /home/airflow/.local/lib/python3.8/site-packages/airflow/example_dags/example_dag_decorator.py took 0.630 seconds
[2024-03-12T12:03:45.186+0000] {processor.py:161} INFO - Started process (PID=2804) to work on /home/airflow/.local/lib/python3.8/site-packages/airflow/example_dags/example_dag_decorator.py
[2024-03-12T12:03:45.189+0000] {processor.py:830} INFO - Processing file /home/airflow/.local/lib/python3.8/site-packages/airflow/example_dags/example_dag_decorator.py for tasks to queue
[2024-03-12T12:03:45.192+0000] {logging_mixin.py:188} INFO - [2024-03-12T12:03:45.191+0000] {dagbag.py:540} INFO - Filling up the DagBag from /home/airflow/.local/lib/python3.8/site-packages/airflow/example_dags/example_dag_decorator.py
[2024-03-12T12:03:45.307+0000] {processor.py:840} INFO - DAG(s) 'example_dag_decorator' retrieved from /home/airflow/.local/lib/python3.8/site-packages/airflow/example_dags/example_dag_decorator.py
[2024-03-12T12:03:45.432+0000] {logging_mixin.py:188} INFO - [2024-03-12T12:03:45.432+0000] {dag.py:3047} INFO - Sync 1 DAGs
[2024-03-12T12:03:45.441+0000] {logging_mixin.py:188} INFO - [2024-03-12T12:03:45.441+0000] {dag.py:3834} INFO - Setting next_dagrun for example_dag_decorator to None, run_after=None
[2024-03-12T12:03:45.472+0000] {processor.py:183} INFO - Processing /home/airflow/.local/lib/python3.8/site-packages/airflow/example_dags/example_dag_decorator.py took 0.289 seconds
[2024-03-12T12:04:16.758+0000] {processor.py:161} INFO - Started process (PID=3056) to work on /home/airflow/.local/lib/python3.8/site-packages/airflow/example_dags/example_dag_decorator.py
[2024-03-12T12:04:16.766+0000] {processor.py:830} INFO - Processing file /home/airflow/.local/lib/python3.8/site-packages/airflow/example_dags/example_dag_decorator.py for tasks to queue
[2024-03-12T12:04:16.803+0000] {logging_mixin.py:188} INFO - [2024-03-12T12:04:16.800+0000] {dagbag.py:540} INFO - Filling up the DagBag from /home/airflow/.local/lib/python3.8/site-packages/airflow/example_dags/example_dag_decorator.py
[2024-03-12T12:04:16.913+0000] {processor.py:840} INFO - DAG(s) 'example_dag_decorator' retrieved from /home/airflow/.local/lib/python3.8/site-packages/airflow/example_dags/example_dag_decorator.py
[2024-03-12T12:04:17.161+0000] {logging_mixin.py:188} INFO - [2024-03-12T12:04:17.160+0000] {dag.py:3047} INFO - Sync 1 DAGs
[2024-03-12T12:04:17.176+0000] {logging_mixin.py:188} INFO - [2024-03-12T12:04:17.175+0000] {dag.py:3834} INFO - Setting next_dagrun for example_dag_decorator to None, run_after=None
[2024-03-12T12:04:17.205+0000] {processor.py:183} INFO - Processing /home/airflow/.local/lib/python3.8/site-packages/airflow/example_dags/example_dag_decorator.py took 0.458 seconds
[2024-03-12T12:04:47.701+0000] {processor.py:161} INFO - Started process (PID=3300) to work on /home/airflow/.local/lib/python3.8/site-packages/airflow/example_dags/example_dag_decorator.py
[2024-03-12T12:04:47.703+0000] {processor.py:830} INFO - Processing file /home/airflow/.local/lib/python3.8/site-packages/airflow/example_dags/example_dag_decorator.py for tasks to queue
[2024-03-12T12:04:47.704+0000] {logging_mixin.py:188} INFO - [2024-03-12T12:04:47.704+0000] {dagbag.py:540} INFO - Filling up the DagBag from /home/airflow/.local/lib/python3.8/site-packages/airflow/example_dags/example_dag_decorator.py
[2024-03-12T12:04:47.771+0000] {processor.py:840} INFO - DAG(s) 'example_dag_decorator' retrieved from /home/airflow/.local/lib/python3.8/site-packages/airflow/example_dags/example_dag_decorator.py
[2024-03-12T12:04:47.857+0000] {logging_mixin.py:188} INFO - [2024-03-12T12:04:47.856+0000] {dag.py:3047} INFO - Sync 1 DAGs
[2024-03-12T12:04:47.865+0000] {logging_mixin.py:188} INFO - [2024-03-12T12:04:47.865+0000] {dag.py:3834} INFO - Setting next_dagrun for example_dag_decorator to None, run_after=None
[2024-03-12T12:04:47.878+0000] {processor.py:183} INFO - Processing /home/airflow/.local/lib/python3.8/site-packages/airflow/example_dags/example_dag_decorator.py took 0.180 seconds
[2024-03-12T12:05:17.952+0000] {processor.py:161} INFO - Started process (PID=3546) to work on /home/airflow/.local/lib/python3.8/site-packages/airflow/example_dags/example_dag_decorator.py
[2024-03-12T12:05:17.955+0000] {processor.py:830} INFO - Processing file /home/airflow/.local/lib/python3.8/site-packages/airflow/example_dags/example_dag_decorator.py for tasks to queue
[2024-03-12T12:05:17.958+0000] {logging_mixin.py:188} INFO - [2024-03-12T12:05:17.957+0000] {dagbag.py:540} INFO - Filling up the DagBag from /home/airflow/.local/lib/python3.8/site-packages/airflow/example_dags/example_dag_decorator.py
[2024-03-12T12:05:18.045+0000] {processor.py:840} INFO - DAG(s) 'example_dag_decorator' retrieved from /home/airflow/.local/lib/python3.8/site-packages/airflow/example_dags/example_dag_decorator.py
[2024-03-12T12:05:18.126+0000] {logging_mixin.py:188} INFO - [2024-03-12T12:05:18.126+0000] {dag.py:3047} INFO - Sync 1 DAGs
[2024-03-12T12:05:18.132+0000] {logging_mixin.py:188} INFO - [2024-03-12T12:05:18.132+0000] {dag.py:3834} INFO - Setting next_dagrun for example_dag_decorator to None, run_after=None
[2024-03-12T12:05:18.144+0000] {processor.py:183} INFO - Processing /home/airflow/.local/lib/python3.8/site-packages/airflow/example_dags/example_dag_decorator.py took 0.197 seconds
[2024-03-12T12:05:49.246+0000] {processor.py:161} INFO - Started process (PID=3795) to work on /home/airflow/.local/lib/python3.8/site-packages/airflow/example_dags/example_dag_decorator.py
[2024-03-12T12:05:49.250+0000] {processor.py:830} INFO - Processing file /home/airflow/.local/lib/python3.8/site-packages/airflow/example_dags/example_dag_decorator.py for tasks to queue
[2024-03-12T12:05:49.253+0000] {logging_mixin.py:188} INFO - [2024-03-12T12:05:49.252+0000] {dagbag.py:540} INFO - Filling up the DagBag from /home/airflow/.local/lib/python3.8/site-packages/airflow/example_dags/example_dag_decorator.py
[2024-03-12T12:05:49.417+0000] {processor.py:840} INFO - DAG(s) 'example_dag_decorator' retrieved from /home/airflow/.local/lib/python3.8/site-packages/airflow/example_dags/example_dag_decorator.py
[2024-03-12T12:05:49.544+0000] {logging_mixin.py:188} INFO - [2024-03-12T12:05:49.543+0000] {dag.py:3047} INFO - Sync 1 DAGs
[2024-03-12T12:05:49.552+0000] {logging_mixin.py:188} INFO - [2024-03-12T12:05:49.552+0000] {dag.py:3834} INFO - Setting next_dagrun for example_dag_decorator to None, run_after=None
[2024-03-12T12:05:49.587+0000] {processor.py:183} INFO - Processing /home/airflow/.local/lib/python3.8/site-packages/airflow/example_dags/example_dag_decorator.py took 0.349 seconds
[2024-03-12T12:06:20.007+0000] {processor.py:161} INFO - Started process (PID=4042) to work on /home/airflow/.local/lib/python3.8/site-packages/airflow/example_dags/example_dag_decorator.py
[2024-03-12T12:06:20.008+0000] {processor.py:830} INFO - Processing file /home/airflow/.local/lib/python3.8/site-packages/airflow/example_dags/example_dag_decorator.py for tasks to queue
[2024-03-12T12:06:20.009+0000] {logging_mixin.py:188} INFO - [2024-03-12T12:06:20.009+0000] {dagbag.py:540} INFO - Filling up the DagBag from /home/airflow/.local/lib/python3.8/site-packages/airflow/example_dags/example_dag_decorator.py
[2024-03-12T12:06:20.064+0000] {processor.py:840} INFO - DAG(s) 'example_dag_decorator' retrieved from /home/airflow/.local/lib/python3.8/site-packages/airflow/example_dags/example_dag_decorator.py
[2024-03-12T12:06:20.131+0000] {logging_mixin.py:188} INFO - [2024-03-12T12:06:20.131+0000] {dag.py:3047} INFO - Sync 1 DAGs
[2024-03-12T12:06:20.138+0000] {logging_mixin.py:188} INFO - [2024-03-12T12:06:20.138+0000] {dag.py:3834} INFO - Setting next_dagrun for example_dag_decorator to None, run_after=None
[2024-03-12T12:06:20.154+0000] {processor.py:183} INFO - Processing /home/airflow/.local/lib/python3.8/site-packages/airflow/example_dags/example_dag_decorator.py took 0.150 seconds
[2024-03-12T12:06:51.217+0000] {processor.py:161} INFO - Started process (PID=4287) to work on /home/airflow/.local/lib/python3.8/site-packages/airflow/example_dags/example_dag_decorator.py
[2024-03-12T12:06:51.219+0000] {processor.py:830} INFO - Processing file /home/airflow/.local/lib/python3.8/site-packages/airflow/example_dags/example_dag_decorator.py for tasks to queue
[2024-03-12T12:06:51.220+0000] {logging_mixin.py:188} INFO - [2024-03-12T12:06:51.220+0000] {dagbag.py:540} INFO - Filling up the DagBag from /home/airflow/.local/lib/python3.8/site-packages/airflow/example_dags/example_dag_decorator.py
[2024-03-12T12:06:51.306+0000] {processor.py:840} INFO - DAG(s) 'example_dag_decorator' retrieved from /home/airflow/.local/lib/python3.8/site-packages/airflow/example_dags/example_dag_decorator.py
[2024-03-12T12:06:51.401+0000] {logging_mixin.py:188} INFO - [2024-03-12T12:06:51.401+0000] {dag.py:3047} INFO - Sync 1 DAGs
[2024-03-12T12:06:51.410+0000] {logging_mixin.py:188} INFO - [2024-03-12T12:06:51.410+0000] {dag.py:3834} INFO - Setting next_dagrun for example_dag_decorator to None, run_after=None
[2024-03-12T12:06:51.425+0000] {processor.py:183} INFO - Processing /home/airflow/.local/lib/python3.8/site-packages/airflow/example_dags/example_dag_decorator.py took 0.211 seconds
[2024-03-12T12:07:21.823+0000] {processor.py:161} INFO - Started process (PID=4534) to work on /home/airflow/.local/lib/python3.8/site-packages/airflow/example_dags/example_dag_decorator.py
[2024-03-12T12:07:21.824+0000] {processor.py:830} INFO - Processing file /home/airflow/.local/lib/python3.8/site-packages/airflow/example_dags/example_dag_decorator.py for tasks to queue
[2024-03-12T12:07:21.825+0000] {logging_mixin.py:188} INFO - [2024-03-12T12:07:21.825+0000] {dagbag.py:540} INFO - Filling up the DagBag from /home/airflow/.local/lib/python3.8/site-packages/airflow/example_dags/example_dag_decorator.py
[2024-03-12T12:07:21.878+0000] {processor.py:840} INFO - DAG(s) 'example_dag_decorator' retrieved from /home/airflow/.local/lib/python3.8/site-packages/airflow/example_dags/example_dag_decorator.py
[2024-03-12T12:07:21.942+0000] {logging_mixin.py:188} INFO - [2024-03-12T12:07:21.942+0000] {dag.py:3047} INFO - Sync 1 DAGs
[2024-03-12T12:07:21.949+0000] {logging_mixin.py:188} INFO - [2024-03-12T12:07:21.949+0000] {dag.py:3834} INFO - Setting next_dagrun for example_dag_decorator to None, run_after=None
[2024-03-12T12:07:21.960+0000] {processor.py:183} INFO - Processing /home/airflow/.local/lib/python3.8/site-packages/airflow/example_dags/example_dag_decorator.py took 0.140 seconds
[2024-03-12T12:07:52.288+0000] {processor.py:161} INFO - Started process (PID=4781) to work on /home/airflow/.local/lib/python3.8/site-packages/airflow/example_dags/example_dag_decorator.py
[2024-03-12T12:07:52.289+0000] {processor.py:830} INFO - Processing file /home/airflow/.local/lib/python3.8/site-packages/airflow/example_dags/example_dag_decorator.py for tasks to queue
[2024-03-12T12:07:52.290+0000] {logging_mixin.py:188} INFO - [2024-03-12T12:07:52.290+0000] {dagbag.py:540} INFO - Filling up the DagBag from /home/airflow/.local/lib/python3.8/site-packages/airflow/example_dags/example_dag_decorator.py
[2024-03-12T12:07:52.342+0000] {processor.py:840} INFO - DAG(s) 'example_dag_decorator' retrieved from /home/airflow/.local/lib/python3.8/site-packages/airflow/example_dags/example_dag_decorator.py
[2024-03-12T12:07:52.414+0000] {logging_mixin.py:188} INFO - [2024-03-12T12:07:52.413+0000] {dag.py:3047} INFO - Sync 1 DAGs
[2024-03-12T12:07:52.421+0000] {logging_mixin.py:188} INFO - [2024-03-12T12:07:52.421+0000] {dag.py:3834} INFO - Setting next_dagrun for example_dag_decorator to None, run_after=None
[2024-03-12T12:07:52.433+0000] {processor.py:183} INFO - Processing /home/airflow/.local/lib/python3.8/site-packages/airflow/example_dags/example_dag_decorator.py took 0.148 seconds
[2024-03-12T12:08:22.644+0000] {processor.py:161} INFO - Started process (PID=5028) to work on /home/airflow/.local/lib/python3.8/site-packages/airflow/example_dags/example_dag_decorator.py
[2024-03-12T12:08:22.645+0000] {processor.py:830} INFO - Processing file /home/airflow/.local/lib/python3.8/site-packages/airflow/example_dags/example_dag_decorator.py for tasks to queue
[2024-03-12T12:08:22.646+0000] {logging_mixin.py:188} INFO - [2024-03-12T12:08:22.646+0000] {dagbag.py:540} INFO - Filling up the DagBag from /home/airflow/.local/lib/python3.8/site-packages/airflow/example_dags/example_dag_decorator.py
[2024-03-12T12:08:22.708+0000] {processor.py:840} INFO - DAG(s) 'example_dag_decorator' retrieved from /home/airflow/.local/lib/python3.8/site-packages/airflow/example_dags/example_dag_decorator.py
[2024-03-12T12:08:22.787+0000] {logging_mixin.py:188} INFO - [2024-03-12T12:08:22.786+0000] {dag.py:3047} INFO - Sync 1 DAGs
[2024-03-12T12:08:22.794+0000] {logging_mixin.py:188} INFO - [2024-03-12T12:08:22.793+0000] {dag.py:3834} INFO - Setting next_dagrun for example_dag_decorator to None, run_after=None
[2024-03-12T12:08:22.806+0000] {processor.py:183} INFO - Processing /home/airflow/.local/lib/python3.8/site-packages/airflow/example_dags/example_dag_decorator.py took 0.165 seconds
[2024-03-12T12:08:53.395+0000] {processor.py:161} INFO - Started process (PID=5275) to work on /home/airflow/.local/lib/python3.8/site-packages/airflow/example_dags/example_dag_decorator.py
[2024-03-12T12:08:53.397+0000] {processor.py:830} INFO - Processing file /home/airflow/.local/lib/python3.8/site-packages/airflow/example_dags/example_dag_decorator.py for tasks to queue
[2024-03-12T12:08:53.398+0000] {logging_mixin.py:188} INFO - [2024-03-12T12:08:53.398+0000] {dagbag.py:540} INFO - Filling up the DagBag from /home/airflow/.local/lib/python3.8/site-packages/airflow/example_dags/example_dag_decorator.py
[2024-03-12T12:08:53.468+0000] {processor.py:840} INFO - DAG(s) 'example_dag_decorator' retrieved from /home/airflow/.local/lib/python3.8/site-packages/airflow/example_dags/example_dag_decorator.py
[2024-03-12T12:08:53.550+0000] {logging_mixin.py:188} INFO - [2024-03-12T12:08:53.550+0000] {dag.py:3047} INFO - Sync 1 DAGs
[2024-03-12T12:08:53.558+0000] {logging_mixin.py:188} INFO - [2024-03-12T12:08:53.558+0000] {dag.py:3834} INFO - Setting next_dagrun for example_dag_decorator to None, run_after=None
[2024-03-12T12:08:53.571+0000] {processor.py:183} INFO - Processing /home/airflow/.local/lib/python3.8/site-packages/airflow/example_dags/example_dag_decorator.py took 0.179 seconds
[2024-03-12T12:09:23.923+0000] {processor.py:161} INFO - Started process (PID=5522) to work on /home/airflow/.local/lib/python3.8/site-packages/airflow/example_dags/example_dag_decorator.py
[2024-03-12T12:09:23.925+0000] {processor.py:830} INFO - Processing file /home/airflow/.local/lib/python3.8/site-packages/airflow/example_dags/example_dag_decorator.py for tasks to queue
[2024-03-12T12:09:23.928+0000] {logging_mixin.py:188} INFO - [2024-03-12T12:09:23.927+0000] {dagbag.py:540} INFO - Filling up the DagBag from /home/airflow/.local/lib/python3.8/site-packages/airflow/example_dags/example_dag_decorator.py
[2024-03-12T12:09:23.982+0000] {processor.py:840} INFO - DAG(s) 'example_dag_decorator' retrieved from /home/airflow/.local/lib/python3.8/site-packages/airflow/example_dags/example_dag_decorator.py
[2024-03-12T12:09:24.045+0000] {logging_mixin.py:188} INFO - [2024-03-12T12:09:24.045+0000] {dag.py:3047} INFO - Sync 1 DAGs
[2024-03-12T12:09:24.057+0000] {logging_mixin.py:188} INFO - [2024-03-12T12:09:24.057+0000] {dag.py:3834} INFO - Setting next_dagrun for example_dag_decorator to None, run_after=None
[2024-03-12T12:09:24.069+0000] {processor.py:183} INFO - Processing /home/airflow/.local/lib/python3.8/site-packages/airflow/example_dags/example_dag_decorator.py took 0.149 seconds
[2024-03-12T12:09:54.642+0000] {processor.py:161} INFO - Started process (PID=5769) to work on /home/airflow/.local/lib/python3.8/site-packages/airflow/example_dags/example_dag_decorator.py
[2024-03-12T12:09:54.644+0000] {processor.py:830} INFO - Processing file /home/airflow/.local/lib/python3.8/site-packages/airflow/example_dags/example_dag_decorator.py for tasks to queue
[2024-03-12T12:09:54.644+0000] {logging_mixin.py:188} INFO - [2024-03-12T12:09:54.644+0000] {dagbag.py:540} INFO - Filling up the DagBag from /home/airflow/.local/lib/python3.8/site-packages/airflow/example_dags/example_dag_decorator.py
[2024-03-12T12:09:54.704+0000] {processor.py:840} INFO - DAG(s) 'example_dag_decorator' retrieved from /home/airflow/.local/lib/python3.8/site-packages/airflow/example_dags/example_dag_decorator.py
[2024-03-12T12:09:54.799+0000] {logging_mixin.py:188} INFO - [2024-03-12T12:09:54.799+0000] {dag.py:3047} INFO - Sync 1 DAGs
[2024-03-12T12:09:54.807+0000] {logging_mixin.py:188} INFO - [2024-03-12T12:09:54.807+0000] {dag.py:3834} INFO - Setting next_dagrun for example_dag_decorator to None, run_after=None
[2024-03-12T12:09:54.818+0000] {processor.py:183} INFO - Processing /home/airflow/.local/lib/python3.8/site-packages/airflow/example_dags/example_dag_decorator.py took 0.179 seconds
[2024-03-12T12:10:25.461+0000] {processor.py:161} INFO - Started process (PID=6016) to work on /home/airflow/.local/lib/python3.8/site-packages/airflow/example_dags/example_dag_decorator.py
[2024-03-12T12:10:25.463+0000] {processor.py:830} INFO - Processing file /home/airflow/.local/lib/python3.8/site-packages/airflow/example_dags/example_dag_decorator.py for tasks to queue
[2024-03-12T12:10:25.464+0000] {logging_mixin.py:188} INFO - [2024-03-12T12:10:25.464+0000] {dagbag.py:540} INFO - Filling up the DagBag from /home/airflow/.local/lib/python3.8/site-packages/airflow/example_dags/example_dag_decorator.py
[2024-03-12T12:10:25.528+0000] {processor.py:840} INFO - DAG(s) 'example_dag_decorator' retrieved from /home/airflow/.local/lib/python3.8/site-packages/airflow/example_dags/example_dag_decorator.py
[2024-03-12T12:10:25.550+0000] {logging_mixin.py:188} INFO - [2024-03-12T12:10:25.550+0000] {dag.py:3047} INFO - Sync 1 DAGs
[2024-03-12T12:10:25.573+0000] {logging_mixin.py:188} INFO - [2024-03-12T12:10:25.572+0000] {dag.py:3834} INFO - Setting next_dagrun for example_dag_decorator to None, run_after=None
[2024-03-12T12:10:25.594+0000] {processor.py:183} INFO - Processing /home/airflow/.local/lib/python3.8/site-packages/airflow/example_dags/example_dag_decorator.py took 0.136 seconds
