[2024-03-12T11:50:04.077+0000] {processor.py:161} INFO - Started process (PID=194) to work on /home/airflow/.local/lib/python3.8/site-packages/airflow/example_dags/example_branch_datetime_operator.py
[2024-03-12T11:50:04.078+0000] {processor.py:830} INFO - Processing file /home/airflow/.local/lib/python3.8/site-packages/airflow/example_dags/example_branch_datetime_operator.py for tasks to queue
[2024-03-12T11:50:04.079+0000] {logging_mixin.py:188} INFO - [2024-03-12T11:50:04.079+0000] {dagbag.py:540} INFO - Filling up the DagBag from /home/airflow/.local/lib/python3.8/site-packages/airflow/example_dags/example_branch_datetime_operator.py
[2024-03-12T11:50:04.088+0000] {processor.py:840} INFO - DAG(s) 'example_branch_datetime_operator_2', 'example_branch_datetime_operator', 'example_branch_datetime_operator_3' retrieved from /home/airflow/.local/lib/python3.8/site-packages/airflow/example_dags/example_branch_datetime_operator.py
[2024-03-12T11:50:04.115+0000] {logging_mixin.py:188} INFO - [2024-03-12T11:50:04.115+0000] {dag.py:3047} INFO - Sync 3 DAGs
[2024-03-12T11:50:04.132+0000] {logging_mixin.py:188} INFO - [2024-03-12T11:50:04.132+0000] {dag.py:3834} INFO - Setting next_dagrun for example_branch_datetime_operator to 2024-03-11 00:00:00+00:00, run_after=2024-03-12 00:00:00+00:00
[2024-03-12T11:50:04.136+0000] {logging_mixin.py:188} INFO - [2024-03-12T11:50:04.135+0000] {dag.py:3834} INFO - Setting next_dagrun for example_branch_datetime_operator_2 to 2024-03-11 00:00:00+00:00, run_after=2024-03-12 00:00:00+00:00
[2024-03-12T11:50:04.138+0000] {logging_mixin.py:188} INFO - [2024-03-12T11:50:04.138+0000] {dag.py:3834} INFO - Setting next_dagrun for example_branch_datetime_operator_3 to 2024-03-11 00:00:00+00:00, run_after=2024-03-12 00:00:00+00:00
[2024-03-12T11:50:04.150+0000] {processor.py:183} INFO - Processing /home/airflow/.local/lib/python3.8/site-packages/airflow/example_dags/example_branch_datetime_operator.py took 0.075 seconds
[2024-03-12T11:50:34.453+0000] {processor.py:161} INFO - Started process (PID=441) to work on /home/airflow/.local/lib/python3.8/site-packages/airflow/example_dags/example_branch_datetime_operator.py
[2024-03-12T11:50:34.456+0000] {processor.py:830} INFO - Processing file /home/airflow/.local/lib/python3.8/site-packages/airflow/example_dags/example_branch_datetime_operator.py for tasks to queue
[2024-03-12T11:50:34.460+0000] {logging_mixin.py:188} INFO - [2024-03-12T11:50:34.460+0000] {dagbag.py:540} INFO - Filling up the DagBag from /home/airflow/.local/lib/python3.8/site-packages/airflow/example_dags/example_branch_datetime_operator.py
[2024-03-12T11:50:34.474+0000] {processor.py:840} INFO - DAG(s) 'example_branch_datetime_operator_2', 'example_branch_datetime_operator', 'example_branch_datetime_operator_3' retrieved from /home/airflow/.local/lib/python3.8/site-packages/airflow/example_dags/example_branch_datetime_operator.py
[2024-03-12T11:50:34.496+0000] {logging_mixin.py:188} INFO - [2024-03-12T11:50:34.496+0000] {dag.py:3047} INFO - Sync 3 DAGs
[2024-03-12T11:50:34.511+0000] {logging_mixin.py:188} INFO - [2024-03-12T11:50:34.510+0000] {dag.py:3834} INFO - Setting next_dagrun for example_branch_datetime_operator to 2024-03-11 00:00:00+00:00, run_after=2024-03-12 00:00:00+00:00
[2024-03-12T11:50:34.514+0000] {logging_mixin.py:188} INFO - [2024-03-12T11:50:34.514+0000] {dag.py:3834} INFO - Setting next_dagrun for example_branch_datetime_operator_2 to 2024-03-11 00:00:00+00:00, run_after=2024-03-12 00:00:00+00:00
[2024-03-12T11:50:34.516+0000] {logging_mixin.py:188} INFO - [2024-03-12T11:50:34.516+0000] {dag.py:3834} INFO - Setting next_dagrun for example_branch_datetime_operator_3 to 2024-03-11 00:00:00+00:00, run_after=2024-03-12 00:00:00+00:00
[2024-03-12T11:50:34.526+0000] {processor.py:183} INFO - Processing /home/airflow/.local/lib/python3.8/site-packages/airflow/example_dags/example_branch_datetime_operator.py took 0.080 seconds
[2024-03-12T11:51:05.004+0000] {processor.py:161} INFO - Started process (PID=688) to work on /home/airflow/.local/lib/python3.8/site-packages/airflow/example_dags/example_branch_datetime_operator.py
[2024-03-12T11:51:05.006+0000] {processor.py:830} INFO - Processing file /home/airflow/.local/lib/python3.8/site-packages/airflow/example_dags/example_branch_datetime_operator.py for tasks to queue
[2024-03-12T11:51:05.007+0000] {logging_mixin.py:188} INFO - [2024-03-12T11:51:05.006+0000] {dagbag.py:540} INFO - Filling up the DagBag from /home/airflow/.local/lib/python3.8/site-packages/airflow/example_dags/example_branch_datetime_operator.py
[2024-03-12T11:51:05.014+0000] {processor.py:840} INFO - DAG(s) 'example_branch_datetime_operator_2', 'example_branch_datetime_operator_3', 'example_branch_datetime_operator' retrieved from /home/airflow/.local/lib/python3.8/site-packages/airflow/example_dags/example_branch_datetime_operator.py
[2024-03-12T11:51:05.034+0000] {logging_mixin.py:188} INFO - [2024-03-12T11:51:05.034+0000] {dag.py:3047} INFO - Sync 3 DAGs
[2024-03-12T11:51:05.049+0000] {logging_mixin.py:188} INFO - [2024-03-12T11:51:05.049+0000] {dag.py:3834} INFO - Setting next_dagrun for example_branch_datetime_operator to 2024-03-11 00:00:00+00:00, run_after=2024-03-12 00:00:00+00:00
[2024-03-12T11:51:05.052+0000] {logging_mixin.py:188} INFO - [2024-03-12T11:51:05.052+0000] {dag.py:3834} INFO - Setting next_dagrun for example_branch_datetime_operator_2 to 2024-03-11 00:00:00+00:00, run_after=2024-03-12 00:00:00+00:00
[2024-03-12T11:51:05.054+0000] {logging_mixin.py:188} INFO - [2024-03-12T11:51:05.054+0000] {dag.py:3834} INFO - Setting next_dagrun for example_branch_datetime_operator_3 to 2024-03-11 00:00:00+00:00, run_after=2024-03-12 00:00:00+00:00
[2024-03-12T11:51:05.063+0000] {processor.py:183} INFO - Processing /home/airflow/.local/lib/python3.8/site-packages/airflow/example_dags/example_branch_datetime_operator.py took 0.062 seconds
[2024-03-12T11:51:35.533+0000] {processor.py:161} INFO - Started process (PID=935) to work on /home/airflow/.local/lib/python3.8/site-packages/airflow/example_dags/example_branch_datetime_operator.py
[2024-03-12T11:51:35.534+0000] {processor.py:830} INFO - Processing file /home/airflow/.local/lib/python3.8/site-packages/airflow/example_dags/example_branch_datetime_operator.py for tasks to queue
[2024-03-12T11:51:35.535+0000] {logging_mixin.py:188} INFO - [2024-03-12T11:51:35.535+0000] {dagbag.py:540} INFO - Filling up the DagBag from /home/airflow/.local/lib/python3.8/site-packages/airflow/example_dags/example_branch_datetime_operator.py
[2024-03-12T11:51:35.542+0000] {processor.py:840} INFO - DAG(s) 'example_branch_datetime_operator_2', 'example_branch_datetime_operator_3', 'example_branch_datetime_operator' retrieved from /home/airflow/.local/lib/python3.8/site-packages/airflow/example_dags/example_branch_datetime_operator.py
[2024-03-12T11:51:35.563+0000] {logging_mixin.py:188} INFO - [2024-03-12T11:51:35.563+0000] {dag.py:3047} INFO - Sync 3 DAGs
[2024-03-12T11:51:35.576+0000] {logging_mixin.py:188} INFO - [2024-03-12T11:51:35.576+0000] {dag.py:3834} INFO - Setting next_dagrun for example_branch_datetime_operator to 2024-03-11 00:00:00+00:00, run_after=2024-03-12 00:00:00+00:00
[2024-03-12T11:51:35.579+0000] {logging_mixin.py:188} INFO - [2024-03-12T11:51:35.579+0000] {dag.py:3834} INFO - Setting next_dagrun for example_branch_datetime_operator_2 to 2024-03-11 00:00:00+00:00, run_after=2024-03-12 00:00:00+00:00
[2024-03-12T11:51:35.582+0000] {logging_mixin.py:188} INFO - [2024-03-12T11:51:35.582+0000] {dag.py:3834} INFO - Setting next_dagrun for example_branch_datetime_operator_3 to 2024-03-11 00:00:00+00:00, run_after=2024-03-12 00:00:00+00:00
[2024-03-12T11:51:35.592+0000] {processor.py:183} INFO - Processing /home/airflow/.local/lib/python3.8/site-packages/airflow/example_dags/example_branch_datetime_operator.py took 0.062 seconds
[2024-03-12T11:52:06.070+0000] {processor.py:161} INFO - Started process (PID=1184) to work on /home/airflow/.local/lib/python3.8/site-packages/airflow/example_dags/example_branch_datetime_operator.py
[2024-03-12T11:52:06.071+0000] {processor.py:830} INFO - Processing file /home/airflow/.local/lib/python3.8/site-packages/airflow/example_dags/example_branch_datetime_operator.py for tasks to queue
[2024-03-12T11:52:06.073+0000] {logging_mixin.py:188} INFO - [2024-03-12T11:52:06.072+0000] {dagbag.py:540} INFO - Filling up the DagBag from /home/airflow/.local/lib/python3.8/site-packages/airflow/example_dags/example_branch_datetime_operator.py
[2024-03-12T11:52:06.080+0000] {processor.py:840} INFO - DAG(s) 'example_branch_datetime_operator_2', 'example_branch_datetime_operator_3', 'example_branch_datetime_operator' retrieved from /home/airflow/.local/lib/python3.8/site-packages/airflow/example_dags/example_branch_datetime_operator.py
[2024-03-12T11:52:06.101+0000] {logging_mixin.py:188} INFO - [2024-03-12T11:52:06.101+0000] {dag.py:3047} INFO - Sync 3 DAGs
[2024-03-12T11:52:06.118+0000] {logging_mixin.py:188} INFO - [2024-03-12T11:52:06.118+0000] {dag.py:3834} INFO - Setting next_dagrun for example_branch_datetime_operator to 2024-03-11 00:00:00+00:00, run_after=2024-03-12 00:00:00+00:00
[2024-03-12T11:52:06.122+0000] {logging_mixin.py:188} INFO - [2024-03-12T11:52:06.121+0000] {dag.py:3834} INFO - Setting next_dagrun for example_branch_datetime_operator_2 to 2024-03-11 00:00:00+00:00, run_after=2024-03-12 00:00:00+00:00
[2024-03-12T11:52:06.124+0000] {logging_mixin.py:188} INFO - [2024-03-12T11:52:06.124+0000] {dag.py:3834} INFO - Setting next_dagrun for example_branch_datetime_operator_3 to 2024-03-11 00:00:00+00:00, run_after=2024-03-12 00:00:00+00:00
[2024-03-12T11:52:06.135+0000] {processor.py:183} INFO - Processing /home/airflow/.local/lib/python3.8/site-packages/airflow/example_dags/example_branch_datetime_operator.py took 0.068 seconds
[2024-03-12T11:52:36.898+0000] {processor.py:161} INFO - Started process (PID=1429) to work on /home/airflow/.local/lib/python3.8/site-packages/airflow/example_dags/example_branch_datetime_operator.py
[2024-03-12T11:52:36.900+0000] {processor.py:830} INFO - Processing file /home/airflow/.local/lib/python3.8/site-packages/airflow/example_dags/example_branch_datetime_operator.py for tasks to queue
[2024-03-12T11:52:36.900+0000] {logging_mixin.py:188} INFO - [2024-03-12T11:52:36.900+0000] {dagbag.py:540} INFO - Filling up the DagBag from /home/airflow/.local/lib/python3.8/site-packages/airflow/example_dags/example_branch_datetime_operator.py
[2024-03-12T11:52:36.907+0000] {processor.py:840} INFO - DAG(s) 'example_branch_datetime_operator', 'example_branch_datetime_operator_2', 'example_branch_datetime_operator_3' retrieved from /home/airflow/.local/lib/python3.8/site-packages/airflow/example_dags/example_branch_datetime_operator.py
[2024-03-12T11:52:36.928+0000] {logging_mixin.py:188} INFO - [2024-03-12T11:52:36.928+0000] {dag.py:3047} INFO - Sync 3 DAGs
[2024-03-12T11:52:36.948+0000] {logging_mixin.py:188} INFO - [2024-03-12T11:52:36.948+0000] {dag.py:3834} INFO - Setting next_dagrun for example_branch_datetime_operator to 2024-03-11 00:00:00+00:00, run_after=2024-03-12 00:00:00+00:00
[2024-03-12T11:52:36.952+0000] {logging_mixin.py:188} INFO - [2024-03-12T11:52:36.952+0000] {dag.py:3834} INFO - Setting next_dagrun for example_branch_datetime_operator_2 to 2024-03-11 00:00:00+00:00, run_after=2024-03-12 00:00:00+00:00
[2024-03-12T11:52:36.955+0000] {logging_mixin.py:188} INFO - [2024-03-12T11:52:36.955+0000] {dag.py:3834} INFO - Setting next_dagrun for example_branch_datetime_operator_3 to 2024-03-11 00:00:00+00:00, run_after=2024-03-12 00:00:00+00:00
[2024-03-12T11:52:36.967+0000] {processor.py:183} INFO - Processing /home/airflow/.local/lib/python3.8/site-packages/airflow/example_dags/example_branch_datetime_operator.py took 0.072 seconds
[2024-03-12T11:53:08.069+0000] {processor.py:161} INFO - Started process (PID=1678) to work on /home/airflow/.local/lib/python3.8/site-packages/airflow/example_dags/example_branch_datetime_operator.py
[2024-03-12T11:53:08.070+0000] {processor.py:830} INFO - Processing file /home/airflow/.local/lib/python3.8/site-packages/airflow/example_dags/example_branch_datetime_operator.py for tasks to queue
[2024-03-12T11:53:08.071+0000] {logging_mixin.py:188} INFO - [2024-03-12T11:53:08.071+0000] {dagbag.py:540} INFO - Filling up the DagBag from /home/airflow/.local/lib/python3.8/site-packages/airflow/example_dags/example_branch_datetime_operator.py
[2024-03-12T11:53:08.078+0000] {processor.py:840} INFO - DAG(s) 'example_branch_datetime_operator_3', 'example_branch_datetime_operator', 'example_branch_datetime_operator_2' retrieved from /home/airflow/.local/lib/python3.8/site-packages/airflow/example_dags/example_branch_datetime_operator.py
[2024-03-12T11:53:08.099+0000] {logging_mixin.py:188} INFO - [2024-03-12T11:53:08.099+0000] {dag.py:3047} INFO - Sync 3 DAGs
[2024-03-12T11:53:08.113+0000] {logging_mixin.py:188} INFO - [2024-03-12T11:53:08.113+0000] {dag.py:3834} INFO - Setting next_dagrun for example_branch_datetime_operator to 2024-03-11 00:00:00+00:00, run_after=2024-03-12 00:00:00+00:00
[2024-03-12T11:53:08.116+0000] {logging_mixin.py:188} INFO - [2024-03-12T11:53:08.116+0000] {dag.py:3834} INFO - Setting next_dagrun for example_branch_datetime_operator_2 to 2024-03-11 00:00:00+00:00, run_after=2024-03-12 00:00:00+00:00
[2024-03-12T11:53:08.118+0000] {logging_mixin.py:188} INFO - [2024-03-12T11:53:08.118+0000] {dag.py:3834} INFO - Setting next_dagrun for example_branch_datetime_operator_3 to 2024-03-11 00:00:00+00:00, run_after=2024-03-12 00:00:00+00:00
[2024-03-12T11:53:08.127+0000] {processor.py:183} INFO - Processing /home/airflow/.local/lib/python3.8/site-packages/airflow/example_dags/example_branch_datetime_operator.py took 0.061 seconds
[2024-03-12T11:53:38.906+0000] {processor.py:161} INFO - Started process (PID=1925) to work on /home/airflow/.local/lib/python3.8/site-packages/airflow/example_dags/example_branch_datetime_operator.py
[2024-03-12T11:53:38.908+0000] {processor.py:830} INFO - Processing file /home/airflow/.local/lib/python3.8/site-packages/airflow/example_dags/example_branch_datetime_operator.py for tasks to queue
[2024-03-12T11:53:38.909+0000] {logging_mixin.py:188} INFO - [2024-03-12T11:53:38.909+0000] {dagbag.py:540} INFO - Filling up the DagBag from /home/airflow/.local/lib/python3.8/site-packages/airflow/example_dags/example_branch_datetime_operator.py
[2024-03-12T11:53:38.916+0000] {processor.py:840} INFO - DAG(s) 'example_branch_datetime_operator_3', 'example_branch_datetime_operator', 'example_branch_datetime_operator_2' retrieved from /home/airflow/.local/lib/python3.8/site-packages/airflow/example_dags/example_branch_datetime_operator.py
[2024-03-12T11:53:39.158+0000] {logging_mixin.py:188} INFO - [2024-03-12T11:53:39.157+0000] {dag.py:3047} INFO - Sync 3 DAGs
[2024-03-12T11:53:39.189+0000] {logging_mixin.py:188} INFO - [2024-03-12T11:53:39.189+0000] {dag.py:3834} INFO - Setting next_dagrun for example_branch_datetime_operator to 2024-03-11 00:00:00+00:00, run_after=2024-03-12 00:00:00+00:00
[2024-03-12T11:53:39.194+0000] {logging_mixin.py:188} INFO - [2024-03-12T11:53:39.194+0000] {dag.py:3834} INFO - Setting next_dagrun for example_branch_datetime_operator_2 to 2024-03-11 00:00:00+00:00, run_after=2024-03-12 00:00:00+00:00
[2024-03-12T11:53:39.196+0000] {logging_mixin.py:188} INFO - [2024-03-12T11:53:39.196+0000] {dag.py:3834} INFO - Setting next_dagrun for example_branch_datetime_operator_3 to 2024-03-11 00:00:00+00:00, run_after=2024-03-12 00:00:00+00:00
[2024-03-12T11:53:39.208+0000] {processor.py:183} INFO - Processing /home/airflow/.local/lib/python3.8/site-packages/airflow/example_dags/example_branch_datetime_operator.py took 0.306 seconds
[2024-03-12T11:54:09.899+0000] {processor.py:161} INFO - Started process (PID=2172) to work on /home/airflow/.local/lib/python3.8/site-packages/airflow/example_dags/example_branch_datetime_operator.py
[2024-03-12T11:54:09.902+0000] {processor.py:830} INFO - Processing file /home/airflow/.local/lib/python3.8/site-packages/airflow/example_dags/example_branch_datetime_operator.py for tasks to queue
[2024-03-12T11:54:09.905+0000] {logging_mixin.py:188} INFO - [2024-03-12T11:54:09.905+0000] {dagbag.py:540} INFO - Filling up the DagBag from /home/airflow/.local/lib/python3.8/site-packages/airflow/example_dags/example_branch_datetime_operator.py
[2024-03-12T11:54:09.920+0000] {processor.py:840} INFO - DAG(s) 'example_branch_datetime_operator_3', 'example_branch_datetime_operator_2', 'example_branch_datetime_operator' retrieved from /home/airflow/.local/lib/python3.8/site-packages/airflow/example_dags/example_branch_datetime_operator.py
[2024-03-12T11:54:10.218+0000] {logging_mixin.py:188} INFO - [2024-03-12T11:54:10.217+0000] {dag.py:3047} INFO - Sync 3 DAGs
[2024-03-12T11:54:10.254+0000] {logging_mixin.py:188} INFO - [2024-03-12T11:54:10.254+0000] {dag.py:3834} INFO - Setting next_dagrun for example_branch_datetime_operator to 2024-03-11 00:00:00+00:00, run_after=2024-03-12 00:00:00+00:00
[2024-03-12T11:54:10.273+0000] {logging_mixin.py:188} INFO - [2024-03-12T11:54:10.273+0000] {dag.py:3834} INFO - Setting next_dagrun for example_branch_datetime_operator_2 to 2024-03-11 00:00:00+00:00, run_after=2024-03-12 00:00:00+00:00
[2024-03-12T11:54:10.285+0000] {logging_mixin.py:188} INFO - [2024-03-12T11:54:10.284+0000] {dag.py:3834} INFO - Setting next_dagrun for example_branch_datetime_operator_3 to 2024-03-11 00:00:00+00:00, run_after=2024-03-12 00:00:00+00:00
[2024-03-12T11:54:10.357+0000] {processor.py:183} INFO - Processing /home/airflow/.local/lib/python3.8/site-packages/airflow/example_dags/example_branch_datetime_operator.py took 0.465 seconds
[2024-03-12T11:54:41.160+0000] {processor.py:161} INFO - Started process (PID=2419) to work on /home/airflow/.local/lib/python3.8/site-packages/airflow/example_dags/example_branch_datetime_operator.py
[2024-03-12T11:54:41.163+0000] {processor.py:830} INFO - Processing file /home/airflow/.local/lib/python3.8/site-packages/airflow/example_dags/example_branch_datetime_operator.py for tasks to queue
[2024-03-12T11:54:41.165+0000] {logging_mixin.py:188} INFO - [2024-03-12T11:54:41.165+0000] {dagbag.py:540} INFO - Filling up the DagBag from /home/airflow/.local/lib/python3.8/site-packages/airflow/example_dags/example_branch_datetime_operator.py
[2024-03-12T11:54:41.178+0000] {processor.py:840} INFO - DAG(s) 'example_branch_datetime_operator', 'example_branch_datetime_operator_2', 'example_branch_datetime_operator_3' retrieved from /home/airflow/.local/lib/python3.8/site-packages/airflow/example_dags/example_branch_datetime_operator.py
[2024-03-12T11:54:41.204+0000] {logging_mixin.py:188} INFO - [2024-03-12T11:54:41.204+0000] {dag.py:3047} INFO - Sync 3 DAGs
[2024-03-12T11:54:41.217+0000] {logging_mixin.py:188} INFO - [2024-03-12T11:54:41.217+0000] {dag.py:3834} INFO - Setting next_dagrun for example_branch_datetime_operator to 2024-03-11 00:00:00+00:00, run_after=2024-03-12 00:00:00+00:00
[2024-03-12T11:54:41.220+0000] {logging_mixin.py:188} INFO - [2024-03-12T11:54:41.220+0000] {dag.py:3834} INFO - Setting next_dagrun for example_branch_datetime_operator_2 to 2024-03-11 00:00:00+00:00, run_after=2024-03-12 00:00:00+00:00
[2024-03-12T11:54:41.222+0000] {logging_mixin.py:188} INFO - [2024-03-12T11:54:41.222+0000] {dag.py:3834} INFO - Setting next_dagrun for example_branch_datetime_operator_3 to 2024-03-11 00:00:00+00:00, run_after=2024-03-12 00:00:00+00:00
[2024-03-12T11:54:41.231+0000] {processor.py:183} INFO - Processing /home/airflow/.local/lib/python3.8/site-packages/airflow/example_dags/example_branch_datetime_operator.py took 0.077 seconds
[2024-03-12T11:55:12.257+0000] {processor.py:161} INFO - Started process (PID=2666) to work on /home/airflow/.local/lib/python3.8/site-packages/airflow/example_dags/example_branch_datetime_operator.py
[2024-03-12T11:55:12.260+0000] {processor.py:830} INFO - Processing file /home/airflow/.local/lib/python3.8/site-packages/airflow/example_dags/example_branch_datetime_operator.py for tasks to queue
[2024-03-12T11:55:12.262+0000] {logging_mixin.py:188} INFO - [2024-03-12T11:55:12.261+0000] {dagbag.py:540} INFO - Filling up the DagBag from /home/airflow/.local/lib/python3.8/site-packages/airflow/example_dags/example_branch_datetime_operator.py
[2024-03-12T11:55:12.274+0000] {processor.py:840} INFO - DAG(s) 'example_branch_datetime_operator', 'example_branch_datetime_operator_3', 'example_branch_datetime_operator_2' retrieved from /home/airflow/.local/lib/python3.8/site-packages/airflow/example_dags/example_branch_datetime_operator.py
[2024-03-12T11:55:12.323+0000] {logging_mixin.py:188} INFO - [2024-03-12T11:55:12.323+0000] {dag.py:3047} INFO - Sync 3 DAGs
[2024-03-12T11:55:12.341+0000] {logging_mixin.py:188} INFO - [2024-03-12T11:55:12.341+0000] {dag.py:3834} INFO - Setting next_dagrun for example_branch_datetime_operator to 2024-03-11 00:00:00+00:00, run_after=2024-03-12 00:00:00+00:00
[2024-03-12T11:55:12.345+0000] {logging_mixin.py:188} INFO - [2024-03-12T11:55:12.345+0000] {dag.py:3834} INFO - Setting next_dagrun for example_branch_datetime_operator_2 to 2024-03-11 00:00:00+00:00, run_after=2024-03-12 00:00:00+00:00
[2024-03-12T11:55:12.347+0000] {logging_mixin.py:188} INFO - [2024-03-12T11:55:12.347+0000] {dag.py:3834} INFO - Setting next_dagrun for example_branch_datetime_operator_3 to 2024-03-11 00:00:00+00:00, run_after=2024-03-12 00:00:00+00:00
[2024-03-12T11:55:12.362+0000] {processor.py:183} INFO - Processing /home/airflow/.local/lib/python3.8/site-packages/airflow/example_dags/example_branch_datetime_operator.py took 0.112 seconds
[2024-03-12T11:55:43.217+0000] {processor.py:161} INFO - Started process (PID=2913) to work on /home/airflow/.local/lib/python3.8/site-packages/airflow/example_dags/example_branch_datetime_operator.py
[2024-03-12T11:55:43.219+0000] {processor.py:830} INFO - Processing file /home/airflow/.local/lib/python3.8/site-packages/airflow/example_dags/example_branch_datetime_operator.py for tasks to queue
[2024-03-12T11:55:43.221+0000] {logging_mixin.py:188} INFO - [2024-03-12T11:55:43.220+0000] {dagbag.py:540} INFO - Filling up the DagBag from /home/airflow/.local/lib/python3.8/site-packages/airflow/example_dags/example_branch_datetime_operator.py
[2024-03-12T11:55:43.231+0000] {processor.py:840} INFO - DAG(s) 'example_branch_datetime_operator', 'example_branch_datetime_operator_3', 'example_branch_datetime_operator_2' retrieved from /home/airflow/.local/lib/python3.8/site-packages/airflow/example_dags/example_branch_datetime_operator.py
[2024-03-12T11:55:43.256+0000] {logging_mixin.py:188} INFO - [2024-03-12T11:55:43.256+0000] {dag.py:3047} INFO - Sync 3 DAGs
[2024-03-12T11:55:43.270+0000] {logging_mixin.py:188} INFO - [2024-03-12T11:55:43.270+0000] {dag.py:3834} INFO - Setting next_dagrun for example_branch_datetime_operator to 2024-03-11 00:00:00+00:00, run_after=2024-03-12 00:00:00+00:00
[2024-03-12T11:55:43.273+0000] {logging_mixin.py:188} INFO - [2024-03-12T11:55:43.273+0000] {dag.py:3834} INFO - Setting next_dagrun for example_branch_datetime_operator_2 to 2024-03-11 00:00:00+00:00, run_after=2024-03-12 00:00:00+00:00
[2024-03-12T11:55:43.275+0000] {logging_mixin.py:188} INFO - [2024-03-12T11:55:43.274+0000] {dag.py:3834} INFO - Setting next_dagrun for example_branch_datetime_operator_3 to 2024-03-11 00:00:00+00:00, run_after=2024-03-12 00:00:00+00:00
[2024-03-12T11:55:43.285+0000] {processor.py:183} INFO - Processing /home/airflow/.local/lib/python3.8/site-packages/airflow/example_dags/example_branch_datetime_operator.py took 0.073 seconds
[2024-03-12T11:56:13.868+0000] {processor.py:161} INFO - Started process (PID=3160) to work on /home/airflow/.local/lib/python3.8/site-packages/airflow/example_dags/example_branch_datetime_operator.py
[2024-03-12T11:56:13.870+0000] {processor.py:830} INFO - Processing file /home/airflow/.local/lib/python3.8/site-packages/airflow/example_dags/example_branch_datetime_operator.py for tasks to queue
[2024-03-12T11:56:13.871+0000] {logging_mixin.py:188} INFO - [2024-03-12T11:56:13.871+0000] {dagbag.py:540} INFO - Filling up the DagBag from /home/airflow/.local/lib/python3.8/site-packages/airflow/example_dags/example_branch_datetime_operator.py
[2024-03-12T11:56:13.880+0000] {processor.py:840} INFO - DAG(s) 'example_branch_datetime_operator_2', 'example_branch_datetime_operator', 'example_branch_datetime_operator_3' retrieved from /home/airflow/.local/lib/python3.8/site-packages/airflow/example_dags/example_branch_datetime_operator.py
[2024-03-12T11:56:13.908+0000] {logging_mixin.py:188} INFO - [2024-03-12T11:56:13.908+0000] {dag.py:3047} INFO - Sync 3 DAGs
[2024-03-12T11:56:13.927+0000] {logging_mixin.py:188} INFO - [2024-03-12T11:56:13.927+0000] {dag.py:3834} INFO - Setting next_dagrun for example_branch_datetime_operator to 2024-03-11 00:00:00+00:00, run_after=2024-03-12 00:00:00+00:00
[2024-03-12T11:56:13.933+0000] {logging_mixin.py:188} INFO - [2024-03-12T11:56:13.932+0000] {dag.py:3834} INFO - Setting next_dagrun for example_branch_datetime_operator_2 to 2024-03-11 00:00:00+00:00, run_after=2024-03-12 00:00:00+00:00
[2024-03-12T11:56:13.935+0000] {logging_mixin.py:188} INFO - [2024-03-12T11:56:13.935+0000] {dag.py:3834} INFO - Setting next_dagrun for example_branch_datetime_operator_3 to 2024-03-11 00:00:00+00:00, run_after=2024-03-12 00:00:00+00:00
[2024-03-12T11:56:13.951+0000] {processor.py:183} INFO - Processing /home/airflow/.local/lib/python3.8/site-packages/airflow/example_dags/example_branch_datetime_operator.py took 0.087 seconds
[2024-03-12T11:57:06.720+0000] {processor.py:161} INFO - Started process (PID=194) to work on /home/airflow/.local/lib/python3.8/site-packages/airflow/example_dags/example_branch_datetime_operator.py
[2024-03-12T11:57:06.722+0000] {processor.py:830} INFO - Processing file /home/airflow/.local/lib/python3.8/site-packages/airflow/example_dags/example_branch_datetime_operator.py for tasks to queue
[2024-03-12T11:57:06.724+0000] {logging_mixin.py:188} INFO - [2024-03-12T11:57:06.723+0000] {dagbag.py:540} INFO - Filling up the DagBag from /home/airflow/.local/lib/python3.8/site-packages/airflow/example_dags/example_branch_datetime_operator.py
[2024-03-12T11:57:06.734+0000] {processor.py:840} INFO - DAG(s) 'example_branch_datetime_operator_2', 'example_branch_datetime_operator', 'example_branch_datetime_operator_3' retrieved from /home/airflow/.local/lib/python3.8/site-packages/airflow/example_dags/example_branch_datetime_operator.py
[2024-03-12T11:57:06.759+0000] {logging_mixin.py:188} INFO - [2024-03-12T11:57:06.759+0000] {dag.py:3047} INFO - Sync 3 DAGs
[2024-03-12T11:57:06.774+0000] {logging_mixin.py:188} INFO - [2024-03-12T11:57:06.774+0000] {dag.py:3834} INFO - Setting next_dagrun for example_branch_datetime_operator to 2024-03-11 00:00:00+00:00, run_after=2024-03-12 00:00:00+00:00
[2024-03-12T11:57:06.778+0000] {logging_mixin.py:188} INFO - [2024-03-12T11:57:06.778+0000] {dag.py:3834} INFO - Setting next_dagrun for example_branch_datetime_operator_2 to 2024-03-11 00:00:00+00:00, run_after=2024-03-12 00:00:00+00:00
[2024-03-12T11:57:06.780+0000] {logging_mixin.py:188} INFO - [2024-03-12T11:57:06.780+0000] {dag.py:3834} INFO - Setting next_dagrun for example_branch_datetime_operator_3 to 2024-03-11 00:00:00+00:00, run_after=2024-03-12 00:00:00+00:00
[2024-03-12T11:57:06.793+0000] {processor.py:183} INFO - Processing /home/airflow/.local/lib/python3.8/site-packages/airflow/example_dags/example_branch_datetime_operator.py took 0.076 seconds
[2024-03-12T11:57:36.982+0000] {processor.py:161} INFO - Started process (PID=443) to work on /home/airflow/.local/lib/python3.8/site-packages/airflow/example_dags/example_branch_datetime_operator.py
[2024-03-12T11:57:36.987+0000] {processor.py:830} INFO - Processing file /home/airflow/.local/lib/python3.8/site-packages/airflow/example_dags/example_branch_datetime_operator.py for tasks to queue
[2024-03-12T11:57:36.991+0000] {logging_mixin.py:188} INFO - [2024-03-12T11:57:36.991+0000] {dagbag.py:540} INFO - Filling up the DagBag from /home/airflow/.local/lib/python3.8/site-packages/airflow/example_dags/example_branch_datetime_operator.py
[2024-03-12T11:57:37.000+0000] {processor.py:840} INFO - DAG(s) 'example_branch_datetime_operator_2', 'example_branch_datetime_operator', 'example_branch_datetime_operator_3' retrieved from /home/airflow/.local/lib/python3.8/site-packages/airflow/example_dags/example_branch_datetime_operator.py
[2024-03-12T11:57:37.019+0000] {logging_mixin.py:188} INFO - [2024-03-12T11:57:37.019+0000] {dag.py:3047} INFO - Sync 3 DAGs
[2024-03-12T11:57:37.061+0000] {logging_mixin.py:188} INFO - [2024-03-12T11:57:37.061+0000] {dag.py:3834} INFO - Setting next_dagrun for example_branch_datetime_operator to 2024-03-11 00:00:00+00:00, run_after=2024-03-12 00:00:00+00:00
[2024-03-12T11:57:37.065+0000] {logging_mixin.py:188} INFO - [2024-03-12T11:57:37.064+0000] {dag.py:3834} INFO - Setting next_dagrun for example_branch_datetime_operator_2 to 2024-03-11 00:00:00+00:00, run_after=2024-03-12 00:00:00+00:00
[2024-03-12T11:57:37.066+0000] {logging_mixin.py:188} INFO - [2024-03-12T11:57:37.066+0000] {dag.py:3834} INFO - Setting next_dagrun for example_branch_datetime_operator_3 to 2024-03-11 00:00:00+00:00, run_after=2024-03-12 00:00:00+00:00
[2024-03-12T11:57:37.095+0000] {processor.py:183} INFO - Processing /home/airflow/.local/lib/python3.8/site-packages/airflow/example_dags/example_branch_datetime_operator.py took 0.116 seconds
[2024-03-12T11:58:34.519+0000] {processor.py:161} INFO - Started process (PID=194) to work on /home/airflow/.local/lib/python3.8/site-packages/airflow/example_dags/example_branch_datetime_operator.py
[2024-03-12T11:58:34.521+0000] {processor.py:830} INFO - Processing file /home/airflow/.local/lib/python3.8/site-packages/airflow/example_dags/example_branch_datetime_operator.py for tasks to queue
[2024-03-12T11:58:34.522+0000] {logging_mixin.py:188} INFO - [2024-03-12T11:58:34.521+0000] {dagbag.py:540} INFO - Filling up the DagBag from /home/airflow/.local/lib/python3.8/site-packages/airflow/example_dags/example_branch_datetime_operator.py
[2024-03-12T11:58:34.530+0000] {processor.py:840} INFO - DAG(s) 'example_branch_datetime_operator_3', 'example_branch_datetime_operator_2', 'example_branch_datetime_operator' retrieved from /home/airflow/.local/lib/python3.8/site-packages/airflow/example_dags/example_branch_datetime_operator.py
[2024-03-12T11:58:34.551+0000] {logging_mixin.py:188} INFO - [2024-03-12T11:58:34.551+0000] {dag.py:3047} INFO - Sync 3 DAGs
[2024-03-12T11:58:34.570+0000] {logging_mixin.py:188} INFO - [2024-03-12T11:58:34.570+0000] {dag.py:3834} INFO - Setting next_dagrun for example_branch_datetime_operator to 2024-03-11 00:00:00+00:00, run_after=2024-03-12 00:00:00+00:00
[2024-03-12T11:58:34.574+0000] {logging_mixin.py:188} INFO - [2024-03-12T11:58:34.574+0000] {dag.py:3834} INFO - Setting next_dagrun for example_branch_datetime_operator_2 to 2024-03-11 00:00:00+00:00, run_after=2024-03-12 00:00:00+00:00
[2024-03-12T11:58:34.577+0000] {logging_mixin.py:188} INFO - [2024-03-12T11:58:34.577+0000] {dag.py:3834} INFO - Setting next_dagrun for example_branch_datetime_operator_3 to 2024-03-11 00:00:00+00:00, run_after=2024-03-12 00:00:00+00:00
[2024-03-12T11:58:34.591+0000] {processor.py:183} INFO - Processing /home/airflow/.local/lib/python3.8/site-packages/airflow/example_dags/example_branch_datetime_operator.py took 0.075 seconds
[2024-03-12T11:59:04.827+0000] {processor.py:161} INFO - Started process (PID=441) to work on /home/airflow/.local/lib/python3.8/site-packages/airflow/example_dags/example_branch_datetime_operator.py
[2024-03-12T11:59:04.828+0000] {processor.py:830} INFO - Processing file /home/airflow/.local/lib/python3.8/site-packages/airflow/example_dags/example_branch_datetime_operator.py for tasks to queue
[2024-03-12T11:59:04.829+0000] {logging_mixin.py:188} INFO - [2024-03-12T11:59:04.829+0000] {dagbag.py:540} INFO - Filling up the DagBag from /home/airflow/.local/lib/python3.8/site-packages/airflow/example_dags/example_branch_datetime_operator.py
[2024-03-12T11:59:04.836+0000] {processor.py:840} INFO - DAG(s) 'example_branch_datetime_operator_2', 'example_branch_datetime_operator', 'example_branch_datetime_operator_3' retrieved from /home/airflow/.local/lib/python3.8/site-packages/airflow/example_dags/example_branch_datetime_operator.py
[2024-03-12T11:59:04.855+0000] {logging_mixin.py:188} INFO - [2024-03-12T11:59:04.855+0000] {dag.py:3047} INFO - Sync 3 DAGs
[2024-03-12T11:59:04.868+0000] {logging_mixin.py:188} INFO - [2024-03-12T11:59:04.868+0000] {dag.py:3834} INFO - Setting next_dagrun for example_branch_datetime_operator to 2024-03-11 00:00:00+00:00, run_after=2024-03-12 00:00:00+00:00
[2024-03-12T11:59:04.872+0000] {logging_mixin.py:188} INFO - [2024-03-12T11:59:04.872+0000] {dag.py:3834} INFO - Setting next_dagrun for example_branch_datetime_operator_2 to 2024-03-11 00:00:00+00:00, run_after=2024-03-12 00:00:00+00:00
[2024-03-12T11:59:04.873+0000] {logging_mixin.py:188} INFO - [2024-03-12T11:59:04.873+0000] {dag.py:3834} INFO - Setting next_dagrun for example_branch_datetime_operator_3 to 2024-03-11 00:00:00+00:00, run_after=2024-03-12 00:00:00+00:00
[2024-03-12T11:59:04.883+0000] {processor.py:183} INFO - Processing /home/airflow/.local/lib/python3.8/site-packages/airflow/example_dags/example_branch_datetime_operator.py took 0.059 seconds
[2024-03-12T11:59:35.511+0000] {processor.py:161} INFO - Started process (PID=690) to work on /home/airflow/.local/lib/python3.8/site-packages/airflow/example_dags/example_branch_datetime_operator.py
[2024-03-12T11:59:35.512+0000] {processor.py:830} INFO - Processing file /home/airflow/.local/lib/python3.8/site-packages/airflow/example_dags/example_branch_datetime_operator.py for tasks to queue
[2024-03-12T11:59:35.513+0000] {logging_mixin.py:188} INFO - [2024-03-12T11:59:35.513+0000] {dagbag.py:540} INFO - Filling up the DagBag from /home/airflow/.local/lib/python3.8/site-packages/airflow/example_dags/example_branch_datetime_operator.py
[2024-03-12T11:59:35.520+0000] {processor.py:840} INFO - DAG(s) 'example_branch_datetime_operator', 'example_branch_datetime_operator_3', 'example_branch_datetime_operator_2' retrieved from /home/airflow/.local/lib/python3.8/site-packages/airflow/example_dags/example_branch_datetime_operator.py
[2024-03-12T11:59:35.545+0000] {logging_mixin.py:188} INFO - [2024-03-12T11:59:35.544+0000] {dag.py:3047} INFO - Sync 3 DAGs
[2024-03-12T11:59:35.562+0000] {logging_mixin.py:188} INFO - [2024-03-12T11:59:35.562+0000] {dag.py:3834} INFO - Setting next_dagrun for example_branch_datetime_operator to 2024-03-11 00:00:00+00:00, run_after=2024-03-12 00:00:00+00:00
[2024-03-12T11:59:35.566+0000] {logging_mixin.py:188} INFO - [2024-03-12T11:59:35.566+0000] {dag.py:3834} INFO - Setting next_dagrun for example_branch_datetime_operator_2 to 2024-03-11 00:00:00+00:00, run_after=2024-03-12 00:00:00+00:00
[2024-03-12T11:59:35.569+0000] {logging_mixin.py:188} INFO - [2024-03-12T11:59:35.569+0000] {dag.py:3834} INFO - Setting next_dagrun for example_branch_datetime_operator_3 to 2024-03-11 00:00:00+00:00, run_after=2024-03-12 00:00:00+00:00
[2024-03-12T11:59:35.581+0000] {processor.py:183} INFO - Processing /home/airflow/.local/lib/python3.8/site-packages/airflow/example_dags/example_branch_datetime_operator.py took 0.073 seconds
[2024-03-12T12:00:06.430+0000] {processor.py:161} INFO - Started process (PID=937) to work on /home/airflow/.local/lib/python3.8/site-packages/airflow/example_dags/example_branch_datetime_operator.py
[2024-03-12T12:00:06.431+0000] {processor.py:830} INFO - Processing file /home/airflow/.local/lib/python3.8/site-packages/airflow/example_dags/example_branch_datetime_operator.py for tasks to queue
[2024-03-12T12:00:06.433+0000] {logging_mixin.py:188} INFO - [2024-03-12T12:00:06.432+0000] {dagbag.py:540} INFO - Filling up the DagBag from /home/airflow/.local/lib/python3.8/site-packages/airflow/example_dags/example_branch_datetime_operator.py
[2024-03-12T12:00:06.440+0000] {processor.py:840} INFO - DAG(s) 'example_branch_datetime_operator', 'example_branch_datetime_operator_2', 'example_branch_datetime_operator_3' retrieved from /home/airflow/.local/lib/python3.8/site-packages/airflow/example_dags/example_branch_datetime_operator.py
[2024-03-12T12:00:06.460+0000] {logging_mixin.py:188} INFO - [2024-03-12T12:00:06.460+0000] {dag.py:3047} INFO - Sync 3 DAGs
[2024-03-12T12:00:06.473+0000] {logging_mixin.py:188} INFO - [2024-03-12T12:00:06.473+0000] {dag.py:3834} INFO - Setting next_dagrun for example_branch_datetime_operator to 2024-03-11 00:00:00+00:00, run_after=2024-03-12 00:00:00+00:00
[2024-03-12T12:00:06.476+0000] {logging_mixin.py:188} INFO - [2024-03-12T12:00:06.476+0000] {dag.py:3834} INFO - Setting next_dagrun for example_branch_datetime_operator_2 to 2024-03-11 00:00:00+00:00, run_after=2024-03-12 00:00:00+00:00
[2024-03-12T12:00:06.479+0000] {logging_mixin.py:188} INFO - [2024-03-12T12:00:06.479+0000] {dag.py:3834} INFO - Setting next_dagrun for example_branch_datetime_operator_3 to 2024-03-11 00:00:00+00:00, run_after=2024-03-12 00:00:00+00:00
[2024-03-12T12:00:06.487+0000] {processor.py:183} INFO - Processing /home/airflow/.local/lib/python3.8/site-packages/airflow/example_dags/example_branch_datetime_operator.py took 0.060 seconds
[2024-03-12T12:00:37.067+0000] {processor.py:161} INFO - Started process (PID=1182) to work on /home/airflow/.local/lib/python3.8/site-packages/airflow/example_dags/example_branch_datetime_operator.py
[2024-03-12T12:00:37.069+0000] {processor.py:830} INFO - Processing file /home/airflow/.local/lib/python3.8/site-packages/airflow/example_dags/example_branch_datetime_operator.py for tasks to queue
[2024-03-12T12:00:37.071+0000] {logging_mixin.py:188} INFO - [2024-03-12T12:00:37.071+0000] {dagbag.py:540} INFO - Filling up the DagBag from /home/airflow/.local/lib/python3.8/site-packages/airflow/example_dags/example_branch_datetime_operator.py
[2024-03-12T12:00:37.084+0000] {processor.py:840} INFO - DAG(s) 'example_branch_datetime_operator_2', 'example_branch_datetime_operator', 'example_branch_datetime_operator_3' retrieved from /home/airflow/.local/lib/python3.8/site-packages/airflow/example_dags/example_branch_datetime_operator.py
[2024-03-12T12:00:37.118+0000] {logging_mixin.py:188} INFO - [2024-03-12T12:00:37.118+0000] {dag.py:3047} INFO - Sync 3 DAGs
[2024-03-12T12:00:37.135+0000] {logging_mixin.py:188} INFO - [2024-03-12T12:00:37.135+0000] {dag.py:3834} INFO - Setting next_dagrun for example_branch_datetime_operator to 2024-03-11 00:00:00+00:00, run_after=2024-03-12 00:00:00+00:00
[2024-03-12T12:00:37.139+0000] {logging_mixin.py:188} INFO - [2024-03-12T12:00:37.139+0000] {dag.py:3834} INFO - Setting next_dagrun for example_branch_datetime_operator_2 to 2024-03-11 00:00:00+00:00, run_after=2024-03-12 00:00:00+00:00
[2024-03-12T12:00:37.141+0000] {logging_mixin.py:188} INFO - [2024-03-12T12:00:37.141+0000] {dag.py:3834} INFO - Setting next_dagrun for example_branch_datetime_operator_3 to 2024-03-11 00:00:00+00:00, run_after=2024-03-12 00:00:00+00:00
[2024-03-12T12:00:37.160+0000] {processor.py:183} INFO - Processing /home/airflow/.local/lib/python3.8/site-packages/airflow/example_dags/example_branch_datetime_operator.py took 0.098 seconds
[2024-03-12T12:01:08.233+0000] {processor.py:161} INFO - Started process (PID=1431) to work on /home/airflow/.local/lib/python3.8/site-packages/airflow/example_dags/example_branch_datetime_operator.py
[2024-03-12T12:01:08.234+0000] {processor.py:830} INFO - Processing file /home/airflow/.local/lib/python3.8/site-packages/airflow/example_dags/example_branch_datetime_operator.py for tasks to queue
[2024-03-12T12:01:08.235+0000] {logging_mixin.py:188} INFO - [2024-03-12T12:01:08.235+0000] {dagbag.py:540} INFO - Filling up the DagBag from /home/airflow/.local/lib/python3.8/site-packages/airflow/example_dags/example_branch_datetime_operator.py
[2024-03-12T12:01:08.242+0000] {processor.py:840} INFO - DAG(s) 'example_branch_datetime_operator_3', 'example_branch_datetime_operator_2', 'example_branch_datetime_operator' retrieved from /home/airflow/.local/lib/python3.8/site-packages/airflow/example_dags/example_branch_datetime_operator.py
[2024-03-12T12:01:08.262+0000] {logging_mixin.py:188} INFO - [2024-03-12T12:01:08.262+0000] {dag.py:3047} INFO - Sync 3 DAGs
[2024-03-12T12:01:08.276+0000] {logging_mixin.py:188} INFO - [2024-03-12T12:01:08.275+0000] {dag.py:3834} INFO - Setting next_dagrun for example_branch_datetime_operator to 2024-03-11 00:00:00+00:00, run_after=2024-03-12 00:00:00+00:00
[2024-03-12T12:01:08.279+0000] {logging_mixin.py:188} INFO - [2024-03-12T12:01:08.279+0000] {dag.py:3834} INFO - Setting next_dagrun for example_branch_datetime_operator_2 to 2024-03-11 00:00:00+00:00, run_after=2024-03-12 00:00:00+00:00
[2024-03-12T12:01:08.281+0000] {logging_mixin.py:188} INFO - [2024-03-12T12:01:08.281+0000] {dag.py:3834} INFO - Setting next_dagrun for example_branch_datetime_operator_3 to 2024-03-11 00:00:00+00:00, run_after=2024-03-12 00:00:00+00:00
[2024-03-12T12:01:08.290+0000] {processor.py:183} INFO - Processing /home/airflow/.local/lib/python3.8/site-packages/airflow/example_dags/example_branch_datetime_operator.py took 0.060 seconds
[2024-03-12T12:01:39.112+0000] {processor.py:161} INFO - Started process (PID=1678) to work on /home/airflow/.local/lib/python3.8/site-packages/airflow/example_dags/example_branch_datetime_operator.py
[2024-03-12T12:01:39.113+0000] {processor.py:830} INFO - Processing file /home/airflow/.local/lib/python3.8/site-packages/airflow/example_dags/example_branch_datetime_operator.py for tasks to queue
[2024-03-12T12:01:39.114+0000] {logging_mixin.py:188} INFO - [2024-03-12T12:01:39.114+0000] {dagbag.py:540} INFO - Filling up the DagBag from /home/airflow/.local/lib/python3.8/site-packages/airflow/example_dags/example_branch_datetime_operator.py
[2024-03-12T12:01:39.121+0000] {processor.py:840} INFO - DAG(s) 'example_branch_datetime_operator_3', 'example_branch_datetime_operator_2', 'example_branch_datetime_operator' retrieved from /home/airflow/.local/lib/python3.8/site-packages/airflow/example_dags/example_branch_datetime_operator.py
[2024-03-12T12:01:39.141+0000] {logging_mixin.py:188} INFO - [2024-03-12T12:01:39.141+0000] {dag.py:3047} INFO - Sync 3 DAGs
[2024-03-12T12:01:39.154+0000] {logging_mixin.py:188} INFO - [2024-03-12T12:01:39.154+0000] {dag.py:3834} INFO - Setting next_dagrun for example_branch_datetime_operator to 2024-03-11 00:00:00+00:00, run_after=2024-03-12 00:00:00+00:00
[2024-03-12T12:01:39.157+0000] {logging_mixin.py:188} INFO - [2024-03-12T12:01:39.157+0000] {dag.py:3834} INFO - Setting next_dagrun for example_branch_datetime_operator_2 to 2024-03-11 00:00:00+00:00, run_after=2024-03-12 00:00:00+00:00
[2024-03-12T12:01:39.159+0000] {logging_mixin.py:188} INFO - [2024-03-12T12:01:39.159+0000] {dag.py:3834} INFO - Setting next_dagrun for example_branch_datetime_operator_3 to 2024-03-11 00:00:00+00:00, run_after=2024-03-12 00:00:00+00:00
[2024-03-12T12:01:39.167+0000] {processor.py:183} INFO - Processing /home/airflow/.local/lib/python3.8/site-packages/airflow/example_dags/example_branch_datetime_operator.py took 0.058 seconds
[2024-03-12T12:02:09.859+0000] {processor.py:161} INFO - Started process (PID=1923) to work on /home/airflow/.local/lib/python3.8/site-packages/airflow/example_dags/example_branch_datetime_operator.py
[2024-03-12T12:02:09.860+0000] {processor.py:830} INFO - Processing file /home/airflow/.local/lib/python3.8/site-packages/airflow/example_dags/example_branch_datetime_operator.py for tasks to queue
[2024-03-12T12:02:09.861+0000] {logging_mixin.py:188} INFO - [2024-03-12T12:02:09.861+0000] {dagbag.py:540} INFO - Filling up the DagBag from /home/airflow/.local/lib/python3.8/site-packages/airflow/example_dags/example_branch_datetime_operator.py
[2024-03-12T12:02:09.868+0000] {processor.py:840} INFO - DAG(s) 'example_branch_datetime_operator_2', 'example_branch_datetime_operator', 'example_branch_datetime_operator_3' retrieved from /home/airflow/.local/lib/python3.8/site-packages/airflow/example_dags/example_branch_datetime_operator.py
[2024-03-12T12:02:09.887+0000] {logging_mixin.py:188} INFO - [2024-03-12T12:02:09.887+0000] {dag.py:3047} INFO - Sync 3 DAGs
[2024-03-12T12:02:09.900+0000] {logging_mixin.py:188} INFO - [2024-03-12T12:02:09.900+0000] {dag.py:3834} INFO - Setting next_dagrun for example_branch_datetime_operator to 2024-03-11 00:00:00+00:00, run_after=2024-03-12 00:00:00+00:00
[2024-03-12T12:02:09.904+0000] {logging_mixin.py:188} INFO - [2024-03-12T12:02:09.903+0000] {dag.py:3834} INFO - Setting next_dagrun for example_branch_datetime_operator_2 to 2024-03-11 00:00:00+00:00, run_after=2024-03-12 00:00:00+00:00
[2024-03-12T12:02:09.906+0000] {logging_mixin.py:188} INFO - [2024-03-12T12:02:09.906+0000] {dag.py:3834} INFO - Setting next_dagrun for example_branch_datetime_operator_3 to 2024-03-11 00:00:00+00:00, run_after=2024-03-12 00:00:00+00:00
[2024-03-12T12:02:09.923+0000] {processor.py:183} INFO - Processing /home/airflow/.local/lib/python3.8/site-packages/airflow/example_dags/example_branch_datetime_operator.py took 0.067 seconds
[2024-03-12T12:02:40.537+0000] {processor.py:161} INFO - Started process (PID=2170) to work on /home/airflow/.local/lib/python3.8/site-packages/airflow/example_dags/example_branch_datetime_operator.py
[2024-03-12T12:02:40.539+0000] {processor.py:830} INFO - Processing file /home/airflow/.local/lib/python3.8/site-packages/airflow/example_dags/example_branch_datetime_operator.py for tasks to queue
[2024-03-12T12:02:40.541+0000] {logging_mixin.py:188} INFO - [2024-03-12T12:02:40.541+0000] {dagbag.py:540} INFO - Filling up the DagBag from /home/airflow/.local/lib/python3.8/site-packages/airflow/example_dags/example_branch_datetime_operator.py
[2024-03-12T12:02:40.552+0000] {processor.py:840} INFO - DAG(s) 'example_branch_datetime_operator_2', 'example_branch_datetime_operator_3', 'example_branch_datetime_operator' retrieved from /home/airflow/.local/lib/python3.8/site-packages/airflow/example_dags/example_branch_datetime_operator.py
[2024-03-12T12:02:40.579+0000] {logging_mixin.py:188} INFO - [2024-03-12T12:02:40.579+0000] {dag.py:3047} INFO - Sync 3 DAGs
[2024-03-12T12:02:40.600+0000] {logging_mixin.py:188} INFO - [2024-03-12T12:02:40.600+0000] {dag.py:3834} INFO - Setting next_dagrun for example_branch_datetime_operator to 2024-03-11 00:00:00+00:00, run_after=2024-03-12 00:00:00+00:00
[2024-03-12T12:02:40.605+0000] {logging_mixin.py:188} INFO - [2024-03-12T12:02:40.604+0000] {dag.py:3834} INFO - Setting next_dagrun for example_branch_datetime_operator_2 to 2024-03-11 00:00:00+00:00, run_after=2024-03-12 00:00:00+00:00
[2024-03-12T12:02:40.608+0000] {logging_mixin.py:188} INFO - [2024-03-12T12:02:40.608+0000] {dag.py:3834} INFO - Setting next_dagrun for example_branch_datetime_operator_3 to 2024-03-11 00:00:00+00:00, run_after=2024-03-12 00:00:00+00:00
[2024-03-12T12:02:40.619+0000] {processor.py:183} INFO - Processing /home/airflow/.local/lib/python3.8/site-packages/airflow/example_dags/example_branch_datetime_operator.py took 0.086 seconds
[2024-03-12T12:03:11.510+0000] {processor.py:161} INFO - Started process (PID=2419) to work on /home/airflow/.local/lib/python3.8/site-packages/airflow/example_dags/example_branch_datetime_operator.py
[2024-03-12T12:03:11.516+0000] {processor.py:830} INFO - Processing file /home/airflow/.local/lib/python3.8/site-packages/airflow/example_dags/example_branch_datetime_operator.py for tasks to queue
[2024-03-12T12:03:11.527+0000] {logging_mixin.py:188} INFO - [2024-03-12T12:03:11.527+0000] {dagbag.py:540} INFO - Filling up the DagBag from /home/airflow/.local/lib/python3.8/site-packages/airflow/example_dags/example_branch_datetime_operator.py
[2024-03-12T12:03:11.584+0000] {processor.py:840} INFO - DAG(s) 'example_branch_datetime_operator_3', 'example_branch_datetime_operator', 'example_branch_datetime_operator_2' retrieved from /home/airflow/.local/lib/python3.8/site-packages/airflow/example_dags/example_branch_datetime_operator.py
[2024-03-12T12:03:11.747+0000] {logging_mixin.py:188} INFO - [2024-03-12T12:03:11.746+0000] {dag.py:3047} INFO - Sync 3 DAGs
[2024-03-12T12:03:11.827+0000] {logging_mixin.py:188} INFO - [2024-03-12T12:03:11.827+0000] {dag.py:3834} INFO - Setting next_dagrun for example_branch_datetime_operator to 2024-03-11 00:00:00+00:00, run_after=2024-03-12 00:00:00+00:00
[2024-03-12T12:03:11.837+0000] {logging_mixin.py:188} INFO - [2024-03-12T12:03:11.837+0000] {dag.py:3834} INFO - Setting next_dagrun for example_branch_datetime_operator_2 to 2024-03-11 00:00:00+00:00, run_after=2024-03-12 00:00:00+00:00
[2024-03-12T12:03:11.860+0000] {logging_mixin.py:188} INFO - [2024-03-12T12:03:11.859+0000] {dag.py:3834} INFO - Setting next_dagrun for example_branch_datetime_operator_3 to 2024-03-11 00:00:00+00:00, run_after=2024-03-12 00:00:00+00:00
[2024-03-12T12:03:11.932+0000] {processor.py:183} INFO - Processing /home/airflow/.local/lib/python3.8/site-packages/airflow/example_dags/example_branch_datetime_operator.py took 0.433 seconds
[2024-03-12T12:03:42.051+0000] {processor.py:161} INFO - Started process (PID=2671) to work on /home/airflow/.local/lib/python3.8/site-packages/airflow/example_dags/example_branch_datetime_operator.py
[2024-03-12T12:03:42.052+0000] {processor.py:830} INFO - Processing file /home/airflow/.local/lib/python3.8/site-packages/airflow/example_dags/example_branch_datetime_operator.py for tasks to queue
[2024-03-12T12:03:42.053+0000] {logging_mixin.py:188} INFO - [2024-03-12T12:03:42.053+0000] {dagbag.py:540} INFO - Filling up the DagBag from /home/airflow/.local/lib/python3.8/site-packages/airflow/example_dags/example_branch_datetime_operator.py
[2024-03-12T12:03:42.060+0000] {processor.py:840} INFO - DAG(s) 'example_branch_datetime_operator', 'example_branch_datetime_operator_3', 'example_branch_datetime_operator_2' retrieved from /home/airflow/.local/lib/python3.8/site-packages/airflow/example_dags/example_branch_datetime_operator.py
[2024-03-12T12:03:42.080+0000] {logging_mixin.py:188} INFO - [2024-03-12T12:03:42.080+0000] {dag.py:3047} INFO - Sync 3 DAGs
[2024-03-12T12:03:42.092+0000] {logging_mixin.py:188} INFO - [2024-03-12T12:03:42.092+0000] {dag.py:3834} INFO - Setting next_dagrun for example_branch_datetime_operator to 2024-03-11 00:00:00+00:00, run_after=2024-03-12 00:00:00+00:00
[2024-03-12T12:03:42.096+0000] {logging_mixin.py:188} INFO - [2024-03-12T12:03:42.096+0000] {dag.py:3834} INFO - Setting next_dagrun for example_branch_datetime_operator_2 to 2024-03-11 00:00:00+00:00, run_after=2024-03-12 00:00:00+00:00
[2024-03-12T12:03:42.098+0000] {logging_mixin.py:188} INFO - [2024-03-12T12:03:42.098+0000] {dag.py:3834} INFO - Setting next_dagrun for example_branch_datetime_operator_3 to 2024-03-11 00:00:00+00:00, run_after=2024-03-12 00:00:00+00:00
[2024-03-12T12:03:42.109+0000] {processor.py:183} INFO - Processing /home/airflow/.local/lib/python3.8/site-packages/airflow/example_dags/example_branch_datetime_operator.py took 0.061 seconds
[2024-03-12T12:04:12.695+0000] {processor.py:161} INFO - Started process (PID=2911) to work on /home/airflow/.local/lib/python3.8/site-packages/airflow/example_dags/example_branch_datetime_operator.py
[2024-03-12T12:04:12.696+0000] {processor.py:830} INFO - Processing file /home/airflow/.local/lib/python3.8/site-packages/airflow/example_dags/example_branch_datetime_operator.py for tasks to queue
[2024-03-12T12:04:12.697+0000] {logging_mixin.py:188} INFO - [2024-03-12T12:04:12.697+0000] {dagbag.py:540} INFO - Filling up the DagBag from /home/airflow/.local/lib/python3.8/site-packages/airflow/example_dags/example_branch_datetime_operator.py
[2024-03-12T12:04:12.705+0000] {processor.py:840} INFO - DAG(s) 'example_branch_datetime_operator_2', 'example_branch_datetime_operator_3', 'example_branch_datetime_operator' retrieved from /home/airflow/.local/lib/python3.8/site-packages/airflow/example_dags/example_branch_datetime_operator.py
[2024-03-12T12:04:12.737+0000] {logging_mixin.py:188} INFO - [2024-03-12T12:04:12.737+0000] {dag.py:3047} INFO - Sync 3 DAGs
[2024-03-12T12:04:12.755+0000] {logging_mixin.py:188} INFO - [2024-03-12T12:04:12.755+0000] {dag.py:3834} INFO - Setting next_dagrun for example_branch_datetime_operator to 2024-03-11 00:00:00+00:00, run_after=2024-03-12 00:00:00+00:00
[2024-03-12T12:04:12.759+0000] {logging_mixin.py:188} INFO - [2024-03-12T12:04:12.759+0000] {dag.py:3834} INFO - Setting next_dagrun for example_branch_datetime_operator_2 to 2024-03-11 00:00:00+00:00, run_after=2024-03-12 00:00:00+00:00
[2024-03-12T12:04:12.761+0000] {logging_mixin.py:188} INFO - [2024-03-12T12:04:12.761+0000] {dag.py:3834} INFO - Setting next_dagrun for example_branch_datetime_operator_3 to 2024-03-11 00:00:00+00:00, run_after=2024-03-12 00:00:00+00:00
[2024-03-12T12:04:12.773+0000] {processor.py:183} INFO - Processing /home/airflow/.local/lib/python3.8/site-packages/airflow/example_dags/example_branch_datetime_operator.py took 0.084 seconds
[2024-03-12T12:04:43.386+0000] {processor.py:161} INFO - Started process (PID=3158) to work on /home/airflow/.local/lib/python3.8/site-packages/airflow/example_dags/example_branch_datetime_operator.py
[2024-03-12T12:04:43.388+0000] {processor.py:830} INFO - Processing file /home/airflow/.local/lib/python3.8/site-packages/airflow/example_dags/example_branch_datetime_operator.py for tasks to queue
[2024-03-12T12:04:43.389+0000] {logging_mixin.py:188} INFO - [2024-03-12T12:04:43.388+0000] {dagbag.py:540} INFO - Filling up the DagBag from /home/airflow/.local/lib/python3.8/site-packages/airflow/example_dags/example_branch_datetime_operator.py
[2024-03-12T12:04:43.396+0000] {processor.py:840} INFO - DAG(s) 'example_branch_datetime_operator_3', 'example_branch_datetime_operator_2', 'example_branch_datetime_operator' retrieved from /home/airflow/.local/lib/python3.8/site-packages/airflow/example_dags/example_branch_datetime_operator.py
[2024-03-12T12:04:43.420+0000] {logging_mixin.py:188} INFO - [2024-03-12T12:04:43.420+0000] {dag.py:3047} INFO - Sync 3 DAGs
[2024-03-12T12:04:43.442+0000] {logging_mixin.py:188} INFO - [2024-03-12T12:04:43.442+0000] {dag.py:3834} INFO - Setting next_dagrun for example_branch_datetime_operator to 2024-03-11 00:00:00+00:00, run_after=2024-03-12 00:00:00+00:00
[2024-03-12T12:04:43.447+0000] {logging_mixin.py:188} INFO - [2024-03-12T12:04:43.447+0000] {dag.py:3834} INFO - Setting next_dagrun for example_branch_datetime_operator_2 to 2024-03-11 00:00:00+00:00, run_after=2024-03-12 00:00:00+00:00
[2024-03-12T12:04:43.449+0000] {logging_mixin.py:188} INFO - [2024-03-12T12:04:43.449+0000] {dag.py:3834} INFO - Setting next_dagrun for example_branch_datetime_operator_3 to 2024-03-11 00:00:00+00:00, run_after=2024-03-12 00:00:00+00:00
[2024-03-12T12:04:43.460+0000] {processor.py:183} INFO - Processing /home/airflow/.local/lib/python3.8/site-packages/airflow/example_dags/example_branch_datetime_operator.py took 0.077 seconds
[2024-03-12T12:05:14.314+0000] {processor.py:161} INFO - Started process (PID=3408) to work on /home/airflow/.local/lib/python3.8/site-packages/airflow/example_dags/example_branch_datetime_operator.py
[2024-03-12T12:05:14.315+0000] {processor.py:830} INFO - Processing file /home/airflow/.local/lib/python3.8/site-packages/airflow/example_dags/example_branch_datetime_operator.py for tasks to queue
[2024-03-12T12:05:14.316+0000] {logging_mixin.py:188} INFO - [2024-03-12T12:05:14.316+0000] {dagbag.py:540} INFO - Filling up the DagBag from /home/airflow/.local/lib/python3.8/site-packages/airflow/example_dags/example_branch_datetime_operator.py
[2024-03-12T12:05:14.324+0000] {processor.py:840} INFO - DAG(s) 'example_branch_datetime_operator_2', 'example_branch_datetime_operator', 'example_branch_datetime_operator_3' retrieved from /home/airflow/.local/lib/python3.8/site-packages/airflow/example_dags/example_branch_datetime_operator.py
[2024-03-12T12:05:14.345+0000] {logging_mixin.py:188} INFO - [2024-03-12T12:05:14.345+0000] {dag.py:3047} INFO - Sync 3 DAGs
[2024-03-12T12:05:14.359+0000] {logging_mixin.py:188} INFO - [2024-03-12T12:05:14.358+0000] {dag.py:3834} INFO - Setting next_dagrun for example_branch_datetime_operator to 2024-03-11 00:00:00+00:00, run_after=2024-03-12 00:00:00+00:00
[2024-03-12T12:05:14.362+0000] {logging_mixin.py:188} INFO - [2024-03-12T12:05:14.362+0000] {dag.py:3834} INFO - Setting next_dagrun for example_branch_datetime_operator_2 to 2024-03-11 00:00:00+00:00, run_after=2024-03-12 00:00:00+00:00
[2024-03-12T12:05:14.364+0000] {logging_mixin.py:188} INFO - [2024-03-12T12:05:14.364+0000] {dag.py:3834} INFO - Setting next_dagrun for example_branch_datetime_operator_3 to 2024-03-11 00:00:00+00:00, run_after=2024-03-12 00:00:00+00:00
[2024-03-12T12:05:14.375+0000] {processor.py:183} INFO - Processing /home/airflow/.local/lib/python3.8/site-packages/airflow/example_dags/example_branch_datetime_operator.py took 0.064 seconds
[2024-03-12T12:05:44.680+0000] {processor.py:161} INFO - Started process (PID=3655) to work on /home/airflow/.local/lib/python3.8/site-packages/airflow/example_dags/example_branch_datetime_operator.py
[2024-03-12T12:05:44.682+0000] {processor.py:830} INFO - Processing file /home/airflow/.local/lib/python3.8/site-packages/airflow/example_dags/example_branch_datetime_operator.py for tasks to queue
[2024-03-12T12:05:44.683+0000] {logging_mixin.py:188} INFO - [2024-03-12T12:05:44.683+0000] {dagbag.py:540} INFO - Filling up the DagBag from /home/airflow/.local/lib/python3.8/site-packages/airflow/example_dags/example_branch_datetime_operator.py
[2024-03-12T12:05:44.691+0000] {processor.py:840} INFO - DAG(s) 'example_branch_datetime_operator_2', 'example_branch_datetime_operator', 'example_branch_datetime_operator_3' retrieved from /home/airflow/.local/lib/python3.8/site-packages/airflow/example_dags/example_branch_datetime_operator.py
[2024-03-12T12:05:44.717+0000] {logging_mixin.py:188} INFO - [2024-03-12T12:05:44.716+0000] {dag.py:3047} INFO - Sync 3 DAGs
[2024-03-12T12:05:44.747+0000] {logging_mixin.py:188} INFO - [2024-03-12T12:05:44.747+0000] {dag.py:3834} INFO - Setting next_dagrun for example_branch_datetime_operator to 2024-03-11 00:00:00+00:00, run_after=2024-03-12 00:00:00+00:00
[2024-03-12T12:05:44.758+0000] {logging_mixin.py:188} INFO - [2024-03-12T12:05:44.758+0000] {dag.py:3834} INFO - Setting next_dagrun for example_branch_datetime_operator_2 to 2024-03-11 00:00:00+00:00, run_after=2024-03-12 00:00:00+00:00
[2024-03-12T12:05:44.765+0000] {logging_mixin.py:188} INFO - [2024-03-12T12:05:44.765+0000] {dag.py:3834} INFO - Setting next_dagrun for example_branch_datetime_operator_3 to 2024-03-11 00:00:00+00:00, run_after=2024-03-12 00:00:00+00:00
[2024-03-12T12:05:44.801+0000] {processor.py:183} INFO - Processing /home/airflow/.local/lib/python3.8/site-packages/airflow/example_dags/example_branch_datetime_operator.py took 0.124 seconds
[2024-03-12T12:06:15.115+0000] {processor.py:161} INFO - Started process (PID=3902) to work on /home/airflow/.local/lib/python3.8/site-packages/airflow/example_dags/example_branch_datetime_operator.py
[2024-03-12T12:06:15.118+0000] {processor.py:830} INFO - Processing file /home/airflow/.local/lib/python3.8/site-packages/airflow/example_dags/example_branch_datetime_operator.py for tasks to queue
[2024-03-12T12:06:15.127+0000] {logging_mixin.py:188} INFO - [2024-03-12T12:06:15.125+0000] {dagbag.py:540} INFO - Filling up the DagBag from /home/airflow/.local/lib/python3.8/site-packages/airflow/example_dags/example_branch_datetime_operator.py
[2024-03-12T12:06:15.143+0000] {processor.py:840} INFO - DAG(s) 'example_branch_datetime_operator_2', 'example_branch_datetime_operator_3', 'example_branch_datetime_operator' retrieved from /home/airflow/.local/lib/python3.8/site-packages/airflow/example_dags/example_branch_datetime_operator.py
[2024-03-12T12:06:15.184+0000] {logging_mixin.py:188} INFO - [2024-03-12T12:06:15.183+0000] {dag.py:3047} INFO - Sync 3 DAGs
[2024-03-12T12:06:15.253+0000] {logging_mixin.py:188} INFO - [2024-03-12T12:06:15.252+0000] {dag.py:3834} INFO - Setting next_dagrun for example_branch_datetime_operator to 2024-03-11 00:00:00+00:00, run_after=2024-03-12 00:00:00+00:00
[2024-03-12T12:06:15.259+0000] {logging_mixin.py:188} INFO - [2024-03-12T12:06:15.258+0000] {dag.py:3834} INFO - Setting next_dagrun for example_branch_datetime_operator_2 to 2024-03-11 00:00:00+00:00, run_after=2024-03-12 00:00:00+00:00
[2024-03-12T12:06:15.263+0000] {logging_mixin.py:188} INFO - [2024-03-12T12:06:15.263+0000] {dag.py:3834} INFO - Setting next_dagrun for example_branch_datetime_operator_3 to 2024-03-11 00:00:00+00:00, run_after=2024-03-12 00:00:00+00:00
[2024-03-12T12:06:15.332+0000] {processor.py:183} INFO - Processing /home/airflow/.local/lib/python3.8/site-packages/airflow/example_dags/example_branch_datetime_operator.py took 0.220 seconds
[2024-03-12T12:06:45.716+0000] {processor.py:161} INFO - Started process (PID=4149) to work on /home/airflow/.local/lib/python3.8/site-packages/airflow/example_dags/example_branch_datetime_operator.py
[2024-03-12T12:06:45.717+0000] {processor.py:830} INFO - Processing file /home/airflow/.local/lib/python3.8/site-packages/airflow/example_dags/example_branch_datetime_operator.py for tasks to queue
[2024-03-12T12:06:45.719+0000] {logging_mixin.py:188} INFO - [2024-03-12T12:06:45.718+0000] {dagbag.py:540} INFO - Filling up the DagBag from /home/airflow/.local/lib/python3.8/site-packages/airflow/example_dags/example_branch_datetime_operator.py
[2024-03-12T12:06:45.726+0000] {processor.py:840} INFO - DAG(s) 'example_branch_datetime_operator_2', 'example_branch_datetime_operator_3', 'example_branch_datetime_operator' retrieved from /home/airflow/.local/lib/python3.8/site-packages/airflow/example_dags/example_branch_datetime_operator.py
[2024-03-12T12:06:45.765+0000] {logging_mixin.py:188} INFO - [2024-03-12T12:06:45.765+0000] {dag.py:3047} INFO - Sync 3 DAGs
[2024-03-12T12:06:45.840+0000] {logging_mixin.py:188} INFO - [2024-03-12T12:06:45.839+0000] {dag.py:3834} INFO - Setting next_dagrun for example_branch_datetime_operator to 2024-03-11 00:00:00+00:00, run_after=2024-03-12 00:00:00+00:00
[2024-03-12T12:06:45.845+0000] {logging_mixin.py:188} INFO - [2024-03-12T12:06:45.845+0000] {dag.py:3834} INFO - Setting next_dagrun for example_branch_datetime_operator_2 to 2024-03-11 00:00:00+00:00, run_after=2024-03-12 00:00:00+00:00
[2024-03-12T12:06:45.847+0000] {logging_mixin.py:188} INFO - [2024-03-12T12:06:45.847+0000] {dag.py:3834} INFO - Setting next_dagrun for example_branch_datetime_operator_3 to 2024-03-11 00:00:00+00:00, run_after=2024-03-12 00:00:00+00:00
[2024-03-12T12:06:45.860+0000] {processor.py:183} INFO - Processing /home/airflow/.local/lib/python3.8/site-packages/airflow/example_dags/example_branch_datetime_operator.py took 0.148 seconds
[2024-03-12T12:07:16.606+0000] {processor.py:161} INFO - Started process (PID=4396) to work on /home/airflow/.local/lib/python3.8/site-packages/airflow/example_dags/example_branch_datetime_operator.py
[2024-03-12T12:07:16.607+0000] {processor.py:830} INFO - Processing file /home/airflow/.local/lib/python3.8/site-packages/airflow/example_dags/example_branch_datetime_operator.py for tasks to queue
[2024-03-12T12:07:16.608+0000] {logging_mixin.py:188} INFO - [2024-03-12T12:07:16.608+0000] {dagbag.py:540} INFO - Filling up the DagBag from /home/airflow/.local/lib/python3.8/site-packages/airflow/example_dags/example_branch_datetime_operator.py
[2024-03-12T12:07:16.615+0000] {processor.py:840} INFO - DAG(s) 'example_branch_datetime_operator', 'example_branch_datetime_operator_3', 'example_branch_datetime_operator_2' retrieved from /home/airflow/.local/lib/python3.8/site-packages/airflow/example_dags/example_branch_datetime_operator.py
[2024-03-12T12:07:16.639+0000] {logging_mixin.py:188} INFO - [2024-03-12T12:07:16.639+0000] {dag.py:3047} INFO - Sync 3 DAGs
[2024-03-12T12:07:16.652+0000] {logging_mixin.py:188} INFO - [2024-03-12T12:07:16.652+0000] {dag.py:3834} INFO - Setting next_dagrun for example_branch_datetime_operator to 2024-03-11 00:00:00+00:00, run_after=2024-03-12 00:00:00+00:00
[2024-03-12T12:07:16.655+0000] {logging_mixin.py:188} INFO - [2024-03-12T12:07:16.655+0000] {dag.py:3834} INFO - Setting next_dagrun for example_branch_datetime_operator_2 to 2024-03-11 00:00:00+00:00, run_after=2024-03-12 00:00:00+00:00
[2024-03-12T12:07:16.657+0000] {logging_mixin.py:188} INFO - [2024-03-12T12:07:16.657+0000] {dag.py:3834} INFO - Setting next_dagrun for example_branch_datetime_operator_3 to 2024-03-11 00:00:00+00:00, run_after=2024-03-12 00:00:00+00:00
[2024-03-12T12:07:16.666+0000] {processor.py:183} INFO - Processing /home/airflow/.local/lib/python3.8/site-packages/airflow/example_dags/example_branch_datetime_operator.py took 0.063 seconds
[2024-03-12T12:07:47.056+0000] {processor.py:161} INFO - Started process (PID=4643) to work on /home/airflow/.local/lib/python3.8/site-packages/airflow/example_dags/example_branch_datetime_operator.py
[2024-03-12T12:07:47.057+0000] {processor.py:830} INFO - Processing file /home/airflow/.local/lib/python3.8/site-packages/airflow/example_dags/example_branch_datetime_operator.py for tasks to queue
[2024-03-12T12:07:47.058+0000] {logging_mixin.py:188} INFO - [2024-03-12T12:07:47.058+0000] {dagbag.py:540} INFO - Filling up the DagBag from /home/airflow/.local/lib/python3.8/site-packages/airflow/example_dags/example_branch_datetime_operator.py
[2024-03-12T12:07:47.065+0000] {processor.py:840} INFO - DAG(s) 'example_branch_datetime_operator', 'example_branch_datetime_operator_2', 'example_branch_datetime_operator_3' retrieved from /home/airflow/.local/lib/python3.8/site-packages/airflow/example_dags/example_branch_datetime_operator.py
[2024-03-12T12:07:47.085+0000] {logging_mixin.py:188} INFO - [2024-03-12T12:07:47.085+0000] {dag.py:3047} INFO - Sync 3 DAGs
[2024-03-12T12:07:47.098+0000] {logging_mixin.py:188} INFO - [2024-03-12T12:07:47.098+0000] {dag.py:3834} INFO - Setting next_dagrun for example_branch_datetime_operator to 2024-03-11 00:00:00+00:00, run_after=2024-03-12 00:00:00+00:00
[2024-03-12T12:07:47.101+0000] {logging_mixin.py:188} INFO - [2024-03-12T12:07:47.101+0000] {dag.py:3834} INFO - Setting next_dagrun for example_branch_datetime_operator_2 to 2024-03-11 00:00:00+00:00, run_after=2024-03-12 00:00:00+00:00
[2024-03-12T12:07:47.103+0000] {logging_mixin.py:188} INFO - [2024-03-12T12:07:47.103+0000] {dag.py:3834} INFO - Setting next_dagrun for example_branch_datetime_operator_3 to 2024-03-11 00:00:00+00:00, run_after=2024-03-12 00:00:00+00:00
[2024-03-12T12:07:47.113+0000] {processor.py:183} INFO - Processing /home/airflow/.local/lib/python3.8/site-packages/airflow/example_dags/example_branch_datetime_operator.py took 0.060 seconds
[2024-03-12T12:08:17.465+0000] {processor.py:161} INFO - Started process (PID=4890) to work on /home/airflow/.local/lib/python3.8/site-packages/airflow/example_dags/example_branch_datetime_operator.py
[2024-03-12T12:08:17.466+0000] {processor.py:830} INFO - Processing file /home/airflow/.local/lib/python3.8/site-packages/airflow/example_dags/example_branch_datetime_operator.py for tasks to queue
[2024-03-12T12:08:17.467+0000] {logging_mixin.py:188} INFO - [2024-03-12T12:08:17.467+0000] {dagbag.py:540} INFO - Filling up the DagBag from /home/airflow/.local/lib/python3.8/site-packages/airflow/example_dags/example_branch_datetime_operator.py
[2024-03-12T12:08:17.474+0000] {processor.py:840} INFO - DAG(s) 'example_branch_datetime_operator_3', 'example_branch_datetime_operator', 'example_branch_datetime_operator_2' retrieved from /home/airflow/.local/lib/python3.8/site-packages/airflow/example_dags/example_branch_datetime_operator.py
[2024-03-12T12:08:17.493+0000] {logging_mixin.py:188} INFO - [2024-03-12T12:08:17.493+0000] {dag.py:3047} INFO - Sync 3 DAGs
[2024-03-12T12:08:17.506+0000] {logging_mixin.py:188} INFO - [2024-03-12T12:08:17.506+0000] {dag.py:3834} INFO - Setting next_dagrun for example_branch_datetime_operator to 2024-03-11 00:00:00+00:00, run_after=2024-03-12 00:00:00+00:00
[2024-03-12T12:08:17.509+0000] {logging_mixin.py:188} INFO - [2024-03-12T12:08:17.509+0000] {dag.py:3834} INFO - Setting next_dagrun for example_branch_datetime_operator_2 to 2024-03-11 00:00:00+00:00, run_after=2024-03-12 00:00:00+00:00
[2024-03-12T12:08:17.511+0000] {logging_mixin.py:188} INFO - [2024-03-12T12:08:17.511+0000] {dag.py:3834} INFO - Setting next_dagrun for example_branch_datetime_operator_3 to 2024-03-11 00:00:00+00:00, run_after=2024-03-12 00:00:00+00:00
[2024-03-12T12:08:17.520+0000] {processor.py:183} INFO - Processing /home/airflow/.local/lib/python3.8/site-packages/airflow/example_dags/example_branch_datetime_operator.py took 0.058 seconds
[2024-03-12T12:08:47.994+0000] {processor.py:161} INFO - Started process (PID=5135) to work on /home/airflow/.local/lib/python3.8/site-packages/airflow/example_dags/example_branch_datetime_operator.py
[2024-03-12T12:08:47.995+0000] {processor.py:830} INFO - Processing file /home/airflow/.local/lib/python3.8/site-packages/airflow/example_dags/example_branch_datetime_operator.py for tasks to queue
[2024-03-12T12:08:47.996+0000] {logging_mixin.py:188} INFO - [2024-03-12T12:08:47.996+0000] {dagbag.py:540} INFO - Filling up the DagBag from /home/airflow/.local/lib/python3.8/site-packages/airflow/example_dags/example_branch_datetime_operator.py
[2024-03-12T12:08:48.003+0000] {processor.py:840} INFO - DAG(s) 'example_branch_datetime_operator_2', 'example_branch_datetime_operator_3', 'example_branch_datetime_operator' retrieved from /home/airflow/.local/lib/python3.8/site-packages/airflow/example_dags/example_branch_datetime_operator.py
[2024-03-12T12:08:48.025+0000] {logging_mixin.py:188} INFO - [2024-03-12T12:08:48.025+0000] {dag.py:3047} INFO - Sync 3 DAGs
[2024-03-12T12:08:48.040+0000] {logging_mixin.py:188} INFO - [2024-03-12T12:08:48.040+0000] {dag.py:3834} INFO - Setting next_dagrun for example_branch_datetime_operator to 2024-03-11 00:00:00+00:00, run_after=2024-03-12 00:00:00+00:00
[2024-03-12T12:08:48.044+0000] {logging_mixin.py:188} INFO - [2024-03-12T12:08:48.044+0000] {dag.py:3834} INFO - Setting next_dagrun for example_branch_datetime_operator_2 to 2024-03-11 00:00:00+00:00, run_after=2024-03-12 00:00:00+00:00
[2024-03-12T12:08:48.046+0000] {logging_mixin.py:188} INFO - [2024-03-12T12:08:48.046+0000] {dag.py:3834} INFO - Setting next_dagrun for example_branch_datetime_operator_3 to 2024-03-11 00:00:00+00:00, run_after=2024-03-12 00:00:00+00:00
[2024-03-12T12:08:48.057+0000] {processor.py:183} INFO - Processing /home/airflow/.local/lib/python3.8/site-packages/airflow/example_dags/example_branch_datetime_operator.py took 0.066 seconds
[2024-03-12T12:09:18.667+0000] {processor.py:161} INFO - Started process (PID=5384) to work on /home/airflow/.local/lib/python3.8/site-packages/airflow/example_dags/example_branch_datetime_operator.py
[2024-03-12T12:09:18.668+0000] {processor.py:830} INFO - Processing file /home/airflow/.local/lib/python3.8/site-packages/airflow/example_dags/example_branch_datetime_operator.py for tasks to queue
[2024-03-12T12:09:18.669+0000] {logging_mixin.py:188} INFO - [2024-03-12T12:09:18.669+0000] {dagbag.py:540} INFO - Filling up the DagBag from /home/airflow/.local/lib/python3.8/site-packages/airflow/example_dags/example_branch_datetime_operator.py
[2024-03-12T12:09:18.676+0000] {processor.py:840} INFO - DAG(s) 'example_branch_datetime_operator_2', 'example_branch_datetime_operator_3', 'example_branch_datetime_operator' retrieved from /home/airflow/.local/lib/python3.8/site-packages/airflow/example_dags/example_branch_datetime_operator.py
[2024-03-12T12:09:18.699+0000] {logging_mixin.py:188} INFO - [2024-03-12T12:09:18.699+0000] {dag.py:3047} INFO - Sync 3 DAGs
[2024-03-12T12:09:18.713+0000] {logging_mixin.py:188} INFO - [2024-03-12T12:09:18.713+0000] {dag.py:3834} INFO - Setting next_dagrun for example_branch_datetime_operator to 2024-03-11 00:00:00+00:00, run_after=2024-03-12 00:00:00+00:00
[2024-03-12T12:09:18.717+0000] {logging_mixin.py:188} INFO - [2024-03-12T12:09:18.717+0000] {dag.py:3834} INFO - Setting next_dagrun for example_branch_datetime_operator_2 to 2024-03-11 00:00:00+00:00, run_after=2024-03-12 00:00:00+00:00
[2024-03-12T12:09:18.718+0000] {logging_mixin.py:188} INFO - [2024-03-12T12:09:18.718+0000] {dag.py:3834} INFO - Setting next_dagrun for example_branch_datetime_operator_3 to 2024-03-11 00:00:00+00:00, run_after=2024-03-12 00:00:00+00:00
[2024-03-12T12:09:18.727+0000] {processor.py:183} INFO - Processing /home/airflow/.local/lib/python3.8/site-packages/airflow/example_dags/example_branch_datetime_operator.py took 0.066 seconds
[2024-03-12T12:09:49.193+0000] {processor.py:161} INFO - Started process (PID=5629) to work on /home/airflow/.local/lib/python3.8/site-packages/airflow/example_dags/example_branch_datetime_operator.py
[2024-03-12T12:09:49.194+0000] {processor.py:830} INFO - Processing file /home/airflow/.local/lib/python3.8/site-packages/airflow/example_dags/example_branch_datetime_operator.py for tasks to queue
[2024-03-12T12:09:49.195+0000] {logging_mixin.py:188} INFO - [2024-03-12T12:09:49.195+0000] {dagbag.py:540} INFO - Filling up the DagBag from /home/airflow/.local/lib/python3.8/site-packages/airflow/example_dags/example_branch_datetime_operator.py
[2024-03-12T12:09:49.204+0000] {processor.py:840} INFO - DAG(s) 'example_branch_datetime_operator', 'example_branch_datetime_operator_3', 'example_branch_datetime_operator_2' retrieved from /home/airflow/.local/lib/python3.8/site-packages/airflow/example_dags/example_branch_datetime_operator.py
[2024-03-12T12:09:49.226+0000] {logging_mixin.py:188} INFO - [2024-03-12T12:09:49.226+0000] {dag.py:3047} INFO - Sync 3 DAGs
[2024-03-12T12:09:49.240+0000] {logging_mixin.py:188} INFO - [2024-03-12T12:09:49.239+0000] {dag.py:3834} INFO - Setting next_dagrun for example_branch_datetime_operator to 2024-03-11 00:00:00+00:00, run_after=2024-03-12 00:00:00+00:00
[2024-03-12T12:09:49.243+0000] {logging_mixin.py:188} INFO - [2024-03-12T12:09:49.243+0000] {dag.py:3834} INFO - Setting next_dagrun for example_branch_datetime_operator_2 to 2024-03-11 00:00:00+00:00, run_after=2024-03-12 00:00:00+00:00
[2024-03-12T12:09:49.245+0000] {logging_mixin.py:188} INFO - [2024-03-12T12:09:49.245+0000] {dag.py:3834} INFO - Setting next_dagrun for example_branch_datetime_operator_3 to 2024-03-11 00:00:00+00:00, run_after=2024-03-12 00:00:00+00:00
[2024-03-12T12:09:49.260+0000] {processor.py:183} INFO - Processing /home/airflow/.local/lib/python3.8/site-packages/airflow/example_dags/example_branch_datetime_operator.py took 0.070 seconds
[2024-03-12T12:10:20.416+0000] {processor.py:161} INFO - Started process (PID=5878) to work on /home/airflow/.local/lib/python3.8/site-packages/airflow/example_dags/example_branch_datetime_operator.py
[2024-03-12T12:10:20.418+0000] {processor.py:830} INFO - Processing file /home/airflow/.local/lib/python3.8/site-packages/airflow/example_dags/example_branch_datetime_operator.py for tasks to queue
[2024-03-12T12:10:20.420+0000] {logging_mixin.py:188} INFO - [2024-03-12T12:10:20.419+0000] {dagbag.py:540} INFO - Filling up the DagBag from /home/airflow/.local/lib/python3.8/site-packages/airflow/example_dags/example_branch_datetime_operator.py
[2024-03-12T12:10:20.428+0000] {processor.py:840} INFO - DAG(s) 'example_branch_datetime_operator', 'example_branch_datetime_operator_3', 'example_branch_datetime_operator_2' retrieved from /home/airflow/.local/lib/python3.8/site-packages/airflow/example_dags/example_branch_datetime_operator.py
[2024-03-12T12:10:20.450+0000] {logging_mixin.py:188} INFO - [2024-03-12T12:10:20.450+0000] {dag.py:3047} INFO - Sync 3 DAGs
[2024-03-12T12:10:20.464+0000] {logging_mixin.py:188} INFO - [2024-03-12T12:10:20.464+0000] {dag.py:3834} INFO - Setting next_dagrun for example_branch_datetime_operator to 2024-03-11 00:00:00+00:00, run_after=2024-03-12 00:00:00+00:00
[2024-03-12T12:10:20.467+0000] {logging_mixin.py:188} INFO - [2024-03-12T12:10:20.467+0000] {dag.py:3834} INFO - Setting next_dagrun for example_branch_datetime_operator_2 to 2024-03-11 00:00:00+00:00, run_after=2024-03-12 00:00:00+00:00
[2024-03-12T12:10:20.469+0000] {logging_mixin.py:188} INFO - [2024-03-12T12:10:20.469+0000] {dag.py:3834} INFO - Setting next_dagrun for example_branch_datetime_operator_3 to 2024-03-11 00:00:00+00:00, run_after=2024-03-12 00:00:00+00:00
[2024-03-12T12:10:20.480+0000] {processor.py:183} INFO - Processing /home/airflow/.local/lib/python3.8/site-packages/airflow/example_dags/example_branch_datetime_operator.py took 0.067 seconds
[2024-03-12T12:10:50.974+0000] {processor.py:161} INFO - Started process (PID=6125) to work on /home/airflow/.local/lib/python3.8/site-packages/airflow/example_dags/example_branch_datetime_operator.py
[2024-03-12T12:10:50.976+0000] {processor.py:830} INFO - Processing file /home/airflow/.local/lib/python3.8/site-packages/airflow/example_dags/example_branch_datetime_operator.py for tasks to queue
[2024-03-12T12:10:50.977+0000] {logging_mixin.py:188} INFO - [2024-03-12T12:10:50.976+0000] {dagbag.py:540} INFO - Filling up the DagBag from /home/airflow/.local/lib/python3.8/site-packages/airflow/example_dags/example_branch_datetime_operator.py
[2024-03-12T12:10:50.989+0000] {processor.py:840} INFO - DAG(s) 'example_branch_datetime_operator_2', 'example_branch_datetime_operator', 'example_branch_datetime_operator_3' retrieved from /home/airflow/.local/lib/python3.8/site-packages/airflow/example_dags/example_branch_datetime_operator.py
[2024-03-12T12:10:51.013+0000] {logging_mixin.py:188} INFO - [2024-03-12T12:10:51.012+0000] {dag.py:3047} INFO - Sync 3 DAGs
[2024-03-12T12:10:51.032+0000] {logging_mixin.py:188} INFO - [2024-03-12T12:10:51.031+0000] {dag.py:3834} INFO - Setting next_dagrun for example_branch_datetime_operator to 2024-03-11 00:00:00+00:00, run_after=2024-03-12 00:00:00+00:00
[2024-03-12T12:10:51.035+0000] {logging_mixin.py:188} INFO - [2024-03-12T12:10:51.035+0000] {dag.py:3834} INFO - Setting next_dagrun for example_branch_datetime_operator_2 to 2024-03-11 00:00:00+00:00, run_after=2024-03-12 00:00:00+00:00
[2024-03-12T12:10:51.037+0000] {logging_mixin.py:188} INFO - [2024-03-12T12:10:51.037+0000] {dag.py:3834} INFO - Setting next_dagrun for example_branch_datetime_operator_3 to 2024-03-11 00:00:00+00:00, run_after=2024-03-12 00:00:00+00:00
[2024-03-12T12:10:51.047+0000] {processor.py:183} INFO - Processing /home/airflow/.local/lib/python3.8/site-packages/airflow/example_dags/example_branch_datetime_operator.py took 0.076 seconds
