[2024-03-12T11:50:05.061+0000] {processor.py:161} INFO - Started process (PID=264) to work on /home/airflow/.local/lib/python3.8/site-packages/airflow/example_dags/example_nested_branch_dag.py
[2024-03-12T11:50:05.062+0000] {processor.py:830} INFO - Processing file /home/airflow/.local/lib/python3.8/site-packages/airflow/example_dags/example_nested_branch_dag.py for tasks to queue
[2024-03-12T11:50:05.063+0000] {logging_mixin.py:188} INFO - [2024-03-12T11:50:05.063+0000] {dagbag.py:540} INFO - Filling up the DagBag from /home/airflow/.local/lib/python3.8/site-packages/airflow/example_dags/example_nested_branch_dag.py
[2024-03-12T11:50:05.072+0000] {processor.py:840} INFO - DAG(s) 'example_nested_branch_dag' retrieved from /home/airflow/.local/lib/python3.8/site-packages/airflow/example_dags/example_nested_branch_dag.py
[2024-03-12T11:50:05.091+0000] {logging_mixin.py:188} INFO - [2024-03-12T11:50:05.091+0000] {dag.py:3047} INFO - Sync 1 DAGs
[2024-03-12T11:50:05.105+0000] {logging_mixin.py:188} INFO - [2024-03-12T11:50:05.104+0000] {dag.py:3834} INFO - Setting next_dagrun for example_nested_branch_dag to 2024-03-11 00:00:00+00:00, run_after=2024-03-12 00:00:00+00:00
[2024-03-12T11:50:05.116+0000] {processor.py:183} INFO - Processing /home/airflow/.local/lib/python3.8/site-packages/airflow/example_dags/example_nested_branch_dag.py took 0.058 seconds
[2024-03-12T11:50:36.136+0000] {processor.py:161} INFO - Started process (PID=513) to work on /home/airflow/.local/lib/python3.8/site-packages/airflow/example_dags/example_nested_branch_dag.py
[2024-03-12T11:50:36.138+0000] {processor.py:830} INFO - Processing file /home/airflow/.local/lib/python3.8/site-packages/airflow/example_dags/example_nested_branch_dag.py for tasks to queue
[2024-03-12T11:50:36.139+0000] {logging_mixin.py:188} INFO - [2024-03-12T11:50:36.138+0000] {dagbag.py:540} INFO - Filling up the DagBag from /home/airflow/.local/lib/python3.8/site-packages/airflow/example_dags/example_nested_branch_dag.py
[2024-03-12T11:50:36.146+0000] {processor.py:840} INFO - DAG(s) 'example_nested_branch_dag' retrieved from /home/airflow/.local/lib/python3.8/site-packages/airflow/example_dags/example_nested_branch_dag.py
[2024-03-12T11:50:36.165+0000] {logging_mixin.py:188} INFO - [2024-03-12T11:50:36.165+0000] {dag.py:3047} INFO - Sync 1 DAGs
[2024-03-12T11:50:36.181+0000] {logging_mixin.py:188} INFO - [2024-03-12T11:50:36.180+0000] {dag.py:3834} INFO - Setting next_dagrun for example_nested_branch_dag to 2024-03-11 00:00:00+00:00, run_after=2024-03-12 00:00:00+00:00
[2024-03-12T11:50:36.195+0000] {processor.py:183} INFO - Processing /home/airflow/.local/lib/python3.8/site-packages/airflow/example_dags/example_nested_branch_dag.py took 0.062 seconds
[2024-03-12T11:51:06.598+0000] {processor.py:161} INFO - Started process (PID=760) to work on /home/airflow/.local/lib/python3.8/site-packages/airflow/example_dags/example_nested_branch_dag.py
[2024-03-12T11:51:06.600+0000] {processor.py:830} INFO - Processing file /home/airflow/.local/lib/python3.8/site-packages/airflow/example_dags/example_nested_branch_dag.py for tasks to queue
[2024-03-12T11:51:06.602+0000] {logging_mixin.py:188} INFO - [2024-03-12T11:51:06.602+0000] {dagbag.py:540} INFO - Filling up the DagBag from /home/airflow/.local/lib/python3.8/site-packages/airflow/example_dags/example_nested_branch_dag.py
[2024-03-12T11:51:06.622+0000] {processor.py:840} INFO - DAG(s) 'example_nested_branch_dag' retrieved from /home/airflow/.local/lib/python3.8/site-packages/airflow/example_dags/example_nested_branch_dag.py
[2024-03-12T11:51:06.643+0000] {logging_mixin.py:188} INFO - [2024-03-12T11:51:06.643+0000] {dag.py:3047} INFO - Sync 1 DAGs
[2024-03-12T11:51:06.662+0000] {logging_mixin.py:188} INFO - [2024-03-12T11:51:06.661+0000] {dag.py:3834} INFO - Setting next_dagrun for example_nested_branch_dag to 2024-03-11 00:00:00+00:00, run_after=2024-03-12 00:00:00+00:00
[2024-03-12T11:51:06.674+0000] {processor.py:183} INFO - Processing /home/airflow/.local/lib/python3.8/site-packages/airflow/example_dags/example_nested_branch_dag.py took 0.079 seconds
[2024-03-12T11:51:37.173+0000] {processor.py:161} INFO - Started process (PID=1006) to work on /home/airflow/.local/lib/python3.8/site-packages/airflow/example_dags/example_nested_branch_dag.py
[2024-03-12T11:51:37.175+0000] {processor.py:830} INFO - Processing file /home/airflow/.local/lib/python3.8/site-packages/airflow/example_dags/example_nested_branch_dag.py for tasks to queue
[2024-03-12T11:51:37.176+0000] {logging_mixin.py:188} INFO - [2024-03-12T11:51:37.176+0000] {dagbag.py:540} INFO - Filling up the DagBag from /home/airflow/.local/lib/python3.8/site-packages/airflow/example_dags/example_nested_branch_dag.py
[2024-03-12T11:51:37.184+0000] {processor.py:840} INFO - DAG(s) 'example_nested_branch_dag' retrieved from /home/airflow/.local/lib/python3.8/site-packages/airflow/example_dags/example_nested_branch_dag.py
[2024-03-12T11:51:37.204+0000] {logging_mixin.py:188} INFO - [2024-03-12T11:51:37.204+0000] {dag.py:3047} INFO - Sync 1 DAGs
[2024-03-12T11:51:37.218+0000] {logging_mixin.py:188} INFO - [2024-03-12T11:51:37.217+0000] {dag.py:3834} INFO - Setting next_dagrun for example_nested_branch_dag to 2024-03-11 00:00:00+00:00, run_after=2024-03-12 00:00:00+00:00
[2024-03-12T11:51:37.230+0000] {processor.py:183} INFO - Processing /home/airflow/.local/lib/python3.8/site-packages/airflow/example_dags/example_nested_branch_dag.py took 0.061 seconds
[2024-03-12T11:52:07.957+0000] {processor.py:161} INFO - Started process (PID=1252) to work on /home/airflow/.local/lib/python3.8/site-packages/airflow/example_dags/example_nested_branch_dag.py
[2024-03-12T11:52:07.959+0000] {processor.py:830} INFO - Processing file /home/airflow/.local/lib/python3.8/site-packages/airflow/example_dags/example_nested_branch_dag.py for tasks to queue
[2024-03-12T11:52:07.960+0000] {logging_mixin.py:188} INFO - [2024-03-12T11:52:07.959+0000] {dagbag.py:540} INFO - Filling up the DagBag from /home/airflow/.local/lib/python3.8/site-packages/airflow/example_dags/example_nested_branch_dag.py
[2024-03-12T11:52:07.967+0000] {processor.py:840} INFO - DAG(s) 'example_nested_branch_dag' retrieved from /home/airflow/.local/lib/python3.8/site-packages/airflow/example_dags/example_nested_branch_dag.py
[2024-03-12T11:52:07.985+0000] {logging_mixin.py:188} INFO - [2024-03-12T11:52:07.984+0000] {dag.py:3047} INFO - Sync 1 DAGs
[2024-03-12T11:52:08.006+0000] {logging_mixin.py:188} INFO - [2024-03-12T11:52:08.005+0000] {dag.py:3834} INFO - Setting next_dagrun for example_nested_branch_dag to 2024-03-11 00:00:00+00:00, run_after=2024-03-12 00:00:00+00:00
[2024-03-12T11:52:08.020+0000] {processor.py:183} INFO - Processing /home/airflow/.local/lib/python3.8/site-packages/airflow/example_dags/example_nested_branch_dag.py took 0.066 seconds
[2024-03-12T11:52:39.023+0000] {processor.py:161} INFO - Started process (PID=1499) to work on /home/airflow/.local/lib/python3.8/site-packages/airflow/example_dags/example_nested_branch_dag.py
[2024-03-12T11:52:39.025+0000] {processor.py:830} INFO - Processing file /home/airflow/.local/lib/python3.8/site-packages/airflow/example_dags/example_nested_branch_dag.py for tasks to queue
[2024-03-12T11:52:39.026+0000] {logging_mixin.py:188} INFO - [2024-03-12T11:52:39.025+0000] {dagbag.py:540} INFO - Filling up the DagBag from /home/airflow/.local/lib/python3.8/site-packages/airflow/example_dags/example_nested_branch_dag.py
[2024-03-12T11:52:39.038+0000] {processor.py:840} INFO - DAG(s) 'example_nested_branch_dag' retrieved from /home/airflow/.local/lib/python3.8/site-packages/airflow/example_dags/example_nested_branch_dag.py
[2024-03-12T11:52:39.070+0000] {logging_mixin.py:188} INFO - [2024-03-12T11:52:39.070+0000] {dag.py:3047} INFO - Sync 1 DAGs
[2024-03-12T11:52:39.088+0000] {logging_mixin.py:188} INFO - [2024-03-12T11:52:39.088+0000] {dag.py:3834} INFO - Setting next_dagrun for example_nested_branch_dag to 2024-03-11 00:00:00+00:00, run_after=2024-03-12 00:00:00+00:00
[2024-03-12T11:52:39.101+0000] {processor.py:183} INFO - Processing /home/airflow/.local/lib/python3.8/site-packages/airflow/example_dags/example_nested_branch_dag.py took 0.084 seconds
[2024-03-12T11:53:09.395+0000] {processor.py:161} INFO - Started process (PID=1746) to work on /home/airflow/.local/lib/python3.8/site-packages/airflow/example_dags/example_nested_branch_dag.py
[2024-03-12T11:53:09.397+0000] {processor.py:830} INFO - Processing file /home/airflow/.local/lib/python3.8/site-packages/airflow/example_dags/example_nested_branch_dag.py for tasks to queue
[2024-03-12T11:53:09.399+0000] {logging_mixin.py:188} INFO - [2024-03-12T11:53:09.399+0000] {dagbag.py:540} INFO - Filling up the DagBag from /home/airflow/.local/lib/python3.8/site-packages/airflow/example_dags/example_nested_branch_dag.py
[2024-03-12T11:53:09.406+0000] {processor.py:840} INFO - DAG(s) 'example_nested_branch_dag' retrieved from /home/airflow/.local/lib/python3.8/site-packages/airflow/example_dags/example_nested_branch_dag.py
[2024-03-12T11:53:09.426+0000] {logging_mixin.py:188} INFO - [2024-03-12T11:53:09.425+0000] {dag.py:3047} INFO - Sync 1 DAGs
[2024-03-12T11:53:09.441+0000] {logging_mixin.py:188} INFO - [2024-03-12T11:53:09.440+0000] {dag.py:3834} INFO - Setting next_dagrun for example_nested_branch_dag to 2024-03-11 00:00:00+00:00, run_after=2024-03-12 00:00:00+00:00
[2024-03-12T11:53:09.452+0000] {processor.py:183} INFO - Processing /home/airflow/.local/lib/python3.8/site-packages/airflow/example_dags/example_nested_branch_dag.py took 0.063 seconds
[2024-03-12T11:53:40.409+0000] {processor.py:161} INFO - Started process (PID=1995) to work on /home/airflow/.local/lib/python3.8/site-packages/airflow/example_dags/example_nested_branch_dag.py
[2024-03-12T11:53:40.410+0000] {processor.py:830} INFO - Processing file /home/airflow/.local/lib/python3.8/site-packages/airflow/example_dags/example_nested_branch_dag.py for tasks to queue
[2024-03-12T11:53:40.411+0000] {logging_mixin.py:188} INFO - [2024-03-12T11:53:40.411+0000] {dagbag.py:540} INFO - Filling up the DagBag from /home/airflow/.local/lib/python3.8/site-packages/airflow/example_dags/example_nested_branch_dag.py
[2024-03-12T11:53:40.419+0000] {processor.py:840} INFO - DAG(s) 'example_nested_branch_dag' retrieved from /home/airflow/.local/lib/python3.8/site-packages/airflow/example_dags/example_nested_branch_dag.py
[2024-03-12T11:53:40.439+0000] {logging_mixin.py:188} INFO - [2024-03-12T11:53:40.439+0000] {dag.py:3047} INFO - Sync 1 DAGs
[2024-03-12T11:53:40.456+0000] {logging_mixin.py:188} INFO - [2024-03-12T11:53:40.456+0000] {dag.py:3834} INFO - Setting next_dagrun for example_nested_branch_dag to 2024-03-11 00:00:00+00:00, run_after=2024-03-12 00:00:00+00:00
[2024-03-12T11:53:40.469+0000] {processor.py:183} INFO - Processing /home/airflow/.local/lib/python3.8/site-packages/airflow/example_dags/example_nested_branch_dag.py took 0.063 seconds
[2024-03-12T11:54:12.124+0000] {processor.py:161} INFO - Started process (PID=2240) to work on /home/airflow/.local/lib/python3.8/site-packages/airflow/example_dags/example_nested_branch_dag.py
[2024-03-12T11:54:12.128+0000] {processor.py:830} INFO - Processing file /home/airflow/.local/lib/python3.8/site-packages/airflow/example_dags/example_nested_branch_dag.py for tasks to queue
[2024-03-12T11:54:12.130+0000] {logging_mixin.py:188} INFO - [2024-03-12T11:54:12.130+0000] {dagbag.py:540} INFO - Filling up the DagBag from /home/airflow/.local/lib/python3.8/site-packages/airflow/example_dags/example_nested_branch_dag.py
[2024-03-12T11:54:12.164+0000] {processor.py:840} INFO - DAG(s) 'example_nested_branch_dag' retrieved from /home/airflow/.local/lib/python3.8/site-packages/airflow/example_dags/example_nested_branch_dag.py
[2024-03-12T11:54:12.227+0000] {logging_mixin.py:188} INFO - [2024-03-12T11:54:12.227+0000] {dag.py:3047} INFO - Sync 1 DAGs
[2024-03-12T11:54:12.257+0000] {logging_mixin.py:188} INFO - [2024-03-12T11:54:12.257+0000] {dag.py:3834} INFO - Setting next_dagrun for example_nested_branch_dag to 2024-03-11 00:00:00+00:00, run_after=2024-03-12 00:00:00+00:00
[2024-03-12T11:54:12.281+0000] {processor.py:183} INFO - Processing /home/airflow/.local/lib/python3.8/site-packages/airflow/example_dags/example_nested_branch_dag.py took 0.162 seconds
[2024-03-12T11:54:42.841+0000] {processor.py:161} INFO - Started process (PID=2487) to work on /home/airflow/.local/lib/python3.8/site-packages/airflow/example_dags/example_nested_branch_dag.py
[2024-03-12T11:54:42.843+0000] {processor.py:830} INFO - Processing file /home/airflow/.local/lib/python3.8/site-packages/airflow/example_dags/example_nested_branch_dag.py for tasks to queue
[2024-03-12T11:54:42.844+0000] {logging_mixin.py:188} INFO - [2024-03-12T11:54:42.844+0000] {dagbag.py:540} INFO - Filling up the DagBag from /home/airflow/.local/lib/python3.8/site-packages/airflow/example_dags/example_nested_branch_dag.py
[2024-03-12T11:54:42.855+0000] {processor.py:840} INFO - DAG(s) 'example_nested_branch_dag' retrieved from /home/airflow/.local/lib/python3.8/site-packages/airflow/example_dags/example_nested_branch_dag.py
[2024-03-12T11:54:42.884+0000] {logging_mixin.py:188} INFO - [2024-03-12T11:54:42.884+0000] {dag.py:3047} INFO - Sync 1 DAGs
[2024-03-12T11:54:42.904+0000] {logging_mixin.py:188} INFO - [2024-03-12T11:54:42.903+0000] {dag.py:3834} INFO - Setting next_dagrun for example_nested_branch_dag to 2024-03-11 00:00:00+00:00, run_after=2024-03-12 00:00:00+00:00
[2024-03-12T11:54:42.916+0000] {processor.py:183} INFO - Processing /home/airflow/.local/lib/python3.8/site-packages/airflow/example_dags/example_nested_branch_dag.py took 0.078 seconds
[2024-03-12T11:55:13.020+0000] {processor.py:161} INFO - Started process (PID=2734) to work on /home/airflow/.local/lib/python3.8/site-packages/airflow/example_dags/example_nested_branch_dag.py
[2024-03-12T11:55:13.021+0000] {processor.py:830} INFO - Processing file /home/airflow/.local/lib/python3.8/site-packages/airflow/example_dags/example_nested_branch_dag.py for tasks to queue
[2024-03-12T11:55:13.022+0000] {logging_mixin.py:188} INFO - [2024-03-12T11:55:13.022+0000] {dagbag.py:540} INFO - Filling up the DagBag from /home/airflow/.local/lib/python3.8/site-packages/airflow/example_dags/example_nested_branch_dag.py
[2024-03-12T11:55:13.029+0000] {processor.py:840} INFO - DAG(s) 'example_nested_branch_dag' retrieved from /home/airflow/.local/lib/python3.8/site-packages/airflow/example_dags/example_nested_branch_dag.py
[2024-03-12T11:55:13.047+0000] {logging_mixin.py:188} INFO - [2024-03-12T11:55:13.047+0000] {dag.py:3047} INFO - Sync 1 DAGs
[2024-03-12T11:55:13.060+0000] {logging_mixin.py:188} INFO - [2024-03-12T11:55:13.059+0000] {dag.py:3834} INFO - Setting next_dagrun for example_nested_branch_dag to 2024-03-11 00:00:00+00:00, run_after=2024-03-12 00:00:00+00:00
[2024-03-12T11:55:13.072+0000] {processor.py:183} INFO - Processing /home/airflow/.local/lib/python3.8/site-packages/airflow/example_dags/example_nested_branch_dag.py took 0.055 seconds
[2024-03-12T11:55:43.819+0000] {processor.py:161} INFO - Started process (PID=2981) to work on /home/airflow/.local/lib/python3.8/site-packages/airflow/example_dags/example_nested_branch_dag.py
[2024-03-12T11:55:43.820+0000] {processor.py:830} INFO - Processing file /home/airflow/.local/lib/python3.8/site-packages/airflow/example_dags/example_nested_branch_dag.py for tasks to queue
[2024-03-12T11:55:43.821+0000] {logging_mixin.py:188} INFO - [2024-03-12T11:55:43.821+0000] {dagbag.py:540} INFO - Filling up the DagBag from /home/airflow/.local/lib/python3.8/site-packages/airflow/example_dags/example_nested_branch_dag.py
[2024-03-12T11:55:43.828+0000] {processor.py:840} INFO - DAG(s) 'example_nested_branch_dag' retrieved from /home/airflow/.local/lib/python3.8/site-packages/airflow/example_dags/example_nested_branch_dag.py
[2024-03-12T11:55:43.846+0000] {logging_mixin.py:188} INFO - [2024-03-12T11:55:43.846+0000] {dag.py:3047} INFO - Sync 1 DAGs
[2024-03-12T11:55:43.859+0000] {logging_mixin.py:188} INFO - [2024-03-12T11:55:43.859+0000] {dag.py:3834} INFO - Setting next_dagrun for example_nested_branch_dag to 2024-03-11 00:00:00+00:00, run_after=2024-03-12 00:00:00+00:00
[2024-03-12T11:55:43.869+0000] {processor.py:183} INFO - Processing /home/airflow/.local/lib/python3.8/site-packages/airflow/example_dags/example_nested_branch_dag.py took 0.053 seconds
[2024-03-12T11:57:07.605+0000] {processor.py:161} INFO - Started process (PID=266) to work on /home/airflow/.local/lib/python3.8/site-packages/airflow/example_dags/example_nested_branch_dag.py
[2024-03-12T11:57:07.607+0000] {processor.py:830} INFO - Processing file /home/airflow/.local/lib/python3.8/site-packages/airflow/example_dags/example_nested_branch_dag.py for tasks to queue
[2024-03-12T11:57:07.608+0000] {logging_mixin.py:188} INFO - [2024-03-12T11:57:07.608+0000] {dagbag.py:540} INFO - Filling up the DagBag from /home/airflow/.local/lib/python3.8/site-packages/airflow/example_dags/example_nested_branch_dag.py
[2024-03-12T11:57:07.625+0000] {processor.py:840} INFO - DAG(s) 'example_nested_branch_dag' retrieved from /home/airflow/.local/lib/python3.8/site-packages/airflow/example_dags/example_nested_branch_dag.py
[2024-03-12T11:57:07.663+0000] {logging_mixin.py:188} INFO - [2024-03-12T11:57:07.663+0000] {dag.py:3047} INFO - Sync 1 DAGs
[2024-03-12T11:57:07.677+0000] {logging_mixin.py:188} INFO - [2024-03-12T11:57:07.677+0000] {dag.py:3834} INFO - Setting next_dagrun for example_nested_branch_dag to 2024-03-11 00:00:00+00:00, run_after=2024-03-12 00:00:00+00:00
[2024-03-12T11:57:07.688+0000] {processor.py:183} INFO - Processing /home/airflow/.local/lib/python3.8/site-packages/airflow/example_dags/example_nested_branch_dag.py took 0.087 seconds
[2024-03-12T11:57:37.786+0000] {processor.py:161} INFO - Started process (PID=513) to work on /home/airflow/.local/lib/python3.8/site-packages/airflow/example_dags/example_nested_branch_dag.py
[2024-03-12T11:57:37.787+0000] {processor.py:830} INFO - Processing file /home/airflow/.local/lib/python3.8/site-packages/airflow/example_dags/example_nested_branch_dag.py for tasks to queue
[2024-03-12T11:57:37.788+0000] {logging_mixin.py:188} INFO - [2024-03-12T11:57:37.788+0000] {dagbag.py:540} INFO - Filling up the DagBag from /home/airflow/.local/lib/python3.8/site-packages/airflow/example_dags/example_nested_branch_dag.py
[2024-03-12T11:57:37.795+0000] {processor.py:840} INFO - DAG(s) 'example_nested_branch_dag' retrieved from /home/airflow/.local/lib/python3.8/site-packages/airflow/example_dags/example_nested_branch_dag.py
[2024-03-12T11:57:37.813+0000] {logging_mixin.py:188} INFO - [2024-03-12T11:57:37.812+0000] {dag.py:3047} INFO - Sync 1 DAGs
[2024-03-12T11:57:37.826+0000] {logging_mixin.py:188} INFO - [2024-03-12T11:57:37.825+0000] {dag.py:3834} INFO - Setting next_dagrun for example_nested_branch_dag to 2024-03-11 00:00:00+00:00, run_after=2024-03-12 00:00:00+00:00
[2024-03-12T11:57:37.848+0000] {processor.py:183} INFO - Processing /home/airflow/.local/lib/python3.8/site-packages/airflow/example_dags/example_nested_branch_dag.py took 0.065 seconds
[2024-03-12T11:58:35.383+0000] {processor.py:161} INFO - Started process (PID=264) to work on /home/airflow/.local/lib/python3.8/site-packages/airflow/example_dags/example_nested_branch_dag.py
[2024-03-12T11:58:35.384+0000] {processor.py:830} INFO - Processing file /home/airflow/.local/lib/python3.8/site-packages/airflow/example_dags/example_nested_branch_dag.py for tasks to queue
[2024-03-12T11:58:35.385+0000] {logging_mixin.py:188} INFO - [2024-03-12T11:58:35.385+0000] {dagbag.py:540} INFO - Filling up the DagBag from /home/airflow/.local/lib/python3.8/site-packages/airflow/example_dags/example_nested_branch_dag.py
[2024-03-12T11:58:35.393+0000] {processor.py:840} INFO - DAG(s) 'example_nested_branch_dag' retrieved from /home/airflow/.local/lib/python3.8/site-packages/airflow/example_dags/example_nested_branch_dag.py
[2024-03-12T11:58:35.411+0000] {logging_mixin.py:188} INFO - [2024-03-12T11:58:35.411+0000] {dag.py:3047} INFO - Sync 1 DAGs
[2024-03-12T11:58:35.424+0000] {logging_mixin.py:188} INFO - [2024-03-12T11:58:35.424+0000] {dag.py:3834} INFO - Setting next_dagrun for example_nested_branch_dag to 2024-03-11 00:00:00+00:00, run_after=2024-03-12 00:00:00+00:00
[2024-03-12T11:58:35.434+0000] {processor.py:183} INFO - Processing /home/airflow/.local/lib/python3.8/site-packages/airflow/example_dags/example_nested_branch_dag.py took 0.054 seconds
[2024-03-12T11:59:05.461+0000] {processor.py:161} INFO - Started process (PID=511) to work on /home/airflow/.local/lib/python3.8/site-packages/airflow/example_dags/example_nested_branch_dag.py
[2024-03-12T11:59:05.462+0000] {processor.py:830} INFO - Processing file /home/airflow/.local/lib/python3.8/site-packages/airflow/example_dags/example_nested_branch_dag.py for tasks to queue
[2024-03-12T11:59:05.463+0000] {logging_mixin.py:188} INFO - [2024-03-12T11:59:05.463+0000] {dagbag.py:540} INFO - Filling up the DagBag from /home/airflow/.local/lib/python3.8/site-packages/airflow/example_dags/example_nested_branch_dag.py
[2024-03-12T11:59:05.470+0000] {processor.py:840} INFO - DAG(s) 'example_nested_branch_dag' retrieved from /home/airflow/.local/lib/python3.8/site-packages/airflow/example_dags/example_nested_branch_dag.py
[2024-03-12T11:59:05.487+0000] {logging_mixin.py:188} INFO - [2024-03-12T11:59:05.487+0000] {dag.py:3047} INFO - Sync 1 DAGs
[2024-03-12T11:59:05.500+0000] {logging_mixin.py:188} INFO - [2024-03-12T11:59:05.500+0000] {dag.py:3834} INFO - Setting next_dagrun for example_nested_branch_dag to 2024-03-11 00:00:00+00:00, run_after=2024-03-12 00:00:00+00:00
[2024-03-12T11:59:05.511+0000] {processor.py:183} INFO - Processing /home/airflow/.local/lib/python3.8/site-packages/airflow/example_dags/example_nested_branch_dag.py took 0.053 seconds
[2024-03-12T11:59:36.065+0000] {processor.py:161} INFO - Started process (PID=758) to work on /home/airflow/.local/lib/python3.8/site-packages/airflow/example_dags/example_nested_branch_dag.py
[2024-03-12T11:59:36.066+0000] {processor.py:830} INFO - Processing file /home/airflow/.local/lib/python3.8/site-packages/airflow/example_dags/example_nested_branch_dag.py for tasks to queue
[2024-03-12T11:59:36.067+0000] {logging_mixin.py:188} INFO - [2024-03-12T11:59:36.067+0000] {dagbag.py:540} INFO - Filling up the DagBag from /home/airflow/.local/lib/python3.8/site-packages/airflow/example_dags/example_nested_branch_dag.py
[2024-03-12T11:59:36.074+0000] {processor.py:840} INFO - DAG(s) 'example_nested_branch_dag' retrieved from /home/airflow/.local/lib/python3.8/site-packages/airflow/example_dags/example_nested_branch_dag.py
[2024-03-12T11:59:36.092+0000] {logging_mixin.py:188} INFO - [2024-03-12T11:59:36.091+0000] {dag.py:3047} INFO - Sync 1 DAGs
[2024-03-12T11:59:36.106+0000] {logging_mixin.py:188} INFO - [2024-03-12T11:59:36.106+0000] {dag.py:3834} INFO - Setting next_dagrun for example_nested_branch_dag to 2024-03-11 00:00:00+00:00, run_after=2024-03-12 00:00:00+00:00
[2024-03-12T11:59:36.117+0000] {processor.py:183} INFO - Processing /home/airflow/.local/lib/python3.8/site-packages/airflow/example_dags/example_nested_branch_dag.py took 0.055 seconds
[2024-03-12T12:00:06.975+0000] {processor.py:161} INFO - Started process (PID=1005) to work on /home/airflow/.local/lib/python3.8/site-packages/airflow/example_dags/example_nested_branch_dag.py
[2024-03-12T12:00:06.976+0000] {processor.py:830} INFO - Processing file /home/airflow/.local/lib/python3.8/site-packages/airflow/example_dags/example_nested_branch_dag.py for tasks to queue
[2024-03-12T12:00:06.977+0000] {logging_mixin.py:188} INFO - [2024-03-12T12:00:06.977+0000] {dagbag.py:540} INFO - Filling up the DagBag from /home/airflow/.local/lib/python3.8/site-packages/airflow/example_dags/example_nested_branch_dag.py
[2024-03-12T12:00:06.985+0000] {processor.py:840} INFO - DAG(s) 'example_nested_branch_dag' retrieved from /home/airflow/.local/lib/python3.8/site-packages/airflow/example_dags/example_nested_branch_dag.py
[2024-03-12T12:00:07.003+0000] {logging_mixin.py:188} INFO - [2024-03-12T12:00:07.003+0000] {dag.py:3047} INFO - Sync 1 DAGs
[2024-03-12T12:00:07.017+0000] {logging_mixin.py:188} INFO - [2024-03-12T12:00:07.017+0000] {dag.py:3834} INFO - Setting next_dagrun for example_nested_branch_dag to 2024-03-11 00:00:00+00:00, run_after=2024-03-12 00:00:00+00:00
[2024-03-12T12:00:07.029+0000] {processor.py:183} INFO - Processing /home/airflow/.local/lib/python3.8/site-packages/airflow/example_dags/example_nested_branch_dag.py took 0.059 seconds
[2024-03-12T12:00:37.841+0000] {processor.py:161} INFO - Started process (PID=1252) to work on /home/airflow/.local/lib/python3.8/site-packages/airflow/example_dags/example_nested_branch_dag.py
[2024-03-12T12:00:37.844+0000] {processor.py:830} INFO - Processing file /home/airflow/.local/lib/python3.8/site-packages/airflow/example_dags/example_nested_branch_dag.py for tasks to queue
[2024-03-12T12:00:37.847+0000] {logging_mixin.py:188} INFO - [2024-03-12T12:00:37.846+0000] {dagbag.py:540} INFO - Filling up the DagBag from /home/airflow/.local/lib/python3.8/site-packages/airflow/example_dags/example_nested_branch_dag.py
[2024-03-12T12:00:37.857+0000] {processor.py:840} INFO - DAG(s) 'example_nested_branch_dag' retrieved from /home/airflow/.local/lib/python3.8/site-packages/airflow/example_dags/example_nested_branch_dag.py
[2024-03-12T12:00:37.883+0000] {logging_mixin.py:188} INFO - [2024-03-12T12:00:37.883+0000] {dag.py:3047} INFO - Sync 1 DAGs
[2024-03-12T12:00:37.903+0000] {logging_mixin.py:188} INFO - [2024-03-12T12:00:37.903+0000] {dag.py:3834} INFO - Setting next_dagrun for example_nested_branch_dag to 2024-03-11 00:00:00+00:00, run_after=2024-03-12 00:00:00+00:00
[2024-03-12T12:00:37.932+0000] {processor.py:183} INFO - Processing /home/airflow/.local/lib/python3.8/site-packages/airflow/example_dags/example_nested_branch_dag.py took 0.096 seconds
[2024-03-12T12:01:08.879+0000] {processor.py:161} INFO - Started process (PID=1499) to work on /home/airflow/.local/lib/python3.8/site-packages/airflow/example_dags/example_nested_branch_dag.py
[2024-03-12T12:01:08.880+0000] {processor.py:830} INFO - Processing file /home/airflow/.local/lib/python3.8/site-packages/airflow/example_dags/example_nested_branch_dag.py for tasks to queue
[2024-03-12T12:01:08.881+0000] {logging_mixin.py:188} INFO - [2024-03-12T12:01:08.881+0000] {dagbag.py:540} INFO - Filling up the DagBag from /home/airflow/.local/lib/python3.8/site-packages/airflow/example_dags/example_nested_branch_dag.py
[2024-03-12T12:01:08.889+0000] {processor.py:840} INFO - DAG(s) 'example_nested_branch_dag' retrieved from /home/airflow/.local/lib/python3.8/site-packages/airflow/example_dags/example_nested_branch_dag.py
[2024-03-12T12:01:08.907+0000] {logging_mixin.py:188} INFO - [2024-03-12T12:01:08.906+0000] {dag.py:3047} INFO - Sync 1 DAGs
[2024-03-12T12:01:08.923+0000] {logging_mixin.py:188} INFO - [2024-03-12T12:01:08.922+0000] {dag.py:3834} INFO - Setting next_dagrun for example_nested_branch_dag to 2024-03-11 00:00:00+00:00, run_after=2024-03-12 00:00:00+00:00
[2024-03-12T12:01:08.933+0000] {processor.py:183} INFO - Processing /home/airflow/.local/lib/python3.8/site-packages/airflow/example_dags/example_nested_branch_dag.py took 0.057 seconds
[2024-03-12T12:01:39.812+0000] {processor.py:161} INFO - Started process (PID=1746) to work on /home/airflow/.local/lib/python3.8/site-packages/airflow/example_dags/example_nested_branch_dag.py
[2024-03-12T12:01:39.813+0000] {processor.py:830} INFO - Processing file /home/airflow/.local/lib/python3.8/site-packages/airflow/example_dags/example_nested_branch_dag.py for tasks to queue
[2024-03-12T12:01:39.814+0000] {logging_mixin.py:188} INFO - [2024-03-12T12:01:39.814+0000] {dagbag.py:540} INFO - Filling up the DagBag from /home/airflow/.local/lib/python3.8/site-packages/airflow/example_dags/example_nested_branch_dag.py
[2024-03-12T12:01:39.821+0000] {processor.py:840} INFO - DAG(s) 'example_nested_branch_dag' retrieved from /home/airflow/.local/lib/python3.8/site-packages/airflow/example_dags/example_nested_branch_dag.py
[2024-03-12T12:01:39.839+0000] {logging_mixin.py:188} INFO - [2024-03-12T12:01:39.839+0000] {dag.py:3047} INFO - Sync 1 DAGs
[2024-03-12T12:01:39.852+0000] {logging_mixin.py:188} INFO - [2024-03-12T12:01:39.852+0000] {dag.py:3834} INFO - Setting next_dagrun for example_nested_branch_dag to 2024-03-11 00:00:00+00:00, run_after=2024-03-12 00:00:00+00:00
[2024-03-12T12:01:39.863+0000] {processor.py:183} INFO - Processing /home/airflow/.local/lib/python3.8/site-packages/airflow/example_dags/example_nested_branch_dag.py took 0.054 seconds
[2024-03-12T12:02:10.559+0000] {processor.py:161} INFO - Started process (PID=1993) to work on /home/airflow/.local/lib/python3.8/site-packages/airflow/example_dags/example_nested_branch_dag.py
[2024-03-12T12:02:10.560+0000] {processor.py:830} INFO - Processing file /home/airflow/.local/lib/python3.8/site-packages/airflow/example_dags/example_nested_branch_dag.py for tasks to queue
[2024-03-12T12:02:10.561+0000] {logging_mixin.py:188} INFO - [2024-03-12T12:02:10.561+0000] {dagbag.py:540} INFO - Filling up the DagBag from /home/airflow/.local/lib/python3.8/site-packages/airflow/example_dags/example_nested_branch_dag.py
[2024-03-12T12:02:10.568+0000] {processor.py:840} INFO - DAG(s) 'example_nested_branch_dag' retrieved from /home/airflow/.local/lib/python3.8/site-packages/airflow/example_dags/example_nested_branch_dag.py
[2024-03-12T12:02:10.586+0000] {logging_mixin.py:188} INFO - [2024-03-12T12:02:10.586+0000] {dag.py:3047} INFO - Sync 1 DAGs
[2024-03-12T12:02:10.601+0000] {logging_mixin.py:188} INFO - [2024-03-12T12:02:10.601+0000] {dag.py:3834} INFO - Setting next_dagrun for example_nested_branch_dag to 2024-03-11 00:00:00+00:00, run_after=2024-03-12 00:00:00+00:00
[2024-03-12T12:02:10.614+0000] {processor.py:183} INFO - Processing /home/airflow/.local/lib/python3.8/site-packages/airflow/example_dags/example_nested_branch_dag.py took 0.058 seconds
[2024-03-12T12:02:41.249+0000] {processor.py:161} INFO - Started process (PID=2242) to work on /home/airflow/.local/lib/python3.8/site-packages/airflow/example_dags/example_nested_branch_dag.py
[2024-03-12T12:02:41.251+0000] {processor.py:830} INFO - Processing file /home/airflow/.local/lib/python3.8/site-packages/airflow/example_dags/example_nested_branch_dag.py for tasks to queue
[2024-03-12T12:02:41.253+0000] {logging_mixin.py:188} INFO - [2024-03-12T12:02:41.252+0000] {dagbag.py:540} INFO - Filling up the DagBag from /home/airflow/.local/lib/python3.8/site-packages/airflow/example_dags/example_nested_branch_dag.py
[2024-03-12T12:02:41.260+0000] {processor.py:840} INFO - DAG(s) 'example_nested_branch_dag' retrieved from /home/airflow/.local/lib/python3.8/site-packages/airflow/example_dags/example_nested_branch_dag.py
[2024-03-12T12:02:41.278+0000] {logging_mixin.py:188} INFO - [2024-03-12T12:02:41.278+0000] {dag.py:3047} INFO - Sync 1 DAGs
[2024-03-12T12:02:41.292+0000] {logging_mixin.py:188} INFO - [2024-03-12T12:02:41.291+0000] {dag.py:3834} INFO - Setting next_dagrun for example_nested_branch_dag to 2024-03-11 00:00:00+00:00, run_after=2024-03-12 00:00:00+00:00
[2024-03-12T12:02:41.304+0000] {processor.py:183} INFO - Processing /home/airflow/.local/lib/python3.8/site-packages/airflow/example_dags/example_nested_branch_dag.py took 0.058 seconds
[2024-03-12T12:03:12.793+0000] {processor.py:161} INFO - Started process (PID=2487) to work on /home/airflow/.local/lib/python3.8/site-packages/airflow/example_dags/example_nested_branch_dag.py
[2024-03-12T12:03:12.795+0000] {processor.py:830} INFO - Processing file /home/airflow/.local/lib/python3.8/site-packages/airflow/example_dags/example_nested_branch_dag.py for tasks to queue
[2024-03-12T12:03:12.796+0000] {logging_mixin.py:188} INFO - [2024-03-12T12:03:12.796+0000] {dagbag.py:540} INFO - Filling up the DagBag from /home/airflow/.local/lib/python3.8/site-packages/airflow/example_dags/example_nested_branch_dag.py
[2024-03-12T12:03:12.803+0000] {processor.py:840} INFO - DAG(s) 'example_nested_branch_dag' retrieved from /home/airflow/.local/lib/python3.8/site-packages/airflow/example_dags/example_nested_branch_dag.py
[2024-03-12T12:03:12.830+0000] {logging_mixin.py:188} INFO - [2024-03-12T12:03:12.830+0000] {dag.py:3047} INFO - Sync 1 DAGs
[2024-03-12T12:03:12.852+0000] {logging_mixin.py:188} INFO - [2024-03-12T12:03:12.851+0000] {dag.py:3834} INFO - Setting next_dagrun for example_nested_branch_dag to 2024-03-11 00:00:00+00:00, run_after=2024-03-12 00:00:00+00:00
[2024-03-12T12:03:12.866+0000] {processor.py:183} INFO - Processing /home/airflow/.local/lib/python3.8/site-packages/airflow/example_dags/example_nested_branch_dag.py took 0.076 seconds
[2024-03-12T12:03:43.848+0000] {processor.py:161} INFO - Started process (PID=2734) to work on /home/airflow/.local/lib/python3.8/site-packages/airflow/example_dags/example_nested_branch_dag.py
[2024-03-12T12:03:43.850+0000] {processor.py:830} INFO - Processing file /home/airflow/.local/lib/python3.8/site-packages/airflow/example_dags/example_nested_branch_dag.py for tasks to queue
[2024-03-12T12:03:43.851+0000] {logging_mixin.py:188} INFO - [2024-03-12T12:03:43.850+0000] {dagbag.py:540} INFO - Filling up the DagBag from /home/airflow/.local/lib/python3.8/site-packages/airflow/example_dags/example_nested_branch_dag.py
[2024-03-12T12:03:43.859+0000] {processor.py:840} INFO - DAG(s) 'example_nested_branch_dag' retrieved from /home/airflow/.local/lib/python3.8/site-packages/airflow/example_dags/example_nested_branch_dag.py
[2024-03-12T12:03:43.879+0000] {logging_mixin.py:188} INFO - [2024-03-12T12:03:43.879+0000] {dag.py:3047} INFO - Sync 1 DAGs
[2024-03-12T12:03:43.894+0000] {logging_mixin.py:188} INFO - [2024-03-12T12:03:43.894+0000] {dag.py:3834} INFO - Setting next_dagrun for example_nested_branch_dag to 2024-03-11 00:00:00+00:00, run_after=2024-03-12 00:00:00+00:00
[2024-03-12T12:03:43.910+0000] {processor.py:183} INFO - Processing /home/airflow/.local/lib/python3.8/site-packages/airflow/example_dags/example_nested_branch_dag.py took 0.065 seconds
[2024-03-12T12:04:15.470+0000] {processor.py:161} INFO - Started process (PID=2981) to work on /home/airflow/.local/lib/python3.8/site-packages/airflow/example_dags/example_nested_branch_dag.py
[2024-03-12T12:04:15.471+0000] {processor.py:830} INFO - Processing file /home/airflow/.local/lib/python3.8/site-packages/airflow/example_dags/example_nested_branch_dag.py for tasks to queue
[2024-03-12T12:04:15.472+0000] {logging_mixin.py:188} INFO - [2024-03-12T12:04:15.472+0000] {dagbag.py:540} INFO - Filling up the DagBag from /home/airflow/.local/lib/python3.8/site-packages/airflow/example_dags/example_nested_branch_dag.py
[2024-03-12T12:04:15.479+0000] {processor.py:840} INFO - DAG(s) 'example_nested_branch_dag' retrieved from /home/airflow/.local/lib/python3.8/site-packages/airflow/example_dags/example_nested_branch_dag.py
[2024-03-12T12:04:15.499+0000] {logging_mixin.py:188} INFO - [2024-03-12T12:04:15.499+0000] {dag.py:3047} INFO - Sync 1 DAGs
[2024-03-12T12:04:15.520+0000] {logging_mixin.py:188} INFO - [2024-03-12T12:04:15.520+0000] {dag.py:3834} INFO - Setting next_dagrun for example_nested_branch_dag to 2024-03-11 00:00:00+00:00, run_after=2024-03-12 00:00:00+00:00
[2024-03-12T12:04:15.533+0000] {processor.py:183} INFO - Processing /home/airflow/.local/lib/python3.8/site-packages/airflow/example_dags/example_nested_branch_dag.py took 0.067 seconds
[2024-03-12T12:04:45.754+0000] {processor.py:161} INFO - Started process (PID=3228) to work on /home/airflow/.local/lib/python3.8/site-packages/airflow/example_dags/example_nested_branch_dag.py
[2024-03-12T12:04:45.757+0000] {processor.py:830} INFO - Processing file /home/airflow/.local/lib/python3.8/site-packages/airflow/example_dags/example_nested_branch_dag.py for tasks to queue
[2024-03-12T12:04:45.759+0000] {logging_mixin.py:188} INFO - [2024-03-12T12:04:45.759+0000] {dagbag.py:540} INFO - Filling up the DagBag from /home/airflow/.local/lib/python3.8/site-packages/airflow/example_dags/example_nested_branch_dag.py
[2024-03-12T12:04:45.767+0000] {processor.py:840} INFO - DAG(s) 'example_nested_branch_dag' retrieved from /home/airflow/.local/lib/python3.8/site-packages/airflow/example_dags/example_nested_branch_dag.py
[2024-03-12T12:04:45.787+0000] {logging_mixin.py:188} INFO - [2024-03-12T12:04:45.787+0000] {dag.py:3047} INFO - Sync 1 DAGs
[2024-03-12T12:04:45.801+0000] {logging_mixin.py:188} INFO - [2024-03-12T12:04:45.801+0000] {dag.py:3834} INFO - Setting next_dagrun for example_nested_branch_dag to 2024-03-11 00:00:00+00:00, run_after=2024-03-12 00:00:00+00:00
[2024-03-12T12:04:45.818+0000] {processor.py:183} INFO - Processing /home/airflow/.local/lib/python3.8/site-packages/airflow/example_dags/example_nested_branch_dag.py took 0.067 seconds
[2024-03-12T12:05:16.011+0000] {processor.py:161} INFO - Started process (PID=3478) to work on /home/airflow/.local/lib/python3.8/site-packages/airflow/example_dags/example_nested_branch_dag.py
[2024-03-12T12:05:16.013+0000] {processor.py:830} INFO - Processing file /home/airflow/.local/lib/python3.8/site-packages/airflow/example_dags/example_nested_branch_dag.py for tasks to queue
[2024-03-12T12:05:16.014+0000] {logging_mixin.py:188} INFO - [2024-03-12T12:05:16.013+0000] {dagbag.py:540} INFO - Filling up the DagBag from /home/airflow/.local/lib/python3.8/site-packages/airflow/example_dags/example_nested_branch_dag.py
[2024-03-12T12:05:16.020+0000] {processor.py:840} INFO - DAG(s) 'example_nested_branch_dag' retrieved from /home/airflow/.local/lib/python3.8/site-packages/airflow/example_dags/example_nested_branch_dag.py
[2024-03-12T12:05:16.038+0000] {logging_mixin.py:188} INFO - [2024-03-12T12:05:16.037+0000] {dag.py:3047} INFO - Sync 1 DAGs
[2024-03-12T12:05:16.051+0000] {logging_mixin.py:188} INFO - [2024-03-12T12:05:16.051+0000] {dag.py:3834} INFO - Setting next_dagrun for example_nested_branch_dag to 2024-03-11 00:00:00+00:00, run_after=2024-03-12 00:00:00+00:00
[2024-03-12T12:05:16.061+0000] {processor.py:183} INFO - Processing /home/airflow/.local/lib/python3.8/site-packages/airflow/example_dags/example_nested_branch_dag.py took 0.052 seconds
[2024-03-12T12:05:46.396+0000] {processor.py:161} INFO - Started process (PID=3723) to work on /home/airflow/.local/lib/python3.8/site-packages/airflow/example_dags/example_nested_branch_dag.py
[2024-03-12T12:05:46.397+0000] {processor.py:830} INFO - Processing file /home/airflow/.local/lib/python3.8/site-packages/airflow/example_dags/example_nested_branch_dag.py for tasks to queue
[2024-03-12T12:05:46.398+0000] {logging_mixin.py:188} INFO - [2024-03-12T12:05:46.398+0000] {dagbag.py:540} INFO - Filling up the DagBag from /home/airflow/.local/lib/python3.8/site-packages/airflow/example_dags/example_nested_branch_dag.py
[2024-03-12T12:05:46.406+0000] {processor.py:840} INFO - DAG(s) 'example_nested_branch_dag' retrieved from /home/airflow/.local/lib/python3.8/site-packages/airflow/example_dags/example_nested_branch_dag.py
[2024-03-12T12:05:46.423+0000] {logging_mixin.py:188} INFO - [2024-03-12T12:05:46.423+0000] {dag.py:3047} INFO - Sync 1 DAGs
[2024-03-12T12:05:46.436+0000] {logging_mixin.py:188} INFO - [2024-03-12T12:05:46.436+0000] {dag.py:3834} INFO - Setting next_dagrun for example_nested_branch_dag to 2024-03-11 00:00:00+00:00, run_after=2024-03-12 00:00:00+00:00
[2024-03-12T12:05:46.448+0000] {processor.py:183} INFO - Processing /home/airflow/.local/lib/python3.8/site-packages/airflow/example_dags/example_nested_branch_dag.py took 0.055 seconds
[2024-03-12T12:06:19.292+0000] {processor.py:161} INFO - Started process (PID=3970) to work on /home/airflow/.local/lib/python3.8/site-packages/airflow/example_dags/example_nested_branch_dag.py
[2024-03-12T12:06:19.295+0000] {processor.py:830} INFO - Processing file /home/airflow/.local/lib/python3.8/site-packages/airflow/example_dags/example_nested_branch_dag.py for tasks to queue
[2024-03-12T12:06:19.297+0000] {logging_mixin.py:188} INFO - [2024-03-12T12:06:19.296+0000] {dagbag.py:540} INFO - Filling up the DagBag from /home/airflow/.local/lib/python3.8/site-packages/airflow/example_dags/example_nested_branch_dag.py
[2024-03-12T12:06:19.306+0000] {processor.py:840} INFO - DAG(s) 'example_nested_branch_dag' retrieved from /home/airflow/.local/lib/python3.8/site-packages/airflow/example_dags/example_nested_branch_dag.py
[2024-03-12T12:06:19.326+0000] {logging_mixin.py:188} INFO - [2024-03-12T12:06:19.326+0000] {dag.py:3047} INFO - Sync 1 DAGs
[2024-03-12T12:06:19.342+0000] {logging_mixin.py:188} INFO - [2024-03-12T12:06:19.342+0000] {dag.py:3834} INFO - Setting next_dagrun for example_nested_branch_dag to 2024-03-11 00:00:00+00:00, run_after=2024-03-12 00:00:00+00:00
[2024-03-12T12:06:19.354+0000] {processor.py:183} INFO - Processing /home/airflow/.local/lib/python3.8/site-packages/airflow/example_dags/example_nested_branch_dag.py took 0.065 seconds
[2024-03-12T12:06:50.262+0000] {processor.py:161} INFO - Started process (PID=4217) to work on /home/airflow/.local/lib/python3.8/site-packages/airflow/example_dags/example_nested_branch_dag.py
[2024-03-12T12:06:50.267+0000] {processor.py:830} INFO - Processing file /home/airflow/.local/lib/python3.8/site-packages/airflow/example_dags/example_nested_branch_dag.py for tasks to queue
[2024-03-12T12:06:50.270+0000] {logging_mixin.py:188} INFO - [2024-03-12T12:06:50.270+0000] {dagbag.py:540} INFO - Filling up the DagBag from /home/airflow/.local/lib/python3.8/site-packages/airflow/example_dags/example_nested_branch_dag.py
[2024-03-12T12:06:50.287+0000] {processor.py:840} INFO - DAG(s) 'example_nested_branch_dag' retrieved from /home/airflow/.local/lib/python3.8/site-packages/airflow/example_dags/example_nested_branch_dag.py
[2024-03-12T12:06:50.331+0000] {logging_mixin.py:188} INFO - [2024-03-12T12:06:50.331+0000] {dag.py:3047} INFO - Sync 1 DAGs
[2024-03-12T12:06:50.347+0000] {logging_mixin.py:188} INFO - [2024-03-12T12:06:50.347+0000] {dag.py:3834} INFO - Setting next_dagrun for example_nested_branch_dag to 2024-03-11 00:00:00+00:00, run_after=2024-03-12 00:00:00+00:00
[2024-03-12T12:06:50.360+0000] {processor.py:183} INFO - Processing /home/airflow/.local/lib/python3.8/site-packages/airflow/example_dags/example_nested_branch_dag.py took 0.102 seconds
[2024-03-12T12:07:21.279+0000] {processor.py:161} INFO - Started process (PID=4466) to work on /home/airflow/.local/lib/python3.8/site-packages/airflow/example_dags/example_nested_branch_dag.py
[2024-03-12T12:07:21.280+0000] {processor.py:830} INFO - Processing file /home/airflow/.local/lib/python3.8/site-packages/airflow/example_dags/example_nested_branch_dag.py for tasks to queue
[2024-03-12T12:07:21.281+0000] {logging_mixin.py:188} INFO - [2024-03-12T12:07:21.281+0000] {dagbag.py:540} INFO - Filling up the DagBag from /home/airflow/.local/lib/python3.8/site-packages/airflow/example_dags/example_nested_branch_dag.py
[2024-03-12T12:07:21.288+0000] {processor.py:840} INFO - DAG(s) 'example_nested_branch_dag' retrieved from /home/airflow/.local/lib/python3.8/site-packages/airflow/example_dags/example_nested_branch_dag.py
[2024-03-12T12:07:21.306+0000] {logging_mixin.py:188} INFO - [2024-03-12T12:07:21.305+0000] {dag.py:3047} INFO - Sync 1 DAGs
[2024-03-12T12:07:21.319+0000] {logging_mixin.py:188} INFO - [2024-03-12T12:07:21.319+0000] {dag.py:3834} INFO - Setting next_dagrun for example_nested_branch_dag to 2024-03-11 00:00:00+00:00, run_after=2024-03-12 00:00:00+00:00
[2024-03-12T12:07:21.329+0000] {processor.py:183} INFO - Processing /home/airflow/.local/lib/python3.8/site-packages/airflow/example_dags/example_nested_branch_dag.py took 0.053 seconds
[2024-03-12T12:07:51.764+0000] {processor.py:161} INFO - Started process (PID=4713) to work on /home/airflow/.local/lib/python3.8/site-packages/airflow/example_dags/example_nested_branch_dag.py
[2024-03-12T12:07:51.765+0000] {processor.py:830} INFO - Processing file /home/airflow/.local/lib/python3.8/site-packages/airflow/example_dags/example_nested_branch_dag.py for tasks to queue
[2024-03-12T12:07:51.766+0000] {logging_mixin.py:188} INFO - [2024-03-12T12:07:51.766+0000] {dagbag.py:540} INFO - Filling up the DagBag from /home/airflow/.local/lib/python3.8/site-packages/airflow/example_dags/example_nested_branch_dag.py
[2024-03-12T12:07:51.774+0000] {processor.py:840} INFO - DAG(s) 'example_nested_branch_dag' retrieved from /home/airflow/.local/lib/python3.8/site-packages/airflow/example_dags/example_nested_branch_dag.py
[2024-03-12T12:07:51.790+0000] {logging_mixin.py:188} INFO - [2024-03-12T12:07:51.790+0000] {dag.py:3047} INFO - Sync 1 DAGs
[2024-03-12T12:07:51.803+0000] {logging_mixin.py:188} INFO - [2024-03-12T12:07:51.803+0000] {dag.py:3834} INFO - Setting next_dagrun for example_nested_branch_dag to 2024-03-11 00:00:00+00:00, run_after=2024-03-12 00:00:00+00:00
[2024-03-12T12:07:51.813+0000] {processor.py:183} INFO - Processing /home/airflow/.local/lib/python3.8/site-packages/airflow/example_dags/example_nested_branch_dag.py took 0.052 seconds
[2024-03-12T12:08:22.125+0000] {processor.py:161} INFO - Started process (PID=4960) to work on /home/airflow/.local/lib/python3.8/site-packages/airflow/example_dags/example_nested_branch_dag.py
[2024-03-12T12:08:22.126+0000] {processor.py:830} INFO - Processing file /home/airflow/.local/lib/python3.8/site-packages/airflow/example_dags/example_nested_branch_dag.py for tasks to queue
[2024-03-12T12:08:22.127+0000] {logging_mixin.py:188} INFO - [2024-03-12T12:08:22.127+0000] {dagbag.py:540} INFO - Filling up the DagBag from /home/airflow/.local/lib/python3.8/site-packages/airflow/example_dags/example_nested_branch_dag.py
[2024-03-12T12:08:22.134+0000] {processor.py:840} INFO - DAG(s) 'example_nested_branch_dag' retrieved from /home/airflow/.local/lib/python3.8/site-packages/airflow/example_dags/example_nested_branch_dag.py
[2024-03-12T12:08:22.150+0000] {logging_mixin.py:188} INFO - [2024-03-12T12:08:22.150+0000] {dag.py:3047} INFO - Sync 1 DAGs
[2024-03-12T12:08:22.162+0000] {logging_mixin.py:188} INFO - [2024-03-12T12:08:22.162+0000] {dag.py:3834} INFO - Setting next_dagrun for example_nested_branch_dag to 2024-03-11 00:00:00+00:00, run_after=2024-03-12 00:00:00+00:00
[2024-03-12T12:08:22.173+0000] {processor.py:183} INFO - Processing /home/airflow/.local/lib/python3.8/site-packages/airflow/example_dags/example_nested_branch_dag.py took 0.050 seconds
[2024-03-12T12:08:52.722+0000] {processor.py:161} INFO - Started process (PID=5207) to work on /home/airflow/.local/lib/python3.8/site-packages/airflow/example_dags/example_nested_branch_dag.py
[2024-03-12T12:08:52.723+0000] {processor.py:830} INFO - Processing file /home/airflow/.local/lib/python3.8/site-packages/airflow/example_dags/example_nested_branch_dag.py for tasks to queue
[2024-03-12T12:08:52.725+0000] {logging_mixin.py:188} INFO - [2024-03-12T12:08:52.724+0000] {dagbag.py:540} INFO - Filling up the DagBag from /home/airflow/.local/lib/python3.8/site-packages/airflow/example_dags/example_nested_branch_dag.py
[2024-03-12T12:08:52.733+0000] {processor.py:840} INFO - DAG(s) 'example_nested_branch_dag' retrieved from /home/airflow/.local/lib/python3.8/site-packages/airflow/example_dags/example_nested_branch_dag.py
[2024-03-12T12:08:52.758+0000] {logging_mixin.py:188} INFO - [2024-03-12T12:08:52.757+0000] {dag.py:3047} INFO - Sync 1 DAGs
[2024-03-12T12:08:52.778+0000] {logging_mixin.py:188} INFO - [2024-03-12T12:08:52.778+0000] {dag.py:3834} INFO - Setting next_dagrun for example_nested_branch_dag to 2024-03-11 00:00:00+00:00, run_after=2024-03-12 00:00:00+00:00
[2024-03-12T12:08:52.791+0000] {processor.py:183} INFO - Processing /home/airflow/.local/lib/python3.8/site-packages/airflow/example_dags/example_nested_branch_dag.py took 0.072 seconds
[2024-03-12T12:09:23.363+0000] {processor.py:161} INFO - Started process (PID=5454) to work on /home/airflow/.local/lib/python3.8/site-packages/airflow/example_dags/example_nested_branch_dag.py
[2024-03-12T12:09:23.365+0000] {processor.py:830} INFO - Processing file /home/airflow/.local/lib/python3.8/site-packages/airflow/example_dags/example_nested_branch_dag.py for tasks to queue
[2024-03-12T12:09:23.366+0000] {logging_mixin.py:188} INFO - [2024-03-12T12:09:23.365+0000] {dagbag.py:540} INFO - Filling up the DagBag from /home/airflow/.local/lib/python3.8/site-packages/airflow/example_dags/example_nested_branch_dag.py
[2024-03-12T12:09:23.373+0000] {processor.py:840} INFO - DAG(s) 'example_nested_branch_dag' retrieved from /home/airflow/.local/lib/python3.8/site-packages/airflow/example_dags/example_nested_branch_dag.py
[2024-03-12T12:09:23.392+0000] {logging_mixin.py:188} INFO - [2024-03-12T12:09:23.392+0000] {dag.py:3047} INFO - Sync 1 DAGs
[2024-03-12T12:09:23.407+0000] {logging_mixin.py:188} INFO - [2024-03-12T12:09:23.406+0000] {dag.py:3834} INFO - Setting next_dagrun for example_nested_branch_dag to 2024-03-11 00:00:00+00:00, run_after=2024-03-12 00:00:00+00:00
[2024-03-12T12:09:23.418+0000] {processor.py:183} INFO - Processing /home/airflow/.local/lib/python3.8/site-packages/airflow/example_dags/example_nested_branch_dag.py took 0.057 seconds
[2024-03-12T12:09:54.075+0000] {processor.py:161} INFO - Started process (PID=5701) to work on /home/airflow/.local/lib/python3.8/site-packages/airflow/example_dags/example_nested_branch_dag.py
[2024-03-12T12:09:54.076+0000] {processor.py:830} INFO - Processing file /home/airflow/.local/lib/python3.8/site-packages/airflow/example_dags/example_nested_branch_dag.py for tasks to queue
[2024-03-12T12:09:54.077+0000] {logging_mixin.py:188} INFO - [2024-03-12T12:09:54.077+0000] {dagbag.py:540} INFO - Filling up the DagBag from /home/airflow/.local/lib/python3.8/site-packages/airflow/example_dags/example_nested_branch_dag.py
[2024-03-12T12:09:54.084+0000] {processor.py:840} INFO - DAG(s) 'example_nested_branch_dag' retrieved from /home/airflow/.local/lib/python3.8/site-packages/airflow/example_dags/example_nested_branch_dag.py
[2024-03-12T12:09:54.100+0000] {logging_mixin.py:188} INFO - [2024-03-12T12:09:54.100+0000] {dag.py:3047} INFO - Sync 1 DAGs
[2024-03-12T12:09:54.114+0000] {logging_mixin.py:188} INFO - [2024-03-12T12:09:54.113+0000] {dag.py:3834} INFO - Setting next_dagrun for example_nested_branch_dag to 2024-03-11 00:00:00+00:00, run_after=2024-03-12 00:00:00+00:00
[2024-03-12T12:09:54.123+0000] {processor.py:183} INFO - Processing /home/airflow/.local/lib/python3.8/site-packages/airflow/example_dags/example_nested_branch_dag.py took 0.051 seconds
[2024-03-12T12:10:24.499+0000] {processor.py:161} INFO - Started process (PID=5946) to work on /home/airflow/.local/lib/python3.8/site-packages/airflow/example_dags/example_nested_branch_dag.py
[2024-03-12T12:10:24.501+0000] {processor.py:830} INFO - Processing file /home/airflow/.local/lib/python3.8/site-packages/airflow/example_dags/example_nested_branch_dag.py for tasks to queue
[2024-03-12T12:10:24.502+0000] {logging_mixin.py:188} INFO - [2024-03-12T12:10:24.502+0000] {dagbag.py:540} INFO - Filling up the DagBag from /home/airflow/.local/lib/python3.8/site-packages/airflow/example_dags/example_nested_branch_dag.py
[2024-03-12T12:10:24.510+0000] {processor.py:840} INFO - DAG(s) 'example_nested_branch_dag' retrieved from /home/airflow/.local/lib/python3.8/site-packages/airflow/example_dags/example_nested_branch_dag.py
[2024-03-12T12:10:24.528+0000] {logging_mixin.py:188} INFO - [2024-03-12T12:10:24.528+0000] {dag.py:3047} INFO - Sync 1 DAGs
[2024-03-12T12:10:24.543+0000] {logging_mixin.py:188} INFO - [2024-03-12T12:10:24.543+0000] {dag.py:3834} INFO - Setting next_dagrun for example_nested_branch_dag to 2024-03-11 00:00:00+00:00, run_after=2024-03-12 00:00:00+00:00
[2024-03-12T12:10:24.554+0000] {processor.py:183} INFO - Processing /home/airflow/.local/lib/python3.8/site-packages/airflow/example_dags/example_nested_branch_dag.py took 0.059 seconds
[2024-03-12T12:10:54.749+0000] {processor.py:161} INFO - Started process (PID=6194) to work on /home/airflow/.local/lib/python3.8/site-packages/airflow/example_dags/example_nested_branch_dag.py
[2024-03-12T12:10:54.751+0000] {processor.py:830} INFO - Processing file /home/airflow/.local/lib/python3.8/site-packages/airflow/example_dags/example_nested_branch_dag.py for tasks to queue
[2024-03-12T12:10:54.752+0000] {logging_mixin.py:188} INFO - [2024-03-12T12:10:54.752+0000] {dagbag.py:540} INFO - Filling up the DagBag from /home/airflow/.local/lib/python3.8/site-packages/airflow/example_dags/example_nested_branch_dag.py
[2024-03-12T12:10:54.761+0000] {processor.py:840} INFO - DAG(s) 'example_nested_branch_dag' retrieved from /home/airflow/.local/lib/python3.8/site-packages/airflow/example_dags/example_nested_branch_dag.py
[2024-03-12T12:10:54.789+0000] {logging_mixin.py:188} INFO - [2024-03-12T12:10:54.789+0000] {dag.py:3047} INFO - Sync 1 DAGs
[2024-03-12T12:10:54.808+0000] {logging_mixin.py:188} INFO - [2024-03-12T12:10:54.808+0000] {dag.py:3834} INFO - Setting next_dagrun for example_nested_branch_dag to 2024-03-11 00:00:00+00:00, run_after=2024-03-12 00:00:00+00:00
[2024-03-12T12:10:54.825+0000] {processor.py:183} INFO - Processing /home/airflow/.local/lib/python3.8/site-packages/airflow/example_dags/example_nested_branch_dag.py took 0.079 seconds
