[2024-03-12T11:50:05.878+0000] {processor.py:161} INFO - Started process (PID=329) to work on /home/airflow/.local/lib/python3.8/site-packages/airflow/example_dags/example_short_circuit_operator.py
[2024-03-12T11:50:05.880+0000] {processor.py:830} INFO - Processing file /home/airflow/.local/lib/python3.8/site-packages/airflow/example_dags/example_short_circuit_operator.py for tasks to queue
[2024-03-12T11:50:05.881+0000] {logging_mixin.py:188} INFO - [2024-03-12T11:50:05.881+0000] {dagbag.py:540} INFO - Filling up the DagBag from /home/airflow/.local/lib/python3.8/site-packages/airflow/example_dags/example_short_circuit_operator.py
[2024-03-12T11:50:05.889+0000] {processor.py:840} INFO - DAG(s) 'example_short_circuit_operator' retrieved from /home/airflow/.local/lib/python3.8/site-packages/airflow/example_dags/example_short_circuit_operator.py
[2024-03-12T11:50:05.909+0000] {logging_mixin.py:188} INFO - [2024-03-12T11:50:05.909+0000] {dag.py:3047} INFO - Sync 1 DAGs
[2024-03-12T11:50:05.925+0000] {logging_mixin.py:188} INFO - [2024-03-12T11:50:05.925+0000] {dag.py:3834} INFO - Setting next_dagrun for example_short_circuit_operator to 2024-03-11 00:00:00+00:00, run_after=2024-03-12 00:00:00+00:00
[2024-03-12T11:50:05.952+0000] {processor.py:183} INFO - Processing /home/airflow/.local/lib/python3.8/site-packages/airflow/example_dags/example_short_circuit_operator.py took 0.077 seconds
[2024-03-12T11:50:36.721+0000] {processor.py:161} INFO - Started process (PID=576) to work on /home/airflow/.local/lib/python3.8/site-packages/airflow/example_dags/example_short_circuit_operator.py
[2024-03-12T11:50:36.723+0000] {processor.py:830} INFO - Processing file /home/airflow/.local/lib/python3.8/site-packages/airflow/example_dags/example_short_circuit_operator.py for tasks to queue
[2024-03-12T11:50:36.724+0000] {logging_mixin.py:188} INFO - [2024-03-12T11:50:36.724+0000] {dagbag.py:540} INFO - Filling up the DagBag from /home/airflow/.local/lib/python3.8/site-packages/airflow/example_dags/example_short_circuit_operator.py
[2024-03-12T11:50:36.730+0000] {processor.py:840} INFO - DAG(s) 'example_short_circuit_operator' retrieved from /home/airflow/.local/lib/python3.8/site-packages/airflow/example_dags/example_short_circuit_operator.py
[2024-03-12T11:50:36.748+0000] {logging_mixin.py:188} INFO - [2024-03-12T11:50:36.748+0000] {dag.py:3047} INFO - Sync 1 DAGs
[2024-03-12T11:50:36.765+0000] {logging_mixin.py:188} INFO - [2024-03-12T11:50:36.765+0000] {dag.py:3834} INFO - Setting next_dagrun for example_short_circuit_operator to 2024-03-11 00:00:00+00:00, run_after=2024-03-12 00:00:00+00:00
[2024-03-12T11:50:36.778+0000] {processor.py:183} INFO - Processing /home/airflow/.local/lib/python3.8/site-packages/airflow/example_dags/example_short_circuit_operator.py took 0.059 seconds
[2024-03-12T11:51:07.339+0000] {processor.py:161} INFO - Started process (PID=825) to work on /home/airflow/.local/lib/python3.8/site-packages/airflow/example_dags/example_short_circuit_operator.py
[2024-03-12T11:51:07.345+0000] {processor.py:830} INFO - Processing file /home/airflow/.local/lib/python3.8/site-packages/airflow/example_dags/example_short_circuit_operator.py for tasks to queue
[2024-03-12T11:51:07.347+0000] {logging_mixin.py:188} INFO - [2024-03-12T11:51:07.346+0000] {dagbag.py:540} INFO - Filling up the DagBag from /home/airflow/.local/lib/python3.8/site-packages/airflow/example_dags/example_short_circuit_operator.py
[2024-03-12T11:51:07.354+0000] {processor.py:840} INFO - DAG(s) 'example_short_circuit_operator' retrieved from /home/airflow/.local/lib/python3.8/site-packages/airflow/example_dags/example_short_circuit_operator.py
[2024-03-12T11:51:07.375+0000] {logging_mixin.py:188} INFO - [2024-03-12T11:51:07.375+0000] {dag.py:3047} INFO - Sync 1 DAGs
[2024-03-12T11:51:07.388+0000] {logging_mixin.py:188} INFO - [2024-03-12T11:51:07.388+0000] {dag.py:3834} INFO - Setting next_dagrun for example_short_circuit_operator to 2024-03-11 00:00:00+00:00, run_after=2024-03-12 00:00:00+00:00
[2024-03-12T11:51:07.398+0000] {processor.py:183} INFO - Processing /home/airflow/.local/lib/python3.8/site-packages/airflow/example_dags/example_short_circuit_operator.py took 0.063 seconds
[2024-03-12T11:51:37.709+0000] {processor.py:161} INFO - Started process (PID=1070) to work on /home/airflow/.local/lib/python3.8/site-packages/airflow/example_dags/example_short_circuit_operator.py
[2024-03-12T11:51:37.710+0000] {processor.py:830} INFO - Processing file /home/airflow/.local/lib/python3.8/site-packages/airflow/example_dags/example_short_circuit_operator.py for tasks to queue
[2024-03-12T11:51:37.711+0000] {logging_mixin.py:188} INFO - [2024-03-12T11:51:37.711+0000] {dagbag.py:540} INFO - Filling up the DagBag from /home/airflow/.local/lib/python3.8/site-packages/airflow/example_dags/example_short_circuit_operator.py
[2024-03-12T11:51:37.717+0000] {processor.py:840} INFO - DAG(s) 'example_short_circuit_operator' retrieved from /home/airflow/.local/lib/python3.8/site-packages/airflow/example_dags/example_short_circuit_operator.py
[2024-03-12T11:51:37.735+0000] {logging_mixin.py:188} INFO - [2024-03-12T11:51:37.735+0000] {dag.py:3047} INFO - Sync 1 DAGs
[2024-03-12T11:51:37.749+0000] {logging_mixin.py:188} INFO - [2024-03-12T11:51:37.749+0000] {dag.py:3834} INFO - Setting next_dagrun for example_short_circuit_operator to 2024-03-11 00:00:00+00:00, run_after=2024-03-12 00:00:00+00:00
[2024-03-12T11:51:37.760+0000] {processor.py:183} INFO - Processing /home/airflow/.local/lib/python3.8/site-packages/airflow/example_dags/example_short_circuit_operator.py took 0.054 seconds
[2024-03-12T11:52:08.496+0000] {processor.py:161} INFO - Started process (PID=1317) to work on /home/airflow/.local/lib/python3.8/site-packages/airflow/example_dags/example_short_circuit_operator.py
[2024-03-12T11:52:08.497+0000] {processor.py:830} INFO - Processing file /home/airflow/.local/lib/python3.8/site-packages/airflow/example_dags/example_short_circuit_operator.py for tasks to queue
[2024-03-12T11:52:08.498+0000] {logging_mixin.py:188} INFO - [2024-03-12T11:52:08.498+0000] {dagbag.py:540} INFO - Filling up the DagBag from /home/airflow/.local/lib/python3.8/site-packages/airflow/example_dags/example_short_circuit_operator.py
[2024-03-12T11:52:08.504+0000] {processor.py:840} INFO - DAG(s) 'example_short_circuit_operator' retrieved from /home/airflow/.local/lib/python3.8/site-packages/airflow/example_dags/example_short_circuit_operator.py
[2024-03-12T11:52:08.522+0000] {logging_mixin.py:188} INFO - [2024-03-12T11:52:08.522+0000] {dag.py:3047} INFO - Sync 1 DAGs
[2024-03-12T11:52:08.537+0000] {logging_mixin.py:188} INFO - [2024-03-12T11:52:08.537+0000] {dag.py:3834} INFO - Setting next_dagrun for example_short_circuit_operator to 2024-03-11 00:00:00+00:00, run_after=2024-03-12 00:00:00+00:00
[2024-03-12T11:52:08.548+0000] {processor.py:183} INFO - Processing /home/airflow/.local/lib/python3.8/site-packages/airflow/example_dags/example_short_circuit_operator.py took 0.055 seconds
[2024-03-12T11:52:39.793+0000] {processor.py:161} INFO - Started process (PID=1566) to work on /home/airflow/.local/lib/python3.8/site-packages/airflow/example_dags/example_short_circuit_operator.py
[2024-03-12T11:52:39.796+0000] {processor.py:830} INFO - Processing file /home/airflow/.local/lib/python3.8/site-packages/airflow/example_dags/example_short_circuit_operator.py for tasks to queue
[2024-03-12T11:52:39.798+0000] {logging_mixin.py:188} INFO - [2024-03-12T11:52:39.797+0000] {dagbag.py:540} INFO - Filling up the DagBag from /home/airflow/.local/lib/python3.8/site-packages/airflow/example_dags/example_short_circuit_operator.py
[2024-03-12T11:52:39.809+0000] {processor.py:840} INFO - DAG(s) 'example_short_circuit_operator' retrieved from /home/airflow/.local/lib/python3.8/site-packages/airflow/example_dags/example_short_circuit_operator.py
[2024-03-12T11:52:39.839+0000] {logging_mixin.py:188} INFO - [2024-03-12T11:52:39.839+0000] {dag.py:3047} INFO - Sync 1 DAGs
[2024-03-12T11:52:39.854+0000] {logging_mixin.py:188} INFO - [2024-03-12T11:52:39.854+0000] {dag.py:3834} INFO - Setting next_dagrun for example_short_circuit_operator to 2024-03-11 00:00:00+00:00, run_after=2024-03-12 00:00:00+00:00
[2024-03-12T11:52:39.868+0000] {processor.py:183} INFO - Processing /home/airflow/.local/lib/python3.8/site-packages/airflow/example_dags/example_short_circuit_operator.py took 0.083 seconds
[2024-03-12T11:53:10.073+0000] {processor.py:161} INFO - Started process (PID=1811) to work on /home/airflow/.local/lib/python3.8/site-packages/airflow/example_dags/example_short_circuit_operator.py
[2024-03-12T11:53:10.074+0000] {processor.py:830} INFO - Processing file /home/airflow/.local/lib/python3.8/site-packages/airflow/example_dags/example_short_circuit_operator.py for tasks to queue
[2024-03-12T11:53:10.076+0000] {logging_mixin.py:188} INFO - [2024-03-12T11:53:10.075+0000] {dagbag.py:540} INFO - Filling up the DagBag from /home/airflow/.local/lib/python3.8/site-packages/airflow/example_dags/example_short_circuit_operator.py
[2024-03-12T11:53:10.082+0000] {processor.py:840} INFO - DAG(s) 'example_short_circuit_operator' retrieved from /home/airflow/.local/lib/python3.8/site-packages/airflow/example_dags/example_short_circuit_operator.py
[2024-03-12T11:53:10.101+0000] {logging_mixin.py:188} INFO - [2024-03-12T11:53:10.101+0000] {dag.py:3047} INFO - Sync 1 DAGs
[2024-03-12T11:53:10.114+0000] {logging_mixin.py:188} INFO - [2024-03-12T11:53:10.114+0000] {dag.py:3834} INFO - Setting next_dagrun for example_short_circuit_operator to 2024-03-11 00:00:00+00:00, run_after=2024-03-12 00:00:00+00:00
[2024-03-12T11:53:10.125+0000] {processor.py:183} INFO - Processing /home/airflow/.local/lib/python3.8/site-packages/airflow/example_dags/example_short_circuit_operator.py took 0.055 seconds
[2024-03-12T11:53:41.855+0000] {processor.py:161} INFO - Started process (PID=2058) to work on /home/airflow/.local/lib/python3.8/site-packages/airflow/example_dags/example_short_circuit_operator.py
[2024-03-12T11:53:41.857+0000] {processor.py:830} INFO - Processing file /home/airflow/.local/lib/python3.8/site-packages/airflow/example_dags/example_short_circuit_operator.py for tasks to queue
[2024-03-12T11:53:41.858+0000] {logging_mixin.py:188} INFO - [2024-03-12T11:53:41.858+0000] {dagbag.py:540} INFO - Filling up the DagBag from /home/airflow/.local/lib/python3.8/site-packages/airflow/example_dags/example_short_circuit_operator.py
[2024-03-12T11:53:41.870+0000] {processor.py:840} INFO - DAG(s) 'example_short_circuit_operator' retrieved from /home/airflow/.local/lib/python3.8/site-packages/airflow/example_dags/example_short_circuit_operator.py
[2024-03-12T11:53:41.895+0000] {logging_mixin.py:188} INFO - [2024-03-12T11:53:41.895+0000] {dag.py:3047} INFO - Sync 1 DAGs
[2024-03-12T11:53:41.912+0000] {logging_mixin.py:188} INFO - [2024-03-12T11:53:41.912+0000] {dag.py:3834} INFO - Setting next_dagrun for example_short_circuit_operator to 2024-03-11 00:00:00+00:00, run_after=2024-03-12 00:00:00+00:00
[2024-03-12T11:53:41.950+0000] {processor.py:183} INFO - Processing /home/airflow/.local/lib/python3.8/site-packages/airflow/example_dags/example_short_circuit_operator.py took 0.098 seconds
[2024-03-12T11:54:13.560+0000] {processor.py:161} INFO - Started process (PID=2305) to work on /home/airflow/.local/lib/python3.8/site-packages/airflow/example_dags/example_short_circuit_operator.py
[2024-03-12T11:54:13.562+0000] {processor.py:830} INFO - Processing file /home/airflow/.local/lib/python3.8/site-packages/airflow/example_dags/example_short_circuit_operator.py for tasks to queue
[2024-03-12T11:54:13.563+0000] {logging_mixin.py:188} INFO - [2024-03-12T11:54:13.563+0000] {dagbag.py:540} INFO - Filling up the DagBag from /home/airflow/.local/lib/python3.8/site-packages/airflow/example_dags/example_short_circuit_operator.py
[2024-03-12T11:54:13.570+0000] {processor.py:840} INFO - DAG(s) 'example_short_circuit_operator' retrieved from /home/airflow/.local/lib/python3.8/site-packages/airflow/example_dags/example_short_circuit_operator.py
[2024-03-12T11:54:13.591+0000] {logging_mixin.py:188} INFO - [2024-03-12T11:54:13.590+0000] {dag.py:3047} INFO - Sync 1 DAGs
[2024-03-12T11:54:13.606+0000] {logging_mixin.py:188} INFO - [2024-03-12T11:54:13.606+0000] {dag.py:3834} INFO - Setting next_dagrun for example_short_circuit_operator to 2024-03-11 00:00:00+00:00, run_after=2024-03-12 00:00:00+00:00
[2024-03-12T11:54:13.620+0000] {processor.py:183} INFO - Processing /home/airflow/.local/lib/python3.8/site-packages/airflow/example_dags/example_short_circuit_operator.py took 0.063 seconds
[2024-03-12T11:54:44.495+0000] {processor.py:161} INFO - Started process (PID=2554) to work on /home/airflow/.local/lib/python3.8/site-packages/airflow/example_dags/example_short_circuit_operator.py
[2024-03-12T11:54:44.496+0000] {processor.py:830} INFO - Processing file /home/airflow/.local/lib/python3.8/site-packages/airflow/example_dags/example_short_circuit_operator.py for tasks to queue
[2024-03-12T11:54:44.497+0000] {logging_mixin.py:188} INFO - [2024-03-12T11:54:44.497+0000] {dagbag.py:540} INFO - Filling up the DagBag from /home/airflow/.local/lib/python3.8/site-packages/airflow/example_dags/example_short_circuit_operator.py
[2024-03-12T11:54:44.503+0000] {processor.py:840} INFO - DAG(s) 'example_short_circuit_operator' retrieved from /home/airflow/.local/lib/python3.8/site-packages/airflow/example_dags/example_short_circuit_operator.py
[2024-03-12T11:54:44.520+0000] {logging_mixin.py:188} INFO - [2024-03-12T11:54:44.519+0000] {dag.py:3047} INFO - Sync 1 DAGs
[2024-03-12T11:54:44.532+0000] {logging_mixin.py:188} INFO - [2024-03-12T11:54:44.532+0000] {dag.py:3834} INFO - Setting next_dagrun for example_short_circuit_operator to 2024-03-11 00:00:00+00:00, run_after=2024-03-12 00:00:00+00:00
[2024-03-12T11:54:44.542+0000] {processor.py:183} INFO - Processing /home/airflow/.local/lib/python3.8/site-packages/airflow/example_dags/example_short_circuit_operator.py took 0.049 seconds
[2024-03-12T11:55:14.740+0000] {processor.py:161} INFO - Started process (PID=2801) to work on /home/airflow/.local/lib/python3.8/site-packages/airflow/example_dags/example_short_circuit_operator.py
[2024-03-12T11:55:14.743+0000] {processor.py:830} INFO - Processing file /home/airflow/.local/lib/python3.8/site-packages/airflow/example_dags/example_short_circuit_operator.py for tasks to queue
[2024-03-12T11:55:14.745+0000] {logging_mixin.py:188} INFO - [2024-03-12T11:55:14.745+0000] {dagbag.py:540} INFO - Filling up the DagBag from /home/airflow/.local/lib/python3.8/site-packages/airflow/example_dags/example_short_circuit_operator.py
[2024-03-12T11:55:14.754+0000] {processor.py:840} INFO - DAG(s) 'example_short_circuit_operator' retrieved from /home/airflow/.local/lib/python3.8/site-packages/airflow/example_dags/example_short_circuit_operator.py
[2024-03-12T11:55:14.773+0000] {logging_mixin.py:188} INFO - [2024-03-12T11:55:14.773+0000] {dag.py:3047} INFO - Sync 1 DAGs
[2024-03-12T11:55:14.787+0000] {logging_mixin.py:188} INFO - [2024-03-12T11:55:14.787+0000] {dag.py:3834} INFO - Setting next_dagrun for example_short_circuit_operator to 2024-03-11 00:00:00+00:00, run_after=2024-03-12 00:00:00+00:00
[2024-03-12T11:55:14.798+0000] {processor.py:183} INFO - Processing /home/airflow/.local/lib/python3.8/site-packages/airflow/example_dags/example_short_circuit_operator.py took 0.063 seconds
[2024-03-12T11:55:45.320+0000] {processor.py:161} INFO - Started process (PID=3046) to work on /home/airflow/.local/lib/python3.8/site-packages/airflow/example_dags/example_short_circuit_operator.py
[2024-03-12T11:55:45.321+0000] {processor.py:830} INFO - Processing file /home/airflow/.local/lib/python3.8/site-packages/airflow/example_dags/example_short_circuit_operator.py for tasks to queue
[2024-03-12T11:55:45.322+0000] {logging_mixin.py:188} INFO - [2024-03-12T11:55:45.321+0000] {dagbag.py:540} INFO - Filling up the DagBag from /home/airflow/.local/lib/python3.8/site-packages/airflow/example_dags/example_short_circuit_operator.py
[2024-03-12T11:55:45.327+0000] {processor.py:840} INFO - DAG(s) 'example_short_circuit_operator' retrieved from /home/airflow/.local/lib/python3.8/site-packages/airflow/example_dags/example_short_circuit_operator.py
[2024-03-12T11:55:45.344+0000] {logging_mixin.py:188} INFO - [2024-03-12T11:55:45.344+0000] {dag.py:3047} INFO - Sync 1 DAGs
[2024-03-12T11:55:45.357+0000] {logging_mixin.py:188} INFO - [2024-03-12T11:55:45.357+0000] {dag.py:3834} INFO - Setting next_dagrun for example_short_circuit_operator to 2024-03-11 00:00:00+00:00, run_after=2024-03-12 00:00:00+00:00
[2024-03-12T11:55:45.367+0000] {processor.py:183} INFO - Processing /home/airflow/.local/lib/python3.8/site-packages/airflow/example_dags/example_short_circuit_operator.py took 0.050 seconds
[2024-03-12T11:57:08.244+0000] {processor.py:161} INFO - Started process (PID=329) to work on /home/airflow/.local/lib/python3.8/site-packages/airflow/example_dags/example_short_circuit_operator.py
[2024-03-12T11:57:08.247+0000] {processor.py:830} INFO - Processing file /home/airflow/.local/lib/python3.8/site-packages/airflow/example_dags/example_short_circuit_operator.py for tasks to queue
[2024-03-12T11:57:08.249+0000] {logging_mixin.py:188} INFO - [2024-03-12T11:57:08.248+0000] {dagbag.py:540} INFO - Filling up the DagBag from /home/airflow/.local/lib/python3.8/site-packages/airflow/example_dags/example_short_circuit_operator.py
[2024-03-12T11:57:08.258+0000] {processor.py:840} INFO - DAG(s) 'example_short_circuit_operator' retrieved from /home/airflow/.local/lib/python3.8/site-packages/airflow/example_dags/example_short_circuit_operator.py
[2024-03-12T11:57:08.280+0000] {logging_mixin.py:188} INFO - [2024-03-12T11:57:08.280+0000] {dag.py:3047} INFO - Sync 1 DAGs
[2024-03-12T11:57:08.300+0000] {logging_mixin.py:188} INFO - [2024-03-12T11:57:08.300+0000] {dag.py:3834} INFO - Setting next_dagrun for example_short_circuit_operator to 2024-03-11 00:00:00+00:00, run_after=2024-03-12 00:00:00+00:00
[2024-03-12T11:57:08.312+0000] {processor.py:183} INFO - Processing /home/airflow/.local/lib/python3.8/site-packages/airflow/example_dags/example_short_circuit_operator.py took 0.070 seconds
[2024-03-12T11:57:38.464+0000] {processor.py:161} INFO - Started process (PID=576) to work on /home/airflow/.local/lib/python3.8/site-packages/airflow/example_dags/example_short_circuit_operator.py
[2024-03-12T11:57:38.465+0000] {processor.py:830} INFO - Processing file /home/airflow/.local/lib/python3.8/site-packages/airflow/example_dags/example_short_circuit_operator.py for tasks to queue
[2024-03-12T11:57:38.466+0000] {logging_mixin.py:188} INFO - [2024-03-12T11:57:38.466+0000] {dagbag.py:540} INFO - Filling up the DagBag from /home/airflow/.local/lib/python3.8/site-packages/airflow/example_dags/example_short_circuit_operator.py
[2024-03-12T11:57:38.472+0000] {processor.py:840} INFO - DAG(s) 'example_short_circuit_operator' retrieved from /home/airflow/.local/lib/python3.8/site-packages/airflow/example_dags/example_short_circuit_operator.py
[2024-03-12T11:57:38.489+0000] {logging_mixin.py:188} INFO - [2024-03-12T11:57:38.489+0000] {dag.py:3047} INFO - Sync 1 DAGs
[2024-03-12T11:57:38.501+0000] {logging_mixin.py:188} INFO - [2024-03-12T11:57:38.501+0000] {dag.py:3834} INFO - Setting next_dagrun for example_short_circuit_operator to 2024-03-11 00:00:00+00:00, run_after=2024-03-12 00:00:00+00:00
[2024-03-12T11:57:38.514+0000] {processor.py:183} INFO - Processing /home/airflow/.local/lib/python3.8/site-packages/airflow/example_dags/example_short_circuit_operator.py took 0.054 seconds
[2024-03-12T11:58:36.009+0000] {processor.py:161} INFO - Started process (PID=329) to work on /home/airflow/.local/lib/python3.8/site-packages/airflow/example_dags/example_short_circuit_operator.py
[2024-03-12T11:58:36.010+0000] {processor.py:830} INFO - Processing file /home/airflow/.local/lib/python3.8/site-packages/airflow/example_dags/example_short_circuit_operator.py for tasks to queue
[2024-03-12T11:58:36.011+0000] {logging_mixin.py:188} INFO - [2024-03-12T11:58:36.011+0000] {dagbag.py:540} INFO - Filling up the DagBag from /home/airflow/.local/lib/python3.8/site-packages/airflow/example_dags/example_short_circuit_operator.py
[2024-03-12T11:58:36.016+0000] {processor.py:840} INFO - DAG(s) 'example_short_circuit_operator' retrieved from /home/airflow/.local/lib/python3.8/site-packages/airflow/example_dags/example_short_circuit_operator.py
[2024-03-12T11:58:36.034+0000] {logging_mixin.py:188} INFO - [2024-03-12T11:58:36.034+0000] {dag.py:3047} INFO - Sync 1 DAGs
[2024-03-12T11:58:36.046+0000] {logging_mixin.py:188} INFO - [2024-03-12T11:58:36.046+0000] {dag.py:3834} INFO - Setting next_dagrun for example_short_circuit_operator to 2024-03-11 00:00:00+00:00, run_after=2024-03-12 00:00:00+00:00
[2024-03-12T11:58:36.056+0000] {processor.py:183} INFO - Processing /home/airflow/.local/lib/python3.8/site-packages/airflow/example_dags/example_short_circuit_operator.py took 0.050 seconds
[2024-03-12T11:59:06.137+0000] {processor.py:161} INFO - Started process (PID=576) to work on /home/airflow/.local/lib/python3.8/site-packages/airflow/example_dags/example_short_circuit_operator.py
[2024-03-12T11:59:06.139+0000] {processor.py:830} INFO - Processing file /home/airflow/.local/lib/python3.8/site-packages/airflow/example_dags/example_short_circuit_operator.py for tasks to queue
[2024-03-12T11:59:06.140+0000] {logging_mixin.py:188} INFO - [2024-03-12T11:59:06.139+0000] {dagbag.py:540} INFO - Filling up the DagBag from /home/airflow/.local/lib/python3.8/site-packages/airflow/example_dags/example_short_circuit_operator.py
[2024-03-12T11:59:06.146+0000] {processor.py:840} INFO - DAG(s) 'example_short_circuit_operator' retrieved from /home/airflow/.local/lib/python3.8/site-packages/airflow/example_dags/example_short_circuit_operator.py
[2024-03-12T11:59:06.164+0000] {logging_mixin.py:188} INFO - [2024-03-12T11:59:06.164+0000] {dag.py:3047} INFO - Sync 1 DAGs
[2024-03-12T11:59:06.177+0000] {logging_mixin.py:188} INFO - [2024-03-12T11:59:06.176+0000] {dag.py:3834} INFO - Setting next_dagrun for example_short_circuit_operator to 2024-03-11 00:00:00+00:00, run_after=2024-03-12 00:00:00+00:00
[2024-03-12T11:59:06.187+0000] {processor.py:183} INFO - Processing /home/airflow/.local/lib/python3.8/site-packages/airflow/example_dags/example_short_circuit_operator.py took 0.052 seconds
[2024-03-12T11:59:36.607+0000] {processor.py:161} INFO - Started process (PID=823) to work on /home/airflow/.local/lib/python3.8/site-packages/airflow/example_dags/example_short_circuit_operator.py
[2024-03-12T11:59:36.609+0000] {processor.py:830} INFO - Processing file /home/airflow/.local/lib/python3.8/site-packages/airflow/example_dags/example_short_circuit_operator.py for tasks to queue
[2024-03-12T11:59:36.611+0000] {logging_mixin.py:188} INFO - [2024-03-12T11:59:36.611+0000] {dagbag.py:540} INFO - Filling up the DagBag from /home/airflow/.local/lib/python3.8/site-packages/airflow/example_dags/example_short_circuit_operator.py
[2024-03-12T11:59:36.618+0000] {processor.py:840} INFO - DAG(s) 'example_short_circuit_operator' retrieved from /home/airflow/.local/lib/python3.8/site-packages/airflow/example_dags/example_short_circuit_operator.py
[2024-03-12T11:59:36.635+0000] {logging_mixin.py:188} INFO - [2024-03-12T11:59:36.635+0000] {dag.py:3047} INFO - Sync 1 DAGs
[2024-03-12T11:59:36.648+0000] {logging_mixin.py:188} INFO - [2024-03-12T11:59:36.648+0000] {dag.py:3834} INFO - Setting next_dagrun for example_short_circuit_operator to 2024-03-11 00:00:00+00:00, run_after=2024-03-12 00:00:00+00:00
[2024-03-12T11:59:36.658+0000] {processor.py:183} INFO - Processing /home/airflow/.local/lib/python3.8/site-packages/airflow/example_dags/example_short_circuit_operator.py took 0.054 seconds
[2024-03-12T12:00:07.573+0000] {processor.py:161} INFO - Started process (PID=1072) to work on /home/airflow/.local/lib/python3.8/site-packages/airflow/example_dags/example_short_circuit_operator.py
[2024-03-12T12:00:07.574+0000] {processor.py:830} INFO - Processing file /home/airflow/.local/lib/python3.8/site-packages/airflow/example_dags/example_short_circuit_operator.py for tasks to queue
[2024-03-12T12:00:07.575+0000] {logging_mixin.py:188} INFO - [2024-03-12T12:00:07.575+0000] {dagbag.py:540} INFO - Filling up the DagBag from /home/airflow/.local/lib/python3.8/site-packages/airflow/example_dags/example_short_circuit_operator.py
[2024-03-12T12:00:07.580+0000] {processor.py:840} INFO - DAG(s) 'example_short_circuit_operator' retrieved from /home/airflow/.local/lib/python3.8/site-packages/airflow/example_dags/example_short_circuit_operator.py
[2024-03-12T12:00:07.597+0000] {logging_mixin.py:188} INFO - [2024-03-12T12:00:07.597+0000] {dag.py:3047} INFO - Sync 1 DAGs
[2024-03-12T12:00:07.609+0000] {logging_mixin.py:188} INFO - [2024-03-12T12:00:07.609+0000] {dag.py:3834} INFO - Setting next_dagrun for example_short_circuit_operator to 2024-03-11 00:00:00+00:00, run_after=2024-03-12 00:00:00+00:00
[2024-03-12T12:00:07.618+0000] {processor.py:183} INFO - Processing /home/airflow/.local/lib/python3.8/site-packages/airflow/example_dags/example_short_circuit_operator.py took 0.048 seconds
[2024-03-12T12:00:38.678+0000] {processor.py:161} INFO - Started process (PID=1319) to work on /home/airflow/.local/lib/python3.8/site-packages/airflow/example_dags/example_short_circuit_operator.py
[2024-03-12T12:00:38.680+0000] {processor.py:830} INFO - Processing file /home/airflow/.local/lib/python3.8/site-packages/airflow/example_dags/example_short_circuit_operator.py for tasks to queue
[2024-03-12T12:00:38.681+0000] {logging_mixin.py:188} INFO - [2024-03-12T12:00:38.681+0000] {dagbag.py:540} INFO - Filling up the DagBag from /home/airflow/.local/lib/python3.8/site-packages/airflow/example_dags/example_short_circuit_operator.py
[2024-03-12T12:00:38.688+0000] {processor.py:840} INFO - DAG(s) 'example_short_circuit_operator' retrieved from /home/airflow/.local/lib/python3.8/site-packages/airflow/example_dags/example_short_circuit_operator.py
[2024-03-12T12:00:38.714+0000] {logging_mixin.py:188} INFO - [2024-03-12T12:00:38.713+0000] {dag.py:3047} INFO - Sync 1 DAGs
[2024-03-12T12:00:38.730+0000] {logging_mixin.py:188} INFO - [2024-03-12T12:00:38.729+0000] {dag.py:3834} INFO - Setting next_dagrun for example_short_circuit_operator to 2024-03-11 00:00:00+00:00, run_after=2024-03-12 00:00:00+00:00
[2024-03-12T12:00:38.742+0000] {processor.py:183} INFO - Processing /home/airflow/.local/lib/python3.8/site-packages/airflow/example_dags/example_short_circuit_operator.py took 0.067 seconds
[2024-03-12T12:01:09.424+0000] {processor.py:161} INFO - Started process (PID=1564) to work on /home/airflow/.local/lib/python3.8/site-packages/airflow/example_dags/example_short_circuit_operator.py
[2024-03-12T12:01:09.426+0000] {processor.py:830} INFO - Processing file /home/airflow/.local/lib/python3.8/site-packages/airflow/example_dags/example_short_circuit_operator.py for tasks to queue
[2024-03-12T12:01:09.427+0000] {logging_mixin.py:188} INFO - [2024-03-12T12:01:09.426+0000] {dagbag.py:540} INFO - Filling up the DagBag from /home/airflow/.local/lib/python3.8/site-packages/airflow/example_dags/example_short_circuit_operator.py
[2024-03-12T12:01:09.433+0000] {processor.py:840} INFO - DAG(s) 'example_short_circuit_operator' retrieved from /home/airflow/.local/lib/python3.8/site-packages/airflow/example_dags/example_short_circuit_operator.py
[2024-03-12T12:01:09.451+0000] {logging_mixin.py:188} INFO - [2024-03-12T12:01:09.451+0000] {dag.py:3047} INFO - Sync 1 DAGs
[2024-03-12T12:01:09.465+0000] {logging_mixin.py:188} INFO - [2024-03-12T12:01:09.465+0000] {dag.py:3834} INFO - Setting next_dagrun for example_short_circuit_operator to 2024-03-11 00:00:00+00:00, run_after=2024-03-12 00:00:00+00:00
[2024-03-12T12:01:09.475+0000] {processor.py:183} INFO - Processing /home/airflow/.local/lib/python3.8/site-packages/airflow/example_dags/example_short_circuit_operator.py took 0.053 seconds
[2024-03-12T12:01:40.403+0000] {processor.py:161} INFO - Started process (PID=1811) to work on /home/airflow/.local/lib/python3.8/site-packages/airflow/example_dags/example_short_circuit_operator.py
[2024-03-12T12:01:40.405+0000] {processor.py:830} INFO - Processing file /home/airflow/.local/lib/python3.8/site-packages/airflow/example_dags/example_short_circuit_operator.py for tasks to queue
[2024-03-12T12:01:40.406+0000] {logging_mixin.py:188} INFO - [2024-03-12T12:01:40.406+0000] {dagbag.py:540} INFO - Filling up the DagBag from /home/airflow/.local/lib/python3.8/site-packages/airflow/example_dags/example_short_circuit_operator.py
[2024-03-12T12:01:40.414+0000] {processor.py:840} INFO - DAG(s) 'example_short_circuit_operator' retrieved from /home/airflow/.local/lib/python3.8/site-packages/airflow/example_dags/example_short_circuit_operator.py
[2024-03-12T12:01:40.433+0000] {logging_mixin.py:188} INFO - [2024-03-12T12:01:40.432+0000] {dag.py:3047} INFO - Sync 1 DAGs
[2024-03-12T12:01:40.446+0000] {logging_mixin.py:188} INFO - [2024-03-12T12:01:40.446+0000] {dag.py:3834} INFO - Setting next_dagrun for example_short_circuit_operator to 2024-03-11 00:00:00+00:00, run_after=2024-03-12 00:00:00+00:00
[2024-03-12T12:01:40.461+0000] {processor.py:183} INFO - Processing /home/airflow/.local/lib/python3.8/site-packages/airflow/example_dags/example_short_circuit_operator.py took 0.061 seconds
[2024-03-12T12:02:11.143+0000] {processor.py:161} INFO - Started process (PID=2058) to work on /home/airflow/.local/lib/python3.8/site-packages/airflow/example_dags/example_short_circuit_operator.py
[2024-03-12T12:02:11.145+0000] {processor.py:830} INFO - Processing file /home/airflow/.local/lib/python3.8/site-packages/airflow/example_dags/example_short_circuit_operator.py for tasks to queue
[2024-03-12T12:02:11.146+0000] {logging_mixin.py:188} INFO - [2024-03-12T12:02:11.145+0000] {dagbag.py:540} INFO - Filling up the DagBag from /home/airflow/.local/lib/python3.8/site-packages/airflow/example_dags/example_short_circuit_operator.py
[2024-03-12T12:02:11.151+0000] {processor.py:840} INFO - DAG(s) 'example_short_circuit_operator' retrieved from /home/airflow/.local/lib/python3.8/site-packages/airflow/example_dags/example_short_circuit_operator.py
[2024-03-12T12:02:11.171+0000] {logging_mixin.py:188} INFO - [2024-03-12T12:02:11.171+0000] {dag.py:3047} INFO - Sync 1 DAGs
[2024-03-12T12:02:11.184+0000] {logging_mixin.py:188} INFO - [2024-03-12T12:02:11.184+0000] {dag.py:3834} INFO - Setting next_dagrun for example_short_circuit_operator to 2024-03-11 00:00:00+00:00, run_after=2024-03-12 00:00:00+00:00
[2024-03-12T12:02:11.194+0000] {processor.py:183} INFO - Processing /home/airflow/.local/lib/python3.8/site-packages/airflow/example_dags/example_short_circuit_operator.py took 0.054 seconds
[2024-03-12T12:02:41.997+0000] {processor.py:161} INFO - Started process (PID=2305) to work on /home/airflow/.local/lib/python3.8/site-packages/airflow/example_dags/example_short_circuit_operator.py
[2024-03-12T12:02:41.999+0000] {processor.py:830} INFO - Processing file /home/airflow/.local/lib/python3.8/site-packages/airflow/example_dags/example_short_circuit_operator.py for tasks to queue
[2024-03-12T12:02:42.000+0000] {logging_mixin.py:188} INFO - [2024-03-12T12:02:41.999+0000] {dagbag.py:540} INFO - Filling up the DagBag from /home/airflow/.local/lib/python3.8/site-packages/airflow/example_dags/example_short_circuit_operator.py
[2024-03-12T12:02:42.006+0000] {processor.py:840} INFO - DAG(s) 'example_short_circuit_operator' retrieved from /home/airflow/.local/lib/python3.8/site-packages/airflow/example_dags/example_short_circuit_operator.py
[2024-03-12T12:02:42.025+0000] {logging_mixin.py:188} INFO - [2024-03-12T12:02:42.025+0000] {dag.py:3047} INFO - Sync 1 DAGs
[2024-03-12T12:02:42.039+0000] {logging_mixin.py:188} INFO - [2024-03-12T12:02:42.039+0000] {dag.py:3834} INFO - Setting next_dagrun for example_short_circuit_operator to 2024-03-11 00:00:00+00:00, run_after=2024-03-12 00:00:00+00:00
[2024-03-12T12:02:42.049+0000] {processor.py:183} INFO - Processing /home/airflow/.local/lib/python3.8/site-packages/airflow/example_dags/example_short_circuit_operator.py took 0.056 seconds
[2024-03-12T12:03:13.734+0000] {processor.py:161} INFO - Started process (PID=2552) to work on /home/airflow/.local/lib/python3.8/site-packages/airflow/example_dags/example_short_circuit_operator.py
[2024-03-12T12:03:13.738+0000] {processor.py:830} INFO - Processing file /home/airflow/.local/lib/python3.8/site-packages/airflow/example_dags/example_short_circuit_operator.py for tasks to queue
[2024-03-12T12:03:13.739+0000] {logging_mixin.py:188} INFO - [2024-03-12T12:03:13.739+0000] {dagbag.py:540} INFO - Filling up the DagBag from /home/airflow/.local/lib/python3.8/site-packages/airflow/example_dags/example_short_circuit_operator.py
[2024-03-12T12:03:13.746+0000] {processor.py:840} INFO - DAG(s) 'example_short_circuit_operator' retrieved from /home/airflow/.local/lib/python3.8/site-packages/airflow/example_dags/example_short_circuit_operator.py
[2024-03-12T12:03:13.768+0000] {logging_mixin.py:188} INFO - [2024-03-12T12:03:13.768+0000] {dag.py:3047} INFO - Sync 1 DAGs
[2024-03-12T12:03:13.783+0000] {logging_mixin.py:188} INFO - [2024-03-12T12:03:13.783+0000] {dag.py:3834} INFO - Setting next_dagrun for example_short_circuit_operator to 2024-03-11 00:00:00+00:00, run_after=2024-03-12 00:00:00+00:00
[2024-03-12T12:03:13.795+0000] {processor.py:183} INFO - Processing /home/airflow/.local/lib/python3.8/site-packages/airflow/example_dags/example_short_circuit_operator.py took 0.065 seconds
[2024-03-12T12:03:45.145+0000] {processor.py:161} INFO - Started process (PID=2799) to work on /home/airflow/.local/lib/python3.8/site-packages/airflow/example_dags/example_short_circuit_operator.py
[2024-03-12T12:03:45.147+0000] {processor.py:830} INFO - Processing file /home/airflow/.local/lib/python3.8/site-packages/airflow/example_dags/example_short_circuit_operator.py for tasks to queue
[2024-03-12T12:03:45.149+0000] {logging_mixin.py:188} INFO - [2024-03-12T12:03:45.148+0000] {dagbag.py:540} INFO - Filling up the DagBag from /home/airflow/.local/lib/python3.8/site-packages/airflow/example_dags/example_short_circuit_operator.py
[2024-03-12T12:03:45.156+0000] {processor.py:840} INFO - DAG(s) 'example_short_circuit_operator' retrieved from /home/airflow/.local/lib/python3.8/site-packages/airflow/example_dags/example_short_circuit_operator.py
[2024-03-12T12:03:45.178+0000] {logging_mixin.py:188} INFO - [2024-03-12T12:03:45.177+0000] {dag.py:3047} INFO - Sync 1 DAGs
[2024-03-12T12:03:45.201+0000] {logging_mixin.py:188} INFO - [2024-03-12T12:03:45.200+0000] {dag.py:3834} INFO - Setting next_dagrun for example_short_circuit_operator to 2024-03-11 00:00:00+00:00, run_after=2024-03-12 00:00:00+00:00
[2024-03-12T12:03:45.217+0000] {processor.py:183} INFO - Processing /home/airflow/.local/lib/python3.8/site-packages/airflow/example_dags/example_short_circuit_operator.py took 0.076 seconds
[2024-03-12T12:04:16.470+0000] {processor.py:161} INFO - Started process (PID=3046) to work on /home/airflow/.local/lib/python3.8/site-packages/airflow/example_dags/example_short_circuit_operator.py
[2024-03-12T12:04:16.472+0000] {processor.py:830} INFO - Processing file /home/airflow/.local/lib/python3.8/site-packages/airflow/example_dags/example_short_circuit_operator.py for tasks to queue
[2024-03-12T12:04:16.473+0000] {logging_mixin.py:188} INFO - [2024-03-12T12:04:16.473+0000] {dagbag.py:540} INFO - Filling up the DagBag from /home/airflow/.local/lib/python3.8/site-packages/airflow/example_dags/example_short_circuit_operator.py
[2024-03-12T12:04:16.483+0000] {processor.py:840} INFO - DAG(s) 'example_short_circuit_operator' retrieved from /home/airflow/.local/lib/python3.8/site-packages/airflow/example_dags/example_short_circuit_operator.py
[2024-03-12T12:04:16.509+0000] {logging_mixin.py:188} INFO - [2024-03-12T12:04:16.508+0000] {dag.py:3047} INFO - Sync 1 DAGs
[2024-03-12T12:04:16.541+0000] {logging_mixin.py:188} INFO - [2024-03-12T12:04:16.541+0000] {dag.py:3834} INFO - Setting next_dagrun for example_short_circuit_operator to 2024-03-11 00:00:00+00:00, run_after=2024-03-12 00:00:00+00:00
[2024-03-12T12:04:16.569+0000] {processor.py:183} INFO - Processing /home/airflow/.local/lib/python3.8/site-packages/airflow/example_dags/example_short_circuit_operator.py took 0.103 seconds
[2024-03-12T12:04:46.639+0000] {processor.py:161} INFO - Started process (PID=3293) to work on /home/airflow/.local/lib/python3.8/site-packages/airflow/example_dags/example_short_circuit_operator.py
[2024-03-12T12:04:46.641+0000] {processor.py:830} INFO - Processing file /home/airflow/.local/lib/python3.8/site-packages/airflow/example_dags/example_short_circuit_operator.py for tasks to queue
[2024-03-12T12:04:46.645+0000] {logging_mixin.py:188} INFO - [2024-03-12T12:04:46.644+0000] {dagbag.py:540} INFO - Filling up the DagBag from /home/airflow/.local/lib/python3.8/site-packages/airflow/example_dags/example_short_circuit_operator.py
[2024-03-12T12:04:46.653+0000] {processor.py:840} INFO - DAG(s) 'example_short_circuit_operator' retrieved from /home/airflow/.local/lib/python3.8/site-packages/airflow/example_dags/example_short_circuit_operator.py
[2024-03-12T12:04:46.679+0000] {logging_mixin.py:188} INFO - [2024-03-12T12:04:46.679+0000] {dag.py:3047} INFO - Sync 1 DAGs
[2024-03-12T12:04:46.693+0000] {logging_mixin.py:188} INFO - [2024-03-12T12:04:46.692+0000] {dag.py:3834} INFO - Setting next_dagrun for example_short_circuit_operator to 2024-03-11 00:00:00+00:00, run_after=2024-03-12 00:00:00+00:00
[2024-03-12T12:04:46.709+0000] {processor.py:183} INFO - Processing /home/airflow/.local/lib/python3.8/site-packages/airflow/example_dags/example_short_circuit_operator.py took 0.074 seconds
[2024-03-12T12:05:17.871+0000] {processor.py:161} INFO - Started process (PID=3541) to work on /home/airflow/.local/lib/python3.8/site-packages/airflow/example_dags/example_short_circuit_operator.py
[2024-03-12T12:05:17.873+0000] {processor.py:830} INFO - Processing file /home/airflow/.local/lib/python3.8/site-packages/airflow/example_dags/example_short_circuit_operator.py for tasks to queue
[2024-03-12T12:05:17.875+0000] {logging_mixin.py:188} INFO - [2024-03-12T12:05:17.874+0000] {dagbag.py:540} INFO - Filling up the DagBag from /home/airflow/.local/lib/python3.8/site-packages/airflow/example_dags/example_short_circuit_operator.py
[2024-03-12T12:05:17.882+0000] {processor.py:840} INFO - DAG(s) 'example_short_circuit_operator' retrieved from /home/airflow/.local/lib/python3.8/site-packages/airflow/example_dags/example_short_circuit_operator.py
[2024-03-12T12:05:17.924+0000] {logging_mixin.py:188} INFO - [2024-03-12T12:05:17.923+0000] {dag.py:3047} INFO - Sync 1 DAGs
[2024-03-12T12:05:17.952+0000] {logging_mixin.py:188} INFO - [2024-03-12T12:05:17.952+0000] {dag.py:3834} INFO - Setting next_dagrun for example_short_circuit_operator to 2024-03-11 00:00:00+00:00, run_after=2024-03-12 00:00:00+00:00
[2024-03-12T12:05:17.978+0000] {processor.py:183} INFO - Processing /home/airflow/.local/lib/python3.8/site-packages/airflow/example_dags/example_short_circuit_operator.py took 0.110 seconds
[2024-03-12T12:05:48.013+0000] {processor.py:161} INFO - Started process (PID=3788) to work on /home/airflow/.local/lib/python3.8/site-packages/airflow/example_dags/example_short_circuit_operator.py
[2024-03-12T12:05:48.015+0000] {processor.py:830} INFO - Processing file /home/airflow/.local/lib/python3.8/site-packages/airflow/example_dags/example_short_circuit_operator.py for tasks to queue
[2024-03-12T12:05:48.016+0000] {logging_mixin.py:188} INFO - [2024-03-12T12:05:48.016+0000] {dagbag.py:540} INFO - Filling up the DagBag from /home/airflow/.local/lib/python3.8/site-packages/airflow/example_dags/example_short_circuit_operator.py
[2024-03-12T12:05:48.022+0000] {processor.py:840} INFO - DAG(s) 'example_short_circuit_operator' retrieved from /home/airflow/.local/lib/python3.8/site-packages/airflow/example_dags/example_short_circuit_operator.py
[2024-03-12T12:05:48.043+0000] {logging_mixin.py:188} INFO - [2024-03-12T12:05:48.043+0000] {dag.py:3047} INFO - Sync 1 DAGs
[2024-03-12T12:05:48.057+0000] {logging_mixin.py:188} INFO - [2024-03-12T12:05:48.057+0000] {dag.py:3834} INFO - Setting next_dagrun for example_short_circuit_operator to 2024-03-11 00:00:00+00:00, run_after=2024-03-12 00:00:00+00:00
[2024-03-12T12:05:48.068+0000] {processor.py:183} INFO - Processing /home/airflow/.local/lib/python3.8/site-packages/airflow/example_dags/example_short_circuit_operator.py took 0.058 seconds
[2024-03-12T12:06:19.935+0000] {processor.py:161} INFO - Started process (PID=4035) to work on /home/airflow/.local/lib/python3.8/site-packages/airflow/example_dags/example_short_circuit_operator.py
[2024-03-12T12:06:19.937+0000] {processor.py:830} INFO - Processing file /home/airflow/.local/lib/python3.8/site-packages/airflow/example_dags/example_short_circuit_operator.py for tasks to queue
[2024-03-12T12:06:19.938+0000] {logging_mixin.py:188} INFO - [2024-03-12T12:06:19.937+0000] {dagbag.py:540} INFO - Filling up the DagBag from /home/airflow/.local/lib/python3.8/site-packages/airflow/example_dags/example_short_circuit_operator.py
[2024-03-12T12:06:19.943+0000] {processor.py:840} INFO - DAG(s) 'example_short_circuit_operator' retrieved from /home/airflow/.local/lib/python3.8/site-packages/airflow/example_dags/example_short_circuit_operator.py
[2024-03-12T12:06:19.960+0000] {logging_mixin.py:188} INFO - [2024-03-12T12:06:19.960+0000] {dag.py:3047} INFO - Sync 1 DAGs
[2024-03-12T12:06:19.973+0000] {logging_mixin.py:188} INFO - [2024-03-12T12:06:19.972+0000] {dag.py:3834} INFO - Setting next_dagrun for example_short_circuit_operator to 2024-03-11 00:00:00+00:00, run_after=2024-03-12 00:00:00+00:00
[2024-03-12T12:06:19.983+0000] {processor.py:183} INFO - Processing /home/airflow/.local/lib/python3.8/site-packages/airflow/example_dags/example_short_circuit_operator.py took 0.050 seconds
[2024-03-12T12:06:51.187+0000] {processor.py:161} INFO - Started process (PID=4282) to work on /home/airflow/.local/lib/python3.8/site-packages/airflow/example_dags/example_short_circuit_operator.py
[2024-03-12T12:06:51.188+0000] {processor.py:830} INFO - Processing file /home/airflow/.local/lib/python3.8/site-packages/airflow/example_dags/example_short_circuit_operator.py for tasks to queue
[2024-03-12T12:06:51.190+0000] {logging_mixin.py:188} INFO - [2024-03-12T12:06:51.190+0000] {dagbag.py:540} INFO - Filling up the DagBag from /home/airflow/.local/lib/python3.8/site-packages/airflow/example_dags/example_short_circuit_operator.py
[2024-03-12T12:06:51.197+0000] {processor.py:840} INFO - DAG(s) 'example_short_circuit_operator' retrieved from /home/airflow/.local/lib/python3.8/site-packages/airflow/example_dags/example_short_circuit_operator.py
[2024-03-12T12:06:51.219+0000] {logging_mixin.py:188} INFO - [2024-03-12T12:06:51.219+0000] {dag.py:3047} INFO - Sync 1 DAGs
[2024-03-12T12:06:51.234+0000] {logging_mixin.py:188} INFO - [2024-03-12T12:06:51.234+0000] {dag.py:3834} INFO - Setting next_dagrun for example_short_circuit_operator to 2024-03-11 00:00:00+00:00, run_after=2024-03-12 00:00:00+00:00
[2024-03-12T12:06:51.249+0000] {processor.py:183} INFO - Processing /home/airflow/.local/lib/python3.8/site-packages/airflow/example_dags/example_short_circuit_operator.py took 0.065 seconds
[2024-03-12T12:07:21.769+0000] {processor.py:161} INFO - Started process (PID=4529) to work on /home/airflow/.local/lib/python3.8/site-packages/airflow/example_dags/example_short_circuit_operator.py
[2024-03-12T12:07:21.771+0000] {processor.py:830} INFO - Processing file /home/airflow/.local/lib/python3.8/site-packages/airflow/example_dags/example_short_circuit_operator.py for tasks to queue
[2024-03-12T12:07:21.772+0000] {logging_mixin.py:188} INFO - [2024-03-12T12:07:21.772+0000] {dagbag.py:540} INFO - Filling up the DagBag from /home/airflow/.local/lib/python3.8/site-packages/airflow/example_dags/example_short_circuit_operator.py
[2024-03-12T12:07:21.778+0000] {processor.py:840} INFO - DAG(s) 'example_short_circuit_operator' retrieved from /home/airflow/.local/lib/python3.8/site-packages/airflow/example_dags/example_short_circuit_operator.py
[2024-03-12T12:07:21.804+0000] {logging_mixin.py:188} INFO - [2024-03-12T12:07:21.803+0000] {dag.py:3047} INFO - Sync 1 DAGs
[2024-03-12T12:07:21.820+0000] {logging_mixin.py:188} INFO - [2024-03-12T12:07:21.819+0000] {dag.py:3834} INFO - Setting next_dagrun for example_short_circuit_operator to 2024-03-11 00:00:00+00:00, run_after=2024-03-12 00:00:00+00:00
[2024-03-12T12:07:21.829+0000] {processor.py:183} INFO - Processing /home/airflow/.local/lib/python3.8/site-packages/airflow/example_dags/example_short_circuit_operator.py took 0.063 seconds
[2024-03-12T12:07:52.248+0000] {processor.py:161} INFO - Started process (PID=4776) to work on /home/airflow/.local/lib/python3.8/site-packages/airflow/example_dags/example_short_circuit_operator.py
[2024-03-12T12:07:52.250+0000] {processor.py:830} INFO - Processing file /home/airflow/.local/lib/python3.8/site-packages/airflow/example_dags/example_short_circuit_operator.py for tasks to queue
[2024-03-12T12:07:52.251+0000] {logging_mixin.py:188} INFO - [2024-03-12T12:07:52.251+0000] {dagbag.py:540} INFO - Filling up the DagBag from /home/airflow/.local/lib/python3.8/site-packages/airflow/example_dags/example_short_circuit_operator.py
[2024-03-12T12:07:52.257+0000] {processor.py:840} INFO - DAG(s) 'example_short_circuit_operator' retrieved from /home/airflow/.local/lib/python3.8/site-packages/airflow/example_dags/example_short_circuit_operator.py
[2024-03-12T12:07:52.274+0000] {logging_mixin.py:188} INFO - [2024-03-12T12:07:52.274+0000] {dag.py:3047} INFO - Sync 1 DAGs
[2024-03-12T12:07:52.287+0000] {logging_mixin.py:188} INFO - [2024-03-12T12:07:52.287+0000] {dag.py:3834} INFO - Setting next_dagrun for example_short_circuit_operator to 2024-03-11 00:00:00+00:00, run_after=2024-03-12 00:00:00+00:00
[2024-03-12T12:07:52.298+0000] {processor.py:183} INFO - Processing /home/airflow/.local/lib/python3.8/site-packages/airflow/example_dags/example_short_circuit_operator.py took 0.052 seconds
[2024-03-12T12:08:22.603+0000] {processor.py:161} INFO - Started process (PID=5023) to work on /home/airflow/.local/lib/python3.8/site-packages/airflow/example_dags/example_short_circuit_operator.py
[2024-03-12T12:08:22.604+0000] {processor.py:830} INFO - Processing file /home/airflow/.local/lib/python3.8/site-packages/airflow/example_dags/example_short_circuit_operator.py for tasks to queue
[2024-03-12T12:08:22.605+0000] {logging_mixin.py:188} INFO - [2024-03-12T12:08:22.605+0000] {dagbag.py:540} INFO - Filling up the DagBag from /home/airflow/.local/lib/python3.8/site-packages/airflow/example_dags/example_short_circuit_operator.py
[2024-03-12T12:08:22.611+0000] {processor.py:840} INFO - DAG(s) 'example_short_circuit_operator' retrieved from /home/airflow/.local/lib/python3.8/site-packages/airflow/example_dags/example_short_circuit_operator.py
[2024-03-12T12:08:22.627+0000] {logging_mixin.py:188} INFO - [2024-03-12T12:08:22.627+0000] {dag.py:3047} INFO - Sync 1 DAGs
[2024-03-12T12:08:22.641+0000] {logging_mixin.py:188} INFO - [2024-03-12T12:08:22.641+0000] {dag.py:3834} INFO - Setting next_dagrun for example_short_circuit_operator to 2024-03-11 00:00:00+00:00, run_after=2024-03-12 00:00:00+00:00
[2024-03-12T12:08:22.650+0000] {processor.py:183} INFO - Processing /home/airflow/.local/lib/python3.8/site-packages/airflow/example_dags/example_short_circuit_operator.py took 0.051 seconds
[2024-03-12T12:08:53.300+0000] {processor.py:161} INFO - Started process (PID=5270) to work on /home/airflow/.local/lib/python3.8/site-packages/airflow/example_dags/example_short_circuit_operator.py
[2024-03-12T12:08:53.302+0000] {processor.py:830} INFO - Processing file /home/airflow/.local/lib/python3.8/site-packages/airflow/example_dags/example_short_circuit_operator.py for tasks to queue
[2024-03-12T12:08:53.303+0000] {logging_mixin.py:188} INFO - [2024-03-12T12:08:53.303+0000] {dagbag.py:540} INFO - Filling up the DagBag from /home/airflow/.local/lib/python3.8/site-packages/airflow/example_dags/example_short_circuit_operator.py
[2024-03-12T12:08:53.353+0000] {processor.py:840} INFO - DAG(s) 'example_short_circuit_operator' retrieved from /home/airflow/.local/lib/python3.8/site-packages/airflow/example_dags/example_short_circuit_operator.py
[2024-03-12T12:08:53.381+0000] {logging_mixin.py:188} INFO - [2024-03-12T12:08:53.381+0000] {dag.py:3047} INFO - Sync 1 DAGs
[2024-03-12T12:08:53.396+0000] {logging_mixin.py:188} INFO - [2024-03-12T12:08:53.396+0000] {dag.py:3834} INFO - Setting next_dagrun for example_short_circuit_operator to 2024-03-11 00:00:00+00:00, run_after=2024-03-12 00:00:00+00:00
[2024-03-12T12:08:53.408+0000] {processor.py:183} INFO - Processing /home/airflow/.local/lib/python3.8/site-packages/airflow/example_dags/example_short_circuit_operator.py took 0.111 seconds
[2024-03-12T12:09:23.872+0000] {processor.py:161} INFO - Started process (PID=5517) to work on /home/airflow/.local/lib/python3.8/site-packages/airflow/example_dags/example_short_circuit_operator.py
[2024-03-12T12:09:23.873+0000] {processor.py:830} INFO - Processing file /home/airflow/.local/lib/python3.8/site-packages/airflow/example_dags/example_short_circuit_operator.py for tasks to queue
[2024-03-12T12:09:23.874+0000] {logging_mixin.py:188} INFO - [2024-03-12T12:09:23.874+0000] {dagbag.py:540} INFO - Filling up the DagBag from /home/airflow/.local/lib/python3.8/site-packages/airflow/example_dags/example_short_circuit_operator.py
[2024-03-12T12:09:23.880+0000] {processor.py:840} INFO - DAG(s) 'example_short_circuit_operator' retrieved from /home/airflow/.local/lib/python3.8/site-packages/airflow/example_dags/example_short_circuit_operator.py
[2024-03-12T12:09:23.898+0000] {logging_mixin.py:188} INFO - [2024-03-12T12:09:23.898+0000] {dag.py:3047} INFO - Sync 1 DAGs
[2024-03-12T12:09:23.913+0000] {logging_mixin.py:188} INFO - [2024-03-12T12:09:23.913+0000] {dag.py:3834} INFO - Setting next_dagrun for example_short_circuit_operator to 2024-03-11 00:00:00+00:00, run_after=2024-03-12 00:00:00+00:00
[2024-03-12T12:09:23.928+0000] {processor.py:183} INFO - Processing /home/airflow/.local/lib/python3.8/site-packages/airflow/example_dags/example_short_circuit_operator.py took 0.058 seconds
[2024-03-12T12:09:54.599+0000] {processor.py:161} INFO - Started process (PID=5764) to work on /home/airflow/.local/lib/python3.8/site-packages/airflow/example_dags/example_short_circuit_operator.py
[2024-03-12T12:09:54.600+0000] {processor.py:830} INFO - Processing file /home/airflow/.local/lib/python3.8/site-packages/airflow/example_dags/example_short_circuit_operator.py for tasks to queue
[2024-03-12T12:09:54.601+0000] {logging_mixin.py:188} INFO - [2024-03-12T12:09:54.601+0000] {dagbag.py:540} INFO - Filling up the DagBag from /home/airflow/.local/lib/python3.8/site-packages/airflow/example_dags/example_short_circuit_operator.py
[2024-03-12T12:09:54.607+0000] {processor.py:840} INFO - DAG(s) 'example_short_circuit_operator' retrieved from /home/airflow/.local/lib/python3.8/site-packages/airflow/example_dags/example_short_circuit_operator.py
[2024-03-12T12:09:54.626+0000] {logging_mixin.py:188} INFO - [2024-03-12T12:09:54.626+0000] {dag.py:3047} INFO - Sync 1 DAGs
[2024-03-12T12:09:54.642+0000] {logging_mixin.py:188} INFO - [2024-03-12T12:09:54.642+0000] {dag.py:3834} INFO - Setting next_dagrun for example_short_circuit_operator to 2024-03-11 00:00:00+00:00, run_after=2024-03-12 00:00:00+00:00
[2024-03-12T12:09:54.652+0000] {processor.py:183} INFO - Processing /home/airflow/.local/lib/python3.8/site-packages/airflow/example_dags/example_short_circuit_operator.py took 0.056 seconds
[2024-03-12T12:10:25.214+0000] {processor.py:161} INFO - Started process (PID=6011) to work on /home/airflow/.local/lib/python3.8/site-packages/airflow/example_dags/example_short_circuit_operator.py
[2024-03-12T12:10:25.215+0000] {processor.py:830} INFO - Processing file /home/airflow/.local/lib/python3.8/site-packages/airflow/example_dags/example_short_circuit_operator.py for tasks to queue
[2024-03-12T12:10:25.216+0000] {logging_mixin.py:188} INFO - [2024-03-12T12:10:25.216+0000] {dagbag.py:540} INFO - Filling up the DagBag from /home/airflow/.local/lib/python3.8/site-packages/airflow/example_dags/example_short_circuit_operator.py
[2024-03-12T12:10:25.224+0000] {processor.py:840} INFO - DAG(s) 'example_short_circuit_operator' retrieved from /home/airflow/.local/lib/python3.8/site-packages/airflow/example_dags/example_short_circuit_operator.py
[2024-03-12T12:10:25.419+0000] {logging_mixin.py:188} INFO - [2024-03-12T12:10:25.418+0000] {dag.py:3047} INFO - Sync 1 DAGs
[2024-03-12T12:10:25.452+0000] {logging_mixin.py:188} INFO - [2024-03-12T12:10:25.452+0000] {dag.py:3834} INFO - Setting next_dagrun for example_short_circuit_operator to 2024-03-11 00:00:00+00:00, run_after=2024-03-12 00:00:00+00:00
[2024-03-12T12:10:25.468+0000] {processor.py:183} INFO - Processing /home/airflow/.local/lib/python3.8/site-packages/airflow/example_dags/example_short_circuit_operator.py took 0.257 seconds
