[2024-03-12T11:50:05.206+0000] {processor.py:161} INFO - Started process (PID=279) to work on /home/airflow/.local/lib/python3.8/site-packages/airflow/example_dags/example_branch_python_dop_operator_3.py
[2024-03-12T11:50:05.208+0000] {processor.py:830} INFO - Processing file /home/airflow/.local/lib/python3.8/site-packages/airflow/example_dags/example_branch_python_dop_operator_3.py for tasks to queue
[2024-03-12T11:50:05.209+0000] {logging_mixin.py:188} INFO - [2024-03-12T11:50:05.209+0000] {dagbag.py:540} INFO - Filling up the DagBag from /home/airflow/.local/lib/python3.8/site-packages/airflow/example_dags/example_branch_python_dop_operator_3.py
[2024-03-12T11:50:05.217+0000] {processor.py:840} INFO - DAG(s) 'example_branch_dop_operator_v3' retrieved from /home/airflow/.local/lib/python3.8/site-packages/airflow/example_dags/example_branch_python_dop_operator_3.py
[2024-03-12T11:50:05.239+0000] {logging_mixin.py:188} INFO - [2024-03-12T11:50:05.239+0000] {dag.py:3047} INFO - Sync 1 DAGs
[2024-03-12T11:50:05.254+0000] {logging_mixin.py:188} INFO - [2024-03-12T11:50:05.254+0000] {dag.py:3834} INFO - Setting next_dagrun for example_branch_dop_operator_v3 to 2024-03-12 11:49:00+00:00, run_after=2024-03-12 11:50:00+00:00
[2024-03-12T11:50:05.265+0000] {processor.py:183} INFO - Processing /home/airflow/.local/lib/python3.8/site-packages/airflow/example_dags/example_branch_python_dop_operator_3.py took 0.061 seconds
[2024-03-12T11:50:36.232+0000] {processor.py:161} INFO - Started process (PID=526) to work on /home/airflow/.local/lib/python3.8/site-packages/airflow/example_dags/example_branch_python_dop_operator_3.py
[2024-03-12T11:50:36.233+0000] {processor.py:830} INFO - Processing file /home/airflow/.local/lib/python3.8/site-packages/airflow/example_dags/example_branch_python_dop_operator_3.py for tasks to queue
[2024-03-12T11:50:36.234+0000] {logging_mixin.py:188} INFO - [2024-03-12T11:50:36.234+0000] {dagbag.py:540} INFO - Filling up the DagBag from /home/airflow/.local/lib/python3.8/site-packages/airflow/example_dags/example_branch_python_dop_operator_3.py
[2024-03-12T11:50:36.240+0000] {processor.py:840} INFO - DAG(s) 'example_branch_dop_operator_v3' retrieved from /home/airflow/.local/lib/python3.8/site-packages/airflow/example_dags/example_branch_python_dop_operator_3.py
[2024-03-12T11:50:36.257+0000] {logging_mixin.py:188} INFO - [2024-03-12T11:50:36.257+0000] {dag.py:3047} INFO - Sync 1 DAGs
[2024-03-12T11:50:36.272+0000] {logging_mixin.py:188} INFO - [2024-03-12T11:50:36.272+0000] {dag.py:3834} INFO - Setting next_dagrun for example_branch_dop_operator_v3 to 2024-03-12 11:49:00+00:00, run_after=2024-03-12 11:50:00+00:00
[2024-03-12T11:50:36.283+0000] {processor.py:183} INFO - Processing /home/airflow/.local/lib/python3.8/site-packages/airflow/example_dags/example_branch_python_dop_operator_3.py took 0.055 seconds
[2024-03-12T11:51:06.774+0000] {processor.py:161} INFO - Started process (PID=775) to work on /home/airflow/.local/lib/python3.8/site-packages/airflow/example_dags/example_branch_python_dop_operator_3.py
[2024-03-12T11:51:06.776+0000] {processor.py:830} INFO - Processing file /home/airflow/.local/lib/python3.8/site-packages/airflow/example_dags/example_branch_python_dop_operator_3.py for tasks to queue
[2024-03-12T11:51:06.777+0000] {logging_mixin.py:188} INFO - [2024-03-12T11:51:06.777+0000] {dagbag.py:540} INFO - Filling up the DagBag from /home/airflow/.local/lib/python3.8/site-packages/airflow/example_dags/example_branch_python_dop_operator_3.py
[2024-03-12T11:51:06.784+0000] {processor.py:840} INFO - DAG(s) 'example_branch_dop_operator_v3' retrieved from /home/airflow/.local/lib/python3.8/site-packages/airflow/example_dags/example_branch_python_dop_operator_3.py
[2024-03-12T11:51:06.800+0000] {logging_mixin.py:188} INFO - [2024-03-12T11:51:06.799+0000] {dag.py:3047} INFO - Sync 1 DAGs
[2024-03-12T11:51:06.815+0000] {logging_mixin.py:188} INFO - [2024-03-12T11:51:06.814+0000] {dag.py:3834} INFO - Setting next_dagrun for example_branch_dop_operator_v3 to 2024-03-12 11:50:00+00:00, run_after=2024-03-12 11:51:00+00:00
[2024-03-12T11:51:06.826+0000] {processor.py:183} INFO - Processing /home/airflow/.local/lib/python3.8/site-packages/airflow/example_dags/example_branch_python_dop_operator_3.py took 0.056 seconds
[2024-03-12T11:51:37.269+0000] {processor.py:161} INFO - Started process (PID=1020) to work on /home/airflow/.local/lib/python3.8/site-packages/airflow/example_dags/example_branch_python_dop_operator_3.py
[2024-03-12T11:51:37.270+0000] {processor.py:830} INFO - Processing file /home/airflow/.local/lib/python3.8/site-packages/airflow/example_dags/example_branch_python_dop_operator_3.py for tasks to queue
[2024-03-12T11:51:37.272+0000] {logging_mixin.py:188} INFO - [2024-03-12T11:51:37.271+0000] {dagbag.py:540} INFO - Filling up the DagBag from /home/airflow/.local/lib/python3.8/site-packages/airflow/example_dags/example_branch_python_dop_operator_3.py
[2024-03-12T11:51:37.278+0000] {processor.py:840} INFO - DAG(s) 'example_branch_dop_operator_v3' retrieved from /home/airflow/.local/lib/python3.8/site-packages/airflow/example_dags/example_branch_python_dop_operator_3.py
[2024-03-12T11:51:37.295+0000] {logging_mixin.py:188} INFO - [2024-03-12T11:51:37.295+0000] {dag.py:3047} INFO - Sync 1 DAGs
[2024-03-12T11:51:37.315+0000] {logging_mixin.py:188} INFO - [2024-03-12T11:51:37.315+0000] {dag.py:3834} INFO - Setting next_dagrun for example_branch_dop_operator_v3 to 2024-03-12 11:50:00+00:00, run_after=2024-03-12 11:51:00+00:00
[2024-03-12T11:51:37.344+0000] {processor.py:183} INFO - Processing /home/airflow/.local/lib/python3.8/site-packages/airflow/example_dags/example_branch_python_dop_operator_3.py took 0.078 seconds
[2024-03-12T11:52:08.060+0000] {processor.py:161} INFO - Started process (PID=1267) to work on /home/airflow/.local/lib/python3.8/site-packages/airflow/example_dags/example_branch_python_dop_operator_3.py
[2024-03-12T11:52:08.062+0000] {processor.py:830} INFO - Processing file /home/airflow/.local/lib/python3.8/site-packages/airflow/example_dags/example_branch_python_dop_operator_3.py for tasks to queue
[2024-03-12T11:52:08.063+0000] {logging_mixin.py:188} INFO - [2024-03-12T11:52:08.063+0000] {dagbag.py:540} INFO - Filling up the DagBag from /home/airflow/.local/lib/python3.8/site-packages/airflow/example_dags/example_branch_python_dop_operator_3.py
[2024-03-12T11:52:08.069+0000] {processor.py:840} INFO - DAG(s) 'example_branch_dop_operator_v3' retrieved from /home/airflow/.local/lib/python3.8/site-packages/airflow/example_dags/example_branch_python_dop_operator_3.py
[2024-03-12T11:52:08.086+0000] {logging_mixin.py:188} INFO - [2024-03-12T11:52:08.086+0000] {dag.py:3047} INFO - Sync 1 DAGs
[2024-03-12T11:52:08.102+0000] {logging_mixin.py:188} INFO - [2024-03-12T11:52:08.102+0000] {dag.py:3834} INFO - Setting next_dagrun for example_branch_dop_operator_v3 to 2024-03-12 11:51:00+00:00, run_after=2024-03-12 11:52:00+00:00
[2024-03-12T11:52:08.118+0000] {processor.py:183} INFO - Processing /home/airflow/.local/lib/python3.8/site-packages/airflow/example_dags/example_branch_python_dop_operator_3.py took 0.060 seconds
[2024-03-12T11:52:39.195+0000] {processor.py:161} INFO - Started process (PID=1514) to work on /home/airflow/.local/lib/python3.8/site-packages/airflow/example_dags/example_branch_python_dop_operator_3.py
[2024-03-12T11:52:39.197+0000] {processor.py:830} INFO - Processing file /home/airflow/.local/lib/python3.8/site-packages/airflow/example_dags/example_branch_python_dop_operator_3.py for tasks to queue
[2024-03-12T11:52:39.198+0000] {logging_mixin.py:188} INFO - [2024-03-12T11:52:39.198+0000] {dagbag.py:540} INFO - Filling up the DagBag from /home/airflow/.local/lib/python3.8/site-packages/airflow/example_dags/example_branch_python_dop_operator_3.py
[2024-03-12T11:52:39.206+0000] {processor.py:840} INFO - DAG(s) 'example_branch_dop_operator_v3' retrieved from /home/airflow/.local/lib/python3.8/site-packages/airflow/example_dags/example_branch_python_dop_operator_3.py
[2024-03-12T11:52:39.222+0000] {logging_mixin.py:188} INFO - [2024-03-12T11:52:39.222+0000] {dag.py:3047} INFO - Sync 1 DAGs
[2024-03-12T11:52:39.237+0000] {logging_mixin.py:188} INFO - [2024-03-12T11:52:39.237+0000] {dag.py:3834} INFO - Setting next_dagrun for example_branch_dop_operator_v3 to 2024-03-12 11:51:00+00:00, run_after=2024-03-12 11:52:00+00:00
[2024-03-12T11:52:39.247+0000] {processor.py:183} INFO - Processing /home/airflow/.local/lib/python3.8/site-packages/airflow/example_dags/example_branch_python_dop_operator_3.py took 0.055 seconds
[2024-03-12T11:53:09.493+0000] {processor.py:161} INFO - Started process (PID=1761) to work on /home/airflow/.local/lib/python3.8/site-packages/airflow/example_dags/example_branch_python_dop_operator_3.py
[2024-03-12T11:53:09.495+0000] {processor.py:830} INFO - Processing file /home/airflow/.local/lib/python3.8/site-packages/airflow/example_dags/example_branch_python_dop_operator_3.py for tasks to queue
[2024-03-12T11:53:09.496+0000] {logging_mixin.py:188} INFO - [2024-03-12T11:53:09.496+0000] {dagbag.py:540} INFO - Filling up the DagBag from /home/airflow/.local/lib/python3.8/site-packages/airflow/example_dags/example_branch_python_dop_operator_3.py
[2024-03-12T11:53:09.508+0000] {processor.py:840} INFO - DAG(s) 'example_branch_dop_operator_v3' retrieved from /home/airflow/.local/lib/python3.8/site-packages/airflow/example_dags/example_branch_python_dop_operator_3.py
[2024-03-12T11:53:09.528+0000] {logging_mixin.py:188} INFO - [2024-03-12T11:53:09.528+0000] {dag.py:3047} INFO - Sync 1 DAGs
[2024-03-12T11:53:09.568+0000] {logging_mixin.py:188} INFO - [2024-03-12T11:53:09.568+0000] {dag.py:3834} INFO - Setting next_dagrun for example_branch_dop_operator_v3 to 2024-03-12 11:52:00+00:00, run_after=2024-03-12 11:53:00+00:00
[2024-03-12T11:53:09.601+0000] {processor.py:183} INFO - Processing /home/airflow/.local/lib/python3.8/site-packages/airflow/example_dags/example_branch_python_dop_operator_3.py took 0.112 seconds
[2024-03-12T11:53:40.794+0000] {processor.py:161} INFO - Started process (PID=2010) to work on /home/airflow/.local/lib/python3.8/site-packages/airflow/example_dags/example_branch_python_dop_operator_3.py
[2024-03-12T11:53:40.797+0000] {processor.py:830} INFO - Processing file /home/airflow/.local/lib/python3.8/site-packages/airflow/example_dags/example_branch_python_dop_operator_3.py for tasks to queue
[2024-03-12T11:53:40.799+0000] {logging_mixin.py:188} INFO - [2024-03-12T11:53:40.799+0000] {dagbag.py:540} INFO - Filling up the DagBag from /home/airflow/.local/lib/python3.8/site-packages/airflow/example_dags/example_branch_python_dop_operator_3.py
[2024-03-12T11:53:40.812+0000] {processor.py:840} INFO - DAG(s) 'example_branch_dop_operator_v3' retrieved from /home/airflow/.local/lib/python3.8/site-packages/airflow/example_dags/example_branch_python_dop_operator_3.py
[2024-03-12T11:53:40.840+0000] {logging_mixin.py:188} INFO - [2024-03-12T11:53:40.840+0000] {dag.py:3047} INFO - Sync 1 DAGs
[2024-03-12T11:53:40.862+0000] {logging_mixin.py:188} INFO - [2024-03-12T11:53:40.862+0000] {dag.py:3834} INFO - Setting next_dagrun for example_branch_dop_operator_v3 to 2024-03-12 11:52:00+00:00, run_after=2024-03-12 11:53:00+00:00
[2024-03-12T11:53:40.888+0000] {processor.py:183} INFO - Processing /home/airflow/.local/lib/python3.8/site-packages/airflow/example_dags/example_branch_python_dop_operator_3.py took 0.100 seconds
[2024-03-12T11:54:12.576+0000] {processor.py:161} INFO - Started process (PID=2257) to work on /home/airflow/.local/lib/python3.8/site-packages/airflow/example_dags/example_branch_python_dop_operator_3.py
[2024-03-12T11:54:12.579+0000] {processor.py:830} INFO - Processing file /home/airflow/.local/lib/python3.8/site-packages/airflow/example_dags/example_branch_python_dop_operator_3.py for tasks to queue
[2024-03-12T11:54:12.581+0000] {logging_mixin.py:188} INFO - [2024-03-12T11:54:12.580+0000] {dagbag.py:540} INFO - Filling up the DagBag from /home/airflow/.local/lib/python3.8/site-packages/airflow/example_dags/example_branch_python_dop_operator_3.py
[2024-03-12T11:54:12.592+0000] {processor.py:840} INFO - DAG(s) 'example_branch_dop_operator_v3' retrieved from /home/airflow/.local/lib/python3.8/site-packages/airflow/example_dags/example_branch_python_dop_operator_3.py
[2024-03-12T11:54:12.626+0000] {logging_mixin.py:188} INFO - [2024-03-12T11:54:12.626+0000] {dag.py:3047} INFO - Sync 1 DAGs
[2024-03-12T11:54:12.662+0000] {logging_mixin.py:188} INFO - [2024-03-12T11:54:12.661+0000] {dag.py:3834} INFO - Setting next_dagrun for example_branch_dop_operator_v3 to 2024-03-12 11:53:00+00:00, run_after=2024-03-12 11:54:00+00:00
[2024-03-12T11:54:12.681+0000] {processor.py:183} INFO - Processing /home/airflow/.local/lib/python3.8/site-packages/airflow/example_dags/example_branch_python_dop_operator_3.py took 0.110 seconds
[2024-03-12T11:54:42.999+0000] {processor.py:161} INFO - Started process (PID=2502) to work on /home/airflow/.local/lib/python3.8/site-packages/airflow/example_dags/example_branch_python_dop_operator_3.py
[2024-03-12T11:54:43.001+0000] {processor.py:830} INFO - Processing file /home/airflow/.local/lib/python3.8/site-packages/airflow/example_dags/example_branch_python_dop_operator_3.py for tasks to queue
[2024-03-12T11:54:43.002+0000] {logging_mixin.py:188} INFO - [2024-03-12T11:54:43.002+0000] {dagbag.py:540} INFO - Filling up the DagBag from /home/airflow/.local/lib/python3.8/site-packages/airflow/example_dags/example_branch_python_dop_operator_3.py
[2024-03-12T11:54:43.010+0000] {processor.py:840} INFO - DAG(s) 'example_branch_dop_operator_v3' retrieved from /home/airflow/.local/lib/python3.8/site-packages/airflow/example_dags/example_branch_python_dop_operator_3.py
[2024-03-12T11:54:43.030+0000] {logging_mixin.py:188} INFO - [2024-03-12T11:54:43.030+0000] {dag.py:3047} INFO - Sync 1 DAGs
[2024-03-12T11:54:43.046+0000] {logging_mixin.py:188} INFO - [2024-03-12T11:54:43.046+0000] {dag.py:3834} INFO - Setting next_dagrun for example_branch_dop_operator_v3 to 2024-03-12 11:53:00+00:00, run_after=2024-03-12 11:54:00+00:00
[2024-03-12T11:54:43.057+0000] {processor.py:183} INFO - Processing /home/airflow/.local/lib/python3.8/site-packages/airflow/example_dags/example_branch_python_dop_operator_3.py took 0.061 seconds
[2024-03-12T11:55:13.125+0000] {processor.py:161} INFO - Started process (PID=2749) to work on /home/airflow/.local/lib/python3.8/site-packages/airflow/example_dags/example_branch_python_dop_operator_3.py
[2024-03-12T11:55:13.126+0000] {processor.py:830} INFO - Processing file /home/airflow/.local/lib/python3.8/site-packages/airflow/example_dags/example_branch_python_dop_operator_3.py for tasks to queue
[2024-03-12T11:55:13.127+0000] {logging_mixin.py:188} INFO - [2024-03-12T11:55:13.127+0000] {dagbag.py:540} INFO - Filling up the DagBag from /home/airflow/.local/lib/python3.8/site-packages/airflow/example_dags/example_branch_python_dop_operator_3.py
[2024-03-12T11:55:13.133+0000] {processor.py:840} INFO - DAG(s) 'example_branch_dop_operator_v3' retrieved from /home/airflow/.local/lib/python3.8/site-packages/airflow/example_dags/example_branch_python_dop_operator_3.py
[2024-03-12T11:55:13.149+0000] {logging_mixin.py:188} INFO - [2024-03-12T11:55:13.149+0000] {dag.py:3047} INFO - Sync 1 DAGs
[2024-03-12T11:55:13.164+0000] {logging_mixin.py:188} INFO - [2024-03-12T11:55:13.164+0000] {dag.py:3834} INFO - Setting next_dagrun for example_branch_dop_operator_v3 to 2024-03-12 11:54:00+00:00, run_after=2024-03-12 11:55:00+00:00
[2024-03-12T11:55:13.175+0000] {processor.py:183} INFO - Processing /home/airflow/.local/lib/python3.8/site-packages/airflow/example_dags/example_branch_python_dop_operator_3.py took 0.053 seconds
[2024-03-12T11:55:43.919+0000] {processor.py:161} INFO - Started process (PID=2996) to work on /home/airflow/.local/lib/python3.8/site-packages/airflow/example_dags/example_branch_python_dop_operator_3.py
[2024-03-12T11:55:43.920+0000] {processor.py:830} INFO - Processing file /home/airflow/.local/lib/python3.8/site-packages/airflow/example_dags/example_branch_python_dop_operator_3.py for tasks to queue
[2024-03-12T11:55:43.921+0000] {logging_mixin.py:188} INFO - [2024-03-12T11:55:43.921+0000] {dagbag.py:540} INFO - Filling up the DagBag from /home/airflow/.local/lib/python3.8/site-packages/airflow/example_dags/example_branch_python_dop_operator_3.py
[2024-03-12T11:55:43.928+0000] {processor.py:840} INFO - DAG(s) 'example_branch_dop_operator_v3' retrieved from /home/airflow/.local/lib/python3.8/site-packages/airflow/example_dags/example_branch_python_dop_operator_3.py
[2024-03-12T11:55:43.943+0000] {logging_mixin.py:188} INFO - [2024-03-12T11:55:43.943+0000] {dag.py:3047} INFO - Sync 1 DAGs
[2024-03-12T11:55:43.959+0000] {logging_mixin.py:188} INFO - [2024-03-12T11:55:43.958+0000] {dag.py:3834} INFO - Setting next_dagrun for example_branch_dop_operator_v3 to 2024-03-12 11:54:00+00:00, run_after=2024-03-12 11:55:00+00:00
[2024-03-12T11:55:43.970+0000] {processor.py:183} INFO - Processing /home/airflow/.local/lib/python3.8/site-packages/airflow/example_dags/example_branch_python_dop_operator_3.py took 0.053 seconds
[2024-03-12T11:57:07.789+0000] {processor.py:161} INFO - Started process (PID=281) to work on /home/airflow/.local/lib/python3.8/site-packages/airflow/example_dags/example_branch_python_dop_operator_3.py
[2024-03-12T11:57:07.791+0000] {processor.py:830} INFO - Processing file /home/airflow/.local/lib/python3.8/site-packages/airflow/example_dags/example_branch_python_dop_operator_3.py for tasks to queue
[2024-03-12T11:57:07.792+0000] {logging_mixin.py:188} INFO - [2024-03-12T11:57:07.792+0000] {dagbag.py:540} INFO - Filling up the DagBag from /home/airflow/.local/lib/python3.8/site-packages/airflow/example_dags/example_branch_python_dop_operator_3.py
[2024-03-12T11:57:07.800+0000] {processor.py:840} INFO - DAG(s) 'example_branch_dop_operator_v3' retrieved from /home/airflow/.local/lib/python3.8/site-packages/airflow/example_dags/example_branch_python_dop_operator_3.py
[2024-03-12T11:57:07.817+0000] {logging_mixin.py:188} INFO - [2024-03-12T11:57:07.817+0000] {dag.py:3047} INFO - Sync 1 DAGs
[2024-03-12T11:57:07.831+0000] {logging_mixin.py:188} INFO - [2024-03-12T11:57:07.831+0000] {dag.py:3834} INFO - Setting next_dagrun for example_branch_dop_operator_v3 to 2024-03-12 11:56:00+00:00, run_after=2024-03-12 11:57:00+00:00
[2024-03-12T11:57:07.842+0000] {processor.py:183} INFO - Processing /home/airflow/.local/lib/python3.8/site-packages/airflow/example_dags/example_branch_python_dop_operator_3.py took 0.055 seconds
[2024-03-12T11:57:37.961+0000] {processor.py:161} INFO - Started process (PID=528) to work on /home/airflow/.local/lib/python3.8/site-packages/airflow/example_dags/example_branch_python_dop_operator_3.py
[2024-03-12T11:57:37.963+0000] {processor.py:830} INFO - Processing file /home/airflow/.local/lib/python3.8/site-packages/airflow/example_dags/example_branch_python_dop_operator_3.py for tasks to queue
[2024-03-12T11:57:37.965+0000] {logging_mixin.py:188} INFO - [2024-03-12T11:57:37.965+0000] {dagbag.py:540} INFO - Filling up the DagBag from /home/airflow/.local/lib/python3.8/site-packages/airflow/example_dags/example_branch_python_dop_operator_3.py
[2024-03-12T11:57:37.972+0000] {processor.py:840} INFO - DAG(s) 'example_branch_dop_operator_v3' retrieved from /home/airflow/.local/lib/python3.8/site-packages/airflow/example_dags/example_branch_python_dop_operator_3.py
[2024-03-12T11:57:37.989+0000] {logging_mixin.py:188} INFO - [2024-03-12T11:57:37.989+0000] {dag.py:3047} INFO - Sync 1 DAGs
[2024-03-12T11:57:38.005+0000] {logging_mixin.py:188} INFO - [2024-03-12T11:57:38.005+0000] {dag.py:3834} INFO - Setting next_dagrun for example_branch_dop_operator_v3 to 2024-03-12 11:56:00+00:00, run_after=2024-03-12 11:57:00+00:00
[2024-03-12T11:57:38.028+0000] {processor.py:183} INFO - Processing /home/airflow/.local/lib/python3.8/site-packages/airflow/example_dags/example_branch_python_dop_operator_3.py took 0.070 seconds
[2024-03-12T11:58:35.534+0000] {processor.py:161} INFO - Started process (PID=279) to work on /home/airflow/.local/lib/python3.8/site-packages/airflow/example_dags/example_branch_python_dop_operator_3.py
[2024-03-12T11:58:35.536+0000] {processor.py:830} INFO - Processing file /home/airflow/.local/lib/python3.8/site-packages/airflow/example_dags/example_branch_python_dop_operator_3.py for tasks to queue
[2024-03-12T11:58:35.537+0000] {logging_mixin.py:188} INFO - [2024-03-12T11:58:35.537+0000] {dagbag.py:540} INFO - Filling up the DagBag from /home/airflow/.local/lib/python3.8/site-packages/airflow/example_dags/example_branch_python_dop_operator_3.py
[2024-03-12T11:58:35.547+0000] {processor.py:840} INFO - DAG(s) 'example_branch_dop_operator_v3' retrieved from /home/airflow/.local/lib/python3.8/site-packages/airflow/example_dags/example_branch_python_dop_operator_3.py
[2024-03-12T11:58:35.565+0000] {logging_mixin.py:188} INFO - [2024-03-12T11:58:35.565+0000] {dag.py:3047} INFO - Sync 1 DAGs
[2024-03-12T11:58:35.580+0000] {logging_mixin.py:188} INFO - [2024-03-12T11:58:35.579+0000] {dag.py:3834} INFO - Setting next_dagrun for example_branch_dop_operator_v3 to 2024-03-12 11:57:00+00:00, run_after=2024-03-12 11:58:00+00:00
[2024-03-12T11:58:35.590+0000] {processor.py:183} INFO - Processing /home/airflow/.local/lib/python3.8/site-packages/airflow/example_dags/example_branch_python_dop_operator_3.py took 0.060 seconds
[2024-03-12T11:59:05.668+0000] {processor.py:161} INFO - Started process (PID=528) to work on /home/airflow/.local/lib/python3.8/site-packages/airflow/example_dags/example_branch_python_dop_operator_3.py
[2024-03-12T11:59:05.669+0000] {processor.py:830} INFO - Processing file /home/airflow/.local/lib/python3.8/site-packages/airflow/example_dags/example_branch_python_dop_operator_3.py for tasks to queue
[2024-03-12T11:59:05.670+0000] {logging_mixin.py:188} INFO - [2024-03-12T11:59:05.670+0000] {dagbag.py:540} INFO - Filling up the DagBag from /home/airflow/.local/lib/python3.8/site-packages/airflow/example_dags/example_branch_python_dop_operator_3.py
[2024-03-12T11:59:05.676+0000] {processor.py:840} INFO - DAG(s) 'example_branch_dop_operator_v3' retrieved from /home/airflow/.local/lib/python3.8/site-packages/airflow/example_dags/example_branch_python_dop_operator_3.py
[2024-03-12T11:59:05.695+0000] {logging_mixin.py:188} INFO - [2024-03-12T11:59:05.695+0000] {dag.py:3047} INFO - Sync 1 DAGs
[2024-03-12T11:59:05.710+0000] {logging_mixin.py:188} INFO - [2024-03-12T11:59:05.710+0000] {dag.py:3834} INFO - Setting next_dagrun for example_branch_dop_operator_v3 to 2024-03-12 11:58:00+00:00, run_after=2024-03-12 11:59:00+00:00
[2024-03-12T11:59:05.724+0000] {processor.py:183} INFO - Processing /home/airflow/.local/lib/python3.8/site-packages/airflow/example_dags/example_branch_python_dop_operator_3.py took 0.059 seconds
[2024-03-12T11:59:36.183+0000] {processor.py:161} INFO - Started process (PID=773) to work on /home/airflow/.local/lib/python3.8/site-packages/airflow/example_dags/example_branch_python_dop_operator_3.py
[2024-03-12T11:59:36.184+0000] {processor.py:830} INFO - Processing file /home/airflow/.local/lib/python3.8/site-packages/airflow/example_dags/example_branch_python_dop_operator_3.py for tasks to queue
[2024-03-12T11:59:36.185+0000] {logging_mixin.py:188} INFO - [2024-03-12T11:59:36.185+0000] {dagbag.py:540} INFO - Filling up the DagBag from /home/airflow/.local/lib/python3.8/site-packages/airflow/example_dags/example_branch_python_dop_operator_3.py
[2024-03-12T11:59:36.192+0000] {processor.py:840} INFO - DAG(s) 'example_branch_dop_operator_v3' retrieved from /home/airflow/.local/lib/python3.8/site-packages/airflow/example_dags/example_branch_python_dop_operator_3.py
[2024-03-12T11:59:36.209+0000] {logging_mixin.py:188} INFO - [2024-03-12T11:59:36.208+0000] {dag.py:3047} INFO - Sync 1 DAGs
[2024-03-12T11:59:36.224+0000] {logging_mixin.py:188} INFO - [2024-03-12T11:59:36.224+0000] {dag.py:3834} INFO - Setting next_dagrun for example_branch_dop_operator_v3 to 2024-03-12 11:58:00+00:00, run_after=2024-03-12 11:59:00+00:00
[2024-03-12T11:59:36.233+0000] {processor.py:183} INFO - Processing /home/airflow/.local/lib/python3.8/site-packages/airflow/example_dags/example_branch_python_dop_operator_3.py took 0.053 seconds
[2024-03-12T12:00:07.098+0000] {processor.py:161} INFO - Started process (PID=1020) to work on /home/airflow/.local/lib/python3.8/site-packages/airflow/example_dags/example_branch_python_dop_operator_3.py
[2024-03-12T12:00:07.100+0000] {processor.py:830} INFO - Processing file /home/airflow/.local/lib/python3.8/site-packages/airflow/example_dags/example_branch_python_dop_operator_3.py for tasks to queue
[2024-03-12T12:00:07.101+0000] {logging_mixin.py:188} INFO - [2024-03-12T12:00:07.100+0000] {dagbag.py:540} INFO - Filling up the DagBag from /home/airflow/.local/lib/python3.8/site-packages/airflow/example_dags/example_branch_python_dop_operator_3.py
[2024-03-12T12:00:07.107+0000] {processor.py:840} INFO - DAG(s) 'example_branch_dop_operator_v3' retrieved from /home/airflow/.local/lib/python3.8/site-packages/airflow/example_dags/example_branch_python_dop_operator_3.py
[2024-03-12T12:00:07.125+0000] {logging_mixin.py:188} INFO - [2024-03-12T12:00:07.125+0000] {dag.py:3047} INFO - Sync 1 DAGs
[2024-03-12T12:00:07.140+0000] {logging_mixin.py:188} INFO - [2024-03-12T12:00:07.140+0000] {dag.py:3834} INFO - Setting next_dagrun for example_branch_dop_operator_v3 to 2024-03-12 11:59:00+00:00, run_after=2024-03-12 12:00:00+00:00
[2024-03-12T12:00:07.151+0000] {processor.py:183} INFO - Processing /home/airflow/.local/lib/python3.8/site-packages/airflow/example_dags/example_branch_python_dop_operator_3.py took 0.055 seconds
[2024-03-12T12:00:38.112+0000] {processor.py:161} INFO - Started process (PID=1267) to work on /home/airflow/.local/lib/python3.8/site-packages/airflow/example_dags/example_branch_python_dop_operator_3.py
[2024-03-12T12:00:38.114+0000] {processor.py:830} INFO - Processing file /home/airflow/.local/lib/python3.8/site-packages/airflow/example_dags/example_branch_python_dop_operator_3.py for tasks to queue
[2024-03-12T12:00:38.116+0000] {logging_mixin.py:188} INFO - [2024-03-12T12:00:38.115+0000] {dagbag.py:540} INFO - Filling up the DagBag from /home/airflow/.local/lib/python3.8/site-packages/airflow/example_dags/example_branch_python_dop_operator_3.py
[2024-03-12T12:00:38.127+0000] {processor.py:840} INFO - DAG(s) 'example_branch_dop_operator_v3' retrieved from /home/airflow/.local/lib/python3.8/site-packages/airflow/example_dags/example_branch_python_dop_operator_3.py
[2024-03-12T12:00:38.153+0000] {logging_mixin.py:188} INFO - [2024-03-12T12:00:38.152+0000] {dag.py:3047} INFO - Sync 1 DAGs
[2024-03-12T12:00:38.177+0000] {logging_mixin.py:188} INFO - [2024-03-12T12:00:38.177+0000] {dag.py:3834} INFO - Setting next_dagrun for example_branch_dop_operator_v3 to 2024-03-12 11:59:00+00:00, run_after=2024-03-12 12:00:00+00:00
[2024-03-12T12:00:38.190+0000] {processor.py:183} INFO - Processing /home/airflow/.local/lib/python3.8/site-packages/airflow/example_dags/example_branch_python_dop_operator_3.py took 0.084 seconds
[2024-03-12T12:01:08.982+0000] {processor.py:161} INFO - Started process (PID=1514) to work on /home/airflow/.local/lib/python3.8/site-packages/airflow/example_dags/example_branch_python_dop_operator_3.py
[2024-03-12T12:01:08.984+0000] {processor.py:830} INFO - Processing file /home/airflow/.local/lib/python3.8/site-packages/airflow/example_dags/example_branch_python_dop_operator_3.py for tasks to queue
[2024-03-12T12:01:08.985+0000] {logging_mixin.py:188} INFO - [2024-03-12T12:01:08.984+0000] {dagbag.py:540} INFO - Filling up the DagBag from /home/airflow/.local/lib/python3.8/site-packages/airflow/example_dags/example_branch_python_dop_operator_3.py
[2024-03-12T12:01:08.992+0000] {processor.py:840} INFO - DAG(s) 'example_branch_dop_operator_v3' retrieved from /home/airflow/.local/lib/python3.8/site-packages/airflow/example_dags/example_branch_python_dop_operator_3.py
[2024-03-12T12:01:09.011+0000] {logging_mixin.py:188} INFO - [2024-03-12T12:01:09.011+0000] {dag.py:3047} INFO - Sync 1 DAGs
[2024-03-12T12:01:09.036+0000] {logging_mixin.py:188} INFO - [2024-03-12T12:01:09.036+0000] {dag.py:3834} INFO - Setting next_dagrun for example_branch_dop_operator_v3 to 2024-03-12 12:00:00+00:00, run_after=2024-03-12 12:01:00+00:00
[2024-03-12T12:01:09.054+0000] {processor.py:183} INFO - Processing /home/airflow/.local/lib/python3.8/site-packages/airflow/example_dags/example_branch_python_dop_operator_3.py took 0.075 seconds
[2024-03-12T12:01:39.918+0000] {processor.py:161} INFO - Started process (PID=1761) to work on /home/airflow/.local/lib/python3.8/site-packages/airflow/example_dags/example_branch_python_dop_operator_3.py
[2024-03-12T12:01:39.920+0000] {processor.py:830} INFO - Processing file /home/airflow/.local/lib/python3.8/site-packages/airflow/example_dags/example_branch_python_dop_operator_3.py for tasks to queue
[2024-03-12T12:01:39.922+0000] {logging_mixin.py:188} INFO - [2024-03-12T12:01:39.922+0000] {dagbag.py:540} INFO - Filling up the DagBag from /home/airflow/.local/lib/python3.8/site-packages/airflow/example_dags/example_branch_python_dop_operator_3.py
[2024-03-12T12:01:39.929+0000] {processor.py:840} INFO - DAG(s) 'example_branch_dop_operator_v3' retrieved from /home/airflow/.local/lib/python3.8/site-packages/airflow/example_dags/example_branch_python_dop_operator_3.py
[2024-03-12T12:01:39.948+0000] {logging_mixin.py:188} INFO - [2024-03-12T12:01:39.948+0000] {dag.py:3047} INFO - Sync 1 DAGs
[2024-03-12T12:01:39.981+0000] {logging_mixin.py:188} INFO - [2024-03-12T12:01:39.981+0000] {dag.py:3834} INFO - Setting next_dagrun for example_branch_dop_operator_v3 to 2024-03-12 12:00:00+00:00, run_after=2024-03-12 12:01:00+00:00
[2024-03-12T12:01:40.000+0000] {processor.py:183} INFO - Processing /home/airflow/.local/lib/python3.8/site-packages/airflow/example_dags/example_branch_python_dop_operator_3.py took 0.085 seconds
[2024-03-12T12:02:10.685+0000] {processor.py:161} INFO - Started process (PID=2008) to work on /home/airflow/.local/lib/python3.8/site-packages/airflow/example_dags/example_branch_python_dop_operator_3.py
[2024-03-12T12:02:10.687+0000] {processor.py:830} INFO - Processing file /home/airflow/.local/lib/python3.8/site-packages/airflow/example_dags/example_branch_python_dop_operator_3.py for tasks to queue
[2024-03-12T12:02:10.688+0000] {logging_mixin.py:188} INFO - [2024-03-12T12:02:10.688+0000] {dagbag.py:540} INFO - Filling up the DagBag from /home/airflow/.local/lib/python3.8/site-packages/airflow/example_dags/example_branch_python_dop_operator_3.py
[2024-03-12T12:02:10.695+0000] {processor.py:840} INFO - DAG(s) 'example_branch_dop_operator_v3' retrieved from /home/airflow/.local/lib/python3.8/site-packages/airflow/example_dags/example_branch_python_dop_operator_3.py
[2024-03-12T12:02:10.712+0000] {logging_mixin.py:188} INFO - [2024-03-12T12:02:10.712+0000] {dag.py:3047} INFO - Sync 1 DAGs
[2024-03-12T12:02:10.728+0000] {logging_mixin.py:188} INFO - [2024-03-12T12:02:10.728+0000] {dag.py:3834} INFO - Setting next_dagrun for example_branch_dop_operator_v3 to 2024-03-12 12:01:00+00:00, run_after=2024-03-12 12:02:00+00:00
[2024-03-12T12:02:10.739+0000] {processor.py:183} INFO - Processing /home/airflow/.local/lib/python3.8/site-packages/airflow/example_dags/example_branch_python_dop_operator_3.py took 0.056 seconds
[2024-03-12T12:02:41.412+0000] {processor.py:161} INFO - Started process (PID=2257) to work on /home/airflow/.local/lib/python3.8/site-packages/airflow/example_dags/example_branch_python_dop_operator_3.py
[2024-03-12T12:02:41.414+0000] {processor.py:830} INFO - Processing file /home/airflow/.local/lib/python3.8/site-packages/airflow/example_dags/example_branch_python_dop_operator_3.py for tasks to queue
[2024-03-12T12:02:41.415+0000] {logging_mixin.py:188} INFO - [2024-03-12T12:02:41.414+0000] {dagbag.py:540} INFO - Filling up the DagBag from /home/airflow/.local/lib/python3.8/site-packages/airflow/example_dags/example_branch_python_dop_operator_3.py
[2024-03-12T12:02:41.421+0000] {processor.py:840} INFO - DAG(s) 'example_branch_dop_operator_v3' retrieved from /home/airflow/.local/lib/python3.8/site-packages/airflow/example_dags/example_branch_python_dop_operator_3.py
[2024-03-12T12:02:41.439+0000] {logging_mixin.py:188} INFO - [2024-03-12T12:02:41.439+0000] {dag.py:3047} INFO - Sync 1 DAGs
[2024-03-12T12:02:41.454+0000] {logging_mixin.py:188} INFO - [2024-03-12T12:02:41.454+0000] {dag.py:3834} INFO - Setting next_dagrun for example_branch_dop_operator_v3 to 2024-03-12 12:01:00+00:00, run_after=2024-03-12 12:02:00+00:00
[2024-03-12T12:02:41.467+0000] {processor.py:183} INFO - Processing /home/airflow/.local/lib/python3.8/site-packages/airflow/example_dags/example_branch_python_dop_operator_3.py took 0.058 seconds
[2024-03-12T12:03:12.953+0000] {processor.py:161} INFO - Started process (PID=2502) to work on /home/airflow/.local/lib/python3.8/site-packages/airflow/example_dags/example_branch_python_dop_operator_3.py
[2024-03-12T12:03:12.954+0000] {processor.py:830} INFO - Processing file /home/airflow/.local/lib/python3.8/site-packages/airflow/example_dags/example_branch_python_dop_operator_3.py for tasks to queue
[2024-03-12T12:03:12.956+0000] {logging_mixin.py:188} INFO - [2024-03-12T12:03:12.955+0000] {dagbag.py:540} INFO - Filling up the DagBag from /home/airflow/.local/lib/python3.8/site-packages/airflow/example_dags/example_branch_python_dop_operator_3.py
[2024-03-12T12:03:12.966+0000] {processor.py:840} INFO - DAG(s) 'example_branch_dop_operator_v3' retrieved from /home/airflow/.local/lib/python3.8/site-packages/airflow/example_dags/example_branch_python_dop_operator_3.py
[2024-03-12T12:03:12.991+0000] {logging_mixin.py:188} INFO - [2024-03-12T12:03:12.991+0000] {dag.py:3047} INFO - Sync 1 DAGs
[2024-03-12T12:03:13.019+0000] {logging_mixin.py:188} INFO - [2024-03-12T12:03:13.019+0000] {dag.py:3834} INFO - Setting next_dagrun for example_branch_dop_operator_v3 to 2024-03-12 12:02:00+00:00, run_after=2024-03-12 12:03:00+00:00
[2024-03-12T12:03:13.039+0000] {processor.py:183} INFO - Processing /home/airflow/.local/lib/python3.8/site-packages/airflow/example_dags/example_branch_python_dop_operator_3.py took 0.091 seconds
[2024-03-12T12:03:44.018+0000] {processor.py:161} INFO - Started process (PID=2749) to work on /home/airflow/.local/lib/python3.8/site-packages/airflow/example_dags/example_branch_python_dop_operator_3.py
[2024-03-12T12:03:44.051+0000] {processor.py:830} INFO - Processing file /home/airflow/.local/lib/python3.8/site-packages/airflow/example_dags/example_branch_python_dop_operator_3.py for tasks to queue
[2024-03-12T12:03:44.092+0000] {logging_mixin.py:188} INFO - [2024-03-12T12:03:44.090+0000] {dagbag.py:540} INFO - Filling up the DagBag from /home/airflow/.local/lib/python3.8/site-packages/airflow/example_dags/example_branch_python_dop_operator_3.py
[2024-03-12T12:03:44.127+0000] {processor.py:840} INFO - DAG(s) 'example_branch_dop_operator_v3' retrieved from /home/airflow/.local/lib/python3.8/site-packages/airflow/example_dags/example_branch_python_dop_operator_3.py
[2024-03-12T12:03:44.398+0000] {logging_mixin.py:188} INFO - [2024-03-12T12:03:44.396+0000] {dag.py:3047} INFO - Sync 1 DAGs
[2024-03-12T12:03:44.450+0000] {logging_mixin.py:188} INFO - [2024-03-12T12:03:44.450+0000] {dag.py:3834} INFO - Setting next_dagrun for example_branch_dop_operator_v3 to 2024-03-12 12:02:00+00:00, run_after=2024-03-12 12:03:00+00:00
[2024-03-12T12:03:44.466+0000] {processor.py:183} INFO - Processing /home/airflow/.local/lib/python3.8/site-packages/airflow/example_dags/example_branch_python_dop_operator_3.py took 0.454 seconds
[2024-03-12T12:04:15.583+0000] {processor.py:161} INFO - Started process (PID=2996) to work on /home/airflow/.local/lib/python3.8/site-packages/airflow/example_dags/example_branch_python_dop_operator_3.py
[2024-03-12T12:04:15.585+0000] {processor.py:830} INFO - Processing file /home/airflow/.local/lib/python3.8/site-packages/airflow/example_dags/example_branch_python_dop_operator_3.py for tasks to queue
[2024-03-12T12:04:15.587+0000] {logging_mixin.py:188} INFO - [2024-03-12T12:04:15.586+0000] {dagbag.py:540} INFO - Filling up the DagBag from /home/airflow/.local/lib/python3.8/site-packages/airflow/example_dags/example_branch_python_dop_operator_3.py
[2024-03-12T12:04:15.599+0000] {processor.py:840} INFO - DAG(s) 'example_branch_dop_operator_v3' retrieved from /home/airflow/.local/lib/python3.8/site-packages/airflow/example_dags/example_branch_python_dop_operator_3.py
[2024-03-12T12:04:15.623+0000] {logging_mixin.py:188} INFO - [2024-03-12T12:04:15.622+0000] {dag.py:3047} INFO - Sync 1 DAGs
[2024-03-12T12:04:15.644+0000] {logging_mixin.py:188} INFO - [2024-03-12T12:04:15.644+0000] {dag.py:3834} INFO - Setting next_dagrun for example_branch_dop_operator_v3 to 2024-03-12 12:03:00+00:00, run_after=2024-03-12 12:04:00+00:00
[2024-03-12T12:04:15.656+0000] {processor.py:183} INFO - Processing /home/airflow/.local/lib/python3.8/site-packages/airflow/example_dags/example_branch_python_dop_operator_3.py took 0.076 seconds
[2024-03-12T12:04:45.894+0000] {processor.py:161} INFO - Started process (PID=3243) to work on /home/airflow/.local/lib/python3.8/site-packages/airflow/example_dags/example_branch_python_dop_operator_3.py
[2024-03-12T12:04:45.896+0000] {processor.py:830} INFO - Processing file /home/airflow/.local/lib/python3.8/site-packages/airflow/example_dags/example_branch_python_dop_operator_3.py for tasks to queue
[2024-03-12T12:04:45.899+0000] {logging_mixin.py:188} INFO - [2024-03-12T12:04:45.897+0000] {dagbag.py:540} INFO - Filling up the DagBag from /home/airflow/.local/lib/python3.8/site-packages/airflow/example_dags/example_branch_python_dop_operator_3.py
[2024-03-12T12:04:45.908+0000] {processor.py:840} INFO - DAG(s) 'example_branch_dop_operator_v3' retrieved from /home/airflow/.local/lib/python3.8/site-packages/airflow/example_dags/example_branch_python_dop_operator_3.py
[2024-03-12T12:04:45.930+0000] {logging_mixin.py:188} INFO - [2024-03-12T12:04:45.930+0000] {dag.py:3047} INFO - Sync 1 DAGs
[2024-03-12T12:04:45.951+0000] {logging_mixin.py:188} INFO - [2024-03-12T12:04:45.951+0000] {dag.py:3834} INFO - Setting next_dagrun for example_branch_dop_operator_v3 to 2024-03-12 12:03:00+00:00, run_after=2024-03-12 12:04:00+00:00
[2024-03-12T12:04:45.975+0000] {processor.py:183} INFO - Processing /home/airflow/.local/lib/python3.8/site-packages/airflow/example_dags/example_branch_python_dop_operator_3.py took 0.084 seconds
[2024-03-12T12:05:16.156+0000] {processor.py:161} INFO - Started process (PID=3493) to work on /home/airflow/.local/lib/python3.8/site-packages/airflow/example_dags/example_branch_python_dop_operator_3.py
[2024-03-12T12:05:16.157+0000] {processor.py:830} INFO - Processing file /home/airflow/.local/lib/python3.8/site-packages/airflow/example_dags/example_branch_python_dop_operator_3.py for tasks to queue
[2024-03-12T12:05:16.158+0000] {logging_mixin.py:188} INFO - [2024-03-12T12:05:16.158+0000] {dagbag.py:540} INFO - Filling up the DagBag from /home/airflow/.local/lib/python3.8/site-packages/airflow/example_dags/example_branch_python_dop_operator_3.py
[2024-03-12T12:05:16.165+0000] {processor.py:840} INFO - DAG(s) 'example_branch_dop_operator_v3' retrieved from /home/airflow/.local/lib/python3.8/site-packages/airflow/example_dags/example_branch_python_dop_operator_3.py
[2024-03-12T12:05:16.182+0000] {logging_mixin.py:188} INFO - [2024-03-12T12:05:16.182+0000] {dag.py:3047} INFO - Sync 1 DAGs
[2024-03-12T12:05:16.199+0000] {logging_mixin.py:188} INFO - [2024-03-12T12:05:16.199+0000] {dag.py:3834} INFO - Setting next_dagrun for example_branch_dop_operator_v3 to 2024-03-12 12:04:00+00:00, run_after=2024-03-12 12:05:00+00:00
[2024-03-12T12:05:16.209+0000] {processor.py:183} INFO - Processing /home/airflow/.local/lib/python3.8/site-packages/airflow/example_dags/example_branch_python_dop_operator_3.py took 0.056 seconds
[2024-03-12T12:05:46.508+0000] {processor.py:161} INFO - Started process (PID=3738) to work on /home/airflow/.local/lib/python3.8/site-packages/airflow/example_dags/example_branch_python_dop_operator_3.py
[2024-03-12T12:05:46.510+0000] {processor.py:830} INFO - Processing file /home/airflow/.local/lib/python3.8/site-packages/airflow/example_dags/example_branch_python_dop_operator_3.py for tasks to queue
[2024-03-12T12:05:46.511+0000] {logging_mixin.py:188} INFO - [2024-03-12T12:05:46.510+0000] {dagbag.py:540} INFO - Filling up the DagBag from /home/airflow/.local/lib/python3.8/site-packages/airflow/example_dags/example_branch_python_dop_operator_3.py
[2024-03-12T12:05:46.519+0000] {processor.py:840} INFO - DAG(s) 'example_branch_dop_operator_v3' retrieved from /home/airflow/.local/lib/python3.8/site-packages/airflow/example_dags/example_branch_python_dop_operator_3.py
[2024-03-12T12:05:46.538+0000] {logging_mixin.py:188} INFO - [2024-03-12T12:05:46.538+0000] {dag.py:3047} INFO - Sync 1 DAGs
[2024-03-12T12:05:46.555+0000] {logging_mixin.py:188} INFO - [2024-03-12T12:05:46.555+0000] {dag.py:3834} INFO - Setting next_dagrun for example_branch_dop_operator_v3 to 2024-03-12 12:04:00+00:00, run_after=2024-03-12 12:05:00+00:00
[2024-03-12T12:05:46.566+0000] {processor.py:183} INFO - Processing /home/airflow/.local/lib/python3.8/site-packages/airflow/example_dags/example_branch_python_dop_operator_3.py took 0.062 seconds
[2024-03-12T12:06:19.424+0000] {processor.py:161} INFO - Started process (PID=3985) to work on /home/airflow/.local/lib/python3.8/site-packages/airflow/example_dags/example_branch_python_dop_operator_3.py
[2024-03-12T12:06:19.426+0000] {processor.py:830} INFO - Processing file /home/airflow/.local/lib/python3.8/site-packages/airflow/example_dags/example_branch_python_dop_operator_3.py for tasks to queue
[2024-03-12T12:06:19.427+0000] {logging_mixin.py:188} INFO - [2024-03-12T12:06:19.427+0000] {dagbag.py:540} INFO - Filling up the DagBag from /home/airflow/.local/lib/python3.8/site-packages/airflow/example_dags/example_branch_python_dop_operator_3.py
[2024-03-12T12:06:19.435+0000] {processor.py:840} INFO - DAG(s) 'example_branch_dop_operator_v3' retrieved from /home/airflow/.local/lib/python3.8/site-packages/airflow/example_dags/example_branch_python_dop_operator_3.py
[2024-03-12T12:06:19.456+0000] {logging_mixin.py:188} INFO - [2024-03-12T12:06:19.456+0000] {dag.py:3047} INFO - Sync 1 DAGs
[2024-03-12T12:06:19.478+0000] {logging_mixin.py:188} INFO - [2024-03-12T12:06:19.478+0000] {dag.py:3834} INFO - Setting next_dagrun for example_branch_dop_operator_v3 to 2024-03-12 12:05:00+00:00, run_after=2024-03-12 12:06:00+00:00
[2024-03-12T12:06:19.495+0000] {processor.py:183} INFO - Processing /home/airflow/.local/lib/python3.8/site-packages/airflow/example_dags/example_branch_python_dop_operator_3.py took 0.075 seconds
[2024-03-12T12:06:50.424+0000] {processor.py:161} INFO - Started process (PID=4232) to work on /home/airflow/.local/lib/python3.8/site-packages/airflow/example_dags/example_branch_python_dop_operator_3.py
[2024-03-12T12:06:50.426+0000] {processor.py:830} INFO - Processing file /home/airflow/.local/lib/python3.8/site-packages/airflow/example_dags/example_branch_python_dop_operator_3.py for tasks to queue
[2024-03-12T12:06:50.427+0000] {logging_mixin.py:188} INFO - [2024-03-12T12:06:50.427+0000] {dagbag.py:540} INFO - Filling up the DagBag from /home/airflow/.local/lib/python3.8/site-packages/airflow/example_dags/example_branch_python_dop_operator_3.py
[2024-03-12T12:06:50.440+0000] {processor.py:840} INFO - DAG(s) 'example_branch_dop_operator_v3' retrieved from /home/airflow/.local/lib/python3.8/site-packages/airflow/example_dags/example_branch_python_dop_operator_3.py
[2024-03-12T12:06:50.470+0000] {logging_mixin.py:188} INFO - [2024-03-12T12:06:50.470+0000] {dag.py:3047} INFO - Sync 1 DAGs
[2024-03-12T12:06:50.493+0000] {logging_mixin.py:188} INFO - [2024-03-12T12:06:50.492+0000] {dag.py:3834} INFO - Setting next_dagrun for example_branch_dop_operator_v3 to 2024-03-12 12:05:00+00:00, run_after=2024-03-12 12:06:00+00:00
[2024-03-12T12:06:50.504+0000] {processor.py:183} INFO - Processing /home/airflow/.local/lib/python3.8/site-packages/airflow/example_dags/example_branch_python_dop_operator_3.py took 0.083 seconds
[2024-03-12T12:07:21.368+0000] {processor.py:161} INFO - Started process (PID=4479) to work on /home/airflow/.local/lib/python3.8/site-packages/airflow/example_dags/example_branch_python_dop_operator_3.py
[2024-03-12T12:07:21.369+0000] {processor.py:830} INFO - Processing file /home/airflow/.local/lib/python3.8/site-packages/airflow/example_dags/example_branch_python_dop_operator_3.py for tasks to queue
[2024-03-12T12:07:21.370+0000] {logging_mixin.py:188} INFO - [2024-03-12T12:07:21.370+0000] {dagbag.py:540} INFO - Filling up the DagBag from /home/airflow/.local/lib/python3.8/site-packages/airflow/example_dags/example_branch_python_dop_operator_3.py
[2024-03-12T12:07:21.377+0000] {processor.py:840} INFO - DAG(s) 'example_branch_dop_operator_v3' retrieved from /home/airflow/.local/lib/python3.8/site-packages/airflow/example_dags/example_branch_python_dop_operator_3.py
[2024-03-12T12:07:21.393+0000] {logging_mixin.py:188} INFO - [2024-03-12T12:07:21.393+0000] {dag.py:3047} INFO - Sync 1 DAGs
[2024-03-12T12:07:21.408+0000] {logging_mixin.py:188} INFO - [2024-03-12T12:07:21.408+0000] {dag.py:3834} INFO - Setting next_dagrun for example_branch_dop_operator_v3 to 2024-03-12 12:06:00+00:00, run_after=2024-03-12 12:07:00+00:00
[2024-03-12T12:07:21.419+0000] {processor.py:183} INFO - Processing /home/airflow/.local/lib/python3.8/site-packages/airflow/example_dags/example_branch_python_dop_operator_3.py took 0.053 seconds
[2024-03-12T12:07:51.845+0000] {processor.py:161} INFO - Started process (PID=4726) to work on /home/airflow/.local/lib/python3.8/site-packages/airflow/example_dags/example_branch_python_dop_operator_3.py
[2024-03-12T12:07:51.849+0000] {processor.py:830} INFO - Processing file /home/airflow/.local/lib/python3.8/site-packages/airflow/example_dags/example_branch_python_dop_operator_3.py for tasks to queue
[2024-03-12T12:07:51.850+0000] {logging_mixin.py:188} INFO - [2024-03-12T12:07:51.850+0000] {dagbag.py:540} INFO - Filling up the DagBag from /home/airflow/.local/lib/python3.8/site-packages/airflow/example_dags/example_branch_python_dop_operator_3.py
[2024-03-12T12:07:51.856+0000] {processor.py:840} INFO - DAG(s) 'example_branch_dop_operator_v3' retrieved from /home/airflow/.local/lib/python3.8/site-packages/airflow/example_dags/example_branch_python_dop_operator_3.py
[2024-03-12T12:07:51.873+0000] {logging_mixin.py:188} INFO - [2024-03-12T12:07:51.872+0000] {dag.py:3047} INFO - Sync 1 DAGs
[2024-03-12T12:07:51.886+0000] {logging_mixin.py:188} INFO - [2024-03-12T12:07:51.886+0000] {dag.py:3834} INFO - Setting next_dagrun for example_branch_dop_operator_v3 to 2024-03-12 12:06:00+00:00, run_after=2024-03-12 12:07:00+00:00
[2024-03-12T12:07:51.897+0000] {processor.py:183} INFO - Processing /home/airflow/.local/lib/python3.8/site-packages/airflow/example_dags/example_branch_python_dop_operator_3.py took 0.055 seconds
[2024-03-12T12:08:22.207+0000] {processor.py:161} INFO - Started process (PID=4973) to work on /home/airflow/.local/lib/python3.8/site-packages/airflow/example_dags/example_branch_python_dop_operator_3.py
[2024-03-12T12:08:22.208+0000] {processor.py:830} INFO - Processing file /home/airflow/.local/lib/python3.8/site-packages/airflow/example_dags/example_branch_python_dop_operator_3.py for tasks to queue
[2024-03-12T12:08:22.209+0000] {logging_mixin.py:188} INFO - [2024-03-12T12:08:22.209+0000] {dagbag.py:540} INFO - Filling up the DagBag from /home/airflow/.local/lib/python3.8/site-packages/airflow/example_dags/example_branch_python_dop_operator_3.py
[2024-03-12T12:08:22.216+0000] {processor.py:840} INFO - DAG(s) 'example_branch_dop_operator_v3' retrieved from /home/airflow/.local/lib/python3.8/site-packages/airflow/example_dags/example_branch_python_dop_operator_3.py
[2024-03-12T12:08:22.232+0000] {logging_mixin.py:188} INFO - [2024-03-12T12:08:22.232+0000] {dag.py:3047} INFO - Sync 1 DAGs
[2024-03-12T12:08:22.246+0000] {logging_mixin.py:188} INFO - [2024-03-12T12:08:22.246+0000] {dag.py:3834} INFO - Setting next_dagrun for example_branch_dop_operator_v3 to 2024-03-12 12:07:00+00:00, run_after=2024-03-12 12:08:00+00:00
[2024-03-12T12:08:22.257+0000] {processor.py:183} INFO - Processing /home/airflow/.local/lib/python3.8/site-packages/airflow/example_dags/example_branch_python_dop_operator_3.py took 0.053 seconds
[2024-03-12T12:08:52.831+0000] {processor.py:161} INFO - Started process (PID=5220) to work on /home/airflow/.local/lib/python3.8/site-packages/airflow/example_dags/example_branch_python_dop_operator_3.py
[2024-03-12T12:08:52.833+0000] {processor.py:830} INFO - Processing file /home/airflow/.local/lib/python3.8/site-packages/airflow/example_dags/example_branch_python_dop_operator_3.py for tasks to queue
[2024-03-12T12:08:52.834+0000] {logging_mixin.py:188} INFO - [2024-03-12T12:08:52.834+0000] {dagbag.py:540} INFO - Filling up the DagBag from /home/airflow/.local/lib/python3.8/site-packages/airflow/example_dags/example_branch_python_dop_operator_3.py
[2024-03-12T12:08:52.841+0000] {processor.py:840} INFO - DAG(s) 'example_branch_dop_operator_v3' retrieved from /home/airflow/.local/lib/python3.8/site-packages/airflow/example_dags/example_branch_python_dop_operator_3.py
[2024-03-12T12:08:52.858+0000] {logging_mixin.py:188} INFO - [2024-03-12T12:08:52.858+0000] {dag.py:3047} INFO - Sync 1 DAGs
[2024-03-12T12:08:52.877+0000] {logging_mixin.py:188} INFO - [2024-03-12T12:08:52.877+0000] {dag.py:3834} INFO - Setting next_dagrun for example_branch_dop_operator_v3 to 2024-03-12 12:07:00+00:00, run_after=2024-03-12 12:08:00+00:00
[2024-03-12T12:08:52.891+0000] {processor.py:183} INFO - Processing /home/airflow/.local/lib/python3.8/site-packages/airflow/example_dags/example_branch_python_dop_operator_3.py took 0.062 seconds
[2024-03-12T12:09:23.453+0000] {processor.py:161} INFO - Started process (PID=5467) to work on /home/airflow/.local/lib/python3.8/site-packages/airflow/example_dags/example_branch_python_dop_operator_3.py
[2024-03-12T12:09:23.455+0000] {processor.py:830} INFO - Processing file /home/airflow/.local/lib/python3.8/site-packages/airflow/example_dags/example_branch_python_dop_operator_3.py for tasks to queue
[2024-03-12T12:09:23.455+0000] {logging_mixin.py:188} INFO - [2024-03-12T12:09:23.455+0000] {dagbag.py:540} INFO - Filling up the DagBag from /home/airflow/.local/lib/python3.8/site-packages/airflow/example_dags/example_branch_python_dop_operator_3.py
[2024-03-12T12:09:23.461+0000] {processor.py:840} INFO - DAG(s) 'example_branch_dop_operator_v3' retrieved from /home/airflow/.local/lib/python3.8/site-packages/airflow/example_dags/example_branch_python_dop_operator_3.py
[2024-03-12T12:09:23.478+0000] {logging_mixin.py:188} INFO - [2024-03-12T12:09:23.477+0000] {dag.py:3047} INFO - Sync 1 DAGs
[2024-03-12T12:09:23.492+0000] {logging_mixin.py:188} INFO - [2024-03-12T12:09:23.492+0000] {dag.py:3834} INFO - Setting next_dagrun for example_branch_dop_operator_v3 to 2024-03-12 12:08:00+00:00, run_after=2024-03-12 12:09:00+00:00
[2024-03-12T12:09:23.504+0000] {processor.py:183} INFO - Processing /home/airflow/.local/lib/python3.8/site-packages/airflow/example_dags/example_branch_python_dop_operator_3.py took 0.053 seconds
[2024-03-12T12:09:54.161+0000] {processor.py:161} INFO - Started process (PID=5714) to work on /home/airflow/.local/lib/python3.8/site-packages/airflow/example_dags/example_branch_python_dop_operator_3.py
[2024-03-12T12:09:54.162+0000] {processor.py:830} INFO - Processing file /home/airflow/.local/lib/python3.8/site-packages/airflow/example_dags/example_branch_python_dop_operator_3.py for tasks to queue
[2024-03-12T12:09:54.163+0000] {logging_mixin.py:188} INFO - [2024-03-12T12:09:54.163+0000] {dagbag.py:540} INFO - Filling up the DagBag from /home/airflow/.local/lib/python3.8/site-packages/airflow/example_dags/example_branch_python_dop_operator_3.py
[2024-03-12T12:09:54.169+0000] {processor.py:840} INFO - DAG(s) 'example_branch_dop_operator_v3' retrieved from /home/airflow/.local/lib/python3.8/site-packages/airflow/example_dags/example_branch_python_dop_operator_3.py
[2024-03-12T12:09:54.186+0000] {logging_mixin.py:188} INFO - [2024-03-12T12:09:54.186+0000] {dag.py:3047} INFO - Sync 1 DAGs
[2024-03-12T12:09:54.200+0000] {logging_mixin.py:188} INFO - [2024-03-12T12:09:54.200+0000] {dag.py:3834} INFO - Setting next_dagrun for example_branch_dop_operator_v3 to 2024-03-12 12:08:00+00:00, run_after=2024-03-12 12:09:00+00:00
[2024-03-12T12:09:54.211+0000] {processor.py:183} INFO - Processing /home/airflow/.local/lib/python3.8/site-packages/airflow/example_dags/example_branch_python_dop_operator_3.py took 0.053 seconds
[2024-03-12T12:10:24.601+0000] {processor.py:161} INFO - Started process (PID=5961) to work on /home/airflow/.local/lib/python3.8/site-packages/airflow/example_dags/example_branch_python_dop_operator_3.py
[2024-03-12T12:10:24.603+0000] {processor.py:830} INFO - Processing file /home/airflow/.local/lib/python3.8/site-packages/airflow/example_dags/example_branch_python_dop_operator_3.py for tasks to queue
[2024-03-12T12:10:24.604+0000] {logging_mixin.py:188} INFO - [2024-03-12T12:10:24.604+0000] {dagbag.py:540} INFO - Filling up the DagBag from /home/airflow/.local/lib/python3.8/site-packages/airflow/example_dags/example_branch_python_dop_operator_3.py
[2024-03-12T12:10:24.611+0000] {processor.py:840} INFO - DAG(s) 'example_branch_dop_operator_v3' retrieved from /home/airflow/.local/lib/python3.8/site-packages/airflow/example_dags/example_branch_python_dop_operator_3.py
[2024-03-12T12:10:24.628+0000] {logging_mixin.py:188} INFO - [2024-03-12T12:10:24.628+0000] {dag.py:3047} INFO - Sync 1 DAGs
[2024-03-12T12:10:24.643+0000] {logging_mixin.py:188} INFO - [2024-03-12T12:10:24.642+0000] {dag.py:3834} INFO - Setting next_dagrun for example_branch_dop_operator_v3 to 2024-03-12 12:09:00+00:00, run_after=2024-03-12 12:10:00+00:00
[2024-03-12T12:10:24.655+0000] {processor.py:183} INFO - Processing /home/airflow/.local/lib/python3.8/site-packages/airflow/example_dags/example_branch_python_dop_operator_3.py took 0.056 seconds
[2024-03-12T12:10:54.881+0000] {processor.py:161} INFO - Started process (PID=6208) to work on /home/airflow/.local/lib/python3.8/site-packages/airflow/example_dags/example_branch_python_dop_operator_3.py
[2024-03-12T12:10:54.883+0000] {processor.py:830} INFO - Processing file /home/airflow/.local/lib/python3.8/site-packages/airflow/example_dags/example_branch_python_dop_operator_3.py for tasks to queue
[2024-03-12T12:10:54.885+0000] {logging_mixin.py:188} INFO - [2024-03-12T12:10:54.884+0000] {dagbag.py:540} INFO - Filling up the DagBag from /home/airflow/.local/lib/python3.8/site-packages/airflow/example_dags/example_branch_python_dop_operator_3.py
[2024-03-12T12:10:54.897+0000] {processor.py:840} INFO - DAG(s) 'example_branch_dop_operator_v3' retrieved from /home/airflow/.local/lib/python3.8/site-packages/airflow/example_dags/example_branch_python_dop_operator_3.py
[2024-03-12T12:10:54.936+0000] {logging_mixin.py:188} INFO - [2024-03-12T12:10:54.936+0000] {dag.py:3047} INFO - Sync 1 DAGs
[2024-03-12T12:10:54.963+0000] {logging_mixin.py:188} INFO - [2024-03-12T12:10:54.962+0000] {dag.py:3834} INFO - Setting next_dagrun for example_branch_dop_operator_v3 to 2024-03-12 12:09:00+00:00, run_after=2024-03-12 12:10:00+00:00
[2024-03-12T12:10:54.990+0000] {processor.py:183} INFO - Processing /home/airflow/.local/lib/python3.8/site-packages/airflow/example_dags/example_branch_python_dop_operator_3.py took 0.113 seconds
