[2024-03-12T11:50:05.986+0000] {processor.py:161} INFO - Started process (PID=339) to work on /home/airflow/.local/lib/python3.8/site-packages/airflow/example_dags/example_latest_only.py
[2024-03-12T11:50:05.988+0000] {processor.py:830} INFO - Processing file /home/airflow/.local/lib/python3.8/site-packages/airflow/example_dags/example_latest_only.py for tasks to queue
[2024-03-12T11:50:05.989+0000] {logging_mixin.py:188} INFO - [2024-03-12T11:50:05.988+0000] {dagbag.py:540} INFO - Filling up the DagBag from /home/airflow/.local/lib/python3.8/site-packages/airflow/example_dags/example_latest_only.py
[2024-03-12T11:50:05.995+0000] {processor.py:840} INFO - DAG(s) 'latest_only' retrieved from /home/airflow/.local/lib/python3.8/site-packages/airflow/example_dags/example_latest_only.py
[2024-03-12T11:50:06.021+0000] {logging_mixin.py:188} INFO - [2024-03-12T11:50:06.021+0000] {dag.py:3047} INFO - Sync 1 DAGs
[2024-03-12T11:50:06.036+0000] {logging_mixin.py:188} INFO - [2024-03-12T11:50:06.036+0000] {dag.py:3834} INFO - Setting next_dagrun for latest_only to 2024-03-12 04:00:00+00:00, run_after=2024-03-12 08:00:00+00:00
[2024-03-12T11:50:06.050+0000] {processor.py:183} INFO - Processing /home/airflow/.local/lib/python3.8/site-packages/airflow/example_dags/example_latest_only.py took 0.067 seconds
[2024-03-12T11:50:36.805+0000] {processor.py:161} INFO - Started process (PID=586) to work on /home/airflow/.local/lib/python3.8/site-packages/airflow/example_dags/example_latest_only.py
[2024-03-12T11:50:36.807+0000] {processor.py:830} INFO - Processing file /home/airflow/.local/lib/python3.8/site-packages/airflow/example_dags/example_latest_only.py for tasks to queue
[2024-03-12T11:50:36.808+0000] {logging_mixin.py:188} INFO - [2024-03-12T11:50:36.807+0000] {dagbag.py:540} INFO - Filling up the DagBag from /home/airflow/.local/lib/python3.8/site-packages/airflow/example_dags/example_latest_only.py
[2024-03-12T11:50:36.812+0000] {processor.py:840} INFO - DAG(s) 'latest_only' retrieved from /home/airflow/.local/lib/python3.8/site-packages/airflow/example_dags/example_latest_only.py
[2024-03-12T11:50:36.835+0000] {logging_mixin.py:188} INFO - [2024-03-12T11:50:36.834+0000] {dag.py:3047} INFO - Sync 1 DAGs
[2024-03-12T11:50:36.851+0000] {logging_mixin.py:188} INFO - [2024-03-12T11:50:36.851+0000] {dag.py:3834} INFO - Setting next_dagrun for latest_only to 2024-03-12 04:00:00+00:00, run_after=2024-03-12 08:00:00+00:00
[2024-03-12T11:50:36.866+0000] {processor.py:183} INFO - Processing /home/airflow/.local/lib/python3.8/site-packages/airflow/example_dags/example_latest_only.py took 0.064 seconds
[2024-03-12T11:51:07.429+0000] {processor.py:161} INFO - Started process (PID=833) to work on /home/airflow/.local/lib/python3.8/site-packages/airflow/example_dags/example_latest_only.py
[2024-03-12T11:51:07.431+0000] {processor.py:830} INFO - Processing file /home/airflow/.local/lib/python3.8/site-packages/airflow/example_dags/example_latest_only.py for tasks to queue
[2024-03-12T11:51:07.432+0000] {logging_mixin.py:188} INFO - [2024-03-12T11:51:07.431+0000] {dagbag.py:540} INFO - Filling up the DagBag from /home/airflow/.local/lib/python3.8/site-packages/airflow/example_dags/example_latest_only.py
[2024-03-12T11:51:07.436+0000] {processor.py:840} INFO - DAG(s) 'latest_only' retrieved from /home/airflow/.local/lib/python3.8/site-packages/airflow/example_dags/example_latest_only.py
[2024-03-12T11:51:07.454+0000] {logging_mixin.py:188} INFO - [2024-03-12T11:51:07.454+0000] {dag.py:3047} INFO - Sync 1 DAGs
[2024-03-12T11:51:07.470+0000] {logging_mixin.py:188} INFO - [2024-03-12T11:51:07.470+0000] {dag.py:3834} INFO - Setting next_dagrun for latest_only to 2024-03-12 04:00:00+00:00, run_after=2024-03-12 08:00:00+00:00
[2024-03-12T11:51:07.481+0000] {processor.py:183} INFO - Processing /home/airflow/.local/lib/python3.8/site-packages/airflow/example_dags/example_latest_only.py took 0.055 seconds
[2024-03-12T11:51:37.786+0000] {processor.py:161} INFO - Started process (PID=1080) to work on /home/airflow/.local/lib/python3.8/site-packages/airflow/example_dags/example_latest_only.py
[2024-03-12T11:51:37.788+0000] {processor.py:830} INFO - Processing file /home/airflow/.local/lib/python3.8/site-packages/airflow/example_dags/example_latest_only.py for tasks to queue
[2024-03-12T11:51:37.789+0000] {logging_mixin.py:188} INFO - [2024-03-12T11:51:37.788+0000] {dagbag.py:540} INFO - Filling up the DagBag from /home/airflow/.local/lib/python3.8/site-packages/airflow/example_dags/example_latest_only.py
[2024-03-12T11:51:37.793+0000] {processor.py:840} INFO - DAG(s) 'latest_only' retrieved from /home/airflow/.local/lib/python3.8/site-packages/airflow/example_dags/example_latest_only.py
[2024-03-12T11:51:37.810+0000] {logging_mixin.py:188} INFO - [2024-03-12T11:51:37.810+0000] {dag.py:3047} INFO - Sync 1 DAGs
[2024-03-12T11:51:37.823+0000] {logging_mixin.py:188} INFO - [2024-03-12T11:51:37.823+0000] {dag.py:3834} INFO - Setting next_dagrun for latest_only to 2024-03-12 04:00:00+00:00, run_after=2024-03-12 08:00:00+00:00
[2024-03-12T11:51:37.839+0000] {processor.py:183} INFO - Processing /home/airflow/.local/lib/python3.8/site-packages/airflow/example_dags/example_latest_only.py took 0.055 seconds
[2024-03-12T11:52:08.576+0000] {processor.py:161} INFO - Started process (PID=1327) to work on /home/airflow/.local/lib/python3.8/site-packages/airflow/example_dags/example_latest_only.py
[2024-03-12T11:52:08.577+0000] {processor.py:830} INFO - Processing file /home/airflow/.local/lib/python3.8/site-packages/airflow/example_dags/example_latest_only.py for tasks to queue
[2024-03-12T11:52:08.579+0000] {logging_mixin.py:188} INFO - [2024-03-12T11:52:08.578+0000] {dagbag.py:540} INFO - Filling up the DagBag from /home/airflow/.local/lib/python3.8/site-packages/airflow/example_dags/example_latest_only.py
[2024-03-12T11:52:08.584+0000] {processor.py:840} INFO - DAG(s) 'latest_only' retrieved from /home/airflow/.local/lib/python3.8/site-packages/airflow/example_dags/example_latest_only.py
[2024-03-12T11:52:08.605+0000] {logging_mixin.py:188} INFO - [2024-03-12T11:52:08.605+0000] {dag.py:3047} INFO - Sync 1 DAGs
[2024-03-12T11:52:08.634+0000] {logging_mixin.py:188} INFO - [2024-03-12T11:52:08.634+0000] {dag.py:3834} INFO - Setting next_dagrun for latest_only to 2024-03-12 04:00:00+00:00, run_after=2024-03-12 08:00:00+00:00
[2024-03-12T11:52:08.654+0000] {processor.py:183} INFO - Processing /home/airflow/.local/lib/python3.8/site-packages/airflow/example_dags/example_latest_only.py took 0.081 seconds
[2024-03-12T11:52:39.905+0000] {processor.py:161} INFO - Started process (PID=1574) to work on /home/airflow/.local/lib/python3.8/site-packages/airflow/example_dags/example_latest_only.py
[2024-03-12T11:52:39.907+0000] {processor.py:830} INFO - Processing file /home/airflow/.local/lib/python3.8/site-packages/airflow/example_dags/example_latest_only.py for tasks to queue
[2024-03-12T11:52:39.909+0000] {logging_mixin.py:188} INFO - [2024-03-12T11:52:39.909+0000] {dagbag.py:540} INFO - Filling up the DagBag from /home/airflow/.local/lib/python3.8/site-packages/airflow/example_dags/example_latest_only.py
[2024-03-12T11:52:39.918+0000] {processor.py:840} INFO - DAG(s) 'latest_only' retrieved from /home/airflow/.local/lib/python3.8/site-packages/airflow/example_dags/example_latest_only.py
[2024-03-12T11:52:40.062+0000] {logging_mixin.py:188} INFO - [2024-03-12T11:52:40.062+0000] {dag.py:3047} INFO - Sync 1 DAGs
[2024-03-12T11:52:40.118+0000] {logging_mixin.py:188} INFO - [2024-03-12T11:52:40.117+0000] {dag.py:3834} INFO - Setting next_dagrun for latest_only to 2024-03-12 04:00:00+00:00, run_after=2024-03-12 08:00:00+00:00
[2024-03-12T11:52:40.140+0000] {processor.py:183} INFO - Processing /home/airflow/.local/lib/python3.8/site-packages/airflow/example_dags/example_latest_only.py took 0.244 seconds
[2024-03-12T11:53:11.160+0000] {processor.py:161} INFO - Started process (PID=1821) to work on /home/airflow/.local/lib/python3.8/site-packages/airflow/example_dags/example_latest_only.py
[2024-03-12T11:53:11.163+0000] {processor.py:830} INFO - Processing file /home/airflow/.local/lib/python3.8/site-packages/airflow/example_dags/example_latest_only.py for tasks to queue
[2024-03-12T11:53:11.167+0000] {logging_mixin.py:188} INFO - [2024-03-12T11:53:11.166+0000] {dagbag.py:540} INFO - Filling up the DagBag from /home/airflow/.local/lib/python3.8/site-packages/airflow/example_dags/example_latest_only.py
[2024-03-12T11:53:11.179+0000] {processor.py:840} INFO - DAG(s) 'latest_only' retrieved from /home/airflow/.local/lib/python3.8/site-packages/airflow/example_dags/example_latest_only.py
[2024-03-12T11:53:11.209+0000] {logging_mixin.py:188} INFO - [2024-03-12T11:53:11.209+0000] {dag.py:3047} INFO - Sync 1 DAGs
[2024-03-12T11:53:11.232+0000] {logging_mixin.py:188} INFO - [2024-03-12T11:53:11.231+0000] {dag.py:3834} INFO - Setting next_dagrun for latest_only to 2024-03-12 04:00:00+00:00, run_after=2024-03-12 08:00:00+00:00
[2024-03-12T11:53:11.246+0000] {processor.py:183} INFO - Processing /home/airflow/.local/lib/python3.8/site-packages/airflow/example_dags/example_latest_only.py took 0.092 seconds
[2024-03-12T11:53:42.002+0000] {processor.py:161} INFO - Started process (PID=2068) to work on /home/airflow/.local/lib/python3.8/site-packages/airflow/example_dags/example_latest_only.py
[2024-03-12T11:53:42.016+0000] {processor.py:830} INFO - Processing file /home/airflow/.local/lib/python3.8/site-packages/airflow/example_dags/example_latest_only.py for tasks to queue
[2024-03-12T11:53:42.047+0000] {logging_mixin.py:188} INFO - [2024-03-12T11:53:42.044+0000] {dagbag.py:540} INFO - Filling up the DagBag from /home/airflow/.local/lib/python3.8/site-packages/airflow/example_dags/example_latest_only.py
[2024-03-12T11:53:42.119+0000] {processor.py:840} INFO - DAG(s) 'latest_only' retrieved from /home/airflow/.local/lib/python3.8/site-packages/airflow/example_dags/example_latest_only.py
[2024-03-12T11:53:42.251+0000] {logging_mixin.py:188} INFO - [2024-03-12T11:53:42.250+0000] {dag.py:3047} INFO - Sync 1 DAGs
[2024-03-12T11:53:42.298+0000] {logging_mixin.py:188} INFO - [2024-03-12T11:53:42.298+0000] {dag.py:3834} INFO - Setting next_dagrun for latest_only to 2024-03-12 04:00:00+00:00, run_after=2024-03-12 08:00:00+00:00
[2024-03-12T11:53:42.315+0000] {processor.py:183} INFO - Processing /home/airflow/.local/lib/python3.8/site-packages/airflow/example_dags/example_latest_only.py took 0.317 seconds
[2024-03-12T11:54:13.907+0000] {processor.py:161} INFO - Started process (PID=2317) to work on /home/airflow/.local/lib/python3.8/site-packages/airflow/example_dags/example_latest_only.py
[2024-03-12T11:54:13.909+0000] {processor.py:830} INFO - Processing file /home/airflow/.local/lib/python3.8/site-packages/airflow/example_dags/example_latest_only.py for tasks to queue
[2024-03-12T11:54:13.912+0000] {logging_mixin.py:188} INFO - [2024-03-12T11:54:13.911+0000] {dagbag.py:540} INFO - Filling up the DagBag from /home/airflow/.local/lib/python3.8/site-packages/airflow/example_dags/example_latest_only.py
[2024-03-12T11:54:13.994+0000] {processor.py:840} INFO - DAG(s) 'latest_only' retrieved from /home/airflow/.local/lib/python3.8/site-packages/airflow/example_dags/example_latest_only.py
[2024-03-12T11:54:14.427+0000] {logging_mixin.py:188} INFO - [2024-03-12T11:54:14.425+0000] {dag.py:3047} INFO - Sync 1 DAGs
[2024-03-12T11:54:14.482+0000] {logging_mixin.py:188} INFO - [2024-03-12T11:54:14.482+0000] {dag.py:3834} INFO - Setting next_dagrun for latest_only to 2024-03-12 04:00:00+00:00, run_after=2024-03-12 08:00:00+00:00
[2024-03-12T11:54:14.520+0000] {processor.py:183} INFO - Processing /home/airflow/.local/lib/python3.8/site-packages/airflow/example_dags/example_latest_only.py took 0.616 seconds
[2024-03-12T11:54:44.655+0000] {processor.py:161} INFO - Started process (PID=2564) to work on /home/airflow/.local/lib/python3.8/site-packages/airflow/example_dags/example_latest_only.py
[2024-03-12T11:54:44.657+0000] {processor.py:830} INFO - Processing file /home/airflow/.local/lib/python3.8/site-packages/airflow/example_dags/example_latest_only.py for tasks to queue
[2024-03-12T11:54:44.658+0000] {logging_mixin.py:188} INFO - [2024-03-12T11:54:44.657+0000] {dagbag.py:540} INFO - Filling up the DagBag from /home/airflow/.local/lib/python3.8/site-packages/airflow/example_dags/example_latest_only.py
[2024-03-12T11:54:44.662+0000] {processor.py:840} INFO - DAG(s) 'latest_only' retrieved from /home/airflow/.local/lib/python3.8/site-packages/airflow/example_dags/example_latest_only.py
[2024-03-12T11:54:44.678+0000] {logging_mixin.py:188} INFO - [2024-03-12T11:54:44.678+0000] {dag.py:3047} INFO - Sync 1 DAGs
[2024-03-12T11:54:44.692+0000] {logging_mixin.py:188} INFO - [2024-03-12T11:54:44.692+0000] {dag.py:3834} INFO - Setting next_dagrun for latest_only to 2024-03-12 04:00:00+00:00, run_after=2024-03-12 08:00:00+00:00
[2024-03-12T11:54:44.702+0000] {processor.py:183} INFO - Processing /home/airflow/.local/lib/python3.8/site-packages/airflow/example_dags/example_latest_only.py took 0.050 seconds
[2024-03-12T11:55:14.830+0000] {processor.py:161} INFO - Started process (PID=2809) to work on /home/airflow/.local/lib/python3.8/site-packages/airflow/example_dags/example_latest_only.py
[2024-03-12T11:55:14.833+0000] {processor.py:830} INFO - Processing file /home/airflow/.local/lib/python3.8/site-packages/airflow/example_dags/example_latest_only.py for tasks to queue
[2024-03-12T11:55:14.834+0000] {logging_mixin.py:188} INFO - [2024-03-12T11:55:14.834+0000] {dagbag.py:540} INFO - Filling up the DagBag from /home/airflow/.local/lib/python3.8/site-packages/airflow/example_dags/example_latest_only.py
[2024-03-12T11:55:14.840+0000] {processor.py:840} INFO - DAG(s) 'latest_only' retrieved from /home/airflow/.local/lib/python3.8/site-packages/airflow/example_dags/example_latest_only.py
[2024-03-12T11:55:14.869+0000] {logging_mixin.py:188} INFO - [2024-03-12T11:55:14.869+0000] {dag.py:3047} INFO - Sync 1 DAGs
[2024-03-12T11:55:14.888+0000] {logging_mixin.py:188} INFO - [2024-03-12T11:55:14.888+0000] {dag.py:3834} INFO - Setting next_dagrun for latest_only to 2024-03-12 04:00:00+00:00, run_after=2024-03-12 08:00:00+00:00
[2024-03-12T11:55:14.909+0000] {processor.py:183} INFO - Processing /home/airflow/.local/lib/python3.8/site-packages/airflow/example_dags/example_latest_only.py took 0.081 seconds
[2024-03-12T11:55:45.402+0000] {processor.py:161} INFO - Started process (PID=3056) to work on /home/airflow/.local/lib/python3.8/site-packages/airflow/example_dags/example_latest_only.py
[2024-03-12T11:55:45.403+0000] {processor.py:830} INFO - Processing file /home/airflow/.local/lib/python3.8/site-packages/airflow/example_dags/example_latest_only.py for tasks to queue
[2024-03-12T11:55:45.404+0000] {logging_mixin.py:188} INFO - [2024-03-12T11:55:45.404+0000] {dagbag.py:540} INFO - Filling up the DagBag from /home/airflow/.local/lib/python3.8/site-packages/airflow/example_dags/example_latest_only.py
[2024-03-12T11:55:45.408+0000] {processor.py:840} INFO - DAG(s) 'latest_only' retrieved from /home/airflow/.local/lib/python3.8/site-packages/airflow/example_dags/example_latest_only.py
[2024-03-12T11:55:45.424+0000] {logging_mixin.py:188} INFO - [2024-03-12T11:55:45.424+0000] {dag.py:3047} INFO - Sync 1 DAGs
[2024-03-12T11:55:45.438+0000] {logging_mixin.py:188} INFO - [2024-03-12T11:55:45.437+0000] {dag.py:3834} INFO - Setting next_dagrun for latest_only to 2024-03-12 04:00:00+00:00, run_after=2024-03-12 08:00:00+00:00
[2024-03-12T11:55:45.448+0000] {processor.py:183} INFO - Processing /home/airflow/.local/lib/python3.8/site-packages/airflow/example_dags/example_latest_only.py took 0.050 seconds
[2024-03-12T11:57:08.376+0000] {processor.py:161} INFO - Started process (PID=339) to work on /home/airflow/.local/lib/python3.8/site-packages/airflow/example_dags/example_latest_only.py
[2024-03-12T11:57:08.378+0000] {processor.py:830} INFO - Processing file /home/airflow/.local/lib/python3.8/site-packages/airflow/example_dags/example_latest_only.py for tasks to queue
[2024-03-12T11:57:08.380+0000] {logging_mixin.py:188} INFO - [2024-03-12T11:57:08.379+0000] {dagbag.py:540} INFO - Filling up the DagBag from /home/airflow/.local/lib/python3.8/site-packages/airflow/example_dags/example_latest_only.py
[2024-03-12T11:57:08.385+0000] {processor.py:840} INFO - DAG(s) 'latest_only' retrieved from /home/airflow/.local/lib/python3.8/site-packages/airflow/example_dags/example_latest_only.py
[2024-03-12T11:57:08.403+0000] {logging_mixin.py:188} INFO - [2024-03-12T11:57:08.403+0000] {dag.py:3047} INFO - Sync 1 DAGs
[2024-03-12T11:57:08.416+0000] {logging_mixin.py:188} INFO - [2024-03-12T11:57:08.416+0000] {dag.py:3834} INFO - Setting next_dagrun for latest_only to 2024-03-12 04:00:00+00:00, run_after=2024-03-12 08:00:00+00:00
[2024-03-12T11:57:08.427+0000] {processor.py:183} INFO - Processing /home/airflow/.local/lib/python3.8/site-packages/airflow/example_dags/example_latest_only.py took 0.053 seconds
[2024-03-12T11:57:38.535+0000] {processor.py:161} INFO - Started process (PID=583) to work on /home/airflow/.local/lib/python3.8/site-packages/airflow/example_dags/example_latest_only.py
[2024-03-12T11:57:38.537+0000] {processor.py:830} INFO - Processing file /home/airflow/.local/lib/python3.8/site-packages/airflow/example_dags/example_latest_only.py for tasks to queue
[2024-03-12T11:57:38.544+0000] {logging_mixin.py:188} INFO - [2024-03-12T11:57:38.543+0000] {dagbag.py:540} INFO - Filling up the DagBag from /home/airflow/.local/lib/python3.8/site-packages/airflow/example_dags/example_latest_only.py
[2024-03-12T11:57:38.549+0000] {processor.py:840} INFO - DAG(s) 'latest_only' retrieved from /home/airflow/.local/lib/python3.8/site-packages/airflow/example_dags/example_latest_only.py
[2024-03-12T11:57:38.566+0000] {logging_mixin.py:188} INFO - [2024-03-12T11:57:38.566+0000] {dag.py:3047} INFO - Sync 1 DAGs
[2024-03-12T11:57:38.578+0000] {logging_mixin.py:188} INFO - [2024-03-12T11:57:38.578+0000] {dag.py:3834} INFO - Setting next_dagrun for latest_only to 2024-03-12 04:00:00+00:00, run_after=2024-03-12 08:00:00+00:00
[2024-03-12T11:57:38.588+0000] {processor.py:183} INFO - Processing /home/airflow/.local/lib/python3.8/site-packages/airflow/example_dags/example_latest_only.py took 0.056 seconds
[2024-03-12T11:58:36.115+0000] {processor.py:161} INFO - Started process (PID=339) to work on /home/airflow/.local/lib/python3.8/site-packages/airflow/example_dags/example_latest_only.py
[2024-03-12T11:58:36.117+0000] {processor.py:830} INFO - Processing file /home/airflow/.local/lib/python3.8/site-packages/airflow/example_dags/example_latest_only.py for tasks to queue
[2024-03-12T11:58:36.118+0000] {logging_mixin.py:188} INFO - [2024-03-12T11:58:36.118+0000] {dagbag.py:540} INFO - Filling up the DagBag from /home/airflow/.local/lib/python3.8/site-packages/airflow/example_dags/example_latest_only.py
[2024-03-12T11:58:36.124+0000] {processor.py:840} INFO - DAG(s) 'latest_only' retrieved from /home/airflow/.local/lib/python3.8/site-packages/airflow/example_dags/example_latest_only.py
[2024-03-12T11:58:36.141+0000] {logging_mixin.py:188} INFO - [2024-03-12T11:58:36.141+0000] {dag.py:3047} INFO - Sync 1 DAGs
[2024-03-12T11:58:36.156+0000] {logging_mixin.py:188} INFO - [2024-03-12T11:58:36.156+0000] {dag.py:3834} INFO - Setting next_dagrun for latest_only to 2024-03-12 04:00:00+00:00, run_after=2024-03-12 08:00:00+00:00
[2024-03-12T11:58:36.167+0000] {processor.py:183} INFO - Processing /home/airflow/.local/lib/python3.8/site-packages/airflow/example_dags/example_latest_only.py took 0.055 seconds
[2024-03-12T11:59:06.211+0000] {processor.py:161} INFO - Started process (PID=583) to work on /home/airflow/.local/lib/python3.8/site-packages/airflow/example_dags/example_latest_only.py
[2024-03-12T11:59:06.212+0000] {processor.py:830} INFO - Processing file /home/airflow/.local/lib/python3.8/site-packages/airflow/example_dags/example_latest_only.py for tasks to queue
[2024-03-12T11:59:06.213+0000] {logging_mixin.py:188} INFO - [2024-03-12T11:59:06.213+0000] {dagbag.py:540} INFO - Filling up the DagBag from /home/airflow/.local/lib/python3.8/site-packages/airflow/example_dags/example_latest_only.py
[2024-03-12T11:59:06.217+0000] {processor.py:840} INFO - DAG(s) 'latest_only' retrieved from /home/airflow/.local/lib/python3.8/site-packages/airflow/example_dags/example_latest_only.py
[2024-03-12T11:59:06.233+0000] {logging_mixin.py:188} INFO - [2024-03-12T11:59:06.232+0000] {dag.py:3047} INFO - Sync 1 DAGs
[2024-03-12T11:59:06.245+0000] {logging_mixin.py:188} INFO - [2024-03-12T11:59:06.244+0000] {dag.py:3834} INFO - Setting next_dagrun for latest_only to 2024-03-12 04:00:00+00:00, run_after=2024-03-12 08:00:00+00:00
[2024-03-12T11:59:06.258+0000] {processor.py:183} INFO - Processing /home/airflow/.local/lib/python3.8/site-packages/airflow/example_dags/example_latest_only.py took 0.050 seconds
[2024-03-12T11:59:36.831+0000] {processor.py:161} INFO - Started process (PID=835) to work on /home/airflow/.local/lib/python3.8/site-packages/airflow/example_dags/example_latest_only.py
[2024-03-12T11:59:36.833+0000] {processor.py:830} INFO - Processing file /home/airflow/.local/lib/python3.8/site-packages/airflow/example_dags/example_latest_only.py for tasks to queue
[2024-03-12T11:59:36.834+0000] {logging_mixin.py:188} INFO - [2024-03-12T11:59:36.833+0000] {dagbag.py:540} INFO - Filling up the DagBag from /home/airflow/.local/lib/python3.8/site-packages/airflow/example_dags/example_latest_only.py
[2024-03-12T11:59:36.838+0000] {processor.py:840} INFO - DAG(s) 'latest_only' retrieved from /home/airflow/.local/lib/python3.8/site-packages/airflow/example_dags/example_latest_only.py
[2024-03-12T11:59:36.854+0000] {logging_mixin.py:188} INFO - [2024-03-12T11:59:36.853+0000] {dag.py:3047} INFO - Sync 1 DAGs
[2024-03-12T11:59:36.866+0000] {logging_mixin.py:188} INFO - [2024-03-12T11:59:36.866+0000] {dag.py:3834} INFO - Setting next_dagrun for latest_only to 2024-03-12 04:00:00+00:00, run_after=2024-03-12 08:00:00+00:00
[2024-03-12T11:59:36.876+0000] {processor.py:183} INFO - Processing /home/airflow/.local/lib/python3.8/site-packages/airflow/example_dags/example_latest_only.py took 0.047 seconds
[2024-03-12T12:00:07.644+0000] {processor.py:161} INFO - Started process (PID=1080) to work on /home/airflow/.local/lib/python3.8/site-packages/airflow/example_dags/example_latest_only.py
[2024-03-12T12:00:07.645+0000] {processor.py:830} INFO - Processing file /home/airflow/.local/lib/python3.8/site-packages/airflow/example_dags/example_latest_only.py for tasks to queue
[2024-03-12T12:00:07.646+0000] {logging_mixin.py:188} INFO - [2024-03-12T12:00:07.646+0000] {dagbag.py:540} INFO - Filling up the DagBag from /home/airflow/.local/lib/python3.8/site-packages/airflow/example_dags/example_latest_only.py
[2024-03-12T12:00:07.650+0000] {processor.py:840} INFO - DAG(s) 'latest_only' retrieved from /home/airflow/.local/lib/python3.8/site-packages/airflow/example_dags/example_latest_only.py
[2024-03-12T12:00:07.667+0000] {logging_mixin.py:188} INFO - [2024-03-12T12:00:07.667+0000] {dag.py:3047} INFO - Sync 1 DAGs
[2024-03-12T12:00:07.680+0000] {logging_mixin.py:188} INFO - [2024-03-12T12:00:07.680+0000] {dag.py:3834} INFO - Setting next_dagrun for latest_only to 2024-03-12 08:00:00+00:00, run_after=2024-03-12 12:00:00+00:00
[2024-03-12T12:00:07.690+0000] {processor.py:183} INFO - Processing /home/airflow/.local/lib/python3.8/site-packages/airflow/example_dags/example_latest_only.py took 0.049 seconds
[2024-03-12T12:00:38.773+0000] {processor.py:161} INFO - Started process (PID=1327) to work on /home/airflow/.local/lib/python3.8/site-packages/airflow/example_dags/example_latest_only.py
[2024-03-12T12:00:38.775+0000] {processor.py:830} INFO - Processing file /home/airflow/.local/lib/python3.8/site-packages/airflow/example_dags/example_latest_only.py for tasks to queue
[2024-03-12T12:00:38.776+0000] {logging_mixin.py:188} INFO - [2024-03-12T12:00:38.776+0000] {dagbag.py:540} INFO - Filling up the DagBag from /home/airflow/.local/lib/python3.8/site-packages/airflow/example_dags/example_latest_only.py
[2024-03-12T12:00:38.781+0000] {processor.py:840} INFO - DAG(s) 'latest_only' retrieved from /home/airflow/.local/lib/python3.8/site-packages/airflow/example_dags/example_latest_only.py
[2024-03-12T12:00:38.804+0000] {logging_mixin.py:188} INFO - [2024-03-12T12:00:38.804+0000] {dag.py:3047} INFO - Sync 1 DAGs
[2024-03-12T12:00:38.818+0000] {logging_mixin.py:188} INFO - [2024-03-12T12:00:38.818+0000] {dag.py:3834} INFO - Setting next_dagrun for latest_only to 2024-03-12 08:00:00+00:00, run_after=2024-03-12 12:00:00+00:00
[2024-03-12T12:00:38.829+0000] {processor.py:183} INFO - Processing /home/airflow/.local/lib/python3.8/site-packages/airflow/example_dags/example_latest_only.py took 0.058 seconds
[2024-03-12T12:01:09.499+0000] {processor.py:161} INFO - Started process (PID=1574) to work on /home/airflow/.local/lib/python3.8/site-packages/airflow/example_dags/example_latest_only.py
[2024-03-12T12:01:09.500+0000] {processor.py:830} INFO - Processing file /home/airflow/.local/lib/python3.8/site-packages/airflow/example_dags/example_latest_only.py for tasks to queue
[2024-03-12T12:01:09.501+0000] {logging_mixin.py:188} INFO - [2024-03-12T12:01:09.501+0000] {dagbag.py:540} INFO - Filling up the DagBag from /home/airflow/.local/lib/python3.8/site-packages/airflow/example_dags/example_latest_only.py
[2024-03-12T12:01:09.505+0000] {processor.py:840} INFO - DAG(s) 'latest_only' retrieved from /home/airflow/.local/lib/python3.8/site-packages/airflow/example_dags/example_latest_only.py
[2024-03-12T12:01:09.521+0000] {logging_mixin.py:188} INFO - [2024-03-12T12:01:09.521+0000] {dag.py:3047} INFO - Sync 1 DAGs
[2024-03-12T12:01:09.533+0000] {logging_mixin.py:188} INFO - [2024-03-12T12:01:09.533+0000] {dag.py:3834} INFO - Setting next_dagrun for latest_only to 2024-03-12 08:00:00+00:00, run_after=2024-03-12 12:00:00+00:00
[2024-03-12T12:01:09.544+0000] {processor.py:183} INFO - Processing /home/airflow/.local/lib/python3.8/site-packages/airflow/example_dags/example_latest_only.py took 0.048 seconds
[2024-03-12T12:01:40.681+0000] {processor.py:161} INFO - Started process (PID=1823) to work on /home/airflow/.local/lib/python3.8/site-packages/airflow/example_dags/example_latest_only.py
[2024-03-12T12:01:40.682+0000] {processor.py:830} INFO - Processing file /home/airflow/.local/lib/python3.8/site-packages/airflow/example_dags/example_latest_only.py for tasks to queue
[2024-03-12T12:01:40.683+0000] {logging_mixin.py:188} INFO - [2024-03-12T12:01:40.683+0000] {dagbag.py:540} INFO - Filling up the DagBag from /home/airflow/.local/lib/python3.8/site-packages/airflow/example_dags/example_latest_only.py
[2024-03-12T12:01:40.688+0000] {processor.py:840} INFO - DAG(s) 'latest_only' retrieved from /home/airflow/.local/lib/python3.8/site-packages/airflow/example_dags/example_latest_only.py
[2024-03-12T12:01:40.704+0000] {logging_mixin.py:188} INFO - [2024-03-12T12:01:40.704+0000] {dag.py:3047} INFO - Sync 1 DAGs
[2024-03-12T12:01:40.717+0000] {logging_mixin.py:188} INFO - [2024-03-12T12:01:40.717+0000] {dag.py:3834} INFO - Setting next_dagrun for latest_only to 2024-03-12 08:00:00+00:00, run_after=2024-03-12 12:00:00+00:00
[2024-03-12T12:01:40.728+0000] {processor.py:183} INFO - Processing /home/airflow/.local/lib/python3.8/site-packages/airflow/example_dags/example_latest_only.py took 0.050 seconds
[2024-03-12T12:02:11.337+0000] {processor.py:161} INFO - Started process (PID=2070) to work on /home/airflow/.local/lib/python3.8/site-packages/airflow/example_dags/example_latest_only.py
[2024-03-12T12:02:11.338+0000] {processor.py:830} INFO - Processing file /home/airflow/.local/lib/python3.8/site-packages/airflow/example_dags/example_latest_only.py for tasks to queue
[2024-03-12T12:02:11.339+0000] {logging_mixin.py:188} INFO - [2024-03-12T12:02:11.339+0000] {dagbag.py:540} INFO - Filling up the DagBag from /home/airflow/.local/lib/python3.8/site-packages/airflow/example_dags/example_latest_only.py
[2024-03-12T12:02:11.344+0000] {processor.py:840} INFO - DAG(s) 'latest_only' retrieved from /home/airflow/.local/lib/python3.8/site-packages/airflow/example_dags/example_latest_only.py
[2024-03-12T12:02:11.360+0000] {logging_mixin.py:188} INFO - [2024-03-12T12:02:11.359+0000] {dag.py:3047} INFO - Sync 1 DAGs
[2024-03-12T12:02:11.373+0000] {logging_mixin.py:188} INFO - [2024-03-12T12:02:11.373+0000] {dag.py:3834} INFO - Setting next_dagrun for latest_only to 2024-03-12 08:00:00+00:00, run_after=2024-03-12 12:00:00+00:00
[2024-03-12T12:02:11.383+0000] {processor.py:183} INFO - Processing /home/airflow/.local/lib/python3.8/site-packages/airflow/example_dags/example_latest_only.py took 0.049 seconds
[2024-03-12T12:02:42.077+0000] {processor.py:161} INFO - Started process (PID=2315) to work on /home/airflow/.local/lib/python3.8/site-packages/airflow/example_dags/example_latest_only.py
[2024-03-12T12:02:42.079+0000] {processor.py:830} INFO - Processing file /home/airflow/.local/lib/python3.8/site-packages/airflow/example_dags/example_latest_only.py for tasks to queue
[2024-03-12T12:02:42.080+0000] {logging_mixin.py:188} INFO - [2024-03-12T12:02:42.080+0000] {dagbag.py:540} INFO - Filling up the DagBag from /home/airflow/.local/lib/python3.8/site-packages/airflow/example_dags/example_latest_only.py
[2024-03-12T12:02:42.084+0000] {processor.py:840} INFO - DAG(s) 'latest_only' retrieved from /home/airflow/.local/lib/python3.8/site-packages/airflow/example_dags/example_latest_only.py
[2024-03-12T12:02:42.111+0000] {logging_mixin.py:188} INFO - [2024-03-12T12:02:42.110+0000] {dag.py:3047} INFO - Sync 1 DAGs
[2024-03-12T12:02:42.131+0000] {logging_mixin.py:188} INFO - [2024-03-12T12:02:42.130+0000] {dag.py:3834} INFO - Setting next_dagrun for latest_only to 2024-03-12 08:00:00+00:00, run_after=2024-03-12 12:00:00+00:00
[2024-03-12T12:02:42.146+0000] {processor.py:183} INFO - Processing /home/airflow/.local/lib/python3.8/site-packages/airflow/example_dags/example_latest_only.py took 0.071 seconds
[2024-03-12T12:03:13.848+0000] {processor.py:161} INFO - Started process (PID=2562) to work on /home/airflow/.local/lib/python3.8/site-packages/airflow/example_dags/example_latest_only.py
[2024-03-12T12:03:13.850+0000] {processor.py:830} INFO - Processing file /home/airflow/.local/lib/python3.8/site-packages/airflow/example_dags/example_latest_only.py for tasks to queue
[2024-03-12T12:03:13.851+0000] {logging_mixin.py:188} INFO - [2024-03-12T12:03:13.851+0000] {dagbag.py:540} INFO - Filling up the DagBag from /home/airflow/.local/lib/python3.8/site-packages/airflow/example_dags/example_latest_only.py
[2024-03-12T12:03:13.856+0000] {processor.py:840} INFO - DAG(s) 'latest_only' retrieved from /home/airflow/.local/lib/python3.8/site-packages/airflow/example_dags/example_latest_only.py
[2024-03-12T12:03:13.987+0000] {logging_mixin.py:188} INFO - [2024-03-12T12:03:13.986+0000] {dag.py:3047} INFO - Sync 1 DAGs
[2024-03-12T12:03:14.273+0000] {logging_mixin.py:188} INFO - [2024-03-12T12:03:14.273+0000] {dag.py:3834} INFO - Setting next_dagrun for latest_only to 2024-03-12 08:00:00+00:00, run_after=2024-03-12 12:00:00+00:00
[2024-03-12T12:03:14.333+0000] {processor.py:183} INFO - Processing /home/airflow/.local/lib/python3.8/site-packages/airflow/example_dags/example_latest_only.py took 0.488 seconds
[2024-03-12T12:03:45.264+0000] {processor.py:161} INFO - Started process (PID=2809) to work on /home/airflow/.local/lib/python3.8/site-packages/airflow/example_dags/example_latest_only.py
[2024-03-12T12:03:45.268+0000] {processor.py:830} INFO - Processing file /home/airflow/.local/lib/python3.8/site-packages/airflow/example_dags/example_latest_only.py for tasks to queue
[2024-03-12T12:03:45.270+0000] {logging_mixin.py:188} INFO - [2024-03-12T12:03:45.269+0000] {dagbag.py:540} INFO - Filling up the DagBag from /home/airflow/.local/lib/python3.8/site-packages/airflow/example_dags/example_latest_only.py
[2024-03-12T12:03:45.276+0000] {processor.py:840} INFO - DAG(s) 'latest_only' retrieved from /home/airflow/.local/lib/python3.8/site-packages/airflow/example_dags/example_latest_only.py
[2024-03-12T12:03:45.301+0000] {logging_mixin.py:188} INFO - [2024-03-12T12:03:45.301+0000] {dag.py:3047} INFO - Sync 1 DAGs
[2024-03-12T12:03:45.330+0000] {logging_mixin.py:188} INFO - [2024-03-12T12:03:45.330+0000] {dag.py:3834} INFO - Setting next_dagrun for latest_only to 2024-03-12 08:00:00+00:00, run_after=2024-03-12 12:00:00+00:00
[2024-03-12T12:03:45.350+0000] {processor.py:183} INFO - Processing /home/airflow/.local/lib/python3.8/site-packages/airflow/example_dags/example_latest_only.py took 0.092 seconds
[2024-03-12T12:04:16.574+0000] {processor.py:161} INFO - Started process (PID=3051) to work on /home/airflow/.local/lib/python3.8/site-packages/airflow/example_dags/example_latest_only.py
[2024-03-12T12:04:16.576+0000] {processor.py:830} INFO - Processing file /home/airflow/.local/lib/python3.8/site-packages/airflow/example_dags/example_latest_only.py for tasks to queue
[2024-03-12T12:04:16.578+0000] {logging_mixin.py:188} INFO - [2024-03-12T12:04:16.578+0000] {dagbag.py:540} INFO - Filling up the DagBag from /home/airflow/.local/lib/python3.8/site-packages/airflow/example_dags/example_latest_only.py
[2024-03-12T12:04:16.585+0000] {processor.py:840} INFO - DAG(s) 'latest_only' retrieved from /home/airflow/.local/lib/python3.8/site-packages/airflow/example_dags/example_latest_only.py
[2024-03-12T12:04:16.615+0000] {logging_mixin.py:188} INFO - [2024-03-12T12:04:16.615+0000] {dag.py:3047} INFO - Sync 1 DAGs
[2024-03-12T12:04:16.820+0000] {logging_mixin.py:188} INFO - [2024-03-12T12:04:16.820+0000] {dag.py:3834} INFO - Setting next_dagrun for latest_only to 2024-03-12 08:00:00+00:00, run_after=2024-03-12 12:00:00+00:00
[2024-03-12T12:04:16.840+0000] {processor.py:183} INFO - Processing /home/airflow/.local/lib/python3.8/site-packages/airflow/example_dags/example_latest_only.py took 0.269 seconds
[2024-03-12T12:04:47.704+0000] {processor.py:161} INFO - Started process (PID=3303) to work on /home/airflow/.local/lib/python3.8/site-packages/airflow/example_dags/example_latest_only.py
[2024-03-12T12:04:47.706+0000] {processor.py:830} INFO - Processing file /home/airflow/.local/lib/python3.8/site-packages/airflow/example_dags/example_latest_only.py for tasks to queue
[2024-03-12T12:04:47.707+0000] {logging_mixin.py:188} INFO - [2024-03-12T12:04:47.707+0000] {dagbag.py:540} INFO - Filling up the DagBag from /home/airflow/.local/lib/python3.8/site-packages/airflow/example_dags/example_latest_only.py
[2024-03-12T12:04:47.711+0000] {processor.py:840} INFO - DAG(s) 'latest_only' retrieved from /home/airflow/.local/lib/python3.8/site-packages/airflow/example_dags/example_latest_only.py
[2024-03-12T12:04:47.732+0000] {logging_mixin.py:188} INFO - [2024-03-12T12:04:47.732+0000] {dag.py:3047} INFO - Sync 1 DAGs
[2024-03-12T12:04:47.749+0000] {logging_mixin.py:188} INFO - [2024-03-12T12:04:47.749+0000] {dag.py:3834} INFO - Setting next_dagrun for latest_only to 2024-03-12 08:00:00+00:00, run_after=2024-03-12 12:00:00+00:00
[2024-03-12T12:04:47.763+0000] {processor.py:183} INFO - Processing /home/airflow/.local/lib/python3.8/site-packages/airflow/example_dags/example_latest_only.py took 0.062 seconds
[2024-03-12T12:05:18.016+0000] {processor.py:161} INFO - Started process (PID=3551) to work on /home/airflow/.local/lib/python3.8/site-packages/airflow/example_dags/example_latest_only.py
[2024-03-12T12:05:18.018+0000] {processor.py:830} INFO - Processing file /home/airflow/.local/lib/python3.8/site-packages/airflow/example_dags/example_latest_only.py for tasks to queue
[2024-03-12T12:05:18.019+0000] {logging_mixin.py:188} INFO - [2024-03-12T12:05:18.019+0000] {dagbag.py:540} INFO - Filling up the DagBag from /home/airflow/.local/lib/python3.8/site-packages/airflow/example_dags/example_latest_only.py
[2024-03-12T12:05:18.026+0000] {processor.py:840} INFO - DAG(s) 'latest_only' retrieved from /home/airflow/.local/lib/python3.8/site-packages/airflow/example_dags/example_latest_only.py
[2024-03-12T12:05:18.046+0000] {logging_mixin.py:188} INFO - [2024-03-12T12:05:18.045+0000] {dag.py:3047} INFO - Sync 1 DAGs
[2024-03-12T12:05:18.066+0000] {logging_mixin.py:188} INFO - [2024-03-12T12:05:18.065+0000] {dag.py:3834} INFO - Setting next_dagrun for latest_only to 2024-03-12 08:00:00+00:00, run_after=2024-03-12 12:00:00+00:00
[2024-03-12T12:05:18.081+0000] {processor.py:183} INFO - Processing /home/airflow/.local/lib/python3.8/site-packages/airflow/example_dags/example_latest_only.py took 0.068 seconds
[2024-03-12T12:05:49.246+0000] {processor.py:161} INFO - Started process (PID=3798) to work on /home/airflow/.local/lib/python3.8/site-packages/airflow/example_dags/example_latest_only.py
[2024-03-12T12:05:49.251+0000] {processor.py:830} INFO - Processing file /home/airflow/.local/lib/python3.8/site-packages/airflow/example_dags/example_latest_only.py for tasks to queue
[2024-03-12T12:05:49.254+0000] {logging_mixin.py:188} INFO - [2024-03-12T12:05:49.252+0000] {dagbag.py:540} INFO - Filling up the DagBag from /home/airflow/.local/lib/python3.8/site-packages/airflow/example_dags/example_latest_only.py
[2024-03-12T12:05:49.286+0000] {processor.py:840} INFO - DAG(s) 'latest_only' retrieved from /home/airflow/.local/lib/python3.8/site-packages/airflow/example_dags/example_latest_only.py
[2024-03-12T12:05:49.342+0000] {logging_mixin.py:188} INFO - [2024-03-12T12:05:49.342+0000] {dag.py:3047} INFO - Sync 1 DAGs
[2024-03-12T12:05:49.375+0000] {logging_mixin.py:188} INFO - [2024-03-12T12:05:49.375+0000] {dag.py:3834} INFO - Setting next_dagrun for latest_only to 2024-03-12 08:00:00+00:00, run_after=2024-03-12 12:00:00+00:00
[2024-03-12T12:05:49.449+0000] {processor.py:183} INFO - Processing /home/airflow/.local/lib/python3.8/site-packages/airflow/example_dags/example_latest_only.py took 0.211 seconds
[2024-03-12T12:06:20.188+0000] {processor.py:161} INFO - Started process (PID=4047) to work on /home/airflow/.local/lib/python3.8/site-packages/airflow/example_dags/example_latest_only.py
[2024-03-12T12:06:20.190+0000] {processor.py:830} INFO - Processing file /home/airflow/.local/lib/python3.8/site-packages/airflow/example_dags/example_latest_only.py for tasks to queue
[2024-03-12T12:06:20.191+0000] {logging_mixin.py:188} INFO - [2024-03-12T12:06:20.191+0000] {dagbag.py:540} INFO - Filling up the DagBag from /home/airflow/.local/lib/python3.8/site-packages/airflow/example_dags/example_latest_only.py
[2024-03-12T12:06:20.197+0000] {processor.py:840} INFO - DAG(s) 'latest_only' retrieved from /home/airflow/.local/lib/python3.8/site-packages/airflow/example_dags/example_latest_only.py
[2024-03-12T12:06:20.213+0000] {logging_mixin.py:188} INFO - [2024-03-12T12:06:20.213+0000] {dag.py:3047} INFO - Sync 1 DAGs
[2024-03-12T12:06:20.226+0000] {logging_mixin.py:188} INFO - [2024-03-12T12:06:20.226+0000] {dag.py:3834} INFO - Setting next_dagrun for latest_only to 2024-03-12 08:00:00+00:00, run_after=2024-03-12 12:00:00+00:00
[2024-03-12T12:06:20.237+0000] {processor.py:183} INFO - Processing /home/airflow/.local/lib/python3.8/site-packages/airflow/example_dags/example_latest_only.py took 0.053 seconds
[2024-03-12T12:06:51.286+0000] {processor.py:161} INFO - Started process (PID=4292) to work on /home/airflow/.local/lib/python3.8/site-packages/airflow/example_dags/example_latest_only.py
[2024-03-12T12:06:51.288+0000] {processor.py:830} INFO - Processing file /home/airflow/.local/lib/python3.8/site-packages/airflow/example_dags/example_latest_only.py for tasks to queue
[2024-03-12T12:06:51.289+0000] {logging_mixin.py:188} INFO - [2024-03-12T12:06:51.289+0000] {dagbag.py:540} INFO - Filling up the DagBag from /home/airflow/.local/lib/python3.8/site-packages/airflow/example_dags/example_latest_only.py
[2024-03-12T12:06:51.295+0000] {processor.py:840} INFO - DAG(s) 'latest_only' retrieved from /home/airflow/.local/lib/python3.8/site-packages/airflow/example_dags/example_latest_only.py
[2024-03-12T12:06:51.323+0000] {logging_mixin.py:188} INFO - [2024-03-12T12:06:51.322+0000] {dag.py:3047} INFO - Sync 1 DAGs
[2024-03-12T12:06:51.342+0000] {logging_mixin.py:188} INFO - [2024-03-12T12:06:51.342+0000] {dag.py:3834} INFO - Setting next_dagrun for latest_only to 2024-03-12 08:00:00+00:00, run_after=2024-03-12 12:00:00+00:00
[2024-03-12T12:06:51.357+0000] {processor.py:183} INFO - Processing /home/airflow/.local/lib/python3.8/site-packages/airflow/example_dags/example_latest_only.py took 0.074 seconds
[2024-03-12T12:07:21.853+0000] {processor.py:161} INFO - Started process (PID=4539) to work on /home/airflow/.local/lib/python3.8/site-packages/airflow/example_dags/example_latest_only.py
[2024-03-12T12:07:21.855+0000] {processor.py:830} INFO - Processing file /home/airflow/.local/lib/python3.8/site-packages/airflow/example_dags/example_latest_only.py for tasks to queue
[2024-03-12T12:07:21.856+0000] {logging_mixin.py:188} INFO - [2024-03-12T12:07:21.856+0000] {dagbag.py:540} INFO - Filling up the DagBag from /home/airflow/.local/lib/python3.8/site-packages/airflow/example_dags/example_latest_only.py
[2024-03-12T12:07:21.860+0000] {processor.py:840} INFO - DAG(s) 'latest_only' retrieved from /home/airflow/.local/lib/python3.8/site-packages/airflow/example_dags/example_latest_only.py
[2024-03-12T12:07:21.876+0000] {logging_mixin.py:188} INFO - [2024-03-12T12:07:21.876+0000] {dag.py:3047} INFO - Sync 1 DAGs
[2024-03-12T12:07:21.889+0000] {logging_mixin.py:188} INFO - [2024-03-12T12:07:21.889+0000] {dag.py:3834} INFO - Setting next_dagrun for latest_only to 2024-03-12 08:00:00+00:00, run_after=2024-03-12 12:00:00+00:00
[2024-03-12T12:07:21.900+0000] {processor.py:183} INFO - Processing /home/airflow/.local/lib/python3.8/site-packages/airflow/example_dags/example_latest_only.py took 0.049 seconds
[2024-03-12T12:07:52.321+0000] {processor.py:161} INFO - Started process (PID=4786) to work on /home/airflow/.local/lib/python3.8/site-packages/airflow/example_dags/example_latest_only.py
[2024-03-12T12:07:52.323+0000] {processor.py:830} INFO - Processing file /home/airflow/.local/lib/python3.8/site-packages/airflow/example_dags/example_latest_only.py for tasks to queue
[2024-03-12T12:07:52.324+0000] {logging_mixin.py:188} INFO - [2024-03-12T12:07:52.324+0000] {dagbag.py:540} INFO - Filling up the DagBag from /home/airflow/.local/lib/python3.8/site-packages/airflow/example_dags/example_latest_only.py
[2024-03-12T12:07:52.328+0000] {processor.py:840} INFO - DAG(s) 'latest_only' retrieved from /home/airflow/.local/lib/python3.8/site-packages/airflow/example_dags/example_latest_only.py
[2024-03-12T12:07:52.344+0000] {logging_mixin.py:188} INFO - [2024-03-12T12:07:52.344+0000] {dag.py:3047} INFO - Sync 1 DAGs
[2024-03-12T12:07:52.357+0000] {logging_mixin.py:188} INFO - [2024-03-12T12:07:52.357+0000] {dag.py:3834} INFO - Setting next_dagrun for latest_only to 2024-03-12 08:00:00+00:00, run_after=2024-03-12 12:00:00+00:00
[2024-03-12T12:07:52.367+0000] {processor.py:183} INFO - Processing /home/airflow/.local/lib/python3.8/site-packages/airflow/example_dags/example_latest_only.py took 0.048 seconds
[2024-03-12T12:08:22.674+0000] {processor.py:161} INFO - Started process (PID=5033) to work on /home/airflow/.local/lib/python3.8/site-packages/airflow/example_dags/example_latest_only.py
[2024-03-12T12:08:22.675+0000] {processor.py:830} INFO - Processing file /home/airflow/.local/lib/python3.8/site-packages/airflow/example_dags/example_latest_only.py for tasks to queue
[2024-03-12T12:08:22.676+0000] {logging_mixin.py:188} INFO - [2024-03-12T12:08:22.676+0000] {dagbag.py:540} INFO - Filling up the DagBag from /home/airflow/.local/lib/python3.8/site-packages/airflow/example_dags/example_latest_only.py
[2024-03-12T12:08:22.680+0000] {processor.py:840} INFO - DAG(s) 'latest_only' retrieved from /home/airflow/.local/lib/python3.8/site-packages/airflow/example_dags/example_latest_only.py
[2024-03-12T12:08:22.696+0000] {logging_mixin.py:188} INFO - [2024-03-12T12:08:22.696+0000] {dag.py:3047} INFO - Sync 1 DAGs
[2024-03-12T12:08:22.710+0000] {logging_mixin.py:188} INFO - [2024-03-12T12:08:22.710+0000] {dag.py:3834} INFO - Setting next_dagrun for latest_only to 2024-03-12 08:00:00+00:00, run_after=2024-03-12 12:00:00+00:00
[2024-03-12T12:08:22.728+0000] {processor.py:183} INFO - Processing /home/airflow/.local/lib/python3.8/site-packages/airflow/example_dags/example_latest_only.py took 0.057 seconds
[2024-03-12T12:08:53.434+0000] {processor.py:161} INFO - Started process (PID=5280) to work on /home/airflow/.local/lib/python3.8/site-packages/airflow/example_dags/example_latest_only.py
[2024-03-12T12:08:53.436+0000] {processor.py:830} INFO - Processing file /home/airflow/.local/lib/python3.8/site-packages/airflow/example_dags/example_latest_only.py for tasks to queue
[2024-03-12T12:08:53.437+0000] {logging_mixin.py:188} INFO - [2024-03-12T12:08:53.437+0000] {dagbag.py:540} INFO - Filling up the DagBag from /home/airflow/.local/lib/python3.8/site-packages/airflow/example_dags/example_latest_only.py
[2024-03-12T12:08:53.442+0000] {processor.py:840} INFO - DAG(s) 'latest_only' retrieved from /home/airflow/.local/lib/python3.8/site-packages/airflow/example_dags/example_latest_only.py
[2024-03-12T12:08:53.472+0000] {logging_mixin.py:188} INFO - [2024-03-12T12:08:53.472+0000] {dag.py:3047} INFO - Sync 1 DAGs
[2024-03-12T12:08:53.490+0000] {logging_mixin.py:188} INFO - [2024-03-12T12:08:53.489+0000] {dag.py:3834} INFO - Setting next_dagrun for latest_only to 2024-03-12 08:00:00+00:00, run_after=2024-03-12 12:00:00+00:00
[2024-03-12T12:08:53.502+0000] {processor.py:183} INFO - Processing /home/airflow/.local/lib/python3.8/site-packages/airflow/example_dags/example_latest_only.py took 0.071 seconds
[2024-03-12T12:09:23.953+0000] {processor.py:161} INFO - Started process (PID=5527) to work on /home/airflow/.local/lib/python3.8/site-packages/airflow/example_dags/example_latest_only.py
[2024-03-12T12:09:23.954+0000] {processor.py:830} INFO - Processing file /home/airflow/.local/lib/python3.8/site-packages/airflow/example_dags/example_latest_only.py for tasks to queue
[2024-03-12T12:09:23.955+0000] {logging_mixin.py:188} INFO - [2024-03-12T12:09:23.955+0000] {dagbag.py:540} INFO - Filling up the DagBag from /home/airflow/.local/lib/python3.8/site-packages/airflow/example_dags/example_latest_only.py
[2024-03-12T12:09:23.959+0000] {processor.py:840} INFO - DAG(s) 'latest_only' retrieved from /home/airflow/.local/lib/python3.8/site-packages/airflow/example_dags/example_latest_only.py
[2024-03-12T12:09:23.976+0000] {logging_mixin.py:188} INFO - [2024-03-12T12:09:23.976+0000] {dag.py:3047} INFO - Sync 1 DAGs
[2024-03-12T12:09:23.989+0000] {logging_mixin.py:188} INFO - [2024-03-12T12:09:23.989+0000] {dag.py:3834} INFO - Setting next_dagrun for latest_only to 2024-03-12 08:00:00+00:00, run_after=2024-03-12 12:00:00+00:00
[2024-03-12T12:09:23.999+0000] {processor.py:183} INFO - Processing /home/airflow/.local/lib/python3.8/site-packages/airflow/example_dags/example_latest_only.py took 0.048 seconds
[2024-03-12T12:09:54.683+0000] {processor.py:161} INFO - Started process (PID=5774) to work on /home/airflow/.local/lib/python3.8/site-packages/airflow/example_dags/example_latest_only.py
[2024-03-12T12:09:54.685+0000] {processor.py:830} INFO - Processing file /home/airflow/.local/lib/python3.8/site-packages/airflow/example_dags/example_latest_only.py for tasks to queue
[2024-03-12T12:09:54.686+0000] {logging_mixin.py:188} INFO - [2024-03-12T12:09:54.686+0000] {dagbag.py:540} INFO - Filling up the DagBag from /home/airflow/.local/lib/python3.8/site-packages/airflow/example_dags/example_latest_only.py
[2024-03-12T12:09:54.691+0000] {processor.py:840} INFO - DAG(s) 'latest_only' retrieved from /home/airflow/.local/lib/python3.8/site-packages/airflow/example_dags/example_latest_only.py
[2024-03-12T12:09:54.712+0000] {logging_mixin.py:188} INFO - [2024-03-12T12:09:54.712+0000] {dag.py:3047} INFO - Sync 1 DAGs
[2024-03-12T12:09:54.734+0000] {logging_mixin.py:188} INFO - [2024-03-12T12:09:54.734+0000] {dag.py:3834} INFO - Setting next_dagrun for latest_only to 2024-03-12 08:00:00+00:00, run_after=2024-03-12 12:00:00+00:00
[2024-03-12T12:09:54.755+0000] {processor.py:183} INFO - Processing /home/airflow/.local/lib/python3.8/site-packages/airflow/example_dags/example_latest_only.py took 0.076 seconds
[2024-03-12T12:10:25.496+0000] {processor.py:161} INFO - Started process (PID=6021) to work on /home/airflow/.local/lib/python3.8/site-packages/airflow/example_dags/example_latest_only.py
[2024-03-12T12:10:25.498+0000] {processor.py:830} INFO - Processing file /home/airflow/.local/lib/python3.8/site-packages/airflow/example_dags/example_latest_only.py for tasks to queue
[2024-03-12T12:10:25.499+0000] {logging_mixin.py:188} INFO - [2024-03-12T12:10:25.499+0000] {dagbag.py:540} INFO - Filling up the DagBag from /home/airflow/.local/lib/python3.8/site-packages/airflow/example_dags/example_latest_only.py
[2024-03-12T12:10:25.505+0000] {processor.py:840} INFO - DAG(s) 'latest_only' retrieved from /home/airflow/.local/lib/python3.8/site-packages/airflow/example_dags/example_latest_only.py
[2024-03-12T12:10:25.523+0000] {logging_mixin.py:188} INFO - [2024-03-12T12:10:25.523+0000] {dag.py:3047} INFO - Sync 1 DAGs
[2024-03-12T12:10:25.539+0000] {logging_mixin.py:188} INFO - [2024-03-12T12:10:25.539+0000] {dag.py:3834} INFO - Setting next_dagrun for latest_only to 2024-03-12 08:00:00+00:00, run_after=2024-03-12 12:00:00+00:00
[2024-03-12T12:10:25.554+0000] {processor.py:183} INFO - Processing /home/airflow/.local/lib/python3.8/site-packages/airflow/example_dags/example_latest_only.py took 0.061 seconds
