[2024-03-12T11:50:06.379+0000] {processor.py:161} INFO - Started process (PID=371) to work on /home/airflow/.local/lib/python3.8/site-packages/airflow/example_dags/tutorial.py
[2024-03-12T11:50:06.380+0000] {processor.py:830} INFO - Processing file /home/airflow/.local/lib/python3.8/site-packages/airflow/example_dags/tutorial.py for tasks to queue
[2024-03-12T11:50:06.381+0000] {logging_mixin.py:188} INFO - [2024-03-12T11:50:06.381+0000] {dagbag.py:540} INFO - Filling up the DagBag from /home/airflow/.local/lib/python3.8/site-packages/airflow/example_dags/tutorial.py
[2024-03-12T11:50:06.386+0000] {processor.py:840} INFO - DAG(s) 'tutorial' retrieved from /home/airflow/.local/lib/python3.8/site-packages/airflow/example_dags/tutorial.py
[2024-03-12T11:50:06.403+0000] {logging_mixin.py:188} INFO - [2024-03-12T11:50:06.403+0000] {dag.py:3047} INFO - Sync 1 DAGs
[2024-03-12T11:50:06.416+0000] {logging_mixin.py:188} INFO - [2024-03-12T11:50:06.416+0000] {dag.py:3834} INFO - Setting next_dagrun for tutorial to 2024-03-11 00:00:00+00:00, run_after=2024-03-12 00:00:00+00:00
[2024-03-12T11:50:06.428+0000] {processor.py:183} INFO - Processing /home/airflow/.local/lib/python3.8/site-packages/airflow/example_dags/tutorial.py took 0.051 seconds
[2024-03-12T11:50:37.096+0000] {processor.py:161} INFO - Started process (PID=616) to work on /home/airflow/.local/lib/python3.8/site-packages/airflow/example_dags/tutorial.py
[2024-03-12T11:50:37.097+0000] {processor.py:830} INFO - Processing file /home/airflow/.local/lib/python3.8/site-packages/airflow/example_dags/tutorial.py for tasks to queue
[2024-03-12T11:50:37.098+0000] {logging_mixin.py:188} INFO - [2024-03-12T11:50:37.098+0000] {dagbag.py:540} INFO - Filling up the DagBag from /home/airflow/.local/lib/python3.8/site-packages/airflow/example_dags/tutorial.py
[2024-03-12T11:50:37.103+0000] {processor.py:840} INFO - DAG(s) 'tutorial' retrieved from /home/airflow/.local/lib/python3.8/site-packages/airflow/example_dags/tutorial.py
[2024-03-12T11:50:37.120+0000] {logging_mixin.py:188} INFO - [2024-03-12T11:50:37.120+0000] {dag.py:3047} INFO - Sync 1 DAGs
[2024-03-12T11:50:37.134+0000] {logging_mixin.py:188} INFO - [2024-03-12T11:50:37.134+0000] {dag.py:3834} INFO - Setting next_dagrun for tutorial to 2024-03-11 00:00:00+00:00, run_after=2024-03-12 00:00:00+00:00
[2024-03-12T11:50:37.144+0000] {processor.py:183} INFO - Processing /home/airflow/.local/lib/python3.8/site-packages/airflow/example_dags/tutorial.py took 0.051 seconds
[2024-03-12T11:51:07.728+0000] {processor.py:161} INFO - Started process (PID=863) to work on /home/airflow/.local/lib/python3.8/site-packages/airflow/example_dags/tutorial.py
[2024-03-12T11:51:07.729+0000] {processor.py:830} INFO - Processing file /home/airflow/.local/lib/python3.8/site-packages/airflow/example_dags/tutorial.py for tasks to queue
[2024-03-12T11:51:07.730+0000] {logging_mixin.py:188} INFO - [2024-03-12T11:51:07.730+0000] {dagbag.py:540} INFO - Filling up the DagBag from /home/airflow/.local/lib/python3.8/site-packages/airflow/example_dags/tutorial.py
[2024-03-12T11:51:07.736+0000] {processor.py:840} INFO - DAG(s) 'tutorial' retrieved from /home/airflow/.local/lib/python3.8/site-packages/airflow/example_dags/tutorial.py
[2024-03-12T11:51:07.753+0000] {logging_mixin.py:188} INFO - [2024-03-12T11:51:07.753+0000] {dag.py:3047} INFO - Sync 1 DAGs
[2024-03-12T11:51:07.765+0000] {logging_mixin.py:188} INFO - [2024-03-12T11:51:07.765+0000] {dag.py:3834} INFO - Setting next_dagrun for tutorial to 2024-03-11 00:00:00+00:00, run_after=2024-03-12 00:00:00+00:00
[2024-03-12T11:51:07.776+0000] {processor.py:183} INFO - Processing /home/airflow/.local/lib/python3.8/site-packages/airflow/example_dags/tutorial.py took 0.052 seconds
[2024-03-12T11:51:38.066+0000] {processor.py:161} INFO - Started process (PID=1110) to work on /home/airflow/.local/lib/python3.8/site-packages/airflow/example_dags/tutorial.py
[2024-03-12T11:51:38.067+0000] {processor.py:830} INFO - Processing file /home/airflow/.local/lib/python3.8/site-packages/airflow/example_dags/tutorial.py for tasks to queue
[2024-03-12T11:51:38.069+0000] {logging_mixin.py:188} INFO - [2024-03-12T11:51:38.068+0000] {dagbag.py:540} INFO - Filling up the DagBag from /home/airflow/.local/lib/python3.8/site-packages/airflow/example_dags/tutorial.py
[2024-03-12T11:51:38.074+0000] {processor.py:840} INFO - DAG(s) 'tutorial' retrieved from /home/airflow/.local/lib/python3.8/site-packages/airflow/example_dags/tutorial.py
[2024-03-12T11:51:38.091+0000] {logging_mixin.py:188} INFO - [2024-03-12T11:51:38.091+0000] {dag.py:3047} INFO - Sync 1 DAGs
[2024-03-12T11:51:38.105+0000] {logging_mixin.py:188} INFO - [2024-03-12T11:51:38.105+0000] {dag.py:3834} INFO - Setting next_dagrun for tutorial to 2024-03-11 00:00:00+00:00, run_after=2024-03-12 00:00:00+00:00
[2024-03-12T11:51:38.115+0000] {processor.py:183} INFO - Processing /home/airflow/.local/lib/python3.8/site-packages/airflow/example_dags/tutorial.py took 0.052 seconds
[2024-03-12T11:52:08.894+0000] {processor.py:161} INFO - Started process (PID=1357) to work on /home/airflow/.local/lib/python3.8/site-packages/airflow/example_dags/tutorial.py
[2024-03-12T11:52:08.896+0000] {processor.py:830} INFO - Processing file /home/airflow/.local/lib/python3.8/site-packages/airflow/example_dags/tutorial.py for tasks to queue
[2024-03-12T11:52:08.898+0000] {logging_mixin.py:188} INFO - [2024-03-12T11:52:08.898+0000] {dagbag.py:540} INFO - Filling up the DagBag from /home/airflow/.local/lib/python3.8/site-packages/airflow/example_dags/tutorial.py
[2024-03-12T11:52:08.903+0000] {processor.py:840} INFO - DAG(s) 'tutorial' retrieved from /home/airflow/.local/lib/python3.8/site-packages/airflow/example_dags/tutorial.py
[2024-03-12T11:52:08.920+0000] {logging_mixin.py:188} INFO - [2024-03-12T11:52:08.920+0000] {dag.py:3047} INFO - Sync 1 DAGs
[2024-03-12T11:52:08.936+0000] {logging_mixin.py:188} INFO - [2024-03-12T11:52:08.936+0000] {dag.py:3834} INFO - Setting next_dagrun for tutorial to 2024-03-11 00:00:00+00:00, run_after=2024-03-12 00:00:00+00:00
[2024-03-12T11:52:08.947+0000] {processor.py:183} INFO - Processing /home/airflow/.local/lib/python3.8/site-packages/airflow/example_dags/tutorial.py took 0.055 seconds
[2024-03-12T11:52:40.473+0000] {processor.py:161} INFO - Started process (PID=1606) to work on /home/airflow/.local/lib/python3.8/site-packages/airflow/example_dags/tutorial.py
[2024-03-12T11:52:40.476+0000] {processor.py:830} INFO - Processing file /home/airflow/.local/lib/python3.8/site-packages/airflow/example_dags/tutorial.py for tasks to queue
[2024-03-12T11:52:40.478+0000] {logging_mixin.py:188} INFO - [2024-03-12T11:52:40.478+0000] {dagbag.py:540} INFO - Filling up the DagBag from /home/airflow/.local/lib/python3.8/site-packages/airflow/example_dags/tutorial.py
[2024-03-12T11:52:40.488+0000] {processor.py:840} INFO - DAG(s) 'tutorial' retrieved from /home/airflow/.local/lib/python3.8/site-packages/airflow/example_dags/tutorial.py
[2024-03-12T11:52:40.671+0000] {logging_mixin.py:188} INFO - [2024-03-12T11:52:40.670+0000] {dag.py:3047} INFO - Sync 1 DAGs
[2024-03-12T11:52:40.709+0000] {logging_mixin.py:188} INFO - [2024-03-12T11:52:40.709+0000] {dag.py:3834} INFO - Setting next_dagrun for tutorial to 2024-03-11 00:00:00+00:00, run_after=2024-03-12 00:00:00+00:00
[2024-03-12T11:52:40.728+0000] {processor.py:183} INFO - Processing /home/airflow/.local/lib/python3.8/site-packages/airflow/example_dags/tutorial.py took 0.261 seconds
[2024-03-12T11:53:11.777+0000] {processor.py:161} INFO - Started process (PID=1853) to work on /home/airflow/.local/lib/python3.8/site-packages/airflow/example_dags/tutorial.py
[2024-03-12T11:53:11.779+0000] {processor.py:830} INFO - Processing file /home/airflow/.local/lib/python3.8/site-packages/airflow/example_dags/tutorial.py for tasks to queue
[2024-03-12T11:53:11.780+0000] {logging_mixin.py:188} INFO - [2024-03-12T11:53:11.780+0000] {dagbag.py:540} INFO - Filling up the DagBag from /home/airflow/.local/lib/python3.8/site-packages/airflow/example_dags/tutorial.py
[2024-03-12T11:53:11.786+0000] {processor.py:840} INFO - DAG(s) 'tutorial' retrieved from /home/airflow/.local/lib/python3.8/site-packages/airflow/example_dags/tutorial.py
[2024-03-12T11:53:11.803+0000] {logging_mixin.py:188} INFO - [2024-03-12T11:53:11.803+0000] {dag.py:3047} INFO - Sync 1 DAGs
[2024-03-12T11:53:11.816+0000] {logging_mixin.py:188} INFO - [2024-03-12T11:53:11.816+0000] {dag.py:3834} INFO - Setting next_dagrun for tutorial to 2024-03-11 00:00:00+00:00, run_after=2024-03-12 00:00:00+00:00
[2024-03-12T11:53:11.826+0000] {processor.py:183} INFO - Processing /home/airflow/.local/lib/python3.8/site-packages/airflow/example_dags/tutorial.py took 0.052 seconds
[2024-03-12T11:53:42.616+0000] {processor.py:161} INFO - Started process (PID=2098) to work on /home/airflow/.local/lib/python3.8/site-packages/airflow/example_dags/tutorial.py
[2024-03-12T11:53:42.618+0000] {processor.py:830} INFO - Processing file /home/airflow/.local/lib/python3.8/site-packages/airflow/example_dags/tutorial.py for tasks to queue
[2024-03-12T11:53:42.619+0000] {logging_mixin.py:188} INFO - [2024-03-12T11:53:42.619+0000] {dagbag.py:540} INFO - Filling up the DagBag from /home/airflow/.local/lib/python3.8/site-packages/airflow/example_dags/tutorial.py
[2024-03-12T11:53:42.625+0000] {processor.py:840} INFO - DAG(s) 'tutorial' retrieved from /home/airflow/.local/lib/python3.8/site-packages/airflow/example_dags/tutorial.py
[2024-03-12T11:53:42.645+0000] {logging_mixin.py:188} INFO - [2024-03-12T11:53:42.644+0000] {dag.py:3047} INFO - Sync 1 DAGs
[2024-03-12T11:53:42.661+0000] {logging_mixin.py:188} INFO - [2024-03-12T11:53:42.661+0000] {dag.py:3834} INFO - Setting next_dagrun for tutorial to 2024-03-11 00:00:00+00:00, run_after=2024-03-12 00:00:00+00:00
[2024-03-12T11:53:42.676+0000] {processor.py:183} INFO - Processing /home/airflow/.local/lib/python3.8/site-packages/airflow/example_dags/tutorial.py took 0.063 seconds
[2024-03-12T11:54:14.925+0000] {processor.py:161} INFO - Started process (PID=2347) to work on /home/airflow/.local/lib/python3.8/site-packages/airflow/example_dags/tutorial.py
[2024-03-12T11:54:14.928+0000] {processor.py:830} INFO - Processing file /home/airflow/.local/lib/python3.8/site-packages/airflow/example_dags/tutorial.py for tasks to queue
[2024-03-12T11:54:14.929+0000] {logging_mixin.py:188} INFO - [2024-03-12T11:54:14.929+0000] {dagbag.py:540} INFO - Filling up the DagBag from /home/airflow/.local/lib/python3.8/site-packages/airflow/example_dags/tutorial.py
[2024-03-12T11:54:14.935+0000] {processor.py:840} INFO - DAG(s) 'tutorial' retrieved from /home/airflow/.local/lib/python3.8/site-packages/airflow/example_dags/tutorial.py
[2024-03-12T11:54:14.954+0000] {logging_mixin.py:188} INFO - [2024-03-12T11:54:14.954+0000] {dag.py:3047} INFO - Sync 1 DAGs
[2024-03-12T11:54:14.973+0000] {logging_mixin.py:188} INFO - [2024-03-12T11:54:14.972+0000] {dag.py:3834} INFO - Setting next_dagrun for tutorial to 2024-03-11 00:00:00+00:00, run_after=2024-03-12 00:00:00+00:00
[2024-03-12T11:54:14.995+0000] {processor.py:183} INFO - Processing /home/airflow/.local/lib/python3.8/site-packages/airflow/example_dags/tutorial.py took 0.076 seconds
[2024-03-12T11:54:45.824+0000] {processor.py:161} INFO - Started process (PID=2592) to work on /home/airflow/.local/lib/python3.8/site-packages/airflow/example_dags/tutorial.py
[2024-03-12T11:54:45.826+0000] {processor.py:830} INFO - Processing file /home/airflow/.local/lib/python3.8/site-packages/airflow/example_dags/tutorial.py for tasks to queue
[2024-03-12T11:54:45.827+0000] {logging_mixin.py:188} INFO - [2024-03-12T11:54:45.827+0000] {dagbag.py:540} INFO - Filling up the DagBag from /home/airflow/.local/lib/python3.8/site-packages/airflow/example_dags/tutorial.py
[2024-03-12T11:54:45.836+0000] {processor.py:840} INFO - DAG(s) 'tutorial' retrieved from /home/airflow/.local/lib/python3.8/site-packages/airflow/example_dags/tutorial.py
[2024-03-12T11:54:45.857+0000] {logging_mixin.py:188} INFO - [2024-03-12T11:54:45.857+0000] {dag.py:3047} INFO - Sync 1 DAGs
[2024-03-12T11:54:45.873+0000] {logging_mixin.py:188} INFO - [2024-03-12T11:54:45.872+0000] {dag.py:3834} INFO - Setting next_dagrun for tutorial to 2024-03-11 00:00:00+00:00, run_after=2024-03-12 00:00:00+00:00
[2024-03-12T11:54:45.884+0000] {processor.py:183} INFO - Processing /home/airflow/.local/lib/python3.8/site-packages/airflow/example_dags/tutorial.py took 0.065 seconds
[2024-03-12T11:55:16.169+0000] {processor.py:161} INFO - Started process (PID=2839) to work on /home/airflow/.local/lib/python3.8/site-packages/airflow/example_dags/tutorial.py
[2024-03-12T11:55:16.172+0000] {processor.py:830} INFO - Processing file /home/airflow/.local/lib/python3.8/site-packages/airflow/example_dags/tutorial.py for tasks to queue
[2024-03-12T11:55:16.174+0000] {logging_mixin.py:188} INFO - [2024-03-12T11:55:16.173+0000] {dagbag.py:540} INFO - Filling up the DagBag from /home/airflow/.local/lib/python3.8/site-packages/airflow/example_dags/tutorial.py
[2024-03-12T11:55:16.183+0000] {processor.py:840} INFO - DAG(s) 'tutorial' retrieved from /home/airflow/.local/lib/python3.8/site-packages/airflow/example_dags/tutorial.py
[2024-03-12T11:55:16.206+0000] {logging_mixin.py:188} INFO - [2024-03-12T11:55:16.206+0000] {dag.py:3047} INFO - Sync 1 DAGs
[2024-03-12T11:55:16.223+0000] {logging_mixin.py:188} INFO - [2024-03-12T11:55:16.223+0000] {dag.py:3834} INFO - Setting next_dagrun for tutorial to 2024-03-11 00:00:00+00:00, run_after=2024-03-12 00:00:00+00:00
[2024-03-12T11:55:16.240+0000] {processor.py:183} INFO - Processing /home/airflow/.local/lib/python3.8/site-packages/airflow/example_dags/tutorial.py took 0.077 seconds
[2024-03-12T11:55:46.685+0000] {processor.py:161} INFO - Started process (PID=3086) to work on /home/airflow/.local/lib/python3.8/site-packages/airflow/example_dags/tutorial.py
[2024-03-12T11:55:46.687+0000] {processor.py:830} INFO - Processing file /home/airflow/.local/lib/python3.8/site-packages/airflow/example_dags/tutorial.py for tasks to queue
[2024-03-12T11:55:46.688+0000] {logging_mixin.py:188} INFO - [2024-03-12T11:55:46.688+0000] {dagbag.py:540} INFO - Filling up the DagBag from /home/airflow/.local/lib/python3.8/site-packages/airflow/example_dags/tutorial.py
[2024-03-12T11:55:46.697+0000] {processor.py:840} INFO - DAG(s) 'tutorial' retrieved from /home/airflow/.local/lib/python3.8/site-packages/airflow/example_dags/tutorial.py
[2024-03-12T11:55:46.717+0000] {logging_mixin.py:188} INFO - [2024-03-12T11:55:46.717+0000] {dag.py:3047} INFO - Sync 1 DAGs
[2024-03-12T11:55:46.748+0000] {logging_mixin.py:188} INFO - [2024-03-12T11:55:46.748+0000] {dag.py:3834} INFO - Setting next_dagrun for tutorial to 2024-03-11 00:00:00+00:00, run_after=2024-03-12 00:00:00+00:00
[2024-03-12T11:55:46.763+0000] {processor.py:183} INFO - Processing /home/airflow/.local/lib/python3.8/site-packages/airflow/example_dags/tutorial.py took 0.082 seconds
[2024-03-12T11:57:08.659+0000] {processor.py:161} INFO - Started process (PID=369) to work on /home/airflow/.local/lib/python3.8/site-packages/airflow/example_dags/tutorial.py
[2024-03-12T11:57:08.661+0000] {processor.py:830} INFO - Processing file /home/airflow/.local/lib/python3.8/site-packages/airflow/example_dags/tutorial.py for tasks to queue
[2024-03-12T11:57:08.662+0000] {logging_mixin.py:188} INFO - [2024-03-12T11:57:08.661+0000] {dagbag.py:540} INFO - Filling up the DagBag from /home/airflow/.local/lib/python3.8/site-packages/airflow/example_dags/tutorial.py
[2024-03-12T11:57:08.667+0000] {processor.py:840} INFO - DAG(s) 'tutorial' retrieved from /home/airflow/.local/lib/python3.8/site-packages/airflow/example_dags/tutorial.py
[2024-03-12T11:57:08.682+0000] {logging_mixin.py:188} INFO - [2024-03-12T11:57:08.681+0000] {dag.py:3047} INFO - Sync 1 DAGs
[2024-03-12T11:57:08.694+0000] {logging_mixin.py:188} INFO - [2024-03-12T11:57:08.694+0000] {dag.py:3834} INFO - Setting next_dagrun for tutorial to 2024-03-11 00:00:00+00:00, run_after=2024-03-12 00:00:00+00:00
[2024-03-12T11:57:08.705+0000] {processor.py:183} INFO - Processing /home/airflow/.local/lib/python3.8/site-packages/airflow/example_dags/tutorial.py took 0.049 seconds
[2024-03-12T11:57:38.956+0000] {processor.py:161} INFO - Started process (PID=618) to work on /home/airflow/.local/lib/python3.8/site-packages/airflow/example_dags/tutorial.py
[2024-03-12T11:57:38.957+0000] {processor.py:830} INFO - Processing file /home/airflow/.local/lib/python3.8/site-packages/airflow/example_dags/tutorial.py for tasks to queue
[2024-03-12T11:57:38.958+0000] {logging_mixin.py:188} INFO - [2024-03-12T11:57:38.958+0000] {dagbag.py:540} INFO - Filling up the DagBag from /home/airflow/.local/lib/python3.8/site-packages/airflow/example_dags/tutorial.py
[2024-03-12T11:57:38.963+0000] {processor.py:840} INFO - DAG(s) 'tutorial' retrieved from /home/airflow/.local/lib/python3.8/site-packages/airflow/example_dags/tutorial.py
[2024-03-12T11:57:38.978+0000] {logging_mixin.py:188} INFO - [2024-03-12T11:57:38.978+0000] {dag.py:3047} INFO - Sync 1 DAGs
[2024-03-12T11:57:38.990+0000] {logging_mixin.py:188} INFO - [2024-03-12T11:57:38.990+0000] {dag.py:3834} INFO - Setting next_dagrun for tutorial to 2024-03-11 00:00:00+00:00, run_after=2024-03-12 00:00:00+00:00
[2024-03-12T11:57:38.999+0000] {processor.py:183} INFO - Processing /home/airflow/.local/lib/python3.8/site-packages/airflow/example_dags/tutorial.py took 0.046 seconds
[2024-03-12T11:58:36.433+0000] {processor.py:161} INFO - Started process (PID=369) to work on /home/airflow/.local/lib/python3.8/site-packages/airflow/example_dags/tutorial.py
[2024-03-12T11:58:36.435+0000] {processor.py:830} INFO - Processing file /home/airflow/.local/lib/python3.8/site-packages/airflow/example_dags/tutorial.py for tasks to queue
[2024-03-12T11:58:36.436+0000] {logging_mixin.py:188} INFO - [2024-03-12T11:58:36.436+0000] {dagbag.py:540} INFO - Filling up the DagBag from /home/airflow/.local/lib/python3.8/site-packages/airflow/example_dags/tutorial.py
[2024-03-12T11:58:36.442+0000] {processor.py:840} INFO - DAG(s) 'tutorial' retrieved from /home/airflow/.local/lib/python3.8/site-packages/airflow/example_dags/tutorial.py
[2024-03-12T11:58:36.459+0000] {logging_mixin.py:188} INFO - [2024-03-12T11:58:36.459+0000] {dag.py:3047} INFO - Sync 1 DAGs
[2024-03-12T11:58:36.473+0000] {logging_mixin.py:188} INFO - [2024-03-12T11:58:36.473+0000] {dag.py:3834} INFO - Setting next_dagrun for tutorial to 2024-03-11 00:00:00+00:00, run_after=2024-03-12 00:00:00+00:00
[2024-03-12T11:58:36.485+0000] {processor.py:183} INFO - Processing /home/airflow/.local/lib/python3.8/site-packages/airflow/example_dags/tutorial.py took 0.056 seconds
[2024-03-12T11:59:06.527+0000] {processor.py:161} INFO - Started process (PID=616) to work on /home/airflow/.local/lib/python3.8/site-packages/airflow/example_dags/tutorial.py
[2024-03-12T11:59:06.529+0000] {processor.py:830} INFO - Processing file /home/airflow/.local/lib/python3.8/site-packages/airflow/example_dags/tutorial.py for tasks to queue
[2024-03-12T11:59:06.530+0000] {logging_mixin.py:188} INFO - [2024-03-12T11:59:06.530+0000] {dagbag.py:540} INFO - Filling up the DagBag from /home/airflow/.local/lib/python3.8/site-packages/airflow/example_dags/tutorial.py
[2024-03-12T11:59:06.535+0000] {processor.py:840} INFO - DAG(s) 'tutorial' retrieved from /home/airflow/.local/lib/python3.8/site-packages/airflow/example_dags/tutorial.py
[2024-03-12T11:59:06.551+0000] {logging_mixin.py:188} INFO - [2024-03-12T11:59:06.551+0000] {dag.py:3047} INFO - Sync 1 DAGs
[2024-03-12T11:59:06.565+0000] {logging_mixin.py:188} INFO - [2024-03-12T11:59:06.565+0000] {dag.py:3834} INFO - Setting next_dagrun for tutorial to 2024-03-11 00:00:00+00:00, run_after=2024-03-12 00:00:00+00:00
[2024-03-12T11:59:06.577+0000] {processor.py:183} INFO - Processing /home/airflow/.local/lib/python3.8/site-packages/airflow/example_dags/tutorial.py took 0.052 seconds
[2024-03-12T11:59:37.181+0000] {processor.py:161} INFO - Started process (PID=865) to work on /home/airflow/.local/lib/python3.8/site-packages/airflow/example_dags/tutorial.py
[2024-03-12T11:59:37.182+0000] {processor.py:830} INFO - Processing file /home/airflow/.local/lib/python3.8/site-packages/airflow/example_dags/tutorial.py for tasks to queue
[2024-03-12T11:59:37.183+0000] {logging_mixin.py:188} INFO - [2024-03-12T11:59:37.183+0000] {dagbag.py:540} INFO - Filling up the DagBag from /home/airflow/.local/lib/python3.8/site-packages/airflow/example_dags/tutorial.py
[2024-03-12T11:59:37.190+0000] {processor.py:840} INFO - DAG(s) 'tutorial' retrieved from /home/airflow/.local/lib/python3.8/site-packages/airflow/example_dags/tutorial.py
[2024-03-12T11:59:37.208+0000] {logging_mixin.py:188} INFO - [2024-03-12T11:59:37.208+0000] {dag.py:3047} INFO - Sync 1 DAGs
[2024-03-12T11:59:37.220+0000] {logging_mixin.py:188} INFO - [2024-03-12T11:59:37.220+0000] {dag.py:3834} INFO - Setting next_dagrun for tutorial to 2024-03-11 00:00:00+00:00, run_after=2024-03-12 00:00:00+00:00
[2024-03-12T11:59:37.231+0000] {processor.py:183} INFO - Processing /home/airflow/.local/lib/python3.8/site-packages/airflow/example_dags/tutorial.py took 0.053 seconds
[2024-03-12T12:00:07.946+0000] {processor.py:161} INFO - Started process (PID=1110) to work on /home/airflow/.local/lib/python3.8/site-packages/airflow/example_dags/tutorial.py
[2024-03-12T12:00:07.948+0000] {processor.py:830} INFO - Processing file /home/airflow/.local/lib/python3.8/site-packages/airflow/example_dags/tutorial.py for tasks to queue
[2024-03-12T12:00:07.949+0000] {logging_mixin.py:188} INFO - [2024-03-12T12:00:07.949+0000] {dagbag.py:540} INFO - Filling up the DagBag from /home/airflow/.local/lib/python3.8/site-packages/airflow/example_dags/tutorial.py
[2024-03-12T12:00:07.955+0000] {processor.py:840} INFO - DAG(s) 'tutorial' retrieved from /home/airflow/.local/lib/python3.8/site-packages/airflow/example_dags/tutorial.py
[2024-03-12T12:00:07.972+0000] {logging_mixin.py:188} INFO - [2024-03-12T12:00:07.972+0000] {dag.py:3047} INFO - Sync 1 DAGs
[2024-03-12T12:00:07.990+0000] {logging_mixin.py:188} INFO - [2024-03-12T12:00:07.989+0000] {dag.py:3834} INFO - Setting next_dagrun for tutorial to 2024-03-11 00:00:00+00:00, run_after=2024-03-12 00:00:00+00:00
[2024-03-12T12:00:08.003+0000] {processor.py:183} INFO - Processing /home/airflow/.local/lib/python3.8/site-packages/airflow/example_dags/tutorial.py took 0.060 seconds
[2024-03-12T12:00:39.015+0000] {processor.py:161} INFO - Started process (PID=1357) to work on /home/airflow/.local/lib/python3.8/site-packages/airflow/example_dags/tutorial.py
[2024-03-12T12:00:39.017+0000] {processor.py:830} INFO - Processing file /home/airflow/.local/lib/python3.8/site-packages/airflow/example_dags/tutorial.py for tasks to queue
[2024-03-12T12:00:39.018+0000] {logging_mixin.py:188} INFO - [2024-03-12T12:00:39.018+0000] {dagbag.py:540} INFO - Filling up the DagBag from /home/airflow/.local/lib/python3.8/site-packages/airflow/example_dags/tutorial.py
[2024-03-12T12:00:39.023+0000] {processor.py:840} INFO - DAG(s) 'tutorial' retrieved from /home/airflow/.local/lib/python3.8/site-packages/airflow/example_dags/tutorial.py
[2024-03-12T12:00:39.038+0000] {logging_mixin.py:188} INFO - [2024-03-12T12:00:39.038+0000] {dag.py:3047} INFO - Sync 1 DAGs
[2024-03-12T12:00:39.052+0000] {logging_mixin.py:188} INFO - [2024-03-12T12:00:39.052+0000] {dag.py:3834} INFO - Setting next_dagrun for tutorial to 2024-03-11 00:00:00+00:00, run_after=2024-03-12 00:00:00+00:00
[2024-03-12T12:00:39.063+0000] {processor.py:183} INFO - Processing /home/airflow/.local/lib/python3.8/site-packages/airflow/example_dags/tutorial.py took 0.050 seconds
[2024-03-12T12:01:09.799+0000] {processor.py:161} INFO - Started process (PID=1604) to work on /home/airflow/.local/lib/python3.8/site-packages/airflow/example_dags/tutorial.py
[2024-03-12T12:01:09.800+0000] {processor.py:830} INFO - Processing file /home/airflow/.local/lib/python3.8/site-packages/airflow/example_dags/tutorial.py for tasks to queue
[2024-03-12T12:01:09.801+0000] {logging_mixin.py:188} INFO - [2024-03-12T12:01:09.801+0000] {dagbag.py:540} INFO - Filling up the DagBag from /home/airflow/.local/lib/python3.8/site-packages/airflow/example_dags/tutorial.py
[2024-03-12T12:01:09.807+0000] {processor.py:840} INFO - DAG(s) 'tutorial' retrieved from /home/airflow/.local/lib/python3.8/site-packages/airflow/example_dags/tutorial.py
[2024-03-12T12:01:09.824+0000] {logging_mixin.py:188} INFO - [2024-03-12T12:01:09.824+0000] {dag.py:3047} INFO - Sync 1 DAGs
[2024-03-12T12:01:09.838+0000] {logging_mixin.py:188} INFO - [2024-03-12T12:01:09.838+0000] {dag.py:3834} INFO - Setting next_dagrun for tutorial to 2024-03-11 00:00:00+00:00, run_after=2024-03-12 00:00:00+00:00
[2024-03-12T12:01:09.848+0000] {processor.py:183} INFO - Processing /home/airflow/.local/lib/python3.8/site-packages/airflow/example_dags/tutorial.py took 0.052 seconds
[2024-03-12T12:01:40.885+0000] {processor.py:161} INFO - Started process (PID=1851) to work on /home/airflow/.local/lib/python3.8/site-packages/airflow/example_dags/tutorial.py
[2024-03-12T12:01:40.886+0000] {processor.py:830} INFO - Processing file /home/airflow/.local/lib/python3.8/site-packages/airflow/example_dags/tutorial.py for tasks to queue
[2024-03-12T12:01:40.887+0000] {logging_mixin.py:188} INFO - [2024-03-12T12:01:40.887+0000] {dagbag.py:540} INFO - Filling up the DagBag from /home/airflow/.local/lib/python3.8/site-packages/airflow/example_dags/tutorial.py
[2024-03-12T12:01:40.892+0000] {processor.py:840} INFO - DAG(s) 'tutorial' retrieved from /home/airflow/.local/lib/python3.8/site-packages/airflow/example_dags/tutorial.py
[2024-03-12T12:01:40.909+0000] {logging_mixin.py:188} INFO - [2024-03-12T12:01:40.908+0000] {dag.py:3047} INFO - Sync 1 DAGs
[2024-03-12T12:01:40.921+0000] {logging_mixin.py:188} INFO - [2024-03-12T12:01:40.921+0000] {dag.py:3834} INFO - Setting next_dagrun for tutorial to 2024-03-11 00:00:00+00:00, run_after=2024-03-12 00:00:00+00:00
[2024-03-12T12:01:40.931+0000] {processor.py:183} INFO - Processing /home/airflow/.local/lib/python3.8/site-packages/airflow/example_dags/tutorial.py took 0.050 seconds
[2024-03-12T12:02:11.538+0000] {processor.py:161} INFO - Started process (PID=2098) to work on /home/airflow/.local/lib/python3.8/site-packages/airflow/example_dags/tutorial.py
[2024-03-12T12:02:11.540+0000] {processor.py:830} INFO - Processing file /home/airflow/.local/lib/python3.8/site-packages/airflow/example_dags/tutorial.py for tasks to queue
[2024-03-12T12:02:11.541+0000] {logging_mixin.py:188} INFO - [2024-03-12T12:02:11.541+0000] {dagbag.py:540} INFO - Filling up the DagBag from /home/airflow/.local/lib/python3.8/site-packages/airflow/example_dags/tutorial.py
[2024-03-12T12:02:11.546+0000] {processor.py:840} INFO - DAG(s) 'tutorial' retrieved from /home/airflow/.local/lib/python3.8/site-packages/airflow/example_dags/tutorial.py
[2024-03-12T12:02:11.562+0000] {logging_mixin.py:188} INFO - [2024-03-12T12:02:11.561+0000] {dag.py:3047} INFO - Sync 1 DAGs
[2024-03-12T12:02:11.574+0000] {logging_mixin.py:188} INFO - [2024-03-12T12:02:11.574+0000] {dag.py:3834} INFO - Setting next_dagrun for tutorial to 2024-03-11 00:00:00+00:00, run_after=2024-03-12 00:00:00+00:00
[2024-03-12T12:02:11.584+0000] {processor.py:183} INFO - Processing /home/airflow/.local/lib/python3.8/site-packages/airflow/example_dags/tutorial.py took 0.049 seconds
[2024-03-12T12:02:42.404+0000] {processor.py:161} INFO - Started process (PID=2345) to work on /home/airflow/.local/lib/python3.8/site-packages/airflow/example_dags/tutorial.py
[2024-03-12T12:02:42.406+0000] {processor.py:830} INFO - Processing file /home/airflow/.local/lib/python3.8/site-packages/airflow/example_dags/tutorial.py for tasks to queue
[2024-03-12T12:02:42.407+0000] {logging_mixin.py:188} INFO - [2024-03-12T12:02:42.407+0000] {dagbag.py:540} INFO - Filling up the DagBag from /home/airflow/.local/lib/python3.8/site-packages/airflow/example_dags/tutorial.py
[2024-03-12T12:02:42.413+0000] {processor.py:840} INFO - DAG(s) 'tutorial' retrieved from /home/airflow/.local/lib/python3.8/site-packages/airflow/example_dags/tutorial.py
[2024-03-12T12:02:42.431+0000] {logging_mixin.py:188} INFO - [2024-03-12T12:02:42.431+0000] {dag.py:3047} INFO - Sync 1 DAGs
[2024-03-12T12:02:42.446+0000] {logging_mixin.py:188} INFO - [2024-03-12T12:02:42.446+0000] {dag.py:3834} INFO - Setting next_dagrun for tutorial to 2024-03-11 00:00:00+00:00, run_after=2024-03-12 00:00:00+00:00
[2024-03-12T12:02:42.459+0000] {processor.py:183} INFO - Processing /home/airflow/.local/lib/python3.8/site-packages/airflow/example_dags/tutorial.py took 0.058 seconds
[2024-03-12T12:03:14.625+0000] {processor.py:161} INFO - Started process (PID=2592) to work on /home/airflow/.local/lib/python3.8/site-packages/airflow/example_dags/tutorial.py
[2024-03-12T12:03:14.626+0000] {processor.py:830} INFO - Processing file /home/airflow/.local/lib/python3.8/site-packages/airflow/example_dags/tutorial.py for tasks to queue
[2024-03-12T12:03:14.627+0000] {logging_mixin.py:188} INFO - [2024-03-12T12:03:14.627+0000] {dagbag.py:540} INFO - Filling up the DagBag from /home/airflow/.local/lib/python3.8/site-packages/airflow/example_dags/tutorial.py
[2024-03-12T12:03:14.633+0000] {processor.py:840} INFO - DAG(s) 'tutorial' retrieved from /home/airflow/.local/lib/python3.8/site-packages/airflow/example_dags/tutorial.py
[2024-03-12T12:03:14.652+0000] {logging_mixin.py:188} INFO - [2024-03-12T12:03:14.651+0000] {dag.py:3047} INFO - Sync 1 DAGs
[2024-03-12T12:03:14.666+0000] {logging_mixin.py:188} INFO - [2024-03-12T12:03:14.666+0000] {dag.py:3834} INFO - Setting next_dagrun for tutorial to 2024-03-11 00:00:00+00:00, run_after=2024-03-12 00:00:00+00:00
[2024-03-12T12:03:14.678+0000] {processor.py:183} INFO - Processing /home/airflow/.local/lib/python3.8/site-packages/airflow/example_dags/tutorial.py took 0.057 seconds
[2024-03-12T12:03:45.720+0000] {processor.py:161} INFO - Started process (PID=2839) to work on /home/airflow/.local/lib/python3.8/site-packages/airflow/example_dags/tutorial.py
[2024-03-12T12:03:45.722+0000] {processor.py:830} INFO - Processing file /home/airflow/.local/lib/python3.8/site-packages/airflow/example_dags/tutorial.py for tasks to queue
[2024-03-12T12:03:45.723+0000] {logging_mixin.py:188} INFO - [2024-03-12T12:03:45.723+0000] {dagbag.py:540} INFO - Filling up the DagBag from /home/airflow/.local/lib/python3.8/site-packages/airflow/example_dags/tutorial.py
[2024-03-12T12:03:45.740+0000] {processor.py:840} INFO - DAG(s) 'tutorial' retrieved from /home/airflow/.local/lib/python3.8/site-packages/airflow/example_dags/tutorial.py
[2024-03-12T12:03:45.768+0000] {logging_mixin.py:188} INFO - [2024-03-12T12:03:45.768+0000] {dag.py:3047} INFO - Sync 1 DAGs
[2024-03-12T12:03:45.783+0000] {logging_mixin.py:188} INFO - [2024-03-12T12:03:45.783+0000] {dag.py:3834} INFO - Setting next_dagrun for tutorial to 2024-03-11 00:00:00+00:00, run_after=2024-03-12 00:00:00+00:00
[2024-03-12T12:03:45.797+0000] {processor.py:183} INFO - Processing /home/airflow/.local/lib/python3.8/site-packages/airflow/example_dags/tutorial.py took 0.081 seconds
[2024-03-12T12:04:17.660+0000] {processor.py:161} INFO - Started process (PID=3086) to work on /home/airflow/.local/lib/python3.8/site-packages/airflow/example_dags/tutorial.py
[2024-03-12T12:04:17.661+0000] {processor.py:830} INFO - Processing file /home/airflow/.local/lib/python3.8/site-packages/airflow/example_dags/tutorial.py for tasks to queue
[2024-03-12T12:04:17.663+0000] {logging_mixin.py:188} INFO - [2024-03-12T12:04:17.662+0000] {dagbag.py:540} INFO - Filling up the DagBag from /home/airflow/.local/lib/python3.8/site-packages/airflow/example_dags/tutorial.py
[2024-03-12T12:04:17.670+0000] {processor.py:840} INFO - DAG(s) 'tutorial' retrieved from /home/airflow/.local/lib/python3.8/site-packages/airflow/example_dags/tutorial.py
[2024-03-12T12:04:17.696+0000] {logging_mixin.py:188} INFO - [2024-03-12T12:04:17.695+0000] {dag.py:3047} INFO - Sync 1 DAGs
[2024-03-12T12:04:17.712+0000] {logging_mixin.py:188} INFO - [2024-03-12T12:04:17.712+0000] {dag.py:3834} INFO - Setting next_dagrun for tutorial to 2024-03-11 00:00:00+00:00, run_after=2024-03-12 00:00:00+00:00
[2024-03-12T12:04:17.732+0000] {processor.py:183} INFO - Processing /home/airflow/.local/lib/python3.8/site-packages/airflow/example_dags/tutorial.py took 0.076 seconds
[2024-03-12T12:04:48.071+0000] {processor.py:161} INFO - Started process (PID=3333) to work on /home/airflow/.local/lib/python3.8/site-packages/airflow/example_dags/tutorial.py
[2024-03-12T12:04:48.074+0000] {processor.py:830} INFO - Processing file /home/airflow/.local/lib/python3.8/site-packages/airflow/example_dags/tutorial.py for tasks to queue
[2024-03-12T12:04:48.077+0000] {logging_mixin.py:188} INFO - [2024-03-12T12:04:48.076+0000] {dagbag.py:540} INFO - Filling up the DagBag from /home/airflow/.local/lib/python3.8/site-packages/airflow/example_dags/tutorial.py
[2024-03-12T12:04:48.087+0000] {processor.py:840} INFO - DAG(s) 'tutorial' retrieved from /home/airflow/.local/lib/python3.8/site-packages/airflow/example_dags/tutorial.py
[2024-03-12T12:04:48.111+0000] {logging_mixin.py:188} INFO - [2024-03-12T12:04:48.111+0000] {dag.py:3047} INFO - Sync 1 DAGs
[2024-03-12T12:04:48.127+0000] {logging_mixin.py:188} INFO - [2024-03-12T12:04:48.127+0000] {dag.py:3834} INFO - Setting next_dagrun for tutorial to 2024-03-11 00:00:00+00:00, run_after=2024-03-12 00:00:00+00:00
[2024-03-12T12:04:48.139+0000] {processor.py:183} INFO - Processing /home/airflow/.local/lib/python3.8/site-packages/airflow/example_dags/tutorial.py took 0.073 seconds
[2024-03-12T12:05:18.313+0000] {processor.py:161} INFO - Started process (PID=3581) to work on /home/airflow/.local/lib/python3.8/site-packages/airflow/example_dags/tutorial.py
[2024-03-12T12:05:18.315+0000] {processor.py:830} INFO - Processing file /home/airflow/.local/lib/python3.8/site-packages/airflow/example_dags/tutorial.py for tasks to queue
[2024-03-12T12:05:18.316+0000] {logging_mixin.py:188} INFO - [2024-03-12T12:05:18.315+0000] {dagbag.py:540} INFO - Filling up the DagBag from /home/airflow/.local/lib/python3.8/site-packages/airflow/example_dags/tutorial.py
[2024-03-12T12:05:18.322+0000] {processor.py:840} INFO - DAG(s) 'tutorial' retrieved from /home/airflow/.local/lib/python3.8/site-packages/airflow/example_dags/tutorial.py
[2024-03-12T12:05:18.338+0000] {logging_mixin.py:188} INFO - [2024-03-12T12:05:18.338+0000] {dag.py:3047} INFO - Sync 1 DAGs
[2024-03-12T12:05:18.351+0000] {logging_mixin.py:188} INFO - [2024-03-12T12:05:18.350+0000] {dag.py:3834} INFO - Setting next_dagrun for tutorial to 2024-03-11 00:00:00+00:00, run_after=2024-03-12 00:00:00+00:00
[2024-03-12T12:05:18.361+0000] {processor.py:183} INFO - Processing /home/airflow/.local/lib/python3.8/site-packages/airflow/example_dags/tutorial.py took 0.050 seconds
[2024-03-12T12:05:49.815+0000] {processor.py:161} INFO - Started process (PID=3830) to work on /home/airflow/.local/lib/python3.8/site-packages/airflow/example_dags/tutorial.py
[2024-03-12T12:05:49.817+0000] {processor.py:830} INFO - Processing file /home/airflow/.local/lib/python3.8/site-packages/airflow/example_dags/tutorial.py for tasks to queue
[2024-03-12T12:05:49.818+0000] {logging_mixin.py:188} INFO - [2024-03-12T12:05:49.817+0000] {dagbag.py:540} INFO - Filling up the DagBag from /home/airflow/.local/lib/python3.8/site-packages/airflow/example_dags/tutorial.py
[2024-03-12T12:05:49.823+0000] {processor.py:840} INFO - DAG(s) 'tutorial' retrieved from /home/airflow/.local/lib/python3.8/site-packages/airflow/example_dags/tutorial.py
[2024-03-12T12:05:49.840+0000] {logging_mixin.py:188} INFO - [2024-03-12T12:05:49.840+0000] {dag.py:3047} INFO - Sync 1 DAGs
[2024-03-12T12:05:49.870+0000] {logging_mixin.py:188} INFO - [2024-03-12T12:05:49.870+0000] {dag.py:3834} INFO - Setting next_dagrun for tutorial to 2024-03-11 00:00:00+00:00, run_after=2024-03-12 00:00:00+00:00
[2024-03-12T12:05:49.886+0000] {processor.py:183} INFO - Processing /home/airflow/.local/lib/python3.8/site-packages/airflow/example_dags/tutorial.py took 0.074 seconds
[2024-03-12T12:06:20.401+0000] {processor.py:161} INFO - Started process (PID=4075) to work on /home/airflow/.local/lib/python3.8/site-packages/airflow/example_dags/tutorial.py
[2024-03-12T12:06:20.402+0000] {processor.py:830} INFO - Processing file /home/airflow/.local/lib/python3.8/site-packages/airflow/example_dags/tutorial.py for tasks to queue
[2024-03-12T12:06:20.403+0000] {logging_mixin.py:188} INFO - [2024-03-12T12:06:20.403+0000] {dagbag.py:540} INFO - Filling up the DagBag from /home/airflow/.local/lib/python3.8/site-packages/airflow/example_dags/tutorial.py
[2024-03-12T12:06:20.412+0000] {processor.py:840} INFO - DAG(s) 'tutorial' retrieved from /home/airflow/.local/lib/python3.8/site-packages/airflow/example_dags/tutorial.py
[2024-03-12T12:06:20.430+0000] {logging_mixin.py:188} INFO - [2024-03-12T12:06:20.429+0000] {dag.py:3047} INFO - Sync 1 DAGs
[2024-03-12T12:06:20.442+0000] {logging_mixin.py:188} INFO - [2024-03-12T12:06:20.442+0000] {dag.py:3834} INFO - Setting next_dagrun for tutorial to 2024-03-11 00:00:00+00:00, run_after=2024-03-12 00:00:00+00:00
[2024-03-12T12:06:20.454+0000] {processor.py:183} INFO - Processing /home/airflow/.local/lib/python3.8/site-packages/airflow/example_dags/tutorial.py took 0.057 seconds
[2024-03-12T12:06:51.643+0000] {processor.py:161} INFO - Started process (PID=4322) to work on /home/airflow/.local/lib/python3.8/site-packages/airflow/example_dags/tutorial.py
[2024-03-12T12:06:51.644+0000] {processor.py:830} INFO - Processing file /home/airflow/.local/lib/python3.8/site-packages/airflow/example_dags/tutorial.py for tasks to queue
[2024-03-12T12:06:51.645+0000] {logging_mixin.py:188} INFO - [2024-03-12T12:06:51.645+0000] {dagbag.py:540} INFO - Filling up the DagBag from /home/airflow/.local/lib/python3.8/site-packages/airflow/example_dags/tutorial.py
[2024-03-12T12:06:51.651+0000] {processor.py:840} INFO - DAG(s) 'tutorial' retrieved from /home/airflow/.local/lib/python3.8/site-packages/airflow/example_dags/tutorial.py
[2024-03-12T12:06:51.669+0000] {logging_mixin.py:188} INFO - [2024-03-12T12:06:51.669+0000] {dag.py:3047} INFO - Sync 1 DAGs
[2024-03-12T12:06:51.683+0000] {logging_mixin.py:188} INFO - [2024-03-12T12:06:51.683+0000] {dag.py:3834} INFO - Setting next_dagrun for tutorial to 2024-03-11 00:00:00+00:00, run_after=2024-03-12 00:00:00+00:00
[2024-03-12T12:06:51.694+0000] {processor.py:183} INFO - Processing /home/airflow/.local/lib/python3.8/site-packages/airflow/example_dags/tutorial.py took 0.054 seconds
[2024-03-12T12:07:22.117+0000] {processor.py:161} INFO - Started process (PID=4569) to work on /home/airflow/.local/lib/python3.8/site-packages/airflow/example_dags/tutorial.py
[2024-03-12T12:07:22.119+0000] {processor.py:830} INFO - Processing file /home/airflow/.local/lib/python3.8/site-packages/airflow/example_dags/tutorial.py for tasks to queue
[2024-03-12T12:07:22.120+0000] {logging_mixin.py:188} INFO - [2024-03-12T12:07:22.119+0000] {dagbag.py:540} INFO - Filling up the DagBag from /home/airflow/.local/lib/python3.8/site-packages/airflow/example_dags/tutorial.py
[2024-03-12T12:07:22.125+0000] {processor.py:840} INFO - DAG(s) 'tutorial' retrieved from /home/airflow/.local/lib/python3.8/site-packages/airflow/example_dags/tutorial.py
[2024-03-12T12:07:22.141+0000] {logging_mixin.py:188} INFO - [2024-03-12T12:07:22.141+0000] {dag.py:3047} INFO - Sync 1 DAGs
[2024-03-12T12:07:22.153+0000] {logging_mixin.py:188} INFO - [2024-03-12T12:07:22.153+0000] {dag.py:3834} INFO - Setting next_dagrun for tutorial to 2024-03-11 00:00:00+00:00, run_after=2024-03-12 00:00:00+00:00
[2024-03-12T12:07:22.163+0000] {processor.py:183} INFO - Processing /home/airflow/.local/lib/python3.8/site-packages/airflow/example_dags/tutorial.py took 0.048 seconds
[2024-03-12T12:07:52.597+0000] {processor.py:161} INFO - Started process (PID=4816) to work on /home/airflow/.local/lib/python3.8/site-packages/airflow/example_dags/tutorial.py
[2024-03-12T12:07:52.599+0000] {processor.py:830} INFO - Processing file /home/airflow/.local/lib/python3.8/site-packages/airflow/example_dags/tutorial.py for tasks to queue
[2024-03-12T12:07:52.600+0000] {logging_mixin.py:188} INFO - [2024-03-12T12:07:52.599+0000] {dagbag.py:540} INFO - Filling up the DagBag from /home/airflow/.local/lib/python3.8/site-packages/airflow/example_dags/tutorial.py
[2024-03-12T12:07:52.605+0000] {processor.py:840} INFO - DAG(s) 'tutorial' retrieved from /home/airflow/.local/lib/python3.8/site-packages/airflow/example_dags/tutorial.py
[2024-03-12T12:07:52.621+0000] {logging_mixin.py:188} INFO - [2024-03-12T12:07:52.621+0000] {dag.py:3047} INFO - Sync 1 DAGs
[2024-03-12T12:07:52.634+0000] {logging_mixin.py:188} INFO - [2024-03-12T12:07:52.633+0000] {dag.py:3834} INFO - Setting next_dagrun for tutorial to 2024-03-11 00:00:00+00:00, run_after=2024-03-12 00:00:00+00:00
[2024-03-12T12:07:52.644+0000] {processor.py:183} INFO - Processing /home/airflow/.local/lib/python3.8/site-packages/airflow/example_dags/tutorial.py took 0.049 seconds
[2024-03-12T12:08:22.962+0000] {processor.py:161} INFO - Started process (PID=5063) to work on /home/airflow/.local/lib/python3.8/site-packages/airflow/example_dags/tutorial.py
[2024-03-12T12:08:22.964+0000] {processor.py:830} INFO - Processing file /home/airflow/.local/lib/python3.8/site-packages/airflow/example_dags/tutorial.py for tasks to queue
[2024-03-12T12:08:22.965+0000] {logging_mixin.py:188} INFO - [2024-03-12T12:08:22.964+0000] {dagbag.py:540} INFO - Filling up the DagBag from /home/airflow/.local/lib/python3.8/site-packages/airflow/example_dags/tutorial.py
[2024-03-12T12:08:22.970+0000] {processor.py:840} INFO - DAG(s) 'tutorial' retrieved from /home/airflow/.local/lib/python3.8/site-packages/airflow/example_dags/tutorial.py
[2024-03-12T12:08:22.985+0000] {logging_mixin.py:188} INFO - [2024-03-12T12:08:22.985+0000] {dag.py:3047} INFO - Sync 1 DAGs
[2024-03-12T12:08:22.997+0000] {logging_mixin.py:188} INFO - [2024-03-12T12:08:22.997+0000] {dag.py:3834} INFO - Setting next_dagrun for tutorial to 2024-03-11 00:00:00+00:00, run_after=2024-03-12 00:00:00+00:00
[2024-03-12T12:08:23.008+0000] {processor.py:183} INFO - Processing /home/airflow/.local/lib/python3.8/site-packages/airflow/example_dags/tutorial.py took 0.049 seconds
[2024-03-12T12:08:53.751+0000] {processor.py:161} INFO - Started process (PID=5310) to work on /home/airflow/.local/lib/python3.8/site-packages/airflow/example_dags/tutorial.py
[2024-03-12T12:08:53.752+0000] {processor.py:830} INFO - Processing file /home/airflow/.local/lib/python3.8/site-packages/airflow/example_dags/tutorial.py for tasks to queue
[2024-03-12T12:08:53.754+0000] {logging_mixin.py:188} INFO - [2024-03-12T12:08:53.753+0000] {dagbag.py:540} INFO - Filling up the DagBag from /home/airflow/.local/lib/python3.8/site-packages/airflow/example_dags/tutorial.py
[2024-03-12T12:08:53.759+0000] {processor.py:840} INFO - DAG(s) 'tutorial' retrieved from /home/airflow/.local/lib/python3.8/site-packages/airflow/example_dags/tutorial.py
[2024-03-12T12:08:53.776+0000] {logging_mixin.py:188} INFO - [2024-03-12T12:08:53.776+0000] {dag.py:3047} INFO - Sync 1 DAGs
[2024-03-12T12:08:53.791+0000] {logging_mixin.py:188} INFO - [2024-03-12T12:08:53.791+0000] {dag.py:3834} INFO - Setting next_dagrun for tutorial to 2024-03-11 00:00:00+00:00, run_after=2024-03-12 00:00:00+00:00
[2024-03-12T12:08:53.803+0000] {processor.py:183} INFO - Processing /home/airflow/.local/lib/python3.8/site-packages/airflow/example_dags/tutorial.py took 0.056 seconds
[2024-03-12T12:09:24.230+0000] {processor.py:161} INFO - Started process (PID=5557) to work on /home/airflow/.local/lib/python3.8/site-packages/airflow/example_dags/tutorial.py
[2024-03-12T12:09:24.232+0000] {processor.py:830} INFO - Processing file /home/airflow/.local/lib/python3.8/site-packages/airflow/example_dags/tutorial.py for tasks to queue
[2024-03-12T12:09:24.233+0000] {logging_mixin.py:188} INFO - [2024-03-12T12:09:24.233+0000] {dagbag.py:540} INFO - Filling up the DagBag from /home/airflow/.local/lib/python3.8/site-packages/airflow/example_dags/tutorial.py
[2024-03-12T12:09:24.238+0000] {processor.py:840} INFO - DAG(s) 'tutorial' retrieved from /home/airflow/.local/lib/python3.8/site-packages/airflow/example_dags/tutorial.py
[2024-03-12T12:09:24.255+0000] {logging_mixin.py:188} INFO - [2024-03-12T12:09:24.255+0000] {dag.py:3047} INFO - Sync 1 DAGs
[2024-03-12T12:09:24.267+0000] {logging_mixin.py:188} INFO - [2024-03-12T12:09:24.267+0000] {dag.py:3834} INFO - Setting next_dagrun for tutorial to 2024-03-11 00:00:00+00:00, run_after=2024-03-12 00:00:00+00:00
[2024-03-12T12:09:24.277+0000] {processor.py:183} INFO - Processing /home/airflow/.local/lib/python3.8/site-packages/airflow/example_dags/tutorial.py took 0.050 seconds
[2024-03-12T12:09:54.990+0000] {processor.py:161} INFO - Started process (PID=5804) to work on /home/airflow/.local/lib/python3.8/site-packages/airflow/example_dags/tutorial.py
[2024-03-12T12:09:54.991+0000] {processor.py:830} INFO - Processing file /home/airflow/.local/lib/python3.8/site-packages/airflow/example_dags/tutorial.py for tasks to queue
[2024-03-12T12:09:54.993+0000] {logging_mixin.py:188} INFO - [2024-03-12T12:09:54.992+0000] {dagbag.py:540} INFO - Filling up the DagBag from /home/airflow/.local/lib/python3.8/site-packages/airflow/example_dags/tutorial.py
[2024-03-12T12:09:55.000+0000] {processor.py:840} INFO - DAG(s) 'tutorial' retrieved from /home/airflow/.local/lib/python3.8/site-packages/airflow/example_dags/tutorial.py
[2024-03-12T12:09:55.024+0000] {logging_mixin.py:188} INFO - [2024-03-12T12:09:55.023+0000] {dag.py:3047} INFO - Sync 1 DAGs
[2024-03-12T12:09:55.053+0000] {logging_mixin.py:188} INFO - [2024-03-12T12:09:55.052+0000] {dag.py:3834} INFO - Setting next_dagrun for tutorial to 2024-03-11 00:00:00+00:00, run_after=2024-03-12 00:00:00+00:00
[2024-03-12T12:09:55.066+0000] {processor.py:183} INFO - Processing /home/airflow/.local/lib/python3.8/site-packages/airflow/example_dags/tutorial.py took 0.080 seconds
[2024-03-12T12:10:25.784+0000] {processor.py:161} INFO - Started process (PID=6051) to work on /home/airflow/.local/lib/python3.8/site-packages/airflow/example_dags/tutorial.py
[2024-03-12T12:10:25.788+0000] {processor.py:830} INFO - Processing file /home/airflow/.local/lib/python3.8/site-packages/airflow/example_dags/tutorial.py for tasks to queue
[2024-03-12T12:10:25.791+0000] {logging_mixin.py:188} INFO - [2024-03-12T12:10:25.791+0000] {dagbag.py:540} INFO - Filling up the DagBag from /home/airflow/.local/lib/python3.8/site-packages/airflow/example_dags/tutorial.py
[2024-03-12T12:10:25.801+0000] {processor.py:840} INFO - DAG(s) 'tutorial' retrieved from /home/airflow/.local/lib/python3.8/site-packages/airflow/example_dags/tutorial.py
[2024-03-12T12:10:25.823+0000] {logging_mixin.py:188} INFO - [2024-03-12T12:10:25.823+0000] {dag.py:3047} INFO - Sync 1 DAGs
[2024-03-12T12:10:25.846+0000] {logging_mixin.py:188} INFO - [2024-03-12T12:10:25.846+0000] {dag.py:3834} INFO - Setting next_dagrun for tutorial to 2024-03-11 00:00:00+00:00, run_after=2024-03-12 00:00:00+00:00
[2024-03-12T12:10:25.863+0000] {processor.py:183} INFO - Processing /home/airflow/.local/lib/python3.8/site-packages/airflow/example_dags/tutorial.py took 0.084 seconds
